iConf CONFORMER     FL  occ    crg   Em0  pKa0 ne nH    vdw0    vdw1    tors    epol   dsolv   extra    history
00001 LYS01A0116_001 f 0.00  0.000     0  0.00  0  0 -11.980   0.742   3.590  -0.007  -0.209   0.000 01O000M000t
00002 LYS01A0116_002 f 0.00  0.000     0  0.00  0  0  -9.854   1.292   1.770  -0.009  -0.212   0.000 01E02DM000t
00003 LYS01A0116_003 f 0.00  0.000     0  0.00  0  0  -9.968   2.021   2.838  -0.022  -0.205   0.000 01E05BM000t
00004 LYS01A0116_004 f 0.00  0.000     0  0.00  0  0 -12.365   2.596   3.684  -0.006  -0.204   0.000 01E0B5M000t
00005 LYS01A0116_005 f 0.00  0.000     0  0.00  0  0  -9.301   1.461   2.033  -0.009  -0.192   0.000 01E0EAM000t
00006 LYS01A0116_006 f 0.00  0.000     0  0.00  0  0 -12.216   0.301   3.391  -0.006  -0.219   0.000 01E109M000t
00007 LYS01A0116_007 f 0.00  0.000     0  0.00  0  0  -9.258   1.676   2.804   0.004  -0.186   0.000 01E120M000t
00008 LYS01A0116_008 f 0.00  0.000     0  0.00  0  0 -11.574   0.029   3.532  -0.030  -0.195   0.000 01E1F3M000t
00009 LYS01A0116_009 f 0.00  0.000     0  0.00  0  0 -10.076   0.262   3.525  -0.006  -0.211   0.000 01E1F6M000t
00010 LYS01A0116_010 f 0.00  0.000     0  0.00  0  0 -10.499   2.002   2.654  -0.006  -0.203   0.000 01E214M000t
00011 LYS01A0116_011 f 0.00  0.000     0  0.00  0  0 -12.218  -0.205   3.224  -0.006  -0.213   0.000 01T052M000t
00012 LYS01A0116_012 f 0.00  0.000     0  0.00  0  0 -12.975   3.249   2.071  -0.007  -0.214   0.000 01T05CM000t
00013 LYS01A0116_013 f 0.00  0.000     0  0.00  0  0 -12.056   0.555   1.723  -0.004  -0.198   0.000 01T0CAM000t
00014 LYS01A0116_014 f 0.00  0.000     0  0.00  0  0 -11.612   0.604   2.790  -0.004  -0.212   0.000 01T0CFM000t
00015 LYS01A0116_015 f 0.00  0.000     0  0.00  0  0 -11.460   0.487   2.944  -0.013  -0.214   0.000 01T0D2M000t
00016 LYS01A0116_016 f 0.00  0.000     0  0.00  0  0 -12.138   1.466   2.949  -0.013  -0.199   0.000 01T0E7M000t
00017 LYS01A0116_017 f 0.00  0.000     0  0.00  0  0 -11.252   0.704   2.767  -0.009  -0.191   0.000 01T141M000t
00018 LYS01A0116_018 f 0.00  0.000     0  0.00  0  0 -11.678   5.769   3.259  -0.013  -0.193   0.000 01T174M000t
00019 LYS01A0116_019 f 0.00  0.000     0  0.00  0  0 -11.076   0.501   3.687  -0.005  -0.204   0.000 01T1BEM000t
00020 LYS01A0116_020 f 0.00  0.000     0  0.00  0  0  -9.917   2.383   3.056  -0.010  -0.200   0.000 01T224M000t
00021 LYS+1A0116_021 f 0.00  1.000     0 10.40  0  1 -12.025   0.741   3.590   0.048  -3.119   0.000 +1O000M000t
00022 LYS+1A0116_022 f 0.00  1.000     0 10.40  0  1 -10.028   2.217   2.870  -0.039  -3.046   0.000 +1E05BM000t
00023 LYS+1A0116_023 f 0.00  1.000     0 10.40  0  1 -12.126   0.563   1.761   0.060  -3.081   0.000 +1E0CAM000t
00024 LYS+1A0116_024 f 0.00  1.000     0 10.40  0  1 -11.838   0.600   2.861   0.058  -3.075   0.000 +1E0CFM000t
00025 LYS+1A0116_025 f 0.00  1.000     0 10.40  0  1 -11.568   0.505   3.060   0.050  -3.062   0.000 +1E0D2M000t
00026 LYS+1A0116_026 f 0.00  1.000     0 10.40  0  1 -12.068   1.470   2.996   0.022  -3.057   0.000 +1E0E7M000t
00027 LYS+1A0116_027 f 0.00  1.000     0 10.40  0  1  -9.501   1.468   2.051   0.065  -3.021   0.000 +1E0EAM000t
00028 LYS+1A0116_028 f 0.00  1.000     0 10.40  0  1  -9.052   1.698   2.877   0.087  -3.032   0.000 +1E120M000t
00029 LYS+1A0116_029 f 0.00  1.000     0 10.40  0  1 -11.896   5.800   3.344   0.001  -3.062   0.000 +1E174M000t
00030 LYS+1A0116_030 f 0.00  1.000     0 10.40  0  1 -11.727   0.019   3.551   0.123  -3.031   0.000 +1E1F3M000t
00031 LYS+1A0116_031 f 0.00  1.000     0 10.40  0  1  -9.832   0.259   3.597   0.077  -3.105   0.000 +1E1F6M000t
00032 LYS+1A0116_032 f 0.00  1.000     0 10.40  0  1 -10.453   2.004   2.725   0.062  -3.003   0.000 +1E214M000t
00033 LYS+1A0116_033 f 0.00  1.000     0 10.40  0  1  -9.633   2.378   3.155   0.064  -3.081   0.000 +1E224M000t
00034 LYS+1A0116_034 f 0.00  1.000     0 10.40  0  1  -9.754   1.300   1.800   0.053  -3.095   0.000 +1T02DM000t
00035 LYS+1A0116_035 f 0.00  1.000     0 10.40  0  1 -12.258  -0.210   3.262   0.057  -3.105   0.000 +1T052M000t
00036 LYS+1A0116_036 f 0.00  1.000     0 10.40  0  1 -13.034   3.262   2.093   0.024  -3.111   0.000 +1T05CM000t
00037 LYS+1A0116_037 f 0.00  1.000     0 10.40  0  1 -12.338   2.518   3.749   0.100  -3.073   0.000 +1T0B5M000t
00038 LYS+1A0116_038 f 0.00  1.000     0 10.40  0  1 -12.434   0.309   3.577   0.038  -3.102   0.000 +1T109M000t
00039 LYS+1A0116_039 f 0.00  1.000     0 10.40  0  1 -11.199   0.728   2.849   0.070  -3.040   0.000 +1T141M000t
00040 LYS+1A0116_040 f 0.00  1.000     0 10.40  0  1 -11.324   0.495   3.702   0.024  -3.107   0.000 +1T1BEM000t
