CONFORMER         crg  vdw0  vdw1  tors  epol  self   occ  Hb     history    ASA
LYS01A0116_001  0.000-11.98  0.69  3.59  0.00 -7.70 0.501  00  01O000M000  1.000
LYS01A0116_002  0.000 -9.85  1.25  1.77  0.00 -6.83 0.501  00  01E02DM000  1.000
LYS01A0116_003  0.000 -9.97  2.02  2.84  0.00 -5.11 0.501  00  01E05BM000  1.000
LYS01A0116_004  0.000-12.37  2.59  3.69  0.00 -6.09 0.501  00  01E0B5M000  1.000
LYS01A0116_005  0.000 -9.31  1.41  2.03  0.00 -5.86 0.501  00  01E0EAM000  1.000
LYS01A0116_006  0.000-12.21  0.25  3.39  0.00 -8.57 0.501  00  01E109M000  1.000
LYS01A0116_007  0.000 -9.26  1.63  2.81  0.00 -4.82 0.501  00  01E120M000  1.000
LYS01A0116_008  0.000-11.57  0.03  3.53  0.00 -8.02 0.501  00  01E1F3M000  1.000
LYS01A0116_009  0.000-10.08  0.26  3.52  0.00 -6.29 0.500  00  01E1F6M000  1.000
LYS01A0116_010  0.000-10.50  2.00  2.65  0.00 -5.85 0.501  00  01E214M000  1.000
LYS01A0116_011  0.000-12.22 -0.21  3.22  0.00 -9.20 0.501  00  01T052M000  1.000
LYS01A0116_012  0.000-12.92  3.25  2.07  0.00 -7.60 0.501  00  01T05CM000  1.000
LYS01A0116_013  0.000-12.06  0.51  1.72  0.00 -9.83 0.501  00  01T0CAM000  1.000
LYS01A0116_014  0.000-11.61  0.55  2.78  0.00 -8.28 0.501  00  01T0CFM000  1.000
LYS01A0116_015  0.000-11.46  0.44  2.94  0.00 -8.08 0.501  00  01T0D2M000  1.000
LYS01A0116_016  0.000-12.14  1.41  2.95  0.00 -7.78 0.501  00  01T0E7M000  1.000
LYS01A0116_017  0.000-11.32  0.70  2.77  0.00 -7.85 0.501  00  01T141M000  1.000
LYS01A0116_018  0.000-11.68  5.77  3.26  0.00 -2.64 0.501  00  01T174M000  1.000
LYS01A0116_019  0.000-11.08  0.50  3.68  0.00 -6.89 0.501  00  01T1BEM000  1.000
LYS01A0116_020  0.000 -9.91  2.38  3.06  0.00 -4.48 0.501  00  01T224M000  1.000
LYS+1A0116_021  1.000-12.03  0.69  3.59  0.00 -7.74 0.501  00  +1O000M000  1.000
LYS+1A0116_022  1.000-10.02  2.22  2.87  0.00 -4.94 0.501  00  +1E05BM000  1.000
LYS+1A0116_023  1.000-12.16  0.51  1.76  0.00 -9.89 0.501  00  +1E0CAM000  1.000
LYS+1A0116_024  1.000-11.84  0.55  2.86  0.00 -8.42 0.501  00  +1E0CFM000  1.000
LYS+1A0116_025  1.000-11.57  0.46  3.06  0.00 -8.06 0.501  00  +1E0D2M000  1.000
LYS+1A0116_026  1.000-12.06  1.42  3.00  0.00 -7.65 0.501  00  +1E0E7M000  1.000
LYS+1A0116_027  1.000 -9.50  1.42  2.05  0.00 -6.04 0.501  00  +1E0EAM000  1.000
LYS+1A0116_028  1.000 -9.04  1.64  2.88  0.00 -4.52 0.501  00  +1E120M000  1.000
LYS+1A0116_029  1.000-11.90  5.80  3.35  0.00 -2.74 0.501  00  +1E174M000  1.000
LYS+1A0116_030  1.000-11.73  0.02  3.55  0.00 -8.16 0.501  00  +1E1F3M000  1.000
LYS+1A0116_031  1.000 -9.91  0.26  3.59  0.00 -6.05 0.500  00  +1E1F6M000  1.000
LYS+1A0116_032  1.000-10.46  2.01  2.72  0.00 -5.73 0.501  00  +1E214M000  1.000
LYS+1A0116_033  1.000 -9.63  2.37  3.16  0.00 -4.10 0.501  00  +1E224M000  1.000
LYS+1A0116_034  1.000 -9.76  1.25  1.80  0.00 -6.71 0.501  00  +1T02DM000  1.000
LYS+1A0116_035  1.000-12.26 -0.21  3.26  0.00 -9.21 0.501  00  +1T052M000  1.000
LYS+1A0116_036  1.000-13.03  3.26  2.09  0.00 -7.68 0.501  00  +1T05CM000  1.000
LYS+1A0116_037  1.000-12.34  2.52  3.75  0.00 -6.07 0.501  00  +1T0B5M000  1.000
LYS+1A0116_038  1.000-12.43  0.26  3.58  0.00 -8.60 0.501  00  +1T109M000  1.000
LYS+1A0116_039  1.000-11.20  0.73  2.85  0.00 -7.62 0.501  00  +1T141M000  1.000
LYS+1A0116_040  1.000-11.32  0.50  3.70  0.00 -7.12 0.501  00  +1T1BEM000  1.000
