   confID        vdw0    sas     sum
LYS01A0116_001   0.985 -12.965 -11.980
LYS01A0116_002   3.259 -13.113  -9.854
LYS01A0116_003   2.464 -12.432  -9.968
LYS01A0116_004   0.754 -13.120 -12.365
LYS01A0116_005   2.691 -11.991  -9.301
LYS01A0116_006   0.745 -12.961 -12.216
LYS01A0116_007   3.454 -12.712  -9.258
LYS01A0116_008   1.077 -12.651 -11.574
LYS01A0116_009   2.953 -13.029 -10.076
LYS01A0116_010   2.039 -12.539 -10.499
LYS01A0116_011   0.709 -12.926 -12.218
LYS01A0116_012   0.261 -13.235 -12.975
LYS01A0116_013   0.504 -12.560 -12.056
LYS01A0116_014   0.948 -12.560 -11.612
LYS01A0116_015   0.905 -12.364 -11.460
LYS01A0116_016   0.596 -12.734 -12.138
LYS01A0116_017   1.512 -12.763 -11.252
LYS01A0116_018   0.767 -12.445 -11.678
LYS01A0116_019   1.634 -12.711 -11.076
LYS01A0116_020   2.663 -12.580  -9.917
LYS+1A0116_021   0.940 -12.965 -12.025
LYS+1A0116_022   2.456 -12.483 -10.028
LYS+1A0116_023   0.435 -12.560 -12.126
LYS+1A0116_024   0.889 -12.727 -11.838
LYS+1A0116_025   0.826 -12.393 -11.568
LYS+1A0116_026   0.522 -12.589 -12.068
LYS+1A0116_027   2.554 -12.055  -9.501
LYS+1A0116_028   3.608 -12.660  -9.052
LYS+1A0116_029   0.690 -12.586 -11.896
LYS+1A0116_030   1.027 -12.754 -11.727
LYS+1A0116_031   3.036 -12.868  -9.832
LYS+1A0116_032   2.021 -12.474 -10.453
LYS+1A0116_033   2.817 -12.451  -9.633
LYS+1A0116_034   3.282 -13.036  -9.754
LYS+1A0116_035   0.668 -12.926 -12.258
LYS+1A0116_036   0.217 -13.252 -13.034
LYS+1A0116_037   0.714 -13.052 -12.338
LYS+1A0116_038   0.740 -13.174 -12.434
LYS+1A0116_039   1.480 -12.680 -11.199
LYS+1A0116_040   1.589 -12.913 -11.324
