CONFORMER         crg  vdw0  vdw1  tors  epol  self   occ  Hb     history    ASA
LYS01A0063_001  0.000-11.33  1.60  1.10  0.00 -8.63 0.502  00  01O000M000  1.000
LYS01A0063_002  0.000-11.05  1.43  1.12  0.00 -8.50 0.501  00  01E007M000  1.000
LYS01A0063_003  0.000-11.14  0.21  1.56  0.00 -9.37 0.501  00  01E0A9M000  1.000
LYS01A0063_004  0.000 -8.94  1.78  3.17  0.00 -3.99 0.501  00  01E0DCM000  1.000
LYS01A0063_005  0.000-10.91  0.97  6.34  0.00 -3.59 0.501  00  01E101M000  1.000
LYS01A0063_006  0.000 -9.62  1.11  4.27  0.00 -4.24 0.502  00  01E107M000  1.000
LYS01A0063_007  0.000-10.22  1.04  6.05  0.00 -3.14 0.502  00  01E108M000  1.000
LYS01A0063_008  0.000-11.43  5.02  3.74  0.00 -2.67 0.501  00  01T005M000  1.000
LYS01A0063_009  0.000 -8.11  0.55  2.10  0.00 -5.46 0.501  00  01T03AM000  1.000
LYS01A0063_010  0.000-11.90  0.94  3.73  0.00 -7.22 0.502  00  01T045M000  1.000
LYS01A0063_011  0.000-11.63  3.45  0.78  0.00 -7.40 0.501  00  01T07AM000  1.000
LYS01A0063_012  0.000 -8.67  1.55  1.03  0.00 -6.09 0.501  00  01T093M000  1.000
LYS01A0063_013  0.000 -8.20  1.25  3.27  0.00 -3.68 0.502  00  01T094M000  1.000
LYS01A0063_014  0.000 -9.42  0.64  4.35  0.00 -4.43 0.501  00  01T0A7M000  1.000
LYS01A0063_015  0.000 -8.94  0.81  1.55  0.00 -6.58 0.501  00  01T0BEM000  1.000
LYS01A0063_016  0.000 -9.84  0.85  3.26  0.00 -5.73 0.501  00  01T0BFM000  1.000
LYS01A0063_017  0.000-10.57  5.22  4.38  0.00 -0.98 0.501  00  01T0CAM000  1.000
LYS01A0063_018  0.000 -8.53  0.85  1.98  0.00 -5.69 0.502  00  01T0E4M000  1.000
LYS01A0063_019  0.000 -6.99  0.78  1.98  0.00 -4.22 0.502  00  01T0E6M000  1.000
LYS01A0063_020  0.000-11.14  5.31  1.75  0.00 -4.07 0.501  00  01T140M000  1.000
LYS+1A0063_021  1.000-11.41  1.60  1.10  0.00 -8.70 0.502  00  +1O000M000  1.000
LYS+1A0063_022  1.000-11.15  1.40  1.13  0.00 -8.62 0.501  00  +1E007M000  1.000
LYS+1A0063_023  1.000 -8.68  1.58  1.05  0.00 -6.05 0.501  00  +1E093M000  1.000
LYS+1A0063_024  1.000 -9.39  0.63  4.36  0.00 -4.40 0.501  00  +1E0A7M000  1.000
LYS+1A0063_025  1.000 -9.01  0.81  1.55  0.00 -6.65 0.501  00  +1E0BEM000  1.000
LYS+1A0063_026  1.000 -8.98  1.78  3.24  0.00 -3.95 0.501  00  +1E0DCM000  1.000
LYS+1A0063_027  1.000 -8.55  0.87  2.00  0.00 -5.68 0.502  00  +1E0E4M000  1.000
LYS+1A0063_028  1.000 -7.08  0.80  1.99  0.00 -4.29 0.502  00  +1E0E6M000  1.000
LYS+1A0063_029  1.000 -9.73  1.11  4.28  0.00 -4.34 0.502  00  +1E107M000  1.000
LYS+1A0063_030  1.000-11.13  5.48  1.75  0.00 -3.90 0.501  00  +1E140M000  1.000
LYS+1A0063_031  1.000-11.60  5.01  3.75  0.00 -2.83 0.501  00  +1T005M000  1.000
LYS+1A0063_032  1.000 -8.11  0.55  2.11  0.00 -5.45 0.501  00  +1T03AM000  1.000
LYS+1A0063_033  1.000-11.93  0.95  3.74  0.00 -7.25 0.502  00  +1T045M000  1.000
LYS+1A0063_034  1.000-11.60  3.50  0.79  0.00 -7.32 0.501  00  +1T07AM000  1.000
LYS+1A0063_035  1.000 -8.34  1.25  3.32  0.00 -3.78 0.502  00  +1T094M000  1.000
LYS+1A0063_036  1.000-11.09  0.21  1.57  0.00 -9.31 0.501  00  +1T0A9M000  1.000
LYS+1A0063_037  1.000 -9.90  0.84  3.31  0.00 -5.76 0.501  00  +1T0BFM000  1.000
LYS+1A0063_038  1.000-10.66  5.20  4.39  0.00 -1.07 0.501  00  +1T0CAM000  1.000
LYS+1A0063_039  1.000-10.85  0.96  6.41  0.00 -3.48 0.501  00  +1T101M000  1.000
LYS+1A0063_040  1.000-10.31  1.03  6.06  0.00 -3.21 0.502  00  +1T108M000  1.000
