iConf CONFORMER     FL  occ    crg   Em0  pKa0 ne nH    vdw0    vdw1    tors    epol   dsolv   extra    history
00001 LYS01A0063_001 f 0.00  0.000     0  0.00  0  0 -11.333   1.608   1.104  -0.012  -0.887   0.000 01O000M000t
00002 LYS01A0063_002 f 0.00  0.000     0  0.00  0  0 -11.050   1.427   1.123  -0.030  -0.995   0.000 01E007M000t
00003 LYS01A0063_003 f 0.00  0.000     0  0.00  0  0 -11.145   0.211   1.564  -0.008  -0.940   0.000 01E0A9M000t
00004 LYS01A0063_004 f 0.00  0.000     0  0.00  0  0  -8.946   1.777   3.176  -0.021  -0.956   0.000 01E0DCM000t
00005 LYS01A0063_005 f 0.00  0.000     0  0.00  0  0 -10.910   0.967   6.342  -0.010  -0.977   0.000 01E101M000t
00006 LYS01A0063_006 f 0.00  0.000     0  0.00  0  0  -9.610   1.106   4.266  -0.020  -0.923   0.000 01E107M000t
00007 LYS01A0063_007 f 0.00  0.000     0  0.00  0  0 -10.213   1.033   6.048  -0.026  -1.050   0.000 01E108M000t
00008 LYS01A0063_008 f 0.00  0.000     0  0.00  0  0 -11.426   5.011   3.737  -0.025  -0.933   0.000 01T005M000t
00009 LYS01A0063_009 f 0.00  0.000     0  0.00  0  0  -8.102   0.555   2.101  -0.015  -0.881   0.000 01T03AM000t
00010 LYS01A0063_010 f 0.00  0.000     0  0.00  0  0 -11.891   0.941   3.732  -0.005  -0.937   0.000 01T045M000t
00011 LYS01A0063_011 f 0.00  0.000     0  0.00  0  0 -11.636   3.447   0.782  -0.021  -0.908   0.000 01T07AM000t
00012 LYS01A0063_012 f 0.00  0.000     0  0.00  0  0  -8.663   1.544   1.031  -0.019  -0.990   0.000 01T093M000t
00013 LYS01A0063_013 f 0.00  0.000     0  0.00  0  0  -8.204   1.250   3.271  -0.024  -1.043   0.000 01T094M000t
00014 LYS01A0063_014 f 0.00  0.000     0  0.00  0  0  -9.414   0.638   4.353  -0.037  -0.887   0.000 01T0A7M000t
00015 LYS01A0063_015 f 0.00  0.000     0  0.00  0  0  -8.932   0.809   1.546  -0.006  -0.966   0.000 01T0BEM000t
00016 LYS01A0063_016 f 0.00  0.000     0  0.00  0  0  -9.838   0.855   3.259  -0.016  -0.976   0.000 01T0BFM000t
00017 LYS01A0063_017 f 0.00  0.000     0  0.00  0  0 -10.570   5.223   4.378  -0.009  -0.943   0.000 01T0CAM000t
00018 LYS01A0063_018 f 0.00  0.000     0  0.00  0  0  -8.537   0.851   1.985  -0.006  -0.956   0.000 01T0E4M000t
00019 LYS01A0063_019 f 0.00  0.000     0  0.00  0  0  -6.997   0.784   1.984  -0.030  -0.936   0.000 01T0E6M000t
00020 LYS01A0063_020 f 0.00  0.000     0  0.00  0  0 -11.069   5.320   1.753  -0.035  -0.939   0.000 01T140M000t
00021 LYS+1A0063_021 f 0.00  1.000     0 10.40  0  1 -11.408   1.605   1.104   0.018 -12.841   0.000 +1O000M000t
00022 LYS+1A0063_022 f 0.00  1.000     0 10.40  0  1 -11.153   1.409   1.132  -0.069 -12.628   0.000 +1E007M000t
00023 LYS+1A0063_023 f 0.00  1.000     0 10.40  0  1  -8.675   1.581   1.046   0.099 -12.917   0.000 +1E093M000t
00024 LYS+1A0063_024 f 0.00  1.000     0 10.40  0  1  -9.395   0.633   4.359   0.026 -12.463   0.000 +1E0A7M000t
00025 LYS+1A0063_025 f 0.00  1.000     0 10.40  0  1  -9.021   0.806   1.554   0.085 -12.927   0.000 +1E0BEM000t
00026 LYS+1A0063_026 f 0.00  1.000     0 10.40  0  1  -8.980   1.780   3.241   0.076 -12.934   0.000 +1E0DCM000t
00027 LYS+1A0063_027 f 0.00  1.000     0 10.40  0  1  -8.555   0.871   1.997   0.028 -12.999   0.000 +1E0E4M000t
00028 LYS+1A0063_028 f 0.00  1.000     0 10.40  0  1  -7.076   0.795   1.994  -0.017 -12.919   0.000 +1E0E6M000t
00029 LYS+1A0063_029 f 0.00  1.000     0 10.40  0  1  -9.741   1.108   4.275   0.105 -12.907   0.000 +1E107M000t
00030 LYS+1A0063_030 f 0.00  1.000     0 10.40  0  1 -11.127   5.482   1.753   0.100 -12.990   0.000 +1E140M000t
00031 LYS+1A0063_031 f 0.00  1.000     0 10.40  0  1 -11.596   5.011   3.750   0.044 -12.826   0.000 +1T005M000t
00032 LYS+1A0063_032 f 0.00  1.000     0 10.40  0  1  -8.043   0.553   2.114   0.079 -12.838   0.000 +1T03AM000t
00033 LYS+1A0063_033 f 0.00  1.000     0 10.40  0  1 -11.931   0.946   3.738   0.025 -13.022   0.000 +1T045M000t
00034 LYS+1A0063_034 f 0.00  1.000     0 10.40  0  1 -11.604   3.492   0.785   0.128 -12.708   0.000 +1T07AM000t
00035 LYS+1A0063_035 f 0.00  1.000     0 10.40  0  1  -8.338   1.242   3.317   0.146 -12.838   0.000 +1T094M000t
00036 LYS+1A0063_036 f 0.00  1.000     0 10.40  0  1 -11.086   0.211   1.570   0.047 -13.143   0.000 +1T0A9M000t
00037 LYS+1A0063_037 f 0.00  1.000     0 10.40  0  1  -9.898   0.845   3.304   0.071 -12.930   0.000 +1T0BFM000t
00038 LYS+1A0063_038 f 0.00  1.000     0 10.40  0  1 -10.665   5.197   4.387   0.048 -12.972   0.000 +1T0CAM000t
00039 LYS+1A0063_039 f 0.00  1.000     0 10.40  0  1 -10.855   0.964   6.405   0.057 -13.116   0.000 +1T101M000t
00040 LYS+1A0063_040 f 0.00  1.000     0 10.40  0  1 -10.305   1.032   6.065   0.109 -12.842   0.000 +1T108M000t
