   confID        vdw0    sas     sum
LYS01A0063_001   0.996 -12.328 -11.333
LYS01A0063_002   1.080 -12.130 -11.050
LYS01A0063_003   1.897 -13.042 -11.145
LYS01A0063_004   3.221 -12.167  -8.946
LYS01A0063_005   2.106 -13.016 -10.910
LYS01A0063_006   3.346 -12.955  -9.610
LYS01A0063_007   2.534 -12.747 -10.213
LYS01A0063_008   1.128 -12.554 -11.426
LYS01A0063_009   4.333 -12.435  -8.102
LYS01A0063_010   0.752 -12.643 -11.891
LYS01A0063_011   1.064 -12.699 -11.636
LYS01A0063_012   3.317 -11.980  -8.663
LYS01A0063_013   3.539 -11.743  -8.204
LYS01A0063_014   2.954 -12.369  -9.414
LYS01A0063_015   2.961 -11.894  -8.932
LYS01A0063_016   2.391 -12.228  -9.838
LYS01A0063_017   1.899 -12.469 -10.570
LYS01A0063_018   4.103 -12.640  -8.537
LYS01A0063_019   5.199 -12.197  -6.997
LYS01A0063_020   1.899 -12.968 -11.069
LYS+1A0063_021   0.920 -12.328 -11.408
LYS+1A0063_022   0.980 -12.133 -11.153
LYS+1A0063_023   3.420 -12.096  -8.675
LYS+1A0063_024   2.909 -12.304  -9.395
LYS+1A0063_025   2.924 -11.945  -9.021
LYS+1A0063_026   3.093 -12.073  -8.980
LYS+1A0063_027   4.084 -12.640  -8.555
LYS+1A0063_028   5.173 -12.248  -7.076
LYS+1A0063_029   3.253 -12.994  -9.741
LYS+1A0063_030   1.837 -12.965 -11.127
LYS+1A0063_031   1.026 -12.622 -11.596
LYS+1A0063_032   4.260 -12.303  -8.043
LYS+1A0063_033   0.712 -12.643 -11.931
LYS+1A0063_034   1.027 -12.632 -11.604
LYS+1A0063_035   3.370 -11.708  -8.338
LYS+1A0063_036   1.853 -12.939 -11.086
LYS+1A0063_037   2.381 -12.280  -9.898
LYS+1A0063_038   1.843 -12.508 -10.665
LYS+1A0063_039   2.094 -12.949 -10.855
LYS+1A0063_040   2.446 -12.750 -10.305
