iConf CONFORMER     FL  occ    crg   Em0  pKa0 ne nH    vdw0    vdw1    tors    epol   dsolv   extra    history
00001 LYS01A0063_001 f 0.00  0.000     0  0.00  0  0 -11.387   1.608   1.104  -0.007  -0.392   0.000 01O000M000t
00002 LYS01A0063_002 f 0.00  0.000     0  0.00  0  0  -8.966   0.543   3.769  -0.028  -0.390   0.000 01E015M000t
00003 LYS01A0063_003 f 0.00  0.000     0  0.00  0  0  -9.261   0.706   1.448  -0.013  -0.396   0.000 01E027M000t
00004 LYS01A0063_004 f 0.00  0.000     0  0.00  0  0  -9.588   1.361   2.351  -0.018  -0.386   0.000 01E060M000t
00005 LYS01A0063_005 f 0.00  0.000     0  0.00  0  0 -11.049   1.414   1.039  -0.009  -0.441   0.000 01E08FM000t
00006 LYS01A0063_006 f 0.00  0.000     0  0.00  0  0 -10.209   1.329   3.515   0.002  -0.410   0.000 01E097M000t
00007 LYS01A0063_007 f 0.00  0.000     0  0.00  0  0  -9.332   0.065   3.016  -0.006  -0.427   0.000 01E0B0M000t
00008 LYS01A0063_008 f 0.00  0.000     0  0.00  0  0  -8.945   0.729   3.001  -0.010  -0.426   0.000 01E0C3M000t
00009 LYS01A0063_009 f 0.00  0.000     0  0.00  0  0  -9.255   1.211   6.410  -0.002  -0.397   0.000 01E10CM000t
00010 LYS01A0063_010 f 0.00  0.000     0  0.00  0  0  -8.422   0.270   4.175  -0.018  -0.415   0.000 01E11BM000t
00011 LYS01A0063_011 f 0.00  0.000     0  0.00  0  0 -10.624   1.107   1.462  -0.007  -0.390   0.000 01T006M000t
00012 LYS01A0063_012 f 0.00  0.000     0  0.00  0  0 -11.350   0.727   1.263  -0.002  -0.416   0.000 01T062M000t
00013 LYS01A0063_013 f 0.00  0.000     0  0.00  0  0  -9.419   1.364   0.936  -0.011  -0.388   0.000 01T091M000t
00014 LYS01A0063_014 f 0.00  0.000     0  0.00  0  0 -10.959   4.392   3.809  -0.009  -0.438   0.000 01T0B8M000t
00015 LYS01A0063_015 f 0.00  0.000     0  0.00  0  0  -7.593   0.574   3.909  -0.005  -0.439   0.000 01T0E5M000t
00016 LYS01A0063_016 f 0.00  0.000     0  0.00  0  0  -9.692   1.043   6.423  -0.013  -0.443   0.000 01T106M000t
00017 LYS01A0063_017 f 0.00  0.000     0  0.00  0  0  -9.205   0.394   3.720  -0.013  -0.426   0.000 01T112M000t
00018 LYS01A0063_018 f 0.00  0.000     0  0.00  0  0  -8.052   0.630   4.060  -0.008  -0.427   0.000 01T119M000t
00019 LYS01A0063_019 f 0.00  0.000     0  0.00  0  0  -7.931   0.682   3.957  -0.012  -0.409   0.000 01T127M000t
00020 LYS01A0063_020 f 0.00  0.000     0  0.00  0  0 -10.260   0.643   1.431  -0.007  -0.454   0.000 01T12EM000t
00021 LYS+1A0063_021 f 0.00  1.000     0 10.40  0  1 -11.463   1.605   1.104   0.009  -5.838   0.000 +1O000M000t
00022 LYS+1A0063_022 f 0.00  1.000     0 10.40  0  1 -10.749   1.107   1.473   0.020  -5.872   0.000 +1E006M000t
00023 LYS+1A0063_023 f 0.00  1.000     0 10.40  0  1  -9.067   0.530   3.771   0.013  -5.778   0.000 +1E015M000t
00024 LYS+1A0063_024 f 0.00  1.000     0 10.40  0  1  -9.446   1.377   2.494  -0.029  -5.740   0.000 +1E060M000t
00025 LYS+1A0063_025 f 0.00  1.000     0 10.40  0  1 -11.395   0.735   1.265   0.014  -5.894   0.000 +1E062M000t
00026 LYS+1A0063_026 f 0.00  1.000     0 10.40  0  1 -11.228   1.414   1.049   0.051  -5.879   0.000 +1E08FM000t
00027 LYS+1A0063_027 f 0.00  1.000     0 10.40  0  1 -10.323   1.342   3.563   0.081  -5.816   0.000 +1E097M000t
00028 LYS+1A0063_028 f 0.00  1.000     0 10.40  0  1  -9.505   0.064   3.082   0.032  -5.892   0.000 +1E0B0M000t
00029 LYS+1A0063_029 f 0.00  1.000     0 10.40  0  1  -9.056   0.723   3.072   0.071  -5.900   0.000 +1E0C3M000t
00030 LYS+1A0063_030 f 0.00  1.000     0 10.40  0  1  -9.168   0.392   3.792   0.017  -5.850   0.000 +1E112M000t
00031 LYS+1A0063_031 f 0.00  1.000     0 10.40  0  1  -8.265   0.628   4.122   0.039  -5.917   0.000 +1E119M000t
00032 LYS+1A0063_032 f 0.00  1.000     0 10.40  0  1  -8.589   0.254   4.226   0.029  -5.833   0.000 +1E11BM000t
00033 LYS+1A0063_033 f 0.00  1.000     0 10.40  0  1  -7.997   0.698   3.995   0.076  -5.938   0.000 +1E127M000t
00034 LYS+1A0063_034 f 0.00  1.000     0 10.40  0  1 -10.271   0.653   1.435   0.060  -5.887   0.000 +1E12EM000t
00035 LYS+1A0063_035 f 0.00  1.000     0 10.40  0  1  -9.347   0.719   1.461   0.070  -5.796   0.000 +1T027M000t
00036 LYS+1A0063_036 f 0.00  1.000     0 10.40  0  1  -9.444   1.380   0.945   0.066  -5.753   0.000 +1T091M000t
00037 LYS+1A0063_037 f 0.00  1.000     0 10.40  0  1 -11.018   4.434   3.822   0.050  -5.931   0.000 +1T0B8M000t
00038 LYS+1A0063_038 f 0.00  1.000     0 10.40  0  1  -7.494   0.561   3.941  -0.002  -5.890   0.000 +1T0E5M000t
00039 LYS+1A0063_039 f 0.00  1.000     0 10.40  0  1  -9.738   1.045   6.485   0.102  -5.848   0.000 +1T106M000t
00040 LYS+1A0063_040 f 0.00  1.000     0 10.40  0  1  -9.421   1.212   6.462   0.096  -5.822   0.000 +1T10CM000t
