CONFORMER         crg  vdw0  vdw1  tors  epol  self   occ  Hb     history    ASA
LYS01A0063_001  0.000-11.33  1.55  1.10  0.00 -8.68 0.502  00  01O000M000  1.000
LYS01A0063_002  0.000 -8.96  0.49  3.77  0.00 -4.70 0.502  00  01E015M000  1.000
LYS01A0063_003  0.000 -9.26  0.71  1.45  0.00 -7.11 0.501  00  01E027M000  1.000
LYS01A0063_004  0.000 -9.55  1.36  2.35  0.00 -5.84 0.502  00  01E060M000  1.000
LYS01A0063_005  0.000-11.10  1.36  1.04  0.00 -8.70 0.501  00  01E08FM000  1.000
LYS01A0063_006  0.000-10.21  1.28  3.51  0.00 -5.42 0.502  00  01E097M000  1.000
LYS01A0063_007  0.000 -9.32  0.01  3.01  0.00 -6.30 0.501  00  01E0B0M000  1.000
LYS01A0063_008  0.000 -8.93  0.67  3.00  0.00 -5.26 0.501  00  01E0C3M000  1.000
LYS01A0063_009  0.000 -9.25  1.21  6.41  0.00 -1.63 0.501  00  01E10CM000  1.000
LYS01A0063_010  0.000 -8.42  0.27  4.17  0.00 -3.97 0.501  00  01E11BM000  1.000
LYS01A0063_011  0.000-10.57  1.11  1.46  0.00 -8.00 0.502  00  01T006M000  1.000
LYS01A0063_012  0.000-11.29  0.73  1.26  0.00 -9.31 0.502  00  01T062M000  1.000
LYS01A0063_013  0.000 -9.42  1.31  0.94  0.00 -7.17 0.502  00  01T091M000  1.000
LYS01A0063_014  0.000-10.95  4.34  3.81  0.00 -2.81 0.502  00  01T0B8M000  1.000
LYS01A0063_015  0.000 -7.62  0.57  3.91  0.00 -3.14 0.502  00  01T0E5M000  1.000
LYS01A0063_016  0.000 -9.70  1.05  6.42  0.00 -2.22 0.501  00  01T106M000  1.000
LYS01A0063_017  0.000 -9.20  0.39  3.72  0.00 -5.09 0.502  00  01T112M000  1.000
LYS01A0063_018  0.000 -8.07  0.63  4.06  0.00 -3.37 0.502  00  01T119M000  1.000
LYS01A0063_019  0.000 -7.94  0.68  3.96  0.00 -3.30 0.502  00  01T127M000  1.000
LYS01A0063_020  0.000-10.26  0.65  1.43  0.00 -8.19 0.501  00  01T12EM000  1.000
LYS+1A0063_021  1.000-11.41  1.55  1.10  0.00 -8.76 0.502  00  +1O000M000  1.000
LYS+1A0063_022  1.000-10.74  1.11  1.47  0.00 -8.16 0.502  00  +1E006M000  1.000
LYS+1A0063_023  1.000 -9.06  0.48  3.77  0.00 -4.82 0.502  00  +1E015M000  1.000
LYS+1A0063_024  1.000 -9.44  1.37  2.49  0.00 -5.58 0.502  00  +1E060M000  1.000
LYS+1A0063_025  1.000-11.34  0.74  1.26  0.00 -9.34 0.502  00  +1E062M000  1.000
LYS+1A0063_026  1.000-11.23  1.36  1.05  0.00 -8.82 0.501  00  +1E08FM000  1.000
LYS+1A0063_027  1.000-10.32  1.29  3.56  0.00 -5.47 0.502  00  +1E097M000  1.000
LYS+1A0063_028  1.000 -9.49  0.01  3.08  0.00 -6.40 0.501  00  +1E0B0M000  1.000
LYS+1A0063_029  1.000 -9.06  0.67  3.07  0.00 -5.32 0.501  00  +1E0C3M000  1.000
LYS+1A0063_030  1.000 -9.22  0.39  3.79  0.00 -5.03 0.502  00  +1E112M000  1.000
LYS+1A0063_031  1.000 -8.26  0.63  4.12  0.00 -3.50 0.502  00  +1E119M000  1.000
LYS+1A0063_032  1.000 -8.58  0.26  4.23  0.00 -4.10 0.501  00  +1E11BM000  1.000
LYS+1A0063_033  1.000 -8.00  0.70  3.99  0.00 -3.31 0.502  00  +1E127M000  1.000
LYS+1A0063_034  1.000-10.27  0.65  1.43  0.00 -8.18 0.501  00  +1E12EM000  1.000
LYS+1A0063_035  1.000 -9.40  0.72  1.46  0.00 -7.22 0.501  00  +1T027M000  1.000
LYS+1A0063_036  1.000 -9.44  1.33  0.95  0.00 -7.17 0.502  00  +1T091M000  1.000
LYS+1A0063_037  1.000-11.02  4.38  3.82  0.00 -2.82 0.502  00  +1T0B8M000  1.000
LYS+1A0063_038  1.000 -7.50  0.56  3.94  0.00 -3.00 0.502  00  +1T0E5M000  1.000
LYS+1A0063_039  1.000 -9.75  1.04  6.49  0.00 -2.22 0.501  00  +1T106M000  1.000
LYS+1A0063_040  1.000 -9.43  1.21  6.46  0.00 -1.76 0.501  00  +1T10CM000  1.000
