   confID        vdw0    sas     sum
LYS01A0063_001   0.942 -12.328 -11.387
LYS01A0063_002   3.006 -11.972  -8.966
LYS01A0063_003   2.527 -11.788  -9.261
LYS01A0063_004   2.947 -12.535  -9.588
LYS01A0063_005   1.355 -12.405 -11.049
LYS01A0063_006   2.109 -12.319 -10.209
LYS01A0063_007   3.304 -12.636  -9.332
LYS01A0063_008   3.369 -12.315  -8.945
LYS01A0063_009   3.062 -12.316  -9.255
LYS01A0063_010   4.635 -13.057  -8.422
LYS01A0063_011   1.617 -12.242 -10.624
LYS01A0063_012   1.067 -12.417 -11.350
LYS01A0063_013   2.511 -11.930  -9.419
LYS01A0063_014   1.437 -12.395 -10.959
LYS01A0063_015   4.709 -12.302  -7.593
LYS01A0063_016   2.871 -12.563  -9.692
LYS01A0063_017   3.210 -12.415  -9.205
LYS01A0063_018   4.717 -12.769  -8.052
LYS01A0063_019   4.738 -12.669  -7.931
LYS01A0063_020   2.277 -12.537 -10.260
LYS+1A0063_021   0.866 -12.328 -11.463
LYS+1A0063_022   1.561 -12.309 -10.749
LYS+1A0063_023   2.906 -11.972  -9.067
LYS+1A0063_024   2.986 -12.432  -9.446
LYS+1A0063_025   1.022 -12.417 -11.395
LYS+1A0063_026   1.296 -12.524 -11.228
LYS+1A0063_027   2.063 -12.386 -10.323
LYS+1A0063_028   3.183 -12.688  -9.505
LYS+1A0063_029   3.259 -12.315  -9.056
LYS+1A0063_030   3.253 -12.422  -9.168
LYS+1A0063_031   4.636 -12.901  -8.265
LYS+1A0063_032   4.596 -13.185  -8.589
LYS+1A0063_033   4.673 -12.669  -7.997
LYS+1A0063_034   2.266 -12.537 -10.271
LYS+1A0063_035   2.441 -11.788  -9.347
LYS+1A0063_036   2.435 -11.879  -9.444
LYS+1A0063_037   1.377 -12.395 -11.018
LYS+1A0063_038   4.677 -12.170  -7.494
LYS+1A0063_039   2.928 -12.666  -9.738
LYS+1A0063_040   2.963 -12.384  -9.421
