iConf CONFORMER     FL  occ    crg   Em0  pKa0 ne nH    vdw0    vdw1    tors    epol   dsolv   extra    history
00001 ASP01A0077_001 f 0.00  0.000     0  0.00  0  0  -4.457   1.200   4.487   0.483  -1.170   0.000 01O000M000t
00002 ASP01A0077_002 f 0.00  0.000     0  0.00  0  0  -4.167   0.018   4.727   0.151  -1.305   0.000 01E003M000t
00003 ASP01A0077_003 f 0.00  0.000     0  0.00  0  0  -4.457   1.200   1.767   0.066  -0.883   0.000 01O000M000t
00004 ASP01A0077_004 f 0.00  0.000     0  0.00  0  0  -4.747   1.934   1.237   0.072  -0.875   0.000 01E001M000t
00005 ASP01A0077_005 f 0.00  0.000     0  0.00  0  0  -4.697   1.972   3.534   0.245  -1.107   0.000 01T004M000t
00006 ASP01A0077_006 f 0.00  0.000     0  0.00  0  0  -4.208   0.599   4.628   0.212  -1.221   0.000 01T007M000t
00007 ASP01A0077_007 f 0.00  0.000     0  0.00  0  0  -4.181   1.200   4.781   0.069  -1.284   0.000 01T006M000t
00008 ASP01A0077_008 f 0.00  0.000     0  0.00  0  0  -4.202   0.588   4.787   0.371  -1.263   0.000 01T008M000t
00009 ASP01A0077_009 f 0.00  0.000     0  0.00  0  0  -4.324   0.344   4.695   0.284  -1.271   0.000 01T009M000t
00010 ASP01A0077_010 f 0.00  0.000     0  0.00  0  0  -4.205   0.019   2.006   0.108  -0.863   0.000 01T003M000t
00011 ASP01A0077_011 f 0.00  0.000     0  0.00  0  0  -4.218   1.174   1.989   0.082  -0.876   0.000 01T006M000t
00012 ASP01A0077_012 f 0.00  0.000     0  0.00  0  0  -4.208   0.599   1.908   0.024  -0.870   0.000 01T007M000t
00013 ASP01A0077_013 f 0.00  0.000     0  0.00  0  0  -4.202   0.588   2.067   0.131  -0.883   0.000 01T008M000t
00014 ASP01A0077_014 f 0.00  0.000     0  0.00  0  0  -4.324   0.344   1.975   0.184  -0.848   0.000 01T009M000t
00015 ASP02A0077_015 f 0.00  0.000     0  0.00  0  0  -4.324   0.898   4.487   0.050  -1.301   0.000 02O000M000t
00016 ASP02A0077_016 f 0.00  0.000     0  0.00  0  0  -4.289   0.898   1.767   0.028  -0.867   0.000 02O000M000t
00017 ASP02A0077_017 f 0.00  0.000     0  0.00  0  0  -4.523   0.020   1.982   0.055  -0.828   0.000 02E005M000t
00018 ASP02A0077_018 f 0.00  0.000     0  0.00  0  0  -4.473   1.216   3.930   0.061  -1.326   0.000 02T001M000t
00019 ASP02A0077_019 f 0.00  0.000     0  0.00  0  0  -4.498   0.020   4.700   0.106  -1.273   0.000 02T005M000t
00020 ASP02A0077_020 f 0.00  0.000     0  0.00  0  0  -4.338   1.066   4.786   0.121  -1.289   0.000 02T006M000t
00021 ASP02A0077_021 f 0.00  0.000     0  0.00  0  0  -4.289   0.603   4.685   0.096  -1.329   0.000 02T007M000t
00022 ASP02A0077_022 f 0.00  0.000     0  0.00  0  0  -4.338   0.472   4.794   0.113  -1.272   0.000 02T008M000t
00023 ASP02A0077_023 f 0.00  0.000     0  0.00  0  0  -4.245   0.335   4.683   0.224  -1.266   0.000 02T009M000t
00024 ASP02A0077_024 f 0.00  0.000     0  0.00  0  0  -4.252  -0.010   2.019   0.114  -0.857   0.000 02T003M000t
00025 ASP02A0077_025 f 0.00  0.000     0  0.00  0  0  -4.298   0.290   1.906   0.169  -0.876   0.000 02T009M000t
00026 ASP02A0077_026 f 0.00  0.000     0  0.00  0  0  -4.338   1.066   2.066   0.091  -0.846   0.000 02T006M000t
00027 ASP02A0077_027 f 0.00  0.000     0  0.00  0  0  -4.289   0.603   1.965   0.032  -0.848   0.000 02T007M000t
00028 ASP02A0077_028 f 0.00  0.000     0  0.00  0  0  -4.338   0.472   2.074   0.088  -0.860   0.000 02T008M000t
00029 ASP-1A0077_029 f 0.00 -1.000     0  4.75  0 -1  -4.243   0.915   1.767  -0.327  -7.434   0.000 -1O000M000t
00030 ASP-1A0077_030 f 0.00 -1.000     0  4.75  0 -1  -4.268   0.871   1.858  -0.165  -7.351   0.000 -1E006M000t
00031 ASP-1A0077_031 f 0.00 -1.000     0  4.75  0 -1  -4.156   0.339   1.888  -0.285  -7.414   0.000 -1E008M000t
00032 ASP-1A0077_032 f 0.00 -1.000     0  4.75  0 -1  -4.185   0.210   1.756  -0.384  -7.496   0.000 -1E009M000t
