   confID        vdw0    sas     sum
ASP01A0077_001   0.070  -4.527  -4.457
ASP01A0077_002   0.286  -4.453  -4.167
ASP01A0077_003   0.070  -4.527  -4.457
ASP01A0077_004   0.037  -4.784  -4.747
ASP01A0077_005  -0.002  -4.695  -4.697
ASP01A0077_006   0.240  -4.448  -4.208
ASP01A0077_007   0.312  -4.492  -4.181
ASP01A0077_008   0.303  -4.505  -4.202
ASP01A0077_009   0.240  -4.564  -4.324
ASP01A0077_010   0.287  -4.491  -4.205
ASP01A0077_011   0.309  -4.527  -4.218
ASP01A0077_012   0.240  -4.448  -4.208
ASP01A0077_013   0.303  -4.505  -4.202
ASP01A0077_014   0.240  -4.564  -4.324
ASP02A0077_015   0.118  -4.442  -4.324
ASP02A0077_016   0.118  -4.407  -4.289
ASP02A0077_017   0.239  -4.761  -4.523
ASP02A0077_018   0.097  -4.570  -4.473
ASP02A0077_019   0.238  -4.736  -4.498
ASP02A0077_020   0.285  -4.623  -4.338
ASP02A0077_021   0.243  -4.533  -4.289
ASP02A0077_022   0.281  -4.619  -4.338
ASP02A0077_023   0.236  -4.480  -4.245
ASP02A0077_024   0.274  -4.525  -4.252
ASP02A0077_025   0.240  -4.538  -4.298
ASP02A0077_026   0.285  -4.623  -4.338
ASP02A0077_027   0.243  -4.533  -4.289
ASP02A0077_028   0.281  -4.619  -4.338
ASP-1A0077_029   0.059  -4.302  -4.243
ASP-1A0077_030   0.236  -4.504  -4.268
ASP-1A0077_031   0.232  -4.388  -4.156
ASP-1A0077_032   0.177  -4.362  -4.185
