iConf CONFORMER     FL  occ    crg   Em0  pKa0 ne nH    vdw0    vdw1    tors    epol   dsolv   extra    history
00001 LYS01A0063_001 f 0.00  0.000     0  0.00  0  0 -11.333   1.608   1.104  -0.004  -0.060   0.000 01O000M000t
00002 LYS01A0063_002 f 0.00  0.000     0  0.00  0  0 -11.060   1.346   4.089  -0.004  -0.062   0.000 01E00BM000t
00003 LYS01A0063_003 f 0.00  0.000     0  0.00  0  0 -10.969   0.663   1.294  -0.003  -0.060   0.000 01E00EM000t
00004 LYS01A0063_004 f 0.00  0.000     0  0.00  0  0  -7.686   0.861   2.099  -0.008  -0.060   0.000 01E023M000t
00005 LYS01A0063_005 f 0.00  0.000     0  0.00  0  0  -9.143   1.456   1.147  -0.006  -0.061   0.000 01E024M000t
00006 LYS01A0063_006 f 0.00  0.000     0  0.00  0  0 -12.052   1.348   5.338  -0.003  -0.065   0.000 01E06AM000t
00007 LYS01A0063_007 f 0.00  0.000     0  0.00  0  0 -11.087   0.514   3.259  -0.002  -0.061   0.000 01E074M000t
00008 LYS01A0063_008 f 0.00  0.000     0  0.00  0  0 -11.189   0.645   3.276  -0.006  -0.064   0.000 01E07DM000t
00009 LYS01A0063_009 f 0.00  0.000     0  0.00  0  0  -9.768   1.550   3.263  -0.004  -0.060   0.000 01E08EM000t
00010 LYS01A0063_010 f 0.00  0.000     0  0.00  0  0  -9.950   0.483   3.267  -0.004  -0.059   0.000 01E12BM000t
00011 LYS01A0063_011 f 0.00  0.000     0  0.00  0  0  -9.168   0.419   3.663   0.002  -0.059   0.000 01E12FM000t
00012 LYS01A0063_012 f 0.00  0.000     0  0.00  0  0  -7.913   0.613   4.049  -0.007  -0.064   0.000 01E13CM000t
00013 LYS01A0063_013 f 0.00  0.000     0  0.00  0  0 -11.311   1.463   5.852  -0.003  -0.064   0.000 01T06EM000t
00014 LYS01A0063_014 f 0.00  0.000     0  0.00  0  0 -11.171   0.656   3.150  -0.005  -0.065   0.000 01T072M000t
00015 LYS01A0063_015 f 0.00  0.000     0  0.00  0  0 -10.239   1.301   3.742  -0.004  -0.064   0.000 01T095M000t
00016 LYS01A0063_016 f 0.00  0.000     0  0.00  0  0 -10.303   0.851   6.199  -0.004  -0.061   0.000 01T099M000t
00017 LYS01A0063_017 f 0.00  0.000     0  0.00  0  0 -10.371   0.879   6.502  -0.005  -0.063   0.000 01T09BM000t
00018 LYS01A0063_018 f 0.00  0.000     0  0.00  0  0  -8.853   0.684   3.280  -0.007  -0.060   0.000 01T0C5M000t
00019 LYS01A0063_019 f 0.00  0.000     0  0.00  0  0  -9.420   0.416   3.602  -0.003  -0.062   0.000 01T0E7M000t
00020 LYS01A0063_020 f 0.00  0.000     0  0.00  0  0  -9.485   0.984   6.173  -0.004  -0.063   0.000 01T0F5M000t
00021 LYS+1A0063_021 f 0.00  1.000     0 10.40  0  1 -11.408   1.605   1.104   0.006  -0.998   0.000 +1O000M000t
00022 LYS+1A0063_022 f 0.00  1.000     0 10.40  0  1 -11.165   1.347   4.097   0.034  -0.998   0.000 +1E00BM000t
00023 LYS+1A0063_023 f 0.00  1.000     0 10.40  0  1  -7.719   0.872   2.111  -0.044  -0.985   0.000 +1E023M000t
00024 LYS+1A0063_024 f 0.00  1.000     0 10.40  0  1 -12.096   1.329   5.434   0.028  -1.014   0.000 +1E06AM000t
00025 LYS+1A0063_025 f 0.00  1.000     0 10.40  0  1 -11.385   1.456   5.944   0.036  -1.015   0.000 +1E06EM000t
00026 LYS+1A0063_026 f 0.00  1.000     0 10.40  0  1 -10.999   0.513   3.313   0.041  -1.003   0.000 +1E074M000t
00027 LYS+1A0063_027 f 0.00  1.000     0 10.40  0  1 -10.261   1.302   3.803   0.018  -1.011   0.000 +1E095M000t
00028 LYS+1A0063_028 f 0.00  1.000     0 10.40  0  1 -10.214   0.849   6.294   0.041  -1.008   0.000 +1E099M000t
00029 LYS+1A0063_029 f 0.00  1.000     0 10.40  0  1 -10.409   0.878   6.565   0.026  -1.004   0.000 +1E09BM000t
00030 LYS+1A0063_030 f 0.00  1.000     0 10.40  0  1  -9.383   0.424   3.669   0.050  -0.994   0.000 +1E0E7M000t
00031 LYS+1A0063_031 f 0.00  1.000     0 10.40  0  1  -9.602   0.973   6.212   0.031  -1.002   0.000 +1E0F5M000t
00032 LYS+1A0063_032 f 0.00  1.000     0 10.40  0  1  -9.247   0.410   3.716   0.074  -0.989   0.000 +1E12FM000t
00033 LYS+1A0063_033 f 0.00  1.000     0 10.40  0  1 -11.117   0.670   1.303   0.078  -0.987   0.000 +1T00EM000t
00034 LYS+1A0063_034 f 0.00  1.000     0 10.40  0  1  -9.139   1.447   1.146   0.044  -0.984   0.000 +1T024M000t
00035 LYS+1A0063_035 f 0.00  1.000     0 10.40  0  1 -11.365   0.658   3.242   0.031  -1.014   0.000 +1T072M000t
00036 LYS+1A0063_036 f 0.00  1.000     0 10.40  0  1 -11.160   0.657   3.336   0.045  -1.014   0.000 +1T07DM000t
00037 LYS+1A0063_037 f 0.00  1.000     0 10.40  0  1  -9.828   1.542   3.305   0.054  -1.001   0.000 +1T08EM000t
00038 LYS+1A0063_038 f 0.00  1.000     0 10.40  0  1  -8.973   0.681   3.323   0.068  -0.983   0.000 +1T0C5M000t
00039 LYS+1A0063_039 f 0.00  1.000     0 10.40  0  1  -9.958   0.495   3.287   0.094  -0.991   0.000 +1T12BM000t
00040 LYS+1A0063_040 f 0.00  1.000     0 10.40  0  1  -7.683   0.613   4.102   0.060  -1.007   0.000 +1T13CM000t
