CONFORMER         crg  vdw0  vdw1  tors  epol  self   occ  Hb     history    ASA
LYS01A0063_001  0.000-11.33  1.60  1.10  0.00 -8.63 0.502  00  01O000M000  1.000
LYS01A0063_002  0.000-11.06  1.35  4.09  0.00 -5.62 0.501  00  01E00BM000  1.000
LYS01A0063_003  0.000-10.97  0.67  1.30  0.00 -9.01 0.502  00  01E00EM000  1.000
LYS01A0063_004  0.000 -7.70  0.86  2.10  0.00 -4.75 0.501  00  01E023M000  1.000
LYS01A0063_005  0.000 -9.15  1.46  1.15  0.00 -6.55 0.502  00  01E024M000  1.000
LYS01A0063_006  0.000-11.98  1.35  5.34  0.00 -5.29 0.501  00  01E06AM000  1.000
LYS01A0063_007  0.000-11.09  0.52  3.26  0.00 -7.31 0.502  00  01E074M000  1.000
LYS01A0063_008  0.000-11.19  0.65  3.28  0.00 -7.26 0.502  00  01E07DM000  1.000
LYS01A0063_009  0.000 -9.77  1.55  3.26  0.00 -4.96 0.502  00  01E08EM000  1.000
LYS01A0063_010  0.000 -9.94  0.49  3.27  0.00 -6.19 0.501  00  01E12BM000  1.000
LYS01A0063_011  0.000 -9.17  0.42  3.66  0.00 -5.09 0.502  00  01E12FM000  1.000
LYS01A0063_012  0.000 -7.91  0.62  4.05  0.00 -3.25 0.501  00  01E13CM000  1.000
LYS01A0063_013  0.000-11.31  1.47  5.85  0.00 -3.99 0.502  00  01T06EM000  1.000
LYS01A0063_014  0.000-11.21  0.66  3.15  0.00 -7.41 0.501  00  01T072M000  1.000
LYS01A0063_015  0.000-10.24  1.30  3.74  0.00 -5.20 0.502  00  01T095M000  1.000
LYS01A0063_016  0.000-10.23  0.85  6.20  0.00 -3.18 0.501  00  01T099M000  1.000
LYS01A0063_017  0.000-10.37  0.88  6.50  0.00 -2.99 0.502  00  01T09BM000  1.000
LYS01A0063_018  0.000 -8.86  0.68  3.28  0.00 -4.90 0.502  00  01T0C5M000  1.000
LYS01A0063_019  0.000 -9.42  0.41  3.60  0.00 -5.40 0.501  00  01T0E7M000  1.000
LYS01A0063_020  0.000 -9.48  0.98  6.18  0.00 -2.32 0.502  00  01T0F5M000  1.000
LYS+1A0063_021  1.000-11.41  1.60  1.10  0.00 -8.70 0.502  00  +1O000M000  1.000
LYS+1A0063_022  1.000-11.16  1.34  4.10  0.00 -5.72 0.501  00  +1E00BM000  1.000
LYS+1A0063_023  1.000 -7.71  0.88  2.11  0.00 -4.73 0.501  00  +1E023M000  1.000
LYS+1A0063_024  1.000-12.10  1.34  5.43  0.00 -5.33 0.501  00  +1E06AM000  1.000
LYS+1A0063_025  1.000-11.39  1.46  5.94  0.00 -3.98 0.502  00  +1E06EM000  1.000
LYS+1A0063_026  1.000-11.00  0.51  3.31  0.00 -7.18 0.502  00  +1E074M000  1.000
LYS+1A0063_027  1.000-10.25  1.30  3.80  0.00 -5.15 0.502  00  +1E095M000  1.000
LYS+1A0063_028  1.000-10.22  0.85  6.29  0.00 -3.07 0.501  00  +1E099M000  1.000
LYS+1A0063_029  1.000-10.40  0.88  6.57  0.00 -2.96 0.502  00  +1E09BM000  1.000
LYS+1A0063_030  1.000 -9.38  0.42  3.67  0.00 -5.29 0.501  00  +1E0E7M000  1.000
LYS+1A0063_031  1.000 -9.60  0.98  6.21  0.00 -2.42 0.502  00  +1E0F5M000  1.000
LYS+1A0063_032  1.000 -9.24  0.41  3.72  0.00 -5.11 0.502  00  +1E12FM000  1.000
LYS+1A0063_033  1.000-11.11  0.67  1.30  0.00 -9.14 0.502  00  +1T00EM000  1.000
LYS+1A0063_034  1.000 -9.14  1.45  1.15  0.00 -6.55 0.502  00  +1T024M000  1.000
LYS+1A0063_035  1.000-11.37  0.66  3.24  0.00 -7.47 0.501  00  +1T072M000  1.000
LYS+1A0063_036  1.000-11.16  0.66  3.34  0.00 -7.17 0.502  00  +1T07DM000  1.000
LYS+1A0063_037  1.000 -9.83  1.54  3.31  0.00 -4.98 0.502  00  +1T08EM000  1.000
LYS+1A0063_038  1.000 -9.03  0.68  3.32  0.00 -5.02 0.502  00  +1T0C5M000  1.000
LYS+1A0063_039  1.000 -9.91  0.49  3.29  0.00 -6.12 0.501  00  +1T12BM000  1.000
LYS+1A0063_040  1.000 -7.68  0.61  4.10  0.00 -2.97 0.501  00  +1T13CM000  1.000
