   confID        vdw0    sas     sum
LYS01A0063_001   0.996 -12.328 -11.333
LYS01A0063_002   1.704 -12.763 -11.060
LYS01A0063_003   1.707 -12.676 -10.969
LYS01A0063_004   4.356 -12.042  -7.686
LYS01A0063_005   3.015 -12.158  -9.143
LYS01A0063_006   0.739 -12.791 -12.052
LYS01A0063_007   1.466 -12.554 -11.087
LYS01A0063_008   1.477 -12.666 -11.189
LYS01A0063_009   2.373 -12.141  -9.768
LYS01A0063_010   2.569 -12.518  -9.950
LYS01A0063_011   3.038 -12.207  -9.168
LYS01A0063_012   4.692 -12.605  -7.913
LYS01A0063_013   1.500 -12.811 -11.311
LYS01A0063_014   1.495 -12.666 -11.171
LYS01A0063_015   2.346 -12.585 -10.239
LYS01A0063_016   2.169 -12.473 -10.303
LYS01A0063_017   2.321 -12.692 -10.371
LYS01A0063_018   3.508 -12.361  -8.853
LYS01A0063_019   2.792 -12.212  -9.420
LYS01A0063_020   2.965 -12.450  -9.485
LYS+1A0063_021   0.920 -12.328 -11.408
LYS+1A0063_022   1.598 -12.763 -11.165
LYS+1A0063_023   4.259 -11.978  -7.719
LYS+1A0063_024   0.708 -12.804 -12.096
LYS+1A0063_025   1.474 -12.859 -11.385
LYS+1A0063_026   1.419 -12.418 -10.999
LYS+1A0063_027   2.324 -12.585 -10.261
LYS+1A0063_028   2.152 -12.366 -10.214
LYS+1A0063_029   2.295 -12.704 -10.409
LYS+1A0063_030   2.829 -12.212  -9.383
LYS+1A0063_031   2.887 -12.489  -9.602
LYS+1A0063_032   2.921 -12.168  -9.247
LYS+1A0063_033   1.598 -12.715 -11.117
LYS+1A0063_034   2.942 -12.081  -9.139
LYS+1A0063_035   1.458 -12.823 -11.365
LYS+1A0063_036   1.439 -12.599 -11.160
LYS+1A0063_037   2.352 -12.180  -9.828
LYS+1A0063_038   3.321 -12.294  -8.973
LYS+1A0063_039   2.493 -12.451  -9.958
LYS+1A0063_040   4.667 -12.350  -7.683
