iConf CONFORMER     FL  occ    crg   Em0  pKa0 ne nH    vdw0    vdw1    tors    epol   dsolv   extra    history
00001 GLU01A0101_001 f 0.00  0.000     0  0.00  0  0  -1.707   0.722   3.141   0.080  -0.929   0.000 01O000M000t
00002 GLU01A0101_002 f 0.00  0.000     0  0.00  0  0  -2.403   1.253   3.074   0.158  -0.881   0.000 01E003M000t
00003 GLU01A0101_003 f 0.00  0.000     0  0.00  0  0  -3.171   1.302   3.152   0.041  -1.044   0.000 01E009M000t
00004 GLU01A0101_004 f 0.00  0.000     0  0.00  0  0  -1.707   0.722   0.421   0.029  -0.727   0.000 01O000M000t
00005 GLU01A0101_005 f 0.00  0.000     0  0.00  0  0  -2.064   1.261   0.289   0.024  -0.720   0.000 01E002M000t
00006 GLU01A0101_006 f 0.00  0.000     0  0.00  0  0  -2.409   1.259   0.357   0.041  -0.705   0.000 01E003M000t
00007 GLU01A0101_007 f 0.00  0.000     0  0.00  0  0  -3.068   0.788   3.144   0.013  -1.065   0.000 01T005M000t
00008 GLU01A0101_008 f 0.00  0.000     0  0.00  0  0  -2.061   1.263   3.003   0.063  -0.934   0.000 01T002M000t
00009 GLU01A0101_009 f 0.00  0.000     0  0.00  0  0  -2.973   0.838   3.123   0.026  -1.019   0.000 01T007M000t
00010 GLU01A0101_010 f 0.00  0.000     0  0.00  0  0  -3.504   1.573   3.275   0.092  -1.007   0.000 01T00BM000t
00011 GLU01A0101_011 f 0.00  0.000     0  0.00  0  0  -3.094   0.788   0.424   0.021  -0.728   0.000 01T005M000t
00012 GLU01A0101_012 f 0.00  0.000     0  0.00  0  0  -3.169   1.304   0.424   0.024  -0.703   0.000 01T009M000t
00013 GLU01A0101_013 f 0.00  0.000     0  0.00  0  0  -2.938   0.838   0.403   0.013  -0.706   0.000 01T007M000t
00014 GLU01A0101_014 f 0.00  0.000     0  0.00  0  0  -3.504   1.573   0.555   0.039  -0.695   0.000 01T00BM000t
00015 GLU02A0101_015 f 0.00  0.000     0  0.00  0  0  -2.294   0.730   3.141   0.005  -1.051   0.000 02O000M000t
00016 GLU02A0101_016 f 0.00  0.000     0  0.00  0  0  -2.607   0.773   3.191   0.069  -0.941   0.000 02E005M000t
00017 GLU02A0101_017 f 0.00  0.000     0  0.00  0  0  -3.726   0.970   3.846   0.048  -1.015   0.000 02E006M000t
00018 GLU02A0101_018 f 0.00  0.000     0  0.00  0  0  -2.699   1.289   3.181   0.054  -0.951   0.000 02E009M000t
00019 GLU02A0101_019 f 0.00  0.000     0  0.00  0  0  -2.319   0.730   0.421   0.016  -0.717   0.000 02O000M000t
00020 GLU02A0101_020 f 0.00  0.000     0  0.00  0  0  -3.338   1.537   0.582   0.024  -0.700   0.000 02E00BM000t
00021 GLU02A0101_021 f 0.00  0.000     0  0.00  0  0  -2.593   1.273   3.012   0.038  -1.019   0.000 02T002M000t
00022 GLU02A0101_022 f 0.00  0.000     0  0.00  0  0  -2.824   0.955   3.080   0.012  -0.997   0.000 02T003M000t
00023 GLU02A0101_023 f 0.00  0.000     0  0.00  0  0  -2.813   0.836   3.129   0.055  -0.961   0.000 02T007M000t
00024 GLU02A0101_024 f 0.00  0.000     0  0.00  0  0  -3.335   1.536   3.302   0.066  -0.925   0.000 02T00BM000t
00025 GLU02A0101_025 f 0.00  0.000     0  0.00  0  0  -2.526   1.268   0.285   0.020  -0.696   0.000 02T002M000t
00026 GLU02A0101_026 f 0.00  0.000     0  0.00  0  0  -2.604   0.772   0.463   0.030  -0.714   0.000 02T005M000t
00027 GLU02A0101_027 f 0.00  0.000     0  0.00  0  0  -3.715   0.971   1.107   0.023  -0.703   0.000 02T006M000t
00028 GLU02A0101_028 f 0.00  0.000     0  0.00  0  0  -2.752   1.289   0.454   0.024  -0.707   0.000 02T009M000t
00029 GLU02A0101_029 f 0.00  0.000     0  0.00  0  0  -3.840   0.306   1.101   0.048  -0.710   0.000 02T00AM000t
00030 GLU-1A0101_030 f 0.00 -1.000     0  4.75  0 -1  -2.134   0.741   0.421  -0.063  -5.988   0.000 -1O000M000t
00031 GLU-1A0101_031 f 0.00 -1.000     0  4.75  0 -1  -2.851   1.068   0.349  -0.060  -5.905   0.000 -1E003M000t
00032 GLU-1A0101_032 f 0.00 -1.000     0  4.75  0 -1  -3.686   0.991   1.050  -0.064  -6.008   0.000 -1E006M000t
00033 GLU-1A0101_033 f 0.00 -1.000     0  4.75  0 -1  -3.750   1.266   1.051  -0.080  -6.000   0.000 -1E008M000t
00034 GLU-1A0101_034 f 0.00 -1.000     0  4.75  0 -1  -3.404   1.471   0.560  -0.135  -5.899   0.000 -1E00BM000t
