   confID        vdw0    sas     sum
GLU01A0101_001   2.799  -4.506  -1.707
GLU01A0101_002   2.379  -4.783  -2.403
GLU01A0101_003   1.497  -4.668  -3.171
GLU01A0101_004   2.799  -4.506  -1.707
GLU01A0101_005   2.523  -4.587  -2.064
GLU01A0101_006   2.387  -4.795  -2.409
GLU01A0101_007   1.498  -4.567  -3.068
GLU01A0101_008   2.523  -4.585  -2.061
GLU01A0101_009   1.630  -4.603  -2.973
GLU01A0101_010   1.459  -4.964  -3.504
GLU01A0101_011   1.498  -4.592  -3.094
GLU01A0101_012   1.499  -4.668  -3.169
GLU01A0101_013   1.630  -4.569  -2.938
GLU01A0101_014   1.459  -4.964  -3.504
GLU02A0101_015   2.265  -4.559  -2.294
GLU02A0101_016   1.911  -4.518  -2.607
GLU02A0101_017   0.899  -4.625  -3.726
GLU02A0101_018   1.869  -4.568  -2.699
GLU02A0101_019   2.265  -4.585  -2.319
GLU02A0101_020   1.556  -4.894  -3.338
GLU02A0101_021   2.030  -4.622  -2.593
GLU02A0101_022   1.947  -4.771  -2.824
GLU02A0101_023   1.859  -4.672  -2.813
GLU02A0101_024   1.559  -4.894  -3.335
GLU02A0101_025   2.029  -4.556  -2.526
GLU02A0101_026   1.913  -4.518  -2.604
GLU02A0101_027   0.898  -4.612  -3.715
GLU02A0101_028   1.868  -4.619  -2.752
GLU02A0101_029   0.911  -4.752  -3.840
GLU-1A0101_030   2.177  -4.311  -2.134
GLU-1A0101_031   1.846  -4.696  -2.851
GLU-1A0101_032   0.775  -4.461  -3.686
GLU-1A0101_033   0.775  -4.526  -3.750
GLU-1A0101_034   1.305  -4.709  -3.404
