iConf CONFORMER     FL  occ    crg   Em0  pKa0 ne nH    vdw0    vdw1    tors    epol   dsolv   extra    history
00001 LYS01A0136_001 f 0.00  0.000     0  0.00  0  0 -10.124   2.612   1.463  -0.015  -0.971   0.000 01O000M000t
00002 LYS01A0136_002 f 0.00  0.000     0  0.00  0  0  -8.098   2.805   1.854  -0.008  -0.951   0.000 01E00DM000t
00003 LYS01A0136_003 f 0.00  0.000     0  0.00  0  0  -9.094   3.317   1.842  -0.002  -0.882   0.000 01E02EM000t
00004 LYS01A0136_004 f 0.00  0.000     0  0.00  0  0 -10.996   4.112   3.618  -0.009  -0.964   0.000 01E038M000t
00005 LYS01A0136_005 f 0.00  0.000     0  0.00  0  0  -5.409   2.377   0.810  -0.018  -0.834   0.000 01E051M000t
00006 LYS01A0136_006 f 0.00  0.000     0  0.00  0  0 -10.429   3.955   3.572   0.016  -0.973   0.000 01E06CM000t
00007 LYS01A0136_007 f 0.00  0.000     0  0.00  0  0  -8.998   3.253   2.108  -0.001  -0.875   0.000 01E077M000t
00008 LYS01A0136_008 f 0.00  0.000     0  0.00  0  0  -9.006   2.847   2.030  -0.006  -0.979   0.000 01E07BM000t
00009 LYS01A0136_009 f 0.00  0.000     0  0.00  0  0  -9.334   2.877   1.848   0.002  -1.052   0.000 01T004M000t
00010 LYS01A0136_010 f 0.00  0.000     0  0.00  0  0  -9.067   4.392   1.809   0.030  -0.945   0.000 01T005M000t
00011 LYS01A0136_011 f 0.00  0.000     0  0.00  0  0  -7.696   3.352   2.025  -0.015  -0.929   0.000 01T014M000t
00012 LYS01A0136_012 f 0.00  0.000     0  0.00  0  0 -10.045   7.627   1.253   0.003  -0.947   0.000 01T01AM000t
00013 LYS01A0136_013 f 0.00  0.000     0  0.00  0  0 -11.117   4.850   1.172   0.007  -0.956   0.000 01T02CM000t
00014 LYS01A0136_014 f 0.00  0.000     0  0.00  0  0 -11.641   3.625   1.659  -0.009  -0.974   0.000 01T037M000t
00015 LYS01A0136_015 f 0.00  0.000     0  0.00  0  0 -11.717   4.178   1.317  -0.019  -0.934   0.000 01T03FM000t
00016 LYS01A0136_016 f 0.00  0.000     0  0.00  0  0  -9.989   2.612   2.008  -0.029  -1.080   0.000 01T042M000t
00017 LYS01A0136_017 f 0.00  0.000     0  0.00  0  0  -9.707   2.537   1.459  -0.004  -1.021   0.000 01T053M000t
00018 LYS01A0136_018 f 0.00  0.000     0  0.00  0  0 -10.684   2.570   1.153  -0.003  -0.924   0.000 01T057M000t
00019 LYS01A0136_019 f 0.00  0.000     0  0.00  0  0 -11.202   2.594   1.175  -0.006  -1.065   0.000 01T059M000t
00020 LYS+1A0136_020 f 0.00  1.000     0 10.40  0  1 -10.192   2.609   1.463   0.077 -12.834   0.000 +1O000M000t
00021 LYS+1A0136_021 f 0.00  1.000     0 10.40  0  1  -7.913   2.796   1.867   0.018 -12.788   0.000 +1E00DM000t
00022 LYS+1A0136_022 f 0.00  1.000     0 10.40  0  1 -10.061   7.622   1.257  -0.005 -12.802   0.000 +1E01AM000t
00023 LYS+1A0136_023 f 0.00  1.000     0 10.40  0  1 -11.105   4.823   1.177  -0.055 -12.946   0.000 +1E02CM000t
00024 LYS+1A0136_024 f 0.00  1.000     0 10.40  0  1 -11.032   4.146   3.646   0.048 -13.100   0.000 +1E038M000t
00025 LYS+1A0136_025 f 0.00  1.000     0 10.40  0  1 -11.646   4.190   1.322   0.109 -12.927   0.000 +1E03FM000t
00026 LYS+1A0136_026 f 0.00  1.000     0 10.40  0  1  -9.820   2.539   1.464   0.037 -12.813   0.000 +1E053M000t
00027 LYS+1A0136_027 f 0.00  1.000     0 10.40  0  1 -11.233   2.600   1.185   0.013 -12.946   0.000 +1E059M000t
00028 LYS+1A0136_028 f 0.00  1.000     0 10.40  0  1 -10.417   3.964   3.620  -0.097 -12.842   0.000 +1E06CM000t
00029 LYS+1A0136_029 f 0.00  1.000     0 10.40  0  1  -8.992   3.255   2.121  -0.003 -12.560   0.000 +1E077M000t
00030 LYS+1A0136_030 f 0.00  1.000     0 10.40  0  1  -9.094   2.829   2.035   0.008 -12.685   0.000 +1E07BM000t
00031 LYS+1A0136_031 f 0.00  1.000     0 10.40  0  1  -9.113   4.400   1.816  -0.114 -12.768   0.000 +1T005M000t
00032 LYS+1A0136_032 f 0.00  1.000     0 10.40  0  1  -7.640   3.351   2.034  -0.058 -12.749   0.000 +1T014M000t
00033 LYS+1A0136_033 f 0.00  1.000     0 10.40  0  1  -9.193   3.309   1.846  -0.053 -12.938   0.000 +1T02EM000t
00034 LYS+1A0136_034 f 0.00  1.000     0 10.40  0  1 -11.671   3.611   1.670   0.054 -13.017   0.000 +1T037M000t
00035 LYS+1A0136_035 f 0.00  1.000     0 10.40  0  1  -9.932   2.608   2.018   0.125 -13.076   0.000 +1T042M000t
00036 LYS+1A0136_036 f 0.00  1.000     0 10.40  0  1  -5.459   2.367   0.808  -0.005 -12.706   0.000 +1T051M000t
00037 LYS+1A0136_037 f 0.00  1.000     0 10.40  0  1 -10.753   2.575   1.177   0.055 -12.934   0.000 +1T057M000t
