CONFORMER         crg  vdw0  vdw1  tors  epol  self   occ  Hb     history    ASA
LYS01A0136_001  0.000-10.12  2.61  1.46  0.00 -6.05 0.502  00  01O000M000  1.000
LYS01A0136_002  0.000 -8.09  2.80  1.85  0.00 -3.44 0.504  00  01E00DM000  1.000
LYS01A0136_003  0.000 -9.10  3.31  1.84  0.00 -3.94 0.504  00  01E02EM000  1.000
LYS01A0136_004  0.000-11.00  4.11  3.62  0.00 -3.27 0.503  00  01E038M000  1.000
LYS01A0136_005  0.000 -5.41  2.38  0.81  0.00 -2.22 0.504  00  01E051M000  1.000
LYS01A0136_006  0.000-10.39  3.95  3.57  0.00 -2.86 0.503  00  01E06CM000  1.000
LYS01A0136_007  0.000 -8.99  3.25  2.11  0.00 -3.63 0.503  00  01E077M000  1.000
LYS01A0136_008  0.000 -9.00  2.84  2.03  0.00 -4.13 0.503  00  01E07BM000  1.000
LYS01A0136_009  0.000 -9.34  2.87  1.85  0.00 -4.62 0.505  00  01T004M000  1.000
LYS01A0136_010  0.000 -9.07  4.39  1.81  0.00 -2.87 0.505  00  01T005M000  1.000
LYS01A0136_011  0.000 -7.69  3.35  2.02  0.00 -2.32 0.503  00  01T014M000  1.000
LYS01A0136_012  0.000 -9.99  7.63  1.26  0.00 -1.11 0.503  00  01T01AM000  1.000
LYS01A0136_013  0.000-11.12  4.85  1.17  0.00 -5.10 0.504  00  01T02CM000  1.000
LYS01A0136_014  0.000-11.64  3.62  1.66  0.00 -6.36 0.503  00  01T037M000  1.000
LYS01A0136_015  0.000-11.72  4.17  1.32  0.00 -6.23 0.504  00  01T03FM000  1.000
LYS01A0136_016  0.000-10.03  2.61  2.01  0.00 -5.42 0.504  00  01T042M000  1.000
LYS01A0136_017  0.000 -9.71  2.53  1.46  0.00 -5.72 0.503  00  01T053M000  1.000
LYS01A0136_018  0.000-10.68  2.57  1.15  0.00 -6.96 0.503  00  01T057M000  1.000
LYS01A0136_019  0.000-11.20  2.59  1.17  0.00 -7.43 0.502  00  01T059M000  1.000
LYS+1A0136_020  1.000-10.19  2.61  1.46  0.00 -6.12 0.502  00  +1O000M000  1.000
LYS+1A0136_021  1.000 -7.96  2.80  1.87  0.00 -3.29 0.504  00  +1E00DM000  1.000
LYS+1A0136_022  1.000-10.06  7.61  1.26  0.00 -1.19 0.503  00  +1E01AM000  1.000
LYS+1A0136_023  1.000-11.11  4.82  1.18  0.00 -5.11 0.504  00  +1E02CM000  1.000
LYS+1A0136_024  1.000-11.03  4.14  3.65  0.00 -3.24 0.503  00  +1E038M000  1.000
LYS+1A0136_025  1.000-11.65  4.18  1.32  0.00 -6.14 0.504  00  +1E03FM000  1.000
LYS+1A0136_026  1.000 -9.82  2.53  1.46  0.00 -5.82 0.503  00  +1E053M000  1.000
LYS+1A0136_027  1.000-11.24  2.60  1.19  0.00 -7.45 0.502  00  +1E059M000  1.000
LYS+1A0136_028  1.000-10.45  3.96  3.62  0.00 -2.87 0.503  00  +1E06CM000  1.000
LYS+1A0136_029  1.000 -8.99  3.25  2.12  0.00 -3.62 0.503  00  +1E077M000  1.000
LYS+1A0136_030  1.000 -9.09  2.83  2.03  0.00 -4.23 0.503  00  +1E07BM000  1.000
LYS+1A0136_031  1.000 -9.11  4.39  1.82  0.00 -2.90 0.505  00  +1T005M000  1.000
LYS+1A0136_032  1.000 -7.63  3.35  2.03  0.00 -2.25 0.503  00  +1T014M000  1.000
LYS+1A0136_033  1.000 -9.19  3.31  1.85  0.00 -4.04 0.504  00  +1T02EM000  1.000
LYS+1A0136_034  1.000-11.67  3.61  1.67  0.00 -6.40 0.503  00  +1T037M000  1.000
LYS+1A0136_035  1.000-10.00  2.60  2.02  0.00 -5.38 0.504  00  +1T042M000  1.000
LYS+1A0136_036  1.000 -5.46  2.37  0.81  0.00 -2.28 0.504  00  +1T051M000  1.000
LYS+1A0136_037  1.000-10.70  2.57  1.18  0.00 -6.95 0.503  00  +1T057M000  1.000
