   confID        vdw0    sas     sum
LYS01A0136_001   2.002 -12.126 -10.124
LYS01A0136_002   4.089 -12.187  -8.098
LYS01A0136_003   3.042 -12.135  -9.094
LYS01A0136_004   1.564 -12.560 -10.996
LYS01A0136_005   6.032 -11.441  -5.409
LYS01A0136_006   1.452 -11.881 -10.429
LYS01A0136_007   3.119 -12.117  -8.998
LYS01A0136_008   3.236 -12.242  -9.006
LYS01A0136_009   2.773 -12.107  -9.334
LYS01A0136_010   2.895 -11.962  -9.067
LYS01A0136_011   4.356 -12.052  -7.696
LYS01A0136_012   2.007 -12.052 -10.045
LYS01A0136_013   1.271 -12.388 -11.117
LYS01A0136_014   1.150 -12.791 -11.641
LYS01A0136_015   1.145 -12.862 -11.717
LYS01A0136_016   2.381 -12.370  -9.989
LYS01A0136_017   2.177 -11.884  -9.707
LYS01A0136_018   1.477 -12.161 -10.684
LYS01A0136_019   1.229 -12.431 -11.202
LYS+1A0136_020   1.934 -12.126 -10.192
LYS+1A0136_021   4.145 -12.058  -7.913
LYS+1A0136_022   1.939 -12.000 -10.061
LYS+1A0136_023   1.232 -12.337 -11.105
LYS+1A0136_024   1.528 -12.560 -11.032
LYS+1A0136_025   1.109 -12.756 -11.646
LYS+1A0136_026   2.077 -11.897  -9.820
LYS+1A0136_027   1.197 -12.431 -11.233
LYS+1A0136_028   1.399 -11.816 -10.417
LYS+1A0136_029   2.993 -11.985  -8.992
LYS+1A0136_030   3.148 -12.242  -9.094
LYS+1A0136_031   2.849 -11.962  -9.113
LYS+1A0136_032   4.412 -12.052  -7.640
LYS+1A0136_033   2.943 -12.135  -9.193
LYS+1A0136_034   1.120 -12.791 -11.671
LYS+1A0136_035   2.370 -12.302  -9.932
LYS+1A0136_036   5.982 -11.441  -5.459
LYS+1A0136_037   1.392 -12.145 -10.753
