CONFORMER         crg  vdw0  vdw1  tors  epol  self   occ  Hb     history    ASA
LYS01A0016_001  0.000-10.21  1.09  2.73  0.00 -6.40 0.501  00  01O000M000  1.000
LYS01A0016_002  0.000-11.05  2.13  4.43  0.00 -4.49 0.502  00  01E03EM000  1.000
LYS01A0016_003  0.000 -9.43  2.17  3.80  0.00 -3.46 0.501  00  01E061M000  1.000
LYS01A0016_004  0.000 -7.91  2.57  3.34  0.00 -1.99 0.502  00  01E093M000  1.000
LYS01A0016_005  0.000-10.20  0.82  2.17  0.00 -7.22 0.502  00  01E0A7M000  1.000
LYS01A0016_006  0.000 -7.49  1.04  2.66  0.00 -3.78 0.502  00  01E0AAM000  1.000
LYS01A0016_007  0.000-10.67  2.78  2.00  0.00 -5.89 0.502  00  01E0E9M000  1.000
LYS01A0016_008  0.000-10.07  0.64  1.45  0.00 -7.98 0.502  00  01T01AM000  1.000
LYS01A0016_009  0.000-10.85  2.17  4.09  0.00 -4.59 0.502  00  01T05EM000  1.000
LYS01A0016_010  0.000-12.33  4.83  3.91  0.00 -3.59 0.501  00  01T067M000  1.000
LYS01A0016_011  0.000-10.73  3.37  1.88  0.00 -5.48 0.502  00  01T06EM000  1.000
LYS01A0016_012  0.000 -7.30  0.98  2.50  0.00 -3.82 0.502  00  01T082M000  1.000
LYS01A0016_013  0.000-10.28  0.84  2.83  0.00 -6.62 0.502  00  01T09BM000  1.000
LYS01A0016_014  0.000 -9.98  0.97  2.22  0.00 -6.79 0.502  00  01T0AEM000  1.000
LYS01A0016_015  0.000 -8.52  1.97  3.70  0.00 -2.85 0.502  00  01T0D3M000  1.000
LYS01A0016_016  0.000 -6.95  1.54  3.46  0.00 -1.95 0.501  00  01T0DDM000  1.000
LYS01A0016_017  0.000 -7.41  3.26  3.53  0.00 -0.62 0.502  00  01T0FDM000  1.000
LYS01A0016_018  0.000-10.51  3.75  2.32  0.00 -4.45 0.501  00  01T101M000  1.000
LYS01A0016_019  0.000 -9.35  4.78  3.25  0.00 -1.31 0.501  00  01T10CM000  1.000
LYS+1A0016_020  1.000-10.28  1.08  2.73  0.00 -6.47 0.501  00  +1O000M000  1.000
LYS+1A0016_021  1.000-10.06  0.64  1.49  0.00 -7.94 0.502  00  +1E01AM000  1.000
LYS+1A0016_022  1.000-11.17  2.13  4.48  0.00 -4.56 0.502  00  +1E03EM000  1.000
LYS+1A0016_023  1.000-11.03  2.18  4.13  0.00 -4.73 0.502  00  +1E05EM000  1.000
LYS+1A0016_024  1.000-10.94  3.41  1.97  0.00 -5.56 0.502  00  +1E06EM000  1.000
LYS+1A0016_025  1.000 -7.37  0.98  2.51  0.00 -3.88 0.502  00  +1E082M000  1.000
LYS+1A0016_026  1.000 -7.80  2.56  3.45  0.00 -1.78 0.502  00  +1E093M000  1.000
LYS+1A0016_027  1.000-10.37  0.82  2.21  0.00 -7.35 0.502  00  +1E0A7M000  1.000
LYS+1A0016_028  1.000 -9.97  0.97  2.25  0.00 -6.75 0.502  00  +1E0AEM000  1.000
LYS+1A0016_029  1.000 -8.65  1.97  3.75  0.00 -2.93 0.502  00  +1E0D3M000  1.000
LYS+1A0016_030  1.000-10.62  2.78  2.04  0.00 -5.80 0.502  00  +1E0E9M000  1.000
LYS+1A0016_031  1.000 -7.28  3.27  3.61  0.00 -0.41 0.502  00  +1E0FDM000  1.000
LYS+1A0016_032  1.000 -9.29  4.76  3.28  0.00 -1.25 0.501  00  +1E10CM000  1.000
LYS+1A0016_033  1.000 -9.44  2.17  3.81  0.00 -3.45 0.501  00  +1T061M000  1.000
LYS+1A0016_034  1.000-12.45  4.86  3.97  0.00 -3.62 0.501  00  +1T067M000  1.000
LYS+1A0016_035  1.000-10.42  0.84  2.91  0.00 -6.67 0.502  00  +1T09BM000  1.000
LYS+1A0016_036  1.000 -7.62  1.04  2.76  0.00 -3.83 0.502  00  +1T0AAM000  1.000
LYS+1A0016_037  1.000 -6.95  1.53  3.47  0.00 -1.95 0.501  00  +1T0DDM000  1.000
LYS+1A0016_038  1.000-10.54  3.81  2.37  0.00 -4.35 0.501  00  +1T101M000  1.000
