iConf CONFORMER     FL  occ    crg   Em0  pKa0 ne nH    vdw0    vdw1    tors    epol   dsolv   extra    history
00001 LYS01A0016_001 f 0.00  0.000     0  0.00  0  0 -10.211   1.085   2.728  -0.006  -0.242   0.000 01O000M000t
00002 LYS01A0016_002 f 0.00  0.000     0  0.00  0  0 -11.053   2.141   4.437  -0.007  -0.214   0.000 01E03EM000t
00003 LYS01A0016_003 f 0.00  0.000     0  0.00  0  0  -9.431   2.175   3.803  -0.001  -0.202   0.000 01E061M000t
00004 LYS01A0016_004 f 0.00  0.000     0  0.00  0  0  -7.922   2.576   3.342  -0.013  -0.210   0.000 01E093M000t
00005 LYS01A0016_005 f 0.00  0.000     0  0.00  0  0 -10.198   0.816   2.167  -0.004  -0.210   0.000 01E0A7M000t
00006 LYS01A0016_006 f 0.00  0.000     0  0.00  0  0  -7.486   1.043   2.665  -0.006  -0.205   0.000 01E0AAM000t
00007 LYS01A0016_007 f 0.00  0.000     0  0.00  0  0 -10.668   2.781   2.002  -0.002  -0.219   0.000 01E0E9M000t
00008 LYS01A0016_008 f 0.00  0.000     0  0.00  0  0 -10.024   0.643   1.453  -0.013  -0.206   0.000 01T01AM000t
00009 LYS01A0016_009 f 0.00  0.000     0  0.00  0  0 -10.849   2.171   4.090  -0.006  -0.200   0.000 01T05EM000t
00010 LYS01A0016_010 f 0.00  0.000     0  0.00  0  0 -12.398   4.830   3.911  -0.008  -0.209   0.000 01T067M000t
00011 LYS01A0016_011 f 0.00  0.000     0  0.00  0  0 -10.676   3.363   1.881   0.000  -0.201   0.000 01T06EM000t
00012 LYS01A0016_012 f 0.00  0.000     0  0.00  0  0  -7.296   0.984   2.496  -0.011  -0.213   0.000 01T082M000t
00013 LYS01A0016_013 f 0.00  0.000     0  0.00  0  0 -10.279   0.841   2.827  -0.007  -0.205   0.000 01T09BM000t
00014 LYS01A0016_014 f 0.00  0.000     0  0.00  0  0  -9.975   0.969   2.218  -0.004  -0.255   0.000 01T0AEM000t
00015 LYS01A0016_015 f 0.00  0.000     0  0.00  0  0  -8.516   1.972   3.704  -0.004  -0.189   0.000 01T0D3M000t
00016 LYS01A0016_016 f 0.00  0.000     0  0.00  0  0  -6.961   1.547   3.458  -0.021  -0.191   0.000 01T0DDM000t
00017 LYS01A0016_017 f 0.00  0.000     0  0.00  0  0  -7.372   3.256   3.534  -0.008  -0.216   0.000 01T0FDM000t
00018 LYS01A0016_018 f 0.00  0.000     0  0.00  0  0 -10.514   3.744   2.322  -0.006  -0.202   0.000 01T101M000t
00019 LYS01A0016_019 f 0.00  0.000     0  0.00  0  0  -9.348   4.774   3.254  -0.006  -0.205   0.000 01T10CM000t
00020 LYS+1A0016_020 f 0.00  1.000     0 10.40  0  1 -10.281   1.082   2.728   0.087  -3.089   0.000 +1O000M000t
00021 LYS+1A0016_021 f 0.00  1.000     0 10.40  0  1 -10.062   0.637   1.488   0.002  -3.053   0.000 +1E01AM000t
00022 LYS+1A0016_022 f 0.00  1.000     0 10.40  0  1 -11.173   2.139   4.477   0.055  -3.096   0.000 +1E03EM000t
00023 LYS+1A0016_023 f 0.00  1.000     0 10.40  0  1 -11.037   2.179   4.132   0.043  -3.104   0.000 +1E05EM000t
00024 LYS+1A0016_024 f 0.00  1.000     0 10.40  0  1 -10.942   3.411   1.966   0.042  -3.066   0.000 +1E06EM000t
00025 LYS+1A0016_025 f 0.00  1.000     0 10.40  0  1  -7.392   0.982   2.513   0.076  -3.094   0.000 +1E082M000t
00026 LYS+1A0016_026 f 0.00  1.000     0 10.40  0  1  -7.810   2.567   3.457  -0.001  -3.070   0.000 +1E093M000t
00027 LYS+1A0016_027 f 0.00  1.000     0 10.40  0  1 -10.373   0.819   2.206   0.013  -3.093   0.000 +1E0A7M000t
00028 LYS+1A0016_028 f 0.00  1.000     0 10.40  0  1  -9.965   0.971   2.247   0.006  -3.102   0.000 +1E0AEM000t
00029 LYS+1A0016_029 f 0.00  1.000     0 10.40  0  1  -8.654   1.968   3.752   0.030  -3.009   0.000 +1E0D3M000t
00030 LYS+1A0016_030 f 0.00  1.000     0 10.40  0  1 -10.615   2.777   2.042   0.007  -3.102   0.000 +1E0E9M000t
00031 LYS+1A0016_031 f 0.00  1.000     0 10.40  0  1  -7.264   3.269   3.605   0.059  -3.096   0.000 +1E0FDM000t
00032 LYS+1A0016_032 f 0.00  1.000     0 10.40  0  1  -9.321   4.755   3.279   0.027  -3.088   0.000 +1E10CM000t
00033 LYS+1A0016_033 f 0.00  1.000     0 10.40  0  1  -9.444   2.177   3.815   0.086  -3.034   0.000 +1T061M000t
00034 LYS+1A0016_034 f 0.00  1.000     0 10.40  0  1 -12.455   4.873   3.966   0.082  -3.095   0.000 +1T067M000t
00035 LYS+1A0016_035 f 0.00  1.000     0 10.40  0  1 -10.420   0.837   2.912   0.047  -3.089   0.000 +1T09BM000t
00036 LYS+1A0016_036 f 0.00  1.000     0 10.40  0  1  -7.627   1.039   2.761   0.013  -3.107   0.000 +1T0AAM000t
00037 LYS+1A0016_037 f 0.00  1.000     0 10.40  0  1  -6.956   1.530   3.470   0.079  -3.024   0.000 +1T0DDM000t
00038 LYS+1A0016_038 f 0.00  1.000     0 10.40  0  1 -10.539   3.817   2.371   0.064  -3.126   0.000 +1T101M000t
