   confID        vdw0    sas     sum
LYS01A0016_001   1.947 -12.158 -10.211
LYS01A0016_002   1.748 -12.801 -11.053
LYS01A0016_003   2.958 -12.390  -9.431
LYS01A0016_004   4.512 -12.434  -7.922
LYS01A0016_005   2.139 -12.338 -10.198
LYS01A0016_006   4.680 -12.166  -7.486
LYS01A0016_007   2.139 -12.807 -10.668
LYS01A0016_008   2.108 -12.132 -10.024
LYS01A0016_009   1.833 -12.682 -10.849
LYS01A0016_010   0.709 -13.107 -12.398
LYS01A0016_011   1.227 -11.904 -10.676
LYS01A0016_012   5.199 -12.495  -7.296
LYS01A0016_013   2.390 -12.669 -10.279
LYS01A0016_014   2.178 -12.154  -9.975
LYS01A0016_015   3.627 -12.143  -8.516
LYS01A0016_016   4.857 -11.817  -6.961
LYS01A0016_017   4.891 -12.264  -7.372
LYS01A0016_018   1.952 -12.466 -10.514
LYS01A0016_019   3.038 -12.386  -9.348
LYS+1A0016_020   1.877 -12.158 -10.281
LYS+1A0016_021   2.019 -12.081 -10.062
LYS+1A0016_022   1.695 -12.869 -11.173
LYS+1A0016_023   1.764 -12.801 -11.037
LYS+1A0016_024   1.161 -12.103 -10.942
LYS+1A0016_025   5.103 -12.495  -7.392
LYS+1A0016_026   4.592 -12.402  -7.810
LYS+1A0016_027   2.093 -12.466 -10.373
LYS+1A0016_028   2.124 -12.089  -9.965
LYS+1A0016_029   3.579 -12.233  -8.654
LYS+1A0016_030   2.118 -12.733 -10.615
LYS+1A0016_031   4.929 -12.192  -7.264
LYS+1A0016_032   3.155 -12.476  -9.321
LYS+1A0016_033   2.946 -12.390  -9.444
LYS+1A0016_034   0.664 -13.119 -12.455
LYS+1A0016_035   2.338 -12.759 -10.420
LYS+1A0016_036   4.713 -12.340  -7.627
LYS+1A0016_037   4.861 -11.817  -6.956
LYS+1A0016_038   1.927 -12.466 -10.539
