iConf CONFORMER     FL  occ    crg   Em0  pKa0 ne nH    vdw0    vdw1    tors    epol   dsolv   extra    history
00001 MET01A0098_001 f 0.00  0.000     0  0.00  0  0 -11.258   0.869   2.246   0.009  -0.002   0.000 01O000M000t
00002 MET01A0098_002 f 0.00  0.000     0  0.00  0  0 -11.618   1.176   3.009   0.004  -0.002   0.000 01R001M000t
00003 MET01A0098_003 f 0.00  0.000     0  0.00  0  0 -10.512   0.782   2.710   0.001  -0.002   0.000 01R004M000t
00004 MET01A0098_004 f 0.00  0.000     0  0.00  0  0 -11.651   4.562   2.401   0.009  -0.002   0.000 01R005M000t
00005 MET01A0098_005 f 0.00  0.000     0  0.00  0  0 -10.395   3.295   3.167  -0.005  -0.002   0.000 01R00DM000t
00006 MET01A0098_006 f 0.00  0.000     0  0.00  0  0  -6.860   0.508   2.247   0.007  -0.002   0.000 01R010M000t
00007 MET01A0098_007 f 0.00  0.000     0  0.00  0  0 -11.983   0.792   4.125   0.010  -0.002   0.000 01R011M000t
00008 MET01A0098_008 f 0.00  0.000     0  0.00  0  0 -11.809   1.191   4.888   0.007  -0.002   0.000 01R015M000t
00009 MET01A0098_009 f 0.00  0.000     0  0.00  0  0 -11.981   1.259   3.009   0.006  -0.003   0.000 01R016M000t
00010 MET01A0098_010 f 0.00  0.000     0  0.00  0  0  -6.821   2.001   2.244   0.006  -0.002   0.000 01R018M000t
00011 MET01A0098_011 f 0.00  0.000     0  0.00  0  0 -11.687   0.968   2.710   0.005  -0.002   0.000 01R020M000t
00012 MET01A0098_012 f 0.00  0.000     0  0.00  0  0 -12.479   3.315   1.224  -0.004  -0.002   0.000 01R025M000t
00013 MET01A0098_013 f 0.00  0.000     0  0.00  0  0 -11.329   0.928   4.124   0.002  -0.002   0.000 01R027M000t
00014 MET01A0098_014 f 0.00  0.000     0  0.00  0  0  -6.796   0.815   3.010  -0.001  -0.002   0.000 01R036M000t
00015 MET01A0098_015 f 0.00  0.000     0  0.00  0  0 -10.654   0.994   3.475   0.005  -0.002   0.000 01R03AM000t
00016 MET01A0098_016 f 0.00  0.000     0  0.00  0  0 -11.983   2.796   3.463   0.004  -0.002   0.000 01R044M000t
00017 MET01A0098_017 f 0.00  0.000     0  0.00  0  0 -11.959   4.387   2.510  -0.010  -0.002   0.000 01R04BM000t
00018 MET01A0098_018 f 0.00  0.000     0  0.00  0  0 -11.841   7.185   2.325   0.009  -0.002   0.000 01T005M000t
00019 MET01A0098_019 f 0.00  0.000     0  0.00  0  0 -12.313   3.295   3.862  -0.008  -0.002   0.000 01T022M000t
00020 MET01A0098_020 f 0.00  0.000     0  0.00  0  0 -12.001   3.035   1.284   0.006  -0.002   0.000 01T049M000t
