CONFORMER         crg  vdw0  vdw1  tors  epol  self   occ  Hb     history    ASA
MET01A0098_001  0.000-11.26  0.87  2.25  0.00 -8.14 0.505  00  01O000M000  1.000
MET01A0098_002  0.000-11.62  1.17  3.01  0.00 -7.43 0.505  00  01R001M000  1.000
MET01A0098_003  0.000-10.52  0.78  2.71  0.00 -7.02 0.507  00  01R004M000  1.000
MET01A0098_004  0.000-11.65  4.56  2.40  0.00 -4.69 0.505  00  01R005M000  1.000
MET01A0098_005  0.000-10.40  3.30  3.17  0.00 -3.94 0.507  00  01R00DM000  1.000
MET01A0098_006  0.000 -6.88  0.51  2.25  0.00 -4.12 0.506  00  01R010M000  1.000
MET01A0098_007  0.000-11.98  0.79  4.12  0.00 -7.07 0.507  00  01R011M000  1.000
MET01A0098_008  0.000-11.81  1.19  4.89  0.00 -5.73 0.505  00  01R015M000  1.000
MET01A0098_009  0.000-11.98  1.26  3.01  0.00 -7.71 0.507  00  01R016M000  1.000
MET01A0098_010  0.000 -6.83  2.00  2.25  0.00 -2.58 0.506  00  01R018M000  1.000
MET01A0098_011  0.000-11.69  0.97  2.71  0.00 -8.01 0.506  00  01R020M000  1.000
MET01A0098_012  0.000-12.48  3.31  1.22  0.00 -7.95 0.506  00  01R025M000  1.000
MET01A0098_013  0.000-11.40  0.93  4.12  0.00 -6.34 0.505  00  01R027M000  1.000
MET01A0098_014  0.000 -6.81  0.81  3.01  0.00 -2.99 0.504  00  01R036M000  1.000
MET01A0098_015  0.000-10.65  0.99  3.48  0.00 -6.19 0.505  00  01R03AM000  1.000
MET01A0098_016  0.000-11.98  2.79  3.46  0.00 -5.72 0.506  00  01R044M000  1.000
MET01A0098_017  0.000-11.96  4.38  2.51  0.00 -5.07 0.505  00  01R04BM000  1.000
MET01A0098_018  0.000-11.84  7.17  2.33  0.00 -2.34 0.505  00  01T005M000  1.000
MET01A0098_019  0.000-12.27  3.29  3.86  0.00 -5.11 0.506  00  01T022M000  1.000
MET01A0098_020  0.000-11.95  3.04  1.28  0.00 -7.63 0.507  00  01T049M000  1.000
