   confID        vdw0    sas     sum
MET01A0098_001   0.117 -11.375 -11.258
MET01A0098_002   0.117 -11.735 -11.618
MET01A0098_003   0.950 -11.462 -10.512
MET01A0098_004   0.093 -11.744 -11.651
MET01A0098_005   0.915 -11.310 -10.395
MET01A0098_006   4.576 -11.436  -6.860
MET01A0098_007   0.145 -12.128 -11.983
MET01A0098_008   0.146 -11.955 -11.809
MET01A0098_009   0.054 -12.035 -11.981
MET01A0098_010   4.568 -11.389  -6.821
MET01A0098_011   0.105 -11.792 -11.687
MET01A0098_012  -0.149 -12.331 -12.479
MET01A0098_013   0.126 -11.455 -11.329
MET01A0098_014   4.488 -11.285  -6.796
MET01A0098_015   0.591 -11.244 -10.654
MET01A0098_016   0.065 -12.048 -11.983
MET01A0098_017  -0.016 -11.942 -11.959
MET01A0098_018   0.115 -11.956 -11.841
MET01A0098_019  -0.036 -12.278 -12.313
MET01A0098_020  -0.029 -11.972 -12.001
