iConf CONFORMER     FL  occ    crg   Em0  pKa0 ne nH    vdw0    vdw1    tors    epol   dsolv   extra    history
00001 GLU01A0010_001 f 0.00  0.000     0  0.00  0  0  -3.382   0.775   3.392   0.066  -1.237   0.000 01O000M000t
00002 GLU01A0010_002 f 0.00  0.000     0  0.00  0  0  -3.382   0.775   0.672   0.018  -0.901   0.000 01O000M000t
00003 GLU01A0010_003 f 0.00  0.000     0  0.00  0  0  -2.974   1.125   0.477   0.036  -0.896   0.000 01E002M000t
00004 GLU01A0010_004 f 0.00  0.000     0  0.00  0  0  -3.088   2.538   3.244   0.052  -1.211   0.000 01T001M000t
00005 GLU01A0010_005 f 0.00  0.000     0  0.00  0  0  -3.147   0.765   2.928   0.037  -1.306   0.000 01T005M000t
00006 GLU01A0010_006 f 0.00  0.000     0  0.00  0  0  -2.678   2.490   2.928  -0.027  -1.273   0.000 01T007M000t
00007 GLU01A0010_007 f 0.00  0.000     0  0.00  0  0  -2.774   1.193   2.925   0.065  -1.303   0.000 01T009M000t
00008 GLU01A0010_008 f 0.00  0.000     0  0.00  0  0  -2.970   1.124   3.190   0.061  -1.181   0.000 01T002M000t
00009 GLU01A0010_009 f 0.00  0.000     0  0.00  0  0  -3.330   1.399   3.238   0.140  -1.203   0.000 01T003M000t
00010 GLU01A0010_010 f 0.00  0.000     0  0.00  0  0  -3.803   0.831   3.431   0.072  -1.235   0.000 01T00AM000t
00011 GLU01A0010_011 f 0.00  0.000     0  0.00  0  0  -3.101   2.538   0.524   0.021  -0.927   0.000 01T001M000t
00012 GLU01A0010_012 f 0.00  0.000     0  0.00  0  0  -2.774   1.193   0.205   0.037  -0.892   0.000 01T009M000t
00013 GLU01A0010_013 f 0.00  0.000     0  0.00  0  0  -4.053   0.834   0.732   0.034  -0.888   0.000 01T00AM000t
00014 GLU01A0010_014 f 0.00  0.000     0  0.00  0  0  -3.330   1.399   0.518   0.081  -0.894   0.000 01T003M000t
00015 GLU02A0010_015 f 0.00  0.000     0  0.00  0  0  -3.544   0.779   3.392   0.023  -1.286   0.000 02O000M000t
00016 GLU02A0010_016 f 0.00  0.000     0  0.00  0  0  -3.400   1.136   3.242   0.072  -1.313   0.000 02E002M000t
00017 GLU02A0010_017 f 0.00  0.000     0  0.00  0  0  -2.674   0.753   2.928   0.045  -1.183   0.000 02E005M000t
00018 GLU02A0010_018 f 0.00  0.000     0  0.00  0  0  -2.126   2.480   2.928   0.073  -1.182   0.000 02E007M000t
00019 GLU02A0010_019 f 0.00  0.000     0  0.00  0  0  -3.544   0.779   0.672   0.010  -0.886   0.000 02O000M000t
00020 GLU02A0010_020 f 0.00  0.000     0  0.00  0  0  -3.680   1.330   0.513   0.088  -0.878   0.000 02E003M000t
00021 GLU02A0010_021 f 0.00  0.000     0  0.00  0  0  -2.337   1.192   0.206   0.035  -0.894   0.000 02E009M000t
00022 GLU02A0010_022 f 0.00  0.000     0  0.00  0  0  -3.747   1.332   3.278   0.135  -1.276   0.000 02T003M000t
00023 GLU02A0010_023 f 0.00  0.000     0  0.00  0  0  -2.337   1.194   2.925   0.073  -1.161   0.000 02T009M000t
00024 GLU02A0010_024 f 0.00  0.000     0  0.00  0  0  -3.919   0.854   3.395   0.075  -1.227   0.000 02T00AM000t
00025 GLU02A0010_025 f 0.00  0.000     0  0.00  0  0  -4.014   0.830   0.811   0.032  -0.889   0.000 02T00AM000t
00026 GLU02A0010_026 f 0.00  0.000     0  0.00  0  0  -2.159   2.491   0.208   0.020  -0.883   0.000 02T007M000t
00027 GLU-1A0010_027 f 0.00 -1.000     0  4.75  0 -1  -3.573   0.791   0.672  -0.068  -7.435   0.000 -1O000M000t
00028 GLU-1A0010_028 f 0.00 -1.000     0  4.75  0 -1  -3.593   1.349   0.530  -0.274  -7.336   0.000 -1E003M000t
00029 GLU-1A0010_029 f 0.00 -1.000     0  4.75  0 -1  -2.650   2.512   0.208  -0.033  -7.417   0.000 -1E007M000t
00030 GLU-1A0010_030 f 0.00 -1.000     0  4.75  0 -1  -3.635   1.328   0.689  -0.078  -7.450   0.000 -1E008M000t
00031 GLU-1A0010_031 f 0.00 -1.000     0  4.75  0 -1  -4.060   0.849   0.731  -0.200  -7.339   0.000 -1E00AM000t
