   confID        vdw0    sas     sum
GLU01A0010_001   1.271  -4.653  -3.382
GLU01A0010_002   1.271  -4.653  -3.382
GLU01A0010_003   1.778  -4.752  -2.974
GLU01A0010_004   1.617  -4.705  -3.088
GLU01A0010_005   1.919  -5.066  -3.147
GLU01A0010_006   1.904  -4.582  -2.678
GLU01A0010_007   1.939  -4.713  -2.774
GLU01A0010_008   1.782  -4.752  -2.970
GLU01A0010_009   1.527  -4.857  -3.330
GLU01A0010_010   1.016  -4.819  -3.803
GLU01A0010_011   1.617  -4.718  -3.101
GLU01A0010_012   1.939  -4.713  -2.774
GLU01A0010_013   0.881  -4.935  -4.053
GLU01A0010_014   1.527  -4.857  -3.330
GLU02A0010_015   1.083  -4.627  -3.544
GLU02A0010_016   1.378  -4.778  -3.400
GLU02A0010_017   2.372  -5.046  -2.674
GLU02A0010_018   2.383  -4.509  -2.126
GLU02A0010_019   1.083  -4.627  -3.544
GLU02A0010_020   1.261  -4.941  -3.680
GLU02A0010_021   2.404  -4.742  -2.337
GLU02A0010_022   1.202  -4.949  -3.747
GLU02A0010_023   2.405  -4.742  -2.337
GLU02A0010_024   0.996  -4.915  -3.919
GLU02A0010_025   0.960  -4.974  -4.014
GLU02A0010_026   2.376  -4.535  -2.159
GLU-1A0010_027   0.983  -4.556  -3.573
GLU-1A0010_028   1.142  -4.735  -3.593
GLU-1A0010_029   1.837  -4.487  -2.650
GLU-1A0010_030   0.839  -4.474  -3.635
GLU-1A0010_031   0.825  -4.886  -4.060
