CONFORMER         crg  vdw0  vdw1  tors  epol  self   occ  Hb     history    ASA
ARG01A0087_001  0.000-11.52  0.19  0.48  0.00-10.85 0.502  00  01O000M000  1.000
ARG01A0087_002  0.000-13.20  1.03  0.42  0.00-11.74 0.502  00  01E01AM000  1.000
ARG01A0087_003  0.000-12.07  1.08  3.24  0.00 -7.76 0.502  00  01E01BM000  1.000
ARG01A0087_004  0.000-11.35  0.88  3.22  0.00 -7.26 0.502  00  01E022M000  1.000
ARG01A0087_005  0.000-12.34  1.00  6.08  0.00 -5.25 0.502  00  01E023M000  1.000
ARG01A0087_006  0.000-10.92  2.95  3.18  0.00 -4.79 0.502  00  01E052M000  1.000
ARG01A0087_007  0.000-10.48  0.12  0.44  0.00 -9.91 0.501  00  01E059M000  1.000
ARG01A0087_008  0.000-10.06  1.49  3.80  0.00 -4.78 0.501  00  01E06AM000  1.000
ARG01A0087_009  0.000-12.57  0.36  0.41  0.00-11.80 0.502  00  01E09CM000  1.000
ARG01A0087_010  0.000-11.39  0.10  1.07  0.00-10.22 0.502  00  01E0C9M000  1.000
ARG01A0087_011  0.000-10.35  1.06  1.11  0.00 -8.18 0.501  00  01E0CEM000  1.000
ARG01A0087_012  0.000 -8.54  0.06  3.89  0.00 -4.59 0.502  00  01E0E5M000  1.000
ARG01A0087_013  0.000-12.74  1.74  3.34  0.00 -7.66 0.502  00  01E116M000  1.000
ARG01A0087_014  0.000-13.17  3.20  3.18  0.00 -6.79 0.501  00  01T016M000  1.000
ARG01A0087_015  0.000-10.70  1.45  1.10  0.00 -8.15 0.502  00  01T035M000  1.000
ARG01A0087_016  0.000 -9.27  1.07  3.88  0.00 -4.31 0.502  00  01T038M000  1.000
ARG01A0087_017  0.000-11.20  0.32  3.23  0.00 -7.66 0.502  00  01T075M000  1.000
ARG01A0087_018  0.000 -9.05 -0.08  3.89  0.00 -5.24 0.502  00  01T0CCM000  1.000
ARG01A0087_019  0.000 -8.20  1.79  3.87  0.00 -2.54 0.502  00  01T0DBM000  1.000
ARG01A0087_020  0.000-11.82  1.67  6.09  0.00 -4.07 0.501  00  01T117M000  1.000
ARG02A0087_021  0.000-11.60  0.17  0.48  0.00-10.94 0.502  00  02O000M000  1.000
ARG02A0087_022  0.000-11.05  2.95  3.18  0.00 -4.93 0.502  00  02E052M000  1.000
ARG02A0087_023  0.000-10.23  0.12  0.42  0.00 -9.69 0.501  00  02E059M000  1.000
ARG02A0087_024  0.000-11.07  0.86  3.18  0.00 -7.03 0.502  00  02E022M000  1.000
ARG02A0087_025  0.000-10.55  1.52  1.05  0.00 -7.98 0.502  00  02E035M000  1.000
ARG02A0087_026  0.000 -9.44  1.20  3.84  0.00 -4.41 0.502  00  02E038M000  1.000
ARG02A0087_027  0.000-12.36  1.09  3.21  0.00 -8.07 0.502  00  02T01BM000  1.000
ARG02A0087_028  0.000 -9.76  1.48  3.81  0.00 -4.47 0.501  00  02T06AM000  1.000
ARG02A0087_029  0.000-10.09  1.36  1.04  0.00 -7.69 0.501  00  02T0CEM000  1.000
ARG02A0087_030  0.000-12.01  1.76  6.04  0.00 -4.22 0.501  00  02T117M000  1.000
ARG02A0087_031  0.000-11.24  0.32  3.21  0.00 -7.71 0.502  00  02T075M000  1.000
ARG02A0087_032  0.000 -8.25  1.55  3.84  0.00 -2.85 0.502  00  02T0DBM000  1.000
ARG02A0087_033  0.000-13.07  1.88  3.26  0.00 -7.93 0.502  00  02T116M000  1.000
ARG02A0087_034  0.000-13.19  3.17  3.18  0.00 -6.84 0.501  00  02T016M000  1.000
ARG02A0087_035  0.000-13.07  1.10  0.41  0.00-11.56 0.502  00  02T01AM000  1.000
ARG02A0087_036  0.000-12.51  0.98  5.87  0.00 -5.66 0.502  00  02T023M000  1.000
ARG02A0087_037  0.000-12.60  0.34  0.41  0.00-11.85 0.502  00  02T09CM000  1.000
ARG02A0087_038  0.000-11.43  0.14  1.05  0.00-10.24 0.502  00  02T0C9M000  1.000
ARG02A0087_039  0.000 -8.50 -0.05  3.85  0.00 -4.70 0.502  00  02T0E5M000  1.000
ARG02A0087_040  0.000 -8.85 -0.12  3.84  0.00 -5.12 0.502  00  02T0CCM000  1.000
ARG03A0087_041  0.000-11.23  0.11  1.05  0.00-10.07 0.502  00  03E0C9M000  1.000
ARG03A0087_042  0.000-13.21  1.87  3.26  0.00 -8.07 0.502  00  03E116M000  1.000
ARG03A0087_043  0.000-11.59  0.17  0.48  0.00-10.93 0.502  00  03O000M000  1.000
ARG03A0087_044  0.000-11.23  0.32  3.21  0.00 -7.70 0.502  00  03E075M000  1.000
ARG03A0087_045  0.000 -8.15  1.57  3.84  0.00 -2.73 0.502  00  03E0DBM000  1.000
ARG03A0087_046  0.000-10.20  1.44  1.04  0.00 -7.71 0.501  00  03T0CEM000  1.000
ARG03A0087_047  0.000-13.31  3.17  3.18  0.00 -6.96 0.501  00  03T016M000  1.000
ARG03A0087_048  0.000-13.33  1.09  0.41  0.00-11.82 0.502  00  03T01AM000  1.000
ARG03A0087_049  0.000-12.44  0.99  5.89  0.00 -5.56 0.502  00  03T023M000  1.000
ARG03A0087_050  0.000-12.70  0.34  0.41  0.00-11.96 0.502  00  03T09CM000  1.000
ARG03A0087_051  0.000-11.88  1.07  3.21  0.00 -7.59 0.502  00  03T01BM000  1.000
ARG03A0087_052  0.000-11.18  0.86  3.18  0.00 -7.13 0.502  00  03T022M000  1.000
ARG03A0087_053  0.000 -9.42  1.19  3.84  0.00 -4.38 0.502  00  03T038M000  1.000
ARG03A0087_054  0.000-11.08  2.95  3.18  0.00 -4.94 0.502  00  03T052M000  1.000
ARG03A0087_055  0.000-10.31  0.12  0.43  0.00 -9.77 0.501  00  03T059M000  1.000
ARG03A0087_056  0.000 -9.88  1.48  3.81  0.00 -4.58 0.501  00  03T06AM000  1.000
ARG03A0087_057  0.000-10.67  1.53  1.05  0.00 -8.10 0.502  00  03T035M000  1.000
ARG03A0087_058  0.000 -8.82 -0.13  3.85  0.00 -5.11 0.502  00  03T0CCM000  1.000
ARG03A0087_059  0.000 -8.57 -0.05  3.85  0.00 -4.77 0.502  00  03T0E5M000  1.000
ARG03A0087_060  0.000-11.96  1.73  6.04  0.00 -4.18 0.501  00  03T117M000  1.000
ARG+1A0087_061  1.000-11.64  0.17  0.48  0.00-10.98 0.502  00  +1O000M000  1.000
ARG+1A0087_062  1.000-13.25  1.09  0.41  0.00-11.75 0.502  00  +1E01AM000  1.000
ARG+1A0087_063  1.000-12.14  1.08  3.21  0.00 -7.85 0.502  00  +1E01BM000  1.000
ARG+1A0087_064  1.000-12.67  0.99  5.90  0.00 -5.78 0.502  00  +1E023M000  1.000
ARG+1A0087_065  1.000-10.73  1.52  1.05  0.00 -8.17 0.502  00  +1E035M000  1.000
ARG+1A0087_066  1.000-10.28  0.12  0.43  0.00 -9.74 0.501  00  +1E059M000  1.000
ARG+1A0087_067  1.000 -9.97  1.48  3.81  0.00 -4.68 0.501  00  +1E06AM000  1.000
ARG+1A0087_068  1.000-12.76  0.33  0.41  0.00-12.02 0.502  00  +1E09CM000  1.000
ARG+1A0087_069  1.000 -8.26  1.57  3.84  0.00 -2.85 0.502  00  +1E0DBM000  1.000
ARG+1A0087_070  1.000-12.07  1.73  6.04  0.00 -4.30 0.501  00  +1E117M000  1.000
ARG+1A0087_071  1.000-13.35  3.17  3.18  0.00 -7.00 0.501  00  +1T016M000  1.000
ARG+1A0087_072  1.000-11.18  0.86  3.18  0.00 -7.14 0.502  00  +1T022M000  1.000
ARG+1A0087_073  1.000 -9.47  1.18  3.84  0.00 -4.44 0.502  00  +1T038M000  1.000
ARG+1A0087_074  1.000-11.06  2.95  3.18  0.00 -4.93 0.502  00  +1T052M000  1.000
ARG+1A0087_075  1.000-11.27  0.32  3.21  0.00 -7.74 0.502  00  +1T075M000  1.000
ARG+1A0087_076  1.000-11.28  0.11  1.05  0.00-10.12 0.502  00  +1T0C9M000  1.000
ARG+1A0087_077  1.000 -8.93 -0.14  3.85  0.00 -5.23 0.502  00  +1T0CCM000  1.000
ARG+1A0087_078  1.000 -9.97  1.41  1.04  0.00 -7.51 0.501  00  +1T0CEM000  1.000
ARG+1A0087_079  1.000 -8.55 -0.06  3.85  0.00 -4.76 0.502  00  +1T0E5M000  1.000
ARG+1A0087_080  1.000-13.24  1.86  3.26  0.00 -8.11 0.502  00  +1T116M000  1.000
