iConf CONFORMER     FL  occ    crg   Em0  pKa0 ne nH    vdw0    vdw1    tors    epol   dsolv   extra    history
00001 ARG01A0087_001 f 0.00  0.000     0  0.00  0  0 -11.514   0.188   0.484   0.010  -1.281   0.000 01O000M000t
00002 ARG01A0087_002 f 0.00  0.000     0  0.00  0  0 -13.200   1.031   0.420   0.030  -1.367   0.000 01E01AM000t
00003 ARG01A0087_003 f 0.00  0.000     0  0.00  0  0 -12.073   1.081   3.236   0.017  -1.287   0.000 01E01BM000t
00004 ARG01A0087_004 f 0.00  0.000     0  0.00  0  0 -11.354   0.873   3.219  -0.010  -1.238   0.000 01E022M000t
00005 ARG01A0087_005 f 0.00  0.000     0  0.00  0  0 -12.337   0.996   6.088  -0.006  -1.303   0.000 01E023M000t
00006 ARG01A0087_006 f 0.00  0.000     0  0.00  0  0 -10.926   2.960   3.178   0.010  -1.217   0.000 01E052M000t
00007 ARG01A0087_007 f 0.00  0.000     0  0.00  0  0 -10.477   0.126   0.438  -0.017  -1.263   0.000 01E059M000t
00008 ARG01A0087_008 f 0.00  0.000     0  0.00  0  0 -10.068   1.486   3.798   0.014  -1.248   0.000 01E06AM000t
00009 ARG01A0087_009 f 0.00  0.000     0  0.00  0  0 -12.570   0.355   0.413   0.010  -1.277   0.000 01E09CM000t
00010 ARG01A0087_010 f 0.00  0.000     0  0.00  0  0 -11.385   0.103   1.067   0.057  -1.210   0.000 01E0C9M000t
00011 ARG01A0087_011 f 0.00  0.000     0  0.00  0  0 -10.343   1.057   1.106  -0.014  -1.155   0.000 01E0CEM000t
00012 ARG01A0087_012 f 0.00  0.000     0  0.00  0  0  -8.537   0.060   3.885  -0.014  -1.272   0.000 01E0E5M000t
00013 ARG01A0087_013 f 0.00  0.000     0  0.00  0  0 -12.744   1.742   3.342   0.035  -1.238   0.000 01E116M000t
00014 ARG01A0087_014 f 0.00  0.000     0  0.00  0  0 -13.173   3.190   3.184   0.013  -1.271   0.000 01T016M000t
00015 ARG01A0087_015 f 0.00  0.000     0  0.00  0  0 -10.698   1.447   1.097  -0.028  -1.218   0.000 01T035M000t
00016 ARG01A0087_016 f 0.00  0.000     0  0.00  0  0  -9.275   1.070   3.882   0.073  -1.178   0.000 01T038M000t
00017 ARG01A0087_017 f 0.00  0.000     0  0.00  0  0 -11.197   0.319   3.226  -0.010  -1.315   0.000 01T075M000t
00018 ARG01A0087_018 f 0.00  0.000     0  0.00  0  0  -9.035  -0.078   3.892  -0.049  -1.243   0.000 01T0CCM000t
00019 ARG01A0087_019 f 0.00  0.000     0  0.00  0  0  -8.188   1.795   3.876  -0.000  -1.257   0.000 01T0DBM000t
00020 ARG01A0087_020 f 0.00  0.000     0  0.00  0  0 -11.824   1.667   6.087  -0.014  -1.268   0.000 01T117M000t
00021 ARG02A0087_021 f 0.00  0.000     0  0.00  0  0 -11.590   0.173   0.484   0.001  -1.103   0.000 02O000M000t
00022 ARG02A0087_022 f 0.00  0.000     0  0.00  0  0 -11.053   2.944   3.178   0.032  -1.125   0.000 02E052M000t
00023 ARG02A0087_023 f 0.00  0.000     0  0.00  0  0 -10.239   0.119   0.424   0.005  -1.082   0.000 02E059M000t
00024 ARG02A0087_024 f 0.00  0.000     0  0.00  0  0 -11.066   0.858   3.182   0.019  -1.190   0.000 02E022M000t
00025 ARG02A0087_025 f 0.00  0.000     0  0.00  0  0 -10.550   1.523   1.046  -0.004  -1.203   0.000 02E035M000t
00026 ARG02A0087_026 f 0.00  0.000     0  0.00  0  0  -9.440   1.197   3.839  -0.068  -1.232   0.000 02E038M000t
00027 ARG02A0087_027 f 0.00  0.000     0  0.00  0  0 -12.364   1.093   3.208   0.003  -1.125   0.000 02T01BM000t
00028 ARG02A0087_028 f 0.00  0.000     0  0.00  0  0  -9.803   1.475   3.812   0.018  -1.151   0.000 02T06AM000t
00029 ARG02A0087_029 f 0.00  0.000     0  0.00  0  0 -10.095   1.360   1.041   0.096  -1.067   0.000 02T0CEM000t
00030 ARG02A0087_030 f 0.00  0.000     0  0.00  0  0 -12.011   1.756   6.040   0.031  -1.112   0.000 02T117M000t
00031 ARG02A0087_031 f 0.00  0.000     0  0.00  0  0 -11.245   0.320   3.212   0.011  -1.099   0.000 02T075M000t
00032 ARG02A0087_032 f 0.00  0.000     0  0.00  0  0  -8.236   1.555   3.839   0.014  -1.120   0.000 02T0DBM000t
00033 ARG02A0087_033 f 0.00  0.000     0  0.00  0  0 -13.115   1.879   3.259   0.036  -1.126   0.000 02T116M000t
00034 ARG02A0087_034 f 0.00  0.000     0  0.00  0  0 -13.185   3.174   3.176   0.004  -1.193   0.000 02T016M000t
00035 ARG02A0087_035 f 0.00  0.000     0  0.00  0  0 -13.067   1.099   0.409  -0.003  -1.237   0.000 02T01AM000t
00036 ARG02A0087_036 f 0.00  0.000     0  0.00  0  0 -12.516   0.988   5.875   0.018  -1.209   0.000 02T023M000t
00037 ARG02A0087_037 f 0.00  0.000     0  0.00  0  0 -12.543   0.338   0.410   0.007  -1.222   0.000 02T09CM000t
00038 ARG02A0087_038 f 0.00  0.000     0  0.00  0  0 -11.426   0.140   1.051  -0.034  -1.127   0.000 02T0C9M000t
00039 ARG02A0087_039 f 0.00  0.000     0  0.00  0  0  -8.507  -0.052   3.849   0.048  -1.180   0.000 02T0E5M000t
00040 ARG02A0087_040 f 0.00  0.000     0  0.00  0  0  -8.853  -0.118   3.845  -0.004  -1.169   0.000 02T0CCM000t
00041 ARG03A0087_041 f 0.00  0.000     0  0.00  0  0 -11.231   0.112   1.054   0.052  -1.027   0.000 03E0C9M000t
00042 ARG03A0087_042 f 0.00  0.000     0  0.00  0  0 -13.205   1.865   3.263   0.035  -1.143   0.000 03E116M000t
00043 ARG03A0087_043 f 0.00  0.000     0  0.00  0  0 -11.587   0.174   0.484   0.014  -1.119   0.000 03O000M000t
00044 ARG03A0087_044 f 0.00  0.000     0  0.00  0  0 -11.235   0.317   3.214   0.003  -1.242   0.000 03E075M000t
00045 ARG03A0087_045 f 0.00  0.000     0  0.00  0  0  -8.150   1.571   3.841   0.006  -1.139   0.000 03E0DBM000t
00046 ARG03A0087_046 f 0.00  0.000     0  0.00  0  0 -10.192   1.439   1.044   0.102  -1.110   0.000 03T0CEM000t
00047 ARG03A0087_047 f 0.00  0.000     0  0.00  0  0 -13.308   3.167   3.176   0.009  -1.123   0.000 03T016M000t
00048 ARG03A0087_048 f 0.00  0.000     0  0.00  0  0 -13.397   1.092   0.410   0.005  -1.158   0.000 03T01AM000t
00049 ARG03A0087_049 f 0.00  0.000     0  0.00  0  0 -12.436   0.988   5.893   0.018  -1.109   0.000 03T023M000t
00050 ARG03A0087_050 f 0.00  0.000     0  0.00  0  0 -12.654   0.334   0.411   0.014  -1.113   0.000 03T09CM000t
00051 ARG03A0087_051 f 0.00  0.000     0  0.00  0  0 -11.871   1.073   3.213   0.009  -1.147   0.000 03T01BM000t
00052 ARG03A0087_052 f 0.00  0.000     0  0.00  0  0 -11.174   0.865   3.183   0.021  -1.111   0.000 03T022M000t
00053 ARG03A0087_053 f 0.00  0.000     0  0.00  0  0  -9.421   1.200   3.843  -0.015  -1.123   0.000 03T038M000t
00054 ARG03A0087_054 f 0.00  0.000     0  0.00  0  0 -11.080   2.950   3.180   0.026  -1.142   0.000 03T052M000t
00055 ARG03A0087_055 f 0.00  0.000     0  0.00  0  0 -10.312   0.121   0.427  -0.007  -1.106   0.000 03T059M000t
00056 ARG03A0087_056 f 0.00  0.000     0  0.00  0  0  -9.941   1.480   3.814   0.024  -1.098   0.000 03T06AM000t
00057 ARG03A0087_057 f 0.00  0.000     0  0.00  0  0 -10.671   1.535   1.047  -0.016  -1.102   0.000 03T035M000t
00058 ARG03A0087_058 f 0.00  0.000     0  0.00  0  0  -8.818  -0.134   3.846  -0.041  -1.117   0.000 03T0CCM000t
00059 ARG03A0087_059 f 0.00  0.000     0  0.00  0  0  -8.580  -0.053   3.852   0.049  -1.105   0.000 03T0E5M000t
00060 ARG03A0087_060 f 0.00  0.000     0  0.00  0  0 -11.966   1.730   6.042   0.015  -1.160   0.000 03T117M000t
00061 ARG+1A0087_061 f 0.00  1.000     0 12.50  0  1 -11.633   0.172   0.484   0.025  -4.789   0.000 +1O000M000t
00062 ARG+1A0087_062 f 0.00  1.000     0 12.50  0  1 -13.252   1.098   0.410  -0.010  -4.872   0.000 +1E01AM000t
00063 ARG+1A0087_063 f 0.00  1.000     0 12.50  0  1 -12.136   1.079   3.213   0.005  -4.836   0.000 +1E01BM000t
00064 ARG+1A0087_064 f 0.00  1.000     0 12.50  0  1 -12.667   0.989   5.901   0.087  -4.891   0.000 +1E023M000t
00065 ARG+1A0087_065 f 0.00  1.000     0 12.50  0  1 -10.739   1.521   1.047   0.054  -4.794   0.000 +1E035M000t
00066 ARG+1A0087_066 f 0.00  1.000     0 12.50  0  1 -10.339   0.118   0.426   0.085  -4.987   0.000 +1E059M000t
00067 ARG+1A0087_067 f 0.00  1.000     0 12.50  0  1  -9.975   1.476   3.813   0.094  -4.827   0.000 +1E06AM000t
00068 ARG+1A0087_068 f 0.00  1.000     0 12.50  0  1 -12.813   0.337   0.411   0.077  -4.925   0.000 +1E09CM000t
00069 ARG+1A0087_069 f 0.00  1.000     0 12.50  0  1  -8.255   1.571   3.840   0.018  -4.860   0.000 +1E0DBM000t
00070 ARG+1A0087_070 f 0.00  1.000     0 12.50  0  1 -12.069   1.728   6.043   0.176  -4.804   0.000 +1E117M000t
00071 ARG+1A0087_071 f 0.00  1.000     0 12.50  0  1 -13.350   3.169   3.175   0.025  -4.868   0.000 +1T016M000t
00072 ARG+1A0087_072 f 0.00  1.000     0 12.50  0  1 -11.182   0.864   3.182   0.096  -4.784   0.000 +1T022M000t
00073 ARG+1A0087_073 f 0.00  1.000     0 12.50  0  1  -9.484   1.180   3.842  -0.150  -4.765   0.000 +1T038M000t
00074 ARG+1A0087_074 f 0.00  1.000     0 12.50  0  1 -11.048   2.953   3.177   0.032  -4.838   0.000 +1T052M000t
00075 ARG+1A0087_075 f 0.00  1.000     0 12.50  0  1 -11.286   0.317   3.213   0.072  -4.910   0.000 +1T075M000t
00076 ARG+1A0087_076 f 0.00  1.000     0 12.50  0  1 -11.287   0.112   1.054   0.125  -4.803   0.000 +1T0C9M000t
00077 ARG+1A0087_077 f 0.00  1.000     0 12.50  0  1  -8.945  -0.135   3.846   0.053  -4.859   0.000 +1T0CCM000t
00078 ARG+1A0087_078 f 0.00  1.000     0 12.50  0  1  -9.959   1.412   1.043   0.168  -4.688   0.000 +1T0CEM000t
00079 ARG+1A0087_079 f 0.00  1.000     0 12.50  0  1  -8.554  -0.054   3.853   0.170  -4.779   0.000 +1T0E5M000t
00080 ARG+1A0087_080 f 0.00  1.000     0 12.50  0  1 -13.291   1.868   3.262   0.138  -4.865   0.000 +1T116M000t
