   confID        vdw0    sas     sum
ARG01A0087_001   2.825 -14.339 -11.514
ARG01A0087_002   1.191 -14.391 -13.200
ARG01A0087_003   2.491 -14.564 -12.073
ARG01A0087_004   2.832 -14.186 -11.354
ARG01A0087_005   2.404 -14.741 -12.337
ARG01A0087_006   3.427 -14.353 -10.926
ARG01A0087_007   3.454 -13.932 -10.477
ARG01A0087_008   4.357 -14.425 -10.068
ARG01A0087_009   2.049 -14.619 -12.570
ARG01A0087_010   3.262 -14.647 -11.385
ARG01A0087_011   4.269 -14.612 -10.343
ARG01A0087_012   6.132 -14.669  -8.537
ARG01A0087_013   1.898 -14.642 -12.744
ARG01A0087_014   1.195 -14.368 -13.173
ARG01A0087_015   3.442 -14.139 -10.698
ARG01A0087_016   5.210 -14.485  -9.275
ARG01A0087_017   3.384 -14.581 -11.197
ARG01A0087_018   5.996 -15.030  -9.035
ARG01A0087_019   6.109 -14.297  -8.188
ARG01A0087_020   3.165 -14.989 -11.824
ARG02A0087_021   2.748 -14.339 -11.590
ARG02A0087_022   3.361 -14.414 -11.053
ARG02A0087_023   3.432 -13.671 -10.239
ARG02A0087_024   2.908 -13.975 -11.066
ARG02A0087_025   3.532 -14.082 -10.550
ARG02A0087_026   5.248 -14.688  -9.440
ARG02A0087_027   2.467 -14.831 -12.364
ARG02A0087_028   4.278 -14.081  -9.803
ARG02A0087_029   4.345 -14.439 -10.095
ARG02A0087_030   3.077 -15.088 -12.011
ARG02A0087_031   3.333 -14.578 -11.245
ARG02A0087_032   6.037 -14.274  -8.236
ARG02A0087_033   1.858 -14.973 -13.115
ARG02A0087_034   1.234 -14.419 -13.185
ARG02A0087_035   1.224 -14.291 -13.067
ARG02A0087_036   2.469 -14.985 -12.516
ARG02A0087_037   2.037 -14.580 -12.543
ARG02A0087_038   3.285 -14.711 -11.426
ARG02A0087_039   6.117 -14.624  -8.507
ARG02A0087_040   6.004 -14.857  -8.853
ARG03A0087_041   3.348 -14.579 -11.231
ARG03A0087_042   1.836 -15.041 -13.205
ARG03A0087_043   2.751 -14.339 -11.587
ARG03A0087_044   3.326 -14.562 -11.235
ARG03A0087_045   6.011 -14.161  -8.150
ARG03A0087_046   4.308 -14.500 -10.192
ARG03A0087_047   1.162 -14.471 -13.308
ARG03A0087_048   1.161 -14.558 -13.397
ARG03A0087_049   2.421 -14.856 -12.436
ARG03A0087_050   1.990 -14.644 -12.654
ARG03A0087_051   2.481 -14.352 -11.871
ARG03A0087_052   2.849 -14.023 -11.174
ARG03A0087_053   5.218 -14.640  -9.421
ARG03A0087_054   3.337 -14.417 -11.080
ARG03A0087_055   3.424 -13.736 -10.312
ARG03A0087_056   4.252 -14.194  -9.941
ARG03A0087_057   3.475 -14.146 -10.671
ARG03A0087_058   5.956 -14.774  -8.818
ARG03A0087_059   6.060 -14.640  -8.580
ARG03A0087_060   3.061 -15.028 -11.966
ARG+1A0087_061   2.705 -14.339 -11.633
ARG+1A0087_062   1.122 -14.375 -13.252
ARG+1A0087_063   2.434 -14.571 -12.136
ARG+1A0087_064   2.382 -15.049 -12.667
ARG+1A0087_065   3.408 -14.146 -10.739
ARG+1A0087_066   3.377 -13.716 -10.339
ARG+1A0087_067   4.219 -14.194  -9.975
ARG+1A0087_068   1.944 -14.757 -12.813
ARG+1A0087_069   5.971 -14.226  -8.255
ARG+1A0087_070   3.023 -15.092 -12.069
ARG+1A0087_071   1.121 -14.471 -13.350
ARG+1A0087_072   2.792 -13.975 -11.182
ARG+1A0087_073   5.156 -14.640  -9.484
ARG+1A0087_074   3.301 -14.349 -11.048
ARG+1A0087_075   3.276 -14.562 -11.286
ARG+1A0087_076   3.292 -14.579 -11.287
ARG+1A0087_077   5.896 -14.841  -8.945
ARG+1A0087_078   4.300 -14.259  -9.959
ARG+1A0087_079   6.022 -14.576  -8.554
ARG+1A0087_080   1.798 -15.089 -13.291
