iConf CONFORMER     FL  occ    crg   Em0  pKa0 ne nH    vdw0    vdw1    tors    epol   dsolv   extra    history
00001 GLU01A0073_001 f 0.00  0.000     0  0.00  0  0  -3.778   0.629   4.065   0.009  -0.155   0.000 01O000M000t
00002 GLU01A0073_002 f 0.00  0.000     0  0.00  0  0  -3.769   1.453   3.908   0.043  -0.152   0.000 01E001M000t
00003 GLU01A0073_003 f 0.00  0.000     0  0.00  0  0  -3.424   1.933   3.407   0.042  -0.141   0.000 01E006M000t
00004 GLU01A0073_004 f 0.00  0.000     0  0.00  0  0  -3.791   0.629   1.345   0.005  -0.113   0.000 01O000M000t
00005 GLU01A0073_005 f 0.00  0.000     0  0.00  0  0  -3.854   0.809   1.076   0.004  -0.111   0.000 01E002M000t
00006 GLU01A0073_006 f 0.00  0.000     0  0.00  0  0  -2.288   1.287   0.458   0.011  -0.115   0.000 01E005M000t
00007 GLU01A0073_007 f 0.00  0.000     0  0.00  0  0  -3.851   0.838   3.846   0.016  -0.147   0.000 01T002M000t
00008 GLU01A0073_008 f 0.00  0.000     0  0.00  0  0  -2.319   0.715   3.231   0.032  -0.147   0.000 01T004M000t
00009 GLU01A0073_009 f 0.00  0.000     0  0.00  0  0  -2.367   1.279   3.207   0.013  -0.144   0.000 01T005M000t
00010 GLU01A0073_010 f 0.00  0.000     0  0.00  0  0  -3.349   2.026   0.664   0.023  -0.110   0.000 01T006M000t
00011 GLU02A0073_011 f 0.00  0.000     0  0.00  0  0  -3.778   0.635   4.065   0.031  -0.156   0.000 02O000M000t
00012 GLU02A0073_012 f 0.00  0.000     0  0.00  0  0  -3.751   1.460   3.950   0.008  -0.154   0.000 02E001M000t
00013 GLU02A0073_013 f 0.00  0.000     0  0.00  0  0  -2.713   0.714   3.217   0.015  -0.153   0.000 02E004M000t
00014 GLU02A0073_014 f 0.00  0.000     0  0.00  0  0  -3.778   0.635   1.345   0.011  -0.112   0.000 02O000M000t
00015 GLU02A0073_015 f 0.00  0.000     0  0.00  0  0  -2.703   1.282   0.448   0.016  -0.110   0.000 02E005M000t
00016 GLU02A0073_016 f 0.00  0.000     0  0.00  0  0  -4.004   0.846   3.840   0.032  -0.145   0.000 02T002M000t
00017 GLU02A0073_017 f 0.00  0.000     0  0.00  0  0  -3.741   1.873   3.400   0.033  -0.152   0.000 02T006M000t
00018 GLU02A0073_018 f 0.00  0.000     0  0.00  0  0  -2.612   1.281   3.168   0.035  -0.155   0.000 02T005M000t
00019 GLU02A0073_019 f 0.00  0.000     0  0.00  0  0  -4.004   0.846   1.120   0.004  -0.109   0.000 02T002M000t
00020 GLU02A0073_020 f 0.00  0.000     0  0.00  0  0  -3.728   1.934   0.656   0.021  -0.108   0.000 02T006M000t
00021 GLU-1A0073_021 f 0.00 -1.000     0  4.75  0 -1  -3.933   0.647   1.345  -0.051  -1.025   0.000 -1O000M000t
00022 GLU-1A0073_022 f 0.00 -1.000     0  4.75  0 -1  -3.760   1.457   1.148  -0.051  -1.026   0.000 -1E001M000t
00023 GLU-1A0073_023 f 0.00 -1.000     0  4.75  0 -1  -3.954   0.837   1.070  -0.138  -1.008   0.000 -1E002M000t
00024 GLU-1A0073_024 f 0.00 -1.000     0  4.75  0 -1  -3.677   1.889   0.652  -0.177  -1.006   0.000 -1E006M000t
