   confID        vdw0    sas     sum
GLU01A0073_001   0.838  -4.616  -3.778
GLU01A0073_002   0.920  -4.689  -3.769
GLU01A0073_003   1.753  -5.176  -3.424
GLU01A0073_004   0.838  -4.629  -3.791
GLU01A0073_005   1.113  -4.967  -3.854
GLU01A0073_006   2.453  -4.742  -2.288
GLU01A0073_007   1.020  -4.871  -3.851
GLU01A0073_008   2.278  -4.598  -2.319
GLU01A0073_009   2.297  -4.664  -2.367
GLU01A0073_010   1.853  -5.202  -3.349
GLU02A0073_011   0.796  -4.574  -3.778
GLU02A0073_012   0.838  -4.589  -3.751
GLU02A0073_013   1.946  -4.659  -2.713
GLU02A0073_014   0.796  -4.574  -3.778
GLU02A0073_015   2.005  -4.708  -2.703
GLU02A0073_016   0.947  -4.951  -4.004
GLU02A0073_017   1.532  -5.273  -3.741
GLU02A0073_018   2.006  -4.618  -2.612
GLU02A0073_019   0.947  -4.951  -4.004
GLU02A0073_020   1.566  -5.295  -3.728
GLU-1A0073_021   0.666  -4.599  -3.933
GLU-1A0073_022   0.761  -4.521  -3.760
GLU-1A0073_023   0.867  -4.821  -3.954
GLU-1A0073_024   1.432  -5.109  -3.677
