iConf CONFORMER     FL  occ    crg   Em0  pKa0 ne nH    vdw0    vdw1    tors    epol   dsolv   extra    history
00001 MET01A0065_001 f 0.00  0.000     0  0.00  0  0 -11.421   0.558   2.464   0.018  -0.021   0.000 01O000M000t
00002 MET01A0065_002 f 0.00  0.000     0  0.00  0  0 -11.429   0.535   1.775   0.016  -0.022   0.000 01R001M000t
00003 MET01A0065_003 f 0.00  0.000     0  0.00  0  0 -11.944   4.385   1.187   0.019  -0.021   0.000 01R002M000t
00004 MET01A0065_004 f 0.00  0.000     0  0.00  0  0 -11.474   1.916   1.777   0.035  -0.021   0.000 01R005M000t
00005 MET01A0065_005 f 0.00  0.000     0  0.00  0  0 -11.357   0.383   1.777   0.019  -0.021   0.000 01R01AM000t
00006 MET01A0065_006 f 0.00  0.000     0  0.00  0  0 -11.573   5.006   3.067   0.020  -0.021   0.000 01R01DM000t
00007 MET01A0065_007 f 0.00  0.000     0  0.00  0  0 -10.994   1.848   1.776   0.035  -0.021   0.000 01R029M000t
00008 MET01A0065_008 f 0.00  0.000     0  0.00  0  0 -11.256   1.885   2.592   0.037  -0.021   0.000 01R02BM000t
00009 MET01A0065_009 f 0.00  0.000     0  0.00  0  0 -11.286   1.192   3.282   0.014  -0.020   0.000 01R02FM000t
00010 MET01A0065_010 f 0.00  0.000     0  0.00  0  0 -11.302   0.658   5.134   0.016  -0.021   0.000 01R039M000t
00011 MET01A0065_011 f 0.00  0.000     0  0.00  0  0 -11.997   0.684   2.594   0.012  -0.021   0.000 01R03AM000t
00012 MET01A0065_012 f 0.00  0.000     0  0.00  0  0 -11.926   1.885   2.535  -0.015  -0.020   0.000 01R03DM000t
00013 MET01A0065_013 f 0.00  0.000     0  0.00  0  0 -10.950   0.839   5.134   0.007  -0.021   0.000 01R040M000t
00014 MET01A0065_014 f 0.00  0.000     0  0.00  0  0 -11.810   2.136   0.839   0.020  -0.022   0.000 01T020M000t
00015 MET01A0065_015 f 0.00  0.000     0  0.00  0  0 -11.036   2.496   2.999   0.040  -0.021   0.000 01T027M000t
00016 MET01A0065_016 f 0.00  0.000     0  0.00  0  0 -11.559   4.125   2.352  -0.012  -0.020   0.000 01T044M000t
00017 MET01A0065_017 f 0.00  0.000     0  0.00  0  0 -11.134   2.710   5.668   0.040  -0.021   0.000 01T047M000t
00018 MET01A0065_018 f 0.00  0.000     0  0.00  0  0 -11.221   2.981   5.699   0.037  -0.020   0.000 01T04AM000t
00019 MET01A0065_019 f 0.00  0.000     0  0.00  0  0 -10.196   5.585   1.252  -0.013  -0.019   0.000 01T04DM000t
