CONFORMER         crg  vdw0  vdw1  tors  epol  self   occ  Hb     history    ASA
MET01A0065_001  0.000-11.42  0.48  2.46  0.00 -8.48 0.506  00  01O000M000  1.000
MET01A0065_002  0.000-11.43  0.46  1.78  0.00 -9.19 0.506  00  01R001M000  1.000
MET01A0065_003  0.000-11.95  4.30  1.19  0.00 -6.46 0.508  00  01R002M000  1.000
MET01A0065_004  0.000-11.47  1.84  1.78  0.00 -7.86 0.506  00  01R005M000  1.000
MET01A0065_005  0.000-11.36  0.31  1.78  0.00 -9.27 0.507  00  01R01AM000  1.000
MET01A0065_006  0.000-11.57  4.92  3.07  0.00 -3.58 0.506  00  01R01DM000  1.000
MET01A0065_007  0.000-10.99  1.77  1.78  0.00 -7.44 0.506  00  01R029M000  1.000
MET01A0065_008  0.000-11.26  1.81  2.59  0.00 -6.85 0.507  00  01R02BM000  1.000
MET01A0065_009  0.000-11.29  1.19  3.28  0.00 -6.81 0.505  00  01R02FM000  1.000
MET01A0065_010  0.000-11.30  0.58  5.14  0.00 -5.59 0.507  00  01R039M000  1.000
MET01A0065_011  0.000-12.00  0.69  2.59  0.00 -8.72 0.506  00  01R03AM000  1.000
MET01A0065_012  0.000-11.93  1.89  2.53  0.00 -7.51 0.505  00  01R03DM000  1.000
MET01A0065_013  0.000-11.00  0.84  5.14  0.00 -5.02 0.507  00  01R040M000  1.000
MET01A0065_014  0.000-11.81  2.06  0.84  0.00 -8.91 0.505  00  01T020M000  1.000
MET01A0065_015  0.000-11.04  2.42  3.00  0.00 -5.61 0.506  00  01T027M000  1.000
MET01A0065_016  0.000-11.56  4.12  2.35  0.00 -5.09 0.506  00  01T044M000  1.000
MET01A0065_017  0.000-11.13  2.62  5.67  0.00 -2.84 0.506  00  01T047M000  1.000
MET01A0065_018  0.000-11.16  2.99  5.70  0.00 -2.46 0.506  00  01T04AM000  1.000
MET01A0065_019  0.000-10.24  5.58  1.25  0.00 -3.42 0.505  00  01T04DM000  1.000
