   confID        vdw0    sas     sum
MET01A0065_001   0.161 -11.582 -11.421
MET01A0065_002   0.162 -11.591 -11.429
MET01A0065_003   0.058 -12.003 -11.944
MET01A0065_004   0.163 -11.636 -11.474
MET01A0065_005   0.430 -11.786 -11.357
MET01A0065_006   0.309 -11.882 -11.573
MET01A0065_007   0.428 -11.421 -10.994
MET01A0065_008   0.293 -11.549 -11.256
MET01A0065_009   0.264 -11.550 -11.286
MET01A0065_010   0.716 -12.018 -11.302
MET01A0065_011   0.264 -12.261 -11.997
MET01A0065_012   0.236 -12.161 -11.926
MET01A0065_013   0.686 -11.636 -10.950
MET01A0065_014   0.123 -11.933 -11.810
MET01A0065_015   0.258 -11.294 -11.036
MET01A0065_016   0.195 -11.754 -11.559
MET01A0065_017   0.741 -11.876 -11.134
MET01A0065_018   0.742 -11.963 -11.221
MET01A0065_019   1.047 -11.243 -10.196
