iConf CONFORMER     FL  occ    crg   Em0  pKa0 ne nH    vdw0    vdw1    tors    epol   dsolv   extra    history
00001 ARG01A0087_001 f 0.00  0.000     0  0.00  0  0 -11.514   0.188   0.484   0.010  -1.620   0.000 01O000M000t
00002 ARG01A0087_002 f 0.00  0.000     0  0.00  0  0 -13.571   1.447   0.475   0.036  -1.646   0.000 01E02BM000t
00003 ARG01A0087_003 f 0.00  0.000     0  0.00  0  0 -10.127   0.777   3.819  -0.082  -1.461   0.000 01E06FM000t
00004 ARG01A0087_004 f 0.00  0.000     0  0.00  0  0  -8.459   0.232   3.884  -0.000  -1.540   0.000 01E0B0M000t
00005 ARG01A0087_005 f 0.00  0.000     0  0.00  0  0  -7.917   0.981   3.856   0.066  -1.554   0.000 01E0CFM000t
00006 ARG01A0087_006 f 0.00  0.000     0  0.00  0  0 -11.614   1.505   1.056   0.037  -1.632   0.000 01E0D2M000t
00007 ARG01A0087_007 f 0.00  0.000     0  0.00  0  0 -11.719   1.564   1.166   0.036  -1.637   0.000 01E0D4M000t
00008 ARG01A0087_008 f 0.00  0.000     0  0.00  0  0 -11.834   1.410   1.046   0.058  -1.578   0.000 01E0DEM000t
00009 ARG01A0087_009 f 0.00  0.000     0  0.00  0  0  -8.537   0.060   3.885  -0.015  -1.613   0.000 01E0E5M000t
00010 ARG01A0087_010 f 0.00  0.000     0  0.00  0  0 -12.133   1.649   3.318   0.074  -1.664   0.000 01E0F1M000t
00011 ARG01A0087_011 f 0.00  0.000     0  0.00  0  0 -11.756   1.893   6.102   0.095  -1.535   0.000 01E10EM000t
00012 ARG01A0087_012 f 0.00  0.000     0  0.00  0  0 -11.291   2.282   3.216  -0.030  -1.501   0.000 01E110M000t
00013 ARG01A0087_013 f 0.00  0.000     0  0.00  0  0 -13.030   0.611   1.059   0.016  -1.595   0.000 01T028M000t
00014 ARG01A0087_014 f 0.00  0.000     0  0.00  0  0 -13.074   1.762   6.059   0.044  -1.599   0.000 01T04BM000t
00015 ARG01A0087_015 f 0.00  0.000     0  0.00  0  0  -9.499   1.639   1.047  -0.006  -1.373   0.000 01T064M000t
00016 ARG01A0087_016 f 0.00  0.000     0  0.00  0  0 -10.717   0.202   0.457  -0.018  -1.597   0.000 01T072M000t
00017 ARG01A0087_017 f 0.00  0.000     0  0.00  0  0  -8.030   2.865   3.184  -0.025  -1.525   0.000 01T07EM000t
00018 ARG01A0087_018 f 0.00  0.000     0  0.00  0  0  -8.442   0.269   3.886   0.038  -1.620   0.000 01T0E9M000t
00019 ARG01A0087_019 f 0.00  0.000     0  0.00  0  0 -13.227   1.917   3.274   0.035  -1.635   0.000 01T114M000t
00020 ARG01A0087_020 f 0.00  0.000     0  0.00  0  0 -11.740   1.107   6.097   0.023  -1.512   0.000 01T118M000t
00021 ARG02A0087_021 f 0.00  0.000     0  0.00  0  0 -11.590   0.173   0.484   0.002  -1.392   0.000 02O000M000t
00022 ARG02A0087_022 f 0.00  0.000     0  0.00  0  0  -9.757   1.578   1.049   0.157  -1.246   0.000 02E064M000t
00023 ARG02A0087_023 f 0.00  0.000     0  0.00  0  0  -8.408   0.183   3.852  -0.006  -1.384   0.000 02E0B0M000t
00024 ARG02A0087_024 f 0.00  0.000     0  0.00  0  0 -11.813   1.368   1.046   0.062  -1.399   0.000 02E0DEM000t
00025 ARG02A0087_025 f 0.00  0.000     0  0.00  0  0  -8.544  -0.054   3.849   0.071  -1.359   0.000 02E0E5M000t
00026 ARG02A0087_026 f 0.00  0.000     0  0.00  0  0 -11.618   1.749   6.031   0.094  -1.388   0.000 02E10EM000t
00027 ARG02A0087_027 f 0.00  0.000     0  0.00  0  0 -11.499   1.468   1.048   0.039  -1.361   0.000 02T0D2M000t
00028 ARG02A0087_028 f 0.00  0.000     0  0.00  0  0 -13.202   2.034   3.247   0.048  -1.385   0.000 02T114M000t
00029 ARG02A0087_029 f 0.00  0.000     0  0.00  0  0 -12.035   1.156   6.039   0.030  -1.343   0.000 02T118M000t
00030 ARG02A0087_030 f 0.00  0.000     0  0.00  0  0 -10.188   0.754   3.816  -0.029  -1.324   0.000 02T06FM000t
00031 ARG02A0087_031 f 0.00  0.000     0  0.00  0  0 -12.986   0.596   1.057   0.012  -1.501   0.000 02T028M000t
00032 ARG02A0087_032 f 0.00  0.000     0  0.00  0  0 -12.611   1.783   6.048   0.019  -1.527   0.000 02T04BM000t
00033 ARG02A0087_033 f 0.00  0.000     0  0.00  0  0 -11.552   1.706   1.057  -0.008  -1.602   0.000 02T0D4M000t
00034 ARG02A0087_034 f 0.00  0.000     0  0.00  0  0  -8.367   0.315   3.847   0.027  -1.465   0.000 02T0E9M000t
00035 ARG02A0087_035 f 0.00  0.000     0  0.00  0  0 -10.869   1.863   3.224   0.040  -1.525   0.000 02T110M000t
00036 ARG02A0087_036 f 0.00  0.000     0  0.00  0  0 -13.542   1.434   0.478   0.016  -1.528   0.000 02T02BM000t
00037 ARG02A0087_037 f 0.00  0.000     0  0.00  0  0 -10.678   0.172   0.405   0.009  -1.506   0.000 02T072M000t
00038 ARG02A0087_038 f 0.00  0.000     0  0.00  0  0  -8.156   2.868   3.187  -0.028  -1.390   0.000 02T07EM000t
00039 ARG02A0087_039 f 0.00  0.000     0  0.00  0  0  -8.066   0.909   3.850  -0.008  -1.454   0.000 02T0CFM000t
00040 ARG02A0087_040 f 0.00  0.000     0  0.00  0  0 -12.211   1.626   3.294   0.057  -1.534   0.000 02T0F1M000t
00041 ARG03A0087_041 f 0.00  0.000     0  0.00  0  0 -11.594   0.173   0.484   0.002  -1.400   0.000 03O000M000t
00042 ARG03A0087_042 f 0.00  0.000     0  0.00  0  0 -13.161   0.592   1.055   0.024  -1.388   0.000 03E028M000t
00043 ARG03A0087_043 f 0.00  0.000     0  0.00  0  0 -12.333   1.601   3.300   0.083  -1.401   0.000 03E0F1M000t
00044 ARG03A0087_044 f 0.00  0.000     0  0.00  0  0 -13.109   2.041   3.250   0.046  -1.452   0.000 03E114M000t
00045 ARG03A0087_045 f 0.00  0.000     0  0.00  0  0 -10.649   0.173   0.406   0.001  -1.404   0.000 03E072M000t
00046 ARG03A0087_046 f 0.00  0.000     0  0.00  0  0  -8.091   0.889   3.854   0.056  -1.423   0.000 03E0CFM000t
00047 ARG03A0087_047 f 0.00  0.000     0  0.00  0  0 -10.987   1.837   3.226   0.046  -1.409   0.000 03E110M000t
00048 ARG03A0087_048 f 0.00  0.000     0  0.00  0  0 -11.557   1.733   1.058   0.002  -1.538   0.000 03T0D4M000t
00049 ARG03A0087_049 f 0.00  0.000     0  0.00  0  0 -11.824   1.362   1.044   0.062  -1.381   0.000 03T0DEM000t
00050 ARG03A0087_050 f 0.00  0.000     0  0.00  0  0 -12.690   1.765   6.053   0.043  -1.420   0.000 03T04BM000t
00051 ARG03A0087_051 f 0.00  0.000     0  0.00  0  0  -8.141   2.872   3.185  -0.022  -1.348   0.000 03T07EM000t
00052 ARG03A0087_052 f 0.00  0.000     0  0.00  0  0  -8.406   0.169   3.852  -0.001  -1.323   0.000 03T0B0M000t
00053 ARG03A0087_053 f 0.00  0.000     0  0.00  0  0 -13.732   1.423   0.478   0.038  -1.471   0.000 03T02BM000t
00054 ARG03A0087_054 f 0.00  0.000     0  0.00  0  0  -9.820   1.575   1.048   0.090  -1.283   0.000 03T064M000t
00055 ARG03A0087_055 f 0.00  0.000     0  0.00  0  0 -10.198   0.765   3.816  -0.072  -1.292   0.000 03T06FM000t
00056 ARG03A0087_056 f 0.00  0.000     0  0.00  0  0 -11.457   1.462   1.048   0.041  -1.458   0.000 03T0D2M000t
00057 ARG03A0087_057 f 0.00  0.000     0  0.00  0  0  -8.580  -0.053   3.852   0.061  -1.392   0.000 03T0E5M000t
00058 ARG03A0087_058 f 0.00  0.000     0  0.00  0  0  -8.494   0.309   3.849   0.038  -1.469   0.000 03T0E9M000t
00059 ARG03A0087_059 f 0.00  0.000     0  0.00  0  0 -11.698   1.729   6.038   0.089  -1.391   0.000 03T10EM000t
00060 ARG03A0087_060 f 0.00  0.000     0  0.00  0  0 -11.911   1.154   6.041   0.021  -1.360   0.000 03T118M000t
00061 ARG+1A0087_061 f 0.00  1.000     0 12.50  0  1 -11.633   0.172   0.484   0.029  -5.937   0.000 +1O000M000t
00062 ARG+1A0087_062 f 0.00  1.000     0 12.50  0  1 -13.137   0.592   1.057   0.097  -6.011   0.000 +1E028M000t
00063 ARG+1A0087_063 f 0.00  1.000     0 12.50  0  1 -12.783   1.759   6.054   0.146  -5.999   0.000 +1E04BM000t
00064 ARG+1A0087_064 f 0.00  1.000     0 12.50  0  1  -8.142   2.861   3.185   0.064  -6.024   0.000 +1E07EM000t
00065 ARG+1A0087_065 f 0.00  1.000     0 12.50  0  1  -8.202   0.893   3.851   0.001  -6.057   0.000 +1E0CFM000t
00066 ARG+1A0087_066 f 0.00  1.000     0 12.50  0  1 -11.660   1.729   1.059  -0.023  -6.105   0.000 +1E0D4M000t
00067 ARG+1A0087_067 f 0.00  1.000     0 12.50  0  1 -11.933   1.363   1.044   0.012  -5.992   0.000 +1E0DEM000t
00068 ARG+1A0087_068 f 0.00  1.000     0 12.50  0  1  -8.482   0.308   3.850   0.108  -6.039   0.000 +1E0E9M000t
00069 ARG+1A0087_069 f 0.00  1.000     0 12.50  0  1 -12.312   1.592   3.299   0.218  -6.030   0.000 +1E0F1M000t
00070 ARG+1A0087_070 f 0.00  1.000     0 12.50  0  1 -11.685   1.726   6.039   0.239  -5.991   0.000 +1E10EM000t
00071 ARG+1A0087_071 f 0.00  1.000     0 12.50  0  1 -13.714   1.428   0.477   0.150  -5.995   0.000 +1T02BM000t
00072 ARG+1A0087_072 f 0.00  1.000     0 12.50  0  1  -9.774   1.570   1.048   0.221  -5.815   0.000 +1T064M000t
00073 ARG+1A0087_073 f 0.00  1.000     0 12.50  0  1 -10.160   0.750   3.816   0.141  -5.946   0.000 +1T06FM000t
00074 ARG+1A0087_074 f 0.00  1.000     0 12.50  0  1 -10.798   0.170   0.406   0.098  -6.066   0.000 +1T072M000t
00075 ARG+1A0087_075 f 0.00  1.000     0 12.50  0  1  -8.529   0.169   3.852   0.130  -6.001   0.000 +1T0B0M000t
00076 ARG+1A0087_076 f 0.00  1.000     0 12.50  0  1 -11.506   1.461   1.048  -0.003  -6.022   0.000 +1T0D2M000t
00077 ARG+1A0087_077 f 0.00  1.000     0 12.50  0  1  -8.554  -0.054   3.853   0.198  -5.933   0.000 +1T0E5M000t
00078 ARG+1A0087_078 f 0.00  1.000     0 12.50  0  1 -10.893   1.820   3.226   0.225  -5.877   0.000 +1T110M000t
00079 ARG+1A0087_079 f 0.00  1.000     0 12.50  0  1 -13.284   2.038   3.247   0.144  -6.004   0.000 +1T114M000t
00080 ARG+1A0087_080 f 0.00  1.000     0 12.50  0  1 -12.085   1.149   6.041   0.207  -6.031   0.000 +1T118M000t
