CONFORMER         crg  vdw0  vdw1  tors  epol  self   occ  Hb     history    ASA
ARG01A0087_001  0.000-11.52  0.09  0.48  0.00-10.95 0.502  00  01O000M000  1.000
ARG01A0087_002  0.000-13.57  1.40  0.48  0.00-11.69 0.502  00  01E02BM000  1.000
ARG01A0087_003  0.000-10.13  0.78  3.82  0.00 -5.53 0.501  00  01E06FM000  1.000
ARG01A0087_004  0.000 -8.46  0.18  3.88  0.00 -4.39 0.501  00  01E0B0M000  1.000
ARG01A0087_005  0.000 -7.92  0.98  3.86  0.00 -3.09 0.502  00  01E0CFM000  1.000
ARG01A0087_006  0.000-11.61  1.50  1.06  0.00 -9.06 0.502  00  01E0D2M000  1.000
ARG01A0087_007  0.000-11.72  1.56  1.17  0.00 -8.99 0.503  00  01E0D4M000  1.000
ARG01A0087_008  0.000-11.84  1.41  1.05  0.00 -9.38 0.502  00  01E0DEM000  1.000
ARG01A0087_009  0.000 -8.54 -0.01  3.89  0.00 -4.66 0.502  00  01E0E5M000  1.000
ARG01A0087_010  0.000-12.14  1.58  3.32  0.00 -7.24 0.502  00  01E0F1M000  1.000
ARG01A0087_011  0.000-11.75  1.89  6.10  0.00 -3.76 0.501  00  01E10EM000  1.000
ARG01A0087_012  0.000-11.28  2.28  3.22  0.00 -5.79 0.502  00  01E110M000  1.000
ARG01A0087_013  0.000-13.03  0.57  1.06  0.00-11.41 0.502  00  01T028M000  1.000
ARG01A0087_014  0.000-13.07  1.77  6.06  0.00 -5.25 0.502  00  01T04BM000  1.000
ARG01A0087_015  0.000 -9.49  1.64  1.05  0.00 -6.80 0.502  00  01T064M000  1.000
ARG01A0087_016  0.000-10.71  0.10  0.46  0.00-10.15 0.501  00  01T072M000  1.000
ARG01A0087_017  0.000 -8.03  2.82  3.18  0.00 -2.03 0.501  00  01T07EM000  1.000
ARG01A0087_018  0.000 -8.44  0.21  3.89  0.00 -4.35 0.502  00  01T0E9M000  1.000
ARG01A0087_019  0.000-13.23  1.92  3.27  0.00 -8.04 0.502  00  01T114M000  1.000
ARG01A0087_020  0.000-11.74  1.11  6.10  0.00 -4.53 0.501  00  01T118M000  1.000
ARG02A0087_021  0.000-11.60  0.07  0.48  0.00-11.04 0.502  00  02O000M000  1.000
ARG02A0087_022  0.000 -9.76  1.58  1.05  0.00 -7.13 0.502  00  02E064M000  1.000
ARG02A0087_023  0.000 -8.42  0.13  3.85  0.00 -4.43 0.501  00  02E0B0M000  1.000
ARG02A0087_024  0.000-11.82  1.37  1.05  0.00 -9.40 0.502  00  02E0DEM000  1.000
ARG02A0087_025  0.000 -8.56 -0.12  3.85  0.00 -4.83 0.502  00  02E0E5M000  1.000
ARG02A0087_026  0.000-11.63  1.75  6.03  0.00 -3.85 0.501  00  02E10EM000  1.000
ARG02A0087_027  0.000-11.50  1.47  1.05  0.00 -8.98 0.502  00  02T0D2M000  1.000
ARG02A0087_028  0.000-13.15  2.04  3.25  0.00 -7.87 0.502  00  02T114M000  1.000
ARG02A0087_029  0.000-12.03  1.15  6.04  0.00 -4.83 0.501  00  02T118M000  1.000
ARG02A0087_030  0.000-10.19  0.75  3.82  0.00 -5.63 0.501  00  02T06FM000  1.000
ARG02A0087_031  0.000-12.98  0.55  1.06  0.00-11.38 0.502  00  02T028M000  1.000
ARG02A0087_032  0.000-12.61  1.78  6.05  0.00 -4.78 0.502  00  02T04BM000  1.000
ARG02A0087_033  0.000-11.55  1.71  1.06  0.00 -8.79 0.503  00  02T0D4M000  1.000
ARG02A0087_034  0.000 -8.36  0.25  3.85  0.00 -4.26 0.502  00  02T0E9M000  1.000
ARG02A0087_035  0.000-10.88  1.86  3.22  0.00 -5.79 0.502  00  02T110M000  1.000
ARG02A0087_036  0.000-13.54  1.39  0.48  0.00-11.67 0.502  00  02T02BM000  1.000
ARG02A0087_037  0.000-10.67  0.07  0.40  0.00-10.20 0.501  00  02T072M000  1.000
ARG02A0087_038  0.000 -8.15  2.82  3.19  0.00 -2.14 0.501  00  02T07EM000  1.000
ARG02A0087_039  0.000 -8.06  0.91  3.85  0.00 -3.30 0.502  00  02T0CFM000  1.000
ARG02A0087_040  0.000-12.21  1.56  3.29  0.00 -7.35 0.502  00  02T0F1M000  1.000
ARG03A0087_041  0.000-11.60  0.07  0.48  0.00-11.04 0.502  00  03O000M000  1.000
ARG03A0087_042  0.000-13.16  0.54  1.06  0.00-11.56 0.502  00  03E028M000  1.000
ARG03A0087_043  0.000-12.28  1.53  3.30  0.00 -7.45 0.502  00  03E0F1M000  1.000
ARG03A0087_044  0.000-13.11  2.05  3.25  0.00 -7.82 0.502  00  03E114M000  1.000
ARG03A0087_045  0.000-10.64  0.07  0.41  0.00-10.17 0.501  00  03E072M000  1.000
ARG03A0087_046  0.000 -8.08  0.89  3.85  0.00 -3.34 0.502  00  03E0CFM000  1.000
ARG03A0087_047  0.000-11.00  1.84  3.23  0.00 -5.93 0.502  00  03E110M000  1.000
ARG03A0087_048  0.000-11.55  1.73  1.06  0.00 -8.76 0.503  00  03T0D4M000  1.000
ARG03A0087_049  0.000-11.82  1.37  1.04  0.00 -9.41 0.502  00  03T0DEM000  1.000
ARG03A0087_050  0.000-12.75  1.76  6.05  0.00 -4.93 0.502  00  03T04BM000  1.000
ARG03A0087_051  0.000 -8.13  2.81  3.18  0.00 -2.13 0.501  00  03T07EM000  1.000
ARG03A0087_052  0.000 -8.42  0.12  3.85  0.00 -4.45 0.501  00  03T0B0M000  1.000
ARG03A0087_053  0.000-13.73  1.38  0.48  0.00-11.87 0.502  00  03T02BM000  1.000
ARG03A0087_054  0.000 -9.82  1.57  1.05  0.00 -7.20 0.502  00  03T064M000  1.000
ARG03A0087_055  0.000-10.20  0.76  3.82  0.00 -5.62 0.501  00  03T06FM000  1.000
ARG03A0087_056  0.000-11.45  1.46  1.05  0.00 -8.95 0.502  00  03T0D2M000  1.000
ARG03A0087_057  0.000 -8.57 -0.12  3.85  0.00 -4.84 0.502  00  03T0E5M000  1.000
ARG03A0087_058  0.000 -8.47  0.24  3.85  0.00 -4.38 0.502  00  03T0E9M000  1.000
ARG03A0087_059  0.000-11.70  1.73  6.04  0.00 -3.93 0.501  00  03T10EM000  1.000
ARG03A0087_060  0.000-11.91  1.15  6.04  0.00 -4.72 0.501  00  03T118M000  1.000
ARG+1A0087_061  1.000-11.64  0.07  0.48  0.00-11.08 0.502  00  +1O000M000  1.000
ARG+1A0087_062  1.000-13.14  0.55  1.06  0.00-11.53 0.502  00  +1E028M000  1.000
ARG+1A0087_063  1.000-12.79  1.76  6.05  0.00 -4.97 0.502  00  +1E04BM000  1.000
ARG+1A0087_064  1.000 -8.14  2.81  3.18  0.00 -2.15 0.501  00  +1E07EM000  1.000
ARG+1A0087_065  1.000 -8.19  0.89  3.85  0.00 -3.45 0.502  00  +1E0CFM000  1.000
ARG+1A0087_066  1.000-11.66  1.73  1.06  0.00 -8.87 0.503  00  +1E0D4M000  1.000
ARG+1A0087_067  1.000-11.94  1.36  1.04  0.00 -9.53 0.502  00  +1E0DEM000  1.000
ARG+1A0087_068  1.000 -8.47  0.24  3.85  0.00 -4.38 0.502  00  +1E0E9M000  1.000
ARG+1A0087_069  1.000-12.30  1.53  3.30  0.00 -7.48 0.502  00  +1E0F1M000  1.000
ARG+1A0087_070  1.000-11.74  1.73  6.04  0.00 -3.97 0.501  00  +1E10EM000  1.000
ARG+1A0087_071  1.000-13.71  1.38  0.48  0.00-11.86 0.502  00  +1T02BM000  1.000
ARG+1A0087_072  1.000 -9.79  1.57  1.05  0.00 -7.17 0.502  00  +1T064M000  1.000
ARG+1A0087_073  1.000-10.16  0.75  3.82  0.00 -5.60 0.501  00  +1T06FM000  1.000
ARG+1A0087_074  1.000-10.80  0.07  0.41  0.00-10.33 0.501  00  +1T072M000  1.000
ARG+1A0087_075  1.000 -8.53  0.12  3.85  0.00 -4.55 0.501  00  +1T0B0M000  1.000
ARG+1A0087_076  1.000-11.51  1.46  1.05  0.00 -9.00 0.502  00  +1T0D2M000  1.000
ARG+1A0087_077  1.000 -8.55 -0.12  3.85  0.00 -4.82 0.502  00  +1T0E5M000  1.000
ARG+1A0087_078  1.000-10.89  1.82  3.23  0.00 -5.84 0.502  00  +1T110M000  1.000
ARG+1A0087_079  1.000-13.33  2.03  3.25  0.00 -8.05 0.502  00  +1T114M000  1.000
ARG+1A0087_080  1.000-12.08  1.15  6.04  0.00 -4.89 0.501  00  +1T118M000  1.000
