   confID        vdw0    sas     sum
ARG01A0087_001   2.825 -14.339 -11.514
ARG01A0087_002   1.004 -14.574 -13.571
ARG01A0087_003   4.156 -14.283 -10.127
ARG01A0087_004   5.883 -14.342  -8.459
ARG01A0087_005   5.896 -13.813  -7.917
ARG01A0087_006   2.707 -14.321 -11.614
ARG01A0087_007   2.786 -14.505 -11.719
ARG01A0087_008   2.770 -14.604 -11.834
ARG01A0087_009   6.132 -14.669  -8.537
ARG01A0087_010   3.162 -15.294 -12.133
ARG01A0087_011   2.971 -14.727 -11.756
ARG01A0087_012   3.256 -14.548 -11.291
ARG01A0087_013   1.932 -14.963 -13.030
ARG01A0087_014   2.250 -15.324 -13.074
ARG01A0087_015   4.457 -13.956  -9.499
ARG01A0087_016   3.853 -14.570 -10.717
ARG01A0087_017   5.203 -13.232  -8.030
ARG01A0087_018   6.099 -14.540  -8.442
ARG01A0087_019   1.846 -15.073 -13.227
ARG01A0087_020   3.068 -14.807 -11.740
ARG02A0087_021   2.748 -14.339 -11.590
ARG02A0087_022   4.251 -14.007  -9.757
ARG02A0087_023   5.863 -14.271  -8.408
ARG02A0087_024   2.737 -14.549 -11.813
ARG02A0087_025   6.080 -14.624  -8.544
ARG02A0087_026   2.980 -14.599 -11.618
ARG02A0087_027   2.694 -14.192 -11.499
ARG02A0087_028   1.787 -14.989 -13.202
ARG02A0087_029   3.020 -15.055 -12.035
ARG02A0087_030   4.095 -14.283 -10.188
ARG02A0087_031   1.960 -14.946 -12.986
ARG02A0087_032   2.270 -14.880 -12.611
ARG02A0087_033   2.802 -14.353 -11.552
ARG02A0087_034   6.071 -14.437  -8.367
ARG02A0087_035   3.518 -14.387 -10.869
ARG02A0087_036   1.032 -14.574 -13.542
ARG02A0087_037   3.831 -14.509 -10.678
ARG02A0087_038   5.076 -13.232  -8.156
ARG02A0087_039   5.927 -13.993  -8.066
ARG02A0087_040   3.122 -15.333 -12.211
ARG03A0087_041   2.744 -14.339 -11.594
ARG03A0087_042   1.901 -15.062 -13.161
ARG03A0087_043   3.064 -15.397 -12.333
ARG03A0087_044   1.764 -14.873 -13.109
ARG03A0087_045   3.780 -14.429 -10.649
ARG03A0087_046   5.837 -13.928  -8.091
ARG03A0087_047   3.467 -14.455 -10.987
ARG03A0087_048   2.729 -14.286 -11.557
ARG03A0087_049   2.725 -14.549 -11.824
ARG03A0087_050   2.219 -14.909 -12.690
ARG03A0087_051   5.091 -13.232  -8.141
ARG03A0087_052   5.864 -14.271  -8.406
ARG03A0087_053   0.975 -14.706 -13.732
ARG03A0087_054   4.265 -14.084  -9.820
ARG03A0087_055   4.085 -14.283 -10.198
ARG03A0087_056   2.684 -14.141 -11.457
ARG03A0087_057   6.060 -14.640  -8.580
ARG03A0087_058   6.007 -14.502  -8.494
ARG03A0087_059   2.968 -14.666 -11.698
ARG03A0087_060   3.015 -14.926 -11.911
ARG+1A0087_061   2.705 -14.339 -11.633
ARG+1A0087_062   1.858 -14.994 -13.137
ARG+1A0087_063   2.174 -14.957 -12.783
ARG+1A0087_064   5.090 -13.232  -8.142
ARG+1A0087_065   5.791 -13.993  -8.202
ARG+1A0087_066   2.693 -14.353 -11.660
ARG+1A0087_067   2.680 -14.614 -11.933
ARG+1A0087_068   5.956 -14.437  -8.482
ARG+1A0087_069   3.021 -15.333 -12.312
ARG+1A0087_070   2.914 -14.599 -11.685
ARG+1A0087_071   0.928 -14.642 -13.714
ARG+1A0087_072   4.233 -14.007  -9.774
ARG+1A0087_073   4.059 -14.219 -10.160
ARG+1A0087_074   3.762 -14.560 -10.798
ARG+1A0087_075   5.810 -14.339  -8.529
ARG+1A0087_076   2.634 -14.141 -11.506
ARG+1A0087_077   6.022 -14.576  -8.554
ARG+1A0087_078   3.430 -14.323 -10.893
ARG+1A0087_079   1.718 -15.002 -13.284
ARG+1A0087_080   2.970 -15.055 -12.085
