CONFORMER         crg  vdw0  vdw1  tors  epol  self   occ  Hb     history    ASA
LYS01A0078_001  0.000-11.94  1.54  2.46  0.00 -7.94 0.502  00  01O000M000  1.000
LYS01A0078_002  0.000 -9.53  1.87  3.42  0.00 -4.24 0.504  00  01E015M000  1.000
LYS01A0078_003  0.000-10.70  1.50  2.11  0.00 -7.10 0.503  00  01E039M000  1.000
LYS01A0078_004  0.000-11.71  2.48  3.55  0.00 -5.69 0.503  00  01E049M000  1.000
LYS01A0078_005  0.000 -9.13  1.28  4.20  0.00 -3.64 0.503  00  01E08FM000  1.000
LYS01A0078_006  0.000 -7.27  1.05  4.18  0.00 -2.04 0.502  00  01E092M000  1.000
LYS01A0078_007  0.000 -9.28  1.03  4.81  0.00 -3.45 0.503  00  01E095M000  1.000
LYS01A0078_008  0.000-10.60  3.11  4.38  0.00 -3.11 0.503  00  01E0AAM000  1.000
LYS01A0078_009  0.000 -9.79  2.95  3.10  0.00 -3.74 0.503  00  01E0B0M000  1.000
LYS01A0078_010  0.000 -9.68  1.86  4.85  0.00 -2.97 0.503  00  01E0C7M000  1.000
LYS01A0078_011  0.000-10.89  1.43  2.22  0.00 -7.23 0.502  00  01T00EM000  1.000
LYS01A0078_012  0.000 -9.96  1.53  2.86  0.00 -5.57 0.502  00  01T00FM000  1.000
LYS01A0078_013  0.000-10.99  2.84  2.68  0.00 -5.47 0.502  00  01T022M000  1.000
LYS01A0078_014  0.000-11.14  5.44  2.95  0.00 -2.74 0.502  00  01T023M000  1.000
LYS01A0078_015  0.000-11.14  6.65  3.70  0.00 -0.79 0.503  00  01T051M000  1.000
LYS01A0078_016  0.000 -7.82  1.11  2.75  0.00 -3.96 0.502  00  01T097M000  1.000
LYS01A0078_017  0.000 -8.30  2.38  2.05  0.00 -3.88 0.502  00  01T09EM000  1.000
LYS01A0078_018  0.000-10.54  2.78  3.59  0.00 -4.17 0.503  00  01T0A3M000  1.000
LYS01A0078_019  0.000 -9.17  1.85  5.72  0.00 -1.60 0.502  00  01T0C2M000  1.000
LYS+1A0078_020  1.000-11.98  1.54  2.46  0.00 -7.99 0.502  00  +1O000M000  1.000
LYS+1A0078_021  1.000 -9.45  1.87  3.43  0.00 -4.14 0.504  00  +1E015M000  1.000
LYS+1A0078_022  1.000-11.18  5.43  2.97  0.00 -2.79 0.502  00  +1E023M000  1.000
LYS+1A0078_023  1.000-11.28  6.62  3.87  0.00 -0.79 0.503  00  +1E051M000  1.000
LYS+1A0078_024  1.000 -7.70  1.03  4.30  0.00 -2.37 0.502  00  +1E092M000  1.000
LYS+1A0078_025  1.000 -9.26  1.02  4.86  0.00 -3.38 0.503  00  +1E095M000  1.000
LYS+1A0078_026  1.000 -9.16  1.83  5.83  0.00 -1.50 0.502  00  +1E0C2M000  1.000
LYS+1A0078_027  1.000-10.96  1.44  2.27  0.00 -7.25 0.502  00  +1T00EM000  1.000
LYS+1A0078_028  1.000-10.02  1.54  2.87  0.00 -5.61 0.502  00  +1T00FM000  1.000
LYS+1A0078_029  1.000-11.03  2.82  2.69  0.00 -5.53 0.502  00  +1T022M000  1.000
LYS+1A0078_030  1.000-10.85  1.50  2.12  0.00 -7.23 0.503  00  +1T039M000  1.000
LYS+1A0078_031  1.000-11.72  2.44  3.61  0.00 -5.66 0.503  00  +1T049M000  1.000
LYS+1A0078_032  1.000 -9.17  1.29  4.37  0.00 -3.51 0.503  00  +1T08FM000  1.000
LYS+1A0078_033  1.000 -7.69  1.09  2.76  0.00 -3.84 0.502  00  +1T097M000  1.000
LYS+1A0078_034  1.000 -8.32  2.35  2.06  0.00 -3.91 0.502  00  +1T09EM000  1.000
LYS+1A0078_035  1.000-10.67  2.86  3.73  0.00 -4.08 0.503  00  +1T0A3M000  1.000
LYS+1A0078_036  1.000-10.62  3.12  4.42  0.00 -3.08 0.503  00  +1T0AAM000  1.000
LYS+1A0078_037  1.000 -9.84  2.97  3.12  0.00 -3.75 0.503  00  +1T0B0M000  1.000
LYS+1A0078_038  1.000 -9.81  1.87  4.99  0.00 -2.95 0.503  00  +1T0C7M000  1.000
