iConf CONFORMER     FL  occ    crg   Em0  pKa0 ne nH    vdw0    vdw1    tors    epol   dsolv   extra    history
00001 LYS01A0078_001 f 0.00  0.000     0  0.00  0  0 -11.937   1.537   2.460  -0.007  -0.432   0.000 01O000M000t
00002 LYS01A0078_002 f 0.00  0.000     0  0.00  0  0  -9.528   1.875   3.419  -0.010  -0.434   0.000 01E015M000t
00003 LYS01A0078_003 f 0.00  0.000     0  0.00  0  0 -10.703   1.495   2.114  -0.010  -0.406   0.000 01E039M000t
00004 LYS01A0078_004 f 0.00  0.000     0  0.00  0  0 -11.711   2.481   3.548  -0.013  -0.434   0.000 01E049M000t
00005 LYS01A0078_005 f 0.00  0.000     0  0.00  0  0  -9.187   1.285   4.202  -0.009  -0.401   0.000 01E08FM000t
00006 LYS01A0078_006 f 0.00  0.000     0  0.00  0  0  -7.303   1.041   4.182  -0.026  -0.379   0.000 01E092M000t
00007 LYS01A0078_007 f 0.00  0.000     0  0.00  0  0  -9.284   1.034   4.804  -0.021  -0.416   0.000 01E095M000t
00008 LYS01A0078_008 f 0.00  0.000     0  0.00  0  0 -10.654   3.163   4.381  -0.005  -0.425   0.000 01E0AAM000t
00009 LYS01A0078_009 f 0.00  0.000     0  0.00  0  0  -9.788   3.004   3.105  -0.002  -0.395   0.000 01E0B0M000t
00010 LYS01A0078_010 f 0.00  0.000     0  0.00  0  0  -9.673   1.861   4.854   0.026  -0.395   0.000 01E0C7M000t
00011 LYS01A0078_011 f 0.00  0.000     0  0.00  0  0 -10.885   1.432   2.225  -0.005  -0.447   0.000 01T00EM000t
00012 LYS01A0078_012 f 0.00  0.000     0  0.00  0  0  -9.960   1.536   2.856  -0.004  -0.413   0.000 01T00FM000t
00013 LYS01A0078_013 f 0.00  0.000     0  0.00  0  0 -10.994   2.837   2.684  -0.010  -0.426   0.000 01T022M000t
00014 LYS01A0078_014 f 0.00  0.000     0  0.00  0  0 -11.139   5.500   2.953  -0.006  -0.412   0.000 01T023M000t
00015 LYS01A0078_015 f 0.00  0.000     0  0.00  0  0 -11.175   6.649   3.705  -0.008  -0.405   0.000 01T051M000t
00016 LYS01A0078_016 f 0.00  0.000     0  0.00  0  0  -7.822   1.112   2.754  -0.004  -0.373   0.000 01T097M000t
00017 LYS01A0078_017 f 0.00  0.000     0  0.00  0  0  -8.292   2.373   2.048  -0.024  -0.388   0.000 01T09EM000t
00018 LYS01A0078_018 f 0.00  0.000     0  0.00  0  0 -10.534   2.776   3.592  -0.013  -0.406   0.000 01T0A3M000t
00019 LYS01A0078_019 f 0.00  0.000     0  0.00  0  0  -9.167   1.846   5.727   0.000  -0.393   0.000 01T0C2M000t
00020 LYS+1A0078_020 f 0.00  1.000     0 10.40  0  1 -11.982   1.536   2.460   0.049  -5.908   0.000 +1O000M000t
00021 LYS+1A0078_021 f 0.00  1.000     0 10.40  0  1  -9.456   1.874   3.433   0.066  -5.909   0.000 +1E015M000t
00022 LYS+1A0078_022 f 0.00  1.000     0 10.40  0  1 -11.180   5.477   2.964   0.036  -5.900   0.000 +1E023M000t
00023 LYS+1A0078_023 f 0.00  1.000     0 10.40  0  1 -11.283   6.614   3.864   0.047  -5.863   0.000 +1E051M000t
00024 LYS+1A0078_024 f 0.00  1.000     0 10.40  0  1  -7.695   1.027   4.299  -0.040  -5.696   0.000 +1E092M000t
00025 LYS+1A0078_025 f 0.00  1.000     0 10.40  0  1  -9.258   1.023   4.862  -0.023  -5.878   0.000 +1E095M000t
00026 LYS+1A0078_026 f 0.00  1.000     0 10.40  0  1  -9.149   1.831   5.832  -0.002  -5.837   0.000 +1E0C2M000t
00027 LYS+1A0078_027 f 0.00  1.000     0 10.40  0  1 -10.958   1.442   2.264   0.039  -5.896   0.000 +1T00EM000t
00028 LYS+1A0078_028 f 0.00  1.000     0 10.40  0  1 -10.016   1.537   2.873   0.032  -5.900   0.000 +1T00FM000t
00029 LYS+1A0078_029 f 0.00  1.000     0 10.40  0  1 -11.074   2.818   2.693   0.080  -5.959   0.000 +1T022M000t
00030 LYS+1A0078_030 f 0.00  1.000     0 10.40  0  1 -10.849   1.496   2.121   0.029  -5.850   0.000 +1T039M000t
00031 LYS+1A0078_031 f 0.00  1.000     0 10.40  0  1 -11.717   2.446   3.614   0.068  -5.900   0.000 +1T049M000t
00032 LYS+1A0078_032 f 0.00  1.000     0 10.40  0  1  -9.180   1.291   4.373   0.006  -5.867   0.000 +1T08FM000t
00033 LYS+1A0078_033 f 0.00  1.000     0 10.40  0  1  -7.685   1.091   2.757   0.059  -5.762   0.000 +1T097M000t
00034 LYS+1A0078_034 f 0.00  1.000     0 10.40  0  1  -8.324   2.350   2.065   0.110  -5.734   0.000 +1T09EM000t
00035 LYS+1A0078_035 f 0.00  1.000     0 10.40  0  1 -10.678   2.869   3.735   0.065  -5.872   0.000 +1T0A3M000t
00036 LYS+1A0078_036 f 0.00  1.000     0 10.40  0  1 -10.621   3.176   4.416   0.011  -5.877   0.000 +1T0AAM000t
00037 LYS+1A0078_037 f 0.00  1.000     0 10.40  0  1  -9.846   3.023   3.119   0.083  -5.746   0.000 +1T0B0M000t
00038 LYS+1A0078_038 f 0.00  1.000     0 10.40  0  1  -9.813   1.873   4.998  -0.145  -5.823   0.000 +1T0C7M000t
