   confID        vdw0    sas     sum
LYS01A0078_001   0.896 -12.833 -11.937
LYS01A0078_002   2.697 -12.225  -9.528
LYS01A0078_003   1.625 -12.329 -10.703
LYS01A0078_004   0.884 -12.595 -11.711
LYS01A0078_005   2.897 -12.084  -9.187
LYS01A0078_006   4.527 -11.831  -7.303
LYS01A0078_007   3.189 -12.473  -9.284
LYS01A0078_008   1.541 -12.195 -10.654
LYS01A0078_009   2.390 -12.178  -9.788
LYS01A0078_010   2.864 -12.537  -9.673
LYS01A0078_011   1.372 -12.257 -10.885
LYS01A0078_012   2.715 -12.675  -9.960
LYS01A0078_013   1.704 -12.698 -10.994
LYS01A0078_014   1.575 -12.714 -11.139
LYS01A0078_015   1.128 -12.303 -11.175
LYS01A0078_016   4.520 -12.342  -7.822
LYS01A0078_017   4.192 -12.484  -8.292
LYS01A0078_018   2.183 -12.718 -10.534
LYS01A0078_019   3.058 -12.226  -9.167
LYS+1A0078_020   0.851 -12.833 -11.982
LYS+1A0078_021   2.714 -12.170  -9.456
LYS+1A0078_022   1.534 -12.714 -11.180
LYS+1A0078_023   1.074 -12.357 -11.283
LYS+1A0078_024   4.148 -11.844  -7.695
LYS+1A0078_025   3.163 -12.422  -9.258
LYS+1A0078_026   3.038 -12.187  -9.149
LYS+1A0078_027   1.299 -12.257 -10.958
LYS+1A0078_028   2.675 -12.691 -10.016
LYS+1A0078_029   1.663 -12.737 -11.074
LYS+1A0078_030   1.548 -12.396 -10.849
LYS+1A0078_031   0.848 -12.566 -11.717
LYS+1A0078_032   2.894 -12.074  -9.180
LYS+1A0078_033   4.538 -12.223  -7.685
LYS+1A0078_034   4.096 -12.419  -8.324
LYS+1A0078_035   2.142 -12.821 -10.678
LYS+1A0078_036   1.506 -12.128 -10.621
LYS+1A0078_037   2.307 -12.152  -9.846
LYS+1A0078_038   2.869 -12.682  -9.813
