iConf CONFORMER     FL  occ    crg   Em0  pKa0 ne nH    vdw0    vdw1    tors    epol   dsolv   extra    history
00001 LYS01A0110_001 f 0.00  0.000     0  0.00  0  0 -11.336   0.398   1.566  -0.004  -0.063   0.000 01O000M000t
00002 LYS01A0110_002 f 0.00  0.000     0  0.00  0  0 -11.290   3.388   3.372  -0.010  -0.069   0.000 01E048M000t
00003 LYS01A0110_003 f 0.00  0.000     0  0.00  0  0 -10.855   3.852   5.707  -0.003  -0.064   0.000 01E056M000t
00004 LYS01A0110_004 f 0.00  0.000     0  0.00  0  0 -10.299   0.373   4.471  -0.005  -0.062   0.000 01E09FM000t
00005 LYS01A0110_005 f 0.00  0.000     0  0.00  0  0 -10.369   2.139   4.481   0.004  -0.063   0.000 01E0B2M000t
00006 LYS01A0110_006 f 0.00  0.000     0  0.00  0  0  -9.991   1.517   4.565  -0.006  -0.062   0.000 01E0B7M000t
00007 LYS01A0110_007 f 0.00  0.000     0  0.00  0  0 -10.123   1.525   4.458  -0.009  -0.064   0.000 01E0BEM000t
00008 LYS01A0110_008 f 0.00  0.000     0  0.00  0  0  -9.557   1.107   3.246  -0.003  -0.061   0.000 01E0C7M000t
00009 LYS01A0110_009 f 0.00  0.000     0  0.00  0  0 -11.066   1.117   5.498  -0.005  -0.067   0.000 01E0CCM000t
00010 LYS01A0110_010 f 0.00  0.000     0  0.00  0  0  -9.176   4.719   1.928  -0.048  -0.056   0.000 01E114M000t
00011 LYS01A0110_011 f 0.00  0.000     0  0.00  0  0  -7.890   1.457   3.843   0.002  -0.059   0.000 01E12FM000t
00012 LYS01A0110_012 f 0.00  0.000     0  0.00  0  0 -11.179   3.544   2.839  -0.003  -0.062   0.000 01T01AM000t
00013 LYS01A0110_013 f 0.00  0.000     0  0.00  0  0 -10.414   0.389   4.761  -0.007  -0.062   0.000 01T06FM000t
00014 LYS01A0110_014 f 0.00  0.000     0  0.00  0  0 -11.313   1.541   5.745  -0.008  -0.064   0.000 01T08AM000t
00015 LYS01A0110_015 f 0.00  0.000     0  0.00  0  0 -10.189   1.594   3.141  -0.011  -0.061   0.000 01T08CM000t
00016 LYS01A0110_016 f 0.00  0.000     0  0.00  0  0  -9.405   1.665   3.783  -0.003  -0.060   0.000 01T092M000t
00017 LYS01A0110_017 f 0.00  0.000     0  0.00  0  0  -9.160   0.103   1.816  -0.012  -0.057   0.000 01T096M000t
00018 LYS01A0110_018 f 0.00  0.000     0  0.00  0  0  -8.478   0.491   5.112  -0.004  -0.062   0.000 01T0F0M000t
00019 LYS01A0110_019 f 0.00  0.000     0  0.00  0  0 -11.290   3.802   4.540  -0.011  -0.062   0.000 01T118M000t
00020 LYS01A0110_020 f 0.00  0.000     0  0.00  0  0  -7.501   2.254   2.257  -0.007  -0.055   0.000 01T122M000t
00021 LYS+1A0110_021 f 0.00  1.000     0 10.40  0  1 -11.378   0.397   1.566   0.031  -1.023   0.000 +1O000M000t
00022 LYS+1A0110_022 f 0.00  1.000     0 10.40  0  1 -11.215   3.560   2.848   0.024  -1.018   0.000 +1E01AM000t
00023 LYS+1A0110_023 f 0.00  1.000     0 10.40  0  1 -10.885   3.834   5.735  -0.009  -1.015   0.000 +1E056M000t
00024 LYS+1A0110_024 f 0.00  1.000     0 10.40  0  1 -10.370   0.380   4.803   0.059  -1.010   0.000 +1E06FM000t
00025 LYS+1A0110_025 f 0.00  1.000     0 10.40  0  1  -9.407   1.657   3.786   0.090  -0.990   0.000 +1E092M000t
00026 LYS+1A0110_026 f 0.00  1.000     0 10.40  0  1 -10.346   0.372   4.476   0.039  -1.014   0.000 +1E09FM000t
00027 LYS+1A0110_027 f 0.00  1.000     0 10.40  0  1 -10.425   2.133   4.488   0.011  -1.010   0.000 +1E0B2M000t
00028 LYS+1A0110_028 f 0.00  1.000     0 10.40  0  1 -10.027   1.520   4.571   0.050  -1.011   0.000 +1E0B7M000t
00029 LYS+1A0110_029 f 0.00  1.000     0 10.40  0  1 -10.199   1.524   4.466   0.004  -1.009   0.000 +1E0BEM000t
00030 LYS+1A0110_030 f 0.00  1.000     0 10.40  0  1 -11.288   3.835   4.553   0.080  -1.009   0.000 +1E118M000t
00031 LYS+1A0110_031 f 0.00  1.000     0 10.40  0  1 -11.326   3.385   3.380   0.101  -1.015   0.000 +1T048M000t
00032 LYS+1A0110_032 f 0.00  1.000     0 10.40  0  1 -11.348   1.529   5.755   0.081  -1.009   0.000 +1T08AM000t
00033 LYS+1A0110_033 f 0.00  1.000     0 10.40  0  1 -10.283   1.587   3.157   0.062  -1.000   0.000 +1T08CM000t
00034 LYS+1A0110_034 f 0.00  1.000     0 10.40  0  1  -9.198   0.082   1.824   0.008  -0.965   0.000 +1T096M000t
00035 LYS+1A0110_035 f 0.00  1.000     0 10.40  0  1  -9.676   1.113   3.264   0.063  -0.992   0.000 +1T0C7M000t
00036 LYS+1A0110_036 f 0.00  1.000     0 10.40  0  1 -11.084   1.118   5.507   0.046  -1.013   0.000 +1T0CCM000t
00037 LYS+1A0110_037 f 0.00  1.000     0 10.40  0  1  -8.414   0.490   5.116   0.027  -1.011   0.000 +1T0F0M000t
00038 LYS+1A0110_038 f 0.00  1.000     0 10.40  0  1  -9.199   4.839   1.938   0.171  -0.977   0.000 +1T114M000t
00039 LYS+1A0110_039 f 0.00  1.000     0 10.40  0  1  -7.476   2.275   2.257   0.053  -0.965   0.000 +1T122M000t
00040 LYS+1A0110_040 f 0.00  1.000     0 10.40  0  1  -7.803   1.449   3.858   0.125  -0.973   0.000 +1T12FM000t
