CONFORMER         crg  vdw0  vdw1  tors  epol  self   occ  Hb     history    ASA
LYS01A0110_001  0.000-11.33  0.34  1.57  0.00 -9.42 0.502  00  01O000M000  1.000
LYS01A0110_002  0.000-11.29  3.38  3.37  0.00 -4.53 0.502  00  01E048M000  1.000
LYS01A0110_003  0.000-10.86  3.80  5.71  0.00 -1.35 0.501  00  01E056M000  1.000
LYS01A0110_004  0.000-10.27  0.32  4.47  0.00 -5.48 0.502  00  01E09FM000  1.000
LYS01A0110_005  0.000-10.37  2.08  4.48  0.00 -3.81 0.501  00  01E0B2M000  1.000
LYS01A0110_006  0.000 -9.99  1.46  4.57  0.00 -3.96 0.503  00  01E0B7M000  1.000
LYS01A0110_007  0.000-10.13  1.47  4.46  0.00 -4.19 0.502  00  01E0BEM000  1.000
LYS01A0110_008  0.000 -9.56  1.05  3.25  0.00 -5.26 0.502  00  01E0C7M000  1.000
LYS01A0110_009  0.000-11.07  1.06  5.50  0.00 -4.51 0.502  00  01E0CCM000  1.000
LYS01A0110_010  0.000 -9.24  4.72  1.93  0.00 -2.59 0.502  00  01E114M000  1.000
LYS01A0110_011  0.000 -7.89  1.46  3.84  0.00 -2.59 0.502  00  01E12FM000  1.000
LYS01A0110_012  0.000-11.18  3.49  2.84  0.00 -4.86 0.501  00  01T01AM000  1.000
LYS01A0110_013  0.000-10.41  0.39  4.76  0.00 -5.26 0.502  00  01T06FM000  1.000
LYS01A0110_014  0.000-11.32  1.54  5.74  0.00 -4.03 0.502  00  01T08AM000  1.000
LYS01A0110_015  0.000-10.14  1.59  3.14  0.00 -5.40 0.502  00  01T08CM000  1.000
LYS01A0110_016  0.000 -9.40  1.66  3.78  0.00 -3.96 0.502  00  01T092M000  1.000
LYS01A0110_017  0.000 -9.16  0.05  1.81  0.00 -7.29 0.502  00  01T096M000  1.000
LYS01A0110_018  0.000 -8.48  0.49  5.11  0.00 -2.87 0.502  00  01T0F0M000  1.000
LYS01A0110_019  0.000-11.29  3.81  4.54  0.00 -2.95 0.502  00  01T118M000  1.000
LYS01A0110_020  0.000 -7.51  2.26  2.26  0.00 -2.99 0.502  00  01T122M000  1.000
LYS+1A0110_021  1.000-11.38  0.34  1.57  0.00 -9.47 0.502  00  +1O000M000  1.000
LYS+1A0110_022  1.000-11.22  3.51  2.85  0.00 -4.87 0.501  00  +1E01AM000  1.000
LYS+1A0110_023  1.000-10.89  3.78  5.74  0.00 -1.37 0.501  00  +1E056M000  1.000
LYS+1A0110_024  1.000-10.37  0.38  4.80  0.00 -5.19 0.502  00  +1E06FM000  1.000
LYS+1A0110_025  1.000 -9.41  1.65  3.79  0.00 -3.97 0.502  00  +1E092M000  1.000
LYS+1A0110_026  1.000-10.35  0.32  4.47  0.00 -5.55 0.502  00  +1E09FM000  1.000
LYS+1A0110_027  1.000-10.43  2.08  4.49  0.00 -3.86 0.501  00  +1E0B2M000  1.000
LYS+1A0110_028  1.000-10.02  1.47  4.57  0.00 -3.98 0.503  00  +1E0B7M000  1.000
LYS+1A0110_029  1.000-10.17  1.47  4.47  0.00 -4.23 0.502  00  +1E0BEM000  1.000
LYS+1A0110_030  1.000-11.29  3.83  4.55  0.00 -2.90 0.502  00  +1E118M000  1.000
LYS+1A0110_031  1.000-11.32  3.39  3.38  0.00 -4.56 0.502  00  +1T048M000  1.000
LYS+1A0110_032  1.000-11.35  1.53  5.75  0.00 -4.07 0.502  00  +1T08AM000  1.000
LYS+1A0110_033  1.000-10.30  1.58  3.16  0.00 -5.56 0.502  00  +1T08CM000  1.000
LYS+1A0110_034  1.000 -9.20  0.03  1.82  0.00 -7.35 0.502  00  +1T096M000  1.000
LYS+1A0110_035  1.000 -9.68  1.06  3.26  0.00 -5.36 0.502  00  +1T0C7M000  1.000
LYS+1A0110_036  1.000-11.09  1.06  5.51  0.00 -4.52 0.502  00  +1T0CCM000  1.000
LYS+1A0110_037  1.000 -8.49  0.49  5.12  0.00 -2.89 0.502  00  +1T0F0M000  1.000
LYS+1A0110_038  1.000 -9.20  4.83  1.94  0.00 -2.43 0.502  00  +1T114M000  1.000
LYS+1A0110_039  1.000 -7.48  2.28  2.26  0.00 -2.94 0.502  00  +1T122M000  1.000
LYS+1A0110_040  1.000 -7.79  1.45  3.86  0.00 -2.48 0.502  00  +1T12FM000  1.000
