   confID        vdw0    sas     sum
LYS01A0110_001   1.124 -12.459 -11.336
LYS01A0110_002   1.276 -12.566 -11.290
LYS01A0110_003   1.711 -12.566 -10.855
LYS01A0110_004   2.292 -12.591 -10.299
LYS01A0110_005   2.201 -12.569 -10.369
LYS01A0110_006   2.269 -12.260  -9.991
LYS01A0110_007   2.228 -12.350 -10.123
LYS01A0110_008   2.489 -12.046  -9.557
LYS01A0110_009   1.709 -12.775 -11.066
LYS01A0110_010   3.328 -12.503  -9.176
LYS01A0110_011   4.378 -12.268  -7.890
LYS01A0110_012   1.294 -12.472 -11.179
LYS01A0110_013   2.203 -12.618 -10.414
LYS01A0110_014   1.327 -12.640 -11.313
LYS01A0110_015   2.030 -12.219 -10.189
LYS01A0110_016   3.114 -12.519  -9.405
LYS01A0110_017   2.597 -11.757  -9.160
LYS01A0110_018   4.023 -12.501  -8.478
LYS01A0110_019   1.363 -12.653 -11.290
LYS01A0110_020   4.420 -11.921  -7.501
LYS+1A0110_021   1.082 -12.459 -11.378
LYS+1A0110_022   1.257 -12.472 -11.215
LYS+1A0110_023   1.680 -12.566 -10.885
LYS+1A0110_024   2.193 -12.563 -10.370
LYS+1A0110_025   3.048 -12.455  -9.407
LYS+1A0110_026   2.245 -12.591 -10.346
LYS+1A0110_027   2.157 -12.582 -10.425
LYS+1A0110_028   2.232 -12.260 -10.027
LYS+1A0110_029   2.190 -12.389 -10.199
LYS+1A0110_030   1.316 -12.604 -11.288
LYS+1A0110_031   1.240 -12.566 -11.326
LYS+1A0110_032   1.292 -12.640 -11.348
LYS+1A0110_033   1.991 -12.274 -10.283
LYS+1A0110_034   2.507 -11.705  -9.198
LYS+1A0110_035   2.421 -12.097  -9.676
LYS+1A0110_036   1.675 -12.759 -11.084
LYS+1A0110_037   4.020 -12.434  -8.414
LYS+1A0110_038   3.326 -12.526  -9.199
LYS+1A0110_039   4.407 -11.882  -7.476
LYS+1A0110_040   4.411 -12.213  -7.803
