CONFORMER         crg  vdw0  vdw1  tors  epol  self   occ  Hb     history    ASA
GLU01A0075_001  0.000 -3.74  0.92  3.63  0.00  0.81 0.557  00  01O000M000  1.000
GLU01A0075_002  0.000 -2.21  0.90  2.92  0.00  1.61 0.557  00  01E005M000  1.054
GLU01A0075_003  0.000 -3.74  0.92  0.91  0.00 -1.91 0.557  00  01O000M000  1.000
GLU01A0075_004  0.000 -1.88  1.07  0.20  0.00 -0.61 0.553  00  01E007M000  1.027
GLU01A0075_005  0.000 -3.80  0.80  3.44  0.00  0.44 0.553  00  01T002M000  1.008
GLU01A0075_006  0.000 -4.28  3.20  3.67  0.00  2.59 0.555  00  01T003M000  1.000
GLU01A0075_007  0.000 -1.88  1.07  2.92  0.00  2.11 0.553  00  01T007M000  1.027
GLU01A0075_008  0.000 -3.52  1.07  3.21  0.00  0.76 0.555  00  01T008M000  1.005
GLU01A0075_009  0.000 -4.24  3.23  0.95  0.00 -0.07 0.555  00  01T003M000  1.000
GLU01A0075_010  0.000 -3.84  1.03  0.50  0.00 -2.30 0.555  00  01T008M000  1.021
GLU01A0075_011  0.000 -3.86  0.83  0.68  0.00 -2.35 0.553  00  01T002M000  1.025
GLU02A0075_012  0.000 -3.88  0.93  3.63  0.00  0.67 0.557  00  02O000M000  1.000
GLU02A0075_013  0.000 -1.48  0.89  2.92  0.00  2.33 0.557  00  02E005M000  1.074
GLU02A0075_014  0.000 -3.88  0.93  0.91  0.00 -2.05 0.557  00  02O000M000  1.000
GLU02A0075_015  0.000 -1.49  1.06  0.20  0.00 -0.23 0.553  00  02E007M000  1.025
GLU02A0075_016  0.000 -3.68  0.81  3.35  0.00  0.48 0.553  00  02T002M000  1.008
GLU02A0075_017  0.000 -1.49  1.06  2.92  0.00  2.49 0.553  00  02T007M000  1.025
GLU02A0075_018  0.000 -3.32  1.09  3.19  0.00  0.96 0.555  00  02T008M000  1.011
GLU02A0075_019  0.000 -3.40  1.07  0.54  0.00 -1.79 0.555  00  02T008M000  1.027
GLU02A0075_020  0.000 -3.75  0.81  0.63  0.00 -2.32 0.553  00  02T002M000  1.025
GLU-1A0075_021 -1.000 -4.00  0.94  0.91  0.00 -2.15 0.557  00  -1O000M000  1.000
GLU-1A0075_022 -1.000 -3.75  0.82  0.67  0.00 -2.26 0.553  00  -1E002M000  1.009
GLU-1A0075_023 -1.000 -2.04  1.08  0.20  0.00 -0.75 0.553  00  -1E007M000  1.018
GLU-1A0075_024 -1.000 -3.56  1.07  0.49  0.00 -2.00 0.555  00  -1E008M000  1.003
