iConf CONFORMER     FL  occ    crg   Em0  pKa0 ne nH    vdw0    vdw1    tors    epol   dsolv   extra    history
00001 GLU01A0075_001 f 0.00  0.000     0  0.00  0  0  -3.740   0.921   3.629   0.013  -2.274   0.000 01O000M000t
00002 GLU01A0075_002 f 0.00  0.000     0  0.00  0  0  -2.214   0.900   2.922   0.061  -2.383   0.000 01E005M000t
00003 GLU01A0075_003 f 0.00  0.000     0  0.00  0  0  -3.740   0.921   0.909   0.041  -1.616   0.000 01O000M000t
00004 GLU01A0075_004 f 0.00  0.000     0  0.00  0  0  -1.926   1.074   0.203   0.028  -1.566   0.000 01E007M000t
00005 GLU01A0075_005 f 0.00  0.000     0  0.00  0  0  -3.805   0.803   3.440   0.145  -2.186   0.000 01T002M000t
00006 GLU01A0075_006 f 0.00  0.000     0  0.00  0  0  -4.297   3.202   3.674   0.262  -1.947   0.000 01T003M000t
00007 GLU01A0075_007 f 0.00  0.000     0  0.00  0  0  -1.922   1.074   2.923   0.045  -2.396   0.000 01T007M000t
00008 GLU01A0075_008 f 0.00  0.000     0  0.00  0  0  -3.518   1.072   3.209   0.068  -2.321   0.000 01T008M000t
00009 GLU01A0075_009 f 0.00  0.000     0  0.00  0  0  -4.241   3.226   0.948   0.029  -1.573   0.000 01T003M000t
00010 GLU01A0075_010 f 0.00  0.000     0  0.00  0  0  -3.836   1.036   0.504   0.036  -1.551   0.000 01T008M000t
00011 GLU01A0075_011 f 0.00  0.000     0  0.00  0  0  -3.858   0.828   0.683   0.107  -1.593   0.000 01T002M000t
00012 GLU02A0075_012 f 0.00  0.000     0  0.00  0  0  -3.885   0.929   3.629   0.097  -2.354   0.000 02O000M000t
00013 GLU02A0075_013 f 0.00  0.000     0  0.00  0  0  -1.487   0.888   2.922   0.077  -2.080   0.000 02E005M000t
00014 GLU02A0075_014 f 0.00  0.000     0  0.00  0  0  -3.885   0.929   0.909   0.062  -1.561   0.000 02O000M000t
00015 GLU02A0075_015 f 0.00  0.000     0  0.00  0  0  -1.491   1.062   0.203   0.017  -1.579   0.000 02E007M000t
00016 GLU02A0075_016 f 0.00  0.000     0  0.00  0  0  -3.675   0.806   3.352   0.170  -2.289   0.000 02T002M000t
00017 GLU02A0075_017 f 0.00  0.000     0  0.00  0  0  -1.487   1.063   2.923   0.058  -2.047   0.000 02T007M000t
00018 GLU02A0075_018 f 0.00  0.000     0  0.00  0  0  -3.336   1.090   3.190   0.117  -2.202   0.000 02T008M000t
00019 GLU02A0075_019 f 0.00  0.000     0  0.00  0  0  -3.407   1.075   0.541   0.039  -1.649   0.000 02T008M000t
00020 GLU02A0075_020 f 0.00  0.000     0  0.00  0  0  -3.752   0.806   0.632   0.097  -1.586   0.000 02T002M000t
00021 GLU-1A0075_021 f 0.00 -1.000     0  4.75  0 -1  -4.001   0.940   0.909  -0.022 -13.235   0.000 -1O000M000t
00022 GLU-1A0075_022 f 0.00 -1.000     0  4.75  0 -1  -3.748   0.826   0.668  -0.277 -13.039   0.000 -1E002M000t
00023 GLU-1A0075_023 f 0.00 -1.000     0  4.75  0 -1  -2.071   1.084   0.203  -0.038 -13.128   0.000 -1E007M000t
00024 GLU-1A0075_024 f 0.00 -1.000     0  4.75  0 -1  -3.564   1.078   0.491  -0.222 -13.049   0.000 -1E008M000t
