   confID        vdw0    sas     sum
GLU01A0075_001   0.757  -4.497  -3.740
GLU01A0075_002   2.634  -4.848  -2.214
GLU01A0075_003   0.757  -4.497  -3.740
GLU01A0075_004   2.635  -4.561  -1.926
GLU01A0075_005   0.905  -4.710  -3.805
GLU01A0075_006   0.572  -4.869  -4.297
GLU01A0075_007   2.638  -4.561  -1.922
GLU01A0075_008   1.340  -4.859  -3.518
GLU01A0075_009   0.579  -4.820  -4.241
GLU01A0075_010   1.133  -4.969  -3.836
GLU01A0075_011   0.949  -4.807  -3.858
GLU02A0075_012   0.755  -4.639  -3.885
GLU02A0075_013   3.357  -4.844  -1.487
GLU02A0075_014   0.755  -4.639  -3.885
GLU02A0075_015   3.364  -4.855  -1.491
GLU02A0075_016   0.956  -4.631  -3.675
GLU02A0075_017   3.368  -4.855  -1.487
GLU02A0075_018   1.453  -4.788  -3.336
GLU02A0075_019   1.444  -4.851  -3.407
GLU02A0075_020   0.956  -4.708  -3.752
GLU-1A0075_021   0.611  -4.612  -4.001
GLU-1A0075_022   0.776  -4.525  -3.748
GLU-1A0075_023   2.597  -4.668  -2.071
GLU-1A0075_024   1.150  -4.713  -3.564
