CONFORMER         crg  vdw0  vdw1  tors  epol  self   occ  Hb     history    ASA
GLU01A0052_001  0.000 -3.75  1.14  3.49  0.00  0.87 0.521  00  01O000M000  1.023
GLU01A0052_002  0.000 -4.19  1.01  3.85  0.00  0.67 0.523  00  01E009M000  1.008
GLU01A0052_003  0.000 -4.23  0.90  3.86  0.00  0.53 0.521  00  01E00BM000  1.031
GLU01A0052_004  0.000 -3.81  2.70  3.11  0.00  2.01 0.523  00  01E010M000  1.021
GLU01A0052_005  0.000 -3.68  1.22  3.05  0.00  0.59 0.523  00  01E013M000  1.038
GLU01A0052_006  0.000 -3.65  1.14  0.77  0.00 -1.74 0.521  00  01O000M000  1.000
GLU01A0052_007  0.000 -4.02  0.57  0.53  0.00 -2.91 0.521  00  01E004M000  1.050
GLU01A0052_008  0.000 -3.67  2.15  0.62  0.00 -0.90 0.521  00  01E005M000  1.003
GLU01A0052_009  0.000 -3.89  1.11  0.35  0.00 -2.44 0.523  00  01E013M000  1.059
GLU01A0052_010  0.000 -3.62  0.26  3.27  0.00 -0.09 0.522  00  01T002M000  1.017
GLU01A0052_011  0.000 -3.70  2.05  3.35  0.00  1.70 0.521  00  01T005M000  1.003
GLU01A0052_012  0.000 -4.05  2.02  3.39  0.00  1.36 0.520  00  01T006M000  1.037
GLU01A0052_013  0.000 -4.05  0.90  5.86  0.00  2.72 0.522  00  01T00FM000  1.006
GLU01A0052_014  0.000 -3.69  0.96  5.71  0.00  2.98 0.522  00  01T003M000  1.025
GLU01A0052_015  0.000 -4.02  0.58  3.24  0.00 -0.21 0.521  00  01T004M000  1.050
GLU01A0052_016  0.000 -4.03  0.73  5.78  0.00  2.49 0.521  00  01T007M000  1.073
GLU01A0052_017  0.000 -4.23  0.23  3.81  0.00 -0.19 0.521  00  01T00DM000  1.019
GLU01A0052_018  0.000 -3.76  0.38  6.44  0.00  3.06 0.524  00  01T012M000  1.030
GLU01A0052_019  0.000 -3.90  0.50  6.43  0.00  3.03 0.522  00  01T015M000  1.058
GLU01A0052_020  0.000 -3.39  0.81  0.53  0.00 -2.05 0.521  00  01T001M000  1.000
GLU01A0052_021  0.000 -3.66  0.26  0.55  0.00 -2.85 0.522  00  01T002M000  1.025
GLU01A0052_022  0.000 -4.05  2.02  0.67  0.00 -1.36 0.520  00  01T006M000  1.037
GLU01A0052_023  0.000 -4.18  0.73  3.09  0.00 -0.35 0.521  00  01T007M000  1.077
GLU01A0052_024  0.000 -4.05  0.90  3.14  0.00 -0.00 0.522  00  01T00FM000  1.006
GLU01A0052_025  0.000 -3.81  2.70  0.39  0.00 -0.72 0.523  00  01T010M000  1.021
GLU01A0052_026  0.000 -3.90  0.49  3.73  0.00  0.32 0.522  00  01T015M000  1.045
GLU01A0052_027  0.000 -3.78  0.38  3.72  0.00  0.32 0.524  00  01T012M000  1.033
GLU02A0052_028  0.000 -3.80  1.14  3.49  0.00  0.84 0.521  00  02O000M000  1.008
GLU02A0052_029  0.000 -3.69  0.82  3.26  0.00  0.38 0.521  00  02E001M000  1.000
GLU02A0052_030  0.000 -3.99  1.76  3.39  0.00  1.16 0.520  00  02E006M000  1.053
GLU02A0052_031  0.000 -4.17  0.71  5.83  0.00  2.37 0.521  00  02E007M000  1.059
GLU02A0052_032  0.000 -4.10  1.00  3.87  0.00  0.77 0.523  00  02E009M000  1.000
GLU02A0052_033  0.000 -3.65  0.41  6.51  0.00  3.26 0.524  00  02E012M000  1.024
GLU02A0052_034  0.000 -4.03  1.10  3.04  0.00  0.10 0.523  00  02E013M000  1.052
GLU02A0052_035  0.000 -3.76  1.14  0.77  0.00 -1.85 0.521  00  02O000M000  1.000
GLU02A0052_036  0.000 -3.92  1.92  0.64  0.00 -1.36 0.520  00  02E006M000  1.038
GLU02A0052_037  0.000 -4.16  0.72  3.07  0.00 -0.37 0.521  00  02E007M000  1.059
GLU02A0052_038  0.000 -4.25  0.91  1.05  0.00 -2.29 0.521  00  02E00BM000  1.037
GLU02A0052_039  0.000 -3.69  0.41  3.73  0.00  0.45 0.524  00  02E012M000  1.000
GLU02A0052_040  0.000 -4.09  0.91  5.94  0.00  2.76 0.522  00  02T00FM000  1.003
GLU02A0052_041  0.000 -3.92  0.97  5.71  0.00  2.76 0.522  00  02T003M000  1.022
GLU02A0052_042  0.000 -3.95  1.96  3.32  0.00  1.33 0.521  00  02T005M000  1.000
GLU02A0052_043  0.000 -4.19  0.91  3.75  0.00  0.47 0.521  00  02T00BM000  1.023
GLU02A0052_044  0.000 -3.60  0.25  3.11  0.00 -0.25 0.522  00  02T00CM000  1.014
GLU02A0052_045  0.000 -3.88  2.14  3.10  0.00  1.36 0.523  00  02T010M000  1.019
GLU02A0052_046  0.000 -3.83  0.48  6.39  0.00  3.04 0.522  00  02T015M000  1.030
GLU02A0052_047  0.000 -3.92  0.49  3.79  0.00  0.35 0.522  00  02T015M000  1.030
GLU02A0052_048  0.000 -3.92  0.97  2.99  0.00  0.04 0.522  00  02T003M000  1.022
GLU02A0052_049  0.000 -4.02  1.96  0.60  0.00 -1.45 0.521  00  02T005M000  1.013
GLU02A0052_050  0.000 -3.60  0.25  0.39  0.00 -2.97 0.522  00  02T00CM000  1.014
GLU02A0052_051  0.000 -3.88  2.14  0.38  0.00 -1.36 0.523  00  02T010M000  1.019
GLU02A0052_052  0.000 -4.42  0.10  0.84  0.00 -3.49 0.521  00  02T014M000  1.029
GLU-1A0052_053 -1.000 -3.78  1.15  0.77  0.00 -1.85 0.521  00  -1O000M000  1.008
GLU-1A0052_054 -1.000 -3.62  0.28  0.52  0.00 -2.82 0.522  00  -1E002M000  1.015
GLU-1A0052_055 -1.000 -4.13  0.52  0.53  0.00 -3.08 0.521  00  -1E004M000  1.038
GLU-1A0052_056 -1.000 -3.89  1.96  0.61  0.00 -1.32 0.521  00  -1E005M000  1.000
GLU-1A0052_057 -1.000 -3.99  1.94  0.64  0.00 -1.42 0.520  00  -1E006M000  1.046
GLU-1A0052_058 -1.000 -4.13  0.74  3.06  0.00 -0.34 0.521  00  -1E007M000  1.052
GLU-1A0052_059 -1.000 -3.39  0.84  0.37  0.00 -2.18 0.520  00  -1E00AM000  1.016
GLU-1A0052_060 -1.000 -4.10  0.91  3.10  0.00 -0.09 0.522  00  -1E00FM000  1.000
GLU-1A0052_061 -1.000 -3.77  0.43  3.72  0.00  0.38 0.524  00  -1E012M000  1.023
GLU-1A0052_062 -1.000 -4.42  0.11  0.88  0.00 -3.42 0.521  00  -1E014M000  1.029
GLU-1A0052_063 -1.000 -3.86  0.51  3.68  0.00  0.32 0.522  00  -1E015M000  1.030
