iConf CONFORMER     FL  occ    crg   Em0  pKa0 ne nH    vdw0    vdw1    tors    epol   dsolv   extra    history
00001 GLU01A0052_001 f 0.00  0.000     0  0.00  0  0  -3.756   1.135   3.493   0.018  -0.504   0.000 01O000M000t
00002 GLU01A0052_002 f 0.00  0.000     0  0.00  0  0  -4.190   1.009   3.854   0.041  -0.494   0.000 01E009M000t
00003 GLU01A0052_003 f 0.00  0.000     0  0.00  0  0  -4.234   0.904   3.860   0.025  -0.521   0.000 01E00BM000t
00004 GLU01A0052_004 f 0.00  0.000     0  0.00  0  0  -3.807   2.698   3.112   0.139  -0.420   0.000 01E010M000t
00005 GLU01A0052_005 f 0.00  0.000     0  0.00  0  0  -3.688   1.218   3.049   0.117  -0.473   0.000 01E013M000t
00006 GLU01A0052_006 f 0.00  0.000     0  0.00  0  0  -3.651   1.135   0.773   0.011  -0.360   0.000 01O000M000t
00007 GLU01A0052_007 f 0.00  0.000     0  0.00  0  0  -4.026   0.573   0.536   0.011  -0.351   0.000 01E004M000t
00008 GLU01A0052_008 f 0.00  0.000     0  0.00  0  0  -3.668   2.148   0.618   0.020  -0.363   0.000 01E005M000t
00009 GLU01A0052_009 f 0.00  0.000     0  0.00  0  0  -3.894   1.107   0.351   0.029  -0.353   0.000 01E013M000t
00010 GLU01A0052_010 f 0.00  0.000     0  0.00  0  0  -3.618   0.261   3.269   0.051  -0.505   0.000 01T002M000t
00011 GLU01A0052_011 f 0.00  0.000     0  0.00  0  0  -3.702   2.055   3.352   0.077  -0.502   0.000 01T005M000t
00012 GLU01A0052_012 f 0.00  0.000     0  0.00  0  0  -4.047   2.015   3.386   0.105  -0.485   0.000 01T006M000t
00013 GLU01A0052_013 f 0.00  0.000     0  0.00  0  0  -4.078   0.902   5.863   0.045  -0.508   0.000 01T00FM000t
00014 GLU01A0052_014 f 0.00  0.000     0  0.00  0  0  -3.690   0.966   5.710   0.031  -0.522   0.000 01T003M000t
00015 GLU01A0052_015 f 0.00  0.000     0  0.00  0  0  -4.023   0.573   3.236   0.065  -0.493   0.000 01T004M000t
00016 GLU01A0052_016 f 0.00  0.000     0  0.00  0  0  -4.029   0.733   5.782   0.104  -0.489   0.000 01T007M000t
00017 GLU01A0052_017 f 0.00  0.000     0  0.00  0  0  -4.196   0.232   3.811   0.036  -0.530   0.000 01T00DM000t
00018 GLU01A0052_018 f 0.00  0.000     0  0.00  0  0  -3.761   0.377   6.441   0.118  -0.474   0.000 01T012M000t
00019 GLU01A0052_019 f 0.00  0.000     0  0.00  0  0  -3.895   0.496   6.427   0.025  -0.522   0.000 01T015M000t
00020 GLU01A0052_020 f 0.00  0.000     0  0.00  0  0  -3.391   0.807   0.533   0.017  -0.379   0.000 01T001M000t
00021 GLU01A0052_021 f 0.00  0.000     0  0.00  0  0  -3.657   0.261   0.549   0.018  -0.349   0.000 01T002M000t
00022 GLU01A0052_022 f 0.00  0.000     0  0.00  0  0  -4.047   2.015   0.666   0.059  -0.341   0.000 01T006M000t
00023 GLU01A0052_023 f 0.00  0.000     0  0.00  0  0  -4.182   0.731   3.095   0.023  -0.367   0.000 01T007M000t
00024 GLU01A0052_024 f 0.00  0.000     0  0.00  0  0  -4.078   0.902   3.143   0.010  -0.351   0.000 01T00FM000t
00025 GLU01A0052_025 f 0.00  0.000     0  0.00  0  0  -3.806   2.698   0.384   0.009  -0.344   0.000 01T010M000t
00026 GLU01A0052_026 f 0.00  0.000     0  0.00  0  0  -3.899   0.489   3.731   0.015  -0.369   0.000 01T015M000t
00027 GLU01A0052_027 f 0.00  0.000     0  0.00  0  0  -3.773   0.377   3.721   0.020  -0.342   0.000 01T012M000t
00028 GLU02A0052_028 f 0.00  0.000     0  0.00  0  0  -3.802   1.142   3.493   0.031  -0.525   0.000 02O000M000t
00029 GLU02A0052_029 f 0.00  0.000     0  0.00  0  0  -3.690   0.819   3.257  -0.005  -0.527   0.000 02E001M000t
00030 GLU02A0052_030 f 0.00  0.000     0  0.00  0  0  -3.990   1.772   3.387   0.092  -0.526   0.000 02E006M000t
00031 GLU02A0052_031 f 0.00  0.000     0  0.00  0  0  -4.170   0.706   5.831   0.007  -0.524   0.000 02E007M000t
00032 GLU02A0052_032 f 0.00  0.000     0  0.00  0  0  -4.103   0.998   3.874   0.013  -0.554   0.000 02E009M000t
00033 GLU02A0052_033 f 0.00  0.000     0  0.00  0  0  -3.655   0.407   6.511   0.034  -0.541   0.000 02E012M000t
00034 GLU02A0052_034 f 0.00  0.000     0  0.00  0  0  -4.038   1.092   3.040   0.037  -0.509   0.000 02E013M000t
00035 GLU02A0052_035 f 0.00  0.000     0  0.00  0  0  -3.765   1.142   0.773   0.016  -0.352   0.000 02O000M000t
00036 GLU02A0052_036 f 0.00  0.000     0  0.00  0  0  -3.918   1.925   0.639   0.064  -0.368   0.000 02E006M000t
00037 GLU02A0052_037 f 0.00  0.000     0  0.00  0  0  -4.165   0.723   3.073  -0.001  -0.341   0.000 02E007M000t
00038 GLU02A0052_038 f 0.00  0.000     0  0.00  0  0  -4.254   0.915   1.051   0.009  -0.357   0.000 02E00BM000t
00039 GLU02A0052_039 f 0.00  0.000     0  0.00  0  0  -3.690   0.414   3.728   0.021  -0.348   0.000 02E012M000t
00040 GLU02A0052_040 f 0.00  0.000     0  0.00  0  0  -4.107   0.914   5.946   0.026  -0.546   0.000 02T00FM000t
00041 GLU02A0052_041 f 0.00  0.000     0  0.00  0  0  -3.920   0.970   5.712   0.035  -0.526   0.000 02T003M000t
00042 GLU02A0052_042 f 0.00  0.000     0  0.00  0  0  -3.953   1.966   3.325  -0.022  -0.501   0.000 02T005M000t
00043 GLU02A0052_043 f 0.00  0.000     0  0.00  0  0  -4.190   0.916   3.752   0.021  -0.536   0.000 02T00BM000t
00044 GLU02A0052_044 f 0.00  0.000     0  0.00  0  0  -3.600   0.249   3.106   0.043  -0.546   0.000 02T00CM000t
00045 GLU02A0052_045 f 0.00  0.000     0  0.00  0  0  -3.879   2.135   3.101  -0.010  -0.525   0.000 02T010M000t
00046 GLU02A0052_046 f 0.00  0.000     0  0.00  0  0  -3.834   0.478   6.391   0.068  -0.525   0.000 02T015M000t
00047 GLU02A0052_047 f 0.00  0.000     0  0.00  0  0  -3.924   0.493   3.786   0.023  -0.344   0.000 02T015M000t
00048 GLU02A0052_048 f 0.00  0.000     0  0.00  0  0  -3.920   0.970   2.992   0.015  -0.347   0.000 02T003M000t
00049 GLU02A0052_049 f 0.00  0.000     0  0.00  0  0  -4.017   1.966   0.606  -0.015  -0.337   0.000 02T005M000t
00050 GLU02A0052_050 f 0.00  0.000     0  0.00  0  0  -3.600   0.249   0.386   0.020  -0.348   0.000 02T00CM000t
00051 GLU02A0052_051 f 0.00  0.000     0  0.00  0  0  -3.879   2.135   0.381  -0.011  -0.344   0.000 02T010M000t
00052 GLU02A0052_052 f 0.00  0.000     0  0.00  0  0  -4.427   0.099   0.838   0.031  -0.341   0.000 02T014M000t
00053 GLU-1A0052_053 f 0.00 -1.000     0  4.75  0 -1  -3.776   1.152   0.773  -0.059  -3.176   0.000 -1O000M000t
00054 GLU-1A0052_054 f 0.00 -1.000     0  4.75  0 -1  -3.617   0.276   0.517  -0.085  -3.172   0.000 -1E002M000t
00055 GLU-1A0052_055 f 0.00 -1.000     0  4.75  0 -1  -4.127   0.522   0.530  -0.152  -3.141   0.000 -1E004M000t
00056 GLU-1A0052_056 f 0.00 -1.000     0  4.75  0 -1  -3.888   1.958   0.606   0.055  -3.085   0.000 -1E005M000t
00057 GLU-1A0052_057 f 0.00 -1.000     0  4.75  0 -1  -3.992   1.934   0.639  -0.267  -3.106   0.000 -1E006M000t
00058 GLU-1A0052_058 f 0.00 -1.000     0  4.75  0 -1  -4.132   0.736   3.056  -0.202  -3.139   0.000 -1E007M000t
00059 GLU-1A0052_059 f 0.00 -1.000     0  4.75  0 -1  -3.387   0.843   0.367  -0.055  -3.172   0.000 -1E00AM000t
00060 GLU-1A0052_060 f 0.00 -1.000     0  4.75  0 -1  -4.100   0.911   3.099  -0.081  -3.187   0.000 -1E00FM000t
00061 GLU-1A0052_061 f 0.00 -1.000     0  4.75  0 -1  -3.774   0.430   3.721  -0.105  -3.159   0.000 -1E012M000t
00062 GLU-1A0052_062 f 0.00 -1.000     0  4.75  0 -1  -4.417   0.113   0.884  -0.206  -3.140   0.000 -1E014M000t
00063 GLU-1A0052_063 f 0.00 -1.000     0  4.75  0 -1  -3.864   0.512   3.676  -0.119  -3.170   0.000 -1E015M000t
