   confID        vdw0    sas     sum
GLU01A0052_001   0.964  -4.720  -3.756
GLU01A0052_002   0.475  -4.665  -4.190
GLU01A0052_003   0.474  -4.708  -4.234
GLU01A0052_004   1.191  -4.998  -3.807
GLU01A0052_005   1.126  -4.813  -3.688
GLU01A0052_006   0.964  -4.615  -3.651
GLU01A0052_007   0.980  -5.006  -4.026
GLU01A0052_008   0.955  -4.623  -3.668
GLU01A0052_009   1.110  -5.004  -3.894
GLU01A0052_010   1.073  -4.691  -3.618
GLU01A0052_011   0.897  -4.600  -3.702
GLU01A0052_012   0.916  -4.963  -4.047
GLU01A0052_013   0.579  -4.657  -4.078
GLU01A0052_014   1.006  -4.696  -3.690
GLU01A0052_015   0.983  -5.006  -4.023
GLU01A0052_016   1.061  -5.089  -4.029
GLU01A0052_017   0.504  -4.700  -4.196
GLU01A0052_018   0.987  -4.747  -3.761
GLU01A0052_019   1.034  -4.929  -3.895
GLU01A0052_020   1.069  -4.460  -3.391
GLU01A0052_021   1.073  -4.730  -3.657
GLU01A0052_022   0.916  -4.963  -4.047
GLU01A0052_023   0.978  -5.160  -4.182
GLU01A0052_024   0.579  -4.657  -4.078
GLU01A0052_025   1.193  -4.998  -3.806
GLU01A0052_026   0.982  -4.881  -3.899
GLU01A0052_027   0.987  -4.760  -3.773
GLU02A0052_028   0.851  -4.652  -3.802
GLU02A0052_029   0.946  -4.636  -3.690
GLU02A0052_030   0.831  -4.821  -3.990
GLU02A0052_031   0.878  -5.049  -4.170
GLU02A0052_032   0.486  -4.589  -4.103
GLU02A0052_033   0.919  -4.574  -3.655
GLU02A0052_034   0.940  -4.978  -4.038
GLU02A0052_035   0.851  -4.616  -3.765
GLU02A0052_036   0.834  -4.752  -3.918
GLU02A0052_037   0.883  -5.049  -4.165
GLU02A0052_038   0.534  -4.788  -4.254
GLU02A0052_039   0.952  -4.642  -3.690
GLU02A0052_040   0.536  -4.642  -4.107
GLU02A0052_041   0.845  -4.766  -3.920
GLU02A0052_042   0.823  -4.776  -3.953
GLU02A0052_043   0.534  -4.724  -4.190
GLU02A0052_044   1.078  -4.678  -3.600
GLU02A0052_045   0.989  -4.868  -3.879
GLU02A0052_046   1.052  -4.885  -3.834
GLU02A0052_047   0.948  -4.873  -3.924
GLU02A0052_048   0.845  -4.766  -3.920
GLU02A0052_049   0.823  -4.840  -4.017
GLU02A0052_050   1.078  -4.678  -3.600
GLU02A0052_051   0.989  -4.868  -3.879
GLU02A0052_052   0.565  -4.991  -4.427
GLU-1A0052_053   0.745  -4.521  -3.776
GLU-1A0052_054   0.853  -4.470  -3.617
GLU-1A0052_055   0.711  -4.838  -4.127
GLU-1A0052_056   0.723  -4.610  -3.888
GLU-1A0052_057   0.731  -4.722  -3.992
GLU-1A0052_058   0.784  -4.916  -4.132
GLU-1A0052_059   0.992  -4.379  -3.387
GLU-1A0052_060   0.464  -4.564  -4.100
GLU-1A0052_061   0.824  -4.598  -3.774
GLU-1A0052_062   0.422  -4.838  -4.417
GLU-1A0052_063   0.877  -4.740  -3.864
