CONFORMER         crg  vdw0  vdw1  tors  epol  self   occ  Hb     history    ASA
LYS01A0009_001  0.000-10.51  0.78  1.55  0.00 -8.18 0.503  00  01O000M000  1.000
LYS01A0009_002  0.000-10.32  2.02  3.47  0.00 -4.83 0.502  00  01E00CM000  1.000
LYS01A0009_003  0.000 -8.82  5.08  1.96  0.00 -1.78 0.504  00  01E022M000  1.000
LYS01A0009_004  0.000 -6.02  1.95  4.24  0.00  0.18 0.503  00  01E026M000  1.000
LYS01A0009_005  0.000 -9.16  0.89  3.51  0.00 -4.75 0.503  00  01E02DM000  1.000
LYS01A0009_006  0.000 -8.66  1.42  1.63  0.00 -5.61 0.503  00  01E043M000  1.000
LYS01A0009_007  0.000 -9.36  1.59  3.85  0.00 -3.92 0.503  00  01E048M000  1.000
LYS01A0009_008  0.000 -8.98  3.15  3.84  0.00 -1.99 0.503  00  01E067M000  1.000
LYS01A0009_009  0.000 -7.84  2.00  1.85  0.00 -3.98 0.503  00  01E089M000  1.000
LYS01A0009_010  0.000 -9.60  2.93  1.89  0.00 -4.78 0.503  00  01T011M000  1.000
LYS01A0009_011  0.000 -9.43  3.19  1.35  0.00 -4.89 0.503  00  01T012M000  1.000
LYS01A0009_012  0.000 -9.63  1.47  3.46  0.00 -4.69 0.503  00  01T018M000  1.000
LYS01A0009_013  0.000 -5.74  1.43  2.53  0.00 -1.78 0.503  00  01T01FM000  1.000
LYS01A0009_014  0.000 -7.75  1.94  3.77  0.00 -2.04 0.504  00  01T04DM000  1.000
LYS01A0009_015  0.000 -8.20  0.72  4.17  0.00 -3.32 0.503  00  01T057M000  1.000
LYS01A0009_016  0.000 -8.46  0.79  4.14  0.00 -3.53 0.504  00  01T05EM000  1.000
LYS01A0009_017  0.000 -7.49  1.43  3.53  0.00 -2.53 0.505  00  01T07AM000  1.000
LYS01A0009_018  0.000 -4.07  0.85  2.26  0.00 -0.96 0.503  00  01T07FM000  1.000
LYS01A0009_019  0.000 -8.27  1.09  4.65  0.00 -2.53 0.503  00  01T08EM000  1.000
LYS01A0009_020  0.000 -7.65  1.89  4.10  0.00 -1.66 0.503  00  01T094M000  1.000
LYS+1A0009_021  1.000-10.56  0.77  1.55  0.00 -8.23 0.503  00  +1O000M000  1.000
LYS+1A0009_022  1.000 -9.49  3.18  1.36  0.00 -4.95 0.503  00  +1E012M000  1.000
LYS+1A0009_023  1.000 -9.69  1.47  3.47  0.00 -4.75 0.503  00  +1E018M000  1.000
LYS+1A0009_024  1.000 -9.31  0.89  3.53  0.00 -4.88 0.503  00  +1E02DM000  1.000
LYS+1A0009_025  1.000 -8.83  1.42  1.64  0.00 -5.77 0.503  00  +1E043M000  1.000
LYS+1A0009_026  1.000 -9.49  1.50  3.98  0.00 -4.01 0.503  00  +1E048M000  1.000
LYS+1A0009_027  1.000 -7.56  1.43  3.54  0.00 -2.59 0.505  00  +1E07AM000  1.000
LYS+1A0009_028  1.000 -7.74  1.95  1.86  0.00 -3.93 0.503  00  +1E089M000  1.000
LYS+1A0009_029  1.000-10.47  2.02  3.49  0.00 -4.97 0.502  00  +1T00CM000  1.000
LYS+1A0009_030  1.000 -9.69  2.93  1.91  0.00 -4.85 0.503  00  +1T011M000  1.000
LYS+1A0009_031  1.000 -5.75  1.39  2.54  0.00 -1.82 0.503  00  +1T01FM000  1.000
LYS+1A0009_032  1.000 -8.98  5.14  1.97  0.00 -1.87 0.504  00  +1T022M000  1.000
LYS+1A0009_033  1.000 -6.00  1.95  4.25  0.00  0.21 0.503  00  +1T026M000  1.000
LYS+1A0009_034  1.000 -7.84  1.93  3.77  0.00 -2.14 0.504  00  +1T04DM000  1.000
LYS+1A0009_035  1.000 -8.29  0.72  4.19  0.00 -3.38 0.503  00  +1T057M000  1.000
LYS+1A0009_036  1.000 -8.42  0.79  4.17  0.00 -3.46 0.504  00  +1T05EM000  1.000
LYS+1A0009_037  1.000 -8.88  3.15  3.90  0.00 -1.83 0.503  00  +1T067M000  1.000
LYS+1A0009_038  1.000 -4.28  0.84  2.27  0.00 -1.17 0.503  00  +1T07FM000  1.000
LYS+1A0009_039  1.000 -8.27  1.10  4.70  0.00 -2.47 0.503  00  +1T08EM000  1.000
LYS+1A0009_040  1.000 -7.68  1.88  4.11  0.00 -1.69 0.503  00  +1T094M000  1.000
