iConf CONFORMER     FL  occ    crg   Em0  pKa0 ne nH    vdw0    vdw1    tors    epol   dsolv   extra    history
00001 LYS01A0009_001 f 0.00  0.000     0  0.00  0  0 -10.576   0.880   1.549  -0.005  -0.203   0.000 01O000M000t
00002 LYS01A0009_002 f 0.00  0.000     0  0.00  0  0 -10.320   2.022   3.470  -0.011  -0.210   0.000 01E00CM000t
00003 LYS01A0009_003 f 0.00  0.000     0  0.00  0  0  -8.823   5.077   1.959  -0.008  -0.205   0.000 01E022M000t
00004 LYS01A0009_004 f 0.00  0.000     0  0.00  0  0  -5.962   1.959   4.237  -0.005  -0.212   0.000 01E026M000t
00005 LYS01A0009_005 f 0.00  0.000     0  0.00  0  0  -9.151   0.996   3.515  -0.003  -0.216   0.000 01E02DM000t
00006 LYS01A0009_006 f 0.00  0.000     0  0.00  0  0  -8.660   1.472   1.633  -0.010  -0.196   0.000 01E043M000t
00007 LYS01A0009_007 f 0.00  0.000     0  0.00  0  0  -9.349   1.636   3.850  -0.014  -0.208   0.000 01E048M000t
00008 LYS01A0009_008 f 0.00  0.000     0  0.00  0  0  -8.980   3.208   3.843  -0.004  -0.204   0.000 01E067M000t
00009 LYS01A0009_009 f 0.00  0.000     0  0.00  0  0  -7.769   2.051   1.852   0.005  -0.184   0.000 01E089M000t
00010 LYS01A0009_010 f 0.00  0.000     0  0.00  0  0  -9.602   2.987   1.893   0.004  -0.200   0.000 01T011M000t
00011 LYS01A0009_011 f 0.00  0.000     0  0.00  0  0  -9.436   3.240   1.355  -0.003  -0.205   0.000 01T012M000t
00012 LYS01A0009_012 f 0.00  0.000     0  0.00  0  0  -9.634   1.531   3.466  -0.005  -0.197   0.000 01T018M000t
00013 LYS01A0009_013 f 0.00  0.000     0  0.00  0  0  -5.718   1.481   2.527  -0.027  -0.206   0.000 01T01FM000t
00014 LYS01A0009_014 f 0.00  0.000     0  0.00  0  0  -7.750   1.939   3.772  -0.008  -0.191   0.000 01T04DM000t
00015 LYS01A0009_015 f 0.00  0.000     0  0.00  0  0  -8.198   0.821   4.167  -0.002  -0.199   0.000 01T057M000t
00016 LYS01A0009_016 f 0.00  0.000     0  0.00  0  0  -8.461   0.895   4.144  -0.002  -0.202   0.000 01T05EM000t
00017 LYS01A0009_017 f 0.00  0.000     0  0.00  0  0  -7.499   1.484   3.534  -0.006  -0.197   0.000 01T07AM000t
00018 LYS01A0009_018 f 0.00  0.000     0  0.00  0  0  -4.049   0.898   2.258  -0.014  -0.186   0.000 01T07FM000t
00019 LYS01A0009_019 f 0.00  0.000     0  0.00  0  0  -8.270   1.142   4.652  -0.003  -0.207   0.000 01T08EM000t
00020 LYS01A0009_020 f 0.00  0.000     0  0.00  0  0  -7.650   1.888   4.103  -0.010  -0.193   0.000 01T094M000t
00021 LYS+1A0009_021 f 0.00  1.000     0 10.40  0  1 -10.626   0.879   1.549   0.032  -3.096   0.000 +1O000M000t
00022 LYS+1A0009_022 f 0.00  1.000     0 10.40  0  1  -9.490   3.245   1.356   0.023  -3.079   0.000 +1E012M000t
00023 LYS+1A0009_023 f 0.00  1.000     0 10.40  0  1  -9.692   1.529   3.475   0.026  -3.102   0.000 +1E018M000t
00024 LYS+1A0009_024 f 0.00  1.000     0 10.40  0  1  -9.314   0.996   3.535   0.046  -3.084   0.000 +1E02DM000t
00025 LYS+1A0009_025 f 0.00  1.000     0 10.40  0  1  -8.828   1.470   1.642   0.063  -3.047   0.000 +1E043M000t
00026 LYS+1A0009_026 f 0.00  1.000     0 10.40  0  1  -9.491   1.556   3.981   0.086  -3.074   0.000 +1E048M000t
00027 LYS+1A0009_027 f 0.00  1.000     0 10.40  0  1  -7.571   1.487   3.543   0.055  -3.030   0.000 +1E07AM000t
00028 LYS+1A0009_028 f 0.00  1.000     0 10.40  0  1  -7.748   2.004   1.860   0.168  -2.938   0.000 +1E089M000t
00029 LYS+1A0009_029 f 0.00  1.000     0 10.40  0  1 -10.473   2.018   3.488   0.082  -3.094   0.000 +1T00CM000t
00030 LYS+1A0009_030 f 0.00  1.000     0 10.40  0  1  -9.687   2.989   1.910  -0.018  -3.088   0.000 +1T011M000t
00031 LYS+1A0009_031 f 0.00  1.000     0 10.40  0  1  -5.755   1.448   2.537   0.105  -3.089   0.000 +1T01FM000t
00032 LYS+1A0009_032 f 0.00  1.000     0 10.40  0  1  -8.981   5.143   1.976   0.049  -3.077   0.000 +1T022M000t
00033 LYS+1A0009_033 f 0.00  1.000     0 10.40  0  1  -6.009   1.958   4.251   0.027  -3.093   0.000 +1T026M000t
00034 LYS+1A0009_034 f 0.00  1.000     0 10.40  0  1  -7.787   1.937   3.774   0.053  -3.047   0.000 +1T04DM000t
00035 LYS+1A0009_035 f 0.00  1.000     0 10.40  0  1  -8.286   0.823   4.189   0.042  -3.085   0.000 +1T057M000t
00036 LYS+1A0009_036 f 0.00  1.000     0 10.40  0  1  -8.422   0.895   4.175   0.048  -3.068   0.000 +1T05EM000t
00037 LYS+1A0009_037 f 0.00  1.000     0 10.40  0  1  -8.884   3.206   3.898   0.014  -3.094   0.000 +1T067M000t
00038 LYS+1A0009_038 f 0.00  1.000     0 10.40  0  1  -4.293   0.888   2.267   0.024  -2.976   0.000 +1T07FM000t
00039 LYS+1A0009_039 f 0.00  1.000     0 10.40  0  1  -8.233   1.148   4.703   0.028  -3.088   0.000 +1T08EM000t
00040 LYS+1A0009_040 f 0.00  1.000     0 10.40  0  1  -7.686   1.885   4.108   0.049  -3.049   0.000 +1T094M000t
