   confID        vdw0    sas     sum
LYS01A0009_001   2.293 -12.869 -10.576
LYS01A0009_002   1.953 -12.273 -10.320
LYS01A0009_003   3.582 -12.405  -8.823
LYS01A0009_004   6.440 -12.402  -5.962
LYS01A0009_005   2.774 -11.926  -9.151
LYS01A0009_006   3.769 -12.429  -8.660
LYS01A0009_007   3.091 -12.441  -9.349
LYS01A0009_008   3.241 -12.221  -8.980
LYS01A0009_009   4.768 -12.536  -7.769
LYS01A0009_010   2.810 -12.411  -9.602
LYS01A0009_011   2.528 -11.964  -9.436
LYS01A0009_012   2.569 -12.202  -9.634
LYS01A0009_013   6.613 -12.331  -5.718
LYS01A0009_014   4.305 -12.055  -7.750
LYS01A0009_015   3.834 -12.032  -8.198
LYS01A0009_016   3.658 -12.119  -8.461
LYS01A0009_017   4.157 -11.656  -7.499
LYS01A0009_018   7.824 -11.873  -4.049
LYS01A0009_019   4.122 -12.392  -8.270
LYS01A0009_020   4.772 -12.422  -7.650
LYS+1A0009_021   2.243 -12.869 -10.626
LYS+1A0009_022   2.474 -11.964  -9.490
LYS+1A0009_023   2.510 -12.202  -9.692
LYS+1A0009_024   2.718 -12.032  -9.314
LYS+1A0009_025   3.668 -12.496  -8.828
LYS+1A0009_026   3.120 -12.611  -9.491
LYS+1A0009_027   4.085 -11.656  -7.571
LYS+1A0009_028   4.789 -12.536  -7.748
LYS+1A0009_029   1.916 -12.389 -10.473
LYS+1A0009_030   2.776 -12.463  -9.687
LYS+1A0009_031   6.576 -12.331  -5.755
LYS+1A0009_032   3.543 -12.524  -8.981
LYS+1A0009_033   6.461 -12.469  -6.009
LYS+1A0009_034   4.204 -11.991  -7.787
LYS+1A0009_035   3.797 -12.083  -8.286
LYS+1A0009_036   3.629 -12.051  -8.422
LYS+1A0009_037   3.215 -12.099  -8.884
LYS+1A0009_038   7.647 -11.941  -4.293
LYS+1A0009_039   4.085 -12.318  -8.233
LYS+1A0009_040   4.668 -12.355  -7.686
