iConf CONFORMER     FL  occ    crg   Em0  pKa0 ne nH    vdw0    vdw1    tors    epol   dsolv   extra    history
00001 LYS01A0097_001 f 0.00  0.000     0  0.00  0  0 -11.721   0.857   2.318   0.001  -0.209   0.000 01O000M000t
00002 LYS01A0097_002 f 0.00  0.000     0  0.00  0  0  -8.605   0.606   0.977  -0.023  -0.233   0.000 01E00FM000t
00003 LYS01A0097_003 f 0.00  0.000     0  0.00  0  0  -9.487   1.593   2.023   0.003  -0.190   0.000 01E020M000t
00004 LYS01A0097_004 f 0.00  0.000     0  0.00  0  0 -10.533   0.914   1.602  -0.010  -0.198   0.000 01E029M000t
00005 LYS01A0097_005 f 0.00  0.000     0  0.00  0  0 -11.115   1.874   4.603  -0.009  -0.204   0.000 01E02CM000t
00006 LYS01A0097_006 f 0.00  0.000     0  0.00  0  0 -11.772   1.415   1.391  -0.006  -0.208   0.000 01E041M000t
00007 LYS01A0097_007 f 0.00  0.000     0  0.00  0  0 -10.097   3.490   1.622  -0.004  -0.205   0.000 01E093M000t
00008 LYS01A0097_008 f 0.00  0.000     0  0.00  0  0 -10.427   1.416   1.957  -0.002  -0.208   0.000 01E0AEM000t
00009 LYS01A0097_009 f 0.00  0.000     0  0.00  0  0 -10.360   1.269   2.620  -0.005  -0.213   0.000 01E0C8M000t
00010 LYS01A0097_010 f 0.00  0.000     0  0.00  0  0 -11.865   2.327   2.052  -0.008  -0.229   0.000 01E0FFM000t
00011 LYS01A0097_011 f 0.00  0.000     0  0.00  0  0 -11.995   2.227   4.690  -0.005  -0.202   0.000 01E12DM000t
00012 LYS01A0097_012 f 0.00  0.000     0  0.00  0  0 -10.194   2.580   5.081  -0.015  -0.198   0.000 01E13EM000t
00013 LYS01A0097_013 f 0.00  0.000     0  0.00  0  0 -10.248   0.724   1.987   0.025  -0.194   0.000 01T01FM000t
00014 LYS01A0097_014 f 0.00  0.000     0  0.00  0  0 -10.440   2.232   4.719  -0.017  -0.195   0.000 01T02DM000t
00015 LYS01A0097_015 f 0.00  0.000     0  0.00  0  0 -11.899   4.232   1.361   0.004  -0.215   0.000 01T03BM000t
00016 LYS01A0097_016 f 0.00  0.000     0  0.00  0  0 -10.861   3.890   1.698   0.004  -0.216   0.000 01T09FM000t
00017 LYS01A0097_017 f 0.00  0.000     0  0.00  0  0 -11.247   1.868   2.003  -0.007  -0.207   0.000 01T104M000t
00018 LYS01A0097_018 f 0.00  0.000     0  0.00  0  0 -11.217   1.616   1.919  -0.010  -0.210   0.000 01T106M000t
00019 LYS01A0097_019 f 0.00  0.000     0  0.00  0  0 -10.964   2.404   4.587  -0.011  -0.199   0.000 01T123M000t
00020 LYS+1A0097_020 f 0.00  1.000     0 10.40  0  1 -11.781   0.855   2.318   0.050  -3.066   0.000 +1O000M000t
00021 LYS+1A0097_021 f 0.00  1.000     0 10.40  0  1  -9.593   1.579   2.068   0.027  -2.985   0.000 +1E020M000t
00022 LYS+1A0097_022 f 0.00  1.000     0 10.40  0  1 -10.365   2.205   4.781   0.049  -2.972   0.000 +1E02DM000t
00023 LYS+1A0097_023 f 0.00  1.000     0 10.40  0  1 -11.917   4.189   1.433  -0.020  -3.112   0.000 +1E03BM000t
00024 LYS+1A0097_024 f 0.00  1.000     0 10.40  0  1 -10.497   1.278   2.684   0.052  -3.109   0.000 +1E0C8M000t
00025 LYS+1A0097_025 f 0.00  1.000     0 10.40  0  1 -11.273   1.607   1.980   0.060  -3.078   0.000 +1E106M000t
00026 LYS+1A0097_026 f 0.00  1.000     0 10.40  0  1 -11.986   2.234   4.743   0.059  -3.098   0.000 +1E12DM000t
00027 LYS+1A0097_027 f 0.00  1.000     0 10.40  0  1 -10.281   2.579   5.153   0.003  -3.023   0.000 +1E13EM000t
00028 LYS+1A0097_028 f 0.00  1.000     0 10.40  0  1  -8.374   0.603   0.978  -0.029  -3.032   0.000 +1T00FM000t
00029 LYS+1A0097_029 f 0.00  1.000     0 10.40  0  1 -10.352   0.705   1.999   0.090  -3.008   0.000 +1T01FM000t
00030 LYS+1A0097_030 f 0.00  1.000     0 10.40  0  1 -10.737   0.911   1.630   0.013  -3.063   0.000 +1T029M000t
00031 LYS+1A0097_031 f 0.00  1.000     0 10.40  0  1 -11.123   1.851   4.628   0.151  -3.010   0.000 +1T02CM000t
00032 LYS+1A0097_032 f 0.00  1.000     0 10.40  0  1 -11.895   1.403   1.423   0.014  -3.109   0.000 +1T041M000t
00033 LYS+1A0097_033 f 0.00  1.000     0 10.40  0  1 -10.046   3.489   1.693   0.032  -3.094   0.000 +1T093M000t
00034 LYS+1A0097_034 f 0.00  1.000     0 10.40  0  1 -10.983   3.891   1.732  -0.009  -3.087   0.000 +1T09FM000t
00035 LYS+1A0097_035 f 0.00  1.000     0 10.40  0  1 -10.384   1.396   2.037   0.038  -3.064   0.000 +1T0AEM000t
00036 LYS+1A0097_036 f 0.00  1.000     0 10.40  0  1 -11.969   2.343   2.110   0.071  -3.105   0.000 +1T0FFM000t
00037 LYS+1A0097_037 f 0.00  1.000     0 10.40  0  1 -11.293   1.873   2.031   0.070  -3.102   0.000 +1T104M000t
00038 LYS+1A0097_038 f 0.00  1.000     0 10.40  0  1 -11.024   2.404   4.647   0.071  -3.080   0.000 +1T123M000t
