CONFORMER         crg  vdw0  vdw1  tors  epol  self   occ  Hb     history    ASA
LYS01A0097_001  0.000-11.72  0.86  2.32  0.00 -8.55 0.501  00  01O000M000  1.000
LYS01A0097_002  0.000 -8.60  0.60  0.98  0.00 -7.02 0.502  00  01E00FM000  1.000
LYS01A0097_003  0.000 -9.45  1.59  2.02  0.00 -5.84 0.501  00  01E020M000  1.000
LYS01A0097_004  0.000-10.60  0.91  1.60  0.00 -8.08 0.502  00  01E029M000  1.000
LYS01A0097_005  0.000-11.11  1.87  4.60  0.00 -4.64 0.502  00  01E02CM000  1.000
LYS01A0097_006  0.000-11.77  1.41  1.39  0.00 -8.96 0.502  00  01E041M000  1.000
LYS01A0097_007  0.000-10.09  3.49  1.62  0.00 -4.98 0.502  00  01E093M000  1.000
LYS01A0097_008  0.000-10.42  1.41  1.95  0.00 -7.05 0.501  00  01E0AEM000  1.000
LYS01A0097_009  0.000-10.36  1.27  2.62  0.00 -6.46 0.501  00  01E0C8M000  1.000
LYS01A0097_010  0.000-11.80  2.33  2.05  0.00 -7.42 0.502  00  01E0FFM000  1.000
LYS01A0097_011  0.000-11.99  2.23  4.69  0.00 -5.07 0.502  00  01E12DM000  1.000
LYS01A0097_012  0.000-10.19  2.57  5.08  0.00 -2.53 0.502  00  01E13EM000  1.000
LYS01A0097_013  0.000-10.24  0.72  1.99  0.00 -7.53 0.502  00  01T01FM000  1.000
LYS01A0097_014  0.000-10.44  2.23  4.72  0.00 -3.50 0.501  00  01T02DM000  1.000
LYS01A0097_015  0.000-11.90  4.23  1.36  0.00 -6.31 0.501  00  01T03BM000  1.000
LYS01A0097_016  0.000-10.85  3.89  1.70  0.00 -5.27 0.502  00  01T09FM000  1.000
LYS01A0097_017  0.000-11.25  1.87  2.00  0.00 -7.38 0.502  00  01T104M000  1.000
LYS01A0097_018  0.000-11.22  1.62  1.92  0.00 -7.68 0.501  00  01T106M000  1.000
LYS01A0097_019  0.000-10.97  2.40  4.59  0.00 -3.98 0.502  00  01T123M000  1.000
LYS+1A0097_020  1.000-11.78  0.86  2.32  0.00 -8.61 0.501  00  +1O000M000  1.000
LYS+1A0097_021  1.000 -9.60  1.58  2.07  0.00 -5.95 0.501  00  +1E020M000  1.000
LYS+1A0097_022  1.000-10.37  2.21  4.78  0.00 -3.38 0.501  00  +1E02DM000  1.000
LYS+1A0097_023  1.000-11.91  4.18  1.43  0.00 -6.30 0.501  00  +1E03BM000  1.000
LYS+1A0097_024  1.000-10.50  1.28  2.69  0.00 -6.54 0.501  00  +1E0C8M000  1.000
LYS+1A0097_025  1.000-11.27  1.61  1.98  0.00 -7.69 0.501  00  +1E106M000  1.000
LYS+1A0097_026  1.000-11.98  2.23  4.74  0.00 -5.01 0.502  00  +1E12DM000  1.000
LYS+1A0097_027  1.000-10.28  2.57  5.16  0.00 -2.55 0.502  00  +1E13EM000  1.000
LYS+1A0097_028  1.000 -8.37  0.60  0.98  0.00 -6.79 0.502  00  +1T00FM000  1.000
LYS+1A0097_029  1.000-10.35  0.71  2.00  0.00 -7.65 0.502  00  +1T01FM000  1.000
LYS+1A0097_030  1.000-10.70  0.91  1.63  0.00 -8.16 0.502  00  +1T029M000  1.000
LYS+1A0097_031  1.000-11.12  1.85  4.63  0.00 -4.65 0.502  00  +1T02CM000  1.000
LYS+1A0097_032  1.000-11.90  1.40  1.42  0.00 -9.07 0.502  00  +1T041M000  1.000
LYS+1A0097_033  1.000-10.05  3.49  1.69  0.00 -4.86 0.502  00  +1T093M000  1.000
LYS+1A0097_034  1.000-10.99  3.89  1.73  0.00 -5.37 0.502  00  +1T09FM000  1.000
LYS+1A0097_035  1.000-10.38  1.40  2.04  0.00 -6.95 0.501  00  +1T0AEM000  1.000
LYS+1A0097_036  1.000-11.97  2.35  2.11  0.00 -7.51 0.502  00  +1T0FFM000  1.000
LYS+1A0097_037  1.000-11.23  1.88  2.03  0.00 -7.32 0.502  00  +1T104M000  1.000
LYS+1A0097_038  1.000-10.99  2.40  4.65  0.00 -3.94 0.502  00  +1T123M000  1.000
