   confID        vdw0    sas     sum
LYS01A0097_001   1.080 -12.801 -11.721
LYS01A0097_002   3.740 -12.345  -8.605
LYS01A0097_003   2.498 -11.985  -9.487
LYS01A0097_004   1.995 -12.528 -10.533
LYS01A0097_005   1.738 -12.854 -11.115
LYS01A0097_006   0.803 -12.575 -11.772
LYS01A0097_007   2.150 -12.247 -10.097
LYS01A0097_008   2.075 -12.502 -10.427
LYS01A0097_009   2.231 -12.591 -10.360
LYS01A0097_010   0.729 -12.594 -11.865
LYS01A0097_011   0.741 -12.736 -11.995
LYS01A0097_012   1.926 -12.120 -10.194
LYS01A0097_013   2.023 -12.271 -10.248
LYS01A0097_014   1.725 -12.165 -10.440
LYS01A0097_015   0.702 -12.601 -11.899
LYS01A0097_016   1.484 -12.344 -10.861
LYS01A0097_017   1.537 -12.784 -11.247
LYS01A0097_018   1.388 -12.605 -11.217
LYS01A0097_019   1.593 -12.557 -10.964
LYS+1A0097_020   1.020 -12.801 -11.781
LYS+1A0097_021   2.443 -12.036  -9.593
LYS+1A0097_022   1.723 -12.088 -10.365
LYS+1A0097_023   0.684 -12.601 -11.917
LYS+1A0097_024   2.158 -12.656 -10.497
LYS+1A0097_025   1.332 -12.605 -11.273
LYS+1A0097_026   0.701 -12.688 -11.986
LYS+1A0097_027   1.877 -12.158 -10.281
LYS+1A0097_028   3.890 -12.265  -8.374
LYS+1A0097_029   1.970 -12.323 -10.352
LYS+1A0097_030   2.000 -12.737 -10.737
LYS+1A0097_031   1.730 -12.854 -11.123
LYS+1A0097_032   0.770 -12.665 -11.895
LYS+1A0097_033   2.214 -12.260 -10.046
LYS+1A0097_034   1.442 -12.425 -10.983
LYS+1A0097_035   2.080 -12.463 -10.384
LYS+1A0097_036   0.690 -12.659 -11.969
LYS+1A0097_037   1.495 -12.788 -11.293
LYS+1A0097_038   1.584 -12.608 -11.024
