iConf CONFORMER     FL  occ    crg   Em0  pKa0 ne nH    vdw0    vdw1    tors    epol   dsolv   extra    history
00001 GLU01A0052_001 f 0.00  0.000     0  0.00  0  0  -3.756   1.135   3.493   0.052  -2.265   0.000 01O000M000t
00002 GLU01A0052_002 f 0.00  0.000     0  0.00  0  0  -4.195   0.731   5.833   0.231  -2.329   0.000 01E007M000t
00003 GLU01A0052_003 f 0.00  0.000     0  0.00  0  0  -4.190   1.009   3.854   0.074  -2.300   0.000 01E009M000t
00004 GLU01A0052_004 f 0.00  0.000     0  0.00  0  0  -3.688   1.218   3.049   0.307  -2.192   0.000 01E013M000t
00005 GLU01A0052_005 f 0.00  0.000     0  0.00  0  0  -3.651   1.135   0.773   0.030  -1.606   0.000 01O000M000t
00006 GLU01A0052_006 f 0.00  0.000     0  0.00  0  0  -3.518   0.252   0.531   0.051  -1.543   0.000 01E002M000t
00007 GLU01A0052_007 f 0.00  0.000     0  0.00  0  0  -3.786   0.377   3.738   0.065  -1.524   0.000 01E012M000t
00008 GLU01A0052_008 f 0.00  0.000     0  0.00  0  0  -3.935   0.504   3.280   0.141  -2.210   0.000 01T004M000t
00009 GLU01A0052_009 f 0.00  0.000     0  0.00  0  0  -4.569   1.249   3.819   0.314  -2.250   0.000 01T011M000t
00010 GLU01A0052_010 f 0.00  0.000     0  0.00  0  0  -3.925   0.489   6.451   0.073  -2.379   0.000 01T015M000t
00011 GLU01A0052_011 f 0.00  0.000     0  0.00  0  0  -3.490   0.253   3.241   0.113  -2.273   0.000 01T002M000t
00012 GLU01A0052_012 f 0.00  0.000     0  0.00  0  0  -3.665   2.148   3.335   0.117  -2.333   0.000 01T005M000t
00013 GLU01A0052_013 f 0.00  0.000     0  0.00  0  0  -3.916   2.051   3.376   0.379  -2.229   0.000 01T006M000t
00014 GLU01A0052_014 f 0.00  0.000     0  0.00  0  0  -3.310   0.834   3.098   0.117  -2.109   0.000 01T00AM000t
00015 GLU01A0052_015 f 0.00  0.000     0  0.00  0  0  -3.343   0.927   5.403   0.085  -2.203   0.000 01T00EM000t
00016 GLU01A0052_016 f 0.00  0.000     0  0.00  0  0  -3.761   0.377   6.441   0.298  -2.140   0.000 01T012M000t
00017 GLU01A0052_017 f 0.00  0.000     0  0.00  0  0  -4.372   0.765   6.234   0.094  -2.235   0.000 01T016M000t
00018 GLU01A0052_018 f 0.00  0.000     0  0.00  0  0  -3.702   2.055   0.632   0.040  -1.657   0.000 01T005M000t
00019 GLU01A0052_019 f 0.00  0.000     0  0.00  0  0  -4.234   0.905   1.116   0.041  -1.630   0.000 01T00BM000t
00020 GLU01A0052_020 f 0.00  0.000     0  0.00  0  0  -4.078   0.902   3.143   0.031  -1.596   0.000 01T00FM000t
00021 GLU01A0052_021 f 0.00  0.000     0  0.00  0  0  -4.023   0.573   0.516   0.058  -1.609   0.000 01T004M000t
00022 GLU01A0052_022 f 0.00  0.000     0  0.00  0  0  -3.916   2.051   0.656   0.204  -1.530   0.000 01T006M000t
00023 GLU01A0052_023 f 0.00  0.000     0  0.00  0  0  -4.016   0.733   3.062   0.075  -1.718   0.000 01T007M000t
00024 GLU01A0052_024 f 0.00  0.000     0  0.00  0  0  -4.429   0.101   0.896   0.087  -1.622   0.000 01T014M000t
00025 GLU01A0052_025 f 0.00  0.000     0  0.00  0  0  -3.869   0.496   3.707   0.055  -1.657   0.000 01T015M000t
00026 GLU01A0052_026 f 0.00  0.000     0  0.00  0  0  -4.372   0.765   3.514   0.059  -1.545   0.000 01T016M000t
00027 GLU02A0052_027 f 0.00  0.000     0  0.00  0  0  -3.802   1.142   3.493   0.055  -2.359   0.000 02O000M000t
00028 GLU02A0052_028 f 0.00  0.000     0  0.00  0  0  -3.690   0.819   3.257   0.026  -2.493   0.000 02E001M000t
00029 GLU02A0052_029 f 0.00  0.000     0  0.00  0  0  -3.990   1.772   3.387   0.232  -2.386   0.000 02E006M000t
00030 GLU02A0052_030 f 0.00  0.000     0  0.00  0  0  -4.170   0.706   5.831   0.056  -2.395   0.000 02E007M000t
00031 GLU02A0052_031 f 0.00  0.000     0  0.00  0  0  -4.103   0.998   3.874   0.036  -2.495   0.000 02E009M000t
00032 GLU02A0052_032 f 0.00  0.000     0  0.00  0  0  -3.765   1.142   0.773   0.035  -1.570   0.000 02O000M000t
00033 GLU02A0052_033 f 0.00  0.000     0  0.00  0  0  -3.662   0.261   0.524   0.048  -1.722   0.000 02E002M000t
00034 GLU02A0052_034 f 0.00  0.000     0  0.00  0  0  -4.165   0.723   3.073   0.037  -1.604   0.000 02E007M000t
00035 GLU02A0052_035 f 0.00  0.000     0  0.00  0  0  -3.455   0.842   0.379   0.035  -1.649   0.000 02E00AM000t
00036 GLU02A0052_036 f 0.00  0.000     0  0.00  0  0  -3.690   0.414   3.728   0.065  -1.599   0.000 02E012M000t
00037 GLU02A0052_037 f 0.00  0.000     0  0.00  0  0  -4.293   0.900   3.837   0.066  -2.393   0.000 02T00BM000t
00038 GLU02A0052_038 f 0.00  0.000     0  0.00  0  0  -4.457   1.021   3.844   0.026  -2.378   0.000 02T011M000t
00039 GLU02A0052_039 f 0.00  0.000     0  0.00  0  0  -4.039   1.092   3.039   0.107  -2.353   0.000 02T013M000t
00040 GLU02A0052_040 f 0.00  0.000     0  0.00  0  0  -4.385   0.773   6.281   0.104  -2.261   0.000 02T016M000t
00041 GLU02A0052_041 f 0.00  0.000     0  0.00  0  0  -3.608   0.259   3.243   0.082  -2.463   0.000 02T002M000t
00042 GLU02A0052_042 f 0.00  0.000     0  0.00  0  0  -4.183   0.506   3.255   0.070  -2.323   0.000 02T004M000t
00043 GLU02A0052_043 f 0.00  0.000     0  0.00  0  0  -3.953   1.966   3.325   0.007  -2.282   0.000 02T005M000t
00044 GLU02A0052_044 f 0.00  0.000     0  0.00  0  0  -3.689   0.416   6.447   0.084  -2.367   0.000 02T012M000t
00045 GLU02A0052_045 f 0.00  0.000     0  0.00  0  0  -3.834   0.478   6.391   0.138  -2.376   0.000 02T015M000t
00046 GLU02A0052_046 f 0.00  0.000     0  0.00  0  0  -4.057   1.821   0.631   0.002  -1.513   0.000 02T005M000t
00047 GLU02A0052_047 f 0.00  0.000     0  0.00  0  0  -4.183   0.506   0.535   0.043  -1.606   0.000 02T004M000t
00048 GLU02A0052_048 f 0.00  0.000     0  0.00  0  0  -3.919   1.925   0.639   0.174  -1.748   0.000 02T006M000t
00049 GLU02A0052_049 f 0.00  0.000     0  0.00  0  0  -3.999   1.130   0.319   0.088  -1.594   0.000 02T013M000t
00050 GLU02A0052_050 f 0.00  0.000     0  0.00  0  0  -3.834   0.478   3.671   0.062  -1.604   0.000 02T015M000t
00051 GLU02A0052_051 f 0.00  0.000     0  0.00  0  0  -4.409   0.763   3.471   0.049  -1.771   0.000 02T016M000t
00052 GLU-1A0052_052 f 0.00 -1.000     0  4.75  0 -1  -3.776   1.152   0.773  -0.073 -13.282   0.000 -1O000M000t
00053 GLU-1A0052_053 f 0.00 -1.000     0  4.75  0 -1  -4.127   0.522   0.530  -0.210 -13.174   0.000 -1E004M000t
00054 GLU-1A0052_054 f 0.00 -1.000     0  4.75  0 -1  -3.888   1.958   0.606   0.077 -12.995   0.000 -1E005M000t
00055 GLU-1A0052_055 f 0.00 -1.000     0  4.75  0 -1  -3.992   1.934   0.639  -0.596 -13.104   0.000 -1E006M000t
00056 GLU-1A0052_056 f 0.00 -1.000     0  4.75  0 -1  -4.132   0.736   3.056  -0.311 -13.199   0.000 -1E007M000t
00057 GLU-1A0052_057 f 0.00 -1.000     0  4.75  0 -1  -4.245   0.891   1.043  -0.089 -13.390   0.000 -1E00BM000t
00058 GLU-1A0052_058 f 0.00 -1.000     0  4.75  0 -1  -3.579   0.258   0.381  -0.111 -13.256   0.000 -1E00CM000t
00059 GLU-1A0052_059 f 0.00 -1.000     0  4.75  0 -1  -3.527   0.938   2.675  -0.097 -13.259   0.000 -1E00EM000t
00060 GLU-1A0052_060 f 0.00 -1.000     0  4.75  0 -1  -3.774   0.430   3.721  -0.171 -13.232   0.000 -1E012M000t
00061 GLU-1A0052_061 f 0.00 -1.000     0  4.75  0 -1  -4.417   0.113   0.884  -0.335 -13.149   0.000 -1E014M000t
00062 GLU-1A0052_062 f 0.00 -1.000     0  4.75  0 -1  -3.864   0.512   3.676  -0.160 -13.290   0.000 -1E015M000t
00063 GLU-1A0052_063 f 0.00 -1.000     0  4.75  0 -1  -4.397   0.753   3.499  -0.221 -13.083   0.000 -1E016M000t
