   confID        vdw0    sas     sum
GLU01A0052_001   0.964  -4.720  -3.756
GLU01A0052_002   0.978  -5.173  -4.195
GLU01A0052_003   0.475  -4.665  -4.190
GLU01A0052_004   1.126  -4.813  -3.688
GLU01A0052_005   0.964  -4.615  -3.651
GLU01A0052_006   1.164  -4.683  -3.518
GLU01A0052_007   0.987  -4.773  -3.786
GLU01A0052_008   0.884  -4.819  -3.935
GLU01A0052_009   0.408  -4.977  -4.569
GLU01A0052_010   0.982  -4.907  -3.925
GLU01A0052_011   1.166  -4.657  -3.490
GLU01A0052_012   0.958  -4.623  -3.665
GLU01A0052_013   0.961  -4.877  -3.916
GLU01A0052_014   1.291  -4.601  -3.310
GLU01A0052_015   1.357  -4.700  -3.343
GLU01A0052_016   0.987  -4.747  -3.761
GLU01A0052_017   0.512  -4.883  -4.372
GLU01A0052_018   0.897  -4.600  -3.702
GLU01A0052_019   0.474  -4.708  -4.234
GLU01A0052_020   0.579  -4.657  -4.078
GLU01A0052_021   0.983  -5.006  -4.023
GLU01A0052_022   0.961  -4.877  -3.916
GLU01A0052_023   1.061  -5.076  -4.016
GLU01A0052_024   0.528  -4.957  -4.429
GLU01A0052_025   1.034  -4.903  -3.869
GLU01A0052_026   0.512  -4.883  -4.372
GLU02A0052_027   0.851  -4.652  -3.802
GLU02A0052_028   0.946  -4.636  -3.690
GLU02A0052_029   0.831  -4.821  -3.990
GLU02A0052_030   0.878  -5.049  -4.170
GLU02A0052_031   0.486  -4.589  -4.103
GLU02A0052_032   0.851  -4.616  -3.765
GLU02A0052_033   0.958  -4.620  -3.662
GLU02A0052_034   0.883  -5.049  -4.165
GLU02A0052_035   1.076  -4.531  -3.455
GLU02A0052_036   0.952  -4.642  -3.690
GLU02A0052_037   0.490  -4.782  -4.293
GLU02A0052_038   0.448  -4.905  -4.457
GLU02A0052_039   0.939  -4.978  -4.039
GLU02A0052_040   0.496  -4.881  -4.385
GLU02A0052_041   0.960  -4.569  -3.608
GLU02A0052_042   0.813  -4.996  -4.183
GLU02A0052_043   0.823  -4.776  -3.953
GLU02A0052_044   0.953  -4.642  -3.689
GLU02A0052_045   1.052  -4.885  -3.834
GLU02A0052_046   0.819  -4.876  -4.057
GLU02A0052_047   0.813  -4.996  -4.183
GLU02A0052_048   0.833  -4.752  -3.919
GLU02A0052_049   0.945  -4.944  -3.999
GLU02A0052_050   1.052  -4.885  -3.834
GLU02A0052_051   0.534  -4.943  -4.409
GLU-1A0052_052   0.745  -4.521  -3.776
GLU-1A0052_053   0.711  -4.838  -4.127
GLU-1A0052_054   0.723  -4.610  -3.888
GLU-1A0052_055   0.731  -4.722  -3.992
GLU-1A0052_056   0.784  -4.916  -4.132
GLU-1A0052_057   0.405  -4.650  -4.245
GLU-1A0052_058   0.994  -4.573  -3.579
GLU-1A0052_059   1.029  -4.556  -3.527
GLU-1A0052_060   0.824  -4.598  -3.774
GLU-1A0052_061   0.422  -4.838  -4.417
GLU-1A0052_062   0.877  -4.740  -3.864
GLU-1A0052_063   0.398  -4.795  -4.397
