iConf CONFORMER     FL  occ    crg   Em0  pKa0 ne nH    vdw0    vdw1    tors    epol   dsolv   extra    history
00001 TYR01A0113_001 f 0.00  0.000     0  0.00  0  0  -9.793   0.598   0.066   0.088  -1.754   0.000 01O000M000t
00002 TYR01A0113_002 f 0.00  0.000     0  0.00  0  0  -9.679   4.685   0.051   0.265  -1.678   0.000 01E009M000t
00003 TYR01A0113_003 f 0.00  0.000     0  0.00  0  0  -9.051   2.356   2.729   0.067  -1.764   0.000 01E003M000t
00004 TYR01A0113_004 f 0.00  0.000     0  0.00  0  0 -10.603   7.791   0.024   0.109  -1.680   0.000 01E004M000t
00005 TYR01A0113_005 f 0.00  0.000     0  0.00  0  0  -9.928   4.598   0.051   0.271  -1.780   0.000 01E00AM000t
00006 TYR01A0113_006 f 0.00  0.000     0  0.00  0  0  -9.640   2.342   2.729   0.077  -1.877   0.000 01E00CM000t
00007 TYR01A0113_007 f 0.00  0.000     0  0.00  0  0  -9.853   2.202   0.058   0.143  -1.726   0.000 01T002M000t
00008 TYR01A0113_008 f 0.00  0.000     0  0.00  0  0  -9.906   2.110   0.059   0.156  -1.694   0.000 01T008M000t
00009 TYR01A0113_009 f 0.00  0.000     0  0.00  0  0  -9.842   3.609   2.721   0.099  -1.927   0.000 01T00DM000t
00010 TYR01A0113_010 f 0.00  0.000     0  0.00  0  0 -10.547   5.080   2.727   0.093  -1.791   0.000 01T007M000t
00011 TYR01A0113_011 f 0.00  0.000     0  0.00  0  0 -10.428   5.148   2.728   0.089  -1.898   0.000 01T001M000t
00012 TYR01A0113_012 f 0.00  0.000     0  0.00  0  0 -10.270   6.724   0.028   0.095  -1.850   0.000 01T006M000t
00013 TYR01A0113_013 f 0.00  0.000     0  0.00  0  0  -9.876   0.572   0.061   0.091  -1.955   0.000 01T005M000t
00014 TYR01A0113_014 f 0.00  0.000     0  0.00  0  0 -10.174   3.697   2.721   0.097  -1.876   0.000 01T00BM000t
00015 TYR-1A0113_015 f 0.00 -1.000     0 10.20  0 -1  -9.793   0.598   0.066  -0.035 -12.788   0.000 -1O000M000t
00016 TYR-1A0113_016 f 0.00 -1.000     0 10.20  0 -1  -9.897   2.229   0.058   0.198 -12.881   0.000 -1E002M000t
00017 TYR-1A0113_017 f 0.00 -1.000     0 10.20  0 -1  -9.746   0.570   0.060  -0.022 -12.829   0.000 -1E005M000t
00018 TYR-1A0113_018 f 0.00 -1.000     0 10.20  0 -1 -10.221   6.733   0.025  -0.015 -12.905   0.000 -1E006M000t
00019 TYR-1A0113_019 f 0.00 -1.000     0 10.20  0 -1 -10.550   5.087   2.726  -0.055 -12.830   0.000 -1E007M000t
00020 TYR-1A0113_020 f 0.00 -1.000     0 10.20  0 -1  -9.794   4.642   0.048   0.401 -12.622   0.000 -1E009M000t
00021 TYR-1A0113_021 f 0.00 -1.000     0 10.20  0 -1  -9.921   4.546   0.048   0.404 -12.565   0.000 -1E00AM000t
00022 TYR-1A0113_022 f 0.00 -1.000     0 10.20  0 -1 -10.425   5.134   2.726  -0.054 -12.840   0.000 -1T001M000t
00023 TYR-1A0113_023 f 0.00 -1.000     0 10.20  0 -1  -9.017   2.357   2.728  -0.014 -12.893   0.000 -1T003M000t
00024 TYR-1A0113_024 f 0.00 -1.000     0 10.20  0 -1 -10.612   7.764   0.022  -0.016 -12.864   0.000 -1T004M000t
00025 TYR-1A0113_025 f 0.00 -1.000     0 10.20  0 -1  -9.903   2.101   0.058   0.191 -12.752   0.000 -1T008M000t
00026 TYR-1A0113_026 f 0.00 -1.000     0 10.20  0 -1 -10.167   3.693   2.719   0.014 -12.850   0.000 -1T00BM000t
00027 TYR-1A0113_027 f 0.00 -1.000     0 10.20  0 -1  -9.329   2.342   2.727  -0.014 -12.863   0.000 -1T00CM000t
00028 TYR-1A0113_028 f 0.00 -1.000     0 10.20  0 -1  -9.839   3.584   2.717   0.011 -12.857   0.000 -1T00DM000t
