   confID        vdw0    sas     sum
TYR01A0113_001   4.387 -14.180  -9.793
TYR01A0113_002   4.281 -13.960  -9.679
TYR01A0113_003   4.391 -13.442  -9.051
TYR01A0113_004   4.031 -14.634 -10.603
TYR01A0113_005   4.325 -14.253  -9.928
TYR01A0113_006   4.412 -14.052  -9.640
TYR01A0113_007   4.402 -14.256  -9.853
TYR01A0113_008   4.444 -14.349  -9.906
TYR01A0113_009   4.335 -14.177  -9.842
TYR01A0113_010   4.439 -14.985 -10.547
TYR01A0113_011   4.398 -14.826 -10.428
TYR01A0113_012   4.049 -14.319 -10.270
TYR01A0113_013   4.422 -14.297  -9.876
TYR01A0113_014   4.299 -14.473 -10.174
TYR-1A0113_015   4.387 -14.180  -9.793
TYR-1A0113_016   4.409 -14.306  -9.897
TYR-1A0113_017   4.416 -14.162  -9.746
TYR-1A0113_018   4.047 -14.268 -10.221
TYR-1A0113_019   4.436 -14.985 -10.550
TYR-1A0113_020   4.294 -14.088  -9.794
TYR-1A0113_021   4.332 -14.253  -9.921
TYR-1A0113_022   4.401 -14.826 -10.425
TYR-1A0113_023   4.375 -13.391  -9.017
TYR-1A0113_024   4.038 -14.650 -10.612
TYR-1A0113_025   4.446 -14.349  -9.903
TYR-1A0113_026   4.306 -14.473 -10.167
TYR-1A0113_027   4.419 -13.748  -9.329
TYR-1A0113_028   4.338 -14.177  -9.839
