iConf CONFORMER     FL  occ    crg   Em0  pKa0 ne nH    vdw0    vdw1    tors    epol   dsolv   extra    history
00001 GLU01A0073_001 f 0.00  0.000     0  0.00  0  0  -3.778   0.629   4.065   0.022  -1.027   0.000 01O000M000t
00002 GLU01A0073_002 f 0.00  0.000     0  0.00  0  0  -3.769   1.453   3.908   0.080  -1.012   0.000 01E001M000t
00003 GLU01A0073_003 f 0.00  0.000     0  0.00  0  0  -3.851   0.839   3.861   0.045  -0.995   0.000 01E002M000t
00004 GLU01A0073_004 f 0.00  0.000     0  0.00  0  0  -2.315   0.711   3.238   0.060  -0.971   0.000 01E004M000t
00005 GLU01A0073_005 f 0.00  0.000     0  0.00  0  0  -3.424   1.933   3.407   0.134  -0.936   0.000 01E006M000t
00006 GLU01A0073_006 f 0.00  0.000     0  0.00  0  0  -3.791   0.629   1.345   0.016  -0.725   0.000 01O000M000t
00007 GLU01A0073_007 f 0.00  0.000     0  0.00  0  0  -2.367   1.279   3.207   0.049  -0.970   0.000 01T005M000t
00008 GLU01A0073_008 f 0.00  0.000     0  0.00  0  0  -3.877   0.838   1.126   0.026  -0.720   0.000 01T002M000t
00009 GLU01A0073_009 f 0.00  0.000     0  0.00  0  0  -2.288   1.292   0.454   0.032  -0.740   0.000 01T005M000t
00010 GLU01A0073_010 f 0.00  0.000     0  0.00  0  0  -3.349   2.026   0.664   0.082  -0.720   0.000 01T006M000t
00011 GLU02A0073_011 f 0.00  0.000     0  0.00  0  0  -3.778   0.635   4.065   0.052  -1.028   0.000 02O000M000t
00012 GLU02A0073_012 f 0.00  0.000     0  0.00  0  0  -3.745   1.872   3.405   0.115  -1.022   0.000 02E006M000t
00013 GLU02A0073_013 f 0.00  0.000     0  0.00  0  0  -3.778   0.635   1.345   0.023  -0.723   0.000 02O000M000t
00014 GLU02A0073_014 f 0.00  0.000     0  0.00  0  0  -3.749   1.459   3.931   0.033  -1.009   0.000 02T001M000t
00015 GLU02A0073_015 f 0.00  0.000     0  0.00  0  0  -4.004   0.846   3.840   0.072  -0.961   0.000 02T002M000t
00016 GLU02A0073_016 f 0.00  0.000     0  0.00  0  0  -2.711   0.716   3.213   0.027  -1.005   0.000 02T004M000t
00017 GLU02A0073_017 f 0.00  0.000     0  0.00  0  0  -2.612   1.281   3.168   0.066  -1.022   0.000 02T005M000t
00018 GLU02A0073_018 f 0.00  0.000     0  0.00  0  0  -4.004   0.846   1.120   0.022  -0.714   0.000 02T002M000t
00019 GLU02A0073_019 f 0.00  0.000     0  0.00  0  0  -2.702   1.281   0.448   0.036  -0.712   0.000 02T005M000t
00020 GLU02A0073_020 f 0.00  0.000     0  0.00  0  0  -3.728   1.934   0.656   0.081  -0.697   0.000 02T006M000t
00021 GLU-1A0073_021 f 0.00 -1.000     0  4.75  0 -1  -3.933   0.647   1.345  -0.058  -5.978   0.000 -1O000M000t
00022 GLU-1A0073_022 f 0.00 -1.000     0  4.75  0 -1  -3.954   0.837   1.070  -0.185  -5.911   0.000 -1E002M000t
00023 GLU-1A0073_023 f 0.00 -1.000     0  4.75  0 -1  -2.585   1.293   0.455  -0.066  -5.973   0.000 -1E005M000t
00024 GLU-1A0073_024 f 0.00 -1.000     0  4.75  0 -1  -3.677   1.889   0.652  -0.274  -5.908   0.000 -1E006M000t
