   confID        vdw0    sas     sum
GLU01A0073_001   0.838  -4.616  -3.778
GLU01A0073_002   0.920  -4.689  -3.769
GLU01A0073_003   1.020  -4.871  -3.851
GLU01A0073_004   2.283  -4.598  -2.315
GLU01A0073_005   1.753  -5.176  -3.424
GLU01A0073_006   0.838  -4.629  -3.791
GLU01A0073_007   2.297  -4.664  -2.367
GLU01A0073_008   1.020  -4.897  -3.877
GLU01A0073_009   2.454  -4.742  -2.288
GLU01A0073_010   1.853  -5.202  -3.349
GLU02A0073_011   0.796  -4.574  -3.778
GLU02A0073_012   1.528  -5.273  -3.745
GLU02A0073_013   0.796  -4.574  -3.778
GLU02A0073_014   0.840  -4.589  -3.749
GLU02A0073_015   0.947  -4.951  -4.004
GLU02A0073_016   1.948  -4.659  -2.711
GLU02A0073_017   2.006  -4.618  -2.612
GLU02A0073_018   0.947  -4.951  -4.004
GLU02A0073_019   2.006  -4.708  -2.702
GLU02A0073_020   1.566  -5.295  -3.728
GLU-1A0073_021   0.666  -4.599  -3.933
GLU-1A0073_022   0.867  -4.821  -3.954
GLU-1A0073_023   1.889  -4.474  -2.585
GLU-1A0073_024   1.432  -5.109  -3.677
