CONFORMER         crg  vdw0  vdw1  tors  epol  self   occ  Hb     history    ASA
ARG01A0035_001  0.000-13.46  0.06  0.68  0.00-12.71 0.501  00  01O000M000  1.000
ARG01A0035_002  0.000-11.75  0.25  1.31  0.00-10.20 0.502  00  01E0A8M000  1.000
ARG01A0035_003  0.000-12.81  1.04  5.41  0.00 -6.35 0.501  00  01E0D7M000  1.000
ARG01A0035_004  0.000-12.51  0.15  1.24  0.00-11.12 0.501  00  01E111M000  1.000
ARG01A0035_005  0.000-12.54  5.55  3.10  0.00 -3.89 0.502  00  01T04EM000  1.000
ARG01A0035_006  0.000-13.46  1.57  3.42  0.00 -8.47 0.502  00  01T055M000  1.000
ARG01A0035_007  0.000-13.10  0.01  0.58  0.00-12.51 0.501  00  01T05EM000  1.000
ARG01A0035_008  0.000-12.99  0.12  1.38  0.00-11.50 0.501  00  01T05FM000  1.000
ARG01A0035_009  0.000-13.46  1.12  3.17  0.00 -9.18 0.502  00  01T069M000  1.000
ARG01A0035_010  0.000-12.72  1.51  3.96  0.00 -7.26 0.501  00  01T06DM000  1.000
ARG01A0035_011  0.000-12.71  2.97  1.23  0.00 -8.50 0.501  00  01T09FM000  1.000
ARG01A0035_012  0.000-12.39 -0.02  1.22  0.00-11.19 0.502  00  01T0A6M000  1.000
ARG01A0035_013  0.000-12.85  0.04  2.70  0.00-10.12 0.501  00  01T0ACM000  1.000
ARG01A0035_014  0.000-12.80 -0.03  0.58  0.00-12.25 0.502  00  01T0B1M000  1.000
ARG01A0035_015  0.000-11.38  1.21  4.12  0.00 -6.06 0.501  00  01T0E7M000  1.000
ARG01A0035_016  0.000-11.30  0.00  3.72  0.00 -7.57 0.502  00  01T0F4M000  1.000
ARG01A0035_017  0.000-11.71 -0.16  1.31  0.00-10.55 0.502  00  01T0FBM000  1.000
ARG01A0035_018  0.000-12.27  2.87  3.21  0.00 -6.19 0.501  00  01T12AM000  1.000
ARG01A0035_019  0.000-11.96  3.32  1.23  0.00 -7.41 0.501  00  01T135M000  1.000
ARG01A0035_020  0.000-11.64  2.11  3.67  0.00 -5.85 0.502  00  01T138M000  1.000
ARG02A0035_021  0.000-12.70  0.09  1.17  0.00-11.43 0.501  00  02E05FM000  1.000
ARG02A0035_022  0.000-12.50 -0.04  1.22  0.00-11.32 0.502  00  02E0A6M000  1.000
ARG02A0035_023  0.000-11.77 -0.12  3.35  0.00 -8.54 0.502  00  02E0F4M000  1.000
ARG02A0035_024  0.000-13.39  0.08  0.68  0.00-12.63 0.501  00  02O000M000  1.000
ARG02A0035_025  0.000-13.40  1.52  3.38  0.00 -8.50 0.502  00  02E055M000  1.000
ARG02A0035_026  0.000-12.44  5.48  3.08  0.00 -3.87 0.502  00  02T04EM000  1.000
ARG02A0035_027  0.000-12.60  5.35  0.64  0.00 -6.61 0.501  00  02T09FM000  1.000
ARG02A0035_028  0.000-13.11  0.01  0.58  0.00-12.53 0.501  00  02T05EM000  1.000
ARG02A0035_029  0.000-12.50  1.53  3.92  0.00 -7.05 0.501  00  02T06DM000  1.000
ARG02A0035_030  0.000-12.79 -0.04  0.58  0.00-12.25 0.502  00  02T0B1M000  1.000
ARG02A0035_031  0.000-13.49  1.11  3.15  0.00 -9.23 0.502  00  02T069M000  1.000
ARG02A0035_032  0.000-11.44  0.19  1.14  0.00-10.11 0.502  00  02T0A8M000  1.000
ARG02A0035_033  0.000-12.78  0.01  2.44  0.00-10.34 0.501  00  02T0ACM000  1.000
ARG02A0035_034  0.000-11.23  1.14  3.80  0.00 -6.29 0.501  00  02T0E7M000  1.000
ARG02A0035_035  0.000-11.40 -0.13  1.14  0.00-10.38 0.502  00  02T0FBM000  1.000
ARG02A0035_036  0.000-12.52  0.18  1.12  0.00-11.21 0.501  00  02T111M000  1.000
ARG02A0035_037  0.000-12.08  2.88  3.20  0.00 -5.99 0.501  00  02T12AM000  1.000
ARG02A0035_038  0.000-11.71  1.72  3.52  0.00 -6.47 0.502  00  02T138M000  1.000
ARG02A0035_039  0.000-12.79  1.04  5.41  0.00 -6.34 0.501  00  02T0D7M000  1.000
ARG02A0035_040  0.000-11.83  3.24  1.24  0.00 -7.35 0.501  00  02T135M000  1.000
ARG03A0035_041  0.000-13.48  0.06  0.68  0.00-12.73 0.501  00  03O000M000  1.000
ARG03A0035_042  0.000-12.60  0.09  1.18  0.00-11.33 0.501  00  03T05FM000  1.000
ARG03A0035_043  0.000-13.57  1.11  3.14  0.00 -9.32 0.502  00  03T069M000  1.000
ARG03A0035_044  0.000-11.45 -0.12  1.13  0.00-10.45 0.502  00  03T0FBM000  1.000
ARG03A0035_045  0.000-12.66  5.39  0.63  0.00 -6.63 0.501  00  03T09FM000  1.000
ARG03A0035_046  0.000-11.70  0.20  1.12  0.00-10.38 0.502  00  03T0A8M000  1.000
ARG03A0035_047  0.000-12.71  0.01  2.40  0.00-10.31 0.501  00  03T0ACM000  1.000
ARG03A0035_048  0.000-12.50  5.50  3.08  0.00 -3.92 0.502  00  03T04EM000  1.000
ARG03A0035_049  0.000-13.41  1.52  3.38  0.00 -8.50 0.502  00  03T055M000  1.000
ARG03A0035_050  0.000-13.12  0.01  0.58  0.00-12.53 0.501  00  03T05EM000  1.000
ARG03A0035_051  0.000-12.40 -0.04  1.22  0.00-11.22 0.502  00  03T0A6M000  1.000
ARG03A0035_052  0.000-12.80 -0.04  0.57  0.00-12.27 0.502  00  03T0B1M000  1.000
ARG03A0035_053  0.000-12.85  1.04  5.40  0.00 -6.41 0.501  00  03T0D7M000  1.000
ARG03A0035_054  0.000-12.41  0.18  1.12  0.00-11.12 0.501  00  03T111M000  1.000
ARG03A0035_055  0.000-12.07  2.89  3.20  0.00 -5.98 0.501  00  03T12AM000  1.000
ARG03A0035_056  0.000-11.74  1.71  3.51  0.00 -6.52 0.502  00  03T138M000  1.000
ARG03A0035_057  0.000-12.50  1.53  3.91  0.00 -7.06 0.501  00  03T06DM000  1.000
ARG03A0035_058  0.000-11.25  1.15  3.79  0.00 -6.31 0.501  00  03T0E7M000  1.000
ARG03A0035_059  0.000-11.76 -0.11  3.32  0.00 -8.55 0.502  00  03T0F4M000  1.000
ARG03A0035_060  0.000-11.89  3.25  1.23  0.00 -7.41 0.501  00  03T135M000  1.000
ARG+1A0035_061  1.000-13.52  0.06  0.68  0.00-12.78 0.501  00  +1O000M000  1.000
ARG+1A0035_062  1.000-12.48  5.51  3.09  0.00 -3.88 0.502  00  +1E04EM000  1.000
ARG+1A0035_063  1.000-13.52  1.52  3.39  0.00 -8.62 0.502  00  +1E055M000  1.000
ARG+1A0035_064  1.000-13.16  0.01  0.58  0.00-12.58 0.501  00  +1E05EM000  1.000
ARG+1A0035_065  1.000-12.68  5.37  0.64  0.00 -6.67 0.501  00  +1E09FM000  1.000
ARG+1A0035_066  1.000-12.55 -0.04  1.23  0.00-11.37 0.502  00  +1E0A6M000  1.000
ARG+1A0035_067  1.000-12.94  0.01  2.45  0.00-10.48 0.501  00  +1E0ACM000  1.000
ARG+1A0035_068  1.000-12.84 -0.04  0.58  0.00-12.30 0.502  00  +1E0B1M000  1.000
ARG+1A0035_069  1.000-11.45 -0.13  1.15  0.00-10.43 0.502  00  +1E0FBM000  1.000
ARG+1A0035_070  1.000-12.09  2.89  3.20  0.00 -6.00 0.501  00  +1E12AM000  1.000
ARG+1A0035_071  1.000-11.75  1.71  3.53  0.00 -6.52 0.502  00  +1E138M000  1.000
ARG+1A0035_072  1.000-12.65  0.09  1.18  0.00-11.38 0.501  00  +1T05FM000  1.000
ARG+1A0035_073  1.000-13.44  1.11  3.15  0.00 -9.17 0.502  00  +1T069M000  1.000
ARG+1A0035_074  1.000-12.54  1.52  3.92  0.00 -7.09 0.501  00  +1T06DM000  1.000
ARG+1A0035_075  1.000-11.56  0.19  1.14  0.00-10.23 0.502  00  +1T0A8M000  1.000
ARG+1A0035_076  1.000-12.89  1.04  5.42  0.00 -6.43 0.501  00  +1T0D7M000  1.000
ARG+1A0035_077  1.000-11.30  1.14  3.80  0.00 -6.36 0.501  00  +1T0E7M000  1.000
ARG+1A0035_078  1.000-11.81 -0.12  3.36  0.00 -8.57 0.502  00  +1T0F4M000  1.000
ARG+1A0035_079  1.000-12.27  0.18  1.13  0.00-10.96 0.501  00  +1T111M000  1.000
ARG+1A0035_080  1.000-11.99  3.30  1.24  0.00 -7.46 0.501  00  +1T135M000  1.000
