iConf CONFORMER     FL  occ    crg   Em0  pKa0 ne nH    vdw0    vdw1    tors    epol   dsolv   extra    history
00001 ARG01A0035_001 f 0.00  0.000     0  0.00  0  0 -13.455   0.125   0.683   0.034  -0.179   0.000 01O000M000t
00002 ARG01A0035_002 f 0.00  0.000     0  0.00  0  0 -11.756   0.314   1.303   0.004  -0.180   0.000 01E0A8M000t
00003 ARG01A0035_003 f 0.00  0.000     0  0.00  0  0 -12.864   1.094   5.415  -0.001  -0.181   0.000 01E0D7M000t
00004 ARG01A0035_004 f 0.00  0.000     0  0.00  0  0 -12.510   0.201   1.236   0.007  -0.177   0.000 01E111M000t
00005 ARG01A0035_005 f 0.00  0.000     0  0.00  0  0 -12.535   5.552   3.101   0.099  -0.165   0.000 01T04EM000t
00006 ARG01A0035_006 f 0.00  0.000     0  0.00  0  0 -13.457   1.566   3.419   0.009  -0.183   0.000 01T055M000t
00007 ARG01A0035_007 f 0.00  0.000     0  0.00  0  0 -13.103   0.127   0.579  -0.010  -0.182   0.000 01T05EM000t
00008 ARG01A0035_008 f 0.00  0.000     0  0.00  0  0 -12.995   0.181   1.375  -0.006  -0.190   0.000 01T05FM000t
00009 ARG01A0035_009 f 0.00  0.000     0  0.00  0  0 -13.464   1.169   3.167  -0.007  -0.187   0.000 01T069M000t
00010 ARG01A0035_010 f 0.00  0.000     0  0.00  0  0 -12.720   1.499   3.956   0.015  -0.178   0.000 01T06DM000t
00011 ARG01A0035_011 f 0.00  0.000     0  0.00  0  0 -12.711   3.018   1.226   0.016  -0.169   0.000 01T09FM000t
00012 ARG01A0035_012 f 0.00  0.000     0  0.00  0  0 -12.391   0.044   1.223  -0.030  -0.174   0.000 01T0A6M000t
00013 ARG01A0035_013 f 0.00  0.000     0  0.00  0  0 -12.855   0.152   2.703  -0.006  -0.183   0.000 01T0ACM000t
00014 ARG01A0035_014 f 0.00  0.000     0  0.00  0  0 -12.807   0.086   0.582  -0.009  -0.179   0.000 01T0B1M000t
00015 ARG01A0035_015 f 0.00  0.000     0  0.00  0  0 -11.388   1.201   4.116  -0.036  -0.169   0.000 01T0E7M000t
00016 ARG01A0035_016 f 0.00  0.000     0  0.00  0  0 -11.300   0.051   3.726  -0.023  -0.180   0.000 01T0F4M000t
00017 ARG01A0035_017 f 0.00  0.000     0  0.00  0  0 -11.708  -0.109   1.308   0.014  -0.176   0.000 01T0FBM000t
00018 ARG01A0035_018 f 0.00  0.000     0  0.00  0  0 -12.270   2.930   3.207  -0.016  -0.181   0.000 01T12AM000t
00019 ARG01A0035_019 f 0.00  0.000     0  0.00  0  0 -11.955   3.315   1.231   0.078  -0.162   0.000 01T135M000t
00020 ARG01A0035_020 f 0.00  0.000     0  0.00  0  0 -11.635   2.113   3.672  -0.020  -0.183   0.000 01T138M000t
00021 ARG02A0035_021 f 0.00  0.000     0  0.00  0  0 -12.697   0.157   1.174   0.010  -0.164   0.000 02E05FM000t
00022 ARG02A0035_022 f 0.00  0.000     0  0.00  0  0 -12.499   0.024   1.221  -0.013  -0.150   0.000 02E0A6M000t
00023 ARG02A0035_023 f 0.00  0.000     0  0.00  0  0 -11.843  -0.075   3.352  -0.006  -0.159   0.000 02E0F4M000t
00024 ARG02A0035_024 f 0.00  0.000     0  0.00  0  0 -13.385   0.139   0.683  -0.004  -0.166   0.000 02O000M000t
00025 ARG02A0035_025 f 0.00  0.000     0  0.00  0  0 -13.406   1.517   3.382   0.007  -0.172   0.000 02E055M000t
00026 ARG02A0035_026 f 0.00  0.000     0  0.00  0  0 -12.440   5.474   3.083   0.029  -0.148   0.000 02T04EM000t
00027 ARG02A0035_027 f 0.00  0.000     0  0.00  0  0 -12.609   5.405   0.636  -0.021  -0.159   0.000 02T09FM000t
00028 ARG02A0035_028 f 0.00  0.000     0  0.00  0  0 -13.109   0.127   0.575   0.005  -0.163   0.000 02T05EM000t
00029 ARG02A0035_029 f 0.00  0.000     0  0.00  0  0 -12.500   1.523   3.916   0.009  -0.162   0.000 02T06DM000t
00030 ARG02A0035_030 f 0.00  0.000     0  0.00  0  0 -12.796   0.079   0.575  -0.004  -0.156   0.000 02T0B1M000t
00031 ARG02A0035_031 f 0.00  0.000     0  0.00  0  0 -13.493   1.164   3.148   0.005  -0.182   0.000 02T069M000t
00032 ARG02A0035_032 f 0.00  0.000     0  0.00  0  0 -11.438   0.257   1.140  -0.007  -0.177   0.000 02T0A8M000t
00033 ARG02A0035_033 f 0.00  0.000     0  0.00  0  0 -12.783   0.122   2.438   0.001  -0.165   0.000 02T0ACM000t
00034 ARG02A0035_034 f 0.00  0.000     0  0.00  0  0 -11.240   1.142   3.799   0.009  -0.166   0.000 02T0E7M000t
00035 ARG02A0035_035 f 0.00  0.000     0  0.00  0  0 -11.399  -0.080   1.143   0.013  -0.174   0.000 02T0FBM000t
00036 ARG02A0035_036 f 0.00  0.000     0  0.00  0  0 -12.529   0.227   1.125  -0.008  -0.171   0.000 02T111M000t
00037 ARG02A0035_037 f 0.00  0.000     0  0.00  0  0 -12.072   2.928   3.198   0.003  -0.175   0.000 02T12AM000t
00038 ARG02A0035_038 f 0.00  0.000     0  0.00  0  0 -11.700   1.717   3.523   0.008  -0.178   0.000 02T138M000t
00039 ARG02A0035_039 f 0.00  0.000     0  0.00  0  0 -12.792   1.096   5.405  -0.004  -0.170   0.000 02T0D7M000t
00040 ARG02A0035_040 f 0.00  0.000     0  0.00  0  0 -11.824   3.237   1.240   0.121  -0.152   0.000 02T135M000t
00041 ARG03A0035_041 f 0.00  0.000     0  0.00  0  0 -13.475   0.123   0.683   0.035  -0.159   0.000 03O000M000t
00042 ARG03A0035_042 f 0.00  0.000     0  0.00  0  0 -12.599   0.156   1.175   0.010  -0.168   0.000 03T05FM000t
00043 ARG03A0035_043 f 0.00  0.000     0  0.00  0  0 -13.567   1.163   3.144   0.005  -0.160   0.000 03T069M000t
00044 ARG03A0035_044 f 0.00  0.000     0  0.00  0  0 -11.456  -0.074   1.126   0.020  -0.160   0.000 03T0FBM000t
00045 ARG03A0035_045 f 0.00  0.000     0  0.00  0  0 -12.617   5.441   0.630  -0.018  -0.163   0.000 03T09FM000t
00046 ARG03A0035_046 f 0.00  0.000     0  0.00  0  0 -11.705   0.264   1.122   0.003  -0.157   0.000 03T0A8M000t
00047 ARG03A0035_047 f 0.00  0.000     0  0.00  0  0 -12.711   0.125   2.395   0.002  -0.167   0.000 03T0ACM000t
00048 ARG03A0035_048 f 0.00  0.000     0  0.00  0  0 -12.499   5.494   3.080   0.055  -0.150   0.000 03T04EM000t
00049 ARG03A0035_049 f 0.00  0.000     0  0.00  0  0 -13.401   1.521   3.379   0.014  -0.160   0.000 03T055M000t
00050 ARG03A0035_050 f 0.00  0.000     0  0.00  0  0 -13.115   0.125   0.574  -0.005  -0.161   0.000 03T05EM000t
00051 ARG03A0035_051 f 0.00  0.000     0  0.00  0  0 -12.395   0.021   1.220  -0.023  -0.155   0.000 03T0A6M000t
00052 ARG03A0035_052 f 0.00  0.000     0  0.00  0  0 -12.807   0.081   0.574  -0.007  -0.161   0.000 03T0B1M000t
00053 ARG03A0035_053 f 0.00  0.000     0  0.00  0  0 -12.792   1.098   5.396   0.001  -0.164   0.000 03T0D7M000t
00054 ARG03A0035_054 f 0.00  0.000     0  0.00  0  0 -12.420   0.225   1.120   0.008  -0.162   0.000 03T111M000t
00055 ARG03A0035_055 f 0.00  0.000     0  0.00  0  0 -12.067   2.946   3.196  -0.006  -0.166   0.000 03T12AM000t
00056 ARG03A0035_056 f 0.00  0.000     0  0.00  0  0 -11.745   1.703   3.514  -0.012  -0.163   0.000 03T138M000t
00057 ARG03A0035_057 f 0.00  0.000     0  0.00  0  0 -12.496   1.521   3.911   0.014  -0.158   0.000 03T06DM000t
00058 ARG03A0035_058 f 0.00  0.000     0  0.00  0  0 -11.247   1.143   3.788   0.004  -0.162   0.000 03T0E7M000t
00059 ARG03A0035_059 f 0.00  0.000     0  0.00  0  0 -11.708  -0.066   3.323  -0.019  -0.158   0.000 03T0F4M000t
00060 ARG03A0035_060 f 0.00  0.000     0  0.00  0  0 -11.891   3.240   1.231   0.104  -0.146   0.000 03T135M000t
00061 ARG+1A0035_061 f 0.00  1.000     0 12.50  0  1 -13.518   0.123   0.683   0.116  -0.820   0.000 +1O000M000t
00062 ARG+1A0035_062 f 0.00  1.000     0 12.50  0  1 -12.477   5.508   3.087  -0.163  -0.793   0.000 +1E04EM000t
00063 ARG+1A0035_063 f 0.00  1.000     0 12.50  0  1 -13.522   1.517   3.385   0.088  -0.824   0.000 +1E055M000t
00064 ARG+1A0035_064 f 0.00  1.000     0 12.50  0  1 -13.160   0.125   0.579   0.023  -0.829   0.000 +1E05EM000t
00065 ARG+1A0035_065 f 0.00  1.000     0 12.50  0  1 -12.686   5.411   0.638   0.011  -0.797   0.000 +1E09FM000t
00066 ARG+1A0035_066 f 0.00  1.000     0 12.50  0  1 -12.544   0.021   1.226   0.093  -0.817   0.000 +1E0A6M000t
00067 ARG+1A0035_067 f 0.00  1.000     0 12.50  0  1 -12.939   0.122   2.449   0.045  -0.824   0.000 +1E0ACM000t
00068 ARG+1A0035_068 f 0.00  1.000     0 12.50  0  1 -12.844   0.080   0.577   0.049  -0.820   0.000 +1E0B1M000t
00069 ARG+1A0035_069 f 0.00  1.000     0 12.50  0  1 -11.452  -0.080   1.146   0.019  -0.817   0.000 +1E0FBM000t
00070 ARG+1A0035_070 f 0.00  1.000     0 12.50  0  1 -12.101   2.933   3.205   0.039  -0.813   0.000 +1E12AM000t
00071 ARG+1A0035_071 f 0.00  1.000     0 12.50  0  1 -11.757   1.707   3.528  -0.027  -0.824   0.000 +1E138M000t
00072 ARG+1A0035_072 f 0.00  1.000     0 12.50  0  1 -12.646   0.156   1.181   0.033  -0.826   0.000 +1T05FM000t
00073 ARG+1A0035_073 f 0.00  1.000     0 12.50  0  1 -13.436   1.164   3.151   0.047  -0.825   0.000 +1T069M000t
00074 ARG+1A0035_074 f 0.00  1.000     0 12.50  0  1 -12.473   1.526   3.918   0.078  -0.823   0.000 +1T06DM000t
00075 ARG+1A0035_075 f 0.00  1.000     0 12.50  0  1 -11.618   0.258   1.144   0.061  -0.822   0.000 +1T0A8M000t
00076 ARG+1A0035_076 f 0.00  1.000     0 12.50  0  1 -12.886   1.094   5.421   0.051  -0.834   0.000 +1T0D7M000t
00077 ARG+1A0035_077 f 0.00  1.000     0 12.50  0  1 -11.293   1.134   3.799   0.106  -0.796   0.000 +1T0E7M000t
00078 ARG+1A0035_078 f 0.00  1.000     0 12.50  0  1 -11.757  -0.075   3.365   0.039  -0.820   0.000 +1T0F4M000t
00079 ARG+1A0035_079 f 0.00  1.000     0 12.50  0  1 -12.269   0.223   1.129   0.048  -0.824   0.000 +1T111M000t
00080 ARG+1A0035_080 f 0.00  1.000     0 12.50  0  1 -11.996   3.301   1.241  -0.025  -0.805   0.000 +1T135M000t
