   confID        vdw0    sas     sum
ARG01A0035_001   1.126 -14.582 -13.455
ARG01A0035_002   2.771 -14.527 -11.756
ARG01A0035_003   1.911 -14.776 -12.864
ARG01A0035_004   2.026 -14.536 -12.510
ARG01A0035_005   1.876 -14.412 -12.535
ARG01A0035_006   1.183 -14.640 -13.457
ARG01A0035_007   1.319 -14.422 -13.103
ARG01A0035_008   1.632 -14.627 -12.995
ARG01A0035_009   1.223 -14.687 -13.464
ARG01A0035_010   1.734 -14.454 -12.720
ARG01A0035_011   2.129 -14.841 -12.711
ARG01A0035_012   2.195 -14.586 -12.391
ARG01A0035_013   2.178 -15.033 -12.855
ARG01A0035_014   1.791 -14.597 -12.807
ARG01A0035_015   2.886 -14.275 -11.388
ARG01A0035_016   3.036 -14.336 -11.300
ARG01A0035_017   2.773 -14.481 -11.708
ARG01A0035_018   2.113 -14.382 -12.270
ARG01A0035_019   2.194 -14.149 -11.955
ARG01A0035_020   3.207 -14.842 -11.635
ARG02A0035_021   1.914 -14.611 -12.697
ARG02A0035_022   2.151 -14.650 -12.499
ARG02A0035_023   3.004 -14.847 -11.843
ARG02A0035_024   1.197 -14.582 -13.385
ARG02A0035_025   1.289 -14.695 -13.406
ARG02A0035_026   1.860 -14.299 -12.440
ARG02A0035_027   2.200 -14.809 -12.609
ARG02A0035_028   1.313 -14.422 -13.109
ARG02A0035_029   1.803 -14.303 -12.500
ARG02A0035_030   1.734 -14.530 -12.796
ARG02A0035_031   1.225 -14.718 -13.493
ARG02A0035_032   2.967 -14.406 -11.438
ARG02A0035_033   2.106 -14.890 -12.783
ARG02A0035_034   3.124 -14.364 -11.240
ARG02A0035_035   2.957 -14.356 -11.399
ARG02A0035_036   2.088 -14.617 -12.529
ARG02A0035_037   2.227 -14.299 -12.072
ARG02A0035_038   3.146 -14.846 -11.700
ARG02A0035_039   1.971 -14.763 -12.792
ARG02A0035_040   2.222 -14.046 -11.824
ARG03A0035_041   1.107 -14.582 -13.475
ARG03A0035_042   1.944 -14.543 -12.599
ARG03A0035_043   1.155 -14.722 -13.567
ARG03A0035_044   2.819 -14.275 -11.456
ARG03A0035_045   2.208 -14.825 -12.617
ARG03A0035_046   2.813 -14.518 -11.705
ARG03A0035_047   2.038 -14.748 -12.711
ARG03A0035_048   1.865 -14.364 -12.499
ARG03A0035_049   1.230 -14.631 -13.401
ARG03A0035_050   1.307 -14.422 -13.115
ARG03A0035_051   2.139 -14.534 -12.395
ARG03A0035_052   1.722 -14.530 -12.807
ARG03A0035_053   1.907 -14.699 -12.792
ARG03A0035_054   2.065 -14.485 -12.420
ARG03A0035_055   2.168 -14.235 -12.067
ARG03A0035_056   3.053 -14.798 -11.745
ARG03A0035_057   1.807 -14.303 -12.496
ARG03A0035_058   3.082 -14.329 -11.247
ARG03A0035_059   3.004 -14.712 -11.708
ARG03A0035_060   2.143 -14.034 -11.891
ARG+1A0035_061   1.064 -14.582 -13.518
ARG+1A0035_062   1.822 -14.299 -12.477
ARG+1A0035_063   1.173 -14.695 -13.522
ARG+1A0035_064   1.262 -14.422 -13.160
ARG+1A0035_065   2.186 -14.873 -12.686
ARG+1A0035_066   2.106 -14.650 -12.544
ARG+1A0035_067   1.999 -14.938 -12.939
ARG+1A0035_068   1.686 -14.530 -12.844
ARG+1A0035_069   2.836 -14.288 -11.452
ARG+1A0035_070   2.134 -14.235 -12.101
ARG+1A0035_071   3.024 -14.781 -11.757
ARG+1A0035_072   1.897 -14.543 -12.646
ARG+1A0035_073   1.119 -14.555 -13.436
ARG+1A0035_074   1.762 -14.235 -12.473
ARG+1A0035_075   2.836 -14.454 -11.618
ARG+1A0035_076   1.877 -14.763 -12.886
ARG+1A0035_077   3.084 -14.377 -11.293
ARG+1A0035_078   2.974 -14.732 -11.757
ARG+1A0035_079   2.020 -14.289 -12.269
ARG+1A0035_080   2.089 -14.085 -11.996
