iConf CONFORMER     FL  occ    crg   Em0  pKa0 ne nH    vdw0    vdw1    tors    epol   dsolv   extra    history
00001 GLU01A0129_001 f 0.00  0.000     0  0.00  0  0  -4.018   0.607   4.103   0.032  -0.509   0.000 01O000M000t
00002 GLU01A0129_002 f 0.00  0.000     0  0.00  0  0  -4.067   1.029   6.227   0.035  -0.498   0.000 01E004M000t
00003 GLU01A0129_003 f 0.00  0.000     0  0.00  0  0  -4.018   0.607   1.383   0.011  -0.354   0.000 01O000M000t
00004 GLU01A0129_004 f 0.00  0.000     0  0.00  0  0  -4.168   0.542   3.888   0.090  -0.496   0.000 01T003M000t
00005 GLU01A0129_005 f 0.00  0.000     0  0.00  0  0  -2.459   0.663   3.112  -0.005  -0.528   0.000 01T007M000t
00006 GLU01A0129_006 f 0.00  0.000     0  0.00  0  0  -2.922   1.084   3.140   0.016  -0.522   0.000 01T008M000t
00007 GLU01A0129_007 f 0.00  0.000     0  0.00  0  0  -2.963   1.412   3.181  -0.018  -0.518   0.000 01T00CM000t
00008 GLU01A0129_008 f 0.00  0.000     0  0.00  0  0  -4.495   2.839   4.044   0.199  -0.458   0.000 01T005M000t
00009 GLU01A0129_009 f 0.00  0.000     0  0.00  0  0  -2.572   1.304   3.093   0.027  -0.523   0.000 01T00BM000t
00010 GLU01A0129_010 f 0.00  0.000     0  0.00  0  0  -3.230   1.248   0.425   0.018  -0.355   0.000 01T00AM000t
00011 GLU01A0129_011 f 0.00  0.000     0  0.00  0  0  -2.963   1.412   0.461  -0.001  -0.341   0.000 01T00CM000t
00012 GLU01A0129_012 f 0.00  0.000     0  0.00  0  0  -4.062   0.534   1.108   0.062  -0.343   0.000 01T003M000t
00013 GLU01A0129_013 f 0.00  0.000     0  0.00  0  0  -3.968   1.011   3.452   0.032  -0.348   0.000 01T004M000t
00014 GLU01A0129_014 f 0.00  0.000     0  0.00  0  0  -4.520   2.839   1.324   0.009  -0.346   0.000 01T005M000t
00015 GLU01A0129_015 f 0.00  0.000     0  0.00  0  0  -2.495   1.160   0.369   0.010  -0.342   0.000 01T009M000t
00016 GLU02A0129_016 f 0.00  0.000     0  0.00  0  0  -4.020   0.612   4.103   0.018  -0.518   0.000 02O000M000t
00017 GLU02A0129_017 f 0.00  0.000     0  0.00  0  0  -4.100   1.231   4.007   0.036  -0.514   0.000 02E001M000t
00018 GLU02A0129_018 f 0.00  0.000     0  0.00  0  0  -4.570   2.385   4.037  -0.007  -0.503   0.000 02E005M000t
00019 GLU02A0129_019 f 0.00  0.000     0  0.00  0  0  -4.020   0.612   1.383   0.009  -0.359   0.000 02O000M000t
00020 GLU02A0129_020 f 0.00  0.000     0  0.00  0  0  -2.068   1.160   0.368   0.008  -0.358   0.000 02E009M000t
00021 GLU02A0129_021 f 0.00  0.000     0  0.00  0  0  -2.450   1.472   0.476   0.026  -0.343   0.000 02E00CM000t
00022 GLU02A0129_022 f 0.00  0.000     0  0.00  0  0  -4.177   0.585   3.875  -0.049  -0.476   0.000 02T003M000t
00023 GLU02A0129_023 f 0.00  0.000     0  0.00  0  0  -1.914   0.656   3.109   0.057  -0.467   0.000 02T007M000t
00024 GLU02A0129_024 f 0.00  0.000     0  0.00  0  0  -2.045   1.160   3.088   0.032  -0.465   0.000 02T009M000t
00025 GLU02A0129_025 f 0.00  0.000     0  0.00  0  0  -2.695   1.242   3.154   0.038  -0.486   0.000 02T00AM000t
00026 GLU02A0129_026 f 0.00  0.000     0  0.00  0  0  -4.153   1.055   6.173   0.002  -0.508   0.000 02T004M000t
00027 GLU02A0129_027 f 0.00  0.000     0  0.00  0  0  -2.451   1.475   3.193   0.110  -0.445   0.000 02T00CM000t
00028 GLU02A0129_028 f 0.00  0.000     0  0.00  0  0  -2.695   1.242   0.434   0.018  -0.359   0.000 02T00AM000t
00029 GLU02A0129_029 f 0.00  0.000     0  0.00  0  0  -4.057   0.527   1.075   0.030  -0.353   0.000 02T003M000t
00030 GLU02A0129_030 f 0.00  0.000     0  0.00  0  0  -4.153   1.055   3.453   0.016  -0.354   0.000 02T004M000t
00031 GLU02A0129_031 f 0.00  0.000     0  0.00  0  0  -3.389   1.591   0.594   0.012  -0.341   0.000 02T00DM000t
00032 GLU-1A0129_032 f 0.00 -1.000     0  4.75  0 -1  -3.917   0.624   1.383  -0.048  -3.162   0.000 -1O000M000t
00033 GLU-1A0129_033 f 0.00 -1.000     0  4.75  0 -1  -4.054   1.230   1.196  -0.059  -3.169   0.000 -1E001M000t
00034 GLU-1A0129_034 f 0.00 -1.000     0  4.75  0 -1  -4.163   1.333   1.198  -0.066  -3.160   0.000 -1E002M000t
00035 GLU-1A0129_035 f 0.00 -1.000     0  4.75  0 -1  -4.048   1.034   3.463  -0.134  -3.099   0.000 -1E004M000t
00036 GLU-1A0129_036 f 0.00 -1.000     0  4.75  0 -1  -2.906   1.404   0.452  -0.030  -3.100   0.000 -1E00CM000t
00037 GLU-1A0129_037 f 0.00 -1.000     0  4.75  0 -1  -3.521   1.480   0.580  -0.110  -3.112   0.000 -1E00DM000t
