CONFORMER         crg  vdw0  vdw1  tors  epol  self   occ  Hb     history    ASA
GLU01A0129_001  0.000 -4.02  0.61  4.10  0.00  0.69 0.537  00  01O000M000  1.000
GLU01A0129_002  0.000 -4.07  1.03  6.23  0.00  3.19 0.538  00  01E004M000  1.000
GLU01A0129_003  0.000 -4.02  0.61  1.38  0.00 -2.03 0.537  00  01O000M000  1.000
GLU01A0129_004  0.000 -4.17  0.54  3.89  0.00  0.26 0.537  00  01T003M000  1.027
GLU01A0129_005  0.000 -2.46  0.66  3.11  0.00  1.32 0.535  00  01T007M000  1.003
GLU01A0129_006  0.000 -2.92  1.08  3.14  0.00  1.30 0.538  00  01T008M000  1.008
GLU01A0129_007  0.000 -2.96  1.41  3.18  0.00  1.64 0.536  00  01T00CM000  1.030
GLU01A0129_008  0.000 -4.49  2.84  4.04  0.00  2.39 0.534  00  01T005M000  1.052
GLU01A0129_009  0.000 -2.57  1.30  3.09  0.00  1.82 0.537  00  01T00BM000  1.023
GLU01A0129_010  0.000 -3.23  1.25  0.43  0.00 -1.55 0.536  00  01T00AM000  1.052
GLU01A0129_011  0.000 -2.96  1.41  0.46  0.00 -1.08 0.536  00  01T00CM000  1.030
GLU01A0129_012  0.000 -4.06  0.53  1.11  0.00 -2.43 0.537  00  01T003M000  1.027
GLU01A0129_013  0.000 -3.95  1.01  3.45  0.00  0.51 0.538  00  01T004M000  1.000
GLU01A0129_014  0.000 -4.52  2.84  1.32  0.00 -0.36 0.534  00  01T005M000  1.058
GLU01A0129_015  0.000 -2.50  1.16  0.37  0.00 -0.96 0.534  00  01T009M000  1.003
GLU02A0129_016  0.000 -4.02  0.61  4.10  0.00  0.69 0.537  00  02O000M000  1.000
GLU02A0129_017  0.000 -4.10  1.23  4.01  0.00  1.14 0.535  00  02E001M000  1.028
GLU02A0129_018  0.000 -4.57  2.39  4.04  0.00  1.86 0.534  00  02E005M000  1.062
GLU02A0129_019  0.000 -4.02  0.61  1.38  0.00 -2.03 0.537  00  02O000M000  1.000
GLU02A0129_020  0.000 -2.07  1.16  0.37  0.00 -0.54 0.534  00  02E009M000  1.000
GLU02A0129_021  0.000 -2.45  1.48  0.47  0.00 -0.50 0.536  00  02E00CM000  1.036
GLU02A0129_022  0.000 -4.18  0.59  3.87  0.00  0.29 0.537  00  02T003M000  1.008
GLU02A0129_023  0.000 -1.91  0.65  3.11  0.00  1.85 0.535  00  02T007M000  1.009
GLU02A0129_024  0.000 -2.05  1.16  3.09  0.00  2.19 0.534  00  02T009M000  1.000
GLU02A0129_025  0.000 -2.69  1.24  3.15  0.00  1.70 0.536  00  02T00AM000  1.024
GLU02A0129_026  0.000 -4.15  1.06  6.17  0.00  3.08 0.538  00  02T004M000  1.000
GLU02A0129_027  0.000 -2.45  1.48  3.19  0.00  2.22 0.536  00  02T00CM000  1.036
GLU02A0129_028  0.000 -2.69  1.24  0.43  0.00 -1.02 0.536  00  02T00AM000  1.024
GLU02A0129_029  0.000 -4.06  0.53  1.07  0.00 -2.45 0.537  00  02T003M000  1.008
GLU02A0129_030  0.000 -4.15  1.06  3.45  0.00  0.36 0.538  00  02T004M000  1.000
GLU02A0129_031  0.000 -3.39  1.59  0.59  0.00 -1.21 0.535  00  02T00DM000  1.031
GLU-1A0129_032 -1.000 -3.92  0.62  1.38  0.00 -1.91 0.537  00  -1O000M000  1.000
GLU-1A0129_033 -1.000 -4.09  1.23  1.20  0.00 -1.66 0.535  00  -1E001M000  1.029
GLU-1A0129_034 -1.000 -4.15  1.33  1.20  0.00 -1.62 0.534  00  -1E002M000  1.041
GLU-1A0129_035 -1.000 -4.05  1.04  3.46  0.00  0.45 0.538  00  -1E004M000  1.000
GLU-1A0129_036 -1.000 -2.90  1.41  0.45  0.00 -1.05 0.536  00  -1E00CM000  1.030
GLU-1A0129_037 -1.000 -3.52  1.49  0.58  0.00 -1.46 0.535  00  -1E00DM000  1.017
