   confID        vdw0    sas     sum
GLU01A0129_001   0.576  -4.594  -4.018
GLU01A0129_002   0.575  -4.642  -4.067
GLU01A0129_003   0.576  -4.594  -4.018
GLU01A0129_004   0.694  -4.862  -4.168
GLU01A0129_005   2.037  -4.495  -2.459
GLU01A0129_006   1.630  -4.551  -2.922
GLU01A0129_007   1.977  -4.940  -2.963
GLU01A0129_008   0.471  -4.966  -4.495
GLU01A0129_009   2.049  -4.620  -2.572
GLU01A0129_010   1.622  -4.853  -3.230
GLU01A0129_011   1.977  -4.940  -2.963
GLU01A0129_012   0.765  -4.828  -4.062
GLU01A0129_013   0.627  -4.595  -3.968
GLU01A0129_014   0.471  -4.992  -4.520
GLU01A0129_015   2.062  -4.557  -2.495
GLU02A0129_016   0.578  -4.598  -4.020
GLU02A0129_017   0.604  -4.703  -4.100
GLU02A0129_018   0.504  -5.074  -4.570
GLU02A0129_019   0.578  -4.598  -4.020
GLU02A0129_020   2.551  -4.619  -2.068
GLU02A0129_021   2.391  -4.841  -2.450
GLU02A0129_022   0.676  -4.853  -4.177
GLU02A0129_023   2.566  -4.480  -1.914
GLU02A0129_024   2.574  -4.619  -2.045
GLU02A0129_025   1.979  -4.674  -2.695
GLU02A0129_026   0.606  -4.759  -4.153
GLU02A0129_027   2.390  -4.841  -2.451
GLU02A0129_028   1.979  -4.674  -2.695
GLU02A0129_029   0.765  -4.822  -4.057
GLU02A0129_030   0.606  -4.759  -4.153
GLU02A0129_031   1.542  -4.931  -3.389
GLU-1A0129_032   0.454  -4.371  -3.917
GLU-1A0129_033   0.515  -4.569  -4.054
GLU-1A0129_034   0.517  -4.680  -4.163
GLU-1A0129_035   0.467  -4.515  -4.048
GLU-1A0129_036   1.920  -4.825  -2.906
GLU-1A0129_037   1.183  -4.705  -3.521
