iConf CONFORMER     FL  occ    crg   Em0  pKa0 ne nH    vdw0    vdw1    tors    epol   dsolv   extra    history
00001 GLU01A0122_001 f 0.00  0.000     0  0.00  0  0  -3.749   1.857   2.952   0.040  -0.142   0.000 01O000M000t
00002 GLU01A0122_002 f 0.00  0.000     0  0.00  0  0  -3.637   0.946   5.701   0.032  -0.142   0.000 01E001M000t
00003 GLU01A0122_003 f 0.00  0.000     0  0.00  0  0  -3.983   0.458   6.051   0.048  -0.148   0.000 01E00EM000t
00004 GLU01A0122_004 f 0.00  0.000     0  0.00  0  0  -3.775   1.857   0.232   0.013  -0.114   0.000 01O000M000t
00005 GLU01A0122_005 f 0.00  0.000     0  0.00  0  0  -3.477   1.503   0.214   0.009  -0.112   0.000 01E003M000t
00006 GLU01A0122_006 f 0.00  0.000     0  0.00  0  0  -4.117   0.788   0.536   0.014  -0.107   0.000 01E010M000t
00007 GLU01A0122_007 f 0.00  0.000     0  0.00  0  0  -3.788   1.875   3.200  -0.001  -0.158   0.000 01T006M000t
00008 GLU01A0122_008 f 0.00  0.000     0  0.00  0  0  -3.845   0.940   5.992  -0.005  -0.154   0.000 01T008M000t
00009 GLU01A0122_009 f 0.00  0.000     0  0.00  0  0  -3.902   0.872   3.178   0.009  -0.160   0.000 01T00AM000t
00010 GLU01A0122_010 f 0.00  0.000     0  0.00  0  0  -3.888   1.513   3.183   0.022  -0.155   0.000 01T00CM000t
00011 GLU01A0122_011 f 0.00  0.000     0  0.00  0  0  -4.228   0.754   3.274   0.052  -0.149   0.000 01T010M000t
00012 GLU01A0122_012 f 0.00  0.000     0  0.00  0  0  -3.475   1.503   2.933   0.029  -0.141   0.000 01T003M000t
00013 GLU01A0122_013 f 0.00  0.000     0  0.00  0  0  -4.216   1.093   3.422   0.076  -0.146   0.000 01T00DM000t
00014 GLU01A0122_014 f 0.00  0.000     0  0.00  0  0  -4.208   0.631   6.173   0.041  -0.145   0.000 01T00FM000t
00015 GLU01A0122_015 f 0.00  0.000     0  0.00  0  0  -3.788   1.875   0.480   0.004  -0.110   0.000 01T006M000t
00016 GLU01A0122_016 f 0.00  0.000     0  0.00  0  0  -3.902   0.872   0.458   0.002  -0.111   0.000 01T00AM000t
00017 GLU01A0122_017 f 0.00  0.000     0  0.00  0  0  -3.940   1.513   0.463   0.011  -0.110   0.000 01T00CM000t
00018 GLU01A0122_018 f 0.00  0.000     0  0.00  0  0  -3.930   0.967   3.389   0.005  -0.111   0.000 01T007M000t
00019 GLU01A0122_019 f 0.00  0.000     0  0.00  0  0  -4.216   1.093   0.702   0.042  -0.111   0.000 01T00DM000t
00020 GLU01A0122_020 f 0.00  0.000     0  0.00  0  0  -3.905   0.572   3.258   0.017  -0.107   0.000 01T00EM000t
00021 GLU01A0122_021 f 0.00  0.000     0  0.00  0  0  -4.208   0.631   3.453   0.019  -0.111   0.000 01T00FM000t
00022 GLU02A0122_022 f 0.00  0.000     0  0.00  0  0  -4.043   1.861   2.952  -0.009  -0.157   0.000 02O000M000t
00023 GLU02A0122_023 f 0.00  0.000     0  0.00  0  0  -3.931   2.191   2.952  -0.002  -0.151   0.000 02E004M000t
00024 GLU02A0122_024 f 0.00  0.000     0  0.00  0  0  -3.965   0.779   3.331   0.016  -0.145   0.000 02E010M000t
00025 GLU02A0122_025 f 0.00  0.000     0  0.00  0  0  -4.043   1.861   0.232   0.002  -0.113   0.000 02O000M000t
00026 GLU02A0122_026 f 0.00  0.000     0  0.00  0  0  -3.729   0.937   3.238   0.010  -0.118   0.000 02E008M000t
00027 GLU02A0122_027 f 0.00  0.000     0  0.00  0  0  -3.872   0.574   3.287  -0.003  -0.110   0.000 02E00EM000t
00028 GLU02A0122_028 f 0.00  0.000     0  0.00  0  0  -3.829   0.954   5.702   0.002  -0.156   0.000 02T001M000t
00029 GLU02A0122_029 f 0.00  0.000     0  0.00  0  0  -3.799   0.961   2.932   0.019  -0.154   0.000 02T002M000t
00030 GLU02A0122_030 f 0.00  0.000     0  0.00  0  0  -3.500   1.860   3.255   0.031  -0.144   0.000 02T006M000t
00031 GLU02A0122_031 f 0.00  0.000     0  0.00  0  0  -3.655   0.934   6.060   0.036  -0.150   0.000 02T008M000t
00032 GLU02A0122_032 f 0.00  0.000     0  0.00  0  0  -3.960   1.503   3.511   0.023  -0.157   0.000 02T00BM000t
00033 GLU02A0122_033 f 0.00  0.000     0  0.00  0  0  -3.630   0.855   3.136   0.032  -0.143   0.000 02T00AM000t
00034 GLU02A0122_034 f 0.00  0.000     0  0.00  0  0  -3.872   0.574   6.007   0.064  -0.135   0.000 02T00EM000t
00035 GLU02A0122_035 f 0.00  0.000     0  0.00  0  0  -4.172   0.612   6.108  -0.014  -0.151   0.000 02T00FM000t
00036 GLU02A0122_036 f 0.00  0.000     0  0.00  0  0  -3.829   0.954   2.982   0.001  -0.112   0.000 02T001M000t
00037 GLU02A0122_037 f 0.00  0.000     0  0.00  0  0  -3.799   0.961   0.212   0.004  -0.113   0.000 02T002M000t
00038 GLU02A0122_038 f 0.00  0.000     0  0.00  0  0  -3.500   1.860   0.535   0.011  -0.113   0.000 02T006M000t
00039 GLU02A0122_039 f 0.00  0.000     0  0.00  0  0  -3.701   0.864   0.504   0.007  -0.112   0.000 02T00AM000t
00040 GLU02A0122_040 f 0.00  0.000     0  0.00  0  0  -3.981   2.123   0.232  -0.005  -0.106   0.000 02T004M000t
00041 GLU02A0122_041 f 0.00  0.000     0  0.00  0  0  -3.838   1.501   0.627   0.006  -0.113   0.000 02T00BM000t
00042 GLU02A0122_042 f 0.00  0.000     0  0.00  0  0  -4.172   0.612   3.388  -0.003  -0.109   0.000 02T00FM000t
00043 GLU02A0122_043 f 0.00  0.000     0  0.00  0  0  -3.996   0.815   0.519   0.001  -0.111   0.000 02T010M000t
00044 GLU-1A0122_044 f 0.00 -1.000     0  4.75  0 -1  -3.975   1.874   0.232  -0.040  -1.025   0.000 -1O000M000t
00045 GLU-1A0122_045 f 0.00 -1.000     0  4.75  0 -1  -3.678   0.966   0.210  -0.062  -1.025   0.000 -1E002M000t
00046 GLU-1A0122_046 f 0.00 -1.000     0  4.75  0 -1  -3.878   2.200   0.230   0.003  -1.002   0.000 -1E004M000t
00047 GLU-1A0122_047 f 0.00 -1.000     0  4.75  0 -1  -3.737   0.946   3.274  -0.046  -1.029   0.000 -1E008M000t
00048 GLU-1A0122_048 f 0.00 -1.000     0  4.75  0 -1  -3.769   1.520   0.456  -0.067  -1.028   0.000 -1E00CM000t
00049 GLU-1A0122_049 f 0.00 -1.000     0  4.75  0 -1  -3.915   0.526   3.284   0.023  -0.997   0.000 -1E00EM000t
00050 GLU-1A0122_050 f 0.00 -1.000     0  4.75  0 -1  -4.089   0.628   3.441  -0.085  -1.007   0.000 -1E00FM000t
00051 GLU-1A0122_051 f 0.00 -1.000     0  4.75  0 -1  -4.084   0.789   0.546  -0.078  -1.005   0.000 -1E010M000t
