   confID        vdw0    sas     sum
GLU01A0122_001   1.154  -4.904  -3.749
GLU01A0122_002   1.131  -4.769  -3.637
GLU01A0122_003   0.841  -4.824  -3.983
GLU01A0122_004   1.154  -4.929  -3.775
GLU01A0122_005   1.118  -4.595  -3.477
GLU01A0122_006   0.883  -5.000  -4.117
GLU01A0122_007   0.780  -4.567  -3.788
GLU01A0122_008   0.739  -4.584  -3.845
GLU01A0122_009   0.753  -4.654  -3.902
GLU01A0122_010   0.753  -4.641  -3.888
GLU01A0122_011   0.771  -4.998  -4.228
GLU01A0122_012   1.120  -4.595  -3.475
GLU01A0122_013   0.707  -4.923  -4.216
GLU01A0122_014   0.721  -4.929  -4.208
GLU01A0122_015   0.780  -4.567  -3.788
GLU01A0122_016   0.753  -4.654  -3.902
GLU01A0122_017   0.753  -4.693  -3.940
GLU01A0122_018   0.728  -4.657  -3.930
GLU01A0122_019   0.707  -4.923  -4.216
GLU01A0122_020   0.923  -4.828  -3.905
GLU01A0122_021   0.721  -4.929  -4.208
GLU02A0122_022   0.955  -4.998  -4.043
GLU02A0122_023   0.906  -4.837  -3.931
GLU02A0122_024   0.940  -4.905  -3.965
GLU02A0122_025   0.955  -4.998  -4.043
GLU02A0122_026   0.953  -4.681  -3.729
GLU02A0122_027   1.026  -4.897  -3.872
GLU02A0122_028   0.930  -4.760  -3.829
GLU02A0122_029   0.933  -4.731  -3.799
GLU02A0122_030   1.020  -4.520  -3.500
GLU02A0122_031   0.988  -4.642  -3.655
GLU02A0122_032   0.711  -4.671  -3.960
GLU02A0122_033   0.963  -4.594  -3.630
GLU02A0122_034   1.026  -4.897  -3.872
GLU02A0122_035   0.809  -4.980  -4.172
GLU02A0122_036   0.930  -4.760  -3.829
GLU02A0122_037   0.933  -4.731  -3.799
GLU02A0122_038   1.020  -4.520  -3.500
GLU02A0122_039   0.989  -4.690  -3.701
GLU02A0122_040   0.909  -4.890  -3.981
GLU02A0122_041   0.790  -4.628  -3.838
GLU02A0122_042   0.809  -4.980  -4.172
GLU02A0122_043   0.944  -4.939  -3.996
GLU-1A0122_044   0.861  -4.836  -3.975
GLU-1A0122_045   0.843  -4.521  -3.678
GLU-1A0122_046   0.809  -4.687  -3.878
GLU-1A0122_047   0.754  -4.491  -3.737
GLU-1A0122_048   0.757  -4.525  -3.769
GLU-1A0122_049   0.798  -4.713  -3.915
GLU-1A0122_050   0.607  -4.696  -4.089
GLU-1A0122_051   0.746  -4.830  -4.084
