CONFORMER         crg  vdw0  vdw1  tors  epol  self   occ  Hb     history    ASA
HIS01A0008_001  0.000-11.41 -0.89  0.39  0.00-11.91 0.514  00  01O000M000  1.000
HIS01A0008_002  0.000-11.93  0.81  2.36  0.00 -8.76 0.515  00  01E002M000  1.000
HIS01A0008_003  0.000-11.98  1.49  0.24  0.00-10.25 0.516  00  01E007M000  1.000
HIS01A0008_004  0.000-11.52  1.77  0.27  0.00 -9.47 0.516  00  01E00BM000  1.000
HIS01A0008_005  0.000-11.96  4.28  2.34  0.00 -5.34 0.515  00  01E00CM000  1.000
HIS01A0008_006  0.000-11.58  1.54  0.26  0.00 -9.78 0.515  00  01E00FM000  1.000
HIS01A0008_007  0.000-12.10 -0.44  0.30  0.00-12.24 0.517  00  01E013M000  1.000
HIS01A0008_008  0.000-11.93  2.62  2.22  0.00 -7.09 0.516  00  01E014M000  1.000
HIS01A0008_009  0.000-11.89  0.79  2.31  0.00 -8.79 0.518  00  01E015M000  1.000
HIS01A0008_010  0.000-12.16  3.45  2.33  0.00 -6.38 0.517  00  01E01EM000  1.000
HIS01A0008_011  0.000-11.88  1.05  2.36  0.00 -8.47 0.515  00  01E01FM000  1.000
HIS01A0008_012  0.000-12.15 -0.51  0.34  0.00-12.32 0.514  00  01T003M000  1.000
HIS01A0008_013  0.000-11.90 -0.43  0.34  0.00-11.99 0.515  00  01T005M000  1.000
HIS01A0008_014  0.000-11.70  0.59  0.24  0.00-10.87 0.515  00  01T00AM000  1.000
HIS01A0008_015  0.000-11.57  3.07  2.34  0.00 -6.15 0.517  00  01T00EM000  1.000
HIS01A0008_016  0.000-11.69 -0.63  0.34  0.00-11.98 0.514  00  01T011M000  1.000
HIS01A0008_017  0.000-12.00  0.08  2.36  0.00 -9.56 0.515  00  01T016M000  1.000
HIS01A0008_018  0.000-11.83  1.32  2.21  0.00 -8.30 0.513  00  01T017M000  1.000
HIS02A0008_019  0.000-11.43 -0.92  0.39  0.00-11.96 0.514  00  02O000M000  1.000
HIS02A0008_020  0.000-12.12 -0.55  0.34  0.00-12.34 0.514  00  02E003M000  1.000
HIS02A0008_021  0.000-11.93 -0.46  0.33  0.00-12.05 0.515  00  02E005M000  1.000
HIS02A0008_022  0.000-11.35 -0.99  0.34  0.00-12.00 0.515  00  02E009M000  1.000
HIS02A0008_023  0.000-11.65  0.61  0.25  0.00-10.79 0.515  00  02E00AM000  1.000
HIS02A0008_024  0.000-11.31  2.27  0.28  0.00 -8.77 0.516  00  02E00BM000  1.000
HIS02A0008_025  0.000-11.66  1.46  0.26  0.00 -9.94 0.515  00  02E00FM000  1.000
HIS02A0008_026  0.000-12.06 -0.45  0.29  0.00-12.21 0.517  00  02E013M000  1.000
HIS02A0008_027  0.000-11.84  2.49  2.25  0.00 -7.10 0.516  00  02E014M000  1.000
HIS02A0008_028  0.000-12.08  3.86  2.33  0.00 -5.89 0.517  00  02E01EM000  1.000
HIS02A0008_029  0.000-11.90  1.02  2.35  0.00 -8.53 0.515  00  02E01FM000  1.000
HIS02A0008_030  0.000-12.22  0.80  2.35  0.00 -9.07 0.515  00  02T002M000  1.000
HIS02A0008_031  0.000-12.15  1.52  0.24  0.00-10.39 0.516  00  02T007M000  1.000
HIS02A0008_032  0.000-11.78  4.71  2.35  0.00 -4.72 0.515  00  02T00CM000  1.000
HIS02A0008_033  0.000-11.66  3.06  2.33  0.00 -6.27 0.517  00  02T00EM000  1.000
HIS02A0008_034  0.000-11.66 -0.65  0.34  0.00-11.97 0.514  00  02T011M000  1.000
HIS02A0008_035  0.000-11.84  0.81  2.30  0.00 -8.73 0.518  00  02T015M000  1.000
HIS02A0008_036  0.000-12.02  0.06  2.35  0.00 -9.61 0.515  00  02T016M000  1.000
HIS02A0008_037  0.000-11.81  1.37  2.22  0.00 -8.21 0.513  00  02T017M000  1.000
HIS+1A0008_038  1.000-11.45 -0.93  0.39  0.00-11.99 0.514  00  +1O000M000  1.000
HIS+1A0008_039  1.000-11.56 -0.90  0.39  0.00-12.07 0.512  00  +1R001M000  1.000
HIS+1A0008_040  1.000-11.96 -0.45  0.34  0.00-12.07 0.515  00  +1E005M000  1.000
HIS+1A0008_041  1.000-11.68  0.61  0.25  0.00-10.81 0.515  00  +1E00AM000  1.000
HIS+1A0008_042  1.000-11.34  2.29  0.29  0.00 -8.76 0.516  00  +1E00BM000  1.000
HIS+1A0008_043  1.000-11.84  4.68  2.36  0.00 -4.79 0.515  00  +1E00CM000  1.000
HIS+1A0008_044  1.000-11.62  3.20  2.35  0.00 -6.07 0.517  00  +1E00EM000  1.000
HIS+1A0008_045  1.000-11.68  1.44  0.27  0.00 -9.98 0.515  00  +1E00FM000  1.000
HIS+1A0008_046  1.000-11.69 -0.65  0.35  0.00-11.99 0.514  00  +1E011M000  1.000
HIS+1A0008_047  1.000-11.91  2.50  2.25  0.00 -7.16 0.516  00  +1E014M000  1.000
HIS+1A0008_048  1.000-11.85  1.35  2.23  0.00 -8.27 0.513  00  +1E017M000  1.000
HIS+1A0008_049  1.000-12.07  0.80  2.37  0.00 -8.90 0.515  00  +1T002M000  1.000
HIS+1A0008_050  1.000-12.20 -0.56  0.35  0.00-12.41 0.514  00  +1T003M000  1.000
HIS+1A0008_051  1.000-12.18  1.52  0.25  0.00-10.41 0.516  00  +1T007M000  1.000
HIS+1A0008_052  1.000-12.08 -0.45  0.31  0.00-12.22 0.517  00  +1T013M000  1.000
HIS+1A0008_053  1.000-11.87  0.80  2.32  0.00 -8.75 0.518  00  +1T015M000  1.000
HIS+1A0008_054  1.000-12.05  0.06  2.37  0.00 -9.62 0.515  00  +1T016M000  1.000
HIS+1A0008_055  1.000-12.01  3.84  2.34  0.00 -5.83 0.517  00  +1T01EM000  1.000
HIS+1A0008_056  1.000-12.11  1.03  2.36  0.00 -8.72 0.515  00  +1T01FM000  1.000
