iConf CONFORMER     FL  occ    crg   Em0  pKa0 ne nH    vdw0    vdw1    tors    epol   dsolv   extra    history
00001 HIS01A0008_001 f 0.00  0.000     0  0.00  0  0 -11.409  -0.886   0.388   0.120  -0.477   0.000 01O000M000t
00002 HIS01A0008_002 f 0.00  0.000     0  0.00  0  0 -11.927   0.805   2.363   0.086  -0.473   0.000 01E002M000t
00003 HIS01A0008_003 f 0.00  0.000     0  0.00  0  0 -11.985   1.547   0.241   0.170  -0.462   0.000 01E007M000t
00004 HIS01A0008_004 f 0.00  0.000     0  0.00  0  0 -11.470   1.766   0.274   0.078  -0.515   0.000 01E00BM000t
00005 HIS01A0008_005 f 0.00  0.000     0  0.00  0  0 -11.963   4.277   2.339  -0.107  -0.480   0.000 01E00CM000t
00006 HIS01A0008_006 f 0.00  0.000     0  0.00  0  0 -11.580   1.655   0.258  -0.080  -0.489   0.000 01E00FM000t
00007 HIS01A0008_007 f 0.00  0.000     0  0.00  0  0 -12.103  -0.381   0.303   0.081  -0.521   0.000 01E013M000t
00008 HIS01A0008_008 f 0.00  0.000     0  0.00  0  0 -11.927   2.657   2.216   0.009  -0.500   0.000 01E014M000t
00009 HIS01A0008_009 f 0.00  0.000     0  0.00  0  0 -11.893   0.787   2.316   0.028  -0.488   0.000 01E015M000t
00010 HIS01A0008_010 f 0.00  0.000     0  0.00  0  0 -12.209   3.455   2.330   0.138  -0.467   0.000 01E01EM000t
00011 HIS01A0008_011 f 0.00  0.000     0  0.00  0  0 -11.945   1.054   2.360   0.119  -0.497   0.000 01E01FM000t
00012 HIS01A0008_012 f 0.00  0.000     0  0.00  0  0 -12.154  -0.449   0.346   0.010  -0.491   0.000 01T003M000t
00013 HIS01A0008_013 f 0.00  0.000     0  0.00  0  0 -11.899  -0.390   0.341   0.033  -0.495   0.000 01T005M000t
00014 HIS01A0008_014 f 0.00  0.000     0  0.00  0  0 -11.698   0.651   0.239   0.035  -0.503   0.000 01T00AM000t
00015 HIS01A0008_015 f 0.00  0.000     0  0.00  0  0 -11.632   3.069   2.342   0.116  -0.505   0.000 01T00EM000t
00016 HIS01A0008_016 f 0.00  0.000     0  0.00  0  0 -11.693  -0.573   0.344   0.056  -0.509   0.000 01T011M000t
00017 HIS01A0008_017 f 0.00  0.000     0  0.00  0  0 -11.999   0.077   2.364   0.065  -0.499   0.000 01T016M000t
00018 HIS01A0008_018 f 0.00  0.000     0  0.00  0  0 -11.833   1.388   2.215   0.085  -0.511   0.000 01T017M000t
00019 HIS02A0008_019 f 0.00  0.000     0  0.00  0  0 -11.428  -0.925   0.388   0.096  -0.505   0.000 02O000M000t
00020 HIS02A0008_020 f 0.00  0.000     0  0.00  0  0 -12.120  -0.494   0.337   0.026  -0.513   0.000 02E003M000t
00021 HIS02A0008_021 f 0.00  0.000     0  0.00  0  0 -11.932  -0.414   0.335   0.048  -0.536   0.000 02E005M000t
00022 HIS02A0008_022 f 0.00  0.000     0  0.00  0  0 -11.398  -0.987   0.337   0.095  -0.507   0.000 02E009M000t
00023 HIS02A0008_023 f 0.00  0.000     0  0.00  0  0 -11.651   0.677   0.250   0.034  -0.515   0.000 02E00AM000t
00024 HIS02A0008_024 f 0.00  0.000     0  0.00  0  0 -11.313   2.265   0.277   0.085  -0.529   0.000 02E00BM000t
00025 HIS02A0008_025 f 0.00  0.000     0  0.00  0  0 -11.658   1.564   0.266   0.173  -0.493   0.000 02E00FM000t
00026 HIS02A0008_026 f 0.00  0.000     0  0.00  0  0 -12.124  -0.390   0.295   0.039  -0.528   0.000 02E013M000t
00027 HIS02A0008_027 f 0.00  0.000     0  0.00  0  0 -11.839   2.536   2.246   0.083  -0.510   0.000 02E014M000t
00028 HIS02A0008_028 f 0.00  0.000     0  0.00  0  0 -12.081   3.853   2.330  -0.016  -0.491   0.000 02E01EM000t
00029 HIS02A0008_029 f 0.00  0.000     0  0.00  0  0 -11.902   1.024   2.352   0.080  -0.525   0.000 02E01FM000t
00030 HIS02A0008_030 f 0.00  0.000     0  0.00  0  0 -12.111   0.797   2.353  -0.030  -0.511   0.000 02T002M000t
00031 HIS02A0008_031 f 0.00  0.000     0  0.00  0  0 -12.154   1.559   0.241  -0.072  -0.474   0.000 02T007M000t
00032 HIS02A0008_032 f 0.00  0.000     0  0.00  0  0 -11.783   4.709   2.352   0.092  -0.497   0.000 02T00CM000t
00033 HIS02A0008_033 f 0.00  0.000     0  0.00  0  0 -11.655   3.054   2.331   0.099  -0.524   0.000 02T00EM000t
00034 HIS02A0008_034 f 0.00  0.000     0  0.00  0  0 -11.659  -0.589   0.337   0.043  -0.528   0.000 02T011M000t
00035 HIS02A0008_035 f 0.00  0.000     0  0.00  0  0 -11.775   0.807   2.302   0.073  -0.513   0.000 02T015M000t
00036 HIS02A0008_036 f 0.00  0.000     0  0.00  0  0 -12.088   0.058   2.355   0.061  -0.524   0.000 02T016M000t
00037 HIS02A0008_037 f 0.00  0.000     0  0.00  0  0 -11.857   1.439   2.220   0.060  -0.531   0.000 02T017M000t
00038 HIS+1A0008_038 f 0.00  1.000     0  6.98  0  1 -11.454  -0.928   0.388   0.125  -2.515   0.000 +1O000M000t
00039 HIS+1A0008_039 f 0.00  1.000     0  6.98  0  1 -11.562  -0.897   0.388   0.124  -2.564   0.000 +1R001M000t
00040 HIS+1A0008_040 f 0.00  1.000     0  6.98  0  1 -11.961  -0.412   0.346   0.192  -2.555   0.000 +1E005M000t
00041 HIS+1A0008_041 f 0.00  1.000     0  6.98  0  1 -11.677   0.681   0.255   0.046  -2.523   0.000 +1E00AM000t
00042 HIS+1A0008_042 f 0.00  1.000     0  6.98  0  1 -11.340   2.284   0.290   0.109  -2.532   0.000 +1E00BM000t
00043 HIS+1A0008_043 f 0.00  1.000     0  6.98  0  1 -11.839   4.677   2.366   0.316  -2.520   0.000 +1E00CM000t
00044 HIS+1A0008_044 f 0.00  1.000     0  6.98  0  1 -11.572   3.202   2.346   0.267  -2.542   0.000 +1E00EM000t
00045 HIS+1A0008_045 f 0.00  1.000     0  6.98  0  1 -11.684   1.540   0.271   0.415  -2.472   0.000 +1E00FM000t
00046 HIS+1A0008_046 f 0.00  1.000     0  6.98  0  1 -11.691  -0.592   0.348   0.253  -2.541   0.000 +1E011M000t
00047 HIS+1A0008_047 f 0.00  1.000     0  6.98  0  1 -11.914   2.547   2.256   0.247  -2.518   0.000 +1E014M000t
00048 HIS+1A0008_048 f 0.00  1.000     0  6.98  0  1 -11.848   1.415   2.230   0.218  -2.552   0.000 +1E017M000t
00049 HIS+1A0008_049 f 0.00  1.000     0  6.98  0  1 -12.071   0.801   2.368   0.162  -2.531   0.000 +1T002M000t
00050 HIS+1A0008_050 f 0.00  1.000     0  6.98  0  1 -12.197  -0.500   0.348   0.242  -2.525   0.000 +1T003M000t
00051 HIS+1A0008_051 f 0.00  1.000     0  6.98  0  1 -12.180   1.580   0.248  -0.056  -2.436   0.000 +1T007M000t
00052 HIS+1A0008_052 f 0.00  1.000     0  6.98  0  1 -12.084  -0.388   0.307   0.237  -2.543   0.000 +1T013M000t
00053 HIS+1A0008_053 f 0.00  1.000     0  6.98  0  1 -11.869   0.798   2.324   0.222  -2.513   0.000 +1T015M000t
00054 HIS+1A0008_054 f 0.00  1.000     0  6.98  0  1 -12.046   0.058   2.367   0.225  -2.544   0.000 +1T016M000t
00055 HIS+1A0008_055 f 0.00  1.000     0  6.98  0  1 -12.010   3.841   2.343   0.036  -2.484   0.000 +1T01EM000t
00056 HIS+1A0008_056 f 0.00  1.000     0  6.98  0  1 -12.046   1.029   2.362   0.133  -2.530   0.000 +1T01FM000t
