   confID        vdw0    sas     sum
HIS01A0008_001  -0.165 -11.245 -11.409
HIS01A0008_002  -0.153 -11.774 -11.927
HIS01A0008_003  -0.326 -11.658 -11.985
HIS01A0008_004  -0.123 -11.347 -11.470
HIS01A0008_005  -0.261 -11.702 -11.963
HIS01A0008_006  -0.331 -11.249 -11.580
HIS01A0008_007  -0.147 -11.956 -12.103
HIS01A0008_008  -0.332 -11.596 -11.927
HIS01A0008_009  -0.275 -11.618 -11.893
HIS01A0008_010  -0.264 -11.946 -12.209
HIS01A0008_011  -0.104 -11.841 -11.945
HIS01A0008_012  -0.168 -11.986 -12.154
HIS01A0008_013  -0.171 -11.728 -11.899
HIS01A0008_014  -0.233 -11.465 -11.698
HIS01A0008_015  -0.133 -11.499 -11.632
HIS01A0008_016  -0.114 -11.579 -11.693
HIS01A0008_017  -0.111 -11.887 -11.999
HIS01A0008_018  -0.231 -11.602 -11.833
HIS02A0008_019  -0.183 -11.245 -11.428
HIS02A0008_020  -0.185 -11.935 -12.120
HIS02A0008_021  -0.189 -11.744 -11.932
HIS02A0008_022  -0.132 -11.267 -11.398
HIS02A0008_023  -0.250 -11.401 -11.651
HIS02A0008_024  -0.154 -11.159 -11.313
HIS02A0008_025  -0.345 -11.313 -11.658
HIS02A0008_026  -0.167 -11.956 -12.124
HIS02A0008_027  -0.343 -11.495 -11.839
HIS02A0008_028  -0.286 -11.795 -12.081
HIS02A0008_029  -0.126 -11.776 -11.902
HIS02A0008_030  -0.174 -11.937 -12.111
HIS02A0008_031  -0.344 -11.810 -12.154
HIS02A0008_032  -0.280 -11.503 -11.783
HIS02A0008_033  -0.158 -11.498 -11.655
HIS02A0008_034  -0.132 -11.528 -11.659
HIS02A0008_035  -0.292 -11.483 -11.775
HIS02A0008_036  -0.133 -11.955 -12.088
HIS02A0008_037  -0.255 -11.602 -11.857
HIS+1A0008_038  -0.209 -11.245 -11.454
HIS+1A0008_039  -0.164 -11.398 -11.562
HIS+1A0008_040  -0.214 -11.747 -11.961
HIS+1A0008_041  -0.276 -11.401 -11.677
HIS+1A0008_042  -0.181 -11.159 -11.340
HIS+1A0008_043  -0.307 -11.532 -11.839
HIS+1A0008_044  -0.184 -11.388 -11.572
HIS+1A0008_045  -0.371 -11.313 -11.684
HIS+1A0008_046  -0.158 -11.532 -11.691
HIS+1A0008_047  -0.370 -11.544 -11.914
HIS+1A0008_048  -0.282 -11.566 -11.848
HIS+1A0008_049  -0.201 -11.870 -12.071
HIS+1A0008_050  -0.211 -11.986 -12.197
HIS+1A0008_051  -0.370 -11.810 -12.180
HIS+1A0008_052  -0.195 -11.889 -12.084
HIS+1A0008_053  -0.319 -11.550 -11.869
HIS+1A0008_054  -0.158 -11.887 -12.046
HIS+1A0008_055  -0.311 -11.699 -12.010
HIS+1A0008_056  -0.153 -11.893 -12.046
