CONFORMER         crg  vdw0  vdw1  tors  epol  self   occ  Hb     history    ASA
MET01A0026_001  0.000-10.99  1.47  2.39  0.00 -7.13 0.512  00  01O000M000  1.000
MET01A0026_002  0.000-10.49  3.08  0.95  0.00 -6.46 0.512  00  01R002M000  1.000
MET01A0026_003  0.000-10.49  6.36  1.93  0.00 -2.20 0.509  00  01R003M000  1.000
MET01A0026_004  0.000-10.95  1.68  4.55  0.00 -4.71 0.510  00  01R007M000  1.000
MET01A0026_005  0.000-11.38  6.49  2.04  0.00 -2.85 0.511  00  01R00AM000  1.000
MET01A0026_006  0.000-11.82  1.50  2.39  0.00 -7.93 0.511  00  01R00CM000  1.000
MET01A0026_007  0.000-11.39  1.53  3.05  0.00 -6.81 0.509  00  01R00DM000  1.000
MET01A0026_008  0.000-12.21  1.27  2.27  0.00 -8.67 0.510  00  01R00FM000  1.000
MET01A0026_009  0.000-11.80  1.84  2.39  0.00 -7.57 0.510  00  01R01DM000  1.000
MET01A0026_010  0.000-11.04  1.94  4.70  0.00 -4.39 0.510  00  01R021M000  1.000
MET01A0026_011  0.000-11.11  1.53  5.21  0.00 -4.37 0.511  00  01R022M000  1.000
MET01A0026_012  0.000-11.37  1.74  5.21  0.00 -4.43 0.509  00  01R024M000  1.000
MET01A0026_013  0.000-11.41  1.53  2.93  0.00 -6.96 0.511  00  01R027M000  1.000
MET01A0026_014  0.000-11.92  1.62  2.27  0.00 -8.03 0.511  00  01R028M000  1.000
MET01A0026_015  0.000-11.45  1.79  4.55  0.00 -5.11 0.511  00  01R02BM000  1.000
MET01A0026_016  0.000-11.88  5.16  1.81  0.00 -4.90 0.511  00  01R02EM000  1.000
MET01A0026_017  0.000-11.07  1.99  4.43  0.00 -4.66 0.510  00  01T004M000  1.000
MET01A0026_018  0.000-10.73  2.56  1.02  0.00 -7.14 0.511  00  01T008M000  1.000
MET01A0026_019  0.000-11.52  3.97  2.72  0.00 -4.83 0.512  00  01T013M000  1.000
MET01A0026_020  0.000-11.16  2.27  4.26  0.00 -4.64 0.512  00  01T020M000  1.000
