iConf CONFORMER     FL  occ    crg   Em0  pKa0 ne nH    vdw0    vdw1    tors    epol   dsolv   extra    history
00001 MET01A0026_001 f 0.00  0.000     0  0.00  0  0 -10.992   1.468   2.392   0.017  -0.009   0.000 01O000M000t
00002 MET01A0026_002 f 0.00  0.000     0  0.00  0  0 -10.553   3.082   0.952   0.006  -0.009   0.000 01R002M000t
00003 MET01A0026_003 f 0.00  0.000     0  0.00  0  0 -10.490   6.345   1.926  -0.004  -0.008   0.000 01R003M000t
00004 MET01A0026_004 f 0.00  0.000     0  0.00  0  0 -10.949   1.681   4.553   0.003  -0.009   0.000 01R007M000t
00005 MET01A0026_005 f 0.00  0.000     0  0.00  0  0 -11.375   6.488   2.044  -0.015  -0.008   0.000 01R00AM000t
00006 MET01A0026_006 f 0.00  0.000     0  0.00  0  0 -11.863   1.500   2.391   0.017  -0.009   0.000 01R00CM000t
00007 MET01A0026_007 f 0.00  0.000     0  0.00  0  0 -11.384   1.527   3.048   0.017  -0.009   0.000 01R00DM000t
00008 MET01A0026_008 f 0.00  0.000     0  0.00  0  0 -12.213   1.268   2.271   0.012  -0.009   0.000 01R00FM000t
00009 MET01A0026_009 f 0.00  0.000     0  0.00  0  0 -11.804   1.842   2.392   0.003  -0.009   0.000 01R01DM000t
00010 MET01A0026_010 f 0.00  0.000     0  0.00  0  0 -11.038   1.932   4.707   0.016  -0.009   0.000 01R021M000t
00011 MET01A0026_011 f 0.00  0.000     0  0.00  0  0 -11.106   1.528   5.207   0.011  -0.009   0.000 01R022M000t
00012 MET01A0026_012 f 0.00  0.000     0  0.00  0  0 -11.375   1.739   5.206   0.004  -0.009   0.000 01R024M000t
00013 MET01A0026_013 f 0.00  0.000     0  0.00  0  0 -11.413   1.530   2.926  -0.005  -0.008   0.000 01R027M000t
00014 MET01A0026_014 f 0.00  0.000     0  0.00  0  0 -11.914   1.617   2.270  -0.003  -0.008   0.000 01R028M000t
00015 MET01A0026_015 f 0.00  0.000     0  0.00  0  0 -11.449   1.792   4.553   0.010  -0.009   0.000 01R02BM000t
00016 MET01A0026_016 f 0.00  0.000     0  0.00  0  0 -11.923   5.152   1.811  -0.014  -0.009   0.000 01R02EM000t
00017 MET01A0026_017 f 0.00  0.000     0  0.00  0  0 -11.072   1.989   4.428   0.009  -0.009   0.000 01T004M000t
00018 MET01A0026_018 f 0.00  0.000     0  0.00  0  0 -10.729   2.565   1.020  -0.002  -0.009   0.000 01T008M000t
00019 MET01A0026_019 f 0.00  0.000     0  0.00  0  0 -11.525   3.964   2.722   0.007  -0.010   0.000 01T013M000t
00020 MET01A0026_020 f 0.00  0.000     0  0.00  0  0 -11.162   2.265   4.261   0.013  -0.008   0.000 01T020M000t
