   confID        vdw0    sas     sum
MET01A0026_001   0.321 -11.313 -10.992
MET01A0026_002   0.878 -11.431 -10.553
MET01A0026_003   0.438 -10.928 -10.490
MET01A0026_004   0.552 -11.501 -10.949
MET01A0026_005   0.301 -11.676 -11.375
MET01A0026_006   0.276 -12.139 -11.863
MET01A0026_007   0.437 -11.822 -11.384
MET01A0026_008   0.273 -12.486 -12.213
MET01A0026_009   0.258 -12.062 -11.804
MET01A0026_010   0.780 -11.818 -11.038
MET01A0026_011   0.670 -11.776 -11.106
MET01A0026_012   0.722 -12.097 -11.375
MET01A0026_013   0.359 -11.772 -11.413
MET01A0026_014   0.259 -12.173 -11.914
MET01A0026_015   0.556 -12.005 -11.449
MET01A0026_016   0.165 -12.088 -11.923
MET01A0026_017   0.549 -11.620 -11.072
MET01A0026_018   1.002 -11.731 -10.729
MET01A0026_019   0.427 -11.951 -11.525
MET01A0026_020   0.507 -11.669 -11.162
