iConf CONFORMER     FL  occ    crg   Em0  pKa0 ne nH    vdw0    vdw1    tors    epol   dsolv   extra    history
00001 ARG01A0105_001 f 0.00  0.000     0  0.00  0  0 -13.126   0.768   0.587  -0.186  -1.503   0.000 01O000M000t
00002 ARG01A0105_002 f 0.00  0.000     0  0.00  0  0 -12.962   1.546   3.294   0.037  -1.604   0.000 01E008M000t
00003 ARG01A0105_003 f 0.00  0.000     0  0.00  0  0 -12.964   3.899   3.125   0.010  -1.642   0.000 01E00DM000t
00004 ARG01A0105_004 f 0.00  0.000     0  0.00  0  0 -12.977   4.512   3.125   0.018  -1.565   0.000 01E012M000t
00005 ARG01A0105_005 f 0.00  0.000     0  0.00  0  0 -12.225   0.572   3.090   0.015  -1.578   0.000 01E01CM000t
00006 ARG01A0105_006 f 0.00  0.000     0  0.00  0  0 -11.232   0.964   1.109  -0.014  -1.408   0.000 01E01EM000t
00007 ARG01A0105_007 f 0.00  0.000     0  0.00  0  0 -10.569   0.945   3.796   0.044  -1.658   0.000 01E03AM000t
00008 ARG01A0105_008 f 0.00  0.000     0  0.00  0  0 -13.098   1.095   1.228   0.017  -1.664   0.000 01E073M000t
00009 ARG01A0105_009 f 0.00  0.000     0  0.00  0  0 -11.905   1.820   0.579   0.002  -1.535   0.000 01E080M000t
00010 ARG01A0105_010 f 0.00  0.000     0  0.00  0  0  -7.741   0.377   2.913  -0.015  -1.557   0.000 01E0EBM000t
00011 ARG01A0105_011 f 0.00  0.000     0  0.00  0  0 -10.939   0.486   3.742   0.041  -1.627   0.000 01E13BM000t
00012 ARG01A0105_012 f 0.00  0.000     0  0.00  0  0 -13.330   1.672   3.265   0.036  -1.570   0.000 01T001M000t
00013 ARG01A0105_013 f 0.00  0.000     0  0.00  0  0 -10.539   0.970   3.799   0.001  -1.549   0.000 01T019M000t
00014 ARG01A0105_014 f 0.00  0.000     0  0.00  0  0 -12.837   1.284   3.135   0.016  -1.595   0.000 01T054M000t
00015 ARG01A0105_015 f 0.00  0.000     0  0.00  0  0 -13.481   1.848   3.348   0.021  -1.599   0.000 01T05AM000t
00016 ARG01A0105_016 f 0.00  0.000     0  0.00  0  0 -11.685   0.963   1.131  -0.010  -1.628   0.000 01T092M000t
00017 ARG01A0105_017 f 0.00  0.000     0  0.00  0  0 -11.827   0.488   0.523  -0.006  -1.579   0.000 01T09BM000t
00018 ARG01A0105_018 f 0.00  0.000     0  0.00  0  0 -11.809   3.909   5.884  -0.001  -1.673   0.000 01T114M000t
00019 ARG01A0105_019 f 0.00  0.000     0  0.00  0  0 -10.980   0.959   3.840   0.033  -1.560   0.000 01T11FM000t
00020 ARG01A0105_020 f 0.00  0.000     0  0.00  0  0 -12.015   4.555   3.141  -0.017  -1.567   0.000 01T141M000t
00021 ARG02A0105_021 f 0.00  0.000     0  0.00  0  0 -13.049   0.846   0.587   0.158  -1.419   0.000 02O000M000t
00022 ARG02A0105_022 f 0.00  0.000     0  0.00  0  0 -12.896   3.901   3.123  -0.002  -1.468   0.000 02E00DM000t
00023 ARG02A0105_023 f 0.00  0.000     0  0.00  0  0 -10.552   0.946   3.794   0.024  -1.464   0.000 02E03AM000t
00024 ARG02A0105_024 f 0.00  0.000     0  0.00  0  0 -11.738   3.911   5.882  -0.002  -1.505   0.000 02E114M000t
00025 ARG02A0105_025 f 0.00  0.000     0  0.00  0  0 -12.145   4.546   3.151   0.016  -1.483   0.000 02E141M000t
00026 ARG02A0105_026 f 0.00  0.000     0  0.00  0  0 -13.355   1.632   3.271   0.048  -1.342   0.000 02T001M000t
00027 ARG02A0105_027 f 0.00  0.000     0  0.00  0  0 -13.433   1.563   3.282   0.033  -1.446   0.000 02T05AM000t
00028 ARG02A0105_028 f 0.00  0.000     0  0.00  0  0 -12.638   1.020   1.089   0.010  -1.523   0.000 02T073M000t
00029 ARG02A0105_029 f 0.00  0.000     0  0.00  0  0 -12.090   1.676   0.563  -0.051  -1.419   0.000 02T080M000t
00030 ARG02A0105_030 f 0.00  0.000     0  0.00  0  0 -11.609   0.482   0.457  -0.004  -1.452   0.000 02T09BM000t
00031 ARG02A0105_031 f 0.00  0.000     0  0.00  0  0  -7.395   0.334   2.873   0.016  -1.492   0.000 02T0EBM000t
00032 ARG02A0105_032 f 0.00  0.000     0  0.00  0  0 -11.110   0.983   3.741   0.048  -1.544   0.000 02T11FM000t
00033 ARG02A0105_033 f 0.00  0.000     0  0.00  0  0 -10.813   0.474   3.726  -0.035  -1.407   0.000 02T13BM000t
00034 ARG02A0105_034 f 0.00  0.000     0  0.00  0  0 -12.975   1.536   3.295   0.028  -1.470   0.000 02T008M000t
00035 ARG02A0105_035 f 0.00  0.000     0  0.00  0  0 -12.905   4.530   3.123   0.025  -1.439   0.000 02T012M000t
00036 ARG02A0105_036 f 0.00  0.000     0  0.00  0  0 -10.487   0.983   3.798   0.027  -1.461   0.000 02T019M000t
00037 ARG02A0105_037 f 0.00  0.000     0  0.00  0  0 -12.358   0.614   3.013   0.025  -1.454   0.000 02T01CM000t
00038 ARG02A0105_038 f 0.00  0.000     0  0.00  0  0 -11.178   0.883   1.109   0.066  -1.360   0.000 02T01EM000t
00039 ARG02A0105_039 f 0.00  0.000     0  0.00  0  0 -13.031   1.280   3.118   0.004  -1.477   0.000 02T054M000t
00040 ARG02A0105_040 f 0.00  0.000     0  0.00  0  0 -11.847   1.026   1.097   0.019  -1.557   0.000 02T092M000t
00041 ARG03A0105_041 f 0.00  0.000     0  0.00  0  0 -12.927   3.897   3.125   0.017  -1.337   0.000 03E00DM000t
00042 ARG03A0105_042 f 0.00  0.000     0  0.00  0  0 -11.214   0.917   1.109   0.091  -1.235   0.000 03E01EM000t
00043 ARG03A0105_043 f 0.00  0.000     0  0.00  0  0 -13.144   0.766   0.587  -0.179  -1.340   0.000 03O000M000t
00044 ARG03A0105_044 f 0.00  0.000     0  0.00  0  0 -10.450   0.973   3.797   0.005  -1.386   0.000 03E019M000t
00045 ARG03A0105_045 f 0.00  0.000     0  0.00  0  0 -13.620   1.553   3.282   0.026  -1.415   0.000 03E05AM000t
00046 ARG03A0105_046 f 0.00  0.000     0  0.00  0  0 -12.016   2.049   0.571  -0.003  -1.354   0.000 03E080M000t
00047 ARG03A0105_047 f 0.00  0.000     0  0.00  0  0 -13.068   4.519   3.125   0.029  -1.372   0.000 03T012M000t
00048 ARG03A0105_048 f 0.00  0.000     0  0.00  0  0 -10.874   0.454   3.720   0.042  -1.336   0.000 03T13BM000t
00049 ARG03A0105_049 f 0.00  0.000     0  0.00  0  0 -13.034   1.281   3.121   0.012  -1.384   0.000 03T054M000t
00050 ARG03A0105_050 f 0.00  0.000     0  0.00  0  0 -11.643   0.487   0.453  -0.000  -1.361   0.000 03T09BM000t
00051 ARG03A0105_051 f 0.00  0.000     0  0.00  0  0 -12.527   0.621   3.010   0.020  -1.387   0.000 03T01CM000t
00052 ARG03A0105_052 f 0.00  0.000     0  0.00  0  0 -11.912   1.023   1.097   0.006  -1.465   0.000 03T092M000t
00053 ARG03A0105_053 f 0.00  0.000     0  0.00  0  0 -11.714   3.914   5.876   0.000  -1.403   0.000 03T114M000t
00054 ARG03A0105_054 f 0.00  0.000     0  0.00  0  0 -11.166   0.986   3.737   0.037  -1.473   0.000 03T11FM000t
00055 ARG03A0105_055 f 0.00  0.000     0  0.00  0  0 -12.321   4.542   3.148   0.003  -1.460   0.000 03T141M000t
00056 ARG03A0105_056 f 0.00  0.000     0  0.00  0  0 -13.430   1.624   3.272   0.032  -1.403   0.000 03T001M000t
00057 ARG03A0105_057 f 0.00  0.000     0  0.00  0  0 -13.139   1.537   3.294   0.034  -1.401   0.000 03T008M000t
00058 ARG03A0105_058 f 0.00  0.000     0  0.00  0  0 -10.828   0.949   3.791   0.043  -1.408   0.000 03T03AM000t
00059 ARG03A0105_059 f 0.00  0.000     0  0.00  0  0 -12.567   1.019   1.087   0.023  -1.456   0.000 03T073M000t
00060 ARG03A0105_060 f 0.00  0.000     0  0.00  0  0  -7.512   0.333   2.875   0.017  -1.401   0.000 03T0EBM000t
00061 ARG+1A0105_061 f 0.00  1.000     0 12.50  0  1 -13.187   0.765   0.587  -0.223  -5.890   0.000 +1O000M000t
00062 ARG+1A0105_062 f 0.00  1.000     0 12.50  0  1 -13.399   1.623   3.273   0.093  -6.080   0.000 +1E001M000t
00063 ARG+1A0105_063 f 0.00  1.000     0 12.50  0  1 -13.050   1.538   3.295   0.064  -6.072   0.000 +1E008M000t
00064 ARG+1A0105_064 f 0.00  1.000     0 12.50  0  1 -13.162   4.517   3.126   0.055  -6.034   0.000 +1E012M000t
00065 ARG+1A0105_065 f 0.00  1.000     0 12.50  0  1 -10.547   0.978   3.798   0.037  -6.016   0.000 +1E019M000t
00066 ARG+1A0105_066 f 0.00  1.000     0 12.50  0  1 -12.570   0.611   3.019   0.045  -6.042   0.000 +1E01CM000t
00067 ARG+1A0105_067 f 0.00  1.000     0 12.50  0  1 -11.307   0.950   1.109   0.133  -5.987   0.000 +1E01EM000t
00068 ARG+1A0105_068 f 0.00  1.000     0 12.50  0  1 -13.070   1.276   3.122   0.046  -6.041   0.000 +1E054M000t
00069 ARG+1A0105_069 f 0.00  1.000     0 12.50  0  1 -12.540   1.018   1.091   0.094  -6.023   0.000 +1E073M000t
00070 ARG+1A0105_070 f 0.00  1.000     0 12.50  0  1 -11.960   1.017   1.099   0.078  -6.005   0.000 +1E092M000t
00071 ARG+1A0105_071 f 0.00  1.000     0 12.50  0  1 -11.213   0.985   3.741   0.120  -6.040   0.000 +1E11FM000t
00072 ARG+1A0105_072 f 0.00  1.000     0 12.50  0  1 -12.249   4.538   3.151   0.106  -5.964   0.000 +1E141M000t
00073 ARG+1A0105_073 f 0.00  1.000     0 12.50  0  1 -12.958   3.898   3.125   0.081  -6.067   0.000 +1T00DM000t
00074 ARG+1A0105_074 f 0.00  1.000     0 12.50  0  1 -10.674   0.944   3.795   0.123  -6.063   0.000 +1T03AM000t
00075 ARG+1A0105_075 f 0.00  1.000     0 12.50  0  1 -13.600   1.550   3.284   0.048  -6.065   0.000 +1T05AM000t
00076 ARG+1A0105_076 f 0.00  1.000     0 12.50  0  1 -12.182   2.095   0.573   0.112  -5.980   0.000 +1T080M000t
00077 ARG+1A0105_077 f 0.00  1.000     0 12.50  0  1 -11.645   0.482   0.459   0.076  -6.061   0.000 +1T09BM000t
00078 ARG+1A0105_078 f 0.00  1.000     0 12.50  0  1  -7.491   0.330   2.890   0.092  -5.911   0.000 +1T0EBM000t
00079 ARG+1A0105_079 f 0.00  1.000     0 12.50  0  1 -11.872   3.911   5.884   0.074  -6.106   0.000 +1T114M000t
00080 ARG+1A0105_080 f 0.00  1.000     0 12.50  0  1 -10.895   0.446   3.727   0.147  -6.002   0.000 +1T13BM000t
