CONFORMER         crg  vdw0  vdw1  tors  epol  self   occ  Hb     history    ASA
ARG01A0105_001  0.000-13.12  0.70  0.59  0.00-11.83 0.502  00  01O000M000  1.000
ARG01A0105_002  0.000-12.96  1.54  3.29  0.00 -8.13 0.502  00  01E008M000  1.000
ARG01A0105_003  0.000-12.90  3.84  3.12  0.00 -5.93 0.502  00  01E00DM000  1.000
ARG01A0105_004  0.000-12.97  4.46  3.12  0.00 -5.39 0.501  00  01E012M000  1.000
ARG01A0105_005  0.000-12.22  0.45  3.09  0.00 -8.68 0.501  00  01E01CM000  1.000
ARG01A0105_006  0.000-11.23  0.90  1.11  0.00 -9.23 0.502  00  01E01EM000  1.000
ARG01A0105_007  0.000-10.57  0.95  3.80  0.00 -5.82 0.502  00  01E03AM000  1.000
ARG01A0105_008  0.000-13.10  1.10  1.23  0.00-10.78 0.502  00  01E073M000  1.000
ARG01A0105_009  0.000-11.91  1.76  0.58  0.00 -9.57 0.501  00  01E080M000  1.000
ARG01A0105_010  0.000 -7.73  0.28  2.91  0.00 -4.54 0.502  00  01E0EBM000  1.000
ARG01A0105_011  0.000-10.95  0.49  3.74  0.00 -6.71 0.502  00  01E13BM000  1.000
ARG01A0105_012  0.000-13.33  1.67  3.26  0.00 -8.39 0.501  00  01T001M000  1.000
ARG01A0105_013  0.000-10.54  0.91  3.80  0.00 -5.84 0.502  00  01T019M000  1.000
ARG01A0105_014  0.000-12.79  1.23  3.14  0.00 -8.43 0.501  00  01T054M000  1.000
ARG01A0105_015  0.000-13.48  1.84  3.34  0.00 -8.29 0.502  00  01T05AM000  1.000
ARG01A0105_016  0.000-11.69  0.90  1.13  0.00 -9.66 0.501  00  01T092M000  1.000
ARG01A0105_017  0.000-11.83  0.37  0.53  0.00-10.93 0.501  00  01T09BM000  1.000
ARG01A0105_018  0.000-11.81  3.86  5.88  0.00 -2.06 0.502  00  01T114M000  1.000
ARG01A0105_019  0.000-10.98  0.96  3.84  0.00 -6.19 0.502  00  01T11FM000  1.000
ARG01A0105_020  0.000-12.07  4.50  3.14  0.00 -4.43 0.502  00  01T141M000  1.000
ARG02A0105_021  0.000-13.05  0.78  0.59  0.00-11.68 0.502  00  02O000M000  1.000
ARG02A0105_022  0.000-12.82  3.84  3.12  0.00 -5.86 0.502  00  02E00DM000  1.000
ARG02A0105_023  0.000-10.55  0.95  3.79  0.00 -5.81 0.502  00  02E03AM000  1.000
ARG02A0105_024  0.000-11.73  3.86  5.88  0.00 -1.99 0.502  00  02E114M000  1.000
ARG02A0105_025  0.000-12.15  4.49  3.15  0.00 -4.50 0.502  00  02E141M000  1.000
ARG02A0105_026  0.000-13.35  1.63  3.27  0.00 -8.45 0.501  00  02T001M000  1.000
ARG02A0105_027  0.000-13.43  1.56  3.28  0.00 -8.58 0.502  00  02T05AM000  1.000
ARG02A0105_028  0.000-12.63  1.02  1.09  0.00-10.52 0.502  00  02T073M000  1.000
ARG02A0105_029  0.000-12.03  1.61  0.56  0.00 -9.86 0.501  00  02T080M000  1.000
ARG02A0105_030  0.000-11.61  0.36  0.46  0.00-10.79 0.501  00  02T09BM000  1.000
ARG02A0105_031  0.000 -7.41  0.23  2.87  0.00 -4.31 0.502  00  02T0EBM000  1.000
ARG02A0105_032  0.000-11.11  0.99  3.74  0.00 -6.38 0.502  00  02T11FM000  1.000
ARG02A0105_033  0.000-10.82  0.48  3.73  0.00 -6.62 0.502  00  02T13BM000  1.000
ARG02A0105_034  0.000-12.97  1.53  3.29  0.00 -8.15 0.502  00  02T008M000  1.000
ARG02A0105_035  0.000-12.85  4.47  3.12  0.00 -5.26 0.501  00  02T012M000  1.000
ARG02A0105_036  0.000-10.47  0.92  3.80  0.00 -5.76 0.502  00  02T019M000  1.000
ARG02A0105_037  0.000-12.36  0.50  3.01  0.00 -8.85 0.501  00  02T01CM000  1.000
ARG02A0105_038  0.000-11.19  0.82  1.11  0.00 -9.26 0.502  00  02T01EM000  1.000
ARG02A0105_039  0.000-12.90  1.23  3.12  0.00 -8.55 0.501  00  02T054M000  1.000
ARG02A0105_040  0.000-11.84  0.96  1.10  0.00 -9.79 0.501  00  02T092M000  1.000
ARG03A0105_041  0.000-12.93  3.84  3.13  0.00 -5.96 0.502  00  03E00DM000  1.000
ARG03A0105_042  0.000-11.22  0.85  1.11  0.00 -9.26 0.502  00  03E01EM000  1.000
ARG03A0105_043  0.000-13.14  0.70  0.59  0.00-11.85 0.502  00  03O000M000  1.000
ARG03A0105_044  0.000-10.45  0.91  3.80  0.00 -5.74 0.502  00  03E019M000  1.000
ARG03A0105_045  0.000-13.63  1.56  3.28  0.00 -8.79 0.502  00  03E05AM000  1.000
ARG03A0105_046  0.000-12.01  1.99  0.57  0.00 -9.44 0.501  00  03E080M000  1.000
ARG03A0105_047  0.000-13.07  4.47  3.13  0.00 -5.48 0.501  00  03T012M000  1.000
ARG03A0105_048  0.000-10.88  0.45  3.72  0.00 -6.71 0.502  00  03T13BM000  1.000
ARG03A0105_049  0.000-13.03  1.23  3.12  0.00 -8.69 0.501  00  03T054M000  1.000
ARG03A0105_050  0.000-11.64  0.37  0.45  0.00-10.82 0.501  00  03T09BM000  1.000
ARG03A0105_051  0.000-12.53  0.50  3.01  0.00 -9.02 0.501  00  03T01CM000  1.000
ARG03A0105_052  0.000-11.91  0.95  1.10  0.00 -9.86 0.501  00  03T092M000  1.000
ARG03A0105_053  0.000-11.72  3.86  5.88  0.00 -1.98 0.502  00  03T114M000  1.000
ARG03A0105_054  0.000-11.17  0.99  3.74  0.00 -6.45 0.502  00  03T11FM000  1.000
ARG03A0105_055  0.000-12.33  4.50  3.15  0.00 -4.68 0.502  00  03T141M000  1.000
ARG03A0105_056  0.000-13.43  1.62  3.27  0.00 -8.53 0.501  00  03T001M000  1.000
ARG03A0105_057  0.000-13.14  1.54  3.29  0.00 -8.31 0.502  00  03T008M000  1.000
ARG03A0105_058  0.000-10.82  0.95  3.79  0.00 -6.09 0.502  00  03T03AM000  1.000
ARG03A0105_059  0.000-12.57  1.02  1.09  0.00-10.46 0.502  00  03T073M000  1.000
ARG03A0105_060  0.000 -7.52  0.23  2.87  0.00 -4.42 0.502  00  03T0EBM000  1.000
ARG+1A0105_061  1.000-13.19  0.70  0.59  0.00-11.90 0.502  00  +1O000M000  1.000
ARG+1A0105_062  1.000-13.40  1.62  3.27  0.00 -8.50 0.501  00  +1E001M000  1.000
ARG+1A0105_063  1.000-13.11  1.53  3.29  0.00 -8.28 0.502  00  +1E008M000  1.000
ARG+1A0105_064  1.000-13.17  4.46  3.13  0.00 -5.58 0.501  00  +1E012M000  1.000
ARG+1A0105_065  1.000-10.55  0.91  3.80  0.00 -5.84 0.502  00  +1E019M000  1.000
ARG+1A0105_066  1.000-12.56  0.49  3.02  0.00 -9.05 0.501  00  +1E01CM000  1.000
ARG+1A0105_067  1.000-11.31  0.88  1.11  0.00 -9.32 0.502  00  +1E01EM000  1.000
ARG+1A0105_068  1.000-13.07  1.22  3.12  0.00 -8.72 0.501  00  +1E054M000  1.000
ARG+1A0105_069  1.000-12.54  1.02  1.09  0.00-10.43 0.502  00  +1E073M000  1.000
ARG+1A0105_070  1.000-11.96  0.95  1.10  0.00 -9.90 0.501  00  +1E092M000  1.000
ARG+1A0105_071  1.000-11.15  0.98  3.74  0.00 -6.43 0.502  00  +1E11FM000  1.000
ARG+1A0105_072  1.000-12.25  4.49  3.15  0.00 -4.61 0.502  00  +1E141M000  1.000
ARG+1A0105_073  1.000-12.96  3.85  3.12  0.00 -5.99 0.502  00  +1T00DM000  1.000
ARG+1A0105_074  1.000-10.68  0.94  3.79  0.00 -5.94 0.502  00  +1T03AM000  1.000
ARG+1A0105_075  1.000-13.60  1.55  3.28  0.00 -8.76 0.502  00  +1T05AM000  1.000
ARG+1A0105_076  1.000-12.18  2.03  0.57  0.00 -9.57 0.501  00  +1T080M000  1.000
ARG+1A0105_077  1.000-11.65  0.36  0.46  0.00-10.83 0.501  00  +1T09BM000  1.000
ARG+1A0105_078  1.000 -7.48  0.23  2.89  0.00 -4.36 0.502  00  +1T0EBM000  1.000
ARG+1A0105_079  1.000-11.87  3.86  5.88  0.00 -2.13 0.502  00  +1T114M000  1.000
ARG+1A0105_080  1.000-10.96  0.45  3.73  0.00 -6.79 0.502  00  +1T13BM000  1.000
