   confID        vdw0    sas     sum
ARG01A0105_001   1.215 -14.341 -13.126
ARG01A0105_002   1.207 -14.169 -12.962
ARG01A0105_003   1.228 -14.192 -12.964
ARG01A0105_004   1.296 -14.273 -12.977
ARG01A0105_005   1.961 -14.186 -12.225
ARG01A0105_006   2.393 -13.624 -11.232
ARG01A0105_007   3.513 -14.082 -10.569
ARG01A0105_008   1.522 -14.620 -13.098
ARG01A0105_009   2.177 -14.082 -11.905
ARG01A0105_010   6.757 -14.498  -7.741
ARG01A0105_011   3.535 -14.474 -10.939
ARG01A0105_012   1.192 -14.521 -13.330
ARG01A0105_013   3.524 -14.063 -10.539
ARG01A0105_014   1.543 -14.380 -12.837
ARG01A0105_015   1.519 -15.000 -13.481
ARG01A0105_016   2.702 -14.386 -11.685
ARG01A0105_017   2.301 -14.127 -11.827
ARG01A0105_018   2.021 -13.829 -11.809
ARG01A0105_019   3.416 -14.396 -10.980
ARG01A0105_020   2.243 -14.258 -12.015
ARG02A0105_021   1.292 -14.341 -13.049
ARG02A0105_022   1.296 -14.192 -12.896
ARG02A0105_023   3.581 -14.133 -10.552
ARG02A0105_024   2.091 -13.829 -11.738
ARG02A0105_025   2.184 -14.329 -12.145
ARG02A0105_026   1.166 -14.521 -13.355
ARG02A0105_027   1.400 -14.833 -13.433
ARG02A0105_028   1.676 -14.314 -12.638
ARG02A0105_029   2.202 -14.291 -12.090
ARG02A0105_030   2.403 -14.012 -11.609
ARG02A0105_031   6.795 -14.190  -7.395
ARG02A0105_032   3.430 -14.540 -11.110
ARG02A0105_033   3.668 -14.481 -10.813
ARG02A0105_034   1.262 -14.237 -12.975
ARG02A0105_035   1.368 -14.273 -12.905
ARG02A0105_036   3.577 -14.063 -10.487
ARG02A0105_037   2.030 -14.389 -12.358
ARG02A0105_038   2.443 -13.621 -11.178
ARG02A0105_039   1.465 -14.496 -13.031
ARG02A0105_040   2.613 -14.460 -11.847
ARG03A0105_041   1.265 -14.192 -12.927
ARG03A0105_042   2.359 -13.573 -11.214
ARG03A0105_043   1.197 -14.341 -13.144
ARG03A0105_044   3.482 -13.932 -10.450
ARG03A0105_045   1.389 -15.010 -13.620
ARG03A0105_046   2.090 -14.105 -12.016
ARG03A0105_047   1.272 -14.341 -13.068
ARG03A0105_048   3.555 -14.429 -10.874
ARG03A0105_049   1.465 -14.500 -13.034
ARG03A0105_050   2.291 -13.935 -11.643
ARG03A0105_051   1.926 -14.453 -12.527
ARG03A0105_052   2.531 -14.444 -11.912
ARG03A0105_053   2.000 -13.714 -11.714
ARG03A0105_054   3.374 -14.540 -11.166
ARG03A0105_055   2.136 -14.458 -12.321
ARG03A0105_056   1.159 -14.589 -13.430
ARG03A0105_057   1.162 -14.301 -13.139
ARG03A0105_058   3.488 -14.317 -10.828
ARG03A0105_059   1.638 -14.205 -12.567
ARG03A0105_060   6.725 -14.238  -7.512
ARG+1A0105_061   1.154 -14.341 -13.187
ARG+1A0105_062   1.122 -14.521 -13.399
ARG+1A0105_063   1.119 -14.169 -13.050
ARG+1A0105_064   1.243 -14.405 -13.162
ARG+1A0105_065   3.452 -13.999 -10.547
ARG+1A0105_066   1.883 -14.453 -12.570
ARG+1A0105_067   2.314 -13.621 -11.307
ARG+1A0105_068   1.430 -14.500 -13.070
ARG+1A0105_069   1.598 -14.138 -12.540
ARG+1A0105_070   2.500 -14.460 -11.960
ARG+1A0105_071   3.327 -14.540 -11.213
ARG+1A0105_072   2.080 -14.329 -12.249
ARG+1A0105_073   1.234 -14.192 -12.958
ARG+1A0105_074   3.459 -14.133 -10.674
ARG+1A0105_075   1.342 -14.942 -13.600
ARG+1A0105_076   2.052 -14.234 -12.182
ARG+1A0105_077   2.290 -13.935 -11.645
ARG+1A0105_078   6.699 -14.190  -7.491
ARG+1A0105_079   1.958 -13.829 -11.872
ARG+1A0105_080   3.518 -14.413 -10.895
