iConf CONFORMER     FL  occ    crg   Em0  pKa0 ne nH    vdw0    vdw1    tors    epol   dsolv   extra    history
00001 ASP01A0019_001 f 0.00  0.000     0  0.00  0  0  -4.303   2.185   3.401   0.334  -1.049   0.000 01O000M000t
00002 ASP01A0019_002 f 0.00  0.000     0  0.00  0  0  -4.300   0.240   5.457   0.108  -1.280   0.000 01E008M000t
00003 ASP01A0019_003 f 0.00  0.000     0  0.00  0  0  -4.360  -0.018   3.944   0.093  -1.298   0.000 01E009M000t
00004 ASP01A0019_004 f 0.00  0.000     0  0.00  0  0  -4.367   2.185   0.681   0.084  -0.869   0.000 01O000M000t
00005 ASP01A0019_005 f 0.00  0.000     0  0.00  0  0  -4.539   1.839   3.027   0.669  -1.098   0.000 01T001M000t
00006 ASP01A0019_006 f 0.00  0.000     0  0.00  0  0  -4.007  -0.151   3.956   0.261  -1.388   0.000 01T003M000t
00007 ASP01A0019_007 f 0.00  0.000     0  0.00  0  0  -4.280   1.307   5.465   0.204  -1.283   0.000 01T004M000t
00008 ASP01A0019_008 f 0.00  0.000     0  0.00  0  0  -4.068   0.096   3.960   0.084  -1.279   0.000 01T006M000t
00009 ASP01A0019_009 f 0.00  0.000     0  0.00  0  0  -4.697   1.160   4.752   0.218  -1.119   0.000 01T007M000t
00010 ASP01A0019_010 f 0.00  0.000     0  0.00  0  0  -4.539   1.839   0.307   0.070  -0.884   0.000 01T001M000t
00011 ASP01A0019_011 f 0.00  0.000     0  0.00  0  0  -4.359  -0.017   1.219   0.088  -0.890   0.000 01T009M000t
00012 ASP01A0019_012 f 0.00  0.000     0  0.00  0  0  -4.351   1.367   2.797   0.167  -0.880   0.000 01T004M000t
00013 ASP01A0019_013 f 0.00  0.000     0  0.00  0  0  -4.697   1.160   2.032   0.079  -0.877   0.000 01T007M000t
00014 ASP02A0019_014 f 0.00  0.000     0  0.00  0  0  -4.317   1.527   3.401   0.121  -1.276   0.000 02O000M000t
00015 ASP02A0019_015 f 0.00  0.000     0  0.00  0  0  -4.125   0.026   3.993   0.142  -1.104   0.000 02E003M000t
00016 ASP02A0019_016 f 0.00  0.000     0  0.00  0  0  -4.317   1.527   0.681   0.093  -0.855   0.000 02O000M000t
00017 ASP02A0019_017 f 0.00  0.000     0  0.00  0  0  -4.303   1.491   5.474   0.316  -1.236   0.000 02T004M000t
00018 ASP02A0019_018 f 0.00  0.000     0  0.00  0  0  -4.199   0.286   4.000   0.496  -1.193   0.000 02T006M000t
00019 ASP02A0019_019 f 0.00  0.000     0  0.00  0  0  -4.510   0.292   3.513   0.138  -1.331   0.000 02T005M000t
00020 ASP02A0019_020 f 0.00  0.000     0  0.00  0  0  -4.641   1.048   4.699   0.102  -1.321   0.000 02T007M000t
00021 ASP02A0019_021 f 0.00  0.000     0  0.00  0  0  -4.503   0.094   3.957   0.170  -1.206   0.000 02T009M000t
00022 ASP02A0019_022 f 0.00  0.000     0  0.00  0  0  -4.151   0.026   1.267   0.136  -0.813   0.000 02T003M000t
00023 ASP02A0019_023 f 0.00  0.000     0  0.00  0  0  -4.465   0.810   1.946   0.069  -0.874   0.000 02T007M000t
00024 ASP02A0019_024 f 0.00  0.000     0  0.00  0  0  -4.766   0.068   1.242   0.093  -0.893   0.000 02T009M000t
00025 ASP02A0019_025 f 0.00  0.000     0  0.00  0  0  -4.313   1.653   2.801   0.166  -0.875   0.000 02T004M000t
00026 ASP02A0019_026 f 0.00  0.000     0  0.00  0  0  -4.510   0.292   0.793   0.127  -0.893   0.000 02T005M000t
00027 ASP-1A0019_027 f 0.00 -1.000     0  4.75  0 -1  -4.216   1.548   0.681  -0.286  -7.331   0.000 -1O000M000t
00028 ASP-1A0019_028 f 0.00 -1.000     0  4.75  0 -1  -4.642   1.328   0.300  -0.440  -7.376   0.000 -1E001M000t
00029 ASP-1A0019_029 f 0.00 -1.000     0  4.75  0 -1  -4.207   1.290   2.618  -0.428  -7.395   0.000 -1E004M000t
00030 ASP-1A0019_030 f 0.00 -1.000     0  4.75  0 -1  -4.502   0.871   1.834  -0.219  -7.405   0.000 -1E007M000t
00031 ASP-1A0019_031 f 0.00 -1.000     0  4.75  0 -1  -4.393  -0.022   1.145  -0.212  -7.406   0.000 -1E009M000t
