CONFORMER         crg  vdw0  vdw1  tors  epol  self   occ  Hb     history    ASA
MET01A0032_001  0.000-11.46  0.54  1.13  0.00 -9.79 0.507  00  01O000M000  1.000
MET01A0032_002  0.000-10.53  0.74  3.23  0.00 -6.56 0.506  00  01R009M000  1.000
MET01A0032_003  0.000-10.40  3.75  2.55  0.00 -4.09 0.508  00  01R011M000  1.000
MET01A0032_004  0.000-11.35  0.52  2.19  0.00 -8.63 0.507  00  01R013M000  1.000
MET01A0032_005  0.000-10.29  1.23  3.31  0.00 -5.75 0.508  00  01R018M000  1.000
MET01A0032_006  0.000 -4.10  1.19  3.31  0.00  0.40 0.507  00  01R019M000  1.000
MET01A0032_007  0.000-10.63  1.38  4.37  0.00 -4.88 0.507  00  01R01AM000  1.000
MET01A0032_008  0.000 -8.62  5.16  0.69  0.00 -2.77 0.507  00  01R023M000  1.000
MET01A0032_009  0.000-10.10  0.58  4.29  0.00 -5.22 0.507  00  01R028M000  1.000
MET01A0032_010  0.000 -9.99  0.19  4.29  0.00 -5.51 0.508  00  01R02AM000  1.000
MET01A0032_011  0.000-10.27  0.63  4.29  0.00 -5.35 0.508  00  01R030M000  1.000
MET01A0032_012  0.000-10.19  0.71  4.29  0.00 -5.18 0.507  00  01R032M000  1.000
MET01A0032_013  0.000 -9.82  1.75  5.41  0.00 -2.66 0.507  00  01R034M000  1.000
MET01A0032_014  0.000-11.71  1.78  4.37  0.00 -5.56 0.507  00  01R036M000  1.000
MET01A0032_015  0.000-10.23  1.62  3.31  0.00 -5.31 0.506  00  01R037M000  1.000
MET01A0032_016  0.000 -9.70  1.78  6.47  0.00 -1.45 0.507  00  01R03DM000  1.000
MET01A0032_017  0.000-10.24  1.69  4.29  0.00 -4.26 0.507  00  01R03EM000  1.000
MET01A0032_018  0.000-11.00  4.26  0.24  0.00 -6.50 0.508  00  01T004M000  1.000
MET01A0032_019  0.000-12.02  3.20  2.58  0.00 -6.24 0.508  00  01T00CM000  1.000
MET01A0032_020  0.000-10.14  3.98  5.25  0.00 -0.90 0.509  00  01T03CM000  1.000
