iConf CONFORMER     FL  occ    crg   Em0  pKa0 ne nH    vdw0    vdw1    tors    epol   dsolv   extra    history
00001 MET01A0032_001 f 0.00  0.000     0  0.00  0  0 -11.460   0.613   1.134   0.010  -0.002   0.000 01O000M000t
00002 MET01A0032_002 f 0.00  0.000     0  0.00  0  0 -10.525   0.737   3.234   0.005  -0.002   0.000 01R009M000t
00003 MET01A0032_003 f 0.00  0.000     0  0.00  0  0 -10.404   3.834   2.551  -0.004  -0.002   0.000 01R011M000t
00004 MET01A0032_004 f 0.00  0.000     0  0.00  0  0 -11.349   0.600   2.193   0.010  -0.002   0.000 01R013M000t
00005 MET01A0032_005 f 0.00  0.000     0  0.00  0  0 -10.292   1.310   3.307   0.008  -0.002   0.000 01R018M000t
00006 MET01A0032_006 f 0.00  0.000     0  0.00  0  0  -4.107   1.270   3.306   0.006  -0.002   0.000 01R019M000t
00007 MET01A0032_007 f 0.00  0.000     0  0.00  0  0 -10.631   1.460   4.363   0.008  -0.002   0.000 01R01AM000t
00008 MET01A0032_008 f 0.00  0.000     0  0.00  0  0  -8.622   5.242   0.694   0.000  -0.002   0.000 01R023M000t
00009 MET01A0032_009 f 0.00  0.000     0  0.00  0  0 -10.093   0.661   4.295   0.010  -0.002   0.000 01R028M000t
00010 MET01A0032_010 f 0.00  0.000     0  0.00  0  0  -9.985   0.271   4.294   0.011  -0.002   0.000 01R02AM000t
00011 MET01A0032_011 f 0.00  0.000     0  0.00  0  0 -10.268   0.627   4.293   0.007  -0.002   0.000 01R030M000t
00012 MET01A0032_012 f 0.00  0.000     0  0.00  0  0 -10.180   0.709   4.293   0.004  -0.002   0.000 01R032M000t
00013 MET01A0032_013 f 0.00  0.000     0  0.00  0  0  -9.819   1.829   5.405   0.003  -0.002   0.000 01R034M000t
00014 MET01A0032_014 f 0.00  0.000     0  0.00  0  0 -11.711   1.782   4.367  -0.005  -0.002   0.000 01R036M000t
00015 MET01A0032_015 f 0.00  0.000     0  0.00  0  0 -10.231   1.615   3.305  -0.004  -0.002   0.000 01R037M000t
00016 MET01A0032_016 f 0.00  0.000     0  0.00  0  0  -9.696   1.779   6.464   0.003  -0.002   0.000 01R03DM000t
00017 MET01A0032_017 f 0.00  0.000     0  0.00  0  0 -10.241   1.772   4.295   0.001  -0.002   0.000 01R03EM000t
00018 MET01A0032_018 f 0.00  0.000     0  0.00  0  0 -11.000   4.342   0.240  -0.005  -0.002   0.000 01T004M000t
00019 MET01A0032_019 f 0.00  0.000     0  0.00  0  0 -12.024   3.204   2.581  -0.004  -0.002   0.000 01T00CM000t
00020 MET01A0032_020 f 0.00  0.000     0  0.00  0  0 -10.133   3.980   5.257   0.011  -0.002   0.000 01T03CM000t
