   confID        vdw0    sas     sum
MET01A0032_001   0.424 -11.884 -11.460
MET01A0032_002   1.284 -11.809 -10.525
MET01A0032_003   0.954 -11.358 -10.404
MET01A0032_004   0.503 -11.852 -11.349
MET01A0032_005   1.445 -11.737 -10.292
MET01A0032_006   7.080 -11.188  -4.107
MET01A0032_007   0.520 -11.151 -10.631
MET01A0032_008   2.185 -10.808  -8.622
MET01A0032_009   1.413 -11.506 -10.093
MET01A0032_010   1.452 -11.437  -9.985
MET01A0032_011   1.374 -11.642 -10.268
MET01A0032_012   1.378 -11.558 -10.180
MET01A0032_013   1.503 -11.322  -9.819
MET01A0032_014   0.355 -12.066 -11.711
MET01A0032_015   1.286 -11.517 -10.231
MET01A0032_016   1.374 -11.070  -9.696
MET01A0032_017   1.412 -11.653 -10.241
MET01A0032_018   0.296 -11.297 -11.000
MET01A0032_019  -0.048 -11.976 -12.024
MET01A0032_020   1.309 -11.442 -10.133
