iConf CONFORMER     FL  occ    crg   Em0  pKa0 ne nH    vdw0    vdw1    tors    epol   dsolv   extra    history
00001 GLU01A0075_001 f 0.00  0.000     0  0.00  0  0  -3.740   0.921   3.629  -0.020  -0.503   0.000 01O000M000t
00002 GLU01A0075_002 f 0.00  0.000     0  0.00  0  0  -3.806   0.803   3.464   0.035  -0.491   0.000 01E002M000t
00003 GLU01A0075_003 f 0.00  0.000     0  0.00  0  0  -2.214   0.900   2.922   0.028  -0.529   0.000 01E005M000t
00004 GLU01A0075_004 f 0.00  0.000     0  0.00  0  0  -1.921   1.073   2.923   0.030  -0.528   0.000 01E007M000t
00005 GLU01A0075_005 f 0.00  0.000     0  0.00  0  0  -3.740   0.921   0.909   0.012  -0.363   0.000 01O000M000t
00006 GLU01A0075_006 f 0.00  0.000     0  0.00  0  0  -3.523   1.177   0.689   0.007  -0.359   0.000 01E001M000t
00007 GLU01A0075_007 f 0.00  0.000     0  0.00  0  0  -3.523   1.180   3.404   0.031  -0.495   0.000 01T001M000t
00008 GLU01A0075_008 f 0.00  0.000     0  0.00  0  0  -4.297   3.202   3.674   0.110  -0.432   0.000 01T003M000t
00009 GLU01A0075_009 f 0.00  0.000     0  0.00  0  0  -3.518   1.072   3.209   0.024  -0.509   0.000 01T008M000t
00010 GLU01A0075_010 f 0.00  0.000     0  0.00  0  0  -3.882   0.803   0.720   0.021  -0.357   0.000 01T002M000t
00011 GLU01A0075_011 f 0.00  0.000     0  0.00  0  0  -1.919   1.077   0.203   0.014  -0.348   0.000 01T007M000t
00012 GLU01A0075_012 f 0.00  0.000     0  0.00  0  0  -3.836   1.036   0.504   0.006  -0.348   0.000 01T008M000t
00013 GLU02A0075_013 f 0.00  0.000     0  0.00  0  0  -3.885   0.929   3.629   0.053  -0.523   0.000 02O000M000t
00014 GLU02A0075_014 f 0.00  0.000     0  0.00  0  0  -3.826   0.810   3.500   0.059  -0.496   0.000 02E002M000t
00015 GLU02A0075_015 f 0.00  0.000     0  0.00  0  0  -1.487   0.888   2.922   0.020  -0.460   0.000 02E005M000t
00016 GLU02A0075_016 f 0.00  0.000     0  0.00  0  0  -3.333   1.075   3.270   0.033  -0.493   0.000 02E008M000t
00017 GLU02A0075_017 f 0.00  0.000     0  0.00  0  0  -3.885   0.929   0.909   0.029  -0.352   0.000 02O000M000t
00018 GLU02A0075_018 f 0.00  0.000     0  0.00  0  0  -3.752   0.806   0.642   0.024  -0.356   0.000 02E002M000t
00019 GLU02A0075_019 f 0.00  0.000     0  0.00  0  0  -4.325   3.034   0.905  -0.011  -0.341   0.000 02E003M000t
00020 GLU02A0075_020 f 0.00  0.000     0  0.00  0  0  -3.581   1.180   3.480   0.019  -0.521   0.000 02T001M000t
00021 GLU02A0075_021 f 0.00  0.000     0  0.00  0  0  -4.324   3.037   3.625  -0.019  -0.502   0.000 02T003M000t
00022 GLU02A0075_022 f 0.00  0.000     0  0.00  0  0  -3.073   1.002   3.174  -0.001  -0.486   0.000 02T006M000t
00023 GLU02A0075_023 f 0.00  0.000     0  0.00  0  0  -3.581   1.180   0.760   0.004  -0.357   0.000 02T001M000t
00024 GLU02A0075_024 f 0.00  0.000     0  0.00  0  0  -1.501   1.059   0.203   0.005  -0.359   0.000 02T007M000t
00025 GLU-1A0075_025 f 0.00 -1.000     0  4.75  0 -1  -4.001   0.940   0.909  -0.004  -3.165   0.000 -1O000M000t
00026 GLU-1A0075_026 f 0.00 -1.000     0  4.75  0 -1  -3.748   0.826   0.668  -0.167  -3.105   0.000 -1E002M000t
00027 GLU-1A0075_027 f 0.00 -1.000     0  4.75  0 -1  -2.071   1.084   0.203  -0.022  -3.140   0.000 -1E007M000t
00028 GLU-1A0075_028 f 0.00 -1.000     0  4.75  0 -1  -3.564   1.078   0.491  -0.151  -3.109   0.000 -1E008M000t
