   confID        vdw0    sas     sum
GLU01A0075_001   0.757  -4.497  -3.740
GLU01A0075_002   0.904  -4.710  -3.806
GLU01A0075_003   2.634  -4.848  -2.214
GLU01A0075_004   2.640  -4.561  -1.921
GLU01A0075_005   0.757  -4.497  -3.740
GLU01A0075_006   1.020  -4.543  -3.523
GLU01A0075_007   1.020  -4.543  -3.523
GLU01A0075_008   0.572  -4.869  -4.297
GLU01A0075_009   1.340  -4.859  -3.518
GLU01A0075_010   0.905  -4.787  -3.882
GLU01A0075_011   2.642  -4.561  -1.919
GLU01A0075_012   1.133  -4.969  -3.836
GLU02A0075_013   0.755  -4.639  -3.885
GLU02A0075_014   0.839  -4.665  -3.826
GLU02A0075_015   3.357  -4.844  -1.487
GLU02A0075_016   1.441  -4.774  -3.333
GLU02A0075_017   0.755  -4.639  -3.885
GLU02A0075_018   0.956  -4.708  -3.752
GLU02A0075_019   0.634  -4.959  -4.325
GLU02A0075_020   0.886  -4.467  -3.581
GLU02A0075_021   0.634  -4.959  -4.324
GLU02A0075_022   1.662  -4.736  -3.073
GLU02A0075_023   0.886  -4.467  -3.581
GLU02A0075_024   3.354  -4.855  -1.501
GLU-1A0075_025   0.611  -4.612  -4.001
GLU-1A0075_026   0.776  -4.525  -3.748
GLU-1A0075_027   2.597  -4.668  -2.071
GLU-1A0075_028   1.150  -4.713  -3.564
