CONFORMER         crg  vdw0  vdw1  tors  epol  self   occ  Hb     history    ASA
LYS01A0009_001  0.000-10.51  0.88  1.55  0.00 -8.08 0.503  00  01O000M000  1.000
LYS01A0009_002  0.000 -9.60  0.90  1.34  0.00 -7.35 0.503  00  01E00FM000  1.000
LYS01A0009_003  0.000 -9.06  1.18  2.10  0.00 -5.78 0.503  00  01E020M000  1.000
LYS01A0009_004  0.000 -8.82  5.08  1.96  0.00 -1.78 0.503  00  01E022M000  1.000
LYS01A0009_005  0.000 -9.40  0.88  3.83  0.00 -4.69 0.503  00  01E05DM000  1.000
LYS01A0009_006  0.000 -9.18  2.19  4.59  0.00 -2.39 0.504  00  01E084M000  1.000
LYS01A0009_007  0.000 -9.53  2.01  3.87  0.00 -3.65 0.503  00  01T00DM000  1.000
LYS01A0009_008  0.000 -9.60  2.99  1.89  0.00 -4.72 0.503  00  01T011M000  1.000
LYS01A0009_009  0.000 -9.63  1.53  3.46  0.00 -4.64 0.503  00  01T018M000  1.000
LYS01A0009_010  0.000 -6.12  1.01  2.22  0.00 -2.89 0.504  00  01T01AM000  1.000
LYS01A0009_011  0.000 -9.11  3.27  3.51  0.00 -2.33 0.503  00  01T031M000  1.000
LYS01A0009_012  0.000 -9.58  1.43  3.47  0.00 -4.68 0.503  00  01T035M000  1.000
LYS01A0009_013  0.000 -9.26  1.02  4.02  0.00 -4.23 0.502  00  01T03DM000  1.000
LYS01A0009_014  0.000 -8.44  2.00  3.46  0.00 -2.98 0.504  00  01T051M000  1.000
LYS01A0009_015  0.000 -9.09  1.86  5.79  0.00 -1.43 0.504  00  01T056M000  1.000
LYS01A0009_016  0.000 -7.03  0.55  1.80  0.00 -4.68 0.503  00  01T059M000  1.000
LYS01A0009_017  0.000 -8.02  0.85  1.43  0.00 -5.75 0.503  00  01T05CM000  1.000
LYS01A0009_018  0.000 -8.53  1.62  1.61  0.00 -5.29 0.503  00  01T074M000  1.000
LYS01A0009_019  0.000 -6.99  0.62  4.36  0.00 -2.01 0.503  00  01T080M000  1.000
LYS01A0009_020  0.000 -6.97  1.98  2.08  0.00 -2.91 0.504  00  01T086M000  1.000
LYS+1A0009_021  1.000-10.56  0.88  1.55  0.00 -8.13 0.503  00  +1O000M000  1.000
LYS+1A0009_022  1.000 -9.69  1.52  3.47  0.00 -4.69 0.503  00  +1E018M000  1.000
LYS+1A0009_023  1.000 -9.11  1.17  2.10  0.00 -5.84 0.503  00  +1E020M000  1.000
LYS+1A0009_024  1.000 -9.38  1.02  4.08  0.00 -4.27 0.502  00  +1E03DM000  1.000
LYS+1A0009_025  1.000 -8.25  0.84  1.45  0.00 -5.96 0.503  00  +1E05CM000  1.000
LYS+1A0009_026  1.000 -7.21  0.62  4.41  0.00 -2.18 0.503  00  +1E080M000  1.000
LYS+1A0009_027  1.000 -9.13  2.21  4.62  0.00 -2.29 0.504  00  +1E084M000  1.000
LYS+1A0009_028  1.000 -7.11  1.98  2.09  0.00 -3.04 0.504  00  +1E086M000  1.000
LYS+1A0009_029  1.000 -9.57  2.01  3.88  0.00 -3.69 0.503  00  +1T00DM000  1.000
LYS+1A0009_030  1.000 -9.65  0.91  1.34  0.00 -7.40 0.503  00  +1T00FM000  1.000
LYS+1A0009_031  1.000 -9.69  2.98  1.91  0.00 -4.80 0.503  00  +1T011M000  1.000
LYS+1A0009_032  1.000 -6.05  1.01  2.23  0.00 -2.81 0.504  00  +1T01AM000  1.000
LYS+1A0009_033  1.000 -8.98  5.14  1.97  0.00 -1.87 0.503  00  +1T022M000  1.000
LYS+1A0009_034  1.000 -9.36  3.26  3.53  0.00 -2.57 0.503  00  +1T031M000  1.000
LYS+1A0009_035  1.000 -9.63  1.44  3.49  0.00 -4.70 0.503  00  +1T035M000  1.000
LYS+1A0009_036  1.000 -8.47  1.99  3.47  0.00 -3.01 0.504  00  +1T051M000  1.000
LYS+1A0009_037  1.000 -9.10  1.87  5.92  0.00 -1.31 0.504  00  +1T056M000  1.000
LYS+1A0009_038  1.000 -7.10  0.51  1.81  0.00 -4.78 0.503  00  +1T059M000  1.000
LYS+1A0009_039  1.000 -9.31  0.88  3.89  0.00 -4.55 0.503  00  +1T05DM000  1.000
LYS+1A0009_040  1.000 -8.54  1.62  1.63  0.00 -5.29 0.503  00  +1T074M000  1.000
