iConf CONFORMER     FL  occ    crg   Em0  pKa0 ne nH    vdw0    vdw1    tors    epol   dsolv   extra    history
00001 LYS01A0009_001 f 0.00  0.000     0  0.00  0  0 -10.576   0.880   1.549  -0.007  -0.953   0.000 01O000M000t
00002 LYS01A0009_002 f 0.00  0.000     0  0.00  0  0  -9.596   0.904   1.344  -0.012  -1.006   0.000 01E00FM000t
00003 LYS01A0009_003 f 0.00  0.000     0  0.00  0  0  -9.059   1.176   2.100  -0.011  -1.011   0.000 01E020M000t
00004 LYS01A0009_004 f 0.00  0.000     0  0.00  0  0  -8.823   5.077   1.959  -0.016  -0.926   0.000 01E022M000t
00005 LYS01A0009_005 f 0.00  0.000     0  0.00  0  0  -9.405   0.876   3.832  -0.009  -0.924   0.000 01E05DM000t
00006 LYS01A0009_006 f 0.00  0.000     0  0.00  0  0  -9.181   2.199   4.596  -0.015  -0.969   0.000 01E084M000t
00007 LYS01A0009_007 f 0.00  0.000     0  0.00  0  0  -9.533   2.007   3.874  -0.013  -0.962   0.000 01T00DM000t
00008 LYS01A0009_008 f 0.00  0.000     0  0.00  0  0  -9.602   2.987   1.893   0.003  -0.901   0.000 01T011M000t
00009 LYS01A0009_009 f 0.00  0.000     0  0.00  0  0  -9.634   1.531   3.466  -0.009  -0.925   0.000 01T018M000t
00010 LYS01A0009_010 f 0.00  0.000     0  0.00  0  0  -6.107   1.016   2.225  -0.008  -0.841   0.000 01T01AM000t
00011 LYS01A0009_011 f 0.00  0.000     0  0.00  0  0  -9.105   3.259   3.513   0.005  -0.910   0.000 01T031M000t
00012 LYS01A0009_012 f 0.00  0.000     0  0.00  0  0  -9.581   1.436   3.468  -0.018  -0.993   0.000 01T035M000t
00013 LYS01A0009_013 f 0.00  0.000     0  0.00  0  0  -9.259   1.018   4.018  -0.004  -0.950   0.000 01T03DM000t
00014 LYS01A0009_014 f 0.00  0.000     0  0.00  0  0  -8.455   2.004   3.465  -0.036  -0.915   0.000 01T051M000t
00015 LYS01A0009_015 f 0.00  0.000     0  0.00  0  0  -9.087   1.863   5.789  -0.015  -1.030   0.000 01T056M000t
00016 LYS01A0009_016 f 0.00  0.000     0  0.00  0  0  -7.024   0.555   1.800  -0.032  -0.817   0.000 01T059M000t
00017 LYS01A0009_017 f 0.00  0.000     0  0.00  0  0  -8.022   0.854   1.427  -0.011  -0.876   0.000 01T05CM000t
00018 LYS01A0009_018 f 0.00  0.000     0  0.00  0  0  -8.528   1.620   1.614  -0.016  -0.972   0.000 01T074M000t
00019 LYS01A0009_019 f 0.00  0.000     0  0.00  0  0  -6.979   0.621   4.364  -0.013  -0.846   0.000 01T080M000t
00020 LYS01A0009_020 f 0.00  0.000     0  0.00  0  0  -7.013   1.982   2.079  -0.030  -0.862   0.000 01T086M000t
00021 LYS+1A0009_021 f 0.00  1.000     0 10.40  0  1 -10.626   0.879   1.549   0.038 -12.921   0.000 +1O000M000t
00022 LYS+1A0009_022 f 0.00  1.000     0 10.40  0  1  -9.692   1.529   3.475   0.040 -12.988   0.000 +1E018M000t
00023 LYS+1A0009_023 f 0.00  1.000     0 10.40  0  1  -9.112   1.173   2.101   0.021 -13.067   0.000 +1E020M000t
00024 LYS+1A0009_024 f 0.00  1.000     0 10.40  0  1  -9.377   1.025   4.084   0.073 -12.872   0.000 +1E03DM000t
00025 LYS+1A0009_025 f 0.00  1.000     0 10.40  0  1  -8.198   0.840   1.454   0.091 -12.765   0.000 +1E05CM000t
00026 LYS+1A0009_026 f 0.00  1.000     0 10.40  0  1  -7.210   0.620   4.416   0.208 -12.691   0.000 +1E080M000t
00027 LYS+1A0009_027 f 0.00  1.000     0 10.40  0  1  -9.128   2.216   4.627   0.091 -12.911   0.000 +1E084M000t
00028 LYS+1A0009_028 f 0.00  1.000     0 10.40  0  1  -7.108   1.984   2.087   0.159 -12.669   0.000 +1E086M000t
00029 LYS+1A0009_029 f 0.00  1.000     0 10.40  0  1  -9.575   2.007   3.876   0.080 -12.926   0.000 +1T00DM000t
00030 LYS+1A0009_030 f 0.00  1.000     0 10.40  0  1  -9.652   0.910   1.344   0.040 -13.001   0.000 +1T00FM000t
00031 LYS+1A0009_031 f 0.00  1.000     0 10.40  0  1  -9.687   2.989   1.910  -0.010 -12.925   0.000 +1T011M000t
00032 LYS+1A0009_032 f 0.00  1.000     0 10.40  0  1  -6.049   1.013   2.230   0.046 -12.939   0.000 +1T01AM000t
00033 LYS+1A0009_033 f 0.00  1.000     0 10.40  0  1  -8.981   5.143   1.976   0.076 -12.875   0.000 +1T022M000t
00034 LYS+1A0009_034 f 0.00  1.000     0 10.40  0  1  -9.299   3.264   3.530  -0.023 -12.902   0.000 +1T031M000t
00035 LYS+1A0009_035 f 0.00  1.000     0 10.40  0  1  -9.631   1.437   3.486   0.040 -12.894   0.000 +1T035M000t
00036 LYS+1A0009_036 f 0.00  1.000     0 10.40  0  1  -8.480   1.997   3.471   0.102 -12.835   0.000 +1T051M000t
00037 LYS+1A0009_037 f 0.00  1.000     0 10.40  0  1  -9.099   1.866   5.918   0.107 -13.107   0.000 +1T056M000t
00038 LYS+1A0009_038 f 0.00  1.000     0 10.40  0  1  -7.092   0.511   1.807   0.040 -12.428   0.000 +1T059M000t
00039 LYS+1A0009_039 f 0.00  1.000     0 10.40  0  1  -9.349   0.879   3.884   0.054 -13.110   0.000 +1T05DM000t
00040 LYS+1A0009_040 f 0.00  1.000     0 10.40  0  1  -8.590   1.612   1.629   0.062 -12.757   0.000 +1T074M000t
