   confID        vdw0    sas     sum
LYS01A0009_001   2.293 -12.869 -10.576
LYS01A0009_002   2.532 -12.128  -9.596
LYS01A0009_003   3.282 -12.341  -9.059
LYS01A0009_004   3.582 -12.405  -8.823
LYS01A0009_005   3.231 -12.636  -9.405
LYS01A0009_006   3.450 -12.631  -9.181
LYS01A0009_007   2.817 -12.350  -9.533
LYS01A0009_008   2.810 -12.411  -9.602
LYS01A0009_009   2.569 -12.202  -9.634
LYS01A0009_010   6.535 -12.643  -6.107
LYS01A0009_011   2.786 -11.891  -9.105
LYS01A0009_012   2.738 -12.319  -9.581
LYS01A0009_013   3.323 -12.582  -9.259
LYS01A0009_014   3.665 -12.120  -8.455
LYS01A0009_015   3.163 -12.251  -9.087
LYS01A0009_016   4.598 -11.622  -7.024
LYS01A0009_017   4.011 -12.033  -8.022
LYS01A0009_018   3.588 -12.116  -8.528
LYS01A0009_019   5.283 -12.262  -6.979
LYS01A0009_020   5.104 -12.117  -7.013
LYS+1A0009_021   2.243 -12.869 -10.626
LYS+1A0009_022   2.510 -12.202  -9.692
LYS+1A0009_023   3.229 -12.341  -9.112
LYS+1A0009_024   3.286 -12.663  -9.377
LYS+1A0009_025   3.887 -12.084  -8.198
LYS+1A0009_026   5.116 -12.326  -7.210
LYS+1A0009_027   3.413 -12.540  -9.128
LYS+1A0009_028   4.919 -12.027  -7.108
LYS+1A0009_029   2.775 -12.350  -9.575
LYS+1A0009_030   2.476 -12.128  -9.652
LYS+1A0009_031   2.776 -12.463  -9.687
LYS+1A0009_032   6.527 -12.575  -6.049
LYS+1A0009_033   3.543 -12.524  -8.981
LYS+1A0009_034   2.733 -12.032  -9.299
LYS+1A0009_035   2.688 -12.319  -9.631
LYS+1A0009_036   3.640 -12.120  -8.480
LYS+1A0009_037   3.216 -12.315  -9.099
LYS+1A0009_038   4.514 -11.606  -7.092
LYS+1A0009_039   3.210 -12.559  -9.349
LYS+1A0009_040   3.487 -12.078  -8.590
