CONFORMER         crg  vdw0  vdw1  tors  epol  self   occ  Hb     history    ASA
TYR01A0091_001  0.000-11.05  0.09  0.08  0.00-10.87 0.559  00  01O000M000  1.000
TYR01A0091_002  0.000-10.87  0.13  0.07  0.00-10.66 0.555  00  01E003M000  1.000
TYR01A0091_003  0.000-11.05  0.09  0.08  0.00-10.87 0.559  00  01O000M000  1.000
TYR01A0091_004  0.000-11.04  0.82  2.72  0.00 -7.51 0.554  00  01E004M000  1.000
TYR01A0091_005  0.000-10.99  2.11  2.72  0.00 -6.16 0.558  00  01E008M000  1.000
TYR01A0091_006  0.000-10.54  3.34  2.72  0.00 -4.48 0.555  00  01T001M000  1.000
TYR01A0091_007  0.000-10.25  1.16  0.07  0.00 -9.02 0.554  00  01T002M000  1.000
TYR01A0091_008  0.000-11.69  4.71  0.06  0.00 -6.92 0.555  00  01T005M000  1.000
TYR01A0091_009  0.000-11.35  7.69  0.12  0.00 -3.53 0.556  00  01T006M000  1.000
TYR01A0091_010  0.000-11.46  1.49  0.06  0.00 -9.91 0.554  00  01T007M000  1.000
TYR-1A0091_011 -1.000-11.05  0.09  0.08  0.00-10.87 0.559  00  -1O000M000  1.000
TYR-1A0091_012 -1.000-10.39  1.20  0.07  0.00 -9.11 0.554  00  -1E002M000  1.000
TYR-1A0091_013 -1.000-10.93  0.14  0.07  0.00-10.72 0.555  00  -1E003M000  1.000
TYR-1A0091_014 -1.000-11.71  4.73  0.06  0.00 -6.93 0.555  00  -1E005M000  1.000
TYR-1A0091_015 -1.000-11.20  7.13  0.13  0.00 -3.95 0.556  00  -1E006M000  1.000
TYR-1A0091_016 -1.000-11.04  2.11  2.71  0.00 -6.21 0.558  00  -1E008M000  1.000
TYR-1A0091_017 -1.000-10.54  3.34  2.71  0.00 -4.49 0.555  00  -1T001M000  1.000
TYR-1A0091_018 -1.000-11.00  0.82  2.71  0.00 -7.47 0.554  00  -1T004M000  1.000
TYR-1A0091_019 -1.000-11.53  1.47  0.06  0.00-10.00 0.554  00  -1T007M000  1.000
