iConf CONFORMER     FL  occ    crg   Em0  pKa0 ne nH    vdw0    vdw1    tors    epol   dsolv   extra    history
00001 TYR01A0091_001 f 0.00  0.000     0  0.00  0  0 -11.045   0.094   0.078   0.062  -0.912   0.000 01O000M000t
00002 TYR01A0091_002 f 0.00  0.000     0  0.00  0  0 -10.865   0.134   0.073   0.025  -0.986   0.000 01E003M000t
00003 TYR01A0091_003 f 0.00  0.000     0  0.00  0  0 -11.045   0.094   0.078   0.063  -0.928   0.000 01O000M000t
00004 TYR01A0091_004 f 0.00  0.000     0  0.00  0  0 -11.041   0.819   2.716   0.082  -0.959   0.000 01E004M000t
00005 TYR01A0091_005 f 0.00  0.000     0  0.00  0  0 -10.989   2.116   2.717   0.073  -0.949   0.000 01E008M000t
00006 TYR01A0091_006 f 0.00  0.000     0  0.00  0  0 -10.542   3.340   2.716   0.121  -0.933   0.000 01T001M000t
00007 TYR01A0091_007 f 0.00  0.000     0  0.00  0  0 -10.246   1.156   0.073   0.184  -0.928   0.000 01T002M000t
00008 TYR01A0091_008 f 0.00  0.000     0  0.00  0  0 -11.688   4.700   0.061   0.084  -0.956   0.000 01T005M000t
00009 TYR01A0091_009 f 0.00  0.000     0  0.00  0  0 -11.347   7.698   0.122   0.119  -0.993   0.000 01T006M000t
00010 TYR01A0091_010 f 0.00  0.000     0  0.00  0  0 -11.457   1.493   0.061   0.028  -0.972   0.000 01T007M000t
00011 TYR-1A0091_011 f 0.00 -1.000     0 10.20  0 -1 -11.045   0.094   0.078  -0.042  -7.151   0.000 -1O000M000t
00012 TYR-1A0091_012 f 0.00 -1.000     0 10.20  0 -1 -10.329   1.204   0.073   0.282  -7.111   0.000 -1E002M000t
00013 TYR-1A0091_013 f 0.00 -1.000     0 10.20  0 -1 -10.936   0.139   0.073  -0.126  -7.187   0.000 -1E003M000t
00014 TYR-1A0091_014 f 0.00 -1.000     0 10.20  0 -1 -11.708   4.737   0.058  -0.023  -7.202   0.000 -1E005M000t
00015 TYR-1A0091_015 f 0.00 -1.000     0 10.20  0 -1 -11.211   7.134   0.126  -0.041  -7.218   0.000 -1E006M000t
00016 TYR-1A0091_016 f 0.00 -1.000     0 10.20  0 -1 -11.036   2.121   2.714  -0.036  -7.204   0.000 -1E008M000t
00017 TYR-1A0091_017 f 0.00 -1.000     0 10.20  0 -1 -10.541   3.337   2.715   0.106  -7.178   0.000 -1T001M000t
00018 TYR-1A0091_018 f 0.00 -1.000     0 10.20  0 -1 -11.008   0.820   2.715  -0.038  -7.206   0.000 -1T004M000t
00019 TYR-1A0091_019 f 0.00 -1.000     0 10.20  0 -1 -11.530   1.471   0.058  -0.117  -7.232   0.000 -1T007M000t
