   confID        vdw0    sas     sum
TYR01A0091_001   3.503 -14.547 -11.045
TYR01A0091_002   3.510 -14.375 -10.865
TYR01A0091_003   3.503 -14.547 -11.045
TYR01A0091_004   3.502 -14.543 -11.041
TYR01A0091_005   3.356 -14.344 -10.989
TYR01A0091_006   3.532 -14.074 -10.542
TYR01A0091_007   3.532 -13.777 -10.246
TYR01A0091_008   3.123 -14.811 -11.688
TYR01A0091_009   3.093 -14.440 -11.347
TYR01A0091_010   3.354 -14.810 -11.457
TYR-1A0091_011   3.503 -14.547 -11.045
TYR-1A0091_012   3.516 -13.845 -10.329
TYR-1A0091_013   3.507 -14.443 -10.936
TYR-1A0091_014   3.121 -14.828 -11.708
TYR-1A0091_015   3.084 -14.295 -11.211
TYR-1A0091_016   3.358 -14.395 -11.036
TYR-1A0091_017   3.533 -14.074 -10.541
TYR-1A0091_018   3.492 -14.500 -11.008
TYR-1A0091_019   3.356 -14.885 -11.530
