iConf CONFORMER     FL  occ    crg   Em0  pKa0 ne nH    vdw0    vdw1    tors    epol   dsolv   extra    history
00001 LYS01A0064_001 f 0.00  0.000     0  0.00  0  0 -11.131   1.076   3.280  -0.002  -0.061   0.000 01O000M000t
00002 LYS01A0064_002 f 0.00  0.000     0  0.00  0  0 -10.332   0.522   6.052  -0.003  -0.060   0.000 01O001M000t
00003 LYS01A0064_003 f 0.00  0.000     0  0.00  0  0 -10.947   4.504   1.940  -0.001  -0.063   0.000 01E066M000t
00004 LYS01A0064_004 f 0.00  0.000     0  0.00  0  0 -10.866   0.715   1.941  -0.006  -0.065   0.000 01E0D9M000t
00005 LYS01A0064_005 f 0.00  0.000     0  0.00  0  0 -10.662   3.958   2.136  -0.010  -0.066   0.000 01E0E7M000t
00006 LYS01A0064_006 f 0.00  0.000     0  0.00  0  0  -7.815   1.873   4.350   0.027  -0.049   0.000 01E107M000t
00007 LYS01A0064_007 f 0.00  0.000     0  0.00  0  0  -9.733   0.368   2.757  -0.004  -0.061   0.000 01E113M000t
00008 LYS01A0064_008 f 0.00  0.000     0  0.00  0  0 -10.836   0.016   2.549  -0.012  -0.063   0.000 01E11FM000t
00009 LYS01A0064_009 f 0.00  0.000     0  0.00  0  0 -10.381   1.675   2.761  -0.008  -0.061   0.000 01T046M000t
00010 LYS01A0064_010 f 0.00  0.000     0  0.00  0  0 -11.388   0.817   2.232  -0.002  -0.060   0.000 01T05FM000t
00011 LYS01A0064_011 f 0.00  0.000     0  0.00  0  0 -10.661   4.676   2.326  -0.009  -0.060   0.000 01T067M000t
00012 LYS01A0064_012 f 0.00  0.000     0  0.00  0  0 -11.276   4.926   3.309  -0.010  -0.061   0.000 01T09CM000t
00013 LYS01A0064_013 f 0.00  0.000     0  0.00  0  0 -10.422   5.605   3.382  -0.008  -0.062   0.000 01T0C9M000t
00014 LYS01A0064_014 f 0.00  0.000     0  0.00  0  0  -9.718   5.490   4.316  -0.004  -0.059   0.000 01T0CDM000t
00015 LYS01A0064_015 f 0.00  0.000     0  0.00  0  0 -10.170   0.645   2.456  -0.005  -0.061   0.000 01T0CFM000t
00016 LYS01A0064_016 f 0.00  0.000     0  0.00  0  0 -11.171   5.722   4.078  -0.008  -0.067   0.000 01T12DM000t
00017 LYS01A0064_017 f 0.00  0.000     0  0.00  0  0  -7.016   2.011   2.103  -0.008  -0.056   0.000 01T133M000t
00018 LYS01A0064_018 f 0.00  0.000     0  0.00  0  0 -10.070   5.155   2.608  -0.008  -0.060   0.000 01T13BM000t
00019 LYS01A0064_019 f 0.00  0.000     0  0.00  0  0 -10.803   5.855   2.506  -0.024  -0.063   0.000 01T13FM000t
00020 LYS+1A0064_020 f 0.00  1.000     0 10.40  0  1 -11.180   1.075   3.280   0.011  -1.012   0.000 +1O000M000t
00021 LYS+1A0064_021 f 0.00  1.000     0 10.40  0  1 -10.389   0.519   6.052   0.064  -1.000   0.000 +1O001M000t
00022 LYS+1A0064_022 f 0.00  1.000     0 10.40  0  1 -11.408   0.815   2.301   0.056  -1.003   0.000 +1E05FM000t
00023 LYS+1A0064_023 f 0.00  1.000     0 10.40  0  1 -10.478   5.641   3.421   0.056  -1.009   0.000 +1E0C9M000t
00024 LYS+1A0064_024 f 0.00  1.000     0 10.40  0  1  -9.528   5.557   4.391   0.058  -0.997   0.000 +1E0CDM000t
00025 LYS+1A0064_025 f 0.00  1.000     0 10.40  0  1 -11.018   0.710   1.957   0.044  -1.011   0.000 +1E0D9M000t
00026 LYS+1A0064_026 f 0.00  1.000     0 10.40  0  1  -8.067   1.872   4.413   0.204  -0.913   0.000 +1E107M000t
00027 LYS+1A0064_027 f 0.00  1.000     0 10.40  0  1  -9.909   0.367   2.797   0.013  -1.010   0.000 +1E113M000t
00028 LYS+1A0064_028 f 0.00  1.000     0 10.40  0  1 -11.260   5.762   4.115   0.054  -1.011   0.000 +1E12DM000t
00029 LYS+1A0064_029 f 0.00  1.000     0 10.40  0  1  -7.240   2.025   2.163   0.066  -0.964   0.000 +1E133M000t
00030 LYS+1A0064_030 f 0.00  1.000     0 10.40  0  1 -10.282   5.306   2.671   0.067  -0.991   0.000 +1E13BM000t
00031 LYS+1A0064_031 f 0.00  1.000     0 10.40  0  1 -10.361   1.686   2.825   0.062  -1.011   0.000 +1T046M000t
00032 LYS+1A0064_032 f 0.00  1.000     0 10.40  0  1 -10.993   4.564   1.960   0.021  -1.012   0.000 +1T066M000t
00033 LYS+1A0064_033 f 0.00  1.000     0 10.40  0  1 -10.712   4.728   2.391   0.019  -0.989   0.000 +1T067M000t
00034 LYS+1A0064_034 f 0.00  1.000     0 10.40  0  1 -11.395   4.920   3.336   0.061  -0.996   0.000 +1T09CM000t
00035 LYS+1A0064_035 f 0.00  1.000     0 10.40  0  1 -10.125   0.645   2.500   0.054  -1.000   0.000 +1T0CFM000t
00036 LYS+1A0064_036 f 0.00  1.000     0 10.40  0  1 -10.685   3.893   2.146   0.022  -1.012   0.000 +1T0E7M000t
00037 LYS+1A0064_037 f 0.00  1.000     0 10.40  0  1 -10.886   0.018   2.573   0.012  -1.003   0.000 +1T11FM000t
00038 LYS+1A0064_038 f 0.00  1.000     0 10.40  0  1 -10.852   5.912   2.530   0.106  -1.002   0.000 +1T13FM000t
