CONFORMER         crg  vdw0  vdw1  tors  epol  self   occ  Hb     history    ASA
LYS01A0064_001  0.000-11.13  1.08  3.28  0.00 -6.78 0.501  00  01O000M000  1.000
LYS01A0064_002  0.000-10.33  0.52  6.05  0.00 -3.76 0.501  00  01O001M000  1.000
LYS01A0064_003  0.000-10.95  4.50  1.94  0.00 -4.50 0.502  00  01E066M000  1.000
LYS01A0064_004  0.000-10.87  0.71  1.94  0.00 -8.21 0.501  00  01E0D9M000  1.000
LYS01A0064_005  0.000-10.66  3.96  2.14  0.00 -4.56 0.502  00  01E0E7M000  1.000
LYS01A0064_006  0.000 -7.81  1.87  4.35  0.00 -1.59 0.502  00  01E107M000  1.000
LYS01A0064_007  0.000 -9.73  0.37  2.75  0.00 -6.61 0.502  00  01E113M000  1.000
LYS01A0064_008  0.000-10.84  0.01  2.55  0.00 -8.27 0.501  00  01E11FM000  1.000
LYS01A0064_009  0.000-10.38  1.67  2.76  0.00 -5.94 0.502  00  01T046M000  1.000
LYS01A0064_010  0.000-11.39  0.82  2.23  0.00 -8.34 0.502  00  01T05FM000  1.000
LYS01A0064_011  0.000-10.73  4.67  2.33  0.00 -3.73 0.502  00  01T067M000  1.000
LYS01A0064_012  0.000-11.27  4.92  3.31  0.00 -3.04 0.501  00  01T09CM000  1.000
LYS01A0064_013  0.000-10.42  5.59  3.38  0.00 -1.45 0.501  00  01T0C9M000  1.000
LYS01A0064_014  0.000 -9.71  5.49  4.32  0.00  0.09 0.501  00  01T0CDM000  1.000
LYS01A0064_015  0.000-10.18  0.65  2.46  0.00 -7.07 0.502  00  01T0CFM000  1.000
LYS01A0064_016  0.000-11.17  5.71  4.08  0.00 -1.38 0.502  00  01T12DM000  1.000
LYS01A0064_017  0.000 -7.01  2.02  2.10  0.00 -2.89 0.501  00  01T133M000  1.000
LYS01A0064_018  0.000-10.10  5.15  2.61  0.00 -2.34 0.502  00  01T13BM000  1.000
LYS01A0064_019  0.000-10.80  5.86  2.51  0.00 -2.44 0.501  00  01T13FM000  1.000
LYS+1A0064_020  1.000-11.18  1.08  3.28  0.00 -6.83 0.501  00  +1O000M000  1.000
LYS+1A0064_021  1.000-10.39  0.52  6.05  0.00 -3.82 0.501  00  +1O001M000  1.000
LYS+1A0064_022  1.000-11.41  0.81  2.30  0.00 -8.29 0.502  00  +1E05FM000  1.000
LYS+1A0064_023  1.000-10.49  5.64  3.42  0.00 -1.42 0.501  00  +1E0C9M000  1.000
LYS+1A0064_024  1.000 -9.52  5.55  4.39  0.00  0.41 0.501  00  +1E0CDM000  1.000
LYS+1A0064_025  1.000-11.01  0.71  1.96  0.00 -8.35 0.501  00  +1E0D9M000  1.000
LYS+1A0064_026  1.000 -8.06  1.87  4.41  0.00 -1.78 0.502  00  +1E107M000  1.000
LYS+1A0064_027  1.000 -9.91  0.37  2.80  0.00 -6.74 0.502  00  +1E113M000  1.000
LYS+1A0064_028  1.000-11.26  5.75  4.12  0.00 -1.40 0.502  00  +1E12DM000  1.000
LYS+1A0064_029  1.000 -7.23  2.02  2.16  0.00 -3.04 0.501  00  +1E133M000  1.000
LYS+1A0064_030  1.000-10.28  5.30  2.67  0.00 -2.31 0.502  00  +1E13BM000  1.000
LYS+1A0064_031  1.000-10.37  1.69  2.83  0.00 -5.85 0.502  00  +1T046M000  1.000
LYS+1A0064_032  1.000-10.99  4.57  1.96  0.00 -4.47 0.502  00  +1T066M000  1.000
LYS+1A0064_033  1.000-10.71  4.73  2.39  0.00 -3.59 0.502  00  +1T067M000  1.000
LYS+1A0064_034  1.000-11.34  4.92  3.34  0.00 -3.09 0.501  00  +1T09CM000  1.000
LYS+1A0064_035  1.000-10.13  0.64  2.50  0.00 -6.98 0.502  00  +1T0CFM000  1.000
LYS+1A0064_036  1.000-10.69  3.90  2.15  0.00 -4.64 0.502  00  +1T0E7M000  1.000
LYS+1A0064_037  1.000-10.89  0.02  2.57  0.00 -8.30 0.501  00  +1T11FM000  1.000
LYS+1A0064_038  1.000-10.85  5.90  2.53  0.00 -2.42 0.501  00  +1T13FM000  1.000
