   confID        vdw0    sas     sum
LYS01A0064_001   1.197 -12.328 -11.131
LYS01A0064_002   1.919 -12.251 -10.332
LYS01A0064_003   1.474 -12.421 -10.947
LYS01A0064_004   1.826 -12.692 -10.866
LYS01A0064_005   1.988 -12.650 -10.662
LYS01A0064_006   4.575 -12.389  -7.815
LYS01A0064_007   2.904 -12.636  -9.733
LYS01A0064_008   1.926 -12.762 -10.836
LYS01A0064_009   2.635 -13.016 -10.381
LYS01A0064_010   1.256 -12.644 -11.388
LYS01A0064_011   1.745 -12.406 -10.661
LYS01A0064_012   1.223 -12.500 -11.276
LYS01A0064_013   2.073 -12.495 -10.422
LYS01A0064_014   2.466 -12.184  -9.718
LYS01A0064_015   2.203 -12.373 -10.170
LYS01A0064_016   1.494 -12.666 -11.171
LYS01A0064_017   4.748 -11.763  -7.016
LYS01A0064_018   2.465 -12.535 -10.070
LYS01A0064_019   1.560 -12.363 -10.803
LYS+1A0064_020   1.147 -12.328 -11.180
LYS+1A0064_021   1.862 -12.251 -10.389
LYS+1A0064_022   1.184 -12.592 -11.408
LYS+1A0064_023   2.017 -12.495 -10.478
LYS+1A0064_024   2.379 -11.907  -9.528
LYS+1A0064_025   1.764 -12.782 -11.018
LYS+1A0064_026   4.319 -12.386  -8.067
LYS+1A0064_027   2.869 -12.778  -9.909
LYS+1A0064_028   1.457 -12.717 -11.260
LYS+1A0064_029   4.446 -11.686  -7.240
LYS+1A0064_030   2.359 -12.641 -10.282
LYS+1A0064_031   2.655 -13.016 -10.361
LYS+1A0064_032   1.428 -12.421 -10.993
LYS+1A0064_033   1.665 -12.377 -10.712
LYS+1A0064_034   1.104 -12.500 -11.395
LYS+1A0064_035   2.133 -12.258 -10.125
LYS+1A0064_036   1.964 -12.650 -10.685
LYS+1A0064_037   1.880 -12.766 -10.886
LYS+1A0064_038   1.511 -12.363 -10.852
