CONFORMER         crg  vdw0  vdw1  tors  epol  self   occ  Hb     history    ASA
LYS01A0028_001  0.000-11.25  1.05  2.67  0.00 -7.53 0.503  00  01O000M000  1.000
LYS01A0028_002  0.000 -9.78  1.00  2.28  0.00 -6.50 0.503  00  01E00CM000  1.000
LYS01A0028_003  0.000-11.60  5.17  1.17  0.00 -5.26 0.502  00  01E03BM000  1.000
LYS01A0028_004  0.000 -9.38  1.22  1.58  0.00 -6.58 0.502  00  01E047M000  1.000
LYS01A0028_005  0.000 -9.89  2.36  1.60  0.00 -5.94 0.503  00  01E04EM000  1.000
LYS01A0028_006  0.000 -9.86  2.98  4.07  0.00 -2.81 0.502  00  01E07CM000  1.000
LYS01A0028_007  0.000 -6.14  0.72  2.76  0.00 -2.66 0.503  00  01E088M000  1.000
LYS01A0028_008  0.000-10.74  1.90  1.99  0.00 -6.85 0.502  00  01E092M000  1.000
LYS01A0028_009  0.000 -9.02  3.64  5.27  0.00 -0.11 0.502  00  01E0AEM000  1.000
LYS01A0028_010  0.000-11.37  1.29  1.56  0.00 -8.52 0.504  00  01T002M000  1.000
LYS01A0028_011  0.000 -9.27  1.16  2.19  0.00 -5.93 0.503  00  01T011M000  1.000
LYS01A0028_012  0.000-11.04  0.95  1.05  0.00 -9.04 0.502  00  01T028M000  1.000
LYS01A0028_013  0.000-11.18  5.16  3.82  0.00 -2.20 0.502  00  01T02BM000  1.000
LYS01A0028_014  0.000-11.04  3.07  4.13  0.00 -3.85 0.502  00  01T032M000  1.000
LYS01A0028_015  0.000 -9.89  3.41  4.58  0.00 -1.90 0.502  00  01T050M000  1.000
LYS01A0028_016  0.000 -5.33  0.67  1.89  0.00 -2.77 0.504  00  01T061M000  1.000
LYS01A0028_017  0.000 -9.00  0.83  1.65  0.00 -6.51 0.502  00  01T067M000  1.000
LYS01A0028_018  0.000 -9.54  1.25  1.60  0.00 -6.69 0.502  00  01T06DM000  1.000
LYS01A0028_019  0.000 -8.92  1.48  2.56  0.00 -4.87 0.503  00  01T09FM000  1.000
LYS+1A0028_020  1.000-11.30  1.05  2.67  0.00 -7.58 0.503  00  +1O000M000  1.000
LYS+1A0028_021  1.000-11.37  1.29  1.61  0.00 -8.47 0.504  00  +1E002M000  1.000
LYS+1A0028_022  1.000 -9.31  1.15  2.26  0.00 -5.89 0.503  00  +1E011M000  1.000
LYS+1A0028_023  1.000-10.97  3.07  4.19  0.00 -3.70 0.502  00  +1E032M000  1.000
LYS+1A0028_024  1.000-11.64  5.25  1.18  0.00 -5.20 0.502  00  +1E03BM000  1.000
LYS+1A0028_025  1.000-10.10  2.40  1.64  0.00 -6.06 0.503  00  +1E04EM000  1.000
LYS+1A0028_026  1.000 -9.88  3.40  4.63  0.00 -1.85 0.502  00  +1E050M000  1.000
LYS+1A0028_027  1.000 -5.49  0.66  1.98  0.00 -2.85 0.504  00  +1E061M000  1.000
LYS+1A0028_028  1.000 -9.07  0.83  1.69  0.00 -6.54 0.502  00  +1E067M000  1.000
LYS+1A0028_029  1.000 -9.57  1.25  1.63  0.00 -6.69 0.502  00  +1E06DM000  1.000
LYS+1A0028_030  1.000 -9.80  2.98  4.11  0.00 -2.71 0.502  00  +1E07CM000  1.000
LYS+1A0028_031  1.000 -6.00  0.72  2.86  0.00 -2.42 0.503  00  +1E088M000  1.000
LYS+1A0028_032  1.000 -9.11  3.65  5.32  0.00 -0.14 0.502  00  +1E0AEM000  1.000
LYS+1A0028_033  1.000-11.33  0.95  1.12  0.00 -9.26 0.502  00  +1T028M000  1.000
LYS+1A0028_034  1.000-11.22  5.18  3.90  0.00 -2.14 0.502  00  +1T02BM000  1.000
LYS+1A0028_035  1.000 -9.34  1.22  1.60  0.00 -6.52 0.502  00  +1T047M000  1.000
LYS+1A0028_036  1.000-10.14  0.99  1.87  0.00 -7.28 0.504  00  +1T05AM000  1.000
LYS+1A0028_037  1.000-10.78  1.92  2.01  0.00 -6.86 0.502  00  +1T092M000  1.000
LYS+1A0028_038  1.000 -9.01  1.48  2.61  0.00 -4.92 0.503  00  +1T09FM000  1.000
