iConf CONFORMER     FL  occ    crg   Em0  pKa0 ne nH    vdw0    vdw1    tors    epol   dsolv   extra    history
00001 LYS01A0028_001 f 0.00  0.000     0  0.00  0  0 -11.251   1.154   2.668  -0.005  -0.537   0.000 01O000M000t
00002 LYS01A0028_002 f 0.00  0.000     0  0.00  0  0  -9.777   1.100   2.275  -0.005  -0.525   0.000 01E00CM000t
00003 LYS01A0028_003 f 0.00  0.000     0  0.00  0  0 -11.596   5.216   1.166  -0.007  -0.590   0.000 01E03BM000t
00004 LYS01A0028_004 f 0.00  0.000     0  0.00  0  0  -9.385   1.226   1.580  -0.006  -0.520   0.000 01E047M000t
00005 LYS01A0028_005 f 0.00  0.000     0  0.00  0  0  -9.890   2.352   1.599   0.002  -0.532   0.000 01E04EM000t
00006 LYS01A0028_006 f 0.00  0.000     0  0.00  0  0  -9.859   3.034   4.071  -0.005  -0.519   0.000 01E07CM000t
00007 LYS01A0028_007 f 0.00  0.000     0  0.00  0  0  -6.138   0.767   2.760   0.004  -0.475   0.000 01E088M000t
00008 LYS01A0028_008 f 0.00  0.000     0  0.00  0  0 -10.735   1.950   1.987  -0.019  -0.516   0.000 01E092M000t
00009 LYS01A0028_009 f 0.00  0.000     0  0.00  0  0  -9.024   3.636   5.274  -0.020  -0.502   0.000 01E0AEM000t
00010 LYS01A0028_010 f 0.00  0.000     0  0.00  0  0 -11.371   1.349   1.562   0.002  -0.499   0.000 01T002M000t
00011 LYS01A0028_011 f 0.00  0.000     0  0.00  0  0  -9.274   1.211   2.188   0.009  -0.555   0.000 01T011M000t
00012 LYS01A0028_012 f 0.00  0.000     0  0.00  0  0 -11.037   1.047   1.054  -0.003  -0.487   0.000 01T028M000t
00013 LYS01A0028_013 f 0.00  0.000     0  0.00  0  0 -11.181   5.224   3.826  -0.005  -0.498   0.000 01T02BM000t
00014 LYS01A0028_014 f 0.00  0.000     0  0.00  0  0 -11.044   3.126   4.129  -0.008  -0.524   0.000 01T032M000t
00015 LYS01A0028_015 f 0.00  0.000     0  0.00  0  0  -9.887   3.410   4.583   0.005  -0.531   0.000 01T050M000t
00016 LYS01A0028_016 f 0.00  0.000     0  0.00  0  0  -5.329   0.774   1.890  -0.020  -0.486   0.000 01T061M000t
00017 LYS01A0028_017 f 0.00  0.000     0  0.00  0  0  -8.952   0.931   1.655  -0.001  -0.499   0.000 01T067M000t
00018 LYS01A0028_018 f 0.00  0.000     0  0.00  0  0  -9.533   1.300   1.601  -0.004  -0.483   0.000 01T06DM000t
00019 LYS01A0028_019 f 0.00  0.000     0  0.00  0  0  -8.925   1.487   2.559  -0.009  -0.517   0.000 01T09FM000t
00020 LYS+1A0028_020 f 0.00  1.000     0 10.40  0  1 -11.295   1.153   2.668   0.019  -7.293   0.000 +1O000M000t
00021 LYS+1A0028_021 f 0.00  1.000     0 10.40  0  1 -11.370   1.345   1.608  -0.033  -7.315   0.000 +1E002M000t
00022 LYS+1A0028_022 f 0.00  1.000     0 10.40  0  1  -9.305   1.206   2.260  -0.056  -7.314   0.000 +1E011M000t
00023 LYS+1A0028_023 f 0.00  1.000     0 10.40  0  1 -10.964   3.123   4.193  -0.026  -7.234   0.000 +1E032M000t
00024 LYS+1A0028_024 f 0.00  1.000     0 10.40  0  1 -11.639   5.299   1.181   0.065  -7.360   0.000 +1E03BM000t
00025 LYS+1A0028_025 f 0.00  1.000     0 10.40  0  1 -10.104   2.398   1.640  -0.086  -7.193   0.000 +1E04EM000t
00026 LYS+1A0028_026 f 0.00  1.000     0 10.40  0  1  -9.869   3.395   4.636  -0.028  -7.271   0.000 +1E050M000t
00027 LYS+1A0028_027 f 0.00  1.000     0 10.40  0  1  -5.501   0.761   1.977  -0.026  -7.082   0.000 +1E061M000t
00028 LYS+1A0028_028 f 0.00  1.000     0 10.40  0  1  -9.075   0.932   1.693   0.006  -7.109   0.000 +1E067M000t
00029 LYS+1A0028_029 f 0.00  1.000     0 10.40  0  1  -9.572   1.302   1.633  -0.153  -7.139   0.000 +1E06DM000t
00030 LYS+1A0028_030 f 0.00  1.000     0 10.40  0  1  -9.801   3.042   4.110   0.026  -7.341   0.000 +1E07CM000t
00031 LYS+1A0028_031 f 0.00  1.000     0 10.40  0  1  -6.044   0.773   2.863   0.059  -7.104   0.000 +1E088M000t
00032 LYS+1A0028_032 f 0.00  1.000     0 10.40  0  1  -9.109   3.649   5.322   0.117  -7.191   0.000 +1E0AEM000t
00033 LYS+1A0028_033 f 0.00  1.000     0 10.40  0  1 -11.329   1.044   1.118   0.041  -7.222   0.000 +1T028M000t
00034 LYS+1A0028_034 f 0.00  1.000     0 10.40  0  1 -11.217   5.232   3.899   0.011  -7.337   0.000 +1T02BM000t
00035 LYS+1A0028_035 f 0.00  1.000     0 10.40  0  1  -9.332   1.219   1.597  -0.003  -7.160   0.000 +1T047M000t
00036 LYS+1A0028_036 f 0.00  1.000     0 10.40  0  1 -10.137   1.095   1.868   0.016  -7.377   0.000 +1T05AM000t
00037 LYS+1A0028_037 f 0.00  1.000     0 10.40  0  1 -10.783   1.965   2.006   0.119  -7.272   0.000 +1T092M000t
00038 LYS+1A0028_038 f 0.00  1.000     0 10.40  0  1  -9.003   1.486   2.612  -0.014  -7.249   0.000 +1T09FM000t
