   confID        vdw0    sas     sum
LYS01A0028_001   1.208 -12.459 -11.251
LYS01A0028_002   2.734 -12.511  -9.777
LYS01A0028_003   0.619 -12.215 -11.596
LYS01A0028_004   2.906 -12.290  -9.385
LYS01A0028_005   2.332 -12.222  -9.890
LYS01A0028_006   2.253 -12.112  -9.859
LYS01A0028_007   6.233 -12.371  -6.138
LYS01A0028_008   2.005 -12.740 -10.735
LYS01A0028_009   3.034 -12.058  -9.024
LYS01A0028_010   1.111 -12.482 -11.371
LYS01A0028_011   2.509 -11.784  -9.274
LYS01A0028_012   1.169 -12.206 -11.037
LYS01A0028_013   1.131 -12.312 -11.181
LYS01A0028_014   1.223 -12.267 -11.044
LYS01A0028_015   2.583 -12.470  -9.887
LYS01A0028_016   6.051 -11.380  -5.329
LYS01A0028_017   3.258 -12.210  -8.952
LYS01A0028_018   2.491 -12.024  -9.533
LYS01A0028_019   2.956 -11.881  -8.925
LYS+1A0028_020   1.164 -12.459 -11.295
LYS+1A0028_021   1.073 -12.443 -11.370
LYS+1A0028_022   2.547 -11.851  -9.305
LYS+1A0028_023   1.171 -12.135 -10.964
LYS+1A0028_024   0.576 -12.215 -11.639
LYS+1A0028_025   2.251 -12.354 -10.104
LYS+1A0028_026   2.530 -12.399  -9.869
LYS+1A0028_027   6.082 -11.583  -5.501
LYS+1A0028_028   3.203 -12.278  -9.075
LYS+1A0028_029   2.384 -11.956  -9.572
LYS+1A0028_030   2.195 -11.996  -9.801
LYS+1A0028_031   6.378 -12.423  -6.044
LYS+1A0028_032   3.001 -12.110  -9.109
LYS+1A0028_033   1.092 -12.422 -11.329
LYS+1A0028_034   1.057 -12.274 -11.217
LYS+1A0028_035   2.907 -12.239  -9.332
LYS+1A0028_036   2.402 -12.540 -10.137
LYS+1A0028_037   1.958 -12.740 -10.783
LYS+1A0028_038   2.916 -11.919  -9.003
