CONFORMER         crg  vdw0  vdw1  tors  epol  self   occ  Hb     history    ASA
GLU01A0135_001  0.000 -2.47  2.00  3.48  0.00  3.02 0.569  00  01O000M000  1.024
GLU01A0135_002  0.000 -3.14  1.89  3.37  0.00  2.12 0.571  00  01E002M000  1.000
GLU01A0135_003  0.000 -2.36  2.00  0.76  0.00  0.41 0.569  00  01O000M000  1.000
GLU01A0135_004  0.000 -3.76  2.12  3.76  0.00  2.12 0.574  00  01T003M000  1.000
GLU01A0135_005  0.000 -3.46  2.23  3.33  0.00  2.10 0.567  00  01T004M000  1.066
GLU01A0135_006  0.000 -4.28  2.63  4.21  0.00  2.56 0.573  00  01T005M000  1.038
GLU01A0135_007  0.000 -3.76  2.12  1.04  0.00 -0.60 0.574  00  01T003M000  1.000
GLU01A0135_008  0.000 -4.28  2.63  1.49  0.00 -0.16 0.573  00  01T005M000  1.038
GLU02A0135_009  0.000 -2.95  2.01  3.48  0.00  2.54 0.569  00  02O000M000  1.016
GLU02A0135_010  0.000 -2.97  1.88  3.36  0.00  2.27 0.571  00  02E002M000  1.011
GLU02A0135_011  0.000 -3.08  1.66  3.46  0.00  2.05 0.572  00  02E006M000  1.000
GLU02A0135_012  0.000 -2.88  2.01  0.76  0.00 -0.11 0.569  00  02O000M000  1.000
GLU02A0135_013  0.000 -3.37  2.21  3.32  0.00  2.17 0.567  00  02T004M000  1.079
GLU02A0135_014  0.000 -4.40  2.67  4.11  0.00  2.39 0.573  00  02T005M000  1.055
GLU02A0135_015  0.000 -3.33  2.21  0.60  0.00 -0.52 0.567  00  02T004M000  1.071
GLU02A0135_016  0.000 -4.26  2.67  1.39  0.00 -0.19 0.573  00  02T005M000  1.025
GLU-1A0135_017 -1.000 -2.96  2.02  0.76  0.00 -0.17 0.569  00  -1O000M000  1.015
GLU-1A0135_018 -1.000 -3.87  2.14  1.00  0.00 -0.74 0.574  00  -1E003M000  1.008
GLU-1A0135_019 -1.000 -3.13  1.67  0.69  0.00 -0.76 0.572  00  -1E006M000  1.000
