iConf CONFORMER     FL  occ    crg   Em0  pKa0 ne nH    vdw0    vdw1    tors    epol   dsolv   extra    history
00001 GLU01A0135_001 f 0.00  0.000     0  0.00  0  0  -2.464   2.004   3.482   0.045  -2.184   0.000 01O000M000t
00002 GLU01A0135_002 f 0.00  0.000     0  0.00  0  0  -3.146   1.894   3.371   0.032  -2.368   0.000 01E002M000t
00003 GLU01A0135_003 f 0.00  0.000     0  0.00  0  0  -2.359   2.004   0.762   0.021  -1.571   0.000 01O000M000t
00004 GLU01A0135_004 f 0.00  0.000     0  0.00  0  0  -3.769   2.117   3.760   0.076  -2.262   0.000 01T003M000t
00005 GLU01A0135_005 f 0.00  0.000     0  0.00  0  0  -3.456   2.227   3.335   0.064  -2.313   0.000 01T004M000t
00006 GLU01A0135_006 f 0.00  0.000     0  0.00  0  0  -4.282   2.639   4.208   0.196  -2.093   0.000 01T005M000t
00007 GLU01A0135_007 f 0.00  0.000     0  0.00  0  0  -3.769   2.117   1.040   0.040  -1.568   0.000 01T003M000t
00008 GLU01A0135_008 f 0.00  0.000     0  0.00  0  0  -4.282   2.639   1.488   0.038  -1.542   0.000 01T005M000t
00009 GLU02A0135_009 f 0.00  0.000     0  0.00  0  0  -2.949   2.013   3.482   0.050  -2.391   0.000 02O000M000t
00010 GLU02A0135_010 f 0.00  0.000     0  0.00  0  0  -2.968   1.880   3.360   0.065  -2.292   0.000 02E002M000t
00011 GLU02A0135_011 f 0.00  0.000     0  0.00  0  0  -3.075   1.671   3.461   0.060  -2.209   0.000 02E006M000t
00012 GLU02A0135_012 f 0.00  0.000     0  0.00  0  0  -2.879   2.013   0.762   0.029  -1.591   0.000 02O000M000t
00013 GLU02A0135_013 f 0.00  0.000     0  0.00  0  0  -3.372   2.213   3.323   0.037  -2.272   0.000 02T004M000t
00014 GLU02A0135_014 f 0.00  0.000     0  0.00  0  0  -4.397   2.673   4.113   0.020  -2.345   0.000 02T005M000t
00015 GLU02A0135_015 f 0.00  0.000     0  0.00  0  0  -3.338   2.213   0.603   0.034  -1.610   0.000 02T004M000t
00016 GLU02A0135_016 f 0.00  0.000     0  0.00  0  0  -4.255   2.673   1.393   0.017  -1.534   0.000 02T005M000t
00017 GLU-1A0135_017 f 0.00 -1.000     0  4.75  0 -1  -2.957   2.024   0.762  -0.043 -13.196   0.000 -1O000M000t
00018 GLU-1A0135_018 f 0.00 -1.000     0  4.75  0 -1  -3.869   2.133   0.999  -0.022 -13.250   0.000 -1E003M000t
00019 GLU-1A0135_019 f 0.00 -1.000     0  4.75  0 -1  -3.127   1.675   0.693  -0.067 -13.116   0.000 -1E006M000t
