   confID        vdw0    sas     sum
GLU01A0135_001   2.093  -4.557  -2.464
GLU01A0135_002   1.287  -4.433  -3.146
GLU01A0135_003   2.093  -4.452  -2.359
GLU01A0135_004   0.686  -4.455  -3.769
GLU01A0135_005   1.306  -4.761  -3.456
GLU01A0135_006   0.512  -4.794  -4.282
GLU01A0135_007   0.686  -4.455  -3.769
GLU01A0135_008   0.512  -4.794  -4.282
GLU02A0135_009   1.680  -4.629  -2.949
GLU02A0135_010   1.510  -4.478  -2.968
GLU02A0135_011   1.604  -4.680  -3.075
GLU02A0135_012   1.680  -4.558  -2.879
GLU02A0135_013   1.644  -5.016  -3.372
GLU02A0135_014   0.538  -4.935  -4.397
GLU02A0135_015   1.644  -4.981  -3.338
GLU02A0135_016   0.538  -4.793  -4.255
GLU-1A0135_017   1.612  -4.569  -2.957
GLU-1A0135_018   0.553  -4.422  -3.869
GLU-1A0135_019   1.273  -4.400  -3.127
