iConf CONFORMER     FL  occ    crg   Em0  pKa0 ne nH    vdw0    vdw1    tors    epol   dsolv   extra    history
00001 ARG01A0081_001 f 0.00  0.000     0  0.00  0  0 -13.628   1.080   0.842  -0.000  -1.332   0.000 01O000M000t
00002 ARG01A0081_002 f 0.00  0.000     0  0.00  0  0 -12.585   1.805   1.401  -0.002  -1.319   0.000 01E04CM000t
00003 ARG01A0081_003 f 0.00  0.000     0  0.00  0  0 -12.487   6.122   1.041   0.059  -1.265   0.000 01E058M000t
00004 ARG01A0081_004 f 0.00  0.000     0  0.00  0  0 -11.663   1.684   1.170   0.014  -1.262   0.000 01E05BM000t
00005 ARG01A0081_005 f 0.00  0.000     0  0.00  0  0 -11.996   0.861   0.616  -0.001  -1.253   0.000 01E071M000t
00006 ARG01A0081_006 f 0.00  0.000     0  0.00  0  0 -10.849   2.215   1.179   0.009  -1.282   0.000 01E0B0M000t
00007 ARG01A0081_007 f 0.00  0.000     0  0.00  0  0 -10.397   3.047   1.251  -0.112  -1.113   0.000 01E0BAM000t
00008 ARG01A0081_008 f 0.00  0.000     0  0.00  0  0 -10.928   2.097   6.228  -0.003  -1.271   0.000 01E0D7M000t
00009 ARG01A0081_009 f 0.00  0.000     0  0.00  0  0  -8.883   1.010   3.483  -0.046  -1.232   0.000 01E0E3M000t
00010 ARG01A0081_010 f 0.00  0.000     0  0.00  0  0 -11.525   1.091   5.855   0.062  -1.246   0.000 01E0E5M000t
00011 ARG01A0081_011 f 0.00  0.000     0  0.00  0  0 -13.232   0.810   0.659  -0.003  -1.267   0.000 01T00FM000t
00012 ARG01A0081_012 f 0.00  0.000     0  0.00  0  0 -11.345   1.472   3.199   0.001  -1.229   0.000 01T010M000t
00013 ARG01A0081_013 f 0.00  0.000     0  0.00  0  0 -11.226   1.317   3.212   0.004  -1.226   0.000 01T015M000t
00014 ARG01A0081_014 f 0.00  0.000     0  0.00  0  0 -13.097   1.480   3.324  -0.012  -1.299   0.000 01T017M000t
00015 ARG01A0081_015 f 0.00  0.000     0  0.00  0  0 -13.228   1.538   6.501   0.011  -1.292   0.000 01T03EM000t
00016 ARG01A0081_016 f 0.00  0.000     0  0.00  0  0 -12.021   1.160   3.669   0.028  -1.265   0.000 01T068M000t
00017 ARG01A0081_017 f 0.00  0.000     0  0.00  0  0 -10.271   2.530   3.499   0.012  -1.237   0.000 01T097M000t
00018 ARG01A0081_018 f 0.00  0.000     0  0.00  0  0 -10.970   1.679   3.429  -0.006  -1.216   0.000 01T0BDM000t
00019 ARG01A0081_019 f 0.00  0.000     0  0.00  0  0 -11.253   4.413   1.334  -0.015  -1.292   0.000 01T0D0M000t
00020 ARG01A0081_020 f 0.00  0.000     0  0.00  0  0 -10.531   1.999   6.253   0.014  -1.283   0.000 01T0D8M000t
00021 ARG02A0081_021 f 0.00  0.000     0  0.00  0  0 -12.197   2.205   1.227  -0.001  -1.046   0.000 02E04CM000t
00022 ARG02A0081_022 f 0.00  0.000     0  0.00  0  0 -12.248   1.154   3.668   0.039  -1.061   0.000 02E068M000t
00023 ARG02A0081_023 f 0.00  0.000     0  0.00  0  0 -11.470   5.217   1.172   0.019  -1.142   0.000 02E0D0M000t
00024 ARG02A0081_024 f 0.00  0.000     0  0.00  0  0 -13.604   1.078   0.842   0.015  -1.243   0.000 02O000M000t
00025 ARG02A0081_025 f 0.00  0.000     0  0.00  0  0 -13.493   1.341   5.587   0.015  -1.124   0.000 02T03EM000t
00026 ARG02A0081_026 f 0.00  0.000     0  0.00  0  0 -10.344   3.749   1.137  -0.091  -0.989   0.000 02T0BAM000t
00027 ARG02A0081_027 f 0.00  0.000     0  0.00  0  0 -13.298   0.888   0.591   0.013  -1.087   0.000 02T00FM000t
00028 ARG02A0081_028 f 0.00  0.000     0  0.00  0  0 -10.577   2.344   1.175   0.022  -1.094   0.000 02T0B0M000t
00029 ARG02A0081_029 f 0.00  0.000     0  0.00  0  0 -11.529   1.093   5.776   0.050  -1.033   0.000 02T0E5M000t
00030 ARG02A0081_030 f 0.00  0.000     0  0.00  0  0 -11.625   1.682   1.152   0.017  -1.181   0.000 02T05BM000t
00031 ARG02A0081_031 f 0.00  0.000     0  0.00  0  0 -12.054   0.855   0.608  -0.003  -1.179   0.000 02T071M000t
00032 ARG02A0081_032 f 0.00  0.000     0  0.00  0  0 -11.032   2.087   6.196   0.017  -1.164   0.000 02T0D7M000t
00033 ARG02A0081_033 f 0.00  0.000     0  0.00  0  0  -9.965   0.907   2.544   0.013  -1.172   0.000 02T010M000t
00034 ARG02A0081_034 f 0.00  0.000     0  0.00  0  0  -9.858   1.491   2.534   0.010  -1.157   0.000 02T015M000t
00035 ARG02A0081_035 f 0.00  0.000     0  0.00  0  0 -12.814   1.386   2.487   0.011  -1.196   0.000 02T017M000t
00036 ARG02A0081_036 f 0.00  0.000     0  0.00  0  0 -12.154   6.280   1.018   0.086  -1.176   0.000 02T058M000t
00037 ARG02A0081_037 f 0.00  0.000     0  0.00  0  0 -10.179   2.308   3.451   0.009  -1.130   0.000 02T097M000t
00038 ARG02A0081_038 f 0.00  0.000     0  0.00  0  0 -10.515   1.535   3.380   0.009  -1.163   0.000 02T0BDM000t
00039 ARG02A0081_039 f 0.00  0.000     0  0.00  0  0 -10.691   2.026   6.220  -0.003  -1.138   0.000 02T0D8M000t
00040 ARG02A0081_040 f 0.00  0.000     0  0.00  0  0  -9.045   0.998   3.477   0.010  -1.118   0.000 02T0E3M000t
00041 ARG03A0081_041 f 0.00  0.000     0  0.00  0  0 -13.670   1.077   0.842   0.016  -1.111   0.000 03O000M000t
00042 ARG03A0081_042 f 0.00  0.000     0  0.00  0  0  -9.957   0.906   2.507   0.020  -1.099   0.000 03E010M000t
00043 ARG03A0081_043 f 0.00  0.000     0  0.00  0  0 -12.181   6.264   1.016   0.073  -1.073   0.000 03E058M000t
00044 ARG03A0081_044 f 0.00  0.000     0  0.00  0  0 -12.119   1.154   3.661   0.034  -1.064   0.000 03E068M000t
00045 ARG03A0081_045 f 0.00  0.000     0  0.00  0  0 -10.040   1.491   2.489   0.013  -1.134   0.000 03E015M000t
00046 ARG03A0081_046 f 0.00  0.000     0  0.00  0  0 -12.183   2.219   1.229  -0.001  -1.148   0.000 03T04CM000t
00047 ARG03A0081_047 f 0.00  0.000     0  0.00  0  0 -11.672   1.673   1.153   0.020  -1.067   0.000 03T05BM000t
00048 ARG03A0081_048 f 0.00  0.000     0  0.00  0  0 -12.177   0.858   0.608   0.004  -1.074   0.000 03T071M000t
00049 ARG03A0081_049 f 0.00  0.000     0  0.00  0  0 -10.262   2.286   3.443   0.016  -1.040   0.000 03T097M000t
00050 ARG03A0081_050 f 0.00  0.000     0  0.00  0  0 -10.638   1.475   3.397   0.012  -1.053   0.000 03T0BDM000t
00051 ARG03A0081_051 f 0.00  0.000     0  0.00  0  0 -11.503   5.269   1.165   0.015  -1.128   0.000 03T0D0M000t
00052 ARG03A0081_052 f 0.00  0.000     0  0.00  0  0 -11.551   1.097   5.770   0.053  -1.032   0.000 03T0E5M000t
00053 ARG03A0081_053 f 0.00  0.000     0  0.00  0  0 -13.613   1.337   5.513   0.016  -1.071   0.000 03T03EM000t
00054 ARG03A0081_054 f 0.00  0.000     0  0.00  0  0 -10.751   2.007   6.221   0.007  -1.053   0.000 03T0D8M000t
00055 ARG03A0081_055 f 0.00  0.000     0  0.00  0  0 -10.278   3.715   1.125  -0.129  -1.017   0.000 03T0BAM000t
00056 ARG03A0081_056 f 0.00  0.000     0  0.00  0  0 -13.314   0.884   0.579   0.007  -1.140   0.000 03T00FM000t
00057 ARG03A0081_057 f 0.00  0.000     0  0.00  0  0 -12.901   1.369   2.386   0.002  -1.174   0.000 03T017M000t
00058 ARG03A0081_058 f 0.00  0.000     0  0.00  0  0 -10.591   2.333   1.171   0.022  -1.130   0.000 03T0B0M000t
00059 ARG03A0081_059 f 0.00  0.000     0  0.00  0  0 -11.075   2.091   6.189  -0.001  -1.133   0.000 03T0D7M000t
00060 ARG03A0081_060 f 0.00  0.000     0  0.00  0  0  -8.886   0.980   3.486  -0.006  -1.063   0.000 03T0E3M000t
00061 ARG+1A0081_061 f 0.00  1.000     0 12.50  0  1 -13.708   1.077   0.842   0.056  -4.915   0.000 +1O000M000t
00062 ARG+1A0081_062 f 0.00  1.000     0 12.50  0  1  -9.950   0.901   2.580   0.053  -4.758   0.000 +1E010M000t
00063 ARG+1A0081_063 f 0.00  1.000     0 12.50  0  1 -12.289   2.211   1.234   0.052  -4.942   0.000 +1E04CM000t
00064 ARG+1A0081_064 f 0.00  1.000     0 12.50  0  1 -12.125   0.856   0.616   0.054  -4.838   0.000 +1E071M000t
00065 ARG+1A0081_065 f 0.00  1.000     0 12.50  0  1 -10.713   2.323   1.181   0.069  -4.812   0.000 +1E0B0M000t
00066 ARG+1A0081_066 f 0.00  1.000     0 12.50  0  1 -10.397   3.743   1.146   0.133  -4.744   0.000 +1E0BAM000t
00067 ARG+1A0081_067 f 0.00  1.000     0 12.50  0  1 -10.699   1.496   3.404   0.086  -4.889   0.000 +1E0BDM000t
00068 ARG+1A0081_068 f 0.00  1.000     0 12.50  0  1 -10.818   1.996   6.231   0.013  -4.836   0.000 +1E0D8M000t
00069 ARG+1A0081_069 f 0.00  1.000     0 12.50  0  1 -13.297   0.887   0.591   0.061  -4.819   0.000 +1T00FM000t
00070 ARG+1A0081_070 f 0.00  1.000     0 12.50  0  1  -9.989   1.493   2.570   0.060  -4.763   0.000 +1T015M000t
00071 ARG+1A0081_071 f 0.00  1.000     0 12.50  0  1 -12.918   1.381   2.500   0.075  -4.832   0.000 +1T017M000t
00072 ARG+1A0081_072 f 0.00  1.000     0 12.50  0  1 -13.582   1.341   5.594   0.095  -4.837   0.000 +1T03EM000t
00073 ARG+1A0081_073 f 0.00  1.000     0 12.50  0  1 -12.288   6.279   1.021   0.145  -4.846   0.000 +1T058M000t
00074 ARG+1A0081_074 f 0.00  1.000     0 12.50  0  1 -11.705   1.681   1.165   0.058  -4.862   0.000 +1T05BM000t
00075 ARG+1A0081_075 f 0.00  1.000     0 12.50  0  1 -12.191   1.160   3.664   0.076  -4.850   0.000 +1T068M000t
00076 ARG+1A0081_076 f 0.00  1.000     0 12.50  0  1 -10.259   2.296   3.463   0.054  -4.811   0.000 +1T097M000t
00077 ARG+1A0081_077 f 0.00  1.000     0 12.50  0  1 -11.599   5.282   1.174   0.042  -4.819   0.000 +1T0D0M000t
00078 ARG+1A0081_078 f 0.00  1.000     0 12.50  0  1 -11.128   2.091   6.199  -0.004  -4.867   0.000 +1T0D7M000t
00079 ARG+1A0081_079 f 0.00  1.000     0 12.50  0  1  -9.023   0.980   3.485   0.163  -4.860   0.000 +1T0E3M000t
00080 ARG+1A0081_080 f 0.00  1.000     0 12.50  0  1 -11.635   1.096   5.781   0.137  -4.789   0.000 +1T0E5M000t
