CONFORMER         crg  vdw0  vdw1  tors  epol  self   occ  Hb     history    ASA
ARG01A0081_001  0.000-13.63  0.98  0.84  0.00-11.81 0.502  00  01O000M000  1.000
ARG01A0081_002  0.000-12.58  1.75  1.40  0.00 -9.43 0.502  00  01E04CM000  1.000
ARG01A0081_003  0.000-12.49  6.12  1.04  0.00 -5.32 0.502  00  01E058M000  1.000
ARG01A0081_004  0.000-11.67  1.68  1.17  0.00 -8.81 0.502  00  01E05BM000  1.000
ARG01A0081_005  0.000-11.99  0.76  0.61  0.00-10.61 0.502  00  01E071M000  1.000
ARG01A0081_006  0.000-10.84  2.16  1.18  0.00 -7.50 0.502  00  01E0B0M000  1.000
ARG01A0081_007  0.000-10.40  3.04  1.25  0.00 -6.10 0.501  00  01E0BAM000  1.000
ARG01A0081_008  0.000-10.93  2.10  6.23  0.00 -2.60 0.502  00  01E0D7M000  1.000
ARG01A0081_009  0.000 -8.89  1.01  3.48  0.00 -4.40 0.502  00  01E0E3M000  1.000
ARG01A0081_010  0.000-11.49  1.09  5.85  0.00 -4.54 0.502  00  01E0E5M000  1.000
ARG01A0081_011  0.000-13.23  0.71  0.66  0.00-11.87 0.502  00  01T00FM000  1.000
ARG01A0081_012  0.000-11.34  1.36  3.21  0.00 -6.77 0.502  00  01T010M000  1.000
ARG01A0081_013  0.000-11.22  1.26  3.21  0.00 -6.76 0.502  00  01T015M000  1.000
ARG01A0081_014  0.000-13.10  1.43  3.33  0.00 -8.35 0.502  00  01T017M000  1.000
ARG01A0081_015  0.000-13.23  1.54  6.51  0.00 -5.18 0.502  00  01T03EM000  1.000
ARG01A0081_016  0.000-12.08  1.16  3.67  0.00 -7.25 0.502  00  01T068M000  1.000
ARG01A0081_017  0.000-10.28  2.48  3.50  0.00 -4.29 0.502  00  01T097M000  1.000
ARG01A0081_018  0.000-10.97  1.68  3.43  0.00 -5.86 0.502  00  01T0BDM000  1.000
ARG01A0081_019  0.000-11.25  4.34  1.33  0.00 -5.58 0.502  00  01T0D0M000  1.000
ARG01A0081_020  0.000-10.53  2.00  6.25  0.00 -2.27 0.502  00  01T0D8M000  1.000
ARG02A0081_021  0.000-12.20  2.15  1.23  0.00 -8.82 0.502  00  02E04CM000  1.000
ARG02A0081_022  0.000-12.20  1.16  3.67  0.00 -7.37 0.502  00  02E068M000  1.000
ARG02A0081_023  0.000-11.46  5.15  1.17  0.00 -5.14 0.502  00  02E0D0M000  1.000
ARG02A0081_024  0.000-13.60  0.98  0.84  0.00-11.79 0.502  00  02O000M000  1.000
ARG02A0081_025  0.000-13.50  1.34  5.59  0.00 -6.57 0.502  00  02T03EM000  1.000
ARG02A0081_026  0.000-10.35  3.75  1.14  0.00 -5.46 0.501  00  02T0BAM000  1.000
ARG02A0081_027  0.000-13.29  0.79  0.59  0.00-11.91 0.502  00  02T00FM000  1.000
ARG02A0081_028  0.000-10.58  2.29  1.17  0.00 -7.12 0.502  00  02T0B0M000  1.000
ARG02A0081_029  0.000-11.53  1.10  5.78  0.00 -4.66 0.502  00  02T0E5M000  1.000
ARG02A0081_030  0.000-11.63  1.68  1.15  0.00 -8.80 0.502  00  02T05BM000  1.000
ARG02A0081_031  0.000-12.06  0.75  0.61  0.00-10.70 0.502  00  02T071M000  1.000
ARG02A0081_032  0.000-11.03  2.09  6.20  0.00 -2.75 0.502  00  02T0D7M000  1.000
ARG02A0081_033  0.000 -9.96  0.80  2.54  0.00 -6.61 0.502  00  02T010M000  1.000
ARG02A0081_034  0.000 -9.85  1.44  2.54  0.00 -5.88 0.502  00  02T015M000  1.000
ARG02A0081_035  0.000-12.82  1.33  2.49  0.00 -9.00 0.502  00  02T017M000  1.000
ARG02A0081_036  0.000-12.15  6.28  1.02  0.00 -4.86 0.502  00  02T058M000  1.000
ARG02A0081_037  0.000-10.19  2.26  3.45  0.00 -4.48 0.502  00  02T097M000  1.000
ARG02A0081_038  0.000-10.52  1.53  3.38  0.00 -5.61 0.502  00  02T0BDM000  1.000
ARG02A0081_039  0.000-10.69  2.03  6.22  0.00 -2.44 0.502  00  02T0D8M000  1.000
ARG02A0081_040  0.000 -9.05  1.00  3.47  0.00 -4.58 0.502  00  02T0E3M000  1.000
ARG03A0081_041  0.000-13.67  0.97  0.84  0.00-11.85 0.502  00  03O000M000  1.000
ARG03A0081_042  0.000 -9.96  0.80  2.51  0.00 -6.65 0.502  00  03E010M000  1.000
ARG03A0081_043  0.000-12.19  6.27  1.02  0.00 -4.90 0.502  00  03E058M000  1.000
ARG03A0081_044  0.000-12.12  1.16  3.66  0.00 -7.30 0.502  00  03E068M000  1.000
ARG03A0081_045  0.000-10.04  1.43  2.49  0.00 -6.12 0.502  00  03E015M000  1.000
ARG03A0081_046  0.000-12.19  2.17  1.23  0.00 -8.79 0.502  00  03T04CM000  1.000
ARG03A0081_047  0.000-11.67  1.68  1.15  0.00 -8.84 0.502  00  03T05BM000  1.000
ARG03A0081_048  0.000-12.17  0.75  0.61  0.00-10.81 0.502  00  03T071M000  1.000
ARG03A0081_049  0.000-10.28  2.24  3.44  0.00 -4.59 0.502  00  03T097M000  1.000
ARG03A0081_050  0.000-10.63  1.47  3.40  0.00 -5.76 0.502  00  03T0BDM000  1.000
ARG03A0081_051  0.000-11.50  5.21  1.16  0.00 -5.13 0.502  00  03T0D0M000  1.000
ARG03A0081_052  0.000-11.55  1.10  5.77  0.00 -4.68 0.502  00  03T0E5M000  1.000
ARG03A0081_053  0.000-13.55  1.34  5.51  0.00 -6.69 0.502  00  03T03EM000  1.000
ARG03A0081_054  0.000-10.74  2.01  6.22  0.00 -2.51 0.502  00  03T0D8M000  1.000
ARG03A0081_055  0.000-10.27  3.72  1.12  0.00 -5.43 0.501  00  03T0BAM000  1.000
ARG03A0081_056  0.000-13.38  0.78  0.58  0.00-12.02 0.502  00  03T00FM000  1.000
ARG03A0081_057  0.000-12.90  1.32  2.38  0.00 -9.20 0.502  00  03T017M000  1.000
ARG03A0081_058  0.000-10.59  2.28  1.17  0.00 -7.14 0.502  00  03T0B0M000  1.000
ARG03A0081_059  0.000-11.07  2.10  6.19  0.00 -2.79 0.502  00  03T0D7M000  1.000
ARG03A0081_060  0.000 -8.89  0.98  3.48  0.00 -4.42 0.502  00  03T0E3M000  1.000
ARG+1A0081_061  1.000-13.71  0.97  0.84  0.00-11.89 0.502  00  +1O000M000  1.000
ARG+1A0081_062  1.000 -9.95  0.80  2.58  0.00 -6.57 0.502  00  +1E010M000  1.000
ARG+1A0081_063  1.000-12.23  2.16  1.24  0.00 -8.83 0.502  00  +1E04CM000  1.000
ARG+1A0081_064  1.000-12.09  0.75  0.61  0.00-10.72 0.502  00  +1E071M000  1.000
ARG+1A0081_065  1.000-10.65  2.28  1.18  0.00 -7.19 0.502  00  +1E0B0M000  1.000
ARG+1A0081_066  1.000-10.40  3.75  1.15  0.00 -5.51 0.501  00  +1E0BAM000  1.000
ARG+1A0081_067  1.000-10.70  1.49  3.40  0.00 -5.80 0.502  00  +1E0BDM000  1.000
ARG+1A0081_068  1.000-10.82  2.00  6.23  0.00 -2.58 0.502  00  +1E0D8M000  1.000
ARG+1A0081_069  1.000-13.29  0.79  0.59  0.00-11.91 0.502  00  +1T00FM000  1.000
ARG+1A0081_070  1.000 -9.98  1.44  2.57  0.00 -5.97 0.502  00  +1T015M000  1.000
ARG+1A0081_071  1.000-12.92  1.33  2.50  0.00 -9.09 0.502  00  +1T017M000  1.000
ARG+1A0081_072  1.000-13.58  1.34  5.59  0.00 -6.65 0.502  00  +1T03EM000  1.000
ARG+1A0081_073  1.000-12.29  6.27  1.02  0.00 -5.00 0.502  00  +1T058M000  1.000
ARG+1A0081_074  1.000-11.71  1.68  1.17  0.00 -8.87 0.502  00  +1T05BM000  1.000
ARG+1A0081_075  1.000-12.19  1.16  3.66  0.00 -7.36 0.502  00  +1T068M000  1.000
ARG+1A0081_076  1.000-10.26  2.25  3.46  0.00 -4.55 0.502  00  +1T097M000  1.000
ARG+1A0081_077  1.000-11.59  5.21  1.17  0.00 -5.20 0.502  00  +1T0D0M000  1.000
ARG+1A0081_078  1.000-11.07  2.09  6.20  0.00 -2.77 0.502  00  +1T0D7M000  1.000
ARG+1A0081_079  1.000 -9.03  0.98  3.48  0.00 -4.56 0.502  00  +1T0E3M000  1.000
ARG+1A0081_080  1.000-11.63  1.10  5.78  0.00 -4.75 0.502  00  +1T0E5M000  1.000
