   confID        vdw0    sas     sum
ARG01A0081_001   1.187 -14.814 -13.628
ARG01A0081_002   2.259 -14.843 -12.585
ARG01A0081_003   2.347 -14.834 -12.487
ARG01A0081_004   2.552 -14.215 -11.663
ARG01A0081_005   2.452 -14.447 -11.996
ARG01A0081_006   3.597 -14.445 -10.849
ARG01A0081_007   3.480 -13.878 -10.397
ARG01A0081_008   4.028 -14.956 -10.928
ARG01A0081_009   4.580 -13.463  -8.883
ARG01A0081_010   2.645 -14.170 -11.525
ARG01A0081_011   1.461 -14.692 -13.232
ARG01A0081_012   2.591 -13.935 -11.345
ARG01A0081_013   2.580 -13.807 -11.226
ARG01A0081_014   1.273 -14.370 -13.097
ARG01A0081_015   1.346 -14.574 -13.228
ARG01A0081_016   2.451 -14.472 -12.021
ARG01A0081_017   3.333 -13.604 -10.271
ARG01A0081_018   3.166 -14.137 -10.970
ARG01A0081_019   2.693 -13.946 -11.253
ARG01A0081_020   3.300 -13.831 -10.531
ARG02A0081_021   2.496 -14.693 -12.197
ARG02A0081_022   2.279 -14.527 -12.248
ARG02A0081_023   2.817 -14.287 -11.470
ARG02A0081_024   1.211 -14.814 -13.604
ARG02A0081_025   1.572 -15.065 -13.493
ARG02A0081_026   3.553 -13.897 -10.344
ARG02A0081_027   1.284 -14.583 -13.298
ARG02A0081_028   3.666 -14.242 -10.577
ARG02A0081_029   2.629 -14.158 -11.529
ARG02A0081_030   2.590 -14.215 -11.625
ARG02A0081_031   2.461 -14.515 -12.054
ARG02A0081_032   4.020 -15.052 -11.032
ARG02A0081_033   4.402 -14.367  -9.965
ARG02A0081_034   4.368 -14.225  -9.858
ARG02A0081_035   1.592 -14.407 -12.814
ARG02A0081_036   2.365 -14.519 -12.154
ARG02A0081_037   3.454 -13.633 -10.179
ARG02A0081_038   3.470 -13.985 -10.515
ARG02A0081_039   3.497 -14.188 -10.691
ARG02A0081_040   4.402 -13.447  -9.045
ARG03A0081_041   1.145 -14.814 -13.670
ARG03A0081_042   4.298 -14.255  -9.957
ARG03A0081_043   2.338 -14.519 -12.181
ARG03A0081_044   2.404 -14.523 -12.119
ARG03A0081_045   4.233 -14.273 -10.040
ARG03A0081_046   2.514 -14.696 -12.183
ARG03A0081_047   2.544 -14.215 -11.672
ARG03A0081_048   2.402 -14.579 -12.177
ARG03A0081_049   3.452 -13.714 -10.262
ARG03A0081_050   3.482 -14.120 -10.638
ARG03A0081_051   2.836 -14.338 -11.503
ARG03A0081_052   2.607 -14.158 -11.551
ARG03A0081_053   1.547 -15.161 -13.613
ARG03A0081_054   3.440 -14.191 -10.751
ARG03A0081_055   3.491 -13.768 -10.278
ARG03A0081_056   1.282 -14.596 -13.314
ARG03A0081_057   1.503 -14.403 -12.901
ARG03A0081_058   3.655 -14.246 -10.591
ARG03A0081_059   3.994 -15.069 -11.075
ARG03A0081_060   4.525 -13.411  -8.886
ARG+1A0081_061   1.106 -14.814 -13.708
ARG+1A0081_062   4.353 -14.303  -9.950
ARG+1A0081_063   2.472 -14.761 -12.289
ARG+1A0081_064   2.390 -14.515 -12.125
ARG+1A0081_065   3.645 -14.358 -10.713
ARG+1A0081_066   3.500 -13.897 -10.397
ARG+1A0081_067   3.421 -14.120 -10.699
ARG+1A0081_068   3.437 -14.255 -10.818
ARG+1A0081_069   1.234 -14.531 -13.297
ARG+1A0081_070   4.301 -14.290  -9.989
ARG+1A0081_071   1.492 -14.410 -12.918
ARG+1A0081_072   1.531 -15.113 -13.582
ARG+1A0081_073   2.295 -14.583 -12.288
ARG+1A0081_074   2.510 -14.215 -11.705
ARG+1A0081_075   2.333 -14.523 -12.191
ARG+1A0081_076   3.387 -13.646 -10.259
ARG+1A0081_077   2.788 -14.386 -11.599
ARG+1A0081_078   3.940 -15.069 -11.128
ARG+1A0081_079   4.492 -13.514  -9.023
ARG+1A0081_080   2.587 -14.222 -11.635
