CONFORMER         crg  vdw0  vdw1  tors  epol  self   occ  Hb     history    ASA
LYS01A0064_001  0.000-11.13  1.08  3.28  0.00 -6.78 0.502  00  01O000M000  1.000
LYS01A0064_002  0.000-10.33  0.52  6.05  0.00 -3.76 0.501  00  01O001M000  1.000
LYS01A0064_003  0.000-11.34  4.82  2.44  0.00 -4.08 0.502  00  01E008M000  1.000
LYS01A0064_004  0.000 -9.47  0.96  5.43  0.00 -3.08 0.501  00  01E031M000  1.000
LYS01A0064_005  0.000-10.42  5.59  3.38  0.00 -1.45 0.501  00  01E0C9M000  1.000
LYS01A0064_006  0.000-10.89  0.56  2.23  0.00 -8.10 0.502  00  01E0D3M000  1.000
LYS01A0064_007  0.000 -7.83  0.43  1.68  0.00 -5.71 0.501  00  01E0D4M000  1.000
LYS01A0064_008  0.000-11.18  0.55  3.74  0.00 -6.89 0.502  00  01E105M000  1.000
LYS01A0064_009  0.000 -7.20  0.38  2.19  0.00 -4.63 0.501  00  01E10DM000  1.000
LYS01A0064_010  0.000 -9.69  0.18  2.64  0.00 -6.87 0.501  00  01E123M000  1.000
LYS01A0064_011  0.000-11.67  7.02  4.43  0.00 -0.22 0.501  00  01T014M000  1.000
LYS01A0064_012  0.000 -9.82  2.00  2.68  0.00 -5.14 0.502  00  01T049M000  1.000
LYS01A0064_013  0.000-11.10  0.91  2.23  0.00 -7.96 0.501  00  01T04DM000  1.000
LYS01A0064_014  0.000-12.00  5.91  1.31  0.00 -4.78 0.501  00  01T096M000  1.000
LYS01A0064_015  0.000-10.24  2.31  1.92  0.00 -6.01 0.502  00  01T099M000  1.000
LYS01A0064_016  0.000-10.41  0.72  4.33  0.00 -5.36 0.501  00  01T0FBM000  1.000
LYS01A0064_017  0.000-10.08  0.01  2.59  0.00 -7.47 0.501  00  01T121M000  1.000
LYS01A0064_018  0.000 -6.83  0.08  2.71  0.00 -4.04 0.501  00  01T124M000  1.000
LYS+1A0064_019  1.000-11.18  1.08  3.28  0.00 -6.83 0.502  00  +1O000M000  1.000
LYS+1A0064_020  1.000-10.39  0.52  6.05  0.00 -3.82 0.501  00  +1O001M000  1.000
LYS+1A0064_021  1.000 -9.82  1.98  2.79  0.00 -5.04 0.502  00  +1E049M000  1.000
LYS+1A0064_022  1.000 -9.30  0.88  2.26  0.00 -6.17 0.502  00  +1E061M000  1.000
LYS+1A0064_023  1.000-11.30  0.55  3.76  0.00 -6.99 0.502  00  +1E105M000  1.000
LYS+1A0064_024  1.000 -9.82  0.18  2.68  0.00 -6.95 0.501  00  +1E123M000  1.000
LYS+1A0064_025  1.000-11.44  4.85  2.48  0.00 -4.11 0.502  00  +1T008M000  1.000
LYS+1A0064_026  1.000-11.71  7.05  4.48  0.00 -0.18 0.501  00  +1T014M000  1.000
LYS+1A0064_027  1.000 -9.36  0.96  5.50  0.00 -2.89 0.501  00  +1T031M000  1.000
LYS+1A0064_028  1.000-10.04  0.56  4.60  0.00 -4.89 0.502  00  +1T032M000  1.000
LYS+1A0064_029  1.000-11.08  0.91  2.29  0.00 -7.89 0.501  00  +1T04DM000  1.000
LYS+1A0064_030  1.000-12.08  5.92  1.35  0.00 -4.81 0.501  00  +1T096M000  1.000
LYS+1A0064_031  1.000-10.48  5.65  3.41  0.00 -1.42 0.501  00  +1T0C9M000  1.000
LYS+1A0064_032  1.000-10.97  0.56  2.26  0.00 -8.14 0.502  00  +1T0D3M000  1.000
LYS+1A0064_033  1.000 -7.76  0.42  1.70  0.00 -5.63 0.501  00  +1T0D4M000  1.000
LYS+1A0064_034  1.000 -7.06  0.38  2.21  0.00 -4.47 0.501  00  +1T10DM000  1.000
LYS+1A0064_035  1.000-10.29  0.01  2.64  0.00 -7.65 0.501  00  +1T121M000  1.000
LYS+1A0064_036  1.000 -6.72  0.07  2.73  0.00 -3.91 0.501  00  +1T124M000  1.000
