iConf CONFORMER     FL  occ    crg   Em0  pKa0 ne nH    vdw0    vdw1    tors    epol   dsolv   extra    history
00001 LYS01A0064_001 f 0.00  0.000     0  0.00  0  0 -11.131   1.076   3.280  -0.004  -0.433   0.000 01O000M000t
00002 LYS01A0064_002 f 0.00  0.000     0  0.00  0  0 -10.332   0.522   6.052  -0.005  -0.395   0.000 01O001M000t
00003 LYS01A0064_003 f 0.00  0.000     0  0.00  0  0 -11.338   4.812   2.444  -0.003  -0.410   0.000 01E008M000t
00004 LYS01A0064_004 f 0.00  0.000     0  0.00  0  0  -9.475   0.964   5.423  -0.002  -0.438   0.000 01E031M000t
00005 LYS01A0064_005 f 0.00  0.000     0  0.00  0  0 -10.421   5.586   3.385  -0.011  -0.400   0.000 01E0C9M000t
00006 LYS01A0064_006 f 0.00  0.000     0  0.00  0  0 -10.888   0.556   2.234  -0.008  -0.394   0.000 01E0D3M000t
00007 LYS01A0064_007 f 0.00  0.000     0  0.00  0  0  -7.831   0.433   1.687   0.036  -0.372   0.000 01E0D4M000t
00008 LYS01A0064_008 f 0.00  0.000     0  0.00  0  0 -11.181   0.559   3.741  -0.014  -0.403   0.000 01E105M000t
00009 LYS01A0064_009 f 0.00  0.000     0  0.00  0  0  -7.210   0.382   2.196   0.000  -0.398   0.000 01E10DM000t
00010 LYS01A0064_010 f 0.00  0.000     0  0.00  0  0  -9.688   0.185   2.646  -0.019  -0.407   0.000 01E123M000t
00011 LYS01A0064_011 f 0.00  0.000     0  0.00  0  0 -11.669   7.010   4.428  -0.015  -0.429   0.000 01T014M000t
00012 LYS01A0064_012 f 0.00  0.000     0  0.00  0  0  -9.824   2.003   2.685  -0.031  -0.400   0.000 01T049M000t
00013 LYS01A0064_013 f 0.00  0.000     0  0.00  0  0 -11.103   0.915   2.228  -0.000  -0.399   0.000 01T04DM000t
00014 LYS01A0064_014 f 0.00  0.000     0  0.00  0  0 -12.004   5.906   1.311  -0.020  -0.391   0.000 01T096M000t
00015 LYS01A0064_015 f 0.00  0.000     0  0.00  0  0 -10.242   2.311   1.921  -0.012  -0.404   0.000 01T099M000t
00016 LYS01A0064_016 f 0.00  0.000     0  0.00  0  0 -10.412   0.720   4.331  -0.008  -0.397   0.000 01T0FBM000t
00017 LYS01A0064_017 f 0.00  0.000     0  0.00  0  0 -10.070   0.013   2.592  -0.007  -0.356   0.000 01T121M000t
00018 LYS01A0064_018 f 0.00  0.000     0  0.00  0  0  -6.825   0.082   2.709  -0.023  -0.376   0.000 01T124M000t
00019 LYS+1A0064_019 f 0.00  1.000     0 10.40  0  1 -11.180   1.075   3.280   0.014  -5.903   0.000 +1O000M000t
00020 LYS+1A0064_020 f 0.00  1.000     0 10.40  0  1 -10.389   0.519   6.052   0.078  -5.857   0.000 +1O001M000t
00021 LYS+1A0064_021 f 0.00  1.000     0 10.40  0  1  -9.817   1.990   2.794   0.114  -5.871   0.000 +1E049M000t
00022 LYS+1A0064_022 f 0.00  1.000     0 10.40  0  1  -9.304   0.879   2.257   0.078  -5.814   0.000 +1E061M000t
00023 LYS+1A0064_023 f 0.00  1.000     0 10.40  0  1 -11.306   0.552   3.757   0.082  -5.884   0.000 +1E105M000t
00024 LYS+1A0064_024 f 0.00  1.000     0 10.40  0  1  -9.745   0.185   2.681   0.095  -5.842   0.000 +1E123M000t
00025 LYS+1A0064_025 f 0.00  1.000     0 10.40  0  1 -11.443   4.860   2.481  -0.016  -5.985   0.000 +1T008M000t
00026 LYS+1A0064_026 f 0.00  1.000     0 10.40  0  1 -11.709   7.061   4.484   0.084  -5.921   0.000 +1T014M000t
00027 LYS+1A0064_027 f 0.00  1.000     0 10.40  0  1  -9.355   0.964   5.502   0.007  -5.893   0.000 +1T031M000t
00028 LYS+1A0064_028 f 0.00  1.000     0 10.40  0  1 -10.039   0.557   4.598  -0.001  -5.897   0.000 +1T032M000t
00029 LYS+1A0064_029 f 0.00  1.000     0 10.40  0  1 -11.082   0.906   2.292   0.037  -5.901   0.000 +1T04DM000t
00030 LYS+1A0064_030 f 0.00  1.000     0 10.40  0  1 -12.080   5.921   1.352   0.094  -5.821   0.000 +1T096M000t
00031 LYS+1A0064_031 f 0.00  1.000     0 10.40  0  1 -10.478   5.656   3.415   0.067  -5.886   0.000 +1T0C9M000t
00032 LYS+1A0064_032 f 0.00  1.000     0 10.40  0  1 -10.962   0.557   2.268   0.084  -5.830   0.000 +1T0D3M000t
00033 LYS+1A0064_033 f 0.00  1.000     0 10.40  0  1  -7.815   0.424   1.705   0.204  -5.670   0.000 +1T0D4M000t
00034 LYS+1A0064_034 f 0.00  1.000     0 10.40  0  1  -7.070   0.381   2.209   0.060  -5.787   0.000 +1T10DM000t
00035 LYS+1A0064_035 f 0.00  1.000     0 10.40  0  1 -10.300   0.007   2.645   0.072  -5.831   0.000 +1T121M000t
00036 LYS+1A0064_036 f 0.00  1.000     0 10.40  0  1  -6.723   0.078   2.732   0.105  -5.776   0.000 +1T124M000t
