   confID        vdw0    sas     sum
LYS01A0064_001   1.197 -12.328 -11.131
LYS01A0064_002   1.919 -12.251 -10.332
LYS01A0064_003   1.392 -12.730 -11.338
LYS01A0064_004   3.110 -12.585  -9.475
LYS01A0064_005   2.074 -12.495 -10.421
LYS01A0064_006   1.550 -12.438 -10.888
LYS01A0064_007   4.297 -12.128  -7.831
LYS01A0064_008   1.520 -12.701 -11.181
LYS01A0064_009   4.819 -12.029  -7.210
LYS01A0064_010   2.566 -12.255  -9.688
LYS01A0064_011   1.010 -12.678 -11.669
LYS01A0064_012   2.498 -12.322  -9.824
LYS01A0064_013   1.258 -12.361 -11.103
LYS01A0064_014   1.039 -13.044 -12.004
LYS01A0064_015   1.820 -12.062 -10.242
LYS01A0064_016   1.974 -12.386 -10.412
LYS01A0064_017   2.423 -12.493 -10.070
LYS01A0064_018   5.479 -12.303  -6.825
LYS+1A0064_019   1.147 -12.328 -11.180
LYS+1A0064_020   1.862 -12.251 -10.389
LYS+1A0064_021   2.531 -12.347  -9.817
LYS+1A0064_022   3.142 -12.445  -9.304
LYS+1A0064_023   1.463 -12.769 -11.306
LYS+1A0064_024   2.510 -12.255  -9.745
LYS+1A0064_025   1.338 -12.781 -11.443
LYS+1A0064_026   0.970 -12.678 -11.709
LYS+1A0064_027   3.127 -12.482  -9.355
LYS+1A0064_028   2.263 -12.302 -10.039
LYS+1A0064_029   1.188 -12.271 -11.082
LYS+1A0064_030   0.925 -13.005 -12.080
LYS+1A0064_031   2.017 -12.495 -10.478
LYS+1A0064_032   1.476 -12.438 -10.962
LYS+1A0064_033   4.312 -12.128  -7.815
LYS+1A0064_034   4.869 -11.939  -7.070
LYS+1A0064_035   2.312 -12.612 -10.300
LYS+1A0064_036   5.596 -12.319  -6.723
