iConf CONFORMER     FL  occ    crg   Em0  pKa0 ne nH    vdw0    vdw1    tors    epol   dsolv   extra    history
00001 GLN01A0080_001 f 0.00  0.000     0  0.00  0  0  -0.192   1.301   1.581   0.041  -0.504   0.000 01O000M000t
00002 GLN01A0080_002 f 0.00  0.000     0  0.00  0  0  -3.292   0.778   1.746   0.012  -0.521   0.000 01E006M000t
00003 GLN01A0080_003 f 0.00  0.000     0  0.00  0  0  -3.580  -0.130   1.501   0.005  -0.512   0.000 01E00BM000t
00004 GLN01A0080_004 f 0.00  0.000     0  0.00  0  0  -4.349   0.771   2.705   0.020  -0.523   0.000 01E01BM000t
00005 GLN01A0080_005 f 0.00  0.000     0  0.00  0  0  -3.702   1.634   1.192   0.002  -0.499   0.000 01E020M000t
00006 GLN01A0080_006 f 0.00  0.000     0  0.00  0  0  -4.752  -0.273   1.875   0.077  -0.511   0.000 01E025M000t
00007 GLN01A0080_007 f 0.00  0.000     0  0.00  0  0  -4.493  -0.104   1.109   0.014  -0.518   0.000 01E02AM000t
00008 GLN01A0080_008 f 0.00  0.000     0  0.00  0  0  -4.675   0.004   3.076   0.019  -0.517   0.000 01E02EM000t
00009 GLN01A0080_009 f 0.00  0.000     0  0.00  0  0  -4.498  -0.033   3.016   0.004  -0.518   0.000 01E031M000t
00010 GLN01A0080_010 f 0.00  0.000     0  0.00  0  0  -4.014   0.996   1.556  -0.010  -0.543   0.000 01T004M000t
00011 GLN01A0080_011 f 0.00  0.000     0  0.00  0  0  -4.295   0.929   1.874   0.031  -0.522   0.000 01T005M000t
00012 GLN01A0080_012 f 0.00  0.000     0  0.00  0  0  -4.691   0.924   2.785   0.043  -0.528   0.000 01T00AM000t
00013 GLN01A0080_013 f 0.00  0.000     0  0.00  0  0  -3.533   1.059   1.153   0.018  -0.517   0.000 01T017M000t
00014 GLN01A0080_014 f 0.00  0.000     0  0.00  0  0  -4.540   0.236   2.024   0.100  -0.485   0.000 01T021M000t
00015 GLN01A0080_015 f 0.00  0.000     0  0.00  0  0  -3.836  -0.137   3.279   0.031  -0.520   0.000 01T023M000t
00016 GLN01A0080_016 f 0.00  0.000     0  0.00  0  0  -4.725  -0.380   2.047  -0.002  -0.483   0.000 01T027M000t
00017 GLN01A0080_017 f 0.00  0.000     0  0.00  0  0  -4.259  -0.165   4.010  -0.009  -0.519   0.000 01T02BM000t
00018 GLN01A0080_018 f 0.00  0.000     0  0.00  0  0  -3.472  -0.096   3.620   0.023  -0.542   0.000 01T02CM000t
00019 GLN01A0080_019 f 0.00  0.000     0  0.00  0  0  -4.880   0.427   1.834   0.044  -0.509   0.000 01T035M000t
