CONFORMER         crg  vdw0  vdw1  tors  epol  self   occ  Hb     history    ASA
GLN01A0080_001  0.000 -0.20  1.30  1.58  0.00  2.68 0.000  00  01O000M000  1.028
GLN01A0080_002  0.000 -3.29  0.78  1.75  0.00 -0.77 0.510  00  01E006M000  1.041
GLN01A0080_003  0.000 -3.58 -0.13  1.50  0.00 -2.21 0.508  00  01E00BM000  1.007
GLN01A0080_004  0.000 -4.35  0.77  2.71  0.00 -0.87 0.508  00  01E01BM000  1.003
GLN01A0080_005  0.000 -3.70  1.64  1.19  0.00 -0.87 0.508  00  01E020M000  1.005
GLN01A0080_006  0.000 -4.75 -0.27  1.87  0.00 -3.15 0.508  00  01E025M000  1.035
GLN01A0080_007  0.000 -4.49 -0.10  1.11  0.00 -3.49 0.509  00  01E02AM000  1.025
GLN01A0080_008  0.000 -4.67  0.00  3.08  0.00 -1.59 0.510  00  01E02EM000  1.020
GLN01A0080_009  0.000 -4.50 -0.03  3.02  0.00 -1.52 0.509  00  01E031M000  1.010
GLN01A0080_010  0.000 -4.02  1.00  1.55  0.00 -1.47 0.510  00  01T004M000  1.003
GLN01A0080_011  0.000 -4.28  0.93  1.87  0.00 -1.48 0.510  00  01T005M000  1.053
GLN01A0080_012  0.000 -4.69  0.93  2.78  0.00 -0.98 0.510  00  01T00AM000  1.072
GLN01A0080_013  0.000 -3.53  1.06  1.15  0.00 -1.32 0.510  00  01T017M000  1.000
GLN01A0080_014  0.000 -4.55  0.24  2.02  0.00 -2.30 0.510  00  01T021M000  1.031
GLN01A0080_015  0.000 -3.84 -0.14  3.28  0.00 -0.70 0.508  00  01T023M000  1.084
GLN01A0080_016  0.000 -4.73 -0.38  2.04  0.00 -3.06 0.507  00  01T027M000  1.044
GLN01A0080_017  0.000 -4.26 -0.16  4.01  0.00 -0.42 0.508  00  01T02BM000  1.005
GLN01A0080_018  0.000 -3.47 -0.10  3.62  0.00  0.05 0.509  00  01T02CM000  1.003
GLN01A0080_019  0.000 -4.88  0.42  1.83  0.00 -2.63 0.509  00  01T035M000  1.083
