   confID        vdw0    sas     sum
GLN01A0080_001   4.735  -4.927  -0.192
GLN01A0080_002   1.692  -4.984  -3.292
GLN01A0080_003   1.386  -4.967  -3.580
GLN01A0080_004   0.499  -4.848  -4.349
GLN01A0080_005   1.100  -4.802  -3.702
GLN01A0080_006   0.562  -5.313  -4.752
GLN01A0080_007   0.754  -5.247  -4.493
GLN01A0080_008   0.614  -5.289  -4.675
GLN01A0080_009   0.687  -5.186  -4.498
GLN01A0080_010   0.773  -4.787  -4.014
GLN01A0080_011   0.796  -5.092  -4.295
GLN01A0080_012   0.502  -5.193  -4.691
GLN01A0080_013   1.240  -4.773  -3.533
GLN01A0080_014   0.533  -5.072  -4.540
GLN01A0080_015   1.430  -5.266  -3.836
GLN01A0080_016   0.537  -5.262  -4.725
GLN01A0080_017   0.836  -5.095  -4.259
GLN01A0080_018   1.548  -5.020  -3.472
GLN01A0080_019   0.553  -5.433  -4.880
