CONFORMER         crg  vdw0  vdw1  tors  epol  self   occ  Hb     history    ASA
GLU01A0135_001  0.000 -2.47  2.00  3.48  0.00  3.02 0.575  00  01O000M000  1.024
GLU01A0135_002  0.000 -3.14  1.89  3.37  0.00  2.12 0.571  00  01E002M000  1.000
GLU01A0135_003  0.000 -2.36  2.00  0.76  0.00  0.41 0.575  00  01O000M000  1.000
GLU01A0135_004  0.000 -3.50  2.24  3.36  0.00  2.10 0.572  00  01T004M000  1.065
GLU01A0135_005  0.000 -4.30  2.67  4.20  0.00  2.57 0.568  00  01T005M000  1.037
GLU01A0135_006  0.000 -3.76  2.11  3.76  0.00  2.11 0.571  00  01T003M000  1.000
GLU01A0135_007  0.000 -3.29  1.66  3.46  0.00  1.83 0.565  00  01T006M000  1.007
GLU01A0135_008  0.000 -4.30  2.67  1.48  0.00 -0.15 0.568  00  01T005M000  1.037
GLU01A0135_009  0.000 -3.76  2.11  1.04  0.00 -0.61 0.571  00  01T003M000  1.000
GLU02A0135_010  0.000 -2.95  2.01  3.48  0.00  2.54 0.575  00  02O000M000  1.016
GLU02A0135_011  0.000 -2.97  1.88  3.36  0.00  2.27 0.571  00  02E002M000  1.011
GLU02A0135_012  0.000 -3.08  1.66  3.46  0.00  2.05 0.565  00  02E006M000  1.000
GLU02A0135_013  0.000 -2.88  2.01  0.76  0.00 -0.11 0.575  00  02O000M000  1.000
GLU02A0135_014  0.000 -3.83  2.11  3.73  0.00  2.00 0.571  00  02T003M000  1.008
GLU02A0135_015  0.000 -4.40  2.67  4.11  0.00  2.39 0.568  00  02T005M000  1.055
GLU02A0135_016  0.000 -3.80  2.11  1.01  0.00 -0.68 0.571  00  02T003M000  1.000
GLU02A0135_017  0.000 -4.26  2.67  1.39  0.00 -0.19 0.568  00  02T005M000  1.025
GLU-1A0135_018 -1.000 -2.96  2.02  0.76  0.00 -0.17 0.575  00  -1O000M000  1.015
GLU-1A0135_019 -1.000 -3.87  2.14  1.00  0.00 -0.74 0.571  00  -1E003M000  1.008
GLU-1A0135_020 -1.000 -3.13  1.67  0.69  0.00 -0.76 0.565  00  -1E006M000  1.000
