iConf CONFORMER     FL  occ    crg   Em0  pKa0 ne nH    vdw0    vdw1    tors    epol   dsolv   extra    history
00001 GLU01A0135_001 f 0.00  0.000     0  0.00  0  0  -2.464   2.004   3.482   0.019  -0.954   0.000 01O000M000t
00002 GLU01A0135_002 f 0.00  0.000     0  0.00  0  0  -3.146   1.894   3.371   0.019  -1.043   0.000 01E002M000t
00003 GLU01A0135_003 f 0.00  0.000     0  0.00  0  0  -2.359   2.004   0.762   0.011  -0.698   0.000 01O000M000t
00004 GLU01A0135_004 f 0.00  0.000     0  0.00  0  0  -3.497   2.241   3.361   0.046  -1.043   0.000 01T004M000t
00005 GLU01A0135_005 f 0.00  0.000     0  0.00  0  0  -4.304   2.676   4.200   0.123  -0.908   0.000 01T005M000t
00006 GLU01A0135_006 f 0.00  0.000     0  0.00  0  0  -3.758   2.109   3.760   0.051  -1.024   0.000 01T003M000t
00007 GLU01A0135_007 f 0.00  0.000     0  0.00  0  0  -3.291   1.661   3.458   0.079  -1.052   0.000 01T006M000t
00008 GLU01A0135_008 f 0.00  0.000     0  0.00  0  0  -4.304   2.676   1.480   0.020  -0.683   0.000 01T005M000t
00009 GLU01A0135_009 f 0.00  0.000     0  0.00  0  0  -3.758   2.109   1.040   0.022  -0.714   0.000 01T003M000t
00010 GLU02A0135_010 f 0.00  0.000     0  0.00  0  0  -2.949   2.013   3.482   0.036  -1.053   0.000 02O000M000t
00011 GLU02A0135_011 f 0.00  0.000     0  0.00  0  0  -2.968   1.880   3.360   0.042  -1.006   0.000 02E002M000t
00012 GLU02A0135_012 f 0.00  0.000     0  0.00  0  0  -3.075   1.671   3.461   0.017  -0.949   0.000 02E006M000t
00013 GLU02A0135_013 f 0.00  0.000     0  0.00  0  0  -2.879   2.013   0.762   0.019  -0.704   0.000 02O000M000t
00014 GLU02A0135_014 f 0.00  0.000     0  0.00  0  0  -3.834   2.106   3.727   0.014  -1.032   0.000 02T003M000t
00015 GLU02A0135_015 f 0.00  0.000     0  0.00  0  0  -4.397   2.673   4.113   0.005  -1.042   0.000 02T005M000t
00016 GLU02A0135_016 f 0.00  0.000     0  0.00  0  0  -3.799   2.106   1.007   0.012  -0.692   0.000 02T003M000t
00017 GLU02A0135_017 f 0.00  0.000     0  0.00  0  0  -4.255   2.673   1.393   0.003  -0.675   0.000 02T005M000t
00018 GLU-1A0135_018 f 0.00 -1.000     0  4.75  0 -1  -2.957   2.024   0.762  -0.031  -6.017   0.000 -1O000M000t
00019 GLU-1A0135_019 f 0.00 -1.000     0  4.75  0 -1  -3.869   2.133   0.999  -0.011  -6.053   0.000 -1E003M000t
00020 GLU-1A0135_020 f 0.00 -1.000     0  4.75  0 -1  -3.127   1.675   0.693  -0.035  -5.969   0.000 -1E006M000t
