iConf CONFORMER     FL  occ    crg   Em0  pKa0 ne nH    vdw0    vdw1    tors    epol   dsolv   extra    history
00001 ARG01A0126_001 f 0.00  0.000     0  0.00  0  0 -13.113   0.174   1.015   0.007  -3.069   0.000 01O000M000t
00002 ARG01A0126_002 f 0.00  0.000     0  0.00  0  0 -12.851   0.150   3.219   0.000  -3.023   0.000 01E013M000t
00003 ARG01A0126_003 f 0.00  0.000     0  0.00  0  0 -12.047   2.591   3.365  -0.049  -2.804   0.000 01E030M000t
00004 ARG01A0126_004 f 0.00  0.000     0  0.00  0  0 -12.948   3.295   0.835   0.049  -2.935   0.000 01E055M000t
00005 ARG01A0126_005 f 0.00  0.000     0  0.00  0  0 -13.150   3.907   1.160   0.103  -2.977   0.000 01E069M000t
00006 ARG01A0126_006 f 0.00  0.000     0  0.00  0  0 -13.026   3.487   3.210   0.037  -3.010   0.000 01E0BAM000t
00007 ARG01A0126_007 f 0.00  0.000     0  0.00  0  0 -11.300   0.293   3.647   0.003  -2.934   0.000 01E0D6M000t
00008 ARG01A0126_008 f 0.00  0.000     0  0.00  0  0 -10.092   0.011   1.152  -0.045  -2.639   0.000 01E0E2M000t
00009 ARG01A0126_009 f 0.00  0.000     0  0.00  0  0 -12.966   6.297   1.548   0.081  -2.853   0.000 01E0FCM000t
00010 ARG01A0126_010 f 0.00  0.000     0  0.00  0  0 -11.572   1.037   5.843   0.080  -2.834   0.000 01E12AM000t
00011 ARG01A0126_011 f 0.00  0.000     0  0.00  0  0 -13.661   0.700   5.934   0.058  -2.952   0.000 01E135M000t
00012 ARG01A0126_012 f 0.00  0.000     0  0.00  0  0 -12.490   0.605   1.545   0.019  -2.932   0.000 01T059M000t
00013 ARG01A0126_013 f 0.00  0.000     0  0.00  0  0 -13.047   1.387   1.735   0.032  -3.155   0.000 01T05CM000t
00014 ARG01A0126_014 f 0.00  0.000     0  0.00  0  0 -13.145   4.263   3.305   0.003  -2.837   0.000 01T08CM000t
00015 ARG01A0126_015 f 0.00  0.000     0  0.00  0  0 -11.894   0.560   1.284   0.020  -2.958   0.000 01T0E5M000t
00016 ARG01A0126_016 f 0.00  0.000     0  0.00  0  0 -11.214   1.211   1.611   0.002  -2.965   0.000 01T0F1M000t
00017 ARG01A0126_017 f 0.00  0.000     0  0.00  0  0 -11.387   2.392   3.220  -0.081  -2.760   0.000 01T0FAM000t
00018 ARG01A0126_018 f 0.00  0.000     0  0.00  0  0 -12.401   3.311   1.108   0.151  -2.732   0.000 01T0FDM000t
00019 ARG01A0126_019 f 0.00  0.000     0  0.00  0  0 -13.082   6.463   3.230   0.451  -2.859   0.000 01T115M000t
00020 ARG01A0126_020 f 0.00  0.000     0  0.00  0  0 -12.259   1.162   3.307  -0.005  -2.886   0.000 01T130M000t
00021 ARG02A0126_021 f 0.00  0.000     0  0.00  0  0 -13.125   0.174   1.015   0.014  -2.456   0.000 02O000M000t
00022 ARG02A0126_022 f 0.00  0.000     0  0.00  0  0 -11.949   2.391   3.317   0.088  -2.491   0.000 02E030M000t
00023 ARG02A0126_023 f 0.00  0.000     0  0.00  0  0 -10.181   1.266   1.434   0.028  -2.651   0.000 02E0F1M000t
00024 ARG02A0126_024 f 0.00  0.000     0  0.00  0  0 -11.512   2.334   3.230   0.081  -2.527   0.000 02E0FAM000t
00025 ARG02A0126_025 f 0.00  0.000     0  0.00  0  0 -12.217   3.785   1.011   0.189  -2.704   0.000 02E0FDM000t
00026 ARG02A0126_026 f 0.00  0.000     0  0.00  0  0 -11.867   0.917   3.226   0.042  -2.543   0.000 02E130M000t
00027 ARG02A0126_027 f 0.00  0.000     0  0.00  0  0 -13.005   3.318   0.928   0.033  -2.725   0.000 02E069M000t
00028 ARG02A0126_028 f 0.00  0.000     0  0.00  0  0 -12.367   3.703   2.883   0.022  -2.868   0.000 02E0BAM000t
00029 ARG02A0126_029 f 0.00  0.000     0  0.00  0  0 -12.673   3.931   3.207   0.026  -2.440   0.000 02T08CM000t
00030 ARG02A0126_030 f 0.00  0.000     0  0.00  0  0 -12.815   4.075   1.023   0.109  -2.601   0.000 02T0FCM000t
00031 ARG02A0126_031 f 0.00  0.000     0  0.00  0  0 -12.997   6.434   3.213  -0.192  -2.426   0.000 02T115M000t
00032 ARG02A0126_032 f 0.00  0.000     0  0.00  0  0 -13.331   0.654   5.489   0.050  -2.629   0.000 02T135M000t
00033 ARG02A0126_033 f 0.00  0.000     0  0.00  0  0 -13.224   1.412   1.450   0.038  -2.571   0.000 02T05CM000t
00034 ARG02A0126_034 f 0.00  0.000     0  0.00  0  0 -11.876   0.545   1.291   0.030  -2.461   0.000 02T0E5M000t
00035 ARG02A0126_035 f 0.00  0.000     0  0.00  0  0 -12.664   0.157   3.163  -0.004  -2.760   0.000 02T013M000t
00036 ARG02A0126_036 f 0.00  0.000     0  0.00  0  0 -12.792   2.676   0.825   0.069  -2.740   0.000 02T055M000t
00037 ARG02A0126_037 f 0.00  0.000     0  0.00  0  0 -11.574   1.141   5.869  -0.002  -2.588   0.000 02T12AM000t
00038 ARG02A0126_038 f 0.00  0.000     0  0.00  0  0 -13.415   0.535   1.300   0.009  -2.790   0.000 02T059M000t
00039 ARG02A0126_039 f 0.00  0.000     0  0.00  0  0 -11.288   0.294   3.650   0.033  -2.780   0.000 02T0D6M000t
00040 ARG02A0126_040 f 0.00  0.000     0  0.00  0  0  -9.581  -0.015   1.108  -0.016  -2.623   0.000 02T0E2M000t
00041 ARG03A0126_041 f 0.00  0.000     0  0.00  0  0 -13.134   0.173   1.015   0.012  -2.500   0.000 03O000M000t
00042 ARG03A0126_042 f 0.00  0.000     0  0.00  0  0 -12.010   2.389   3.303   0.109  -2.440   0.000 03E030M000t
00043 ARG03A0126_043 f 0.00  0.000     0  0.00  0  0 -11.325   0.285   3.652   0.020  -2.524   0.000 03E0D6M000t
00044 ARG03A0126_044 f 0.00  0.000     0  0.00  0  0 -12.391   3.715   2.850   0.029  -2.648   0.000 03E0BAM000t
00045 ARG03A0126_045 f 0.00  0.000     0  0.00  0  0 -10.252   1.283   1.428   0.018  -2.571   0.000 03E0F1M000t
00046 ARG03A0126_046 f 0.00  0.000     0  0.00  0  0 -11.872   3.729   0.970   0.163  -2.430   0.000 03E0FDM000t
00047 ARG03A0126_047 f 0.00  0.000     0  0.00  0  0 -13.143   6.351   3.221  -0.164  -2.617   0.000 03E115M000t
00048 ARG03A0126_048 f 0.00  0.000     0  0.00  0  0 -11.988   0.946   3.214   0.029  -2.811   0.000 03E130M000t
00049 ARG03A0126_049 f 0.00  0.000     0  0.00  0  0 -12.567   0.148   3.141   0.005  -2.483   0.000 03T013M000t
00050 ARG03A0126_050 f 0.00  0.000     0  0.00  0  0 -13.463   0.536   1.262   0.021  -2.586   0.000 03T059M000t
00051 ARG03A0126_051 f 0.00  0.000     0  0.00  0  0 -13.393   0.657   5.476   0.049  -2.668   0.000 03T135M000t
00052 ARG03A0126_052 f 0.00  0.000     0  0.00  0  0 -12.855   2.673   0.822   0.054  -2.591   0.000 03T055M000t
00053 ARG03A0126_053 f 0.00  0.000     0  0.00  0  0 -13.369   1.414   1.419   0.034  -2.801   0.000 03T05CM000t
00054 ARG03A0126_054 f 0.00  0.000     0  0.00  0  0 -11.857   0.542   1.295   0.026  -2.568   0.000 03T0E5M000t
00055 ARG03A0126_055 f 0.00  0.000     0  0.00  0  0 -11.492   2.348   3.226   0.073  -2.503   0.000 03T0FAM000t
00056 ARG03A0126_056 f 0.00  0.000     0  0.00  0  0 -13.057   3.943   0.987   0.106  -2.634   0.000 03T0FCM000t
00057 ARG03A0126_057 f 0.00  0.000     0  0.00  0  0 -11.786   1.151   5.881   0.026  -2.660   0.000 03T12AM000t
00058 ARG03A0126_058 f 0.00  0.000     0  0.00  0  0 -13.006   3.359   0.925   0.059  -2.591   0.000 03T069M000t
00059 ARG03A0126_059 f 0.00  0.000     0  0.00  0  0 -12.900   3.926   3.139   0.022  -2.678   0.000 03T08CM000t
00060 ARG03A0126_060 f 0.00  0.000     0  0.00  0  0  -9.965   0.005   1.078  -0.021  -2.433   0.000 03T0E2M000t
00061 ARG+1A0126_061 f 0.00  1.000     0 12.50  0  1 -13.172   0.173   1.015   0.066 -10.786   0.000 +1O000M000t
00062 ARG+1A0126_062 f 0.00  1.000     0 12.50  0  1 -12.901   2.585   0.832   0.140 -10.840   0.000 +1E055M000t
00063 ARG+1A0126_063 f 0.00  1.000     0 12.50  0  1 -13.606   0.530   1.326   0.106 -10.777   0.000 +1E059M000t
00064 ARG+1A0126_064 f 0.00  1.000     0 12.50  0  1 -13.042   3.305   0.946  -0.042 -10.797   0.000 +1E069M000t
00065 ARG+1A0126_065 f 0.00  1.000     0 12.50  0  1 -12.643   3.913   3.221   0.096 -10.614   0.000 +1E08CM000t
00066 ARG+1A0126_066 f 0.00  1.000     0 12.50  0  1 -12.466   3.720   2.877   0.057 -10.706   0.000 +1E0BAM000t
00067 ARG+1A0126_067 f 0.00  1.000     0 12.50  0  1 -11.520   2.319   3.229   0.532 -10.419   0.000 +1E0FAM000t
00068 ARG+1A0126_068 f 0.00  1.000     0 12.50  0  1 -13.140   4.092   1.034   0.348 -10.610   0.000 +1E0FCM000t
00069 ARG+1A0126_069 f 0.00  1.000     0 12.50  0  1 -11.843   4.028   1.030   0.498 -10.681   0.000 +1E0FDM000t
00070 ARG+1A0126_070 f 0.00  1.000     0 12.50  0  1 -11.729   1.138   5.898  -0.026 -10.644   0.000 +1E12AM000t
00071 ARG+1A0126_071 f 0.00  1.000     0 12.50  0  1 -13.370   0.651   5.486   0.119 -10.732   0.000 +1E135M000t
00072 ARG+1A0126_072 f 0.00  1.000     0 12.50  0  1 -12.678   0.151   3.178   0.082 -10.908   0.000 +1T013M000t
00073 ARG+1A0126_073 f 0.00  1.000     0 12.50  0  1 -12.088   2.357   3.328   0.576 -10.588   0.000 +1T030M000t
00074 ARG+1A0126_074 f 0.00  1.000     0 12.50  0  1 -13.394   1.399   1.465   0.114 -10.721   0.000 +1T05CM000t
00075 ARG+1A0126_075 f 0.00  1.000     0 12.50  0  1 -11.337   0.284   3.646   0.066 -10.660   0.000 +1T0D6M000t
00076 ARG+1A0126_076 f 0.00  1.000     0 12.50  0  1  -9.799  -0.019   1.127   0.163 -10.548   0.000 +1T0E2M000t
00077 ARG+1A0126_077 f 0.00  1.000     0 12.50  0  1 -11.909   0.547   1.293   0.101 -10.736   0.000 +1T0E5M000t
00078 ARG+1A0126_078 f 0.00  1.000     0 12.50  0  1 -10.212   1.263   1.446   0.131 -10.570   0.000 +1T0F1M000t
00079 ARG+1A0126_079 f 0.00  1.000     0 12.50  0  1 -13.328   6.710   3.194  -0.932 -10.420   0.000 +1T115M000t
00080 ARG+1A0126_080 f 0.00  1.000     0 12.50  0  1 -11.875   0.892   3.230   0.168 -10.541   0.000 +1T130M000t
