CONFORMER         crg  vdw0  vdw1  tors  epol  self   occ  Hb     history    ASA
ARG01A0126_001  0.000-13.11  0.07  1.02  0.00-12.03 0.502  00  01O000M000  1.000
ARG01A0126_002  0.000-12.86  0.05  3.22  0.00 -9.59 0.502  00  01E013M000  1.000
ARG01A0126_003  0.000-12.05  2.59  3.36  0.00 -6.09 0.502  00  01E030M000  1.000
ARG01A0126_004  0.000-12.94  3.24  0.83  0.00 -8.87 0.502  00  01E055M000  1.000
ARG01A0126_005  0.000-13.21  3.84  1.16  0.00 -8.22 0.501  00  01E069M000  1.000
ARG01A0126_006  0.000-13.03  3.37  3.21  0.00 -6.45 0.501  00  01E0BAM000  1.000
ARG01A0126_007  0.000-11.30  0.24  3.64  0.00 -7.41 0.501  00  01E0D6M000  1.000
ARG01A0126_008  0.000-10.10 -0.04  1.15  0.00 -8.98 0.502  00  01E0E2M000  1.000
ARG01A0126_009  0.000-12.96  6.29  1.56  0.00 -5.11 0.501  00  01E0FCM000  1.000
ARG01A0126_010  0.000-11.57  1.04  5.84  0.00 -4.69 0.502  00  01E12AM000  1.000
ARG01A0126_011  0.000-13.71  0.70  5.93  0.00 -7.09 0.501  00  01E135M000  1.000
ARG01A0126_012  0.000-12.49  0.56  1.54  0.00-10.39 0.502  00  01T059M000  1.000
ARG01A0126_013  0.000-13.00  1.38  1.73  0.00 -9.89 0.501  00  01T05CM000  1.000
ARG01A0126_014  0.000-13.14  4.21  3.30  0.00 -5.63 0.501  00  01T08CM000  1.000
ARG01A0126_015  0.000-11.90  0.51  1.28  0.00-10.10 0.502  00  01T0E5M000  1.000
ARG01A0126_016  0.000-11.22  1.21  1.60  0.00 -8.40 0.502  00  01T0F1M000  1.000
ARG01A0126_017  0.000-11.39  2.38  3.22  0.00 -5.78 0.502  00  01T0FAM000  1.000
ARG01A0126_018  0.000-12.40  3.31  1.11  0.00 -7.99 0.501  00  01T0FDM000  1.000
ARG01A0126_019  0.000-13.09  6.38  3.23  0.00 -3.47 0.502  00  01T115M000  1.000
ARG01A0126_020  0.000-12.26  1.16  3.31  0.00 -7.79 0.502  00  01T130M000  1.000
ARG02A0126_021  0.000-13.13  0.07  1.02  0.00-12.04 0.502  00  02O000M000  1.000
ARG02A0126_022  0.000-11.95  2.39  3.32  0.00 -6.25 0.502  00  02E030M000  1.000
ARG02A0126_023  0.000-10.18  1.26  1.43  0.00 -7.49 0.502  00  02E0F1M000  1.000
ARG02A0126_024  0.000-11.52  2.34  3.23  0.00 -5.95 0.502  00  02E0FAM000  1.000
ARG02A0126_025  0.000-12.21  3.78  1.01  0.00 -7.43 0.501  00  02E0FDM000  1.000
ARG02A0126_026  0.000-11.87  0.91  3.22  0.00 -7.73 0.502  00  02E130M000  1.000
ARG02A0126_027  0.000-13.01  3.25  0.93  0.00 -8.83 0.501  00  02E069M000  1.000
ARG02A0126_028  0.000-12.37  3.59  2.88  0.00 -5.90 0.501  00  02E0BAM000  1.000
ARG02A0126_029  0.000-12.68  3.87  3.21  0.00 -5.60 0.501  00  02T08CM000  1.000
ARG02A0126_030  0.000-12.82  4.08  1.02  0.00 -7.71 0.501  00  02T0FCM000  1.000
ARG02A0126_031  0.000-13.00  6.39  3.21  0.00 -3.40 0.502  00  02T115M000  1.000
ARG02A0126_032  0.000-13.33  0.65  5.49  0.00 -7.19 0.501  00  02T135M000  1.000
ARG02A0126_033  0.000-13.17  1.41  1.45  0.00-10.30 0.501  00  02T05CM000  1.000
ARG02A0126_034  0.000-11.89  0.50  1.29  0.00-10.10 0.502  00  02T0E5M000  1.000
ARG02A0126_035  0.000-12.66  0.05  3.16  0.00 -9.44 0.502  00  02T013M000  1.000
ARG02A0126_036  0.000-12.80  2.62  0.82  0.00 -9.36 0.502  00  02T055M000  1.000
ARG02A0126_037  0.000-11.62  1.14  5.87  0.00 -4.62 0.502  00  02T12AM000  1.000
ARG02A0126_038  0.000-13.35  0.48  1.30  0.00-11.57 0.502  00  02T059M000  1.000
ARG02A0126_039  0.000-11.28  0.25  3.65  0.00 -7.39 0.501  00  02T0D6M000  1.000
ARG02A0126_040  0.000 -9.64 -0.06  1.11  0.00 -8.59 0.502  00  02T0E2M000  1.000
ARG03A0126_041  0.000-13.13  0.07  1.02  0.00-12.05 0.502  00  03O000M000  1.000
ARG03A0126_042  0.000-12.02  2.39  3.30  0.00 -6.33 0.502  00  03E030M000  1.000
ARG03A0126_043  0.000-11.32  0.24  3.65  0.00 -7.43 0.501  00  03E0D6M000  1.000
ARG03A0126_044  0.000-12.39  3.60  2.85  0.00 -5.95 0.501  00  03E0BAM000  1.000
ARG03A0126_045  0.000-10.25  1.29  1.43  0.00 -7.54 0.502  00  03E0F1M000  1.000
ARG03A0126_046  0.000-11.87  3.74  0.97  0.00 -7.16 0.501  00  03E0FDM000  1.000
ARG03A0126_047  0.000-13.08  6.30  3.22  0.00 -3.55 0.502  00  03E115M000  1.000
ARG03A0126_048  0.000-11.98  0.94  3.21  0.00 -7.83 0.502  00  03E130M000  1.000
ARG03A0126_049  0.000-12.57  0.05  3.14  0.00 -9.38 0.502  00  03T013M000  1.000
ARG03A0126_050  0.000-13.46  0.49  1.26  0.00-11.71 0.502  00  03T059M000  1.000
ARG03A0126_051  0.000-13.39  0.65  5.48  0.00 -7.26 0.501  00  03T135M000  1.000
ARG03A0126_052  0.000-12.86  2.63  0.82  0.00 -9.41 0.502  00  03T055M000  1.000
ARG03A0126_053  0.000-13.43  1.41  1.42  0.00-10.60 0.501  00  03T05CM000  1.000
ARG03A0126_054  0.000-11.85  0.50  1.29  0.00-10.06 0.502  00  03T0E5M000  1.000
ARG03A0126_055  0.000-11.49  2.35  3.23  0.00 -5.91 0.502  00  03T0FAM000  1.000
ARG03A0126_056  0.000-13.06  3.94  0.99  0.00 -8.13 0.501  00  03T0FCM000  1.000
ARG03A0126_057  0.000-11.79  1.15  5.88  0.00 -4.76 0.502  00  03T12AM000  1.000
ARG03A0126_058  0.000-13.00  3.29  0.93  0.00 -8.78 0.501  00  03T069M000  1.000
ARG03A0126_059  0.000-12.90  3.88  3.14  0.00 -5.88 0.501  00  03T08CM000  1.000
ARG03A0126_060  0.000 -9.96 -0.05  1.08  0.00 -8.93 0.502  00  03T0E2M000  1.000
ARG+1A0126_061  1.000-13.17  0.07  1.02  0.00-12.09 0.502  00  +1O000M000  1.000
ARG+1A0126_062  1.000-12.90  2.53  0.83  0.00 -9.54 0.502  00  +1E055M000  1.000
ARG+1A0126_063  1.000-13.60  0.48  1.33  0.00-11.80 0.502  00  +1E059M000  1.000
ARG+1A0126_064  1.000-13.03  3.24  0.95  0.00 -8.84 0.501  00  +1E069M000  1.000
ARG+1A0126_065  1.000-12.65  3.86  3.22  0.00 -5.56 0.501  00  +1E08CM000  1.000
ARG+1A0126_066  1.000-12.47  3.60  2.88  0.00 -5.99 0.501  00  +1E0BAM000  1.000
ARG+1A0126_067  1.000-11.53  2.32  3.23  0.00 -5.98 0.502  00  +1E0FAM000  1.000
ARG+1A0126_068  1.000-13.14  4.09  1.04  0.00 -8.01 0.501  00  +1E0FCM000  1.000
ARG+1A0126_069  1.000-11.85  4.02  1.03  0.00 -6.79 0.501  00  +1E0FDM000  1.000
ARG+1A0126_070  1.000-11.73  1.14  5.90  0.00 -4.69 0.502  00  +1E12AM000  1.000
ARG+1A0126_071  1.000-13.37  0.65  5.49  0.00 -7.24 0.501  00  +1E135M000  1.000
ARG+1A0126_072  1.000-12.63  0.05  3.18  0.00 -9.41 0.502  00  +1T013M000  1.000
ARG+1A0126_073  1.000-12.08  2.36  3.33  0.00 -6.39 0.502  00  +1T030M000  1.000
ARG+1A0126_074  1.000-13.40  1.40  1.47  0.00-10.53 0.501  00  +1T05CM000  1.000
ARG+1A0126_075  1.000-11.34  0.24  3.65  0.00 -7.46 0.501  00  +1T0D6M000  1.000
ARG+1A0126_076  1.000 -9.79 -0.07  1.13  0.00 -8.73 0.502  00  +1T0E2M000  1.000
ARG+1A0126_077  1.000-11.90  0.50  1.29  0.00-10.11 0.502  00  +1T0E5M000  1.000
ARG+1A0126_078  1.000-10.21  1.26  1.45  0.00 -7.51 0.502  00  +1T0F1M000  1.000
ARG+1A0126_079  1.000-13.33  6.65  3.20  0.00 -3.48 0.502  00  +1T115M000  1.000
ARG+1A0126_080  1.000-11.89  0.89  3.23  0.00 -7.76 0.502  00  +1T130M000  1.000
