   confID        vdw0    sas     sum
ARG01A0126_001   1.340 -14.453 -13.113
ARG01A0126_002   1.798 -14.649 -12.851
ARG01A0126_003   1.799 -13.846 -12.047
ARG01A0126_004   1.595 -14.543 -12.948
ARG01A0126_005   1.721 -14.870 -13.150
ARG01A0126_006   1.480 -14.507 -13.026
ARG01A0126_007   3.615 -14.915 -11.300
ARG01A0126_008   4.052 -14.144 -10.092
ARG01A0126_009   1.544 -14.510 -12.966
ARG01A0126_010   2.920 -14.491 -11.572
ARG01A0126_011   1.343 -15.005 -13.661
ARG01A0126_012   1.856 -14.346 -12.490
ARG01A0126_013   1.818 -14.866 -13.047
ARG01A0126_014   1.505 -14.650 -13.145
ARG01A0126_015   2.452 -14.345 -11.894
ARG01A0126_016   3.880 -15.094 -11.214
ARG01A0126_017   2.718 -14.105 -11.387
ARG01A0126_018   2.171 -14.572 -12.401
ARG01A0126_019   1.646 -14.728 -13.082
ARG01A0126_020   2.130 -14.389 -12.259
ARG02A0126_021   1.328 -14.453 -13.125
ARG02A0126_022   1.875 -13.824 -11.949
ARG02A0126_023   4.301 -14.482 -10.181
ARG02A0126_024   2.657 -14.170 -11.512
ARG02A0126_025   2.062 -14.280 -12.217
ARG02A0126_026   2.239 -14.106 -11.867
ARG02A0126_027   1.972 -14.977 -13.005
ARG02A0126_028   1.734 -14.101 -12.367
ARG02A0126_029   1.672 -14.345 -12.673
ARG02A0126_030   1.322 -14.137 -12.815
ARG02A0126_031   1.597 -14.593 -12.997
ARG02A0126_032   1.661 -14.992 -13.331
ARG02A0126_033   1.584 -14.808 -13.224
ARG02A0126_034   2.457 -14.333 -11.876
ARG02A0126_035   1.959 -14.623 -12.664
ARG02A0126_036   1.735 -14.527 -12.792
ARG02A0126_037   3.192 -14.765 -11.574
ARG02A0126_038   1.616 -15.031 -13.415
ARG02A0126_039   3.627 -14.915 -11.288
ARG02A0126_040   4.374 -13.955  -9.581
ARG03A0126_041   1.319 -14.453 -13.134
ARG03A0126_042   1.920 -13.930 -12.010
ARG03A0126_043   3.594 -14.919 -11.325
ARG03A0126_044   1.662 -14.053 -12.391
ARG03A0126_045   4.294 -14.546 -10.252
ARG03A0126_046   2.176 -14.048 -11.872
ARG03A0126_047   1.582 -14.725 -13.143
ARG03A0126_048   2.285 -14.273 -11.988
ARG03A0126_049   1.908 -14.475 -12.567
ARG03A0126_050   1.504 -14.967 -13.463
ARG03A0126_051   1.664 -15.057 -13.393
ARG03A0126_052   1.752 -14.607 -12.855
ARG03A0126_053   1.548 -14.917 -13.369
ARG03A0126_054   2.475 -14.333 -11.857
ARG03A0126_055   2.678 -14.170 -11.492
ARG03A0126_056   1.308 -14.365 -13.057
ARG03A0126_057   3.231 -15.016 -11.786
ARG03A0126_058   1.942 -14.948 -13.006
ARG03A0126_059   1.574 -14.473 -12.900
ARG03A0126_060   4.118 -14.083  -9.965
ARG+1A0126_061   1.281 -14.453 -13.172
ARG+1A0126_062   1.706 -14.607 -12.901
ARG+1A0126_063   1.493 -15.099 -13.606
ARG+1A0126_064   1.919 -14.961 -13.042
ARG+1A0126_065   1.618 -14.261 -12.643
ARG+1A0126_066   1.635 -14.101 -12.466
ARG+1A0126_067   2.650 -14.170 -11.520
ARG+1A0126_068   1.241 -14.381 -13.140
ARG+1A0126_069   2.080 -13.924 -11.843
ARG+1A0126_070   3.168 -14.897 -11.729
ARG+1A0126_071   1.622 -14.992 -13.370
ARG+1A0126_072   1.877 -14.555 -12.678
ARG+1A0126_073   1.867 -13.955 -12.088
ARG+1A0126_074   1.543 -14.937 -13.394
ARG+1A0126_075   3.578 -14.915 -11.337
ARG+1A0126_076   4.268 -14.067  -9.799
ARG+1A0126_077   2.423 -14.333 -11.909
ARG+1A0126_078   4.385 -14.597 -10.212
ARG+1A0126_079   1.532 -14.860 -13.328
ARG+1A0126_080   2.283 -14.158 -11.875
