CONFORMER         crg  vdw0  vdw1  tors  epol  self   occ  Hb     history    ASA
LYS01A0136_001  0.000-10.12  2.61  1.46  0.00 -6.05 0.503  00  01O000M000  1.000
LYS01A0136_002  0.000 -9.34  2.87  1.85  0.00 -4.62 0.503  00  01E004M000  1.000
LYS01A0136_003  0.000 -8.38  2.86  2.01  0.00 -3.50 0.503  00  01E012M000  1.000
LYS01A0136_004  0.000-10.58  2.68  3.45  0.00 -4.46 0.503  00  01E023M000  1.000
LYS01A0136_005  0.000-10.31  8.04  1.83  0.00 -0.44 0.504  00  01E034M000  1.000
LYS01A0136_006  0.000-10.34  4.26  1.49  0.00 -4.59 0.504  00  01E03AM000  1.000
LYS01A0136_007  0.000 -5.41  2.38  0.81  0.00 -2.22 0.505  00  01E051M000  1.000
LYS01A0136_008  0.000 -8.84  2.77  4.07  0.00 -2.00 0.504  00  01E05EM000  1.000
LYS01A0136_009  0.000-10.41  5.94  2.09  0.00 -2.39 0.502  00  01E086M000  1.000
LYS01A0136_010  0.000 -9.61  7.89  1.87  0.00  0.15 0.504  00  01E08AM000  1.000
LYS01A0136_011  0.000-10.55  7.84  1.32  0.00 -1.39 0.503  00  01T001M000  1.000
LYS01A0136_012  0.000-11.58  7.91  1.26  0.00 -2.41 0.504  00  01T01BM000  1.000
LYS01A0136_013  0.000-10.74  3.45  1.80  0.00 -5.49 0.504  00  01T030M000  1.000
LYS01A0136_014  0.000 -9.10  2.91  4.45  0.00 -1.75 0.503  00  01T043M000  1.000
LYS01A0136_015  0.000-10.89  2.73  2.95  0.00 -5.21 0.502  00  01T05AM000  1.000
LYS01A0136_016  0.000 -9.72  2.87  2.15  0.00 -4.70 0.503  00  01T05DM000  1.000
LYS01A0136_017  0.000 -8.91  4.90  1.93  0.00 -2.09 0.504  00  01T069M000  1.000
LYS01A0136_018  0.000 -8.10  4.20  1.43  0.00 -2.46 0.503  00  01T06BM000  1.000
LYS01A0136_019  0.000-10.11  3.15  1.80  0.00 -5.15 0.503  00  01T081M000  1.000
LYS+1A0136_020  1.000-10.19  2.61  1.46  0.00 -6.12 0.503  00  +1O000M000  1.000
LYS+1A0136_021  1.000-10.80  3.47  1.81  0.00 -5.52 0.504  00  +1E030M000  1.000
LYS+1A0136_022  1.000 -5.47  2.37  0.81  0.00 -2.29 0.505  00  +1E051M000  1.000
LYS+1A0136_023  1.000-10.92  2.73  3.01  0.00 -5.18 0.502  00  +1E05AM000  1.000
LYS+1A0136_024  1.000 -9.78  2.72  4.10  0.00 -2.97 0.503  00  +1E05CM000  1.000
LYS+1A0136_025  1.000-10.04  3.16  1.81  0.00 -5.06 0.503  00  +1E081M000  1.000
LYS+1A0136_026  1.000-10.45  5.95  2.09  0.00 -2.41 0.502  00  +1E086M000  1.000
LYS+1A0136_027  1.000 -9.68  7.95  1.88  0.00  0.15 0.504  00  +1E08AM000  1.000
LYS+1A0136_028  1.000-10.44  7.88  1.34  0.00 -1.23 0.503  00  +1T001M000  1.000
LYS+1A0136_029  1.000 -9.34  2.87  1.86  0.00 -4.61 0.503  00  +1T004M000  1.000
LYS+1A0136_030  1.000 -8.32  2.89  2.02  0.00 -3.41 0.503  00  +1T012M000  1.000
LYS+1A0136_031  1.000-11.67  7.96  1.28  0.00 -2.42 0.504  00  +1T01BM000  1.000
LYS+1A0136_032  1.000-10.61  2.67  3.52  0.00 -4.41 0.503  00  +1T023M000  1.000
LYS+1A0136_033  1.000-10.30  8.10  1.83  0.00 -0.37 0.504  00  +1T034M000  1.000
LYS+1A0136_034  1.000-10.45  4.29  1.50  0.00 -4.67 0.504  00  +1T03AM000  1.000
LYS+1A0136_035  1.000 -9.31  2.88  4.48  0.00 -1.94 0.503  00  +1T043M000  1.000
LYS+1A0136_036  1.000 -8.81  2.77  4.11  0.00 -1.93 0.504  00  +1T05EM000  1.000
LYS+1A0136_037  1.000 -9.01  4.95  1.95  0.00 -2.11 0.504  00  +1T069M000  1.000
LYS+1A0136_038  1.000 -8.29  4.24  1.44  0.00 -2.61 0.503  00  +1T06BM000  1.000
