iConf CONFORMER     FL  occ    crg   Em0  pKa0 ne nH    vdw0    vdw1    tors    epol   dsolv   extra    history
00001 LYS01A0136_001 f 0.00  0.000     0  0.00  0  0 -10.124   2.612   1.463  -0.006  -0.062   0.000 01O000M000t
00002 LYS01A0136_002 f 0.00  0.000     0  0.00  0  0  -9.331   2.870   1.848   0.003  -0.066   0.000 01E004M000t
00003 LYS01A0136_003 f 0.00  0.000     0  0.00  0  0  -8.371   2.862   2.014   0.019  -0.050   0.000 01E012M000t
00004 LYS01A0136_004 f 0.00  0.000     0  0.00  0  0 -10.581   2.675   3.448  -0.002  -0.064   0.000 01E023M000t
00005 LYS01A0136_005 f 0.00  0.000     0  0.00  0  0 -10.312   8.044   1.834   0.004  -0.064   0.000 01E034M000t
00006 LYS01A0136_006 f 0.00  0.000     0  0.00  0  0 -10.340   4.270   1.488  -0.014  -0.060   0.000 01E03AM000t
00007 LYS01A0136_007 f 0.00  0.000     0  0.00  0  0  -5.409   2.377   0.810  -0.006  -0.056   0.000 01E051M000t
00008 LYS01A0136_008 f 0.00  0.000     0  0.00  0  0  -8.838   2.775   4.071   0.001  -0.061   0.000 01E05EM000t
00009 LYS01A0136_009 f 0.00  0.000     0  0.00  0  0 -10.411   5.924   2.088   0.002  -0.064   0.000 01E086M000t
00010 LYS01A0136_010 f 0.00  0.000     0  0.00  0  0  -9.618   7.890   1.866   0.019  -0.059   0.000 01E08AM000t
00011 LYS01A0136_011 f 0.00  0.000     0  0.00  0  0 -10.549   7.844   1.316  -0.007  -0.061   0.000 01T001M000t
00012 LYS01A0136_012 f 0.00  0.000     0  0.00  0  0 -11.579   7.906   1.259   0.002  -0.061   0.000 01T01BM000t
00013 LYS01A0136_013 f 0.00  0.000     0  0.00  0  0 -10.741   3.449   1.802   0.003  -0.063   0.000 01T030M000t
00014 LYS01A0136_014 f 0.00  0.000     0  0.00  0  0  -9.172   2.911   4.448  -0.010  -0.061   0.000 01T043M000t
00015 LYS01A0136_015 f 0.00  0.000     0  0.00  0  0 -10.889   2.730   2.955  -0.003  -0.062   0.000 01T05AM000t
00016 LYS01A0136_016 f 0.00  0.000     0  0.00  0  0  -9.788   2.872   2.150  -0.001  -0.065   0.000 01T05DM000t
00017 LYS01A0136_017 f 0.00  0.000     0  0.00  0  0  -8.907   4.896   1.928   0.005  -0.058   0.000 01T069M000t
00018 LYS01A0136_018 f 0.00  0.000     0  0.00  0  0  -8.095   4.208   1.428  -0.006  -0.053   0.000 01T06BM000t
00019 LYS01A0136_019 f 0.00  0.000     0  0.00  0  0 -10.112   3.149   1.798   0.002  -0.068   0.000 01T081M000t
00020 LYS+1A0136_020 f 0.00  1.000     0 10.40  0  1 -10.192   2.609   1.463   0.054  -0.997   0.000 +1O000M000t
00021 LYS+1A0136_021 f 0.00  1.000     0 10.40  0  1 -10.798   3.472   1.814  -0.011  -1.014   0.000 +1E030M000t
00022 LYS+1A0136_022 f 0.00  1.000     0 10.40  0  1  -5.467   2.368   0.812  -0.023  -0.978   0.000 +1E051M000t
00023 LYS+1A0136_023 f 0.00  1.000     0 10.40  0  1 -10.917   2.732   3.012   0.012  -1.005   0.000 +1E05AM000t
00024 LYS+1A0136_024 f 0.00  1.000     0 10.40  0  1  -9.785   2.720   4.102  -0.016  -1.008   0.000 +1E05CM000t
00025 LYS+1A0136_025 f 0.00  1.000     0 10.40  0  1 -10.036   3.160   1.811   0.003  -1.013   0.000 +1E081M000t
00026 LYS+1A0136_026 f 0.00  1.000     0 10.40  0  1 -10.451   5.962   2.093   0.003  -1.013   0.000 +1E086M000t
00027 LYS+1A0136_027 f 0.00  1.000     0 10.40  0  1  -9.672   7.956   1.875  -0.096  -0.996   0.000 +1E08AM000t
00028 LYS+1A0136_028 f 0.00  1.000     0 10.40  0  1 -10.447   7.875   1.335  -0.043  -0.992   0.000 +1T001M000t
00029 LYS+1A0136_029 f 0.00  1.000     0 10.40  0  1  -9.341   2.876   1.858   0.048  -0.993   0.000 +1T004M000t
00030 LYS+1A0136_030 f 0.00  1.000     0 10.40  0  1  -8.330   2.890   2.021   0.092  -0.944   0.000 +1T012M000t
00031 LYS+1A0136_031 f 0.00  1.000     0 10.40  0  1 -11.668   7.957   1.277  -0.001  -1.011   0.000 +1T01BM000t
00032 LYS+1A0136_032 f 0.00  1.000     0 10.40  0  1 -10.608   2.669   3.519   0.026  -1.010   0.000 +1T023M000t
00033 LYS+1A0136_033 f 0.00  1.000     0 10.40  0  1 -10.303   8.096   1.834  -0.075  -1.013   0.000 +1T034M000t
00034 LYS+1A0136_034 f 0.00  1.000     0 10.40  0  1 -10.449   4.286   1.497   0.158  -0.975   0.000 +1T03AM000t
00035 LYS+1A0136_035 f 0.00  1.000     0 10.40  0  1  -9.311   2.878   4.488   0.077  -1.000   0.000 +1T043M000t
00036 LYS+1A0136_036 f 0.00  1.000     0 10.40  0  1  -8.824   2.780   4.110   0.010  -1.006   0.000 +1T05EM000t
00037 LYS+1A0136_037 f 0.00  1.000     0 10.40  0  1  -8.941   4.954   1.950  -0.061  -0.994   0.000 +1T069M000t
00038 LYS+1A0136_038 f 0.00  1.000     0 10.40  0  1  -8.296   4.243   1.442  -0.151  -0.946   0.000 +1T06BM000t
