   confID        vdw0    sas     sum
LYS01A0136_001   2.002 -12.126 -10.124
LYS01A0136_002   2.775 -12.107  -9.331
LYS01A0136_003   3.612 -11.983  -8.371
LYS01A0136_004   1.640 -12.222 -10.581
LYS01A0136_005   1.997 -12.308 -10.312
LYS01A0136_006   2.308 -12.648 -10.340
LYS01A0136_007   6.032 -11.441  -5.409
LYS01A0136_008   2.904 -11.742  -8.838
LYS01A0136_009   1.951 -12.362 -10.411
LYS01A0136_010   2.826 -12.444  -9.618
LYS01A0136_011   1.773 -12.322 -10.549
LYS01A0136_012   1.009 -12.588 -11.579
LYS01A0136_013   2.011 -12.752 -10.741
LYS01A0136_014   3.050 -12.222  -9.172
LYS01A0136_015   1.413 -12.302 -10.889
LYS01A0136_016   2.619 -12.408  -9.788
LYS01A0136_017   2.891 -11.798  -8.907
LYS01A0136_018   3.566 -11.661  -8.095
LYS01A0136_019   2.357 -12.469 -10.112
LYS+1A0136_020   1.934 -12.126 -10.192
LYS+1A0136_021   1.953 -12.752 -10.798
LYS+1A0136_022   5.974 -11.441  -5.467
LYS+1A0136_023   1.373 -12.290 -10.917
LYS+1A0136_024   2.668 -12.453  -9.785
LYS+1A0136_025   2.343 -12.379 -10.036
LYS+1A0136_026   1.911 -12.362 -10.451
LYS+1A0136_027   2.772 -12.444  -9.672
LYS+1A0136_028   1.733 -12.180 -10.447
LYS+1A0136_029   2.727 -12.068  -9.341
LYS+1A0136_030   3.551 -11.880  -8.330
LYS+1A0136_031   0.972 -12.639 -11.668
LYS+1A0136_032   1.592 -12.199 -10.608
LYS+1A0136_033   1.954 -12.257 -10.303
LYS+1A0136_034   2.199 -12.648 -10.449
LYS+1A0136_035   3.027 -12.338  -9.311
LYS+1A0136_036   2.880 -11.704  -8.824
LYS+1A0136_037   2.828 -11.769  -8.941
LYS+1A0136_038   3.378 -11.674  -8.296
