CONFORMER         crg  vdw0  vdw1  tors  epol  self   occ  Hb     history    ASA
LYS01A0053_001  0.000-11.27  0.44  1.21  0.00 -9.61 0.502  00  01O000M000  1.000
LYS01A0053_002  0.000-11.80  5.80  1.04  0.00 -4.96 0.502  00  01E008M000  1.000
LYS01A0053_003  0.000 -9.58  0.38  3.92  0.00 -5.28 0.502  00  01E091M000  1.000
LYS01A0053_004  0.000 -7.49  1.66  3.20  0.00 -2.63 0.502  00  01E0A7M000  1.000
LYS01A0053_005  0.000 -8.93  1.63  1.53  0.00 -5.77 0.502  00  01E0AEM000  1.000
LYS01A0053_006  0.000 -7.67  0.50  3.94  0.00 -3.23 0.502  00  01E0C3M000  1.000
LYS01A0053_007  0.000 -9.64  4.32  1.75  0.00 -3.58 0.501  00  01E0D0M000  1.000
LYS01A0053_008  0.000 -7.20  0.60  1.71  0.00 -4.89 0.502  00  01E0D9M000  1.000
LYS01A0053_009  0.000-11.56  6.50  1.28  0.00 -3.78 0.501  00  01T007M000  1.000
LYS01A0053_010  0.000 -9.78  4.61  1.66  0.00 -3.51 0.501  00  01T023M000  1.000
LYS01A0053_011  0.000-10.64  1.76  4.04  0.00 -4.84 0.502  00  01T039M000  1.000
LYS01A0053_012  0.000 -6.30  1.73  2.17  0.00 -2.40 0.502  00  01T03FM000  1.000
LYS01A0053_013  0.000-10.51  3.63  2.97  0.00 -3.91 0.502  00  01T05DM000  1.000
LYS01A0053_014  0.000-10.99  3.68  5.55  0.00 -1.77 0.503  00  01T072M000  1.000
LYS01A0053_015  0.000 -8.11  0.88  3.23  0.00 -3.99 0.502  00  01T09AM000  1.000
LYS01A0053_016  0.000 -8.60  1.55  1.47  0.00 -5.58 0.501  00  01T0AFM000  1.000
LYS01A0053_017  0.000-10.02  3.64  3.79  0.00 -2.60 0.502  00  01T0CEM000  1.000
LYS01A0053_018  0.000-10.73  5.49  5.60  0.00  0.36 0.502  00  01T0EBM000  1.000
LYS+1A0053_019  1.000-11.32  0.44  1.21  0.00 -9.66 0.502  00  +1O000M000  1.000
LYS+1A0053_020  1.000-10.65  1.75  4.04  0.00 -4.85 0.502  00  +1E039M000  1.000
LYS+1A0053_021  1.000 -6.38  1.74  2.18  0.00 -2.47 0.502  00  +1E03FM000  1.000
LYS+1A0053_022  1.000-10.98  3.61  5.67  0.00 -1.70 0.503  00  +1E072M000  1.000
LYS+1A0053_023  1.000 -8.19  0.88  3.25  0.00 -4.06 0.502  00  +1E09AM000  1.000
LYS+1A0053_024  1.000 -7.40  1.67  3.23  0.00 -2.49 0.502  00  +1E0A7M000  1.000
LYS+1A0053_025  1.000 -8.88  1.64  1.54  0.00 -5.70 0.502  00  +1E0AEM000  1.000
LYS+1A0053_026  1.000 -8.63  1.54  1.48  0.00 -5.61 0.501  00  +1E0AFM000  1.000
LYS+1A0053_027  1.000 -9.65  4.46  1.76  0.00 -3.43 0.501  00  +1E0D0M000  1.000
LYS+1A0053_028  1.000-10.78  5.43  5.66  0.00  0.30 0.502  00  +1E0EBM000  1.000
LYS+1A0053_029  1.000-11.56  6.59  1.28  0.00 -3.69 0.501  00  +1T007M000  1.000
LYS+1A0053_030  1.000-11.84  6.15  1.05  0.00 -4.63 0.502  00  +1T008M000  1.000
LYS+1A0053_031  1.000 -9.95  4.59  1.67  0.00 -3.69 0.501  00  +1T023M000  1.000
LYS+1A0053_032  1.000-10.65  3.71  3.10  0.00 -3.84 0.502  00  +1T05DM000  1.000
LYS+1A0053_033  1.000 -9.54  0.38  3.96  0.00 -5.21 0.502  00  +1T091M000  1.000
LYS+1A0053_034  1.000 -7.77  0.50  3.96  0.00 -3.31 0.502  00  +1T0C3M000  1.000
LYS+1A0053_035  1.000-10.20  3.47  3.89  0.00 -2.84 0.502  00  +1T0CEM000  1.000
LYS+1A0053_036  1.000 -8.49  0.65  4.24  0.00 -3.59 0.502  00  +1T0DAM000  1.000
