iConf CONFORMER     FL  occ    crg   Em0  pKa0 ne nH    vdw0    vdw1    tors    epol   dsolv   extra    history
00001 LYS01A0053_001 f 0.00  0.000     0  0.00  0  0 -11.266   0.445   1.213  -0.010  -0.933   0.000 01O000M000t
00002 LYS01A0053_002 f 0.00  0.000     0  0.00  0  0 -11.803   5.810   1.038  -0.025  -0.950   0.000 01E008M000t
00003 LYS01A0053_003 f 0.00  0.000     0  0.00  0  0  -9.579   0.380   3.921  -0.014  -0.938   0.000 01E091M000t
00004 LYS01A0053_004 f 0.00  0.000     0  0.00  0  0  -7.544   1.658   3.204  -0.004  -0.987   0.000 01E0A7M000t
00005 LYS01A0053_005 f 0.00  0.000     0  0.00  0  0  -8.871   1.632   1.528   0.003  -0.937   0.000 01E0AEM000t
00006 LYS01A0053_006 f 0.00  0.000     0  0.00  0  0  -7.618   0.500   3.940  -0.012  -0.964   0.000 01E0C3M000t
00007 LYS01A0053_007 f 0.00  0.000     0  0.00  0  0  -9.640   4.322   1.746  -0.026  -0.894   0.000 01E0D0M000t
00008 LYS01A0053_008 f 0.00  0.000     0  0.00  0  0  -7.201   0.603   1.712  -0.027  -0.868   0.000 01E0D9M000t
00009 LYS01A0053_009 f 0.00  0.000     0  0.00  0  0 -11.567   6.484   1.284  -0.033  -0.920   0.000 01T007M000t
00010 LYS01A0053_010 f 0.00  0.000     0  0.00  0  0  -9.781   4.606   1.661  -0.003  -0.976   0.000 01T023M000t
00011 LYS01A0053_011 f 0.00  0.000     0  0.00  0  0 -10.646   1.764   4.040  -0.024  -0.964   0.000 01T039M000t
00012 LYS01A0053_012 f 0.00  0.000     0  0.00  0  0  -6.273   1.729   2.172  -0.006  -0.903   0.000 01T03FM000t
00013 LYS01A0053_013 f 0.00  0.000     0  0.00  0  0 -10.518   3.629   2.974  -0.001  -0.965   0.000 01T05DM000t
00014 LYS01A0053_014 f 0.00  0.000     0  0.00  0  0 -10.992   3.694   5.550  -0.018  -0.891   0.000 01T072M000t
00015 LYS01A0053_015 f 0.00  0.000     0  0.00  0  0  -8.103   0.883   3.232   0.003  -0.958   0.000 01T09AM000t
00016 LYS01A0053_016 f 0.00  0.000     0  0.00  0  0  -8.667   1.543   1.474  -0.008  -0.901   0.000 01T0AFM000t
00017 LYS01A0053_017 f 0.00  0.000     0  0.00  0  0 -10.025   3.640   3.790  -0.192  -0.857   0.000 01T0CEM000t
00018 LYS01A0053_018 f 0.00  0.000     0  0.00  0  0 -10.734   5.498   5.597  -0.037  -1.026   0.000 01T0EBM000t
00019 LYS+1A0053_019 f 0.00  1.000     0 10.40  0  1 -11.316   0.444   1.213   0.046 -13.001   0.000 +1O000M000t
00020 LYS+1A0053_020 f 0.00  1.000     0 10.40  0  1 -10.647   1.755   4.041   0.159 -12.964   0.000 +1E039M000t
00021 LYS+1A0053_021 f 0.00  1.000     0 10.40  0  1  -6.386   1.734   2.178   0.046 -12.966   0.000 +1E03FM000t
00022 LYS+1A0053_022 f 0.00  1.000     0 10.40  0  1 -10.986   3.610   5.673   0.095 -12.938   0.000 +1E072M000t
00023 LYS+1A0053_023 f 0.00  1.000     0 10.40  0  1  -8.194   0.888   3.246   0.089 -12.644   0.000 +1E09AM000t
00024 LYS+1A0053_024 f 0.00  1.000     0 10.40  0  1  -7.404   1.674   3.236   0.009 -12.902   0.000 +1E0A7M000t
00025 LYS+1A0053_025 f 0.00  1.000     0 10.40  0  1  -8.873   1.640   1.538   0.091 -12.933   0.000 +1E0AEM000t
00026 LYS+1A0053_026 f 0.00  1.000     0 10.40  0  1  -8.626   1.544   1.483   0.070 -12.909   0.000 +1E0AFM000t
00027 LYS+1A0053_027 f 0.00  1.000     0 10.40  0  1  -9.645   4.470   1.755   0.126 -12.659   0.000 +1E0D0M000t
00028 LYS+1A0053_028 f 0.00  1.000     0 10.40  0  1 -10.782   5.425   5.663   0.174 -12.983   0.000 +1E0EBM000t
00029 LYS+1A0053_029 f 0.00  1.000     0 10.40  0  1 -11.564   6.589   1.278   0.112 -12.934   0.000 +1T007M000t
00030 LYS+1A0053_030 f 0.00  1.000     0 10.40  0  1 -11.840   6.175   1.053   0.131 -12.928   0.000 +1T008M000t
00031 LYS+1A0053_031 f 0.00  1.000     0 10.40  0  1  -9.953   4.595   1.669   0.017 -13.062   0.000 +1T023M000t
00032 LYS+1A0053_032 f 0.00  1.000     0 10.40  0  1 -10.648   3.708   3.105  -0.021 -12.930   0.000 +1T05DM000t
00033 LYS+1A0053_033 f 0.00  1.000     0 10.40  0  1  -9.540   0.378   3.959   0.020 -13.050   0.000 +1T091M000t
00034 LYS+1A0053_034 f 0.00  1.000     0 10.40  0  1  -7.765   0.503   3.962   0.042 -13.030   0.000 +1T0C3M000t
00035 LYS+1A0053_035 f 0.00  1.000     0 10.40  0  1 -10.209   3.475   3.890   0.702 -12.354   0.000 +1T0CEM000t
00036 LYS+1A0053_036 f 0.00  1.000     0 10.40  0  1  -8.488   0.656   4.243   0.065 -12.900   0.000 +1T0DAM000t
