   confID        vdw0    sas     sum
LYS01A0053_001   1.201 -12.466 -11.266
LYS01A0053_002   0.792 -12.595 -11.803
LYS01A0053_003   2.968 -12.547  -9.579
LYS01A0053_004   4.764 -12.308  -7.544
LYS01A0053_005   3.175 -12.046  -8.871
LYS01A0053_006   4.063 -11.681  -7.618
LYS01A0053_007   2.522 -12.162  -9.640
LYS01A0053_008   4.868 -12.068  -7.201
LYS01A0053_009   1.082 -12.649 -11.567
LYS01A0053_010   2.161 -11.942  -9.781
LYS01A0053_011   2.087 -12.734 -10.646
LYS01A0053_012   6.390 -12.662  -6.273
LYS01A0053_013   1.656 -12.174 -10.518
LYS01A0053_014   1.478 -12.470 -10.992
LYS01A0053_015   3.805 -11.908  -8.103
LYS01A0053_016   3.388 -12.055  -8.667
LYS01A0053_017   2.602 -12.626 -10.025
LYS01A0053_018   1.906 -12.641 -10.734
LYS+1A0053_019   1.150 -12.466 -11.316
LYS+1A0053_020   2.035 -12.682 -10.647
LYS+1A0053_021   6.292 -12.679  -6.386
LYS+1A0053_022   1.432 -12.419 -10.986
LYS+1A0053_023   3.714 -11.908  -8.194
LYS+1A0053_024   4.828 -12.231  -7.404
LYS+1A0053_025   3.121 -11.995  -8.873
LYS+1A0053_026   3.365 -11.991  -8.626
LYS+1A0053_027   2.424 -12.069  -9.645
LYS+1A0053_028   1.872 -12.654 -10.782
LYS+1A0053_029   1.033 -12.598 -11.564
LYS+1A0053_030   0.742 -12.582 -11.840
LYS+1A0053_031   2.104 -12.057  -9.953
LYS+1A0053_032   1.616 -12.264 -10.648
LYS+1A0053_033   2.939 -12.479  -9.540
LYS+1A0053_034   4.035 -11.800  -7.765
LYS+1A0053_035   2.553 -12.762 -10.209
LYS+1A0053_036   3.425 -11.913  -8.488
