CONFORMER         crg  vdw0  vdw1  tors  epol  self   occ  Hb     history    ASA
GLU01A0101_001  0.000 -1.70  0.72  3.14  0.00  2.16 0.544  00  01O000M000  1.014
GLU01A0101_002  0.000 -3.79  0.27  3.81  0.00  0.29 0.541  00  01E00AM000  1.025
GLU01A0101_003  0.000 -1.70  0.72  0.42  0.00 -0.56 0.544  00  01O000M000  1.014
GLU01A0101_004  0.000 -2.14  0.93  0.28  0.00 -0.93 0.542  00  01E001M000  1.031
GLU01A0101_005  0.000 -2.41  1.26  0.36  0.00 -0.79 0.541  00  01E003M000  1.005
GLU01A0101_006  0.000 -2.93  1.30  0.43  0.00 -1.21 0.539  00  01E009M000  1.029
GLU01A0101_007  0.000 -3.07  0.79  3.14  0.00  0.86 0.540  00  01T005M000  1.000
GLU01A0101_008  0.000 -3.08  0.86  3.14  0.00  0.91 0.544  00  01T007M000  1.030
GLU01A0101_009  0.000 -2.15  0.93  3.00  0.00  1.78 0.542  00  01T001M000  1.032
GLU01A0101_010  0.000 -2.93  1.30  3.14  0.00  1.50 0.539  00  01T009M000  1.029
GLU01A0101_011  0.000 -3.50  1.57  3.28  0.00  1.34 0.541  00  01T00BM000  1.029
GLU01A0101_012  0.000 -3.09  0.79  0.42  0.00 -1.88 0.540  00  01T005M000  1.006
GLU01A0101_013  0.000 -3.01  0.86  0.42  0.00 -1.74 0.544  00  01T007M000  1.014
GLU01A0101_014  0.000 -3.50  1.57  0.56  0.00 -1.38 0.541  00  01T00BM000  1.029
GLU02A0101_015  0.000 -2.29  0.73  3.14  0.00  1.58 0.544  00  02O000M000  1.003
GLU02A0101_016  0.000 -2.60  1.27  3.01  0.00  1.67 0.539  00  02E002M000  1.035
GLU02A0101_017  0.000 -2.70  1.29  3.18  0.00  1.77 0.539  00  02E009M000  1.017
GLU02A0101_018  0.000 -2.32  0.73  0.42  0.00 -1.17 0.544  00  02O000M000  1.008
GLU02A0101_019  0.000 -2.80  1.30  0.42  0.00 -1.09 0.539  00  02E009M000  1.026
GLU02A0101_020  0.000 -2.61  0.77  3.18  0.00  1.35 0.540  00  02T005M000  1.000
GLU02A0101_021  0.000 -3.73  0.97  3.83  0.00  1.07 0.541  00  02T006M000  1.006
GLU02A0101_022  0.000 -2.82  0.83  3.13  0.00  1.15 0.544  00  02T007M000  1.014
GLU02A0101_023  0.000 -3.79  0.27  3.72  0.00  0.21 0.541  00  02T00AM000  1.011
GLU02A0101_024  0.000 -3.33  1.54  3.30  0.00  1.51 0.541  00  02T00BM000  1.015
GLU02A0101_025  0.000 -2.61  0.77  0.46  0.00 -1.37 0.540  00  02T005M000  1.000
GLU02A0101_026  0.000 -3.84  0.31  1.10  0.00 -2.43 0.541  00  02T00AM000  1.011
GLU02A0101_027  0.000 -2.82  0.83  0.41  0.00 -1.57 0.544  00  02T007M000  1.014
GLU02A0101_028  0.000 -3.33  1.54  0.58  0.00 -1.21 0.541  00  02T00BM000  1.015
GLU-1A0101_029 -1.000 -2.13  0.74  0.42  0.00 -0.97 0.544  00  -1O000M000  1.003
GLU-1A0101_030 -1.000 -3.69  0.99  1.05  0.00 -1.64 0.541  00  -1E006M000  1.003
GLU-1A0101_031 -1.000 -3.75  1.26  1.05  0.00 -1.43 0.544  00  -1E008M000  1.018
GLU-1A0101_032 -1.000 -3.82  0.30  1.04  0.00 -2.48 0.541  00  -1E00AM000  1.011
GLU-1A0101_033 -1.000 -3.40  1.47  0.56  0.00 -1.37 0.541  00  -1E00BM000  1.030
