iConf CONFORMER     FL  occ    crg   Em0  pKa0 ne nH    vdw0    vdw1    tors    epol   dsolv   extra    history
00001 GLU01A0101_001 f 0.00  0.000     0  0.00  0  0  -1.707   0.722   3.141   0.041  -0.141   0.000 01O000M000t
00002 GLU01A0101_002 f 0.00  0.000     0  0.00  0  0  -3.794   0.276   3.806   0.061  -0.148   0.000 01E00AM000t
00003 GLU01A0101_003 f 0.00  0.000     0  0.00  0  0  -1.707   0.722   0.421   0.012  -0.112   0.000 01O000M000t
00004 GLU01A0101_004 f 0.00  0.000     0  0.00  0  0  -2.142   0.926   0.283   0.005  -0.112   0.000 01E001M000t
00005 GLU01A0101_005 f 0.00  0.000     0  0.00  0  0  -2.409   1.259   0.357   0.015  -0.109   0.000 01E003M000t
00006 GLU01A0101_006 f 0.00  0.000     0  0.00  0  0  -2.934   1.299   0.427   0.009  -0.109   0.000 01E009M000t
00007 GLU01A0101_007 f 0.00  0.000     0  0.00  0  0  -3.068   0.788   3.144  -0.005  -0.161   0.000 01T005M000t
00008 GLU01A0101_008 f 0.00  0.000     0  0.00  0  0  -3.077   0.855   3.136   0.013  -0.155   0.000 01T007M000t
00009 GLU01A0101_009 f 0.00  0.000     0  0.00  0  0  -2.145   0.927   2.999   0.024  -0.141   0.000 01T001M000t
00010 GLU01A0101_010 f 0.00  0.000     0  0.00  0  0  -2.931   1.299   3.140   0.021  -0.159   0.000 01T009M000t
00011 GLU01A0101_011 f 0.00  0.000     0  0.00  0  0  -3.504   1.573   3.275   0.050  -0.151   0.000 01T00BM000t
00012 GLU01A0101_012 f 0.00  0.000     0  0.00  0  0  -3.094   0.788   0.424   0.004  -0.110   0.000 01T005M000t
00013 GLU01A0101_013 f 0.00  0.000     0  0.00  0  0  -3.007   0.855   0.416   0.004  -0.108   0.000 01T007M000t
00014 GLU01A0101_014 f 0.00  0.000     0  0.00  0  0  -3.504   1.573   0.555   0.016  -0.107   0.000 01T00BM000t
00015 GLU02A0101_015 f 0.00  0.000     0  0.00  0  0  -2.294   0.730   3.141  -0.008  -0.157   0.000 02O000M000t
00016 GLU02A0101_016 f 0.00  0.000     0  0.00  0  0  -2.596   1.269   3.005   0.018  -0.154   0.000 02E002M000t
00017 GLU02A0101_017 f 0.00  0.000     0  0.00  0  0  -2.699   1.289   3.181   0.024  -0.147   0.000 02E009M000t
00018 GLU02A0101_018 f 0.00  0.000     0  0.00  0  0  -2.319   0.730   0.421   0.001  -0.110   0.000 02O000M000t
00019 GLU02A0101_019 f 0.00  0.000     0  0.00  0  0  -2.803   1.296   0.418   0.008  -0.110   0.000 02E009M000t
00020 GLU02A0101_020 f 0.00  0.000     0  0.00  0  0  -2.604   0.772   3.183   0.036  -0.145   0.000 02T005M000t
00021 GLU02A0101_021 f 0.00  0.000     0  0.00  0  0  -3.727   0.971   3.827   0.028  -0.160   0.000 02T006M000t
00022 GLU02A0101_022 f 0.00  0.000     0  0.00  0  0  -2.813   0.836   3.129   0.031  -0.145   0.000 02T007M000t
00023 GLU02A0101_023 f 0.00  0.000     0  0.00  0  0  -3.791   0.270   3.722  -0.028  -0.141   0.000 02T00AM000t
00024 GLU02A0101_024 f 0.00  0.000     0  0.00  0  0  -3.335   1.536   3.302   0.017  -0.141   0.000 02T00BM000t
00025 GLU02A0101_025 f 0.00  0.000     0  0.00  0  0  -2.604   0.772   0.463   0.012  -0.110   0.000 02T005M000t
00026 GLU02A0101_026 f 0.00  0.000     0  0.00  0  0  -3.840   0.306   1.101   0.013  -0.108   0.000 02T00AM000t
00027 GLU02A0101_027 f 0.00  0.000     0  0.00  0  0  -2.813   0.836   0.409   0.008  -0.112   0.000 02T007M000t
00028 GLU02A0101_028 f 0.00  0.000     0  0.00  0  0  -3.335   1.536   0.582   0.002  -0.108   0.000 02T00BM000t
00029 GLU-1A0101_029 f 0.00 -1.000     0  4.75  0 -1  -2.134   0.741   0.421  -0.046  -1.026   0.000 -1O000M000t
00030 GLU-1A0101_030 f 0.00 -1.000     0  4.75  0 -1  -3.686   0.991   1.050  -0.059  -1.031   0.000 -1E006M000t
00031 GLU-1A0101_031 f 0.00 -1.000     0  4.75  0 -1  -3.750   1.266   1.051  -0.067  -1.030   0.000 -1E008M000t
00032 GLU-1A0101_032 f 0.00 -1.000     0  4.75  0 -1  -3.818   0.292   1.043   0.002  -1.006   0.000 -1E00AM000t
00033 GLU-1A0101_033 f 0.00 -1.000     0  4.75  0 -1  -3.404   1.471   0.560  -0.094  -1.005   0.000 -1E00BM000t
