   confID        vdw0    sas     sum
GLU01A0101_001   2.799  -4.506  -1.707
GLU01A0101_002   0.955  -4.748  -3.794
GLU01A0101_003   2.799  -4.506  -1.707
GLU01A0101_004   2.524  -4.666  -2.142
GLU01A0101_005   2.387  -4.795  -2.409
GLU01A0101_006   1.678  -4.612  -2.934
GLU01A0101_007   1.498  -4.567  -3.068
GLU01A0101_008   1.513  -4.590  -3.077
GLU01A0101_009   2.526  -4.671  -2.145
GLU01A0101_010   1.681  -4.612  -2.931
GLU01A0101_011   1.459  -4.964  -3.504
GLU01A0101_012   1.498  -4.592  -3.094
GLU01A0101_013   1.513  -4.519  -3.007
GLU01A0101_014   1.459  -4.964  -3.504
GLU02A0101_015   2.265  -4.559  -2.294
GLU02A0101_016   2.026  -4.622  -2.596
GLU02A0101_017   1.869  -4.568  -2.699
GLU02A0101_018   2.265  -4.585  -2.319
GLU02A0101_019   1.838  -4.641  -2.803
GLU02A0101_020   1.913  -4.518  -2.604
GLU02A0101_021   0.898  -4.625  -3.727
GLU02A0101_022   1.859  -4.672  -2.813
GLU02A0101_023   0.997  -4.788  -3.791
GLU02A0101_024   1.559  -4.894  -3.335
GLU02A0101_025   1.913  -4.518  -2.604
GLU02A0101_026   0.911  -4.752  -3.840
GLU02A0101_027   1.859  -4.672  -2.813
GLU02A0101_028   1.559  -4.894  -3.335
GLU-1A0101_029   2.177  -4.311  -2.134
GLU-1A0101_030   0.775  -4.461  -3.686
GLU-1A0101_031   0.775  -4.526  -3.750
GLU-1A0101_032   0.788  -4.606  -3.818
GLU-1A0101_033   1.305  -4.709  -3.404
