iConf CONFORMER     FL  occ    crg   Em0  pKa0 ne nH    vdw0    vdw1    tors    epol   dsolv   extra    history
00001 TYR01A0113_001 f 0.00  0.000     0  0.00  0  0  -9.793   0.598   0.066   0.012  -0.373   0.000 01O000M000t
00002 TYR01A0113_002 f 0.00  0.000     0  0.00  0  0 -10.603   7.791   0.024   0.025  -0.356   0.000 01E004M000t
00003 TYR01A0113_003 f 0.00  0.000     0  0.00  0  0  -9.928   4.598   0.051   0.107  -0.376   0.000 01E00AM000t
00004 TYR01A0113_004 f 0.00  0.000     0  0.00  0  0 -10.126   3.762   2.721   0.030  -0.377   0.000 01E00BM000t
00005 TYR01A0113_005 f 0.00  0.000     0  0.00  0  0  -9.847   2.194   0.058   0.044  -0.372   0.000 01T002M000t
00006 TYR01A0113_006 f 0.00  0.000     0  0.00  0  0 -10.547   5.080   2.727   0.021  -0.369   0.000 01T007M000t
00007 TYR01A0113_007 f 0.00  0.000     0  0.00  0  0  -9.900   2.109   0.059   0.055  -0.365   0.000 01T008M000t
00008 TYR01A0113_008 f 0.00  0.000     0  0.00  0  0  -9.404   2.348   2.729   0.009  -0.380   0.000 01T00CM000t
00009 TYR01A0113_009 f 0.00  0.000     0  0.00  0  0 -10.428   5.148   2.728   0.020  -0.383   0.000 01T001M000t
00010 TYR01A0113_010 f 0.00  0.000     0  0.00  0  0  -8.996   2.363   2.729   0.009  -0.380   0.000 01T003M000t
00011 TYR01A0113_011 f 0.00  0.000     0  0.00  0  0 -10.270   6.724   0.028   0.017  -0.391   0.000 01T006M000t
00012 TYR01A0113_012 f 0.00  0.000     0  0.00  0  0  -9.842   3.609   2.721   0.025  -0.382   0.000 01T00DM000t
00013 TYR01A0113_013 f 0.00  0.000     0  0.00  0  0  -9.876   0.572   0.061   0.014  -0.414   0.000 01T005M000t
00014 TYR01A0113_014 f 0.00  0.000     0  0.00  0  0  -9.869   4.624   0.051   0.113  -0.364   0.000 01T009M000t
00015 TYR-1A0113_015 f 0.00 -1.000     0 10.20  0 -1  -9.793   0.598   0.066  -0.063  -3.028   0.000 -1O000M000t
00016 TYR-1A0113_016 f 0.00 -1.000     0 10.20  0 -1  -9.794   4.642   0.048   0.203  -2.990   0.000 -1E009M000t
00017 TYR-1A0113_017 f 0.00 -1.000     0 10.20  0 -1  -9.561   2.336   2.727  -0.025  -3.039   0.000 -1E00CM000t
00018 TYR-1A0113_018 f 0.00 -1.000     0 10.20  0 -1  -9.875   3.630   2.717  -0.010  -3.043   0.000 -1E00DM000t
00019 TYR-1A0113_019 f 0.00 -1.000     0 10.20  0 -1 -10.425   5.134   2.726  -0.056  -3.020   0.000 -1T001M000t
00020 TYR-1A0113_020 f 0.00 -1.000     0 10.20  0 -1  -9.845   2.186   0.058   0.086  -3.033   0.000 -1T002M000t
00021 TYR-1A0113_021 f 0.00 -1.000     0 10.20  0 -1  -9.017   2.357   2.728  -0.025  -3.042   0.000 -1T003M000t
00022 TYR-1A0113_022 f 0.00 -1.000     0 10.20  0 -1 -10.612   7.764   0.022  -0.055  -3.038   0.000 -1T004M000t
00023 TYR-1A0113_023 f 0.00 -1.000     0 10.20  0 -1  -9.882   0.572   0.060  -0.059  -3.030   0.000 -1T005M000t
00024 TYR-1A0113_024 f 0.00 -1.000     0 10.20  0 -1 -10.274   6.707   0.025  -0.054  -3.039   0.000 -1T006M000t
00025 TYR-1A0113_025 f 0.00 -1.000     0 10.20  0 -1 -10.547   5.084   2.726  -0.054  -3.021   0.000 -1T007M000t
00026 TYR-1A0113_026 f 0.00 -1.000     0 10.20  0 -1  -9.903   2.101   0.058   0.083  -3.007   0.000 -1T008M000t
00027 TYR-1A0113_027 f 0.00 -1.000     0 10.20  0 -1 -10.030   4.501   0.048   0.203  -2.992   0.000 -1T00AM000t
00028 TYR-1A0113_028 f 0.00 -1.000     0 10.20  0 -1 -10.167   3.693   2.719  -0.010  -3.038   0.000 -1T00BM000t
