   confID        vdw0    sas     sum
TYR01A0113_001   4.387 -14.180  -9.793
TYR01A0113_002   4.031 -14.634 -10.603
TYR01A0113_003   4.325 -14.253  -9.928
TYR01A0113_004   4.297 -14.423 -10.126
TYR01A0113_005   4.408 -14.256  -9.847
TYR01A0113_006   4.439 -14.985 -10.547
TYR01A0113_007   4.449 -14.349  -9.900
TYR01A0113_008   4.412 -13.816  -9.404
TYR01A0113_009   4.398 -14.826 -10.428
TYR01A0113_010   4.395 -13.391  -8.996
TYR01A0113_011   4.049 -14.319 -10.270
TYR01A0113_012   4.335 -14.177  -9.842
TYR01A0113_013   4.422 -14.297  -9.876
TYR01A0113_014   4.284 -14.153  -9.869
TYR-1A0113_015   4.387 -14.180  -9.793
TYR-1A0113_016   4.294 -14.088  -9.794
TYR-1A0113_017   4.424 -13.984  -9.561
TYR-1A0113_018   4.335 -14.210  -9.875
TYR-1A0113_019   4.401 -14.826 -10.425
TYR-1A0113_020   4.410 -14.256  -9.845
TYR-1A0113_021   4.375 -13.391  -9.017
TYR-1A0113_022   4.038 -14.650 -10.612
TYR-1A0113_023   4.415 -14.297  -9.882
TYR-1A0113_024   4.045 -14.319 -10.274
TYR-1A0113_025   4.439 -14.985 -10.547
TYR-1A0113_026   4.446 -14.349  -9.903
TYR-1A0113_027   4.325 -14.355 -10.030
TYR-1A0113_028   4.306 -14.473 -10.167
