CONFORMER         crg  vdw0  vdw1  tors  epol  self   occ  Hb     history    ASA
LYS01A0110_001  0.000-11.33  0.34  1.57  0.00 -9.42 0.501  00  01O000M000  1.000
LYS01A0110_002  0.000 -8.85  0.19  2.58  0.00 -6.07 0.502  00  01E031M000  1.000
LYS01A0110_003  0.000-10.49  1.68  3.87  0.00 -4.95 0.502  00  01E04DM000  1.000
LYS01A0110_004  0.000 -9.89  1.74  3.76  0.00 -4.40 0.502  00  01E091M000  1.000
LYS01A0110_005  0.000-10.61  0.18  4.20  0.00 -6.22 0.501  00  01E099M000  1.000
LYS01A0110_006  0.000-10.54  3.45  2.81  0.00 -4.28 0.501  00  01E0A9M000  1.000
LYS01A0110_007  0.000-10.04  2.04  1.70  0.00 -6.30 0.502  00  01E0B4M000  1.000
LYS01A0110_008  0.000 -8.59  0.95  3.31  0.00 -4.33 0.501  00  01E0C4M000  1.000
LYS01A0110_009  0.000-11.00  3.61  4.49  0.00 -2.90 0.502  00  01E0E8M000  1.000
LYS01A0110_010  0.000 -7.54  2.75  2.30  0.00 -2.50 0.502  00  01E105M000  1.000
LYS01A0110_011  0.000-10.30  3.85  1.75  0.00 -4.71 0.502  00  01E117M000  1.000
LYS01A0110_012  0.000-10.96  1.48  1.82  0.00 -7.67 0.502  00  01T021M000  1.000
LYS01A0110_013  0.000-11.69  3.82  1.72  0.00 -6.15 0.501  00  01T03FM000  1.000
LYS01A0110_014  0.000-10.23  2.05  1.19  0.00 -6.99 0.501  00  01T059M000  1.000
LYS01A0110_015  0.000 -8.79  2.49  2.08  0.00 -4.22 0.501  00  01T078M000  1.000
LYS01A0110_016  0.000-11.13  3.88  1.55  0.00 -5.71 0.502  00  01T07FM000  1.000
LYS01A0110_017  0.000 -9.66  1.72  3.73  0.00 -4.22 0.502  00  01T087M000  1.000
LYS01A0110_018  0.000-10.20  0.29  1.69  0.00 -8.22 0.501  00  01T09EM000  1.000
LYS01A0110_019  0.000-10.72  2.31  6.13  0.00 -2.27 0.502  00  01T13BM000  1.000
LYS01A0110_020  0.000 -8.18  1.33  3.97  0.00 -2.89 0.501  00  01T140M000  1.000
LYS+1A0110_021  1.000-11.38  0.34  1.57  0.00 -9.47 0.501  00  +1O000M000  1.000
LYS+1A0110_022  1.000-11.00  1.48  1.83  0.00 -7.70 0.502  00  +1E021M000  1.000
LYS+1A0110_023  1.000 -8.86  0.19  2.59  0.00 -6.08 0.502  00  +1E031M000  1.000
LYS+1A0110_024  1.000-11.19  3.88  1.56  0.00 -5.76 0.502  00  +1E07FM000  1.000
LYS+1A0110_025  1.000 -9.79  1.72  3.74  0.00 -4.33 0.502  00  +1E087M000  1.000
LYS+1A0110_026  1.000-10.67  0.18  4.22  0.00 -6.27 0.501  00  +1E099M000  1.000
LYS+1A0110_027  1.000-10.63  3.45  2.82  0.00 -4.36 0.501  00  +1E0A9M000  1.000
LYS+1A0110_028  1.000 -8.84  0.95  3.34  0.00 -4.56 0.501  00  +1E0C4M000  1.000
LYS+1A0110_029  1.000-10.92  3.66  4.51  0.00 -2.75 0.502  00  +1E0E8M000  1.000
LYS+1A0110_030  1.000-10.19  3.83  1.76  0.00 -4.60 0.502  00  +1E117M000  1.000
LYS+1A0110_031  1.000-10.77  2.33  6.15  0.00 -2.29 0.502  00  +1E13BM000  1.000
LYS+1A0110_032  1.000 -8.12  1.33  3.98  0.00 -2.81 0.501  00  +1E140M000  1.000
LYS+1A0110_033  1.000-11.77  3.85  1.73  0.00 -6.20 0.501  00  +1T03FM000  1.000
LYS+1A0110_034  1.000-10.54  1.68  3.87  0.00 -4.98 0.502  00  +1T04DM000  1.000
LYS+1A0110_035  1.000-10.20  2.04  1.20  0.00 -6.96 0.501  00  +1T059M000  1.000
LYS+1A0110_036  1.000 -8.76  2.48  2.09  0.00 -4.19 0.501  00  +1T078M000  1.000
LYS+1A0110_037  1.000 -9.94  1.74  3.76  0.00 -4.44 0.502  00  +1T091M000  1.000
LYS+1A0110_038  1.000-10.23  0.29  1.70  0.00 -8.24 0.501  00  +1T09EM000  1.000
LYS+1A0110_039  1.000-10.13  2.04  1.70  0.00 -6.39 0.502  00  +1T0B4M000  1.000
LYS+1A0110_040  1.000 -7.53  2.75  2.30  0.00 -2.47 0.502  00  +1T105M000  1.000
