iConf CONFORMER     FL  occ    crg   Em0  pKa0 ne nH    vdw0    vdw1    tors    epol   dsolv   extra    history
00001 LYS01A0110_001 f 0.00  0.000     0  0.00  0  0 -11.336   0.398   1.566  -0.005  -0.414   0.000 01O000M000t
00002 LYS01A0110_002 f 0.00  0.000     0  0.00  0  0  -8.857   0.191   2.586  -0.018  -0.460   0.000 01E031M000t
00003 LYS01A0110_003 f 0.00  0.000     0  0.00  0  0 -10.490   1.676   3.868  -0.006  -0.402   0.000 01E04DM000t
00004 LYS01A0110_004 f 0.00  0.000     0  0.00  0  0  -9.900   1.742   3.757  -0.007  -0.391   0.000 01E091M000t
00005 LYS01A0110_005 f 0.00  0.000     0  0.00  0  0 -10.605   0.239   4.204  -0.012  -0.430   0.000 01E099M000t
00006 LYS01A0110_006 f 0.00  0.000     0  0.00  0  0 -10.537   3.506   2.812  -0.007  -0.392   0.000 01E0A9M000t
00007 LYS01A0110_007 f 0.00  0.000     0  0.00  0  0 -10.034   2.098   1.696  -0.005  -0.404   0.000 01E0B4M000t
00008 LYS01A0110_008 f 0.00  0.000     0  0.00  0  0  -8.597   1.006   3.311  -0.013  -0.372   0.000 01E0C4M000t
00009 LYS01A0110_009 f 0.00  0.000     0  0.00  0  0 -10.997   3.605   4.492  -0.010  -0.452   0.000 01E0E8M000t
00010 LYS01A0110_010 f 0.00  0.000     0  0.00  0  0  -7.535   2.738   2.300   0.006  -0.394   0.000 01E105M000t
00011 LYS01A0110_011 f 0.00  0.000     0  0.00  0  0 -10.301   3.844   1.747  -0.028  -0.402   0.000 01E117M000t
00012 LYS01A0110_012 f 0.00  0.000     0  0.00  0  0 -10.966   1.530   1.820  -0.010  -0.468   0.000 01T021M000t
00013 LYS01A0110_013 f 0.00  0.000     0  0.00  0  0 -11.693   3.822   1.721  -0.018  -0.412   0.000 01T03FM000t
00014 LYS01A0110_014 f 0.00  0.000     0  0.00  0  0 -10.231   2.108   1.187  -0.006  -0.401   0.000 01T059M000t
00015 LYS01A0110_015 f 0.00  0.000     0  0.00  0  0  -8.788   2.486   2.081  -0.011  -0.381   0.000 01T078M000t
00016 LYS01A0110_016 f 0.00  0.000     0  0.00  0  0 -11.132   3.877   1.548  -0.030  -0.395   0.000 01T07FM000t
00017 LYS01A0110_017 f 0.00  0.000     0  0.00  0  0  -9.597   1.722   3.728  -0.006  -0.401   0.000 01T087M000t
00018 LYS01A0110_018 f 0.00  0.000     0  0.00  0  0 -10.201   0.344   1.692  -0.006  -0.408   0.000 01T09EM000t
00019 LYS01A0110_019 f 0.00  0.000     0  0.00  0  0 -10.721   2.317   6.135  -0.011  -0.398   0.000 01T13BM000t
00020 LYS01A0110_020 f 0.00  0.000     0  0.00  0  0  -8.171   1.328   3.967  -0.008  -0.403   0.000 01T140M000t
00021 LYS+1A0110_021 f 0.00  1.000     0 10.40  0  1 -11.378   0.397   1.566   0.031  -5.996   0.000 +1O000M000t
00022 LYS+1A0110_022 f 0.00  1.000     0 10.40  0  1 -11.001   1.530   1.826   0.053  -5.934   0.000 +1E021M000t
00023 LYS+1A0110_023 f 0.00  1.000     0 10.40  0  1  -8.854   0.185   2.591   0.071  -5.899   0.000 +1E031M000t
00024 LYS+1A0110_024 f 0.00  1.000     0 10.40  0  1 -11.196   3.876   1.562   0.111  -5.824   0.000 +1E07FM000t
00025 LYS+1A0110_025 f 0.00  1.000     0 10.40  0  1  -9.800   1.719   3.740   0.086  -5.848   0.000 +1E087M000t
00026 LYS+1A0110_026 f 0.00  1.000     0 10.40  0  1 -10.671   0.239   4.215   0.058  -5.862   0.000 +1E099M000t
00027 LYS+1A0110_027 f 0.00  1.000     0 10.40  0  1 -10.629   3.513   2.820   0.031  -5.836   0.000 +1E0A9M000t
00028 LYS+1A0110_028 f 0.00  1.000     0 10.40  0  1  -8.843   1.000   3.338   0.084  -5.699   0.000 +1E0C4M000t
00029 LYS+1A0110_029 f 0.00  1.000     0 10.40  0  1 -10.918   3.659   4.511   0.072  -5.904   0.000 +1E0E8M000t
00030 LYS+1A0110_030 f 0.00  1.000     0 10.40  0  1 -10.264   3.830   1.757   0.109  -5.832   0.000 +1E117M000t
00031 LYS+1A0110_031 f 0.00  1.000     0 10.40  0  1 -10.768   2.336   6.147   0.075  -5.965   0.000 +1E13BM000t
00032 LYS+1A0110_032 f 0.00  1.000     0 10.40  0  1  -8.124   1.328   3.978   0.126  -5.805   0.000 +1E140M000t
00033 LYS+1A0110_033 f 0.00  1.000     0 10.40  0  1 -11.736   3.845   1.730   0.130  -5.898   0.000 +1T03FM000t
00034 LYS+1A0110_034 f 0.00  1.000     0 10.40  0  1 -10.537   1.687   3.871   0.046  -5.915   0.000 +1T04DM000t
00035 LYS+1A0110_035 f 0.00  1.000     0 10.40  0  1 -10.202   2.088   1.204  -0.072  -5.848   0.000 +1T059M000t
00036 LYS+1A0110_036 f 0.00  1.000     0 10.40  0  1  -8.763   2.487   2.095  -0.293  -5.697   0.000 +1T078M000t
00037 LYS+1A0110_037 f 0.00  1.000     0 10.40  0  1  -9.942   1.740   3.763   0.076  -5.829   0.000 +1T091M000t
00038 LYS+1A0110_038 f 0.00  1.000     0 10.40  0  1 -10.220   0.343   1.700   0.063  -5.842   0.000 +1T09EM000t
00039 LYS+1A0110_039 f 0.00  1.000     0 10.40  0  1 -10.125   2.095   1.703  -0.051  -5.837   0.000 +1T0B4M000t
00040 LYS+1A0110_040 f 0.00  1.000     0 10.40  0  1  -7.534   2.756   2.304   0.005  -5.870   0.000 +1T105M000t
