   confID        vdw0    sas     sum
LYS01A0110_001   1.124 -12.459 -11.336
LYS01A0110_002   3.567 -12.424  -8.857
LYS01A0110_003   2.056 -12.546 -10.490
LYS01A0110_004   2.528 -12.429  -9.900
LYS01A0110_005   1.576 -12.180 -10.605
LYS01A0110_006   1.656 -12.193 -10.537
LYS01A0110_007   2.154 -12.187 -10.034
LYS01A0110_008   3.260 -11.857  -8.597
LYS01A0110_009   1.859 -12.856 -10.997
LYS01A0110_010   4.508 -12.042  -7.535
LYS01A0110_011   2.128 -12.429 -10.301
LYS01A0110_012   1.651 -12.617 -10.966
LYS01A0110_013   0.963 -12.656 -11.693
LYS01A0110_014   2.043 -12.274 -10.231
LYS01A0110_015   3.014 -11.802  -8.788
LYS01A0110_016   1.322 -12.454 -11.132
LYS01A0110_017   2.590 -12.187  -9.597
LYS01A0110_018   2.157 -12.358 -10.201
LYS01A0110_019   1.922 -12.643 -10.721
LYS01A0110_020   4.126 -12.297  -8.171
LYS+1A0110_021   1.082 -12.459 -11.378
LYS+1A0110_022   1.616 -12.617 -11.001
LYS+1A0110_023   3.570 -12.424  -8.854
LYS+1A0110_024   1.258 -12.454 -11.196
LYS+1A0110_025   2.532 -12.332  -9.800
LYS+1A0110_026   1.510 -12.180 -10.671
LYS+1A0110_027   1.564 -12.193 -10.629
LYS+1A0110_028   3.052 -11.895  -8.843
LYS+1A0110_029   1.834 -12.753 -10.918
LYS+1A0110_030   2.059 -12.323 -10.264
LYS+1A0110_031   1.875 -12.643 -10.768
LYS+1A0110_032   4.083 -12.207  -8.124
LYS+1A0110_033   0.919 -12.656 -11.736
LYS+1A0110_034   2.009 -12.546 -10.537
LYS+1A0110_035   2.021 -12.222 -10.202
LYS+1A0110_036   2.975 -11.738  -8.763
LYS+1A0110_037   2.487 -12.429  -9.942
LYS+1A0110_038   2.070 -12.290 -10.220
LYS+1A0110_039   2.062 -12.187 -10.125
LYS+1A0110_040   4.509 -12.042  -7.534
