iConf CONFORMER     FL  occ    crg   Em0  pKa0 ne nH    vdw0    vdw1    tors    epol   dsolv   extra    history
00001 ASP01A0019_001 f 0.00  0.000     0  0.00  0  0  -4.303   2.185   3.401   0.155  -0.422   0.000 01O000M000t
00002 ASP01A0019_002 f 0.00  0.000     0  0.00  0  0  -4.539   1.840   3.028   0.368  -0.442   0.000 01E001M000t
00003 ASP01A0019_003 f 0.00  0.000     0  0.00  0  0  -4.007  -0.152   3.960   0.162  -0.557   0.000 01E003M000t
00004 ASP01A0019_004 f 0.00  0.000     0  0.00  0  0  -4.360  -0.018   3.944   0.045  -0.520   0.000 01E009M000t
00005 ASP01A0019_005 f 0.00  0.000     0  0.00  0  0  -4.367   2.185   0.681   0.047  -0.353   0.000 01O000M000t
00006 ASP01A0019_006 f 0.00  0.000     0  0.00  0  0  -4.370   0.047   1.249   0.044  -0.358   0.000 01E009M000t
00007 ASP01A0019_007 f 0.00  0.000     0  0.00  0  0  -4.300   0.243   5.453   0.057  -0.517   0.000 01T008M000t
00008 ASP01A0019_008 f 0.00  0.000     0  0.00  0  0  -4.351   1.367   5.517   0.109  -0.516   0.000 01T004M000t
00009 ASP01A0019_009 f 0.00  0.000     0  0.00  0  0  -4.076   0.174   3.988   0.032  -0.507   0.000 01T006M000t
00010 ASP01A0019_010 f 0.00  0.000     0  0.00  0  0  -4.697   1.160   4.752   0.129  -0.450   0.000 01T007M000t
00011 ASP01A0019_011 f 0.00  0.000     0  0.00  0  0  -4.007  -0.151   1.236   0.090  -0.377   0.000 01T003M000t
00012 ASP01A0019_012 f 0.00  0.000     0  0.00  0  0  -4.280   1.307   2.745   0.085  -0.354   0.000 01T004M000t
00013 ASP01A0019_013 f 0.00  0.000     0  0.00  0  0  -4.068   0.096   1.240   0.015  -0.344   0.000 01T006M000t
00014 ASP01A0019_014 f 0.00  0.000     0  0.00  0  0  -4.300   0.243   2.733   0.030  -0.360   0.000 01T008M000t
00015 ASP02A0019_015 f 0.00  0.000     0  0.00  0  0  -4.317   1.527   3.401   0.082  -0.512   0.000 02O000M000t
00016 ASP02A0019_016 f 0.00  0.000     0  0.00  0  0  -4.199   0.286   4.009   0.259  -0.504   0.000 02E006M000t
00017 ASP02A0019_017 f 0.00  0.000     0  0.00  0  0  -4.317   1.527   0.681   0.059  -0.346   0.000 02O000M000t
00018 ASP02A0019_018 f 0.00  0.000     0  0.00  0  0  -4.125   0.026   3.987   0.071  -0.440   0.000 02T003M000t
00019 ASP02A0019_019 f 0.00  0.000     0  0.00  0  0  -4.303   1.491   5.474   0.160  -0.484   0.000 02T004M000t
00020 ASP02A0019_020 f 0.00  0.000     0  0.00  0  0  -4.465   0.810   4.666   0.060  -0.510   0.000 02T007M000t
00021 ASP02A0019_021 f 0.00  0.000     0  0.00  0  0  -4.423   1.232   3.061   0.010  -0.520   0.000 02T001M000t
00022 ASP02A0019_022 f 0.00  0.000     0  0.00  0  0  -4.503   0.094   3.957   0.100  -0.485   0.000 02T009M000t
00023 ASP02A0019_023 f 0.00  0.000     0  0.00  0  0  -4.151   0.026   1.267   0.066  -0.330   0.000 02T003M000t
00024 ASP02A0019_024 f 0.00  0.000     0  0.00  0  0  -4.303   1.491   2.754   0.085  -0.357   0.000 02T004M000t
00025 ASP02A0019_025 f 0.00  0.000     0  0.00  0  0  -4.199   0.286   1.280   0.041  -0.372   0.000 02T006M000t
00026 ASP02A0019_026 f 0.00  0.000     0  0.00  0  0  -4.465   0.810   1.946   0.032  -0.354   0.000 02T007M000t
00027 ASP02A0019_027 f 0.00  0.000     0  0.00  0  0  -4.503   0.094   1.237   0.050  -0.362   0.000 02T009M000t
00028 ASP-1A0019_028 f 0.00 -1.000     0  4.75  0 -1  -4.216   1.548   0.681  -0.182  -3.100   0.000 -1O000M000t
00029 ASP-1A0019_029 f 0.00 -1.000     0  4.75  0 -1  -4.207   1.290   2.618  -0.300  -3.128   0.000 -1E004M000t
00030 ASP-1A0019_030 f 0.00 -1.000     0  4.75  0 -1  -3.973   0.237   1.172  -0.298  -3.130   0.000 -1E006M000t
00031 ASP-1A0019_031 f 0.00 -1.000     0  4.75  0 -1  -4.502   0.871   1.834  -0.178  -3.135   0.000 -1E007M000t
00032 ASP-1A0019_032 f 0.00 -1.000     0  4.75  0 -1  -4.393  -0.022   1.145  -0.170  -3.134   0.000 -1E009M000t
