CONFORMER         crg  vdw0  vdw1  tors  epol  self   occ  Hb     history    ASA
LYS01A0053_001  0.000-11.27  0.39  1.21  0.00 -9.66 0.502  00  01O000M000  1.000
LYS01A0053_002  0.000-11.09  4.32  3.19  0.00 -3.58 0.502  00  01E003M000  1.000
LYS01A0053_003  0.000-10.36  2.03  3.99  0.00 -4.35 0.501  00  01E00DM000  1.000
LYS01A0053_004  0.000-10.83  0.39  3.15  0.00 -7.28 0.502  00  01E04AM000  1.000
LYS01A0053_005  0.000-10.84  7.18  1.32  0.00 -2.34 0.502  00  01E064M000  1.000
LYS01A0053_006  0.000 -7.04  3.92  1.07  0.00 -2.05 0.501  00  01E0B7M000  1.000
LYS01A0053_007  0.000 -5.08  0.22  4.37  0.00 -0.48 0.502  00  01E0C9M000  1.000
LYS01A0053_008  0.000 -8.03  1.58  3.97  0.00 -2.48 0.502  00  01E0EEM000  1.000
LYS01A0053_009  0.000 -9.03  1.81  6.00  0.00 -1.22 0.503  00  01E0F1M000  1.000
LYS01A0053_010  0.000-10.00  4.33  3.28  0.00 -2.39 0.502  00  01T021M000  1.000
LYS01A0053_011  0.000 -9.54  1.99  4.18  0.00 -3.37 0.502  00  01T03EM000  1.000
LYS01A0053_012  0.000 -9.77  0.68  3.75  0.00 -5.34 0.502  00  01T06AM000  1.000
LYS01A0053_013  0.000-10.96  2.73  3.16  0.00 -5.07 0.502  00  01T07FM000  1.000
LYS01A0053_014  0.000 -9.56  0.35  4.02  0.00 -5.19 0.502  00  01T087M000  1.000
LYS01A0053_015  0.000 -9.69  1.00  5.98  0.00 -2.70 0.501  00  01T098M000  1.000
LYS01A0053_016  0.000 -5.98  0.28  4.25  0.00 -1.45 0.502  00  01T0C5M000  1.000
LYS01A0053_017  0.000 -6.42  1.43  3.90  0.00 -1.09 0.501  00  01T0DFM000  1.000
LYS01A0053_018  0.000-10.73  5.49  5.60  0.00  0.36 0.502  00  01T0EBM000  1.000
LYS01A0053_019  0.000 -9.22  3.93  4.00  0.00 -1.29 0.502  00  01T0EDM000  1.000
LYS01A0053_020  0.000 -9.36  1.26  3.66  0.00 -4.44 0.502  00  01T0F8M000  1.000
LYS+1A0053_021  1.000-11.32  0.39  1.21  0.00 -9.71 0.502  00  +1O000M000  1.000
LYS+1A0053_022  1.000-11.10  4.32  3.20  0.00 -3.58 0.502  00  +1E003M000  1.000
LYS+1A0053_023  1.000-10.46  2.02  3.99  0.00 -4.45 0.501  00  +1E00DM000  1.000
LYS+1A0053_024  1.000 -9.65  1.99  4.20  0.00 -3.46 0.502  00  +1E03EM000  1.000
LYS+1A0053_025  1.000 -9.69  0.68  3.88  0.00 -5.14 0.502  00  +1E06AM000  1.000
LYS+1A0053_026  1.000 -9.74  1.00  6.04  0.00 -2.70 0.501  00  +1E098M000  1.000
LYS+1A0053_027  1.000 -6.40  1.39  3.90  0.00 -1.11 0.501  00  +1E0DFM000  1.000
LYS+1A0053_028  1.000 -9.08  3.85  4.02  0.00 -1.21 0.502  00  +1E0EDM000  1.000
LYS+1A0053_029  1.000 -8.12  1.54  3.97  0.00 -2.61 0.502  00  +1E0EEM000  1.000
LYS+1A0053_030  1.000 -9.12  1.82  6.10  0.00 -1.20 0.503  00  +1E0F1M000  1.000
LYS+1A0053_031  1.000 -9.30  1.27  3.73  0.00 -4.30 0.502  00  +1E0F8M000  1.000
LYS+1A0053_032  1.000-10.00  4.32  3.30  0.00 -2.37 0.502  00  +1T021M000  1.000
LYS+1A0053_033  1.000-10.90  0.39  3.23  0.00 -7.29 0.502  00  +1T04AM000  1.000
LYS+1A0053_034  1.000-10.91  7.40  1.32  0.00 -2.18 0.502  00  +1T064M000  1.000
LYS+1A0053_035  1.000-10.95  2.73  3.23  0.00 -4.99 0.502  00  +1T07FM000  1.000
LYS+1A0053_036  1.000 -9.42  0.35  4.05  0.00 -5.02 0.502  00  +1T087M000  1.000
LYS+1A0053_037  1.000 -7.08  3.96  1.08  0.00 -2.04 0.501  00  +1T0B7M000  1.000
LYS+1A0053_038  1.000 -6.17  0.26  4.27  0.00 -1.64 0.502  00  +1T0C5M000  1.000
LYS+1A0053_039  1.000 -5.08  0.21  4.43  0.00 -0.44 0.502  00  +1T0C9M000  1.000
LYS+1A0053_040  1.000-10.78  5.44  5.66  0.00  0.32 0.502  00  +1T0EBM000  1.000
