iConf CONFORMER     FL  occ    crg   Em0  pKa0 ne nH    vdw0    vdw1    tors    epol   dsolv   extra    history
00001 LYS01A0053_001 f 0.00  0.000     0  0.00  0  0 -11.266   0.445   1.213  -0.007  -0.205   0.000 01O000M000t
00002 LYS01A0053_002 f 0.00  0.000     0  0.00  0  0 -11.090   4.369   3.196   0.001  -0.213   0.000 01E003M000t
00003 LYS01A0053_003 f 0.00  0.000     0  0.00  0  0 -10.294   2.023   3.989  -0.008  -0.204   0.000 01E00DM000t
00004 LYS01A0053_004 f 0.00  0.000     0  0.00  0  0 -10.829   0.446   3.151  -0.008  -0.211   0.000 01E04AM000t
00005 LYS01A0053_005 f 0.00  0.000     0  0.00  0  0 -10.839   7.186   1.321  -0.012  -0.204   0.000 01E064M000t
00006 LYS01A0053_006 f 0.00  0.000     0  0.00  0  0  -7.030   3.973   1.072  -0.005  -0.184   0.000 01E0B7M000t
00007 LYS01A0053_007 f 0.00  0.000     0  0.00  0  0  -5.079   0.225   4.370  -0.033  -0.191   0.000 01E0C9M000t
00008 LYS01A0053_008 f 0.00  0.000     0  0.00  0  0  -8.020   1.577   3.966  -0.030  -0.185   0.000 01E0EEM000t
00009 LYS01A0053_009 f 0.00  0.000     0  0.00  0  0  -9.035   1.808   6.002  -0.005  -0.205   0.000 01E0F1M000t
00010 LYS01A0053_010 f 0.00  0.000     0  0.00  0  0  -9.993   4.391   3.282  -0.006  -0.200   0.000 01T021M000t
00011 LYS01A0053_011 f 0.00  0.000     0  0.00  0  0  -9.543   1.989   4.182  -0.003  -0.203   0.000 01T03EM000t
00012 LYS01A0053_012 f 0.00  0.000     0  0.00  0  0  -9.773   0.680   3.747  -0.007  -0.207   0.000 01T06AM000t
00013 LYS01A0053_013 f 0.00  0.000     0  0.00  0  0 -10.958   2.777   3.161  -0.005  -0.206   0.000 01T07FM000t
00014 LYS01A0053_014 f 0.00  0.000     0  0.00  0  0  -9.554   0.405   4.020  -0.006  -0.203   0.000 01T087M000t
00015 LYS01A0053_015 f 0.00  0.000     0  0.00  0  0  -9.619   1.059   5.987  -0.008  -0.210   0.000 01T098M000t
00016 LYS01A0053_016 f 0.00  0.000     0  0.00  0  0  -5.981   0.277   4.246  -0.025  -0.201   0.000 01T0C5M000t
00017 LYS01A0053_017 f 0.00  0.000     0  0.00  0  0  -6.410   1.431   3.896  -0.013  -0.179   0.000 01T0DFM000t
00018 LYS01A0053_018 f 0.00  0.000     0  0.00  0  0 -10.734   5.498   5.597  -0.017  -0.201   0.000 01T0EBM000t
00019 LYS01A0053_019 f 0.00  0.000     0  0.00  0  0  -9.212   3.930   4.000  -0.009  -0.196   0.000 01T0EDM000t
00020 LYS01A0053_020 f 0.00  0.000     0  0.00  0  0  -9.353   1.306   3.656  -0.011  -0.211   0.000 01T0F8M000t
00021 LYS+1A0053_021 f 0.00  1.000     0 10.40  0  1 -11.316   0.444   1.213   0.036  -3.098   0.000 +1O000M000t
00022 LYS+1A0053_022 f 0.00  1.000     0 10.40  0  1 -11.098   4.371   3.196  -0.007  -3.117   0.000 +1E003M000t
00023 LYS+1A0053_023 f 0.00  1.000     0 10.40  0  1 -10.500   2.023   3.991   0.052  -3.132   0.000 +1E00DM000t
00024 LYS+1A0053_024 f 0.00  1.000     0 10.40  0  1  -9.655   1.994   4.201   0.035  -3.122   0.000 +1E03EM000t
00025 LYS+1A0053_025 f 0.00  1.000     0 10.40  0  1  -9.693   0.680   3.874   0.090  -3.071   0.000 +1E06AM000t
00026 LYS+1A0053_026 f 0.00  1.000     0 10.40  0  1  -9.734   1.055   6.042   0.034  -3.057   0.000 +1E098M000t
00027 LYS+1A0053_027 f 0.00  1.000     0 10.40  0  1  -6.463   1.395   3.895   0.213  -2.944   0.000 +1E0DFM000t
00028 LYS+1A0053_028 f 0.00  1.000     0 10.40  0  1  -9.136   3.859   4.013   0.067  -3.038   0.000 +1E0EDM000t
00029 LYS+1A0053_029 f 0.00  1.000     0 10.40  0  1  -8.111   1.541   3.969   0.202  -2.942   0.000 +1E0EEM000t
00030 LYS+1A0053_030 f 0.00  1.000     0 10.40  0  1  -9.119   1.818   6.096   0.037  -3.065   0.000 +1E0F1M000t
00031 LYS+1A0053_031 f 0.00  1.000     0 10.40  0  1  -9.305   1.313   3.733   0.097  -3.055   0.000 +1E0F8M000t
00032 LYS+1A0053_032 f 0.00  1.000     0 10.40  0  1 -10.000   4.369   3.304   0.033  -3.084   0.000 +1T021M000t
00033 LYS+1A0053_033 f 0.00  1.000     0 10.40  0  1 -10.777   0.444   3.226   0.032  -3.088   0.000 +1T04AM000t
00034 LYS+1A0053_034 f 0.00  1.000     0 10.40  0  1 -10.909   7.391   1.321   0.121  -3.045   0.000 +1T064M000t
00035 LYS+1A0053_035 f 0.00  1.000     0 10.40  0  1 -10.943   2.772   3.229   0.089  -3.081   0.000 +1T07FM000t
00036 LYS+1A0053_036 f 0.00  1.000     0 10.40  0  1  -9.424   0.403   4.054   0.047  -3.091   0.000 +1T087M000t
00037 LYS+1A0053_037 f 0.00  1.000     0 10.40  0  1  -7.075   4.013   1.080   0.044  -2.995   0.000 +1T0B7M000t
00038 LYS+1A0053_038 f 0.00  1.000     0 10.40  0  1  -6.154   0.261   4.264  -0.034  -3.003   0.000 +1T0C5M000t
00039 LYS+1A0053_039 f 0.00  1.000     0 10.40  0  1  -5.093   0.216   4.427   0.019  -3.032   0.000 +1T0C9M000t
00040 LYS+1A0053_040 f 0.00  1.000     0 10.40  0  1 -10.780   5.439   5.661   0.096  -3.074   0.000 +1T0EBM000t
