   confID        vdw0    sas     sum
LYS01A0053_001   1.201 -12.466 -11.266
LYS01A0053_002   1.128 -12.219 -11.090
LYS01A0053_003   1.999 -12.292 -10.294
LYS01A0053_004   1.724 -12.553 -10.829
LYS01A0053_005   1.728 -12.567 -10.839
LYS01A0053_006   4.501 -11.531  -7.030
LYS01A0053_007   7.031 -12.110  -5.079
LYS01A0053_008   4.304 -12.324  -8.020
LYS01A0053_009   3.242 -12.277  -9.035
LYS01A0053_010   2.174 -12.167  -9.993
LYS01A0053_011   2.981 -12.524  -9.543
LYS01A0053_012   2.672 -12.444  -9.773
LYS01A0053_013   1.448 -12.405 -10.958
LYS01A0053_014   3.003 -12.556  -9.554
LYS01A0053_015   2.874 -12.493  -9.619
LYS01A0053_016   5.740 -11.721  -5.981
LYS01A0053_017   5.260 -11.670  -6.410
LYS01A0053_018   1.906 -12.641 -10.734
LYS01A0053_019   3.397 -12.609  -9.212
LYS01A0053_020   3.117 -12.470  -9.353
LYS+1A0053_021   1.150 -12.466 -11.316
LYS+1A0053_022   1.082 -12.180 -11.098
LYS+1A0053_023   1.950 -12.450 -10.500
LYS+1A0053_024   2.886 -12.540  -9.655
LYS+1A0053_025   2.609 -12.303  -9.693
LYS+1A0053_026   2.814 -12.548  -9.734
LYS+1A0053_027   5.169 -11.632  -6.463
LYS+1A0053_028   3.367 -12.503  -9.136
LYS+1A0053_029   4.213 -12.324  -8.111
LYS+1A0053_030   3.226 -12.345  -9.119
LYS+1A0053_031   3.059 -12.364  -9.305
LYS+1A0053_032   2.064 -12.064 -10.000
LYS+1A0053_033   1.709 -12.485 -10.777
LYS+1A0053_034   1.645 -12.555 -10.909
LYS+1A0053_035   1.423 -12.367 -10.943
LYS+1A0053_036   2.962 -12.386  -9.424
LYS+1A0053_037   4.456 -11.531  -7.075
LYS+1A0053_038   5.605 -11.760  -6.154
LYS+1A0053_039   7.039 -12.133  -5.093
LYS+1A0053_040   1.874 -12.654 -10.780
