iConf CONFORMER     FL  occ    crg   Em0  pKa0 ne nH    vdw0    vdw1    tors    epol   dsolv   extra    history
00001 ASP01A0077_001 f 0.00  0.000     0  0.00  0  0  -4.457   1.200   4.487   0.738  -2.124   0.000 01O000M000t
00002 ASP01A0077_002 f 0.00  0.000     0  0.00  0  0  -4.209   0.598   4.635   0.315  -2.236   0.000 01E007M000t
00003 ASP01A0077_003 f 0.00  0.000     0  0.00  0  0  -4.457   1.200   1.767   0.110  -1.594   0.000 01O000M000t
00004 ASP01A0077_004 f 0.00  0.000     0  0.00  0  0  -4.166   0.019   4.726   0.243  -2.366   0.000 01T003M000t
00005 ASP01A0077_005 f 0.00  0.000     0  0.00  0  0  -4.181   1.200   4.781   0.123  -2.332   0.000 01T006M000t
00006 ASP01A0077_006 f 0.00  0.000     0  0.00  0  0  -4.202   0.588   4.787   0.566  -2.288   0.000 01T008M000t
00007 ASP01A0077_007 f 0.00  0.000     0  0.00  0  0  -4.324   0.344   4.695   0.453  -2.308   0.000 01T009M000t
00008 ASP01A0077_008 f 0.00  0.000     0  0.00  0  0  -4.205   0.019   2.006   0.183  -1.560   0.000 01T003M000t
00009 ASP01A0077_009 f 0.00  0.000     0  0.00  0  0  -4.218   1.174   1.989   0.133  -1.580   0.000 01T006M000t
00010 ASP01A0077_010 f 0.00  0.000     0  0.00  0  0  -4.208   0.599   1.908   0.050  -1.572   0.000 01T007M000t
00011 ASP01A0077_011 f 0.00  0.000     0  0.00  0  0  -4.641   1.903   0.909   0.083  -1.587   0.000 01T004M000t
00012 ASP01A0077_012 f 0.00  0.000     0  0.00  0  0  -4.202   0.588   2.067   0.216  -1.597   0.000 01T008M000t
00013 ASP01A0077_013 f 0.00  0.000     0  0.00  0  0  -4.324   0.344   1.975   0.304  -1.530   0.000 01T009M000t
00014 ASP02A0077_014 f 0.00  0.000     0  0.00  0  0  -4.324   0.898   4.487   0.096  -2.358   0.000 02O000M000t
00015 ASP02A0077_015 f 0.00  0.000     0  0.00  0  0  -4.362   0.531   4.641   0.131  -2.306   0.000 02E007M000t
00016 ASP02A0077_016 f 0.00  0.000     0  0.00  0  0  -4.298   0.290   4.627   0.394  -2.222   0.000 02E009M000t
00017 ASP02A0077_017 f 0.00  0.000     0  0.00  0  0  -4.289   0.898   1.767   0.064  -1.568   0.000 02O000M000t
00018 ASP02A0077_018 f 0.00  0.000     0  0.00  0  0  -4.337   0.469   2.074   0.163  -1.558   0.000 02E008M000t
00019 ASP02A0077_019 f 0.00  0.000     0  0.00  0  0  -4.473   1.251   3.960   0.109  -2.395   0.000 02T001M000t
00020 ASP02A0077_020 f 0.00  0.000     0  0.00  0  0  -4.338   1.066   4.786   0.181  -2.339   0.000 02T006M000t
00021 ASP02A0077_021 f 0.00  0.000     0  0.00  0  0  -4.252  -0.010   2.019   0.190  -1.546   0.000 02T003M000t
00022 ASP02A0077_022 f 0.00  0.000     0  0.00  0  0  -4.473   1.251   1.240   0.095  -1.547   0.000 02T001M000t
00023 ASP02A0077_023 f 0.00  0.000     0  0.00  0  0  -4.338   1.066   2.066   0.142  -1.529   0.000 02T006M000t
00024 ASP02A0077_024 f 0.00  0.000     0  0.00  0  0  -4.289   0.603   1.965   0.055  -1.530   0.000 02T007M000t
00025 ASP02A0077_025 f 0.00  0.000     0  0.00  0  0  -4.245   0.335   1.963   0.285  -1.579   0.000 02T009M000t
00026 ASP-1A0077_026 f 0.00 -1.000     0  4.75  0 -1  -4.243   0.915   1.767  -0.427 -13.173   0.000 -1O000M000t
00027 ASP-1A0077_027 f 0.00 -1.000     0  4.75  0 -1  -4.529   1.454   0.789  -0.299 -13.114   0.000 -1E004M000t
00028 ASP-1A0077_028 f 0.00 -1.000     0  4.75  0 -1  -4.268   0.871   1.858  -0.202 -13.021   0.000 -1E006M000t
00029 ASP-1A0077_029 f 0.00 -1.000     0  4.75  0 -1  -4.156   0.339   1.888  -0.406 -13.139   0.000 -1E008M000t
00030 ASP-1A0077_030 f 0.00 -1.000     0  4.75  0 -1  -4.185   0.210   1.756  -0.516 -13.288   0.000 -1E009M000t
