iConf CONFORMER     FL  occ    crg   Em0  pKa0 ne nH    vdw0    vdw1    tors    epol   dsolv   extra    history
00001 LYS01A0078_001 f 0.00  0.000     0  0.00  0  0 -11.937   1.537   2.460  -0.007  -0.542   0.000 01O000M000t
00002 LYS01A0078_002 f 0.00  0.000     0  0.00  0  0 -10.886   1.094   2.333  -0.007  -0.535   0.000 01E018M000t
00003 LYS01A0078_003 f 0.00  0.000     0  0.00  0  0 -11.200   5.906   2.828  -0.006  -0.551   0.000 01E025M000t
00004 LYS01A0078_004 f 0.00  0.000     0  0.00  0  0  -9.590   6.588   2.462  -0.011  -0.541   0.000 01E028M000t
00005 LYS01A0078_005 f 0.00  0.000     0  0.00  0  0 -11.524   6.222   3.352  -0.004  -0.516   0.000 01E04EM000t
00006 LYS01A0078_006 f 0.00  0.000     0  0.00  0  0 -10.203   1.265   2.479  -0.000  -0.500   0.000 01E058M000t
00007 LYS01A0078_007 f 0.00  0.000     0  0.00  0  0 -10.405   1.136   3.562  -0.007  -0.520   0.000 01E081M000t
00008 LYS01A0078_008 f 0.00  0.000     0  0.00  0  0  -8.151   2.396   5.659  -0.012  -0.469   0.000 01E0C5M000t
00009 LYS01A0078_009 f 0.00  0.000     0  0.00  0  0 -10.194   1.188   4.869  -0.003  -0.524   0.000 01E0C8M000t
00010 LYS01A0078_010 f 0.00  0.000     0  0.00  0  0  -9.088   1.455   3.456  -0.011  -0.498   0.000 01E0D0M000t
00011 LYS01A0078_011 f 0.00  0.000     0  0.00  0  0 -11.894   2.112   3.213  -0.001  -0.531   0.000 01T002M000t
00012 LYS01A0078_012 f 0.00  0.000     0  0.00  0  0 -11.713   1.475   2.287  -0.006  -0.544   0.000 01T004M000t
00013 LYS01A0078_013 f 0.00  0.000     0  0.00  0  0  -9.493   1.369   2.985  -0.012  -0.510   0.000 01T036M000t
00014 LYS01A0078_014 f 0.00  0.000     0  0.00  0  0 -11.649   1.319   4.476  -0.003  -0.582   0.000 01T056M000t
00015 LYS01A0078_015 f 0.00  0.000     0  0.00  0  0  -9.524   1.498   3.834  -0.006  -0.530   0.000 01T06FM000t
00016 LYS01A0078_016 f 0.00  0.000     0  0.00  0  0  -7.017   1.568   5.162  -0.009  -0.470   0.000 01T077M000t
00017 LYS01A0078_017 f 0.00  0.000     0  0.00  0  0  -9.111   2.098   5.709   0.000  -0.516   0.000 01T07BM000t
00018 LYS01A0078_018 f 0.00  0.000     0  0.00  0  0 -11.154   0.997   3.449  -0.007  -0.529   0.000 01T082M000t
00019 LYS01A0078_019 f 0.00  0.000     0  0.00  0  0 -10.251   1.180   4.829  -0.009  -0.506   0.000 01T0B8M000t
00020 LYS01A0078_020 f 0.00  0.000     0  0.00  0  0  -8.510   1.763   3.808   0.003  -0.502   0.000 01T0C1M000t
00021 LYS+1A0078_021 f 0.00  1.000     0 10.40  0  1 -11.982   1.536   2.460   0.050  -7.315   0.000 +1O000M000t
00022 LYS+1A0078_022 f 0.00  1.000     0 10.40  0  1 -10.982   1.096   2.362   0.033  -7.311   0.000 +1E018M000t
00023 LYS+1A0078_023 f 0.00  1.000     0 10.40  0  1  -9.517   1.366   2.990   0.072  -7.328   0.000 +1E036M000t
00024 LYS+1A0078_024 f 0.00  1.000     0 10.40  0  1  -9.541   1.490   3.966   0.035  -7.260   0.000 +1E06FM000t
00025 LYS+1A0078_025 f 0.00  1.000     0 10.40  0  1  -7.470   1.570   5.259   0.124  -7.181   0.000 +1E077M000t
00026 LYS+1A0078_026 f 0.00  1.000     0 10.40  0  1 -11.189   0.995   3.509   0.042  -7.297   0.000 +1E082M000t
00027 LYS+1A0078_027 f 0.00  1.000     0 10.40  0  1  -8.649   1.759   3.822  -0.016  -7.198   0.000 +1E0C1M000t
00028 LYS+1A0078_028 f 0.00  1.000     0 10.40  0  1  -8.505   2.426   5.728   0.021  -7.091   0.000 +1E0C5M000t
00029 LYS+1A0078_029 f 0.00  1.000     0 10.40  0  1 -11.985   2.122   3.233   0.011  -7.306   0.000 +1T002M000t
00030 LYS+1A0078_030 f 0.00  1.000     0 10.40  0  1 -11.757   1.470   2.303   0.008  -7.305   0.000 +1T004M000t
00031 LYS+1A0078_031 f 0.00  1.000     0 10.40  0  1 -11.273   5.962   2.856   0.035  -7.299   0.000 +1T025M000t
00032 LYS+1A0078_032 f 0.00  1.000     0 10.40  0  1  -9.583   6.643   2.479   0.077  -7.288   0.000 +1T028M000t
00033 LYS+1A0078_033 f 0.00  1.000     0 10.40  0  1 -11.561   6.241   3.378   0.069  -7.300   0.000 +1T04EM000t
00034 LYS+1A0078_034 f 0.00  1.000     0 10.40  0  1 -11.639   1.309   4.558  -0.030  -7.341   0.000 +1T056M000t
00035 LYS+1A0078_035 f 0.00  1.000     0 10.40  0  1 -10.200   1.252   2.501  -0.004  -7.195   0.000 +1T058M000t
00036 LYS+1A0078_036 f 0.00  1.000     0 10.40  0  1  -9.145   2.092   5.763   0.018  -7.299   0.000 +1T07BM000t
00037 LYS+1A0078_037 f 0.00  1.000     0 10.40  0  1 -10.508   1.135   3.656   0.051  -7.243   0.000 +1T081M000t
00038 LYS+1A0078_038 f 0.00  1.000     0 10.40  0  1 -10.475   1.185   4.915   0.058  -7.166   0.000 +1T0B8M000t
00039 LYS+1A0078_039 f 0.00  1.000     0 10.40  0  1 -10.210   1.200   4.900   0.007  -7.284   0.000 +1T0C8M000t
00040 LYS+1A0078_040 f 0.00  1.000     0 10.40  0  1  -9.081   1.442   3.458   0.008  -7.228   0.000 +1T0D0M000t
