CONFORMER         crg  vdw0  vdw1  tors  epol  self   occ  Hb     history    ASA
LYS01A0078_001  0.000-11.94  1.54  2.46  0.00 -7.94 0.503  00  01O000M000  1.000
LYS01A0078_002  0.000-10.88  1.04  2.33  0.00 -7.51 0.503  00  01E018M000  1.000
LYS01A0078_003  0.000-11.20  5.85  2.83  0.00 -2.52 0.502  00  01E025M000  1.000
LYS01A0078_004  0.000 -9.60  6.59  2.46  0.00 -0.54 0.502  00  01E028M000  1.000
LYS01A0078_005  0.000-11.52  6.22  3.35  0.00 -1.95 0.502  00  01E04EM000  1.000
LYS01A0078_006  0.000-10.20  1.21  2.48  0.00 -6.51 0.502  00  01E058M000  1.000
LYS01A0078_007  0.000-10.41  1.03  3.56  0.00 -5.81 0.503  00  01E081M000  1.000
LYS01A0078_008  0.000 -8.16  2.40  5.66  0.00 -0.10 0.502  00  01E0C5M000  1.000
LYS01A0078_009  0.000-10.19  1.19  4.87  0.00 -4.14 0.502  00  01E0C8M000  1.000
LYS01A0078_010  0.000 -9.08  1.45  3.45  0.00 -4.18 0.503  00  01E0D0M000  1.000
LYS01A0078_011  0.000-11.89  2.11  3.21  0.00 -6.57 0.502  00  01T002M000  1.000
LYS01A0078_012  0.000-11.71  1.47  2.29  0.00 -7.96 0.502  00  01T004M000  1.000
LYS01A0078_013  0.000 -9.43  1.37  2.98  0.00 -5.08 0.503  00  01T036M000  1.000
LYS01A0078_014  0.000-11.65  1.27  4.47  0.00 -5.91 0.502  00  01T056M000  1.000
LYS01A0078_015  0.000 -9.52  1.45  3.83  0.00 -4.24 0.502  00  01T06FM000  1.000
LYS01A0078_016  0.000 -7.01  1.56  5.16  0.00 -0.29 0.503  00  01T077M000  1.000
LYS01A0078_017  0.000 -9.11  2.09  5.71  0.00 -1.30 0.502  00  01T07BM000  1.000
LYS01A0078_018  0.000-11.15  0.94  3.45  0.00 -6.76 0.502  00  01T082M000  1.000
LYS01A0078_019  0.000-10.25  1.13  4.83  0.00 -4.30 0.502  00  01T0B8M000  1.000
LYS01A0078_020  0.000 -8.51  1.76  3.81  0.00 -2.94 0.502  00  01T0C1M000  1.000
LYS+1A0078_021  1.000-11.98  1.54  2.46  0.00 -7.99 0.503  00  +1O000M000  1.000
LYS+1A0078_022  1.000-10.98  1.05  2.36  0.00 -7.58 0.503  00  +1E018M000  1.000
LYS+1A0078_023  1.000 -9.59  1.37  2.99  0.00 -5.23 0.503  00  +1E036M000  1.000
LYS+1A0078_024  1.000 -9.54  1.44  3.97  0.00 -4.13 0.502  00  +1E06FM000  1.000
LYS+1A0078_025  1.000 -7.47  1.57  5.26  0.00 -0.64 0.503  00  +1E077M000  1.000
LYS+1A0078_026  1.000-11.19  0.94  3.51  0.00 -6.74 0.502  00  +1E082M000  1.000
LYS+1A0078_027  1.000 -8.66  1.76  3.82  0.00 -3.07 0.502  00  +1E0C1M000  1.000
LYS+1A0078_028  1.000 -8.50  2.42  5.73  0.00 -0.35 0.502  00  +1E0C5M000  1.000
LYS+1A0078_029  1.000-11.95  2.12  3.23  0.00 -6.59 0.502  00  +1T002M000  1.000
LYS+1A0078_030  1.000-11.76  1.47  2.30  0.00 -7.98 0.502  00  +1T004M000  1.000
LYS+1A0078_031  1.000-11.27  5.90  2.86  0.00 -2.51 0.502  00  +1T025M000  1.000
LYS+1A0078_032  1.000 -9.58  6.65  2.48  0.00 -0.45 0.502  00  +1T028M000  1.000
LYS+1A0078_033  1.000-11.56  6.25  3.38  0.00 -1.93 0.502  00  +1T04EM000  1.000
LYS+1A0078_034  1.000-11.64  1.25  4.56  0.00 -5.82 0.502  00  +1T056M000  1.000
LYS+1A0078_035  1.000-10.20  1.20  2.50  0.00 -6.50 0.502  00  +1T058M000  1.000
LYS+1A0078_036  1.000 -9.14  2.09  5.76  0.00 -1.29 0.502  00  +1T07BM000  1.000
LYS+1A0078_037  1.000-10.50  1.03  3.65  0.00 -5.82 0.503  00  +1T081M000  1.000
LYS+1A0078_038  1.000-10.42  1.13  4.91  0.00 -4.37 0.502  00  +1T0B8M000  1.000
LYS+1A0078_039  1.000-10.21  1.20  4.90  0.00 -4.11 0.502  00  +1T0C8M000  1.000
LYS+1A0078_040  1.000 -9.20  1.45  3.46  0.00 -4.29 0.503  00  +1T0D0M000  1.000
