   confID        vdw0    sas     sum
LYS01A0078_001   0.896 -12.833 -11.937
LYS01A0078_002   1.709 -12.595 -10.886
LYS01A0078_003   1.417 -12.617 -11.200
LYS01A0078_004   2.799 -12.389  -9.590
LYS01A0078_005   1.029 -12.553 -11.524
LYS01A0078_006   1.885 -12.088 -10.203
LYS01A0078_007   2.181 -12.586 -10.405
LYS01A0078_008   3.644 -11.795  -8.151
LYS01A0078_009   2.288 -12.482 -10.194
LYS01A0078_010   3.292 -12.380  -9.088
LYS01A0078_011   0.890 -12.785 -11.894
LYS01A0078_012   0.891 -12.605 -11.713
LYS01A0078_013   2.738 -12.231  -9.493
LYS01A0078_014   0.882 -12.530 -11.649
LYS01A0078_015   3.020 -12.544  -9.524
LYS01A0078_016   4.759 -11.776  -7.017
LYS01A0078_017   3.187 -12.298  -9.111
LYS01A0078_018   1.238 -12.392 -11.154
LYS01A0078_019   1.689 -11.940 -10.251
LYS01A0078_020   3.516 -12.026  -8.510
LYS+1A0078_021   0.851 -12.833 -11.982
LYS+1A0078_022   1.680 -12.662 -10.982
LYS+1A0078_023   2.646 -12.163  -9.517
LYS+1A0078_024   3.003 -12.544  -9.541
LYS+1A0078_025   4.341 -11.811  -7.470
LYS+1A0078_026   1.203 -12.392 -11.189
LYS+1A0078_027   3.445 -12.094  -8.649
LYS+1A0078_028   3.342 -11.847  -8.505
LYS+1A0078_029   0.851 -12.836 -11.985
LYS+1A0078_030   0.848 -12.605 -11.757
LYS+1A0078_031   1.344 -12.617 -11.273
LYS+1A0078_032   2.806 -12.389  -9.583
LYS+1A0078_033   0.991 -12.553 -11.561
LYS+1A0078_034   0.852 -12.492 -11.639
LYS+1A0078_035   1.872 -12.071 -10.200
LYS+1A0078_036   3.153 -12.298  -9.145
LYS+1A0078_037   2.123 -12.631 -10.508
LYS+1A0078_038   1.529 -12.004 -10.475
LYS+1A0078_039   2.263 -12.472 -10.210
LYS+1A0078_040   3.338 -12.419  -9.081
