CONFORMER         crg  vdw0  vdw1  tors  epol  self   occ  Hb     history    ASA
LYS01A0071_001  0.000-10.33  0.66  1.34  0.00 -8.33 0.502  00  01O000M000  1.000
LYS01A0071_002  0.000 -7.58  3.72  2.02  0.00 -1.84 0.502  00  01E037M000  1.000
LYS01A0071_003  0.000 -7.67  0.81  1.73  0.00 -5.13 0.502  00  01E069M000  1.000
LYS01A0071_004  0.000 -9.42  0.57  3.71  0.00 -5.13 0.502  00  01E06FM000  1.000
LYS01A0071_005  0.000 -7.33  0.36  1.51  0.00 -5.45 0.503  00  01E075M000  1.000
LYS01A0071_006  0.000 -9.25  0.55  4.02  0.00 -4.68 0.501  00  01E07BM000  1.000
LYS01A0071_007  0.000 -8.39  0.63  1.70  0.00 -6.06 0.502  00  01E0A1M000  1.000
LYS01A0071_008  0.000 -9.51  2.00  6.65  0.00 -0.86 0.502  00  01E0B7M000  1.000
LYS01A0071_009  0.000 -9.44  2.19  6.76  0.00 -0.50 0.501  00  01E0BFM000  1.000
LYS01A0071_010  0.000 -8.52  1.11  4.57  0.00 -2.84 0.502  00  01E0E1M000  1.000
LYS01A0071_011  0.000 -8.42  2.33  1.71  0.00 -4.38 0.502  00  01E0ECM000  1.000
LYS01A0071_012  0.000-10.06  1.17  1.11  0.00 -7.78 0.502  00  01T017M000  1.000
LYS01A0071_013  0.000 -6.32  0.94  0.92  0.00 -4.47 0.502  00  01T019M000  1.000
LYS01A0071_014  0.000 -9.87  2.81  1.47  0.00 -5.59 0.503  00  01T039M000  1.000
LYS01A0071_015  0.000 -6.11  0.99  1.59  0.00 -3.53 0.502  00  01T04DM000  1.000
LYS01A0071_016  0.000 -7.74  1.41  1.72  0.00 -4.60 0.502  00  01T056M000  1.000
LYS01A0071_017  0.000 -7.08  2.77  4.11  0.00 -0.21 0.503  00  01T06BM000  1.000
LYS01A0071_018  0.000 -8.50  2.03  4.14  0.00 -2.33 0.502  00  01T085M000  1.000
LYS01A0071_019  0.000 -9.48  1.25  1.47  0.00 -6.75 0.502  00  01T099M000  1.000
LYS01A0071_020  0.000 -8.51  1.50  4.57  0.00 -2.44 0.502  00  01T0ACM000  1.000
LYS+1A0071_021  1.000-10.38  0.66  1.34  0.00 -8.38 0.502  00  +1O000M000  1.000
LYS+1A0071_022  1.000-10.10  1.16  1.12  0.00 -7.82 0.502  00  +1E017M000  1.000
LYS+1A0071_023  1.000 -7.69  3.79  2.02  0.00 -1.88 0.502  00  +1E037M000  1.000
LYS+1A0071_024  1.000 -9.88  2.81  1.48  0.00 -5.59 0.503  00  +1E039M000  1.000
LYS+1A0071_025  1.000 -7.71  1.40  1.73  0.00 -4.58 0.502  00  +1E056M000  1.000
LYS+1A0071_026  1.000 -7.84  0.81  1.73  0.00 -5.30 0.502  00  +1E069M000  1.000
LYS+1A0071_027  1.000 -7.29  0.34  1.51  0.00 -5.43 0.503  00  +1E075M000  1.000
LYS+1A0071_028  1.000 -8.58  2.03  4.14  0.00 -2.42 0.502  00  +1E085M000  1.000
LYS+1A0071_029  1.000 -8.60  0.62  1.70  0.00 -6.27 0.502  00  +1E0A1M000  1.000
LYS+1A0071_030  1.000 -9.48  2.18  6.78  0.00 -0.52 0.501  00  +1E0BFM000  1.000
LYS+1A0071_031  1.000 -8.50  2.31  1.71  0.00 -4.48 0.502  00  +1E0ECM000  1.000
LYS+1A0071_032  1.000 -6.15  0.94  0.92  0.00 -4.29 0.502  00  +1T019M000  1.000
LYS+1A0071_033  1.000 -6.16  0.96  1.60  0.00 -3.61 0.502  00  +1T04DM000  1.000
LYS+1A0071_034  1.000 -7.12  2.77  4.12  0.00 -0.24 0.503  00  +1T06BM000  1.000
LYS+1A0071_035  1.000 -9.45  0.57  3.71  0.00 -5.16 0.502  00  +1T06FM000  1.000
LYS+1A0071_036  1.000 -9.14  0.54  4.05  0.00 -4.55 0.501  00  +1T07BM000  1.000
LYS+1A0071_037  1.000 -9.35  1.25  1.48  0.00 -6.62 0.502  00  +1T099M000  1.000
LYS+1A0071_038  1.000 -8.59  1.49  4.58  0.00 -2.51 0.502  00  +1T0ACM000  1.000
LYS+1A0071_039  1.000 -9.36  1.99  6.71  0.00 -0.66 0.502  00  +1T0B7M000  1.000
LYS+1A0071_040  1.000 -8.62  1.11  4.58  0.00 -2.93 0.502  00  +1T0E1M000  1.000
