iConf CONFORMER     FL  occ    crg   Em0  pKa0 ne nH    vdw0    vdw1    tors    epol   dsolv   extra    history
00001 LYS01A0071_001 f 0.00  0.000     0  0.00  0  0 -10.326   0.663   1.337  -0.004  -0.527   0.000 01O000M000t
00002 LYS01A0071_002 f 0.00  0.000     0  0.00  0  0  -7.575   3.727   2.016  -0.046  -0.514   0.000 01E037M000t
00003 LYS01A0071_003 f 0.00  0.000     0  0.00  0  0  -7.671   0.805   1.728  -0.004  -0.525   0.000 01E069M000t
00004 LYS01A0071_004 f 0.00  0.000     0  0.00  0  0  -9.473   0.575   3.711  -0.011  -0.498   0.000 01E06FM000t
00005 LYS01A0071_005 f 0.00  0.000     0  0.00  0  0  -7.329   0.367   1.514  -0.010  -0.503   0.000 01E075M000t
00006 LYS01A0071_006 f 0.00  0.000     0  0.00  0  0  -9.239   0.546   4.017  -0.003  -0.582   0.000 01E07BM000t
00007 LYS01A0071_007 f 0.00  0.000     0  0.00  0  0  -8.382   0.621   1.698  -0.003  -0.451   0.000 01E0A1M000t
00008 LYS01A0071_008 f 0.00  0.000     0  0.00  0  0  -9.432   1.996   6.646  -0.013  -0.524   0.000 01E0B7M000t
00009 LYS01A0071_009 f 0.00  0.000     0  0.00  0  0  -9.448   2.182   6.756  -0.011  -0.528   0.000 01E0BFM000t
00010 LYS01A0071_010 f 0.00  0.000     0  0.00  0  0  -8.513   1.116   4.566  -0.026  -0.492   0.000 01E0E1M000t
00011 LYS01A0071_011 f 0.00  0.000     0  0.00  0  0  -8.421   2.335   1.706  -0.006  -0.473   0.000 01E0ECM000t
00012 LYS01A0071_012 f 0.00  0.000     0  0.00  0  0 -10.066   1.174   1.113  -0.005  -0.521   0.000 01T017M000t
00013 LYS01A0071_013 f 0.00  0.000     0  0.00  0  0  -6.332   0.937   0.918  -0.003  -0.524   0.000 01T019M000t
00014 LYS01A0071_014 f 0.00  0.000     0  0.00  0  0  -9.873   2.814   1.472   0.004  -0.561   0.000 01T039M000t
00015 LYS01A0071_015 f 0.00  0.000     0  0.00  0  0  -6.104   0.990   1.590   0.012  -0.448   0.000 01T04DM000t
00016 LYS01A0071_016 f 0.00  0.000     0  0.00  0  0  -7.726   1.410   1.720  -0.011  -0.497   0.000 01T056M000t
00017 LYS01A0071_017 f 0.00  0.000     0  0.00  0  0  -7.078   2.757   4.107   0.013  -0.563   0.000 01T06BM000t
00018 LYS01A0071_018 f 0.00  0.000     0  0.00  0  0  -8.494   2.029   4.138  -0.005  -0.540   0.000 01T085M000t
00019 LYS01A0071_019 f 0.00  0.000     0  0.00  0  0  -9.480   1.254   1.474   0.003  -0.493   0.000 01T099M000t
00020 LYS01A0071_020 f 0.00  0.000     0  0.00  0  0  -8.577   1.502   4.570  -0.003  -0.430   0.000 01T0ACM000t
00021 LYS+1A0071_021 f 0.00  1.000     0 10.40  0  1 -10.375   0.662   1.337   0.016  -7.308   0.000 +1O000M000t
00022 LYS+1A0071_022 f 0.00  1.000     0 10.40  0  1 -10.098   1.157   1.123   0.017  -7.299   0.000 +1E017M000t
00023 LYS+1A0071_023 f 0.00  1.000     0 10.40  0  1  -7.691   3.791   2.016   0.164  -7.275   0.000 +1E037M000t
00024 LYS+1A0071_024 f 0.00  1.000     0 10.40  0  1  -9.878   2.818   1.482  -0.015  -7.302   0.000 +1E039M000t
00025 LYS+1A0071_025 f 0.00  1.000     0 10.40  0  1  -7.691   1.406   1.727   0.068  -7.227   0.000 +1E056M000t
00026 LYS+1A0071_026 f 0.00  1.000     0 10.40  0  1  -7.848   0.804   1.732   0.066  -7.201   0.000 +1E069M000t
00027 LYS+1A0071_027 f 0.00  1.000     0 10.40  0  1  -7.282   0.342   1.510   0.132  -7.055   0.000 +1E075M000t
00028 LYS+1A0071_028 f 0.00  1.000     0 10.40  0  1  -8.585   2.026   4.143   0.050  -7.346   0.000 +1E085M000t
00029 LYS+1A0071_029 f 0.00  1.000     0 10.40  0  1  -8.598   0.624   1.704  -0.022  -7.053   0.000 +1E0A1M000t
00030 LYS+1A0071_030 f 0.00  1.000     0 10.40  0  1  -9.477   2.182   6.775   0.061  -7.253   0.000 +1E0BFM000t
00031 LYS+1A0071_031 f 0.00  1.000     0 10.40  0  1  -8.494   2.322   1.706  -0.063  -7.111   0.000 +1E0ECM000t
00032 LYS+1A0071_032 f 0.00  1.000     0 10.40  0  1  -6.189   0.939   0.916  -0.001  -7.268   0.000 +1T019M000t
00033 LYS+1A0071_033 f 0.00  1.000     0 10.40  0  1  -6.161   0.951   1.597  -0.014  -7.011   0.000 +1T04DM000t
00034 LYS+1A0071_034 f 0.00  1.000     0 10.40  0  1  -7.123   2.763   4.118  -0.002  -7.236   0.000 +1T06BM000t
00035 LYS+1A0071_035 f 0.00  1.000     0 10.40  0  1  -9.452   0.575   3.716   0.026  -7.294   0.000 +1T06FM000t
00036 LYS+1A0071_036 f 0.00  1.000     0 10.40  0  1  -9.144   0.545   4.048   0.006  -7.332   0.000 +1T07BM000t
00037 LYS+1A0071_037 f 0.00  1.000     0 10.40  0  1  -9.356   1.251   1.481   0.043  -7.204   0.000 +1T099M000t
00038 LYS+1A0071_038 f 0.00  1.000     0 10.40  0  1  -8.585   1.488   4.584   0.084  -7.179   0.000 +1T0ACM000t
00039 LYS+1A0071_039 f 0.00  1.000     0 10.40  0  1  -9.361   1.996   6.713   0.049  -7.305   0.000 +1T0B7M000t
00040 LYS+1A0071_040 f 0.00  1.000     0 10.40  0  1  -8.617   1.112   4.579  -0.046  -7.216   0.000 +1T0E1M000t
