   confID        vdw0    sas     sum
LYS01A0071_001   2.038 -12.363 -10.326
LYS01A0071_002   4.508 -12.083  -7.575
LYS01A0071_003   4.690 -12.361  -7.671
LYS01A0071_004   3.055 -12.528  -9.473
LYS01A0071_005   4.503 -11.831  -7.329
LYS01A0071_006   3.118 -12.357  -9.239
LYS01A0071_007   3.545 -11.927  -8.382
LYS01A0071_008   3.127 -12.560  -9.432
LYS01A0071_009   2.845 -12.293  -9.448
LYS01A0071_010   3.359 -11.872  -8.513
LYS01A0071_011   3.554 -11.975  -8.421
LYS01A0071_012   2.265 -12.331 -10.066
LYS01A0071_013   5.834 -12.167  -6.332
LYS01A0071_014   2.471 -12.344  -9.873
LYS01A0071_015   5.734 -11.838  -6.104
LYS01A0071_016   4.712 -12.438  -7.726
LYS01A0071_017   4.980 -12.058  -7.078
LYS01A0071_018   3.465 -11.959  -8.494
LYS01A0071_019   3.103 -12.583  -9.480
LYS01A0071_020   3.362 -11.940  -8.577
LYS+1A0071_021   1.989 -12.363 -10.375
LYS+1A0071_022   2.233 -12.331 -10.098
LYS+1A0071_023   4.460 -12.151  -7.691
LYS+1A0071_024   2.454 -12.331  -9.878
LYS+1A0071_025   4.644 -12.335  -7.691
LYS+1A0071_026   4.616 -12.464  -7.848
LYS+1A0071_027   4.484 -11.767  -7.282
LYS+1A0071_028   3.374 -11.959  -8.585
LYS+1A0071_029   3.445 -12.043  -8.598
LYS+1A0071_030   2.816 -12.293  -9.477
LYS+1A0071_031   3.481 -11.975  -8.494
LYS+1A0071_032   5.978 -12.167  -6.189
LYS+1A0071_033   5.780 -11.941  -6.161
LYS+1A0071_034   4.935 -12.058  -7.123
LYS+1A0071_035   3.009 -12.460  -9.452
LYS+1A0071_036   3.094 -12.238  -9.144
LYS+1A0071_037   3.057 -12.413  -9.356
LYS+1A0071_038   3.303 -11.888  -8.585
LYS+1A0071_039   3.108 -12.469  -9.361
LYS+1A0071_040   3.307 -11.923  -8.617
