iConf CONFORMER     FL  occ    crg   Em0  pKa0 ne nH    vdw0    vdw1    tors    epol   dsolv   extra    history
00001 LYS01A0110_001 f 0.00  0.000     0  0.00  0  0 -11.336   0.398   1.566  -0.006  -0.966   0.000 01O000M000t
00002 LYS01A0110_002 f 0.00  0.000     0  0.00  0  0  -7.677   0.177   1.092  -0.006  -1.077   0.000 01E014M000t
00003 LYS01A0110_003 f 0.00  0.000     0  0.00  0  0 -10.682   7.194   3.206  -0.003  -0.957   0.000 01E01FM000t
00004 LYS01A0110_004 f 0.00  0.000     0  0.00  0  0 -11.020   1.535   1.820  -0.014  -1.093   0.000 01E021M000t
00005 LYS01A0110_005 f 0.00  0.000     0  0.00  0  0 -11.379   1.114   3.151  -0.010  -0.984   0.000 01E025M000t
00006 LYS01A0110_006 f 0.00  0.000     0  0.00  0  0 -10.279   0.433   2.276  -0.008  -1.052   0.000 01E032M000t
00007 LYS01A0110_007 f 0.00  0.000     0  0.00  0  0 -11.350   2.207   3.974  -0.000  -0.910   0.000 01E05AM000t
00008 LYS01A0110_008 f 0.00  0.000     0  0.00  0  0 -10.637   3.662   5.985  -0.008  -0.994   0.000 01E0A6M000t
00009 LYS01A0110_009 f 0.00  0.000     0  0.00  0  0  -9.594   0.184   2.203  -0.030  -0.892   0.000 01E0D3M000t
00010 LYS01A0110_010 f 0.00  0.000     0  0.00  0  0  -9.743   0.377   5.096  -0.020  -0.969   0.000 01E0ECM000t
00011 LYS01A0110_011 f 0.00  0.000     0  0.00  0  0  -9.593   3.139   4.803  -0.013  -0.974   0.000 01E10CM000t
00012 LYS01A0110_012 f 0.00  0.000     0  0.00  0  0  -8.498   2.512   2.309  -0.020  -0.897   0.000 01E127M000t
00013 LYS01A0110_013 f 0.00  0.000     0  0.00  0  0 -11.306   3.695   3.027  -0.002  -0.917   0.000 01T001M000t
00014 LYS01A0110_014 f 0.00  0.000     0  0.00  0  0  -5.037   1.092   2.807  -0.012  -0.950   0.000 01T026M000t
00015 LYS01A0110_015 f 0.00  0.000     0  0.00  0  0 -11.289   3.388   3.372  -0.027  -1.117   0.000 01T048M000t
00016 LYS01A0110_016 f 0.00  0.000     0  0.00  0  0 -10.512   2.530   4.844  -0.011  -0.961   0.000 01T07AM000t
00017 LYS01A0110_017 f 0.00  0.000     0  0.00  0  0  -8.564   0.501   5.139  -0.008  -0.974   0.000 01T0F3M000t
00018 LYS01A0110_018 f 0.00  0.000     0  0.00  0  0  -8.103   2.898   5.007   0.002  -0.918   0.000 01T0FFM000t
00019 LYS01A0110_019 f 0.00  0.000     0  0.00  0  0 -11.300   3.665   4.538  -0.034  -0.896   0.000 01T116M000t
00020 LYS01A0110_020 f 0.00  0.000     0  0.00  0  0  -8.157   2.640   2.540  -0.091  -0.786   0.000 01T11FM000t
00021 LYS+1A0110_021 f 0.00  1.000     0 10.40  0  1 -11.378   0.397   1.566   0.034 -13.191   0.000 +1O000M000t
00022 LYS+1A0110_022 f 0.00  1.000     0 10.40  0  1 -11.001   1.530   1.826   0.067 -13.044   0.000 +1E021M000t
00023 LYS+1A0110_023 f 0.00  1.000     0 10.40  0  1 -11.462   1.118   3.168   0.053 -13.203   0.000 +1E025M000t
00024 LYS+1A0110_024 f 0.00  1.000     0 10.40  0  1  -4.970   1.094   2.813   0.053 -12.983   0.000 +1E026M000t
00025 LYS+1A0110_025 f 0.00  1.000     0 10.40  0  1 -10.355   0.434   2.286   0.018 -12.980   0.000 +1E032M000t
00026 LYS+1A0110_026 f 0.00  1.000     0 10.40  0  1 -10.743   3.669   6.009   0.050 -12.953   0.000 +1E0A6M000t
00027 LYS+1A0110_027 f 0.00  1.000     0 10.40  0  1  -9.644   3.255   4.842  -0.174 -12.602   0.000 +1E10CM000t
00028 LYS+1A0110_028 f 0.00  1.000     0 10.40  0  1  -8.265   2.607   2.540   0.452 -12.404   0.000 +1E11FM000t
00029 LYS+1A0110_029 f 0.00  1.000     0 10.40  0  1  -8.562   2.524   2.314   0.083 -12.878   0.000 +1E127M000t
00030 LYS+1A0110_030 f 0.00  1.000     0 10.40  0  1 -11.346   3.698   3.028   0.004 -13.045   0.000 +1T001M000t
00031 LYS+1A0110_031 f 0.00  1.000     0 10.40  0  1  -7.666   0.178   1.092   0.025 -13.063   0.000 +1T014M000t
00032 LYS+1A0110_032 f 0.00  1.000     0 10.40  0  1 -10.668   7.203   3.214   0.014 -12.977   0.000 +1T01FM000t
00033 LYS+1A0110_033 f 0.00  1.000     0 10.40  0  1 -11.326   3.385   3.380   0.170 -13.182   0.000 +1T048M000t
00034 LYS+1A0110_034 f 0.00  1.000     0 10.40  0  1 -11.299   2.200   3.991  -0.025 -12.977   0.000 +1T05AM000t
00035 LYS+1A0110_035 f 0.00  1.000     0 10.40  0  1 -10.518   2.555   4.859   0.047 -12.965   0.000 +1T07AM000t
00036 LYS+1A0110_036 f 0.00  1.000     0 10.40  0  1  -9.674   0.178   2.211   0.177 -12.694   0.000 +1T0D3M000t
00037 LYS+1A0110_037 f 0.00  1.000     0 10.40  0  1  -9.724   0.379   5.105   0.000 -12.828   0.000 +1T0ECM000t
00038 LYS+1A0110_038 f 0.00  1.000     0 10.40  0  1  -8.567   0.500   5.151   0.049 -12.975   0.000 +1T0F3M000t
00039 LYS+1A0110_039 f 0.00  1.000     0 10.40  0  1  -8.214   2.901   5.017  -0.030 -12.966   0.000 +1T0FFM000t
00040 LYS+1A0110_040 f 0.00  1.000     0 10.40  0  1 -11.358   3.661   4.544   0.224 -12.729   0.000 +1T116M000t
