CONFORMER         crg  vdw0  vdw1  tors  epol  self   occ  Hb     history    ASA
LYS01A0110_001  0.000-11.33  0.40  1.57  0.00 -9.37 0.501  00  01O000M000  1.000
LYS01A0110_002  0.000 -7.68  0.18  1.09  0.00 -6.41 0.501  00  01E014M000  1.000
LYS01A0110_003  0.000-10.68  7.20  3.21  0.00 -0.28 0.502  00  01E01FM000  1.000
LYS01A0110_004  0.000-11.02  1.53  1.82  0.00 -7.67 0.501  00  01E021M000  1.000
LYS01A0110_005  0.000-11.38  1.11  3.15  0.00 -7.11 0.502  00  01E025M000  1.000
LYS01A0110_006  0.000-10.27  0.43  2.28  0.00 -7.57 0.501  00  01E032M000  1.000
LYS01A0110_007  0.000-11.42  2.21  3.97  0.00 -5.24 0.502  00  01E05AM000  1.000
LYS01A0110_008  0.000-10.63  3.66  5.98  0.00 -0.99 0.502  00  01E0A6M000  1.000
LYS01A0110_009  0.000 -9.59  0.19  2.20  0.00 -7.21 0.501  00  01E0D3M000  1.000
LYS01A0110_010  0.000 -9.74  0.38  5.09  0.00 -4.27 0.502  00  01E0ECM000  1.000
LYS01A0110_011  0.000 -9.64  3.14  4.80  0.00 -1.70 0.501  00  01E10CM000  1.000
LYS01A0110_012  0.000 -8.50  2.51  2.31  0.00 -3.67 0.502  00  01E127M000  1.000
LYS01A0110_013  0.000-11.31  3.69  3.03  0.00 -4.58 0.502  00  01T001M000  1.000
LYS01A0110_014  0.000 -5.05  1.09  2.81  0.00 -1.15 0.502  00  01T026M000  1.000
LYS01A0110_015  0.000-11.29  3.39  3.37  0.00 -4.53 0.502  00  01T048M000  1.000
LYS01A0110_016  0.000-10.51  2.53  4.84  0.00 -3.14 0.502  00  01T07AM000  1.000
LYS01A0110_017  0.000 -8.57  0.50  5.14  0.00 -2.93 0.502  00  01T0F3M000  1.000
LYS01A0110_018  0.000 -8.10  2.90  5.01  0.00 -0.19 0.501  00  01T0FFM000  1.000
LYS01A0110_019  0.000-11.30  3.66  4.54  0.00 -3.10 0.502  00  01T116M000  1.000
LYS01A0110_020  0.000 -8.15  2.63  2.54  0.00 -2.97 0.502  00  01T11FM000  1.000
LYS+1A0110_021  1.000-11.38  0.40  1.57  0.00 -9.41 0.501  00  +1O000M000  1.000
LYS+1A0110_022  1.000-11.00  1.53  1.83  0.00 -7.65 0.501  00  +1E021M000  1.000
LYS+1A0110_023  1.000-11.46  1.12  3.16  0.00 -7.18 0.502  00  +1E025M000  1.000
LYS+1A0110_024  1.000 -4.98  1.09  2.81  0.00 -1.08 0.502  00  +1E026M000  1.000
LYS+1A0110_025  1.000-10.36  0.43  2.28  0.00 -7.64 0.501  00  +1E032M000  1.000
LYS+1A0110_026  1.000-10.67  3.67  6.01  0.00 -0.99 0.502  00  +1E0A6M000  1.000
LYS+1A0110_027  1.000 -9.64  3.25  4.84  0.00 -1.55 0.501  00  +1E10CM000  1.000
LYS+1A0110_028  1.000 -8.26  2.60  2.54  0.00 -3.12 0.502  00  +1E11FM000  1.000
LYS+1A0110_029  1.000 -8.57  2.52  2.31  0.00 -3.73 0.502  00  +1E127M000  1.000
LYS+1A0110_030  1.000-11.35  3.70  3.03  0.00 -4.62 0.502  00  +1T001M000  1.000
LYS+1A0110_031  1.000 -7.67  0.18  1.09  0.00 -6.40 0.501  00  +1T014M000  1.000
LYS+1A0110_032  1.000-10.67  7.22  3.21  0.00 -0.23 0.502  00  +1T01FM000  1.000
LYS+1A0110_033  1.000-11.32  3.39  3.38  0.00 -4.56 0.502  00  +1T048M000  1.000
LYS+1A0110_034  1.000-11.30  2.20  3.99  0.00 -5.11 0.502  00  +1T05AM000  1.000
LYS+1A0110_035  1.000-10.52  2.55  4.86  0.00 -3.11 0.502  00  +1T07AM000  1.000
LYS+1A0110_036  1.000 -9.68  0.18  2.21  0.00 -7.29 0.501  00  +1T0D3M000  1.000
LYS+1A0110_037  1.000 -9.72  0.38  5.10  0.00 -4.24 0.502  00  +1T0ECM000  1.000
LYS+1A0110_038  1.000 -8.56  0.50  5.15  0.00 -2.91 0.502  00  +1T0F3M000  1.000
LYS+1A0110_039  1.000 -8.22  2.90  5.02  0.00 -0.30 0.501  00  +1T0FFM000  1.000
LYS+1A0110_040  1.000-11.36  3.66  4.54  0.00 -3.15 0.502  00  +1T116M000  1.000
