   confID        vdw0    sas     sum
LYS01A0110_001   1.124 -12.459 -11.336
LYS01A0110_002   4.821 -12.498  -7.677
LYS01A0110_003   1.308 -11.990 -10.682
LYS01A0110_004   1.649 -12.669 -11.020
LYS01A0110_005   1.373 -12.752 -11.379
LYS01A0110_006   2.081 -12.360 -10.279
LYS01A0110_007   1.286 -12.637 -11.350
LYS01A0110_008   1.733 -12.369 -10.637
LYS01A0110_009   2.934 -12.529  -9.594
LYS01A0110_010   2.447 -12.190  -9.743
LYS01A0110_011   2.457 -12.050  -9.593
LYS01A0110_012   4.027 -12.525  -8.498
LYS01A0110_013   1.215 -12.521 -11.306
LYS01A0110_014   6.962 -11.999  -5.037
LYS01A0110_015   1.277 -12.566 -11.289
LYS01A0110_016   2.385 -12.897 -10.512
LYS01A0110_017   4.079 -12.643  -8.564
LYS01A0110_018   4.315 -12.418  -8.103
LYS01A0110_019   1.286 -12.586 -11.300
LYS01A0110_020   4.280 -12.437  -8.157
LYS+1A0110_021   1.082 -12.459 -11.378
LYS+1A0110_022   1.616 -12.617 -11.001
LYS+1A0110_023   1.342 -12.804 -11.462
LYS+1A0110_024   7.029 -11.999  -4.970
LYS+1A0110_025   2.056 -12.411 -10.355
LYS+1A0110_026   1.694 -12.437 -10.743
LYS+1A0110_027   2.406 -12.050  -9.644
LYS+1A0110_028   4.172 -12.437  -8.265
LYS+1A0110_029   3.963 -12.525  -8.562
LYS+1A0110_030   1.174 -12.521 -11.346
LYS+1A0110_031   4.883 -12.550  -7.666
LYS+1A0110_032   1.271 -11.938 -10.668
LYS+1A0110_033   1.240 -12.566 -11.326
LYS+1A0110_034   1.251 -12.550 -11.299
LYS+1A0110_035   2.351 -12.868 -10.518
LYS+1A0110_036   2.855 -12.529  -9.674
LYS+1A0110_037   2.399 -12.123  -9.724
LYS+1A0110_038   4.063 -12.630  -8.567
LYS+1A0110_039   4.256 -12.469  -8.214
LYS+1A0110_040   1.228 -12.586 -11.358
