iConf CONFORMER     FL  occ    crg   Em0  pKa0 ne nH    vdw0    vdw1    tors    epol   dsolv   extra    history
00001 TYR01A0027_001 f 0.00  0.000     0  0.00  0  0 -10.584  -0.360   0.396   0.028  -0.744   0.000 01O000M000t
00002 TYR01A0027_002 f 0.00  0.000     0  0.00  0  0 -10.121   0.850   2.366   0.090  -0.786   0.000 01E006M000t
00003 TYR01A0027_003 f 0.00  0.000     0  0.00  0  0 -10.329   2.157   2.372   0.078  -0.770   0.000 01T003M000t
00004 TYR01A0027_004 f 0.00  0.000     0  0.00  0  0 -10.661   3.482   2.376   0.138  -0.760   0.000 01T005M000t
00005 TYR01A0027_005 f 0.00  0.000     0  0.00  0  0 -10.813   0.474   2.375   0.064  -0.757   0.000 01T001M000t
00006 TYR01A0027_006 f 0.00  0.000     0  0.00  0  0 -10.641  -0.003   0.374   0.101  -0.759   0.000 01T002M000t
00007 TYR01A0027_007 f 0.00  0.000     0  0.00  0  0 -10.499   3.194   0.397   0.137  -0.757   0.000 01T004M000t
00008 TYR01A0027_008 f 0.00  0.000     0  0.00  0  0 -11.547   0.143   0.355   0.093  -0.754   0.000 01T007M000t
00009 TYR01A0027_009 f 0.00  0.000     0  0.00  0  0 -11.225   3.633   0.278   0.112  -0.758   0.000 01T008M000t
00010 TYR01A0027_010 f 0.00  0.000     0  0.00  0  0 -10.837   2.743   2.371   0.101  -0.775   0.000 01T009M000t
00011 TYR-1A0027_011 f 0.00 -1.000     0 10.20  0 -1 -10.584  -0.360   0.396  -0.097  -5.807   0.000 -1O000M000t
00012 TYR-1A0027_012 f 0.00 -1.000     0 10.20  0 -1 -10.716   0.481   2.370  -0.049  -5.809   0.000 -1E001M000t
00013 TYR-1A0027_013 f 0.00 -1.000     0 10.20  0 -1 -10.569   2.171   2.366   0.027  -5.763   0.000 -1E003M000t
00014 TYR-1A0027_014 f 0.00 -1.000     0 10.20  0 -1 -10.855   2.590   0.397   0.199  -5.822   0.000 -1E004M000t
00015 TYR-1A0027_015 f 0.00 -1.000     0 10.20  0 -1 -10.121   0.856   2.358  -0.030  -5.861   0.000 -1E006M000t
00016 TYR-1A0027_016 f 0.00 -1.000     0 10.20  0 -1 -11.492   0.156   0.348  -0.007  -5.845   0.000 -1E007M000t
00017 TYR-1A0027_017 f 0.00 -1.000     0 10.20  0 -1 -10.711   0.006   0.369   0.005  -5.861   0.000 -1T002M000t
00018 TYR-1A0027_018 f 0.00 -1.000     0 10.20  0 -1 -10.670   3.493   2.369   0.148  -5.762   0.000 -1T005M000t
00019 TYR-1A0027_019 f 0.00 -1.000     0 10.20  0 -1 -11.230   3.628   0.278   0.015  -5.863   0.000 -1T008M000t
00020 TYR-1A0027_020 f 0.00 -1.000     0 10.20  0 -1 -10.886   2.740   2.362   0.030  -5.794   0.000 -1T009M000t
