   confID        vdw0    sas     sum
TYR01A0027_001   3.863 -14.447 -10.584
TYR01A0027_002   3.772 -13.892 -10.121
TYR01A0027_003   3.878 -14.207 -10.329
TYR01A0027_004   3.880 -14.541 -10.661
TYR01A0027_005   3.864 -14.677 -10.813
TYR01A0027_006   3.867 -14.509 -10.641
TYR01A0027_007   3.875 -14.374 -10.499
TYR01A0027_008   3.778 -15.325 -11.547
TYR01A0027_009   3.518 -14.743 -11.225
TYR01A0027_010   3.769 -14.606 -10.837
TYR-1A0027_011   3.863 -14.447 -10.584
TYR-1A0027_012   3.860 -14.576 -10.716
TYR-1A0027_013   3.874 -14.443 -10.569
TYR-1A0027_014   3.874 -14.728 -10.855
TYR-1A0027_015   3.772 -13.892 -10.121
TYR-1A0027_016   3.783 -15.274 -11.492
TYR-1A0027_017   3.857 -14.567 -10.711
TYR-1A0027_018   3.871 -14.541 -10.670
TYR-1A0027_019   3.513 -14.743 -11.230
TYR-1A0027_020   3.788 -14.674 -10.886
