iConf CONFORMER     FL  occ    crg   Em0  pKa0 ne nH    vdw0    vdw1    tors    epol   dsolv   extra    history
00001 ASP01A0083_001 f 0.00  0.000     0  0.00  0  0  -4.372   3.137   2.970   0.046  -0.124   0.000 01O000M000t
00002 ASP01A0083_002 f 0.00  0.000     0  0.00  0  0  -4.300   1.231   2.829   0.168  -0.137   0.000 01E001M000t
00003 ASP01A0083_003 f 0.00  0.000     0  0.00  0  0  -4.416   1.396   3.641   0.049  -0.144   0.000 01E009M000t
00004 ASP01A0083_004 f 0.00  0.000     0  0.00  0  0  -4.372   3.137   0.250   0.027  -0.108   0.000 01O000M000t
00005 ASP01A0083_005 f 0.00  0.000     0  0.00  0  0  -4.359   1.350   0.722  -0.023  -0.103   0.000 01E006M000t
00006 ASP01A0083_006 f 0.00  0.000     0  0.00  0  0  -4.389   0.900   3.444   0.107  -0.161   0.000 01T004M000t
00007 ASP01A0083_007 f 0.00  0.000     0  0.00  0  0  -4.344   1.072   3.441  -0.011  -0.152   0.000 01T006M000t
00008 ASP01A0083_008 f 0.00  0.000     0  0.00  0  0  -4.418   0.799   5.689   0.066  -0.148   0.000 01T007M000t
00009 ASP01A0083_009 f 0.00  0.000     0  0.00  0  0  -4.562   2.764   2.796   0.104  -0.136   0.000 01T002M000t
00010 ASP01A0083_010 f 0.00  0.000     0  0.00  0  0  -4.330   1.254   5.694   0.014  -0.163   0.000 01T008M000t
00011 ASP01A0083_011 f 0.00  0.000     0  0.00  0  0  -4.669   0.555   3.388   0.003  -0.158   0.000 01T00AM000t
00012 ASP01A0083_012 f 0.00  0.000     0  0.00  0  0  -4.300   1.231   0.104   0.022  -0.111   0.000 01T001M000t
00013 ASP01A0083_013 f 0.00  0.000     0  0.00  0  0  -4.457   0.799   2.969   0.016  -0.109   0.000 01T007M000t
00014 ASP01A0083_014 f 0.00  0.000     0  0.00  0  0  -4.382   1.396   0.916   0.011  -0.108   0.000 01T009M000t
00015 ASP02A0083_015 f 0.00  0.000     0  0.00  0  0  -4.136   2.259   2.970   0.068  -0.151   0.000 02O000M000t
00016 ASP02A0083_016 f 0.00  0.000     0  0.00  0  0  -4.136   2.259   0.250   0.053  -0.103   0.000 02O000M000t
00017 ASP02A0083_017 f 0.00  0.000     0  0.00  0  0  -4.111   1.195   0.900   0.003  -0.108   0.000 02E009M000t
00018 ASP02A0083_018 f 0.00  0.000     0  0.00  0  0  -4.371   1.441   3.473   0.003  -0.130   0.000 02T004M000t
00019 ASP02A0083_019 f 0.00  0.000     0  0.00  0  0  -4.615   1.562   3.503   0.206  -0.140   0.000 02T006M000t
00020 ASP02A0083_020 f 0.00  0.000     0  0.00  0  0  -4.133   1.087   3.624   0.022  -0.155   0.000 02T009M000t
00021 ASP02A0083_021 f 0.00  0.000     0  0.00  0  0  -4.423   0.809   2.844  -0.006  -0.156   0.000 02T001M000t
00022 ASP02A0083_022 f 0.00  0.000     0  0.00  0  0  -4.161   0.763   5.646   0.038  -0.161   0.000 02T007M000t
00023 ASP02A0083_023 f 0.00  0.000     0  0.00  0  0  -4.371   1.441   0.753   0.040  -0.105   0.000 02T004M000t
00024 ASP02A0083_024 f 0.00  0.000     0  0.00  0  0  -4.615   1.562   0.783   0.004  -0.112   0.000 02T006M000t
00025 ASP02A0083_025 f 0.00  0.000     0  0.00  0  0  -4.423   0.809   0.124  -0.006  -0.107   0.000 02T001M000t
00026 ASP02A0083_026 f 0.00  0.000     0  0.00  0  0  -4.161   0.763   2.926   0.013  -0.110   0.000 02T007M000t
00027 ASP-1A0083_027 f 0.00 -1.000     0  4.75  0 -1  -4.147   2.282   0.250  -0.075  -1.008   0.000 -1O000M000t
00028 ASP-1A0083_028 f 0.00 -1.000     0  4.75  0 -1  -4.452   1.380   0.698  -0.246  -1.021   0.000 -1E006M000t
00029 ASP-1A0083_029 f 0.00 -1.000     0  4.75  0 -1  -4.330   1.216   2.909  -0.156  -1.032   0.000 -1E008M000t
00030 ASP-1A0083_030 f 0.00 -1.000     0  4.75  0 -1  -4.131   1.077   0.869  -0.150  -1.025   0.000 -1E009M000t
