   confID        vdw0    sas     sum
ASP01A0083_001   0.083  -4.454  -4.372
ASP01A0083_002   0.083  -4.384  -4.300
ASP01A0083_003   0.382  -4.798  -4.416
ASP01A0083_004   0.083  -4.454  -4.372
ASP01A0083_005   0.220  -4.579  -4.359
ASP01A0083_006   0.241  -4.630  -4.389
ASP01A0083_007   0.235  -4.579  -4.344
ASP01A0083_008   0.350  -4.768  -4.418
ASP01A0083_009   0.087  -4.649  -4.562
ASP01A0083_010   0.240  -4.570  -4.330
ASP01A0083_011   0.211  -4.879  -4.669
ASP01A0083_012   0.083  -4.384  -4.300
ASP01A0083_013   0.350  -4.807  -4.457
ASP01A0083_014   0.382  -4.764  -4.382
ASP02A0083_015   0.159  -4.295  -4.136
ASP02A0083_016   0.159  -4.295  -4.136
ASP02A0083_017   0.490  -4.601  -4.111
ASP02A0083_018   0.186  -4.557  -4.371
ASP02A0083_019   0.182  -4.797  -4.615
ASP02A0083_020   0.491  -4.624  -4.133
ASP02A0083_021   0.159  -4.583  -4.423
ASP02A0083_022   0.453  -4.613  -4.161
ASP02A0083_023   0.186  -4.557  -4.371
ASP02A0083_024   0.182  -4.797  -4.615
ASP02A0083_025   0.159  -4.583  -4.423
ASP02A0083_026   0.453  -4.613  -4.161
ASP-1A0083_027   0.081  -4.228  -4.147
ASP-1A0083_028   0.147  -4.599  -4.452
ASP-1A0083_029   0.166  -4.496  -4.330
ASP-1A0083_030   0.352  -4.483  -4.131
