iConf CONFORMER     FL  occ    crg   Em0  pKa0 ne nH    vdw0    vdw1    tors    epol   dsolv   extra    history
00001 TYR01A0054_001 f 0.00  0.000     0  0.00  0  0 -10.070   0.006   0.021   0.022  -0.389   0.000 01O000M000t
00002 TYR01A0054_002 f 0.00  0.000     0  0.00  0  0  -9.873   0.010   0.020   0.022  -0.381   0.000 01E006M000t
00003 TYR01A0054_003 f 0.00  0.000     0  0.00  0  0 -10.499   2.427   2.778   0.034  -0.370   0.000 01E008M000t
00004 TYR01A0054_004 f 0.00  0.000     0  0.00  0  0 -10.012   5.986   0.026   0.129  -0.363   0.000 01E00BM000t
00005 TYR01A0054_005 f 0.00  0.000     0  0.00  0  0  -9.692   6.656   0.022   0.117  -0.361   0.000 01E00CM000t
00006 TYR01A0054_006 f 0.00  0.000     0  0.00  0  0  -9.139   0.653   2.777   0.016  -0.376   0.000 01E00EM000t
00007 TYR01A0054_007 f 0.00  0.000     0  0.00  0  0 -10.351   2.457   2.777   0.034  -0.368   0.000 01T001M000t
00008 TYR01A0054_008 f 0.00  0.000     0  0.00  0  0 -10.111   2.120   2.780   0.055  -0.370   0.000 01T00FM000t
00009 TYR01A0054_009 f 0.00  0.000     0  0.00  0  0 -10.498   6.070   0.035   0.031  -0.393   0.000 01T005M000t
00010 TYR01A0054_010 f 0.00  0.000     0  0.00  0  0 -10.311   7.498   0.029   0.030  -0.348   0.000 01T007M000t
00011 TYR01A0054_011 f 0.00  0.000     0  0.00  0  0  -9.498   5.784   2.781   0.065  -0.370   0.000 01T003M000t
00012 TYR01A0054_012 f 0.00  0.000     0  0.00  0  0 -10.117   1.831   2.778   0.052  -0.382   0.000 01T00DM000t
00013 TYR01A0054_013 f 0.00  0.000     0  0.00  0  0  -9.845   0.188   0.021   0.021  -0.363   0.000 01T002M000t
00014 TYR01A0054_014 f 0.00  0.000     0  0.00  0  0  -9.436   0.557   2.776   0.024  -0.378   0.000 01T004M000t
00015 TYR01A0054_015 f 0.00  0.000     0  0.00  0  0 -10.197   0.224   0.020   0.030  -0.381   0.000 01T009M000t
00016 TYR01A0054_016 f 0.00  0.000     0  0.00  0  0  -9.389   5.617   2.780   0.076  -0.364   0.000 01T00AM000t
00017 TYR-1A0054_017 f 0.00 -1.000     0 10.20  0 -1 -10.070   0.006   0.021  -0.051  -3.016   0.000 -1O000M000t
00018 TYR-1A0054_018 f 0.00 -1.000     0 10.20  0 -1 -10.343   2.462   2.777  -0.051  -3.010   0.000 -1E001M000t
00019 TYR-1A0054_019 f 0.00 -1.000     0 10.20  0 -1  -9.864   0.234   0.021  -0.033  -3.020   0.000 -1E002M000t
00020 TYR-1A0054_020 f 0.00 -1.000     0 10.20  0 -1  -9.438   5.749   2.781   0.109  -2.989   0.000 -1E003M000t
00021 TYR-1A0054_021 f 0.00 -1.000     0 10.20  0 -1  -9.438   0.566   2.776   0.007  -3.044   0.000 -1E004M000t
00022 TYR-1A0054_022 f 0.00 -1.000     0 10.20  0 -1 -10.204   0.274   0.020  -0.031  -3.021   0.000 -1E009M000t
00023 TYR-1A0054_023 f 0.00 -1.000     0 10.20  0 -1  -9.618   6.578   0.022   0.235  -3.000   0.000 -1E00CM000t
00024 TYR-1A0054_024 f 0.00 -1.000     0 10.20  0 -1  -9.140   0.649   2.776   0.004  -3.039   0.000 -1E00EM000t
00025 TYR-1A0054_025 f 0.00 -1.000     0 10.20  0 -1 -10.125   2.173   2.780   0.042  -3.036   0.000 -1E00FM000t
00026 TYR-1A0054_026 f 0.00 -1.000     0 10.20  0 -1 -10.547   6.035   0.037  -0.045  -3.036   0.000 -1T005M000t
00027 TYR-1A0054_027 f 0.00 -1.000     0 10.20  0 -1  -9.864   0.010   0.020  -0.053  -3.028   0.000 -1T006M000t
00028 TYR-1A0054_028 f 0.00 -1.000     0 10.20  0 -1 -10.420   7.482   0.029  -0.046  -3.025   0.000 -1T007M000t
00029 TYR-1A0054_029 f 0.00 -1.000     0 10.20  0 -1 -10.645   2.422   2.778  -0.049  -3.010   0.000 -1T008M000t
00030 TYR-1A0054_030 f 0.00 -1.000     0 10.20  0 -1  -9.450   5.586   2.781   0.109  -2.982   0.000 -1T00AM000t
00031 TYR-1A0054_031 f 0.00 -1.000     0 10.20  0 -1 -10.317   5.871   0.026   0.231  -2.988   0.000 -1T00BM000t
00032 TYR-1A0054_032 f 0.00 -1.000     0 10.20  0 -1 -10.175   1.819   2.778   0.040  -3.026   0.000 -1T00DM000t
