   confID        vdw0    sas     sum
TYR01A0054_001   4.327 -14.397 -10.070
TYR01A0054_002   4.298 -14.171  -9.873
TYR01A0054_003   4.317 -14.816 -10.499
TYR01A0054_004   4.244 -14.256 -10.012
TYR01A0054_005   4.173 -13.865  -9.692
TYR01A0054_006   4.303 -13.442  -9.139
TYR01A0054_007   4.337 -14.688 -10.351
TYR01A0054_008   4.174 -14.285 -10.111
TYR01A0054_009   3.965 -14.463 -10.498
TYR01A0054_010   3.947 -14.258 -10.311
TYR01A0054_011   4.352 -13.850  -9.498
TYR01A0054_012   4.233 -14.350 -10.117
TYR01A0054_013   4.342 -14.187  -9.845
TYR01A0054_014   4.325 -13.761  -9.436
TYR01A0054_015   4.320 -14.518 -10.197
TYR01A0054_016   4.319 -13.709  -9.389
TYR-1A0054_017   4.327 -14.397 -10.070
TYR-1A0054_018   4.345 -14.688 -10.343
TYR-1A0054_019   4.340 -14.204  -9.864
TYR-1A0054_020   4.362 -13.800  -9.438
TYR-1A0054_021   4.323 -13.761  -9.438
TYR-1A0054_022   4.314 -14.518 -10.204
TYR-1A0054_023   4.180 -13.798  -9.618
TYR-1A0054_024   4.302 -13.442  -9.140
TYR-1A0054_025   4.160 -14.285 -10.125
TYR-1A0054_026   3.966 -14.514 -10.547
TYR-1A0054_027   4.307 -14.171  -9.864
TYR-1A0054_028   3.941 -14.361 -10.420
TYR-1A0054_029   4.323 -14.967 -10.645
TYR-1A0054_030   4.326 -13.776  -9.450
TYR-1A0054_031   4.244 -14.560 -10.317
TYR-1A0054_032   4.235 -14.411 -10.175
