iConf CONFORMER     FL  occ    crg   Em0  pKa0 ne nH    vdw0    vdw1    tors    epol   dsolv   extra    history
00001 GLU01A0057_001 f 0.00  0.000     0  0.00  0  0  -3.931   2.089   4.087   0.101  -0.881   0.000 01O000M000t
00002 GLU01A0057_002 f 0.00  0.000     0  0.00  0  0  -3.898   0.236   5.271   0.132  -0.896   0.000 01E001M000t
00003 GLU01A0057_003 f 0.00  0.000     0  0.00  0  0  -3.235   0.286   4.872   0.052  -0.976   0.000 01E002M000t
00004 GLU01A0057_004 f 0.00  0.000     0  0.00  0  0  -4.619  -0.031   4.232   0.043  -1.002   0.000 01E006M000t
00005 GLU01A0057_005 f 0.00  0.000     0  0.00  0  0  -4.233   0.260   5.599   0.005  -1.106   0.000 01E00AM000t
00006 GLU01A0057_006 f 0.00  0.000     0  0.00  0  0  -4.136   0.165   4.246   0.020  -1.013   0.000 01E00BM000t
00007 GLU01A0057_007 f 0.00  0.000     0  0.00  0  0  -3.958   0.160   5.864   0.049  -1.059   0.000 01E00EM000t
00008 GLU01A0057_008 f 0.00  0.000     0  0.00  0  0  -3.931   2.089   1.367  -0.014  -0.672   0.000 01O000M000t
00009 GLU01A0057_009 f 0.00  0.000     0  0.00  0  0  -3.018   0.032   2.587   0.017  -0.686   0.000 01E004M000t
00010 GLU01A0057_010 f 0.00  0.000     0  0.00  0  0  -4.173   0.259   2.871   0.003  -0.717   0.000 01E00AM000t
00011 GLU01A0057_011 f 0.00  0.000     0  0.00  0  0  -4.237   0.351   0.867   0.035  -0.675   0.000 01E00FM000t
00012 GLU01A0057_012 f 0.00  0.000     0  0.00  0  0  -3.751   0.271   4.784   0.062  -0.962   0.000 01T005M000t
00013 GLU01A0057_013 f 0.00  0.000     0  0.00  0  0  -4.313   0.093   3.534   0.077  -1.030   0.000 01T00FM000t
00014 GLU01A0057_014 f 0.00  0.000     0  0.00  0  0  -4.430   0.257   4.908  -0.001  -1.051   0.000 01T011M000t
00015 GLU01A0057_015 f 0.00  0.000     0  0.00  0  0  -3.023   0.033   5.254   0.069  -0.925   0.000 01T004M000t
00016 GLU01A0057_016 f 0.00  0.000     0  0.00  0  0  -4.339   1.334   5.598  -0.010  -1.010   0.000 01T008M000t
00017 GLU01A0057_017 f 0.00  0.000     0  0.00  0  0  -4.139   0.187   4.047   0.018  -1.054   0.000 01T00CM000t
00018 GLU01A0057_018 f 0.00  0.000     0  0.00  0  0  -3.899   0.236   2.545   0.023  -0.691   0.000 01T001M000t
00019 GLU01A0057_019 f 0.00  0.000     0  0.00  0  0  -3.235   0.286   2.143   0.016  -0.694   0.000 01T002M000t
00020 GLU01A0057_020 f 0.00  0.000     0  0.00  0  0  -4.620  -0.031   1.464   0.040  -0.673   0.000 01T006M000t
00021 GLU01A0057_021 f 0.00  0.000     0  0.00  0  0  -4.455   0.257   2.188   0.013  -0.684   0.000 01T011M000t
00022 GLU01A0057_022 f 0.00  0.000     0  0.00  0  0  -4.339   1.334   2.878  -0.009  -0.650   0.000 01T008M000t
00023 GLU01A0057_023 f 0.00  0.000     0  0.00  0  0  -4.152   0.187   1.327   0.011  -0.682   0.000 01T00CM000t
00024 GLU02A0057_024 f 0.00  0.000     0  0.00  0  0  -3.940   1.545   4.087  -0.066  -1.020   0.000 02O000M000t
00025 GLU02A0057_025 f 0.00  0.000     0  0.00  0  0  -4.219   0.194   5.276  -0.010  -1.018   0.000 02E001M000t
00026 GLU02A0057_026 f 0.00  0.000     0  0.00  0  0  -3.835   0.143   5.808   0.048  -0.981   0.000 02E00EM000t
00027 GLU02A0057_027 f 0.00  0.000     0  0.00  0  0  -4.225   0.241   4.921   0.060  -1.001   0.000 02E011M000t
00028 GLU02A0057_028 f 0.00  0.000     0  0.00  0  0  -3.940   1.545   1.367  -0.055  -0.657   0.000 02O000M000t
00029 GLU02A0057_029 f 0.00  0.000     0  0.00  0  0  -3.496   0.297   4.930   0.020  -1.072   0.000 02T002M000t
00030 GLU02A0057_030 f 0.00  0.000     0  0.00  0  0  -3.386   0.024   5.138   0.048  -1.028   0.000 02T004M000t
00031 GLU02A0057_031 f 0.00  0.000     0  0.00  0  0  -4.143   0.251   5.620   0.074  -0.927   0.000 02T00AM000t
00032 GLU02A0057_032 f 0.00  0.000     0  0.00  0  0  -4.107   0.185   4.112   0.052  -1.016   0.000 02T00CM000t
00033 GLU02A0057_033 f 0.00  0.000     0  0.00  0  0  -3.928   0.170   3.706   0.028  -1.065   0.000 02T003M000t
00034 GLU02A0057_034 f 0.00  0.000     0  0.00  0  0  -4.341   1.760   5.650   0.159  -0.869   0.000 02T008M000t
00035 GLU02A0057_035 f 0.00  0.000     0  0.00  0  0  -4.124   0.260   3.598   0.067  -0.956   0.000 02T00FM000t
00036 GLU02A0057_036 f 0.00  0.000     0  0.00  0  0  -4.285   1.744   2.983   0.007  -0.714   0.000 02T008M000t
00037 GLU02A0057_037 f 0.00  0.000     0  0.00  0  0  -4.143   0.251   2.900   0.016  -0.662   0.000 02T00AM000t
00038 GLU02A0057_038 f 0.00  0.000     0  0.00  0  0  -4.107   0.185   1.392   0.018  -0.686   0.000 02T00CM000t
00039 GLU02A0057_039 f 0.00  0.000     0  0.00  0  0  -4.226   0.242   2.173   0.025  -0.719   0.000 02T011M000t
00040 GLU02A0057_040 f 0.00  0.000     0  0.00  0  0  -3.522   0.294   2.323   0.009  -0.684   0.000 02T002M000t
00041 GLU02A0057_041 f 0.00  0.000     0  0.00  0  0  -3.928   0.170   0.986   0.015  -0.689   0.000 02T003M000t
00042 GLU02A0057_042 f 0.00  0.000     0  0.00  0  0  -3.224   0.050   2.543   0.026  -0.669   0.000 02T004M000t
00043 GLU02A0057_043 f 0.00  0.000     0  0.00  0  0  -4.124   0.260   0.878   0.022  -0.689   0.000 02T00FM000t
00044 GLU-1A0057_044 f 0.00 -1.000     0  4.75  0 -1  -4.028   1.565   1.367  -0.286  -5.918   0.000 -1O000M000t
00045 GLU-1A0057_045 f 0.00 -1.000     0  4.75  0 -1  -3.311   0.045   2.431  -0.042  -5.993   0.000 -1E004M000t
00046 GLU-1A0057_046 f 0.00 -1.000     0  4.75  0 -1  -3.830   0.288   2.063  -0.045  -6.035   0.000 -1E005M000t
00047 GLU-1A0057_047 f 0.00 -1.000     0  4.75  0 -1  -4.282   1.555   2.872  -0.114  -5.940   0.000 -1E008M000t
00048 GLU-1A0057_048 f 0.00 -1.000     0  4.75  0 -1  -4.159   0.270   2.782  -0.090  -6.023   0.000 -1E00AM000t
00049 GLU-1A0057_049 f 0.00 -1.000     0  4.75  0 -1  -4.214   0.169   1.379  -0.052  -6.061   0.000 -1E00BM000t
00050 GLU-1A0057_050 f 0.00 -1.000     0  4.75  0 -1  -4.140   0.199   0.808  -0.087  -5.953   0.000 -1E00FM000t
