CONFORMER         crg  vdw0  vdw1  tors  epol  self   occ  Hb     history    ASA
GLU01A0057_001  0.000 -3.93  2.09  4.09  0.00  2.24 0.527  00  01O000M000  1.018
GLU01A0057_002  0.000 -3.90  0.23  5.27  0.00  1.60 0.527  00  01E001M000  1.046
GLU01A0057_003  0.000 -3.23  0.29  4.87  0.00  1.93 0.527  00  01E002M000  1.080
GLU01A0057_004  0.000 -4.62 -0.03  4.23  0.00 -0.42 0.528  00  01E006M000  1.061
GLU01A0057_005  0.000 -4.23  0.26  5.60  0.00  1.63 0.525  00  01E00AM000  1.064
GLU01A0057_006  0.000 -4.14  0.16  4.24  0.00  0.27 0.530  00  01E00BM000  1.014
GLU01A0057_007  0.000 -3.96  0.16  5.86  0.00  2.06 0.528  00  01E00EM000  1.044
GLU01A0057_008  0.000 -3.93  2.09  1.37  0.00 -0.48 0.527  00  01O000M000  1.018
GLU01A0057_009  0.000 -3.02  0.03  2.59  0.00 -0.39 0.526  00  01E004M000  1.016
GLU01A0057_010  0.000 -4.17  0.26  2.87  0.00 -1.04 0.525  00  01E00AM000  1.065
GLU01A0057_011  0.000 -4.24  0.35  0.87  0.00 -3.02 0.531  00  01E00FM000  1.024
GLU01A0057_012  0.000 -3.75  0.27  4.78  0.00  1.31 0.529  00  01T005M000  1.006
GLU01A0057_013  0.000 -4.31  0.09  3.53  0.00 -0.69 0.531  00  01T00FM000  1.022
GLU01A0057_014  0.000 -4.43  0.26  4.91  0.00  0.74 0.528  00  01T011M000  1.073
GLU01A0057_015  0.000 -3.03  0.03  5.26  0.00  2.26 0.526  00  01T004M000  1.016
GLU01A0057_016  0.000 -4.34  1.33  5.60  0.00  2.59 0.527  00  01T008M000  1.029
GLU01A0057_017  0.000 -4.14  0.19  4.04  0.00  0.09 0.524  00  01T00CM000  1.022
GLU01A0057_018  0.000 -3.90  0.23  2.54  0.00 -1.12 0.527  00  01T001M000  1.046
GLU01A0057_019  0.000 -3.23  0.29  2.14  0.00 -0.80 0.527  00  01T002M000  1.080
GLU01A0057_020  0.000 -4.62 -0.03  1.46  0.00 -3.19 0.528  00  01T006M000  1.061
GLU01A0057_021  0.000 -4.45  0.26  2.19  0.00 -2.01 0.528  00  01T011M000  1.079
GLU01A0057_022  0.000 -4.34  1.33  2.88  0.00 -0.13 0.527  00  01T008M000  1.029
GLU01A0057_023  0.000 -4.15  0.19  1.32  0.00 -2.64 0.524  00  01T00CM000  1.025
GLU02A0057_024  0.000 -3.94  1.54  4.09  0.00  1.69 0.527  00  02O000M000  1.023
GLU02A0057_025  0.000 -4.22  0.19  5.28  0.00  1.25 0.527  00  02E001M000  1.048
GLU02A0057_026  0.000 -3.84  0.15  5.81  0.00  2.12 0.528  00  02E00EM000  1.043
GLU02A0057_027  0.000 -4.23  0.24  4.92  0.00  0.93 0.528  00  02E011M000  1.065
GLU02A0057_028  0.000 -3.94  1.54  1.37  0.00 -1.03 0.527  00  02O000M000  1.023
GLU02A0057_029  0.000 -3.50  0.29  4.93  0.00  1.73 0.527  00  02T002M000  1.064
GLU02A0057_030  0.000 -3.38  0.02  5.14  0.00  1.78 0.526  00  02T004M000  1.025
GLU02A0057_031  0.000 -4.14  0.25  5.62  0.00  1.73 0.525  00  02T00AM000  1.072
GLU02A0057_032  0.000 -4.11  0.18  4.11  0.00  0.19 0.524  00  02T00CM000  1.022
GLU02A0057_033  0.000 -3.93  0.17  3.70  0.00 -0.05 0.529  00  02T003M000  1.014
GLU02A0057_034  0.000 -4.34  1.76  5.65  0.00  3.07 0.527  00  02T008M000  1.022
GLU02A0057_035  0.000 -4.12  0.26  3.60  0.00 -0.27 0.531  00  02T00FM000  1.024
GLU02A0057_036  0.000 -4.28  1.74  2.98  0.00  0.44 0.527  00  02T008M000  1.023
GLU02A0057_037  0.000 -4.14  0.25  2.90  0.00 -0.99 0.525  00  02T00AM000  1.072
GLU02A0057_038  0.000 -4.11  0.18  1.39  0.00 -2.53 0.524  00  02T00CM000  1.022
GLU02A0057_039  0.000 -4.23  0.24  2.17  0.00 -1.81 0.528  00  02T011M000  1.065
GLU02A0057_040  0.000 -3.52  0.30  2.32  0.00 -0.90 0.527  00  02T002M000  1.063
GLU02A0057_041  0.000 -3.93  0.17  0.98  0.00 -2.77 0.529  00  02T003M000  1.014
GLU02A0057_042  0.000 -3.22  0.05  2.54  0.00 -0.63 0.526  00  02T004M000  1.013
GLU02A0057_043  0.000 -4.12  0.26  0.88  0.00 -2.99 0.531  00  02T00FM000  1.024
GLU-1A0057_044 -1.000 -4.03  1.56  1.37  0.00 -1.10 0.527  00  -1O000M000  1.015
GLU-1A0057_045 -1.000 -3.31  0.04  2.43  0.00 -0.84 0.526  00  -1E004M000  1.021
GLU-1A0057_046 -1.000 -3.83  0.29  2.06  0.00 -1.48 0.529  00  -1E005M000  1.006
GLU-1A0057_047 -1.000 -4.30  1.55  2.87  0.00  0.12 0.527  00  -1E008M000  1.018
GLU-1A0057_048 -1.000 -4.16  0.27  2.78  0.00 -1.11 0.525  00  -1E00AM000  1.064
GLU-1A0057_049 -1.000 -4.21  0.17  1.38  0.00 -2.67 0.530  00  -1E00BM000  1.006
GLU-1A0057_050 -1.000 -4.14  0.20  0.80  0.00 -3.14 0.531  00  -1E00FM000  1.017
