   confID        vdw0    sas     sum
GLU01A0057_001   1.025  -4.955  -3.931
GLU01A0057_002   0.880  -4.778  -3.898
GLU01A0057_003   1.677  -4.911  -3.235
GLU01A0057_004   0.433  -5.052  -4.619
GLU01A0057_005   0.785  -5.018  -4.233
GLU01A0057_006   0.508  -4.645  -4.136
GLU01A0057_007   0.921  -4.878  -3.958
GLU01A0057_008   1.025  -4.955  -3.931
GLU01A0057_009   1.644  -4.661  -3.018
GLU01A0057_010   0.809  -4.982  -4.173
GLU01A0057_011   0.613  -4.850  -4.237
GLU01A0057_012   0.814  -4.565  -3.751
GLU01A0057_013   0.558  -4.871  -4.313
GLU01A0057_014   0.528  -4.957  -4.430
GLU01A0057_015   1.651  -4.674  -3.023
GLU01A0057_016   0.539  -4.878  -4.339
GLU01A0057_017   0.552  -4.691  -4.139
GLU01A0057_018   0.880  -4.778  -3.899
GLU01A0057_019   1.677  -4.911  -3.235
GLU01A0057_020   0.432  -5.052  -4.620
GLU01A0057_021   0.528  -4.983  -4.455
GLU01A0057_022   0.539  -4.878  -4.339
GLU01A0057_023   0.552  -4.704  -4.152
GLU02A0057_024   0.834  -4.774  -3.940
GLU02A0057_025   0.715  -4.934  -4.219
GLU02A0057_026   1.076  -4.911  -3.835
GLU02A0057_027   0.743  -4.968  -4.225
GLU02A0057_028   0.834  -4.774  -3.940
GLU02A0057_029   1.360  -4.856  -3.496
GLU02A0057_030   1.337  -4.722  -3.386
GLU02A0057_031   0.900  -5.043  -4.143
GLU02A0057_032   0.594  -4.701  -4.107
GLU02A0057_033   0.735  -4.663  -3.928
GLU02A0057_034   0.576  -4.917  -4.341
GLU02A0057_035   0.665  -4.790  -4.124
GLU02A0057_036   0.548  -4.833  -4.285
GLU02A0057_037   0.900  -5.043  -4.143
GLU02A0057_038   0.594  -4.701  -4.107
GLU02A0057_039   0.742  -4.968  -4.226
GLU02A0057_040   1.432  -4.954  -3.522
GLU02A0057_041   0.735  -4.663  -3.928
GLU02A0057_042   1.434  -4.658  -3.224
GLU02A0057_043   0.665  -4.790  -4.124
GLU-1A0057_044   0.763  -4.791  -4.028
GLU-1A0057_045   1.291  -4.602  -3.311
GLU-1A0057_046   0.588  -4.418  -3.830
GLU-1A0057_047   0.422  -4.705  -4.282
GLU-1A0057_048   0.744  -4.904  -4.159
GLU-1A0057_049   0.406  -4.620  -4.214
GLU-1A0057_050   0.513  -4.653  -4.140
