CONFORMER         crg  vdw0  vdw1  tors  epol  self   occ  Hb     history    ASA
GLU01A0057_001  0.000 -3.93  2.09  4.09  0.00  2.24 0.529  00  01O000M000  1.018
GLU01A0057_002  0.000 -4.31  1.50  5.67  0.00  2.85 0.528  00  01E008M000  1.023
GLU01A0057_003  0.000 -3.93  2.09  1.37  0.00 -0.48 0.529  00  01O000M000  1.018
GLU01A0057_004  0.000 -3.73  0.16  1.00  0.00 -2.57 0.525  00  01E003M000  1.029
GLU01A0057_005  0.000 -3.76  0.28  2.11  0.00 -1.37 0.530  00  01E005M000  1.013
GLU01A0057_006  0.000 -4.55 -0.02  1.41  0.00 -3.16 0.525  00  01E006M000  1.064
GLU01A0057_007  0.000 -4.04  0.07  2.98  0.00 -0.99 0.529  00  01E00DM000  1.000
GLU01A0057_008  0.000 -3.90  0.23  5.26  0.00  1.60 0.527  00  01T001M000  1.046
GLU01A0057_009  0.000 -4.23  0.26  5.59  0.00  1.62 0.527  00  01T00AM000  1.064
GLU01A0057_010  0.000 -4.17  0.18  4.09  0.00  0.11 0.527  00  01T00CM000  1.023
GLU01A0057_011  0.000 -4.07  0.07  5.72  0.00  1.72 0.529  00  01T00DM000  1.000
GLU01A0057_012  0.000 -3.69  0.16  3.70  0.00  0.17 0.525  00  01T003M000  1.020
GLU01A0057_013  0.000 -3.76  0.28  4.82  0.00  1.34 0.530  00  01T005M000  1.013
GLU01A0057_014  0.000 -4.24  0.35  3.54  0.00 -0.35 0.527  00  01T00FM000  1.024
GLU01A0057_015  0.000 -3.23  0.29  2.14  0.00 -0.80 0.527  00  01T002M000  1.080
GLU01A0057_016  0.000 -4.31  1.50  2.90  0.00  0.09 0.528  00  01T008M000  1.023
GLU01A0057_017  0.000 -4.17  0.18  1.37  0.00 -2.61 0.527  00  01T00CM000  1.023
GLU01A0057_018  0.000 -4.31  0.09  0.81  0.00 -3.41 0.527  00  01T00FM000  1.022
GLU01A0057_019  0.000 -4.17  0.26  2.87  0.00 -1.05 0.527  00  01T00AM000  1.065
GLU02A0057_020  0.000 -3.94  1.54  4.09  0.00  1.69 0.529  00  02O000M000  1.023
GLU02A0057_021  0.000 -4.28  1.74  5.72  0.00  3.17 0.528  00  02E008M000  1.023
GLU02A0057_022  0.000 -4.14  0.25  5.65  0.00  1.76 0.527  00  02E00AM000  1.072
GLU02A0057_023  0.000 -3.94  1.54  1.37  0.00 -1.03 0.529  00  02O000M000  1.023
GLU02A0057_024  0.000 -4.12  0.26  0.89  0.00 -2.97 0.527  00  02E00FM000  1.024
GLU02A0057_025  0.000 -4.04  0.28  4.80  0.00  1.04 0.530  00  02T005M000  1.006
GLU02A0057_026  0.000 -4.10  0.06  5.60  0.00  1.57 0.529  00  02T00DM000  1.000
GLU02A0057_027  0.000 -4.23  0.24  4.89  0.00  0.91 0.529  00  02T011M000  1.065
GLU02A0057_028  0.000 -4.34  0.32  5.55  0.00  1.53 0.530  00  02T009M000  1.078
GLU02A0057_029  0.000 -4.09  0.18  4.08  0.00  0.18 0.527  00  02T00CM000  1.022
GLU02A0057_030  0.000 -3.66  0.16  5.81  0.00  2.31 0.529  00  02T00EM000  1.041
GLU02A0057_031  0.000 -4.12  0.26  3.60  0.00 -0.27 0.527  00  02T00FM000  1.024
GLU02A0057_032  0.000 -3.50  0.29  2.21  0.00 -0.99 0.527  00  02T002M000  1.064
GLU02A0057_033  0.000 -4.14  0.25  2.90  0.00 -0.99 0.527  00  02T00AM000  1.072
GLU02A0057_034  0.000 -4.11  0.18  1.39  0.00 -2.53 0.527  00  02T00CM000  1.022
GLU02A0057_035  0.000 -4.11  0.06  2.88  0.00 -1.17 0.529  00  02T00DM000  1.003
GLU02A0057_036  0.000 -4.23  0.24  2.17  0.00 -1.81 0.529  00  02T011M000  1.065
GLU02A0057_037  0.000 -4.34  1.76  2.93  0.00  0.35 0.528  00  02T008M000  1.022
GLU-1A0057_038 -1.000 -4.03  1.56  1.37  0.00 -1.10 0.529  00  -1O000M000  1.015
GLU-1A0057_039 -1.000 -4.12  0.20  2.54  0.00 -1.38 0.527  00  -1E001M000  1.040
GLU-1A0057_040 -1.000 -3.51  0.31  2.16  0.00 -1.03 0.527  00  -1E002M000  1.064
GLU-1A0057_041 -1.000 -3.83  0.29  2.06  0.00 -1.48 0.530  00  -1E005M000  1.006
GLU-1A0057_042 -1.000 -4.13  0.19  1.29  0.00 -2.65 0.527  00  -1E00CM000  1.023
GLU-1A0057_043 -1.000 -3.88  0.15  2.95  0.00 -0.78 0.529  00  -1E00EM000  1.055
GLU-1A0057_044 -1.000 -4.14  0.20  0.80  0.00 -3.14 0.527  00  -1E00FM000  1.017
