iConf CONFORMER     FL  occ    crg   Em0  pKa0 ne nH    vdw0    vdw1    tors    epol   dsolv   extra    history
00001 GLU01A0057_001 f 0.00  0.000     0  0.00  0  0  -3.931   2.089   4.087   0.041  -0.132   0.000 01O000M000t
00002 GLU01A0057_002 f 0.00  0.000     0  0.00  0  0  -4.306   1.498   5.666  -0.007  -0.156   0.000 01E008M000t
00003 GLU01A0057_003 f 0.00  0.000     0  0.00  0  0  -3.931   2.089   1.367  -0.000  -0.104   0.000 01O000M000t
00004 GLU01A0057_004 f 0.00  0.000     0  0.00  0  0  -3.730   0.162   1.004   0.005  -0.107   0.000 01E003M000t
00005 GLU01A0057_005 f 0.00  0.000     0  0.00  0  0  -3.759   0.278   2.113   0.008  -0.107   0.000 01E005M000t
00006 GLU01A0057_006 f 0.00  0.000     0  0.00  0  0  -4.518  -0.016   1.412   0.014  -0.105   0.000 01E006M000t
00007 GLU01A0057_007 f 0.00  0.000     0  0.00  0  0  -4.045   0.069   2.984   0.008  -0.106   0.000 01E00DM000t
00008 GLU01A0057_008 f 0.00  0.000     0  0.00  0  0  -3.899   0.236   5.265   0.065  -0.131   0.000 01T001M000t
00009 GLU01A0057_009 f 0.00  0.000     0  0.00  0  0  -4.229   0.262   5.591  -0.002  -0.161   0.000 01T00AM000t
00010 GLU01A0057_010 f 0.00  0.000     0  0.00  0  0  -4.165   0.184   4.092   0.007  -0.159   0.000 01T00CM000t
00011 GLU01A0057_011 f 0.00  0.000     0  0.00  0  0  -4.068   0.067   5.718   0.025  -0.140   0.000 01T00DM000t
00012 GLU01A0057_012 f 0.00  0.000     0  0.00  0  0  -3.692   0.162   3.698   0.024  -0.145   0.000 01T003M000t
00013 GLU01A0057_013 f 0.00  0.000     0  0.00  0  0  -3.760   0.280   4.818   0.033  -0.146   0.000 01T005M000t
00014 GLU01A0057_014 f 0.00  0.000     0  0.00  0  0  -4.239   0.352   3.539   0.043  -0.156   0.000 01T00FM000t
00015 GLU01A0057_015 f 0.00  0.000     0  0.00  0  0  -3.235   0.286   2.143   0.008  -0.106   0.000 01T002M000t
00016 GLU01A0057_016 f 0.00  0.000     0  0.00  0  0  -4.306   1.498   2.898  -0.007  -0.102   0.000 01T008M000t
00017 GLU01A0057_017 f 0.00  0.000     0  0.00  0  0  -4.165   0.184   1.372   0.003  -0.104   0.000 01T00CM000t
00018 GLU01A0057_018 f 0.00  0.000     0  0.00  0  0  -4.313   0.093   0.814   0.019  -0.101   0.000 01T00FM000t
00019 GLU01A0057_019 f 0.00  0.000     0  0.00  0  0  -4.173   0.261   2.865  -0.002  -0.108   0.000 01T00AM000t
00020 GLU02A0057_020 f 0.00  0.000     0  0.00  0  0  -3.940   1.545   4.087  -0.037  -0.152   0.000 02O000M000t
00021 GLU02A0057_021 f 0.00  0.000     0  0.00  0  0  -4.285   1.745   5.718   0.053  -0.125   0.000 02E008M000t
00022 GLU02A0057_022 f 0.00  0.000     0  0.00  0  0  -4.143   0.250   5.650   0.045  -0.146   0.000 02E00AM000t
00023 GLU02A0057_023 f 0.00  0.000     0  0.00  0  0  -3.940   1.545   1.367  -0.028  -0.100   0.000 02O000M000t
00024 GLU02A0057_024 f 0.00  0.000     0  0.00  0  0  -4.124   0.259   0.888   0.005  -0.105   0.000 02E00FM000t
00025 GLU02A0057_025 f 0.00  0.000     0  0.00  0  0  -4.006   0.285   4.798  -0.002  -0.158   0.000 02T005M000t
00026 GLU02A0057_026 f 0.00  0.000     0  0.00  0  0  -4.098   0.065   5.601   0.028  -0.153   0.000 02T00DM000t
00027 GLU02A0057_027 f 0.00  0.000     0  0.00  0  0  -4.226   0.242   4.893   0.035  -0.158   0.000 02T011M000t
00028 GLU02A0057_028 f 0.00  0.000     0  0.00  0  0  -4.334   0.323   5.546   0.026  -0.157   0.000 02T009M000t
00029 GLU02A0057_029 f 0.00  0.000     0  0.00  0  0  -4.088   0.181   4.084   0.031  -0.147   0.000 02T00CM000t
00030 GLU02A0057_030 f 0.00  0.000     0  0.00  0  0  -3.656   0.159   5.805   0.026  -0.147   0.000 02T00EM000t
00031 GLU02A0057_031 f 0.00  0.000     0  0.00  0  0  -4.124   0.260   3.598   0.021  -0.145   0.000 02T00FM000t
00032 GLU02A0057_032 f 0.00  0.000     0  0.00  0  0  -3.496   0.297   2.210   0.004  -0.107   0.000 02T002M000t
00033 GLU02A0057_033 f 0.00  0.000     0  0.00  0  0  -4.143   0.251   2.900   0.008  -0.106   0.000 02T00AM000t
00034 GLU02A0057_034 f 0.00  0.000     0  0.00  0  0  -4.107   0.185   1.392   0.008  -0.105   0.000 02T00CM000t
00035 GLU02A0057_035 f 0.00  0.000     0  0.00  0  0  -4.111   0.065   2.881   0.015  -0.103   0.000 02T00DM000t
00036 GLU02A0057_036 f 0.00  0.000     0  0.00  0  0  -4.226   0.242   2.173   0.011  -0.114   0.000 02T011M000t
00037 GLU02A0057_037 f 0.00  0.000     0  0.00  0  0  -4.341   1.760   2.930   0.004  -0.108   0.000 02T008M000t
00038 GLU-1A0057_038 f 0.00 -1.000     0  4.75  0 -1  -4.028   1.565   1.367  -0.169  -1.008   0.000 -1O000M000t
00039 GLU-1A0057_039 f 0.00 -1.000     0  4.75  0 -1  -4.119   0.194   2.544  -0.067  -1.019   0.000 -1E001M000t
00040 GLU-1A0057_040 f 0.00 -1.000     0  4.75  0 -1  -3.500   0.308   2.163  -0.070  -1.031   0.000 -1E002M000t
00041 GLU-1A0057_041 f 0.00 -1.000     0  4.75  0 -1  -3.830   0.288   2.063  -0.035  -1.034   0.000 -1E005M000t
00042 GLU-1A0057_042 f 0.00 -1.000     0  4.75  0 -1  -4.126   0.189   1.291  -0.049  -1.035   0.000 -1E00CM000t
00043 GLU-1A0057_043 f 0.00 -1.000     0  4.75  0 -1  -3.881   0.149   2.951  -0.031  -1.034   0.000 -1E00EM000t
00044 GLU-1A0057_044 f 0.00 -1.000     0  4.75  0 -1  -4.140   0.199   0.808  -0.053  -1.013   0.000 -1E00FM000t
