   confID        vdw0    sas     sum
GLU01A0057_001   1.025  -4.955  -3.931
GLU01A0057_002   0.453  -4.759  -4.306
GLU01A0057_003   1.025  -4.955  -3.931
GLU01A0057_004   0.900  -4.630  -3.730
GLU01A0057_005   0.841  -4.600  -3.759
GLU01A0057_006   0.510  -5.028  -4.518
GLU01A0057_007   0.640  -4.685  -4.045
GLU01A0057_008   0.880  -4.778  -3.899
GLU01A0057_009   0.790  -5.018  -4.229
GLU01A0057_010   0.468  -4.633  -4.165
GLU01A0057_011   0.630  -4.698  -4.068
GLU01A0057_012   0.900  -4.591  -3.692
GLU01A0057_013   0.840  -4.600  -3.760
GLU01A0057_014   0.610  -4.850  -4.239
GLU01A0057_015   1.677  -4.911  -3.235
GLU01A0057_016   0.453  -4.759  -4.306
GLU01A0057_017   0.468  -4.633  -4.165
GLU01A0057_018   0.558  -4.871  -4.313
GLU01A0057_019   0.809  -4.982  -4.173
GLU02A0057_020   0.834  -4.774  -3.940
GLU02A0057_021   0.548  -4.833  -4.285
GLU02A0057_022   0.900  -5.043  -4.143
GLU02A0057_023   0.834  -4.774  -3.940
GLU02A0057_024   0.666  -4.790  -4.124
GLU02A0057_025   0.662  -4.668  -4.006
GLU02A0057_026   0.639  -4.737  -4.098
GLU02A0057_027   0.742  -4.968  -4.226
GLU02A0057_028   0.660  -4.994  -4.334
GLU02A0057_029   0.626  -4.713  -4.088
GLU02A0057_030   1.279  -4.935  -3.656
GLU02A0057_031   0.665  -4.790  -4.124
GLU02A0057_032   1.360  -4.856  -3.496
GLU02A0057_033   0.900  -5.043  -4.143
GLU02A0057_034   0.594  -4.701  -4.107
GLU02A0057_035   0.639  -4.750  -4.111
GLU02A0057_036   0.742  -4.968  -4.226
GLU02A0057_037   0.576  -4.917  -4.341
GLU-1A0057_038   0.763  -4.791  -4.028
GLU-1A0057_039   0.646  -4.765  -4.119
GLU-1A0057_040   1.296  -4.796  -3.500
GLU-1A0057_041   0.588  -4.418  -3.830
GLU-1A0057_042   0.447  -4.573  -4.126
GLU-1A0057_043   0.872  -4.753  -3.881
GLU-1A0057_044   0.513  -4.653  -4.140
