iConf CONFORMER     FL  occ    crg   Em0  pKa0 ne nH    vdw0    vdw1    tors    epol   dsolv   extra    history
00001 HIS01A0121_001 f 0.00  0.000     0  0.00  0  0 -11.613   0.950   0.020   0.165  -2.226   0.000 01O000M000t
00002 HIS01A0121_002 f 0.00  0.000     0  0.00  0  0 -11.920   2.757   0.013   0.045  -2.373   0.000 01E005M000t
00003 HIS01A0121_003 f 0.00  0.000     0  0.00  0  0 -12.431   1.886   0.003   0.282  -2.337   0.000 01E008M000t
00004 HIS01A0121_004 f 0.00  0.000     0  0.00  0  0 -11.653   0.946   0.018   0.254  -2.345   0.000 01E009M000t
00005 HIS01A0121_005 f 0.00  0.000     0  0.00  0  0 -12.148   1.074   0.019   0.179  -2.212   0.000 01E00EM000t
00006 HIS01A0121_006 f 0.00  0.000     0  0.00  0  0 -11.500   1.536   0.012   0.246  -2.260   0.000 01E00FM000t
00007 HIS01A0121_007 f 0.00  0.000     0  0.00  0  0 -11.924   1.891   0.002   0.258  -2.278   0.000 01E010M000t
00008 HIS01A0121_008 f 0.00  0.000     0  0.00  0  0 -11.779   0.771   0.018   0.169  -2.339   0.000 01E011M000t
00009 HIS01A0121_009 f 0.00  0.000     0  0.00  0  0 -12.079   3.121   2.745   0.261  -2.303   0.000 01E017M000t
00010 HIS01A0121_010 f 0.00  0.000     0  0.00  0  0 -11.675   2.117   0.013   0.181  -2.252   0.000 01T003M000t
00011 HIS01A0121_011 f 0.00  0.000     0  0.00  0  0 -11.219   2.030   2.774   0.235  -2.225   0.000 01T004M000t
00012 HIS01A0121_012 f 0.00  0.000     0  0.00  0  0 -12.102   1.304   0.019   0.085  -2.196   0.000 01T006M000t
00013 HIS01A0121_013 f 0.00  0.000     0  0.00  0  0 -11.659   0.757   0.015   0.216  -2.318   0.000 01T007M000t
00014 HIS01A0121_014 f 0.00  0.000     0  0.00  0  0 -11.621   4.975   2.777   0.257  -2.324   0.000 01T00BM000t
00015 HIS01A0121_015 f 0.00  0.000     0  0.00  0  0 -11.474   3.845   2.775   0.185  -2.279   0.000 01T00CM000t
00016 HIS01A0121_016 f 0.00  0.000     0  0.00  0  0 -11.750   3.119   0.006   0.054  -2.208   0.000 01T00DM000t
00017 HIS01A0121_017 f 0.00  0.000     0  0.00  0  0 -11.830   3.992   2.710   0.141  -2.240   0.000 01T014M000t
00018 HIS01A0121_018 f 0.00  0.000     0  0.00  0  0 -11.137   1.892   2.773   0.188  -2.298   0.000 01T016M000t
00019 HIS02A0121_019 f 0.00  0.000     0  0.00  0  0 -11.628   0.909   0.020   0.145  -2.368   0.000 02O000M000t
00020 HIS02A0121_020 f 0.00  0.000     0  0.00  0  0 -11.997   2.632   0.013   0.299  -2.326   0.000 02E005M000t
00021 HIS02A0121_021 f 0.00  0.000     0  0.00  0  0 -12.053   1.268   0.018   0.217  -2.323   0.000 02E006M000t
00022 HIS02A0121_022 f 0.00  0.000     0  0.00  0  0 -12.450   1.881   0.003   0.216  -2.428   0.000 02E008M000t
00023 HIS02A0121_023 f 0.00  0.000     0  0.00  0  0 -11.627   0.931   0.017   0.150  -2.426   0.000 02E009M000t
00024 HIS02A0121_024 f 0.00  0.000     0  0.00  0  0 -11.677   3.046   0.007   0.307  -2.298   0.000 02E00DM000t
00025 HIS02A0121_025 f 0.00  0.000     0  0.00  0  0 -12.151   0.993   0.018   0.048  -2.377   0.000 02E00EM000t
00026 HIS02A0121_026 f 0.00  0.000     0  0.00  0  0 -11.453   1.504   0.010   0.107  -2.332   0.000 02E00FM000t
00027 HIS02A0121_027 f 0.00  0.000     0  0.00  0  0 -11.204   1.868   2.772   0.164  -2.479   0.000 02E016M000t
00028 HIS02A0121_028 f 0.00  0.000     0  0.00  0  0 -12.115   3.168   2.753   0.192  -2.358   0.000 02E017M000t
00029 HIS02A0121_029 f 0.00  0.000     0  0.00  0  0 -11.286   1.944   2.772   0.086  -2.280   0.000 02T004M000t
00030 HIS02A0121_030 f 0.00  0.000     0  0.00  0  0 -11.680   0.742   0.014   0.130  -2.574   0.000 02T007M000t
00031 HIS02A0121_031 f 0.00  0.000     0  0.00  0  0 -11.835   4.949   2.777   0.211  -2.397   0.000 02T00BM000t
00032 HIS02A0121_032 f 0.00  0.000     0  0.00  0  0 -11.446   3.837   2.774   0.131  -2.422   0.000 02T00CM000t
00033 HIS02A0121_033 f 0.00  0.000     0  0.00  0  0 -11.980   1.880   0.002   0.242  -2.386   0.000 02T010M000t
00034 HIS02A0121_034 f 0.00  0.000     0  0.00  0  0 -11.912   0.752   0.017   0.158  -2.496   0.000 02T011M000t
00035 HIS02A0121_035 f 0.00  0.000     0  0.00  0  0 -11.907   3.939   2.711   0.205  -2.387   0.000 02T014M000t
00036 HIS+1A0121_036 f 0.00  1.000     0  6.98  0  1 -11.655   0.907   0.020   0.341 -10.713   0.000 +1O000M000t
00037 HIS+1A0121_037 f 0.00  1.000     0  6.98  0  1 -12.091   2.629   0.014   0.539 -10.412   0.000 +1E005M000t
00038 HIS+1A0121_038 f 0.00  1.000     0  6.98  0  1 -12.147   1.261   0.019   0.461 -10.629   0.000 +1E006M000t
00039 HIS+1A0121_039 f 0.00  1.000     0  6.98  0  1 -12.477   1.876   0.004   0.447 -10.610   0.000 +1E008M000t
00040 HIS+1A0121_040 f 0.00  1.000     0  6.98  0  1 -11.699   0.931   0.018   0.388 -10.802   0.000 +1E009M000t
00041 HIS+1A0121_041 f 0.00  1.000     0  6.98  0  1 -11.704   3.052   0.008   0.547 -10.329   0.000 +1E00DM000t
00042 HIS+1A0121_042 f 0.00  1.000     0  6.98  0  1 -12.176   0.988   0.018   0.195 -10.563   0.000 +1E00EM000t
00043 HIS+1A0121_043 f 0.00  1.000     0  6.98  0  1 -11.163   1.870   2.774   0.298 -10.639   0.000 +1E016M000t
00044 HIS+1A0121_044 f 0.00  1.000     0  6.98  0  1 -12.142   3.173   2.753   0.342 -10.695   0.000 +1E017M000t
00045 HIS+1A0121_045 f 0.00  1.000     0  6.98  0  1 -11.673   2.102   0.012   0.218 -10.430   0.000 +1T003M000t
00046 HIS+1A0121_046 f 0.00  1.000     0  6.98  0  1 -11.261   1.955   2.773   0.219 -10.523   0.000 +1T004M000t
00047 HIS+1A0121_047 f 0.00  1.000     0  6.98  0  1 -11.659   0.744   0.016   0.352 -10.673   0.000 +1T007M000t
00048 HIS+1A0121_048 f 0.00  1.000     0  6.98  0  1 -11.666   4.962   2.778   0.429 -10.670   0.000 +1T00BM000t
00049 HIS+1A0121_049 f 0.00  1.000     0  6.98  0  1 -11.473   3.839   2.775   0.295 -10.647   0.000 +1T00CM000t
00050 HIS+1A0121_050 f 0.00  1.000     0  6.98  0  1 -11.570   1.487   0.012   0.259 -10.590   0.000 +1T00FM000t
00051 HIS+1A0121_051 f 0.00  1.000     0  6.98  0  1 -12.051   1.874   0.002   0.391 -10.555   0.000 +1T010M000t
00052 HIS+1A0121_052 f 0.00  1.000     0  6.98  0  1 -11.877   0.743   0.018   0.322 -10.547   0.000 +1T011M000t
00053 HIS+1A0121_053 f 0.00  1.000     0  6.98  0  1 -11.934   3.939   2.711   0.338 -10.627   0.000 +1T014M000t
