CONFORMER         crg  vdw0  vdw1  tors  epol  self   occ  Hb     history    ASA
HIS01A0121_001  0.000-11.61  0.95  0.02  0.00-10.64 0.519  00  01O000M000  1.000
HIS01A0121_002  0.000-11.92  2.75  0.01  0.00 -9.16 0.520  00  01E005M000  1.000
HIS01A0121_003  0.000-12.43  1.89  0.00  0.00-10.54 0.520  00  01E008M000  1.000
HIS01A0121_004  0.000-11.65  0.94  0.02  0.00-10.69 0.522  00  01E009M000  1.000
HIS01A0121_005  0.000-12.20  1.07  0.02  0.00-11.10 0.518  00  01E00EM000  1.000
HIS01A0121_006  0.000-11.50  1.54  0.01  0.00 -9.95 0.521  00  01E00FM000  1.000
HIS01A0121_007  0.000-11.92  1.88  0.00  0.00-10.04 0.521  00  01E010M000  1.000
HIS01A0121_008  0.000-11.78  0.77  0.02  0.00-10.99 0.520  00  01E011M000  1.000
HIS01A0121_009  0.000-12.08  3.12  2.74  0.00 -6.22 0.522  00  01E017M000  1.000
HIS01A0121_010  0.000-11.68  2.12  0.01  0.00 -9.54 0.521  00  01T003M000  1.000
HIS01A0121_011  0.000-11.22  2.03  2.77  0.00 -6.42 0.518  00  01T004M000  1.000
HIS01A0121_012  0.000-12.10  1.30  0.02  0.00-10.78 0.523  00  01T006M000  1.000
HIS01A0121_013  0.000-11.66  0.75  0.02  0.00-10.89 0.516  00  01T007M000  1.000
HIS01A0121_014  0.000-11.62  4.97  2.78  0.00 -3.88 0.519  00  01T00BM000  1.000
HIS01A0121_015  0.000-11.47  3.84  2.77  0.00 -4.85 0.519  00  01T00CM000  1.000
HIS01A0121_016  0.000-11.75  3.12  0.01  0.00 -8.63 0.520  00  01T00DM000  1.000
HIS01A0121_017  0.000-11.83  3.99  2.71  0.00 -5.13 0.519  00  01T014M000  1.000
HIS01A0121_018  0.000-11.14  1.89  2.77  0.00 -6.48 0.518  00  01T016M000  1.000
HIS02A0121_019  0.000-11.63  0.91  0.02  0.00-10.70 0.519  00  02O000M000  1.000
HIS02A0121_020  0.000-12.00  2.63  0.01  0.00 -9.35 0.520  00  02E005M000  1.000
HIS02A0121_021  0.000-12.12  1.27  0.02  0.00-10.83 0.523  00  02E006M000  1.000
HIS02A0121_022  0.000-12.45  1.88  0.00  0.00-10.57 0.520  00  02E008M000  1.000
HIS02A0121_023  0.000-11.67  0.93  0.02  0.00-10.73 0.522  00  02E009M000  1.000
HIS02A0121_024  0.000-11.68  3.05  0.01  0.00 -8.62 0.520  00  02E00DM000  1.000
HIS02A0121_025  0.000-12.15  0.99  0.02  0.00-11.14 0.518  00  02E00EM000  1.000
HIS02A0121_026  0.000-11.45  1.50  0.01  0.00 -9.94 0.521  00  02E00FM000  1.000
HIS02A0121_027  0.000-11.20  1.87  2.77  0.00 -6.56 0.518  00  02E016M000  1.000
HIS02A0121_028  0.000-12.12  3.17  2.75  0.00 -6.19 0.522  00  02E017M000  1.000
HIS02A0121_029  0.000-11.29  1.95  2.77  0.00 -6.57 0.518  00  02T004M000  1.000
HIS02A0121_030  0.000-11.68  0.74  0.01  0.00-10.92 0.516  00  02T007M000  1.000
HIS02A0121_031  0.000-11.84  4.94  2.78  0.00 -4.12 0.519  00  02T00BM000  1.000
HIS02A0121_032  0.000-11.45  3.83  2.77  0.00 -4.84 0.519  00  02T00CM000  1.000
HIS02A0121_033  0.000-12.03  1.88  0.00  0.00-10.15 0.521  00  02T010M000  1.000
HIS02A0121_034  0.000-11.91  0.75  0.02  0.00-11.15 0.520  00  02T011M000  1.000
HIS02A0121_035  0.000-11.91  3.93  2.71  0.00 -5.26 0.519  00  02T014M000  1.000
HIS+1A0121_036  1.000-11.66  0.91  0.02  0.00-10.73 0.519  00  +1O000M000  1.000
HIS+1A0121_037  1.000-12.23  2.63  0.01  0.00 -9.59 0.520  00  +1E005M000  1.000
HIS+1A0121_038  1.000-12.15  1.26  0.02  0.00-10.87 0.523  00  +1E006M000  1.000
HIS+1A0121_039  1.000-12.48  1.88  0.00  0.00-10.60 0.520  00  +1E008M000  1.000
HIS+1A0121_040  1.000-11.70  0.93  0.02  0.00-10.75 0.522  00  +1E009M000  1.000
HIS+1A0121_041  1.000-11.70  3.05  0.01  0.00 -8.65 0.520  00  +1E00DM000  1.000
HIS+1A0121_042  1.000-12.18  0.99  0.02  0.00-11.17 0.518  00  +1E00EM000  1.000
HIS+1A0121_043  1.000-11.23  1.87  2.77  0.00 -6.59 0.518  00  +1E016M000  1.000
HIS+1A0121_044  1.000-12.14  3.17  2.75  0.00 -6.22 0.522  00  +1E017M000  1.000
HIS+1A0121_045  1.000-11.67  2.10  0.01  0.00 -9.56 0.521  00  +1T003M000  1.000
HIS+1A0121_046  1.000-11.26  1.95  2.77  0.00 -6.54 0.518  00  +1T004M000  1.000
HIS+1A0121_047  1.000-11.66  0.74  0.02  0.00-10.90 0.516  00  +1T007M000  1.000
HIS+1A0121_048  1.000-11.67  4.97  2.78  0.00 -3.92 0.519  00  +1T00BM000  1.000
HIS+1A0121_049  1.000-11.47  3.84  2.78  0.00 -4.86 0.519  00  +1T00CM000  1.000
HIS+1A0121_050  1.000-11.52  1.48  0.01  0.00-10.02 0.521  00  +1T00FM000  1.000
HIS+1A0121_051  1.000-12.05  1.87  0.00  0.00-10.18 0.521  00  +1T010M000  1.000
HIS+1A0121_052  1.000-11.88  0.75  0.02  0.00-11.11 0.520  00  +1T011M000  1.000
HIS+1A0121_053  1.000-11.93  3.93  2.71  0.00 -5.29 0.519  00  +1T014M000  1.000
