   confID        vdw0    sas     sum
HIS01A0121_001  -0.243 -11.370 -11.613
HIS01A0121_002  -0.345 -11.574 -11.920
HIS01A0121_003  -0.269 -12.162 -12.431
HIS01A0121_004  -0.096 -11.558 -11.653
HIS01A0121_005  -0.204 -11.943 -12.148
HIS01A0121_006  -0.115 -11.385 -11.500
HIS01A0121_007  -0.267 -11.657 -11.924
HIS01A0121_008  -0.095 -11.683 -11.779
HIS01A0121_009  -0.269 -11.809 -12.079
HIS01A0121_010  -0.232 -11.443 -11.675
HIS01A0121_011  -0.242 -10.977 -11.219
HIS01A0121_012  -0.202 -11.900 -12.102
HIS01A0121_013  -0.115 -11.544 -11.659
HIS01A0121_014  -0.112 -11.509 -11.621
HIS01A0121_015  -0.094 -11.380 -11.474
HIS01A0121_016  -0.344 -11.406 -11.750
HIS01A0121_017  -0.346 -11.484 -11.830
HIS01A0121_018  -0.116 -11.021 -11.137
HIS02A0121_019  -0.258 -11.370 -11.628
HIS02A0121_020  -0.358 -11.638 -11.997
HIS02A0121_021  -0.221 -11.832 -12.053
HIS02A0121_022  -0.288 -12.162 -12.450
HIS02A0121_023  -0.117 -11.511 -11.627
HIS02A0121_024  -0.357 -11.320 -11.677
HIS02A0121_025  -0.223 -11.928 -12.151
HIS02A0121_026  -0.135 -11.318 -11.453
HIS02A0121_027  -0.136 -11.068 -11.204
HIS02A0121_028  -0.290 -11.825 -12.115
HIS02A0121_029  -0.257 -11.029 -11.286
HIS02A0121_030  -0.137 -11.544 -11.680
HIS02A0121_031  -0.133 -11.702 -11.835
HIS02A0121_032  -0.114 -11.331 -11.446
HIS02A0121_033  -0.287 -11.694 -11.980
HIS02A0121_034  -0.116 -11.796 -11.912
HIS02A0121_035  -0.359 -11.548 -11.907
HIS+1A0121_036  -0.285 -11.370 -11.655
HIS+1A0121_037  -0.385 -11.706 -12.091
HIS+1A0121_038  -0.247 -11.900 -12.147
HIS+1A0121_039  -0.315 -12.162 -12.477
HIS+1A0121_040  -0.141 -11.558 -11.699
HIS+1A0121_041  -0.384 -11.320 -11.704
HIS+1A0121_042  -0.248 -11.928 -12.176
HIS+1A0121_043  -0.163 -11.000 -11.163
HIS+1A0121_044  -0.317 -11.825 -12.142
HIS+1A0121_045  -0.277 -11.396 -11.673
HIS+1A0121_046  -0.283 -10.977 -11.261
HIS+1A0121_047  -0.163 -11.497 -11.659
HIS+1A0121_048  -0.160 -11.506 -11.666
HIS+1A0121_049  -0.140 -11.333 -11.473
HIS+1A0121_050  -0.162 -11.409 -11.570
HIS+1A0121_051  -0.314 -11.737 -12.051
HIS+1A0121_052  -0.145 -11.732 -11.877
HIS+1A0121_053  -0.386 -11.548 -11.934
