   confID        vdw0    sas     sum
GLU01A0075_001   0.757  -4.497  -3.740
GLU01A0075_002   0.579  -4.820  -4.241
GLU01A0075_003   2.634  -4.848  -2.214
GLU01A0075_004   0.757  -4.497  -3.740
GLU01A0075_005   0.949  -4.807  -3.858
GLU01A0075_006   2.635  -4.561  -1.926
GLU01A0075_007   0.949  -4.730  -3.781
GLU01A0075_008   2.638  -4.561  -1.922
GLU01A0075_009   1.340  -4.859  -3.518
GLU01A0075_010   1.340  -4.936  -3.596
GLU02A0075_011   0.755  -4.639  -3.885
GLU02A0075_012   0.622  -4.993  -4.371
GLU02A0075_013   3.357  -4.844  -1.487
GLU02A0075_014   0.755  -4.639  -3.885
GLU02A0075_015   0.956  -4.708  -3.752
GLU02A0075_016   0.886  -4.467  -3.581
GLU02A0075_017   0.842  -4.665  -3.824
GLU02A0075_018   3.368  -4.855  -1.487
GLU02A0075_019   0.886  -4.467  -3.581
GLU02A0075_020   3.354  -4.855  -1.501
GLU02A0075_021   0.634  -4.959  -4.324
GLU-1A0075_022   0.611  -4.612  -4.001
GLU-1A0075_023   0.838  -4.405  -3.567
GLU-1A0075_024   0.776  -4.525  -3.748
GLU-1A0075_025   0.488  -4.911  -4.423
