iConf CONFORMER     FL  occ    crg   Em0  pKa0 ne nH    vdw0    vdw1    tors    epol   dsolv   extra    history
00001 GLU01A0129_001 f 0.00  0.000     0  0.00  0  0  -4.018   0.607   4.103   0.047  -1.012   0.000 01O000M000t
00002 GLU01A0129_002 f 0.00  0.000     0  0.00  0  0  -2.460   0.660   3.112   0.003  -1.047   0.000 01E007M000t
00003 GLU01A0129_003 f 0.00  0.000     0  0.00  0  0  -4.018   0.607   1.383   0.020  -0.699   0.000 01O000M000t
00004 GLU01A0129_004 f 0.00  0.000     0  0.00  0  0  -3.968   1.011   3.471   0.042  -0.692   0.000 01E004M000t
00005 GLU01A0129_005 f 0.00  0.000     0  0.00  0  0  -2.858   1.065   0.405   0.010  -0.697   0.000 01E008M000t
00006 GLU01A0129_006 f 0.00  0.000     0  0.00  0  0  -2.988   1.342   0.467   0.011  -0.671   0.000 01E00CM000t
00007 GLU01A0129_007 f 0.00  0.000     0  0.00  0  0  -4.497   2.760   4.042   0.287  -0.906   0.000 01T005M000t
00008 GLU01A0129_008 f 0.00  0.000     0  0.00  0  0  -4.062   0.534   3.828   0.118  -0.984   0.000 01T003M000t
00009 GLU01A0129_009 f 0.00  0.000     0  0.00  0  0  -3.968   1.011   6.172   0.060  -0.978   0.000 01T004M000t
00010 GLU01A0129_010 f 0.00  0.000     0  0.00  0  0  -2.860   1.071   3.125   0.022  -1.036   0.000 01T008M000t
00011 GLU01A0129_011 f 0.00  0.000     0  0.00  0  0  -3.152   1.241   3.130   0.045  -1.038   0.000 01T00AM000t
00012 GLU01A0129_012 f 0.00  0.000     0  0.00  0  0  -2.988   1.340   3.186  -0.008  -1.016   0.000 01T00CM000t
00013 GLU01A0129_013 f 0.00  0.000     0  0.00  0  0  -4.062   0.534   1.108   0.082  -0.694   0.000 01T003M000t
00014 GLU01A0129_014 f 0.00  0.000     0  0.00  0  0  -4.520   2.839   1.324   0.017  -0.681   0.000 01T005M000t
00015 GLU01A0129_015 f 0.00  0.000     0  0.00  0  0  -3.204   1.241   0.410   0.026  -0.716   0.000 01T00AM000t
00016 GLU02A0129_016 f 0.00  0.000     0  0.00  0  0  -4.020   0.612   4.103   0.029  -1.028   0.000 02O000M000t
00017 GLU02A0129_017 f 0.00  0.000     0  0.00  0  0  -4.100   1.231   4.007   0.044  -1.011   0.000 02E001M000t
00018 GLU02A0129_018 f 0.00  0.000     0  0.00  0  0  -4.178   0.587   3.915  -0.048  -0.926   0.000 02E003M000t
00019 GLU02A0129_019 f 0.00  0.000     0  0.00  0  0  -1.915   0.656   3.109   0.078  -0.926   0.000 02E007M000t
00020 GLU02A0129_020 f 0.00  0.000     0  0.00  0  0  -4.020   0.612   1.383   0.017  -0.708   0.000 02O000M000t
00021 GLU02A0129_021 f 0.00  0.000     0  0.00  0  0  -2.609   1.244   0.420   0.028  -0.698   0.000 02E00AM000t
00022 GLU02A0129_022 f 0.00  0.000     0  0.00  0  0  -4.308   1.333   3.990   0.041  -1.012   0.000 02T002M000t
00023 GLU02A0129_023 f 0.00  0.000     0  0.00  0  0  -3.956   1.088   6.241   0.020  -0.984   0.000 02T004M000t
00024 GLU02A0129_024 f 0.00  0.000     0  0.00  0  0  -2.309   1.596   3.177   0.160  -0.872   0.000 02T00CM000t
00025 GLU02A0129_025 f 0.00  0.000     0  0.00  0  0  -2.068   1.160   3.088   0.046  -0.929   0.000 02T009M000t
00026 GLU02A0129_026 f 0.00  0.000     0  0.00  0  0  -2.610   1.245   3.139   0.058  -0.964   0.000 02T00AM000t
00027 GLU02A0129_027 f 0.00  0.000     0  0.00  0  0  -3.389   1.591   3.314   0.069  -0.933   0.000 02T00DM000t
00028 GLU02A0129_028 f 0.00  0.000     0  0.00  0  0  -3.956   1.088   3.521   0.028  -0.695   0.000 02T004M000t
00029 GLU02A0129_029 f 0.00  0.000     0  0.00  0  0  -4.573   2.389   1.317  -0.010  -0.661   0.000 02T005M000t
00030 GLU02A0129_030 f 0.00  0.000     0  0.00  0  0  -2.045   1.160   0.368   0.013  -0.706   0.000 02T009M000t
00031 GLU02A0129_031 f 0.00  0.000     0  0.00  0  0  -4.057   0.527   1.075   0.049  -0.688   0.000 02T003M000t
00032 GLU02A0129_032 f 0.00  0.000     0  0.00  0  0  -2.451   1.475   0.473   0.040  -0.683   0.000 02T00CM000t
00033 GLU-1A0129_033 f 0.00 -1.000     0  4.75  0 -1  -3.917   0.624   1.383  -0.056  -6.029   0.000 -1O000M000t
00034 GLU-1A0129_034 f 0.00 -1.000     0  4.75  0 -1  -4.202   0.553   1.114  -0.002  -5.912   0.000 -1E003M000t
00035 GLU-1A0129_035 f 0.00 -1.000     0  4.75  0 -1  -4.048   1.034   3.463  -0.161  -5.921   0.000 -1E004M000t
00036 GLU-1A0129_036 f 0.00 -1.000     0  4.75  0 -1  -4.447   2.487   1.303  -0.164  -5.932   0.000 -1E005M000t
00037 GLU-1A0129_037 f 0.00 -1.000     0  4.75  0 -1  -2.629   1.179   0.369  -0.068  -6.005   0.000 -1E009M000t
00038 GLU-1A0129_038 f 0.00 -1.000     0  4.75  0 -1  -2.483   1.313   0.373  -0.076  -6.009   0.000 -1E00BM000t
