CONFORMER         crg  vdw0  vdw1  tors  epol  self   occ  Hb     history    ASA
GLU01A0129_001  0.000 -4.02  0.61  4.10  0.00  0.69 0.538  00  01O000M000  1.000
GLU01A0129_002  0.000 -2.46  0.66  3.11  0.00  1.32 0.533  00  01E007M000  1.003
GLU01A0129_003  0.000 -4.02  0.61  1.38  0.00 -2.03 0.538  00  01O000M000  1.000
GLU01A0129_004  0.000 -3.95  1.01  3.47  0.00  0.53 0.535  00  01E004M000  1.000
GLU01A0129_005  0.000 -2.86  1.07  0.40  0.00 -1.39 0.538  00  01E008M000  1.000
GLU01A0129_006  0.000 -2.99  1.34  0.47  0.00 -1.18 0.534  00  01E00CM000  1.029
GLU01A0129_007  0.000 -4.50  2.76  4.04  0.00  2.31 0.537  00  01T005M000  1.055
GLU01A0129_008  0.000 -4.06  0.53  3.83  0.00  0.29 0.536  00  01T003M000  1.027
GLU01A0129_009  0.000 -3.95  1.01  6.17  0.00  3.23 0.535  00  01T004M000  1.000
GLU01A0129_010  0.000 -2.86  1.07  3.12  0.00  1.33 0.538  00  01T008M000  1.000
GLU01A0129_011  0.000 -3.16  1.24  3.13  0.00  1.22 0.535  00  01T00AM000  1.041
GLU01A0129_012  0.000 -2.99  1.34  3.19  0.00  1.54 0.534  00  01T00CM000  1.029
GLU01A0129_013  0.000 -4.06  0.53  1.11  0.00 -2.43 0.536  00  01T003M000  1.027
GLU01A0129_014  0.000 -4.52  2.84  1.32  0.00 -0.36 0.537  00  01T005M000  1.058
GLU01A0129_015  0.000 -3.21  1.24  0.41  0.00 -1.55 0.535  00  01T00AM000  1.052
GLU02A0129_016  0.000 -4.02  0.61  4.10  0.00  0.69 0.538  00  02O000M000  1.000
GLU02A0129_017  0.000 -4.10  1.23  4.01  0.00  1.14 0.536  00  02E001M000  1.028
GLU02A0129_018  0.000 -4.18  0.59  3.91  0.00  0.32 0.536  00  02E003M000  1.008
GLU02A0129_019  0.000 -1.92  0.65  3.11  0.00  1.85 0.533  00  02E007M000  1.009
GLU02A0129_020  0.000 -4.02  0.61  1.38  0.00 -2.03 0.538  00  02O000M000  1.000
GLU02A0129_021  0.000 -2.60  1.24  0.42  0.00 -0.94 0.535  00  02E00AM000  1.024
GLU02A0129_022  0.000 -4.31  1.33  3.99  0.00  1.01 0.537  00  02T002M000  1.050
GLU02A0129_023  0.000 -3.96  1.09  6.24  0.00  3.38 0.535  00  02T004M000  1.000
GLU02A0129_024  0.000 -2.31  1.60  3.18  0.00  2.47 0.534  00  02T00CM000  1.036
GLU02A0129_025  0.000 -2.07  1.16  3.09  0.00  2.18 0.533  00  02T009M000  1.000
GLU02A0129_026  0.000 -2.60  1.24  3.14  0.00  1.78 0.535  00  02T00AM000  1.024
GLU02A0129_027  0.000 -3.39  1.59  3.31  0.00  1.51 0.534  00  02T00DM000  1.031
GLU02A0129_028  0.000 -3.96  1.09  3.52  0.00  0.66 0.535  00  02T004M000  1.000
GLU02A0129_029  0.000 -4.57  2.39  1.32  0.00 -0.86 0.537  00  02T005M000  1.062
GLU02A0129_030  0.000 -2.05  1.16  0.37  0.00 -0.53 0.533  00  02T009M000  1.000
GLU02A0129_031  0.000 -4.06  0.53  1.07  0.00 -2.45 0.536  00  02T003M000  1.008
GLU02A0129_032  0.000 -2.45  1.48  0.47  0.00 -0.50 0.534  00  02T00CM000  1.036
GLU-1A0129_033 -1.000 -3.92  0.62  1.38  0.00 -1.91 0.538  00  -1O000M000  1.000
GLU-1A0129_034 -1.000 -4.20  0.55  1.11  0.00 -2.54 0.536  00  -1E003M000  1.017
GLU-1A0129_035 -1.000 -4.05  1.04  3.46  0.00  0.45 0.535  00  -1E004M000  1.000
GLU-1A0129_036 -1.000 -4.45  2.49  1.30  0.00 -0.66 0.537  00  -1E005M000  1.045
GLU-1A0129_037 -1.000 -2.63  1.17  0.37  0.00 -1.09 0.533  00  -1E009M000  1.000
GLU-1A0129_038 -1.000 -2.49  1.31  0.37  0.00 -0.80 0.537  00  -1E00BM000  1.000
