   confID        vdw0    sas     sum
GLU01A0129_001   0.576  -4.594  -4.018
GLU01A0129_002   2.036  -4.495  -2.460
GLU01A0129_003   0.576  -4.594  -4.018
GLU01A0129_004   0.627  -4.595  -3.968
GLU01A0129_005   1.684  -4.542  -2.858
GLU01A0129_006   1.986  -4.975  -2.988
GLU01A0129_007   0.469  -4.966  -4.497
GLU01A0129_008   0.765  -4.828  -4.062
GLU01A0129_009   0.627  -4.595  -3.968
GLU01A0129_010   1.682  -4.542  -2.860
GLU01A0129_011   1.683  -4.835  -3.152
GLU01A0129_012   1.986  -4.975  -2.988
GLU01A0129_013   0.765  -4.828  -4.062
GLU01A0129_014   0.471  -4.992  -4.520
GLU01A0129_015   1.683  -4.887  -3.204
GLU02A0129_016   0.578  -4.598  -4.020
GLU02A0129_017   0.604  -4.703  -4.100
GLU02A0129_018   0.675  -4.853  -4.178
GLU02A0129_019   2.565  -4.480  -1.915
GLU02A0129_020   0.578  -4.598  -4.020
GLU02A0129_021   2.052  -4.661  -2.609
GLU02A0129_022   0.603  -4.911  -4.308
GLU02A0129_023   0.575  -4.531  -3.956
GLU02A0129_024   2.519  -4.828  -2.309
GLU02A0129_025   2.551  -4.619  -2.068
GLU02A0129_026   2.051  -4.661  -2.610
GLU02A0129_027   1.542  -4.931  -3.389
GLU02A0129_028   0.575  -4.531  -3.956
GLU02A0129_029   0.501  -5.074  -4.573
GLU02A0129_030   2.574  -4.619  -2.045
GLU02A0129_031   0.765  -4.822  -4.057
GLU02A0129_032   2.390  -4.841  -2.451
GLU-1A0129_033   0.454  -4.371  -3.917
GLU-1A0129_034   0.589  -4.791  -4.202
GLU-1A0129_035   0.467  -4.515  -4.048
GLU-1A0129_036   0.379  -4.826  -4.447
GLU-1A0129_037   1.992  -4.621  -2.629
GLU-1A0129_038   1.983  -4.466  -2.483
