CONFORMER         crg  vdw0  vdw1  tors  epol  self   occ  Hb     history    ASA
LYS01A0110_001  0.000-11.33  0.34  1.57  0.00 -9.42 0.502  00  01O000M000  1.000
LYS01A0110_002  0.000-11.31  3.64  3.03  0.00 -4.64 0.501  00  01E001M000  1.000
LYS01A0110_003  0.000-11.45  1.21  3.03  0.00 -7.22 0.501  00  01E005M000  1.000
LYS01A0110_004  0.000 -9.18  2.79  2.29  0.00 -4.10 0.501  00  01E03AM000  1.000
LYS01A0110_005  0.000 -9.00  2.14  2.40  0.00 -4.46 0.501  00  01E03BM000  1.000
LYS01A0110_006  0.000-10.64  3.59  3.04  0.00 -4.01 0.501  00  01E054M000  1.000
LYS01A0110_007  0.000 -9.53  2.79  2.12  0.00 -4.63 0.501  00  01E077M000  1.000
LYS01A0110_008  0.000 -8.62  0.52  5.09  0.00 -3.01 0.501  00  01E0D5M000  1.000
LYS01A0110_009  0.000-10.80  3.75  1.70  0.00 -5.34 0.501  00  01E0E7M000  1.000
LYS01A0110_010  0.000 -7.61  2.82  2.43  0.00 -2.36 0.501  00  01E0F7M000  1.000
LYS01A0110_011  0.000 -8.05  2.78  2.32  0.00 -2.94 0.502  00  01E106M000  1.000
LYS01A0110_012  0.000-10.00  1.39  6.73  0.00 -1.88 0.501  00  01E12DM000  1.000
LYS01A0110_013  0.000 -9.74  2.95  3.62  0.00 -3.17 0.501  00  01E133M000  1.000
LYS01A0110_014  0.000-10.57  0.20  1.84  0.00 -8.54 0.501  00  01T013M000  1.000
LYS01A0110_015  0.000 -9.09  0.45  2.30  0.00 -6.33 0.501  00  01T033M000  1.000
LYS01A0110_016  0.000-11.37  1.25  3.92  0.00 -6.20 0.501  00  01T05CM000  1.000
LYS01A0110_017  0.000-10.36  2.75  4.63  0.00 -2.99 0.501  00  01T082M000  1.000
LYS01A0110_018  0.000 -9.46  1.70  3.70  0.00 -4.06 0.501  00  01T088M000  1.000
LYS01A0110_019  0.000-10.68  0.18  4.13  0.00 -6.36 0.502  00  01T09BM000  1.000
LYS01A0110_020  0.000-10.40  4.82  3.25  0.00 -2.33 0.501  00  01T13AM000  1.000
LYS+1A0110_021  1.000-11.38  0.34  1.57  0.00 -9.47 0.502  00  +1O000M000  1.000
LYS+1A0110_022  1.000-11.35  3.64  3.03  0.00 -4.68 0.501  00  +1E001M000  1.000
LYS+1A0110_023  1.000-10.67  0.20  1.84  0.00 -8.63 0.501  00  +1E013M000  1.000
LYS+1A0110_024  1.000-10.72  3.59  3.05  0.00 -4.09 0.501  00  +1E054M000  1.000
LYS+1A0110_025  1.000-11.42  1.24  3.92  0.00 -6.25 0.501  00  +1E05CM000  1.000
LYS+1A0110_026  1.000-10.54  2.77  4.63  0.00 -3.13 0.501  00  +1E082M000  1.000
LYS+1A0110_027  1.000 -9.52  1.70  3.70  0.00 -4.12 0.501  00  +1E088M000  1.000
LYS+1A0110_028  1.000-10.82  0.18  4.16  0.00 -6.47 0.502  00  +1E09BM000  1.000
LYS+1A0110_029  1.000 -7.69  2.81  2.43  0.00 -2.45 0.501  00  +1E0F7M000  1.000
LYS+1A0110_030  1.000 -8.19  2.78  2.32  0.00 -3.09 0.502  00  +1E106M000  1.000
LYS+1A0110_031  1.000-10.03  1.38  6.74  0.00 -1.90 0.501  00  +1E12DM000  1.000
LYS+1A0110_032  1.000-10.54  4.96  3.26  0.00 -2.33 0.501  00  +1E13AM000  1.000
LYS+1A0110_033  1.000-11.49  1.21  3.03  0.00 -7.25 0.501  00  +1T005M000  1.000
LYS+1A0110_034  1.000 -9.10  0.45  2.31  0.00 -6.34 0.501  00  +1T033M000  1.000
LYS+1A0110_035  1.000 -9.20  2.80  2.29  0.00 -4.11 0.501  00  +1T03AM000  1.000
LYS+1A0110_036  1.000 -9.07  2.16  2.40  0.00 -4.50 0.501  00  +1T03BM000  1.000
LYS+1A0110_037  1.000 -9.50  2.81  2.13  0.00 -4.56 0.501  00  +1T077M000  1.000
LYS+1A0110_038  1.000 -8.59  0.52  5.10  0.00 -2.96 0.501  00  +1T0D5M000  1.000
LYS+1A0110_039  1.000-10.83  3.80  1.70  0.00 -5.33 0.501  00  +1T0E7M000  1.000
LYS+1A0110_040  1.000 -9.76  2.92  3.62  0.00 -3.22 0.501  00  +1T133M000  1.000
