iConf CONFORMER     FL  occ    crg   Em0  pKa0 ne nH    vdw0    vdw1    tors    epol   dsolv   extra    history
00001 LYS01A0110_001 f 0.00  0.000     0  0.00  0  0 -11.336   0.398   1.566  -0.005  -0.523   0.000 01O000M000t
00002 LYS01A0110_002 f 0.00  0.000     0  0.00  0  0 -11.304   3.688   3.028  -0.001  -0.505   0.000 01E001M000t
00003 LYS01A0110_003 f 0.00  0.000     0  0.00  0  0 -11.453   1.260   3.029  -0.008  -0.592   0.000 01E005M000t
00004 LYS01A0110_004 f 0.00  0.000     0  0.00  0  0  -9.176   2.789   2.287   0.004  -0.535   0.000 01E03AM000t
00005 LYS01A0110_005 f 0.00  0.000     0  0.00  0  0  -9.006   2.135   2.400  -0.007  -0.506   0.000 01E03BM000t
00006 LYS01A0110_006 f 0.00  0.000     0  0.00  0  0 -10.642   3.649   3.043   0.005  -0.503   0.000 01E054M000t
00007 LYS01A0110_007 f 0.00  0.000     0  0.00  0  0  -9.531   2.790   2.117   0.011  -0.492   0.000 01E077M000t
00008 LYS01A0110_008 f 0.00  0.000     0  0.00  0  0  -8.738   0.524   5.092  -0.002  -0.554   0.000 01E0D5M000t
00009 LYS01A0110_009 f 0.00  0.000     0  0.00  0  0 -10.797   3.803   1.703  -0.012  -0.500   0.000 01E0E7M000t
00010 LYS01A0110_010 f 0.00  0.000     0  0.00  0  0  -7.569   2.817   2.430  -0.001  -0.506   0.000 01E0F7M000t
00011 LYS01A0110_011 f 0.00  0.000     0  0.00  0  0  -8.041   2.774   2.322  -0.006  -0.502   0.000 01E106M000t
00012 LYS01A0110_012 f 0.00  0.000     0  0.00  0  0 -10.000   1.384   6.732  -0.028  -0.510   0.000 01E12DM000t
00013 LYS01A0110_013 f 0.00  0.000     0  0.00  0  0  -9.739   2.954   3.618  -0.055  -0.454   0.000 01E133M000t
00014 LYS01A0110_014 f 0.00  0.000     0  0.00  0  0 -10.576   0.303   1.839  -0.005  -0.508   0.000 01T013M000t
00015 LYS01A0110_015 f 0.00  0.000     0  0.00  0  0  -9.079   0.498   2.302  -0.007  -0.498   0.000 01T033M000t
00016 LYS01A0110_016 f 0.00  0.000     0  0.00  0  0 -11.370   1.298   3.922  -0.012  -0.546   0.000 01T05CM000t
00017 LYS01A0110_017 f 0.00  0.000     0  0.00  0  0 -10.365   2.742   4.631  -0.016  -0.508   0.000 01T082M000t
00018 LYS01A0110_018 f 0.00  0.000     0  0.00  0  0  -9.464   1.699   3.696  -0.012  -0.500   0.000 01T088M000t
00019 LYS01A0110_019 f 0.00  0.000     0  0.00  0  0 -10.685   0.288   4.133  -0.009  -0.569   0.000 01T09BM000t
00020 LYS01A0110_020 f 0.00  0.000     0  0.00  0  0 -10.402   4.814   3.247  -0.019  -0.487   0.000 01T13AM000t
00021 LYS+1A0110_021 f 0.00  1.000     0 10.40  0  1 -11.378   0.397   1.566   0.032  -7.431   0.000 +1O000M000t
00022 LYS+1A0110_022 f 0.00  1.000     0 10.40  0  1 -11.349   3.698   3.028   0.003  -7.359   0.000 +1E001M000t
00023 LYS+1A0110_023 f 0.00  1.000     0 10.40  0  1 -10.671   0.302   1.844   0.020  -7.345   0.000 +1E013M000t
00024 LYS+1A0110_024 f 0.00  1.000     0 10.40  0  1 -10.724   3.651   3.048   0.028  -7.231   0.000 +1E054M000t
00025 LYS+1A0110_025 f 0.00  1.000     0 10.40  0  1 -11.414   1.296   3.920   0.038  -7.314   0.000 +1E05CM000t
00026 LYS+1A0110_026 f 0.00  1.000     0 10.40  0  1 -10.538   2.771   4.634   0.070  -7.298   0.000 +1E082M000t
00027 LYS+1A0110_027 f 0.00  1.000     0 10.40  0  1  -9.519   1.699   3.700   0.061  -7.281   0.000 +1E088M000t
00028 LYS+1A0110_028 f 0.00  1.000     0 10.40  0  1 -10.814   0.287   4.159   0.060  -7.323   0.000 +1E09BM000t
00029 LYS+1A0110_029 f 0.00  1.000     0 10.40  0  1  -7.682   2.805   2.433   0.055  -7.106   0.000 +1E0F7M000t
00030 LYS+1A0110_030 f 0.00  1.000     0 10.40  0  1  -8.189   2.774   2.325  -0.061  -7.219   0.000 +1E106M000t
00031 LYS+1A0110_031 f 0.00  1.000     0 10.40  0  1  -9.974   1.385   6.743   0.161  -7.278   0.000 +1E12DM000t
00032 LYS+1A0110_032 f 0.00  1.000     0 10.40  0  1 -10.543   4.956   3.256   0.086  -7.197   0.000 +1E13AM000t
00033 LYS+1A0110_033 f 0.00  1.000     0 10.40  0  1 -11.496   1.268   3.030   0.046  -7.377   0.000 +1T005M000t
00034 LYS+1A0110_034 f 0.00  1.000     0 10.40  0  1  -9.106   0.499   2.310   0.028  -7.341   0.000 +1T033M000t
00035 LYS+1A0110_035 f 0.00  1.000     0 10.40  0  1  -9.201   2.794   2.294  -0.024  -7.316   0.000 +1T03AM000t
00036 LYS+1A0110_036 f 0.00  1.000     0 10.40  0  1  -9.060   2.163   2.403   0.014  -7.314   0.000 +1T03BM000t
00037 LYS+1A0110_037 f 0.00  1.000     0 10.40  0  1  -9.493   2.800   2.132  -0.074  -7.291   0.000 +1T077M000t
00038 LYS+1A0110_038 f 0.00  1.000     0 10.40  0  1  -8.582   0.523   5.104   0.103  -7.290   0.000 +1T0D5M000t
00039 LYS+1A0110_039 f 0.00  1.000     0 10.40  0  1 -10.831   3.845   1.701   0.077  -7.286   0.000 +1T0E7M000t
00040 LYS+1A0110_040 f 0.00  1.000     0 10.40  0  1  -9.810   2.910   3.621   0.140  -7.016   0.000 +1T133M000t
