   confID        vdw0    sas     sum
LYS01A0110_001   1.124 -12.459 -11.336
LYS01A0110_002   1.217 -12.521 -11.304
LYS01A0110_003   1.209 -12.662 -11.453
LYS01A0110_004   3.386 -12.562  -9.176
LYS01A0110_005   3.328 -12.334  -9.006
LYS01A0110_006   1.709 -12.351 -10.642
LYS01A0110_007   2.499 -12.029  -9.531
LYS01A0110_008   4.143 -12.882  -8.738
LYS01A0110_009   1.834 -12.631 -10.797
LYS01A0110_010   4.113 -11.683  -7.569
LYS01A0110_011   4.026 -12.068  -8.041
LYS01A0110_012   2.601 -12.601 -10.000
LYS01A0110_013   2.356 -12.095  -9.739
LYS01A0110_014   1.636 -12.212 -10.576
LYS01A0110_015   3.413 -12.492  -9.079
LYS01A0110_016   1.273 -12.643 -11.370
LYS01A0110_017   2.217 -12.582 -10.365
LYS01A0110_018   3.019 -12.483  -9.464
LYS01A0110_019   1.646 -12.331 -10.685
LYS01A0110_020   1.901 -12.303 -10.402
LYS+1A0110_021   1.082 -12.459 -11.378
LYS+1A0110_022   1.172 -12.521 -11.349
LYS+1A0110_023   1.593 -12.263 -10.671
LYS+1A0110_024   1.662 -12.386 -10.724
LYS+1A0110_025   1.229 -12.643 -11.414
LYS+1A0110_026   2.175 -12.714 -10.538
LYS+1A0110_027   2.964 -12.483  -9.519
LYS+1A0110_028   1.597 -12.411 -10.814
LYS+1A0110_029   4.000 -11.683  -7.682
LYS+1A0110_030   3.947 -12.135  -8.189
LYS+1A0110_031   2.579 -12.553  -9.974
LYS+1A0110_032   1.798 -12.342 -10.543
LYS+1A0110_033   1.167 -12.662 -11.496
LYS+1A0110_034   3.386 -12.492  -9.106
LYS+1A0110_035   3.362 -12.562  -9.201
LYS+1A0110_036   3.339 -12.398  -9.060
LYS+1A0110_037   2.468 -11.962  -9.493
LYS+1A0110_038   4.129 -12.711  -8.582
LYS+1A0110_039   1.748 -12.580 -10.831
LYS+1A0110_040   2.269 -12.079  -9.810
