CONFORMER         crg  vdw0  vdw1  tors  epol  self   occ  Hb     history    ASA
ARG01A0126_001  0.000-13.05  0.13  1.02  0.00-11.91 0.502  00  01O000M000  1.000
ARG01A0126_002  0.000-12.28  1.14  1.22  0.00 -9.92 0.501  00  01E00BM000  1.000
ARG01A0126_003  0.000-12.47  2.79  0.79  0.00 -8.89 0.502  00  01E028M000  1.000
ARG01A0126_004  0.000-11.67  0.45  3.75  0.00 -7.48 0.502  00  01E02DM000  1.000
ARG01A0126_005  0.000-10.28  1.06  3.65  0.00 -5.57 0.501  00  01E03EM000  1.000
ARG01A0126_006  0.000-13.44  0.19  3.21  0.00-10.03 0.502  00  01E07AM000  1.000
ARG01A0126_007  0.000-12.38  0.38  3.25  0.00 -8.75 0.502  00  01E0C5M000  1.000
ARG01A0126_008  0.000-12.10  0.15  1.41  0.00-10.54 0.501  00  01E0E3M000  1.000
ARG01A0126_009  0.000-10.40  4.90  1.48  0.00 -4.02 0.502  00  01E110M000  1.000
ARG01A0126_010  0.000-12.01  1.35  4.05  0.00 -6.61 0.502  00  01E125M000  1.000
ARG01A0126_011  0.000-12.62  2.92  3.21  0.00 -6.48 0.502  00  01T003M000  1.000
ARG01A0126_012  0.000-12.70 -0.03  3.18  0.00 -9.55 0.501  00  01T015M000  1.000
ARG01A0126_013  0.000-11.65  1.27  5.40  0.00 -4.97 0.501  00  01T03DM000  1.000
ARG01A0126_014  0.000-13.23  0.97  1.77  0.00-10.49 0.501  00  01T05DM000  1.000
ARG01A0126_015  0.000-13.35  4.95  3.01  0.00 -5.39 0.502  00  01T070M000  1.000
ARG01A0126_016  0.000-12.92  1.11  0.63  0.00-11.18 0.501  00  01T096M000  1.000
ARG01A0126_017  0.000-12.20  1.11  0.58  0.00-10.51 0.502  00  01T097M000  1.000
ARG01A0126_018  0.000-11.85  1.70  2.96  0.00 -7.19 0.502  00  01T0A1M000  1.000
ARG01A0126_019  0.000 -9.36  0.74  1.43  0.00 -7.18 0.501  00  01T0EFM000  1.000
ARG01A0126_020  0.000-11.73  3.88  1.22  0.00 -6.63 0.502  00  01T11EM000  1.000
ARG02A0126_021  0.000-13.06  0.13  1.02  0.00-11.92 0.502  00  02O000M000  1.000
ARG02A0126_022  0.000-12.33  1.14  1.22  0.00 -9.97 0.501  00  02E00BM000  1.000
ARG02A0126_023  0.000-12.31  1.29  1.43  0.00 -9.58 0.501  00  02E05DM000  1.000
ARG02A0126_024  0.000-10.22  1.06  3.64  0.00 -5.52 0.501  00  02E03EM000  1.000
ARG02A0126_025  0.000 -8.97  0.85  1.41  0.00 -6.71 0.501  00  02E0EFM000  1.000
ARG02A0126_026  0.000-12.54  2.83  3.21  0.00 -6.51 0.502  00  02T003M000  1.000
ARG02A0126_027  0.000-12.72  0.03  3.14  0.00 -9.55 0.501  00  02T015M000  1.000
ARG02A0126_028  0.000-11.65  1.39  5.51  0.00 -4.76 0.501  00  02T03DM000  1.000
ARG02A0126_029  0.000-12.21  0.38  3.24  0.00 -8.60 0.502  00  02T0C5M000  1.000
ARG02A0126_030  0.000-11.35  0.48  3.64  0.00 -7.23 0.502  00  02T02DM000  1.000
ARG02A0126_031  0.000-12.92  2.93  3.10  0.00 -6.89 0.502  00  02T070M000  1.000
ARG02A0126_032  0.000 -9.92  4.85  1.43  0.00 -3.65 0.502  00  02T110M000  1.000
ARG02A0126_033  0.000-13.63  0.20  2.90  0.00-10.53 0.502  00  02T07AM000  1.000
ARG02A0126_034  0.000-12.90  1.24  0.62  0.00-11.04 0.501  00  02T096M000  1.000
ARG02A0126_035  0.000-11.96  4.00  1.22  0.00 -6.74 0.502  00  02T11EM000  1.000
ARG02A0126_036  0.000-12.47  2.88  0.77  0.00 -8.82 0.502  00  02T028M000  1.000
ARG02A0126_037  0.000-12.07  1.24  0.62  0.00-10.21 0.502  00  02T097M000  1.000
ARG02A0126_038  0.000-11.87  1.74  2.98  0.00 -7.15 0.502  00  02T0A1M000  1.000
ARG02A0126_039  0.000-11.89  0.16  1.10  0.00-10.64 0.501  00  02T0E3M000  1.000
ARG02A0126_040  0.000-11.45  1.16  3.66  0.00 -6.63 0.502  00  02T125M000  1.000
ARG03A0126_041  0.000-13.07  0.13  1.02  0.00-11.93 0.502  00  03O000M000  1.000
ARG03A0126_042  0.000-12.57  2.83  0.77  0.00 -8.97 0.502  00  03E028M000  1.000
ARG03A0126_043  0.000-12.62  3.06  3.08  0.00 -6.48 0.502  00  03E070M000  1.000
ARG03A0126_044  0.000-11.91  1.79  2.98  0.00 -7.14 0.502  00  03E0A1M000  1.000
ARG03A0126_045  0.000-11.36  0.47  3.64  0.00 -7.26 0.502  00  03E02DM000  1.000
ARG03A0126_046  0.000-12.08  1.24  1.37  0.00 -9.47 0.501  00  03E05DM000  1.000
ARG03A0126_047  0.000-12.70  0.01  3.14  0.00 -9.55 0.501  00  03T015M000  1.000
ARG03A0126_048  0.000-13.71  0.20  2.84  0.00-10.67 0.502  00  03T07AM000  1.000
ARG03A0126_049  0.000-12.11  1.23  0.60  0.00-10.27 0.502  00  03T097M000  1.000
ARG03A0126_050  0.000 -9.15  0.78  1.35  0.00 -7.03 0.501  00  03T0EFM000  1.000
ARG03A0126_051  0.000-12.37  1.14  1.22  0.00-10.02 0.501  00  03T00BM000  1.000
ARG03A0126_052  0.000-10.17  1.04  3.65  0.00 -5.48 0.501  00  03T03EM000  1.000
ARG03A0126_053  0.000-11.89  0.16  1.08  0.00-10.65 0.501  00  03T0E3M000  1.000
ARG03A0126_054  0.000-11.93  4.05  1.23  0.00 -6.66 0.502  00  03T11EM000  1.000
ARG03A0126_055  0.000-12.64  2.83  3.21  0.00 -6.60 0.502  00  03T003M000  1.000
ARG03A0126_056  0.000-11.64  1.36  5.44  0.00 -4.84 0.501  00  03T03DM000  1.000
ARG03A0126_057  0.000-13.02  1.25  0.58  0.00-11.19 0.501  00  03T096M000  1.000
ARG03A0126_058  0.000-12.31  0.37  3.19  0.00 -8.74 0.502  00  03T0C5M000  1.000
ARG03A0126_059  0.000 -9.90  4.90  1.42  0.00 -3.58 0.502  00  03T110M000  1.000
ARG03A0126_060  0.000-11.83  1.19  3.63  0.00 -7.00 0.502  00  03T125M000  1.000
ARG+1A0126_061  1.000-13.11  0.13  1.02  0.00-11.97 0.502  00  +1O000M000  1.000
ARG+1A0126_062  1.000-12.41  1.12  1.21  0.00-10.08 0.501  00  +1E00BM000  1.000
ARG+1A0126_063  1.000-12.81  0.01  3.15  0.00 -9.64 0.501  00  +1E015M000  1.000
ARG+1A0126_064  1.000-11.67  1.38  5.54  0.00 -4.74 0.501  00  +1E03DM000  1.000
ARG+1A0126_065  1.000-12.20  1.30  1.45  0.00 -9.45 0.501  00  +1E05DM000  1.000
ARG+1A0126_066  1.000-13.74  0.20  2.89  0.00-10.64 0.502  00  +1E07AM000  1.000
ARG+1A0126_067  1.000-12.96  1.24  0.63  0.00-11.09 0.501  00  +1E096M000  1.000
ARG+1A0126_068  1.000-11.89  0.15  1.12  0.00-10.62 0.501  00  +1E0E3M000  1.000
ARG+1A0126_069  1.000 -9.14  0.83  1.42  0.00 -6.89 0.501  00  +1E0EFM000  1.000
ARG+1A0126_070  1.000-11.85  3.96  1.23  0.00 -6.66 0.502  00  +1E11EM000  1.000
ARG+1A0126_071  1.000-12.65  2.81  3.22  0.00 -6.62 0.502  00  +1T003M000  1.000
ARG+1A0126_072  1.000-12.62  2.88  0.77  0.00 -8.97 0.502  00  +1T028M000  1.000
ARG+1A0126_073  1.000-11.25  0.47  3.65  0.00 -7.12 0.502  00  +1T02DM000  1.000
ARG+1A0126_074  1.000-10.29  1.04  3.64  0.00 -5.60 0.501  00  +1T03EM000  1.000
ARG+1A0126_075  1.000-12.77  2.90  3.13  0.00 -6.75 0.502  00  +1T070M000  1.000
ARG+1A0126_076  1.000-12.00  1.23  0.61  0.00-10.16 0.502  00  +1T097M000  1.000
ARG+1A0126_077  1.000-11.82  1.74  2.97  0.00 -7.12 0.502  00  +1T0A1M000  1.000
ARG+1A0126_078  1.000-12.33  0.38  3.25  0.00 -8.70 0.502  00  +1T0C5M000  1.000
ARG+1A0126_079  1.000 -9.70  4.81  1.43  0.00 -3.46 0.502  00  +1T110M000  1.000
ARG+1A0126_080  1.000-11.45  1.17  3.69  0.00 -6.59 0.502  00  +1T125M000  1.000
