iConf CONFORMER     FL  occ    crg   Em0  pKa0 ne nH    vdw0    vdw1    tors    epol   dsolv   extra    history
00001 ARG01A0126_001 f 0.00  0.000     0  0.00  0  0 -13.046   0.174   1.015  -0.003  -0.633   0.000 01O000M000t
00002 ARG01A0126_002 f 0.00  0.000     0  0.00  0  0 -12.283   1.141   1.221   0.010  -0.620   0.000 01E00BM000t
00003 ARG01A0126_003 f 0.00  0.000     0  0.00  0  0 -12.475   2.846   0.794   0.013  -0.573   0.000 01E028M000t
00004 ARG01A0126_004 f 0.00  0.000     0  0.00  0  0 -11.671   0.500   3.745   0.015  -0.613   0.000 01E02DM000t
00005 ARG01A0126_005 f 0.00  0.000     0  0.00  0  0 -10.285   1.054   3.652  -0.042  -0.568   0.000 01E03EM000t
00006 ARG01A0126_006 f 0.00  0.000     0  0.00  0  0 -13.435   0.192   3.215  -0.012  -0.631   0.000 01E07AM000t
00007 ARG01A0126_007 f 0.00  0.000     0  0.00  0  0 -12.379   0.384   3.246   0.009  -0.616   0.000 01E0C5M000t
00008 ARG01A0126_008 f 0.00  0.000     0  0.00  0  0 -12.102   0.194   1.407  -0.038  -0.596   0.000 01E0E3M000t
00009 ARG01A0126_009 f 0.00  0.000     0  0.00  0  0 -10.395   4.885   1.480  -0.018  -0.628   0.000 01E110M000t
00010 ARG01A0126_010 f 0.00  0.000     0  0.00  0  0 -12.007   1.352   4.046  -0.021  -0.624   0.000 01E125M000t
00011 ARG01A0126_011 f 0.00  0.000     0  0.00  0  0 -12.619   2.921   3.216   0.025  -0.628   0.000 01T003M000t
00012 ARG01A0126_012 f 0.00  0.000     0  0.00  0  0 -12.698   0.021   3.175  -0.000  -0.610   0.000 01T015M000t
00013 ARG01A0126_013 f 0.00  0.000     0  0.00  0  0 -11.645   1.270   5.404  -0.016  -0.619   0.000 01T03DM000t
00014 ARG01A0126_014 f 0.00  0.000     0  0.00  0  0 -13.227   0.966   1.770   0.018  -0.630   0.000 01T05DM000t
00015 ARG01A0126_015 f 0.00  0.000     0  0.00  0  0 -13.420   4.943   3.007   0.010  -0.642   0.000 01T070M000t
00016 ARG01A0126_016 f 0.00  0.000     0  0.00  0  0 -12.926   1.103   0.635   0.005  -0.632   0.000 01T096M000t
00017 ARG01A0126_017 f 0.00  0.000     0  0.00  0  0 -12.196   1.109   0.578   0.004  -0.617   0.000 01T097M000t
00018 ARG01A0126_018 f 0.00  0.000     0  0.00  0  0 -11.848   1.754   2.956  -0.002  -0.626   0.000 01T0A1M000t
00019 ARG01A0126_019 f 0.00  0.000     0  0.00  0  0  -9.362   0.743   1.435   0.036  -0.600   0.000 01T0EFM000t
00020 ARG01A0126_020 f 0.00  0.000     0  0.00  0  0 -11.733   3.877   1.220  -0.014  -0.628   0.000 01T11EM000t
00021 ARG02A0126_021 f 0.00  0.000     0  0.00  0  0 -13.059   0.174   1.015   0.004  -0.532   0.000 02O000M000t
00022 ARG02A0126_022 f 0.00  0.000     0  0.00  0  0 -12.326   1.140   1.215   0.013  -0.546   0.000 02E00BM000t
00023 ARG02A0126_023 f 0.00  0.000     0  0.00  0  0 -12.306   1.290   1.434   0.018  -0.558   0.000 02E05DM000t
00024 ARG02A0126_024 f 0.00  0.000     0  0.00  0  0 -10.214   1.058   3.642  -0.026  -0.522   0.000 02E03EM000t
00025 ARG02A0126_025 f 0.00  0.000     0  0.00  0  0  -8.969   0.844   1.412  -0.043  -0.564   0.000 02E0EFM000t
00026 ARG02A0126_026 f 0.00  0.000     0  0.00  0  0 -12.599   2.827   3.206   0.015  -0.535   0.000 02T003M000t
00027 ARG02A0126_027 f 0.00  0.000     0  0.00  0  0 -12.718   0.027   3.144   0.016  -0.521   0.000 02T015M000t
00028 ARG02A0126_028 f 0.00  0.000     0  0.00  0  0 -11.658   1.385   5.513   0.010  -0.551   0.000 02T03DM000t
00029 ARG02A0126_029 f 0.00  0.000     0  0.00  0  0 -12.213   0.385   3.235  -0.013  -0.556   0.000 02T0C5M000t
00030 ARG02A0126_030 f 0.00  0.000     0  0.00  0  0 -11.350   0.524   3.642   0.022  -0.522   0.000 02T02DM000t
00031 ARG02A0126_031 f 0.00  0.000     0  0.00  0  0 -12.922   2.929   3.104   0.008  -0.569   0.000 02T070M000t
00032 ARG02A0126_032 f 0.00  0.000     0  0.00  0  0  -9.921   4.838   1.426   0.010  -0.546   0.000 02T110M000t
00033 ARG02A0126_033 f 0.00  0.000     0  0.00  0  0 -13.581   0.203   2.893   0.009  -0.596   0.000 02T07AM000t
00034 ARG02A0126_034 f 0.00  0.000     0  0.00  0  0 -12.903   1.245   0.622  -0.001  -0.593   0.000 02T096M000t
00035 ARG02A0126_035 f 0.00  0.000     0  0.00  0  0 -11.964   3.990   1.222   0.008  -0.583   0.000 02T11EM000t
00036 ARG02A0126_036 f 0.00  0.000     0  0.00  0  0 -12.471   2.944   0.771  -0.021  -0.577   0.000 02T028M000t
00037 ARG02A0126_037 f 0.00  0.000     0  0.00  0  0 -12.023   1.245   0.616   0.002  -0.613   0.000 02T097M000t
00038 ARG02A0126_038 f 0.00  0.000     0  0.00  0  0 -11.870   1.796   2.976  -0.000  -0.587   0.000 02T0A1M000t
00039 ARG02A0126_039 f 0.00  0.000     0  0.00  0  0 -11.898   0.208   1.098   0.010  -0.589   0.000 02T0E3M000t
00040 ARG02A0126_040 f 0.00  0.000     0  0.00  0  0 -11.455   1.162   3.659   0.018  -0.611   0.000 02T125M000t
00041 ARG03A0126_041 f 0.00  0.000     0  0.00  0  0 -13.067   0.173   1.015   0.002  -0.533   0.000 03O000M000t
00042 ARG03A0126_042 f 0.00  0.000     0  0.00  0  0 -12.574   2.871   0.774  -0.006  -0.508   0.000 03E028M000t
00043 ARG03A0126_043 f 0.00  0.000     0  0.00  0  0 -12.622   3.049   3.080   0.006  -0.575   0.000 03E070M000t
00044 ARG03A0126_044 f 0.00  0.000     0  0.00  0  0 -11.924   1.787   2.982   0.004  -0.553   0.000 03E0A1M000t
00045 ARG03A0126_045 f 0.00  0.000     0  0.00  0  0 -11.363   0.516   3.637   0.018  -0.539   0.000 03E02DM000t
00046 ARG03A0126_046 f 0.00  0.000     0  0.00  0  0 -12.071   1.236   1.368   0.022  -0.549   0.000 03E05DM000t
00047 ARG03A0126_047 f 0.00  0.000     0  0.00  0  0 -12.699   0.015   3.140   0.008  -0.524   0.000 03T015M000t
00048 ARG03A0126_048 f 0.00  0.000     0  0.00  0  0 -13.711   0.201   2.845   0.008  -0.592   0.000 03T07AM000t
00049 ARG03A0126_049 f 0.00  0.000     0  0.00  0  0 -12.098   1.233   0.607   0.010  -0.552   0.000 03T097M000t
00050 ARG03A0126_050 f 0.00  0.000     0  0.00  0  0  -9.156   0.779   1.345   0.030  -0.528   0.000 03T0EFM000t
00051 ARG03A0126_051 f 0.00  0.000     0  0.00  0  0 -12.369   1.139   1.216   0.013  -0.555   0.000 03T00BM000t
00052 ARG03A0126_052 f 0.00  0.000     0  0.00  0  0 -10.168   1.046   3.647  -0.043  -0.519   0.000 03T03EM000t
00053 ARG03A0126_053 f 0.00  0.000     0  0.00  0  0 -11.886   0.211   1.075  -0.002  -0.573   0.000 03T0E3M000t
00054 ARG03A0126_054 f 0.00  0.000     0  0.00  0  0 -11.972   4.056   1.225  -0.005  -0.559   0.000 03T11EM000t
00055 ARG03A0126_055 f 0.00  0.000     0  0.00  0  0 -12.637   2.830   3.210   0.022  -0.547   0.000 03T003M000t
00056 ARG03A0126_056 f 0.00  0.000     0  0.00  0  0 -11.644   1.357   5.440  -0.002  -0.537   0.000 03T03DM000t
00057 ARG03A0126_057 f 0.00  0.000     0  0.00  0  0 -13.024   1.257   0.582   0.011  -0.593   0.000 03T096M000t
00058 ARG03A0126_058 f 0.00  0.000     0  0.00  0  0 -12.319   0.374   3.192  -0.001  -0.552   0.000 03T0C5M000t
00059 ARG03A0126_059 f 0.00  0.000     0  0.00  0  0  -9.904   4.910   1.419  -0.002  -0.569   0.000 03T110M000t
00060 ARG03A0126_060 f 0.00  0.000     0  0.00  0  0 -11.814   1.196   3.628  -0.012  -0.549   0.000 03T125M000t
00061 ARG+1A0126_061 f 0.00  1.000     0 12.50  0  1 -13.106   0.173   1.015   0.043  -2.552   0.000 +1O000M000t
00062 ARG+1A0126_062 f 0.00  1.000     0 12.50  0  1 -12.413   1.116   1.212   0.073  -2.534   0.000 +1E00BM000t
00063 ARG+1A0126_063 f 0.00  1.000     0 12.50  0  1 -12.754   0.014   3.155   0.029  -2.514   0.000 +1E015M000t
00064 ARG+1A0126_064 f 0.00  1.000     0 12.50  0  1 -11.668   1.383   5.541   0.056  -2.543   0.000 +1E03DM000t
00065 ARG+1A0126_065 f 0.00  1.000     0 12.50  0  1 -12.204   1.297   1.450   0.081  -2.530   0.000 +1E05DM000t
00066 ARG+1A0126_066 f 0.00  1.000     0 12.50  0  1 -13.734   0.202   2.892   0.060  -2.557   0.000 +1E07AM000t
00067 ARG+1A0126_067 f 0.00  1.000     0 12.50  0  1 -12.956   1.231   0.631   0.049  -2.538   0.000 +1E096M000t
00068 ARG+1A0126_068 f 0.00  1.000     0 12.50  0  1 -11.955   0.201   1.119   0.121  -2.468   0.000 +1E0E3M000t
00069 ARG+1A0126_069 f 0.00  1.000     0 12.50  0  1  -9.141   0.831   1.423   0.117  -2.518   0.000 +1E0EFM000t
00070 ARG+1A0126_070 f 0.00  1.000     0 12.50  0  1 -11.899   3.964   1.227   0.034  -2.530   0.000 +1E11EM000t
00071 ARG+1A0126_071 f 0.00  1.000     0 12.50  0  1 -12.651   2.803   3.218   0.051  -2.553   0.000 +1T003M000t
00072 ARG+1A0126_072 f 0.00  1.000     0 12.50  0  1 -12.622   2.932   0.773   0.020  -2.462   0.000 +1T028M000t
00073 ARG+1A0126_073 f 0.00  1.000     0 12.50  0  1 -11.240   0.520   3.651   0.063  -2.520   0.000 +1T02DM000t
00074 ARG+1A0126_074 f 0.00  1.000     0 12.50  0  1 -10.289   1.044   3.644   0.070  -2.511   0.000 +1T03EM000t
00075 ARG+1A0126_075 f 0.00  1.000     0 12.50  0  1 -12.772   2.898   3.128  -0.036  -2.563   0.000 +1T070M000t
00076 ARG+1A0126_076 f 0.00  1.000     0 12.50  0  1 -12.002   1.234   0.614   0.051  -2.511   0.000 +1T097M000t
00077 ARG+1A0126_077 f 0.00  1.000     0 12.50  0  1 -11.820   1.790   2.970   0.063  -2.538   0.000 +1T0A1M000t
00078 ARG+1A0126_078 f 0.00  1.000     0 12.50  0  1 -12.328   0.380   3.250   0.008  -2.537   0.000 +1T0C5M000t
00079 ARG+1A0126_079 f 0.00  1.000     0 12.50  0  1  -9.697   4.804   1.435   0.075  -2.497   0.000 +1T110M000t
00080 ARG+1A0126_080 f 0.00  1.000     0 12.50  0  1 -11.465   1.171   3.691   0.016  -2.491   0.000 +1T125M000t
