   confID        vdw0    sas     sum
ARG01A0126_001   1.407 -14.453 -13.046
ARG01A0126_002   2.051 -14.333 -12.283
ARG01A0126_003   1.746 -14.221 -12.475
ARG01A0126_004   2.747 -14.418 -11.671
ARG01A0126_005   3.460 -13.744 -10.285
ARG01A0126_006   1.187 -14.622 -13.435
ARG01A0126_007   2.161 -14.540 -12.379
ARG01A0126_008   2.456 -14.557 -12.102
ARG01A0126_009   4.195 -14.590 -10.395
ARG01A0126_010   2.614 -14.621 -12.007
ARG01A0126_011   1.384 -14.003 -12.619
ARG01A0126_012   1.745 -14.444 -12.698
ARG01A0126_013   2.599 -14.245 -11.645
ARG01A0126_014   1.726 -14.953 -13.227
ARG01A0126_015   1.430 -14.850 -13.420
ARG01A0126_016   1.441 -14.366 -12.926
ARG01A0126_017   2.381 -14.576 -12.196
ARG01A0126_018   2.600 -14.448 -11.848
ARG01A0126_019   4.755 -14.117  -9.362
ARG01A0126_020   2.484 -14.216 -11.733
ARG02A0126_021   1.395 -14.453 -13.059
ARG02A0126_022   1.979 -14.305 -12.326
ARG02A0126_023   2.473 -14.779 -12.306
ARG02A0126_024   3.530 -13.744 -10.214
ARG02A0126_025   5.176 -14.145  -8.969
ARG02A0126_026   1.340 -13.939 -12.599
ARG02A0126_027   1.738 -14.456 -12.718
ARG02A0126_028   2.609 -14.267 -11.658
ARG02A0126_029   2.051 -14.264 -12.213
ARG02A0126_030   2.789 -14.138 -11.350
ARG02A0126_031   1.723 -14.645 -12.922
ARG02A0126_032   4.390 -14.312  -9.921
ARG02A0126_033   1.591 -15.172 -13.581
ARG02A0126_034   1.602 -14.505 -12.903
ARG02A0126_035   2.496 -14.460 -11.964
ARG02A0126_036   1.817 -14.288 -12.471
ARG02A0126_037   2.462 -14.485 -12.023
ARG02A0126_038   2.633 -14.503 -11.870
ARG02A0126_039   2.659 -14.557 -11.898
ARG02A0126_040   3.009 -14.463 -11.455
ARG03A0126_041   1.386 -14.453 -13.067
ARG03A0126_042   1.766 -14.340 -12.574
ARG03A0126_043   1.778 -14.401 -12.622
ARG03A0126_044   2.579 -14.503 -11.924
ARG03A0126_045   2.775 -14.138 -11.363
ARG03A0126_046   2.512 -14.583 -12.071
ARG03A0126_047   1.792 -14.492 -12.699
ARG03A0126_048   1.512 -15.223 -13.711
ARG03A0126_049   2.443 -14.540 -12.098
ARG03A0126_050   4.781 -13.937  -9.156
ARG03A0126_051   2.032 -14.401 -12.369
ARG03A0126_052   3.512 -13.680 -10.168
ARG03A0126_053   2.492 -14.377 -11.886
ARG03A0126_054   2.488 -14.460 -11.972
ARG03A0126_055   1.421 -14.058 -12.637
ARG03A0126_056   2.590 -14.234 -11.644
ARG03A0126_057   1.465 -14.489 -13.024
ARG03A0126_058   2.125 -14.444 -12.319
ARG03A0126_059   4.373 -14.276  -9.904
ARG03A0126_060   2.762 -14.576 -11.814
ARG+1A0126_061   1.347 -14.453 -13.106
ARG+1A0126_062   1.985 -14.398 -12.413
ARG+1A0126_063   1.750 -14.504 -12.754
ARG+1A0126_064   2.579 -14.247 -11.668
ARG+1A0126_065   2.511 -14.715 -12.204
ARG+1A0126_066   1.489 -15.223 -13.734
ARG+1A0126_067   1.481 -14.437 -12.956
ARG+1A0126_068   2.602 -14.557 -11.955
ARG+1A0126_069   5.017 -14.158  -9.141
ARG+1A0126_070   2.433 -14.332 -11.899
ARG+1A0126_071   1.372 -14.023 -12.651
ARG+1A0126_072   1.714 -14.336 -12.622
ARG+1A0126_073   2.783 -14.023 -11.240
ARG+1A0126_074   3.456 -13.744 -10.289
ARG+1A0126_075   1.745 -14.516 -12.772
ARG+1A0126_076   2.419 -14.421 -12.002
ARG+1A0126_077   2.564 -14.384 -11.820
ARG+1A0126_078   2.048 -14.376 -12.328
ARG+1A0126_079   4.431 -14.128  -9.697
ARG+1A0126_080   2.950 -14.415 -11.465
