iConf CONFORMER     FL  occ    crg   Em0  pKa0 ne nH    vdw0    vdw1    tors    epol   dsolv   extra    history
00001 GLU01A0067_001 f 0.00  0.000     0  0.00  0  0  -2.948   0.274   4.538   0.025  -0.143   0.000 01O000M000t
00002 GLU01A0067_002 f 0.00  0.000     0  0.00  0  0  -2.951   1.226   3.886   0.033  -0.144   0.000 01E003M000t
00003 GLU01A0067_003 f 0.00  0.000     0  0.00  0  0  -3.661   1.219   3.915   0.023  -0.158   0.000 01E00CM000t
00004 GLU01A0067_004 f 0.00  0.000     0  0.00  0  0  -4.100   1.772   4.358   0.010  -0.160   0.000 01E00EM000t
00005 GLU01A0067_005 f 0.00  0.000     0  0.00  0  0  -3.484  -0.057   3.946  -0.009  -0.158   0.000 01E010M000t
00006 GLU01A0067_006 f 0.00  0.000     0  0.00  0  0  -4.315   0.112   5.154   0.012  -0.151   0.000 01E013M000t
00007 GLU01A0067_007 f 0.00  0.000     0  0.00  0  0  -4.272  -0.166   4.507   0.053  -0.149   0.000 01E018M000t
00008 GLU01A0067_008 f 0.00  0.000     0  0.00  0  0  -2.948   0.274   1.818   0.005  -0.108   0.000 01O000M000t
00009 GLU01A0067_009 f 0.00  0.000     0  0.00  0  0  -4.223   1.505   4.780   0.013  -0.154   0.000 01T007M000t
00010 GLU01A0067_010 f 0.00  0.000     0  0.00  0  0  -4.345   1.547   5.224   0.052  -0.140   0.000 01T011M000t
00011 GLU01A0067_011 f 0.00  0.000     0  0.00  0  0  -4.040   1.282   4.298   0.021  -0.158   0.000 01T00AM000t
00012 GLU01A0067_012 f 0.00  0.000     0  0.00  0  0  -4.158   1.581   4.348   0.037  -0.155   0.000 01T00DM000t
00013 GLU01A0067_013 f 0.00  0.000     0  0.00  0  0  -3.975   0.943   4.117   0.044  -0.151   0.000 01T015M000t
00014 GLU01A0067_014 f 0.00  0.000     0  0.00  0  0  -3.824   1.160   1.696   0.006  -0.110   0.000 01T009M000t
00015 GLU01A0067_015 f 0.00  0.000     0  0.00  0  0  -3.483  -0.056   1.225   0.000  -0.103   0.000 01T010M000t
00016 GLU01A0067_016 f 0.00  0.000     0  0.00  0  0  -4.028   0.944   1.410   0.015  -0.103   0.000 01T015M000t
00017 GLU01A0067_017 f 0.00  0.000     0  0.00  0  0  -4.185   1.512   2.018   0.006  -0.109   0.000 01T007M000t
00018 GLU01A0067_018 f 0.00  0.000     0  0.00  0  0  -3.651   1.219   1.185   0.011  -0.104   0.000 01T00CM000t
00019 GLU01A0067_019 f 0.00  0.000     0  0.00  0  0  -4.158   1.581   1.628   0.012  -0.109   0.000 01T00DM000t
00020 GLU01A0067_020 f 0.00  0.000     0  0.00  0  0  -4.388   1.507   2.513   0.006  -0.105   0.000 01T011M000t
00021 GLU01A0067_021 f 0.00  0.000     0  0.00  0  0  -4.264   0.144   2.427   0.021  -0.104   0.000 01T013M000t
00022 GLU01A0067_022 f 0.00  0.000     0  0.00  0  0  -4.212  -0.183   1.736   0.029  -0.105   0.000 01T018M000t
00023 GLU02A0067_023 f 0.00  0.000     0  0.00  0  0  -3.340   0.282   4.538   0.010  -0.160   0.000 02O000M000t
00024 GLU02A0067_024 f 0.00  0.000     0  0.00  0  0  -3.189   1.177   3.939   0.017  -0.157   0.000 02E002M000t
00025 GLU02A0067_025 f 0.00  0.000     0  0.00  0  0  -3.285   1.323   3.937   0.029  -0.151   0.000 02E008M000t
00026 GLU02A0067_026 f 0.00  0.000     0  0.00  0  0  -4.305   0.113   5.238  -0.012  -0.154   0.000 02E013M000t
00027 GLU02A0067_027 f 0.00  0.000     0  0.00  0  0  -3.953   0.924   4.112   0.010  -0.148   0.000 02E015M000t
00028 GLU02A0067_028 f 0.00  0.000     0  0.00  0  0  -4.377  -0.215   4.502  -0.032  -0.145   0.000 02E018M000t
00029 GLU02A0067_029 f 0.00  0.000     0  0.00  0  0  -3.340   0.282   1.818   0.002  -0.106   0.000 02O000M000t
00030 GLU02A0067_030 f 0.00  0.000     0  0.00  0  0  -3.184   1.175   1.222   0.008  -0.104   0.000 02E002M000t
00031 GLU02A0067_031 f 0.00  0.000     0  0.00  0  0  -4.540  -0.013   2.024   0.003  -0.106   0.000 02E00FM000t
00032 GLU02A0067_032 f 0.00  0.000     0  0.00  0  0  -3.669   0.176   4.341   0.031  -0.148   0.000 02T006M000t
00033 GLU02A0067_033 f 0.00  0.000     0  0.00  0  0  -4.351   1.369   4.782   0.011  -0.156   0.000 02T00BM000t
00034 GLU02A0067_034 f 0.00  0.000     0  0.00  0  0  -3.343  -0.059   3.951   0.034  -0.147   0.000 02T010M000t
00035 GLU02A0067_035 f 0.00  0.000     0  0.00  0  0  -4.540  -0.013   4.726   0.008  -0.158   0.000 02T00FM000t
00036 GLU02A0067_036 f 0.00  0.000     0  0.00  0  0  -4.326   1.707   5.149   0.024  -0.153   0.000 02T011M000t
00037 GLU02A0067_037 f 0.00  0.000     0  0.00  0  0  -3.285   1.327   1.204   0.006  -0.109   0.000 02T008M000t
00038 GLU02A0067_038 f 0.00  0.000     0  0.00  0  0  -4.351   1.369   2.062   0.007  -0.104   0.000 02T00BM000t
00039 GLU02A0067_039 f 0.00  0.000     0  0.00  0  0  -4.342   1.317   2.468   0.008  -0.106   0.000 02T011M000t
00040 GLU02A0067_040 f 0.00  0.000     0  0.00  0  0  -4.382   0.113   2.497   0.002  -0.102   0.000 02T013M000t
00041 GLU02A0067_041 f 0.00  0.000     0  0.00  0  0  -4.206   1.587   1.602   0.004  -0.103   0.000 02T00DM000t
00042 GLU02A0067_042 f 0.00  0.000     0  0.00  0  0  -3.817   1.009   1.369   0.001  -0.103   0.000 02T015M000t
00043 GLU02A0067_043 f 0.00  0.000     0  0.00  0  0  -4.352  -0.176   1.667   0.008  -0.106   0.000 02T018M000t
00044 GLU-1A0067_044 f 0.00 -1.000     0  4.75  0 -1  -3.198   0.291   1.818  -0.052  -1.035   0.000 -1O000M000t
00045 GLU-1A0067_045 f 0.00 -1.000     0  4.75  0 -1  -3.163   1.251   1.166  -0.054  -1.034   0.000 -1E003M000t
00046 GLU-1A0067_046 f 0.00 -1.000     0  4.75  0 -1  -3.425   1.310   1.164  -0.061  -1.035   0.000 -1E008M000t
00047 GLU-1A0067_047 f 0.00 -1.000     0  4.75  0 -1  -4.268   1.606   1.646  -0.038  -1.037   0.000 -1E00DM000t
00048 GLU-1A0067_048 f 0.00 -1.000     0  4.75  0 -1  -4.519  -0.008   2.015  -0.041  -1.038   0.000 -1E00FM000t
00049 GLU-1A0067_049 f 0.00 -1.000     0  4.75  0 -1  -4.225   1.468   2.436  -0.019  -1.015   0.000 -1E011M000t
00050 GLU-1A0067_050 f 0.00 -1.000     0  4.75  0 -1  -4.406   0.109   2.369  -0.140  -1.006   0.000 -1E013M000t
00051 GLU-1A0067_051 f 0.00 -1.000     0  4.75  0 -1  -3.991   0.931   1.353  -0.110  -1.015   0.000 -1E015M000t
00052 GLU-1A0067_052 f 0.00 -1.000     0  4.75  0 -1  -4.308  -0.186   1.698  -0.016  -1.011   0.000 -1E018M000t
