   confID        vdw0    sas     sum
GLU01A0067_001   1.668  -4.616  -2.948
GLU01A0067_002   1.618  -4.569  -2.951
GLU01A0067_003   1.079  -4.740  -3.661
GLU01A0067_004   0.794  -4.893  -4.100
GLU01A0067_005   1.085  -4.569  -3.484
GLU01A0067_006   0.396  -4.711  -4.315
GLU01A0067_007   0.529  -4.801  -4.272
GLU01A0067_008   1.668  -4.616  -2.948
GLU01A0067_009   0.410  -4.633  -4.223
GLU01A0067_010   0.343  -4.687  -4.345
GLU01A0067_011   0.908  -4.948  -4.040
GLU01A0067_012   0.646  -4.804  -4.158
GLU01A0067_013   0.777  -4.752  -3.975
GLU01A0067_014   0.613  -4.436  -3.824
GLU01A0067_015   1.086  -4.569  -3.483
GLU01A0067_016   0.772  -4.799  -4.028
GLU01A0067_017   0.437  -4.622  -4.185
GLU01A0067_018   1.102  -4.753  -3.651
GLU01A0067_019   0.646  -4.804  -4.158
GLU01A0067_020   0.335  -4.724  -4.388
GLU01A0067_021   0.405  -4.669  -4.264
GLU01A0067_022   0.555  -4.767  -4.212
GLU02A0067_023   1.312  -4.652  -3.340
GLU02A0067_024   1.384  -4.573  -3.189
GLU02A0067_025   1.287  -4.572  -3.285
GLU02A0067_026   0.360  -4.665  -4.305
GLU02A0067_027   0.892  -4.845  -3.953
GLU02A0067_028   0.488  -4.865  -4.377
GLU02A0067_029   1.312  -4.652  -3.340
GLU02A0067_030   1.389  -4.573  -3.184
GLU02A0067_031   0.430  -4.970  -4.540
GLU02A0067_032   0.980  -4.649  -3.669
GLU02A0067_033   0.386  -4.737  -4.351
GLU02A0067_034   1.304  -4.647  -3.343
GLU02A0067_035   0.430  -4.970  -4.540
GLU02A0067_036   0.360  -4.686  -4.326
GLU02A0067_037   1.287  -4.572  -3.285
GLU02A0067_038   0.386  -4.737  -4.351
GLU02A0067_039   0.343  -4.685  -4.342
GLU02A0067_040   0.360  -4.743  -4.382
GLU02A0067_041   0.593  -4.798  -4.206
GLU02A0067_042   0.994  -4.810  -3.817
GLU02A0067_043   0.571  -4.923  -4.352
GLU-1A0067_044   1.255  -4.453  -3.198
GLU-1A0067_045   1.212  -4.375  -3.163
GLU-1A0067_046   1.010  -4.435  -3.425
GLU-1A0067_047   0.468  -4.737  -4.268
GLU-1A0067_048   0.321  -4.840  -4.519
GLU-1A0067_049   0.260  -4.485  -4.225
GLU-1A0067_050   0.294  -4.700  -4.406
GLU-1A0067_051   0.697  -4.688  -3.991
GLU-1A0067_052   0.427  -4.735  -4.308
