CONFORMER         crg  vdw0  vdw1  tors  epol  self   occ  Hb     history    ASA
ARG01A0035_001  0.000-13.39  0.13  0.68  0.00-12.58 0.502  00  01O000M000  1.000
ARG01A0035_002  0.000-13.02  1.92  0.56  0.00-10.54 0.501  00  01E011M000  1.000
ARG01A0035_003  0.000-10.92  0.25  1.20  0.00 -9.47 0.502  00  01E01BM000  1.000
ARG01A0035_004  0.000-11.92 -0.14  0.58  0.00-11.48 0.501  00  01E020M000  1.000
ARG01A0035_005  0.000-10.92  0.80  0.75  0.00 -9.36 0.501  00  01E03FM000  1.000
ARG01A0035_006  0.000-12.92  1.12  3.17  0.00 -8.63 0.501  00  01E06AM000  1.000
ARG01A0035_007  0.000-12.79  0.61  3.01  0.00 -9.17 0.502  00  01E096M000  1.000
ARG01A0035_008  0.000-12.80  0.08  0.59  0.00-12.14 0.502  00  01E0AFM000  1.000
ARG01A0035_009  0.000-12.44  4.62  3.23  0.00 -4.58 0.501  00  01E159M000  1.000
ARG01A0035_010  0.000-12.78  7.16  0.41  0.00 -5.20 0.502  00  01T006M000  1.000
ARG01A0035_011  0.000-12.66  1.04  2.96  0.00 -8.65 0.501  00  01T016M000  1.000
ARG01A0035_012  0.000-10.24  1.69  1.22  0.00 -7.33 0.502  00  01T044M000  1.000
ARG01A0035_013  0.000 -9.66  1.97  0.60  0.00 -7.09 0.501  00  01T047M000  1.000
ARG01A0035_014  0.000-12.80  1.67  4.09  0.00 -7.05 0.502  00  01T06BM000  1.000
ARG01A0035_015  0.000-13.29 -0.02  0.59  0.00-12.72 0.501  00  01T093M000  1.000
ARG01A0035_016  0.000-11.85  0.19  3.75  0.00 -7.92 0.501  00  01T0A1M000  1.000
ARG01A0035_017  0.000-12.19 -0.44  1.25  0.00-11.37 0.501  00  01T0C2M000  1.000
ARG01A0035_018  0.000-11.03  0.33  3.56  0.00 -7.14 0.501  00  01T110M000  1.000
ARG01A0035_019  0.000-12.11  2.84  3.21  0.00 -6.05 0.501  00  01T129M000  1.000
ARG01A0035_020  0.000-12.27  2.87  5.47  0.00 -3.93 0.502  00  01T12DM000  1.000
ARG02A0035_021  0.000-13.32  0.14  0.68  0.00-12.50 0.502  00  02O000M000  1.000
ARG02A0035_022  0.000-13.01  1.92  0.56  0.00-10.54 0.501  00  02E011M000  1.000
ARG02A0035_023  0.000-13.26  0.01  0.46  0.00-12.80 0.501  00  02E093M000  1.000
ARG02A0035_024  0.000-12.27  0.23  3.34  0.00 -8.70 0.501  00  02E0A1M000  1.000
ARG02A0035_025  0.000-11.00  0.24  1.19  0.00 -9.56 0.502  00  02T01BM000  1.000
ARG02A0035_026  0.000-11.53  0.67  0.74  0.00-10.12 0.501  00  02T03FM000  1.000
ARG02A0035_027  0.000-12.85  1.12  3.16  0.00 -8.57 0.501  00  02T06AM000  1.000
ARG02A0035_028  0.000-12.61  1.08  2.94  0.00 -8.59 0.501  00  02T016M000  1.000
ARG02A0035_029  0.000-11.84 -0.14  0.55  0.00-11.42 0.501  00  02T020M000  1.000
ARG02A0035_030  0.000-10.14  1.69  1.19  0.00 -7.25 0.502  00  02T044M000  1.000
ARG02A0035_031  0.000-12.62  1.67  3.94  0.00 -7.01 0.502  00  02T06BM000  1.000
ARG02A0035_032  0.000-11.91 -0.45  1.09  0.00-11.26 0.501  00  02T0C2M000  1.000
ARG02A0035_033  0.000-12.05  2.81  3.20  0.00 -6.04 0.501  00  02T129M000  1.000
ARG02A0035_034  0.000-12.12  2.88  5.46  0.00 -3.79 0.502  00  02T12DM000  1.000
ARG02A0035_035  0.000-12.47  4.63  3.18  0.00 -4.66 0.501  00  02T159M000  1.000
ARG02A0035_036  0.000-12.77  7.19  0.41  0.00 -5.18 0.502  00  02T006M000  1.000
ARG02A0035_037  0.000-10.17  1.91  0.59  0.00 -7.68 0.501  00  02T047M000  1.000
ARG02A0035_038  0.000-12.66  0.77  2.95  0.00 -8.94 0.502  00  02T096M000  1.000
ARG02A0035_039  0.000-12.61  0.08  0.53  0.00-12.01 0.502  00  02T0AFM000  1.000
ARG02A0035_040  0.000-11.03  0.32  3.55  0.00 -7.16 0.501  00  02T110M000  1.000
ARG03A0035_041  0.000-10.25  1.68  1.20  0.00 -7.37 0.502  00  03E044M000  1.000
ARG03A0035_042  0.000-13.29  0.01  0.46  0.00-12.82 0.501  00  03E093M000  1.000
ARG03A0035_043  0.000-11.12  0.31  3.54  0.00 -7.27 0.501  00  03E110M000  1.000
ARG03A0035_044  0.000-13.41  0.12  0.68  0.00-12.60 0.502  00  03O000M000  1.000
ARG03A0035_045  0.000-12.79  7.19  0.41  0.00 -5.19 0.502  00  03E006M000  1.000
ARG03A0035_046  0.000-12.37  4.63  3.18  0.00 -4.56 0.501  00  03E159M000  1.000
ARG03A0035_047  0.000-13.10  1.93  0.56  0.00-10.62 0.501  00  03T011M000  1.000
ARG03A0035_048  0.000-11.05  0.24  1.19  0.00 -9.62 0.502  00  03T01BM000  1.000
ARG03A0035_049  0.000-10.82  0.94  0.77  0.00 -9.11 0.501  00  03T03FM000  1.000
ARG03A0035_050  0.000-12.42  1.67  3.94  0.00 -6.81 0.502  00  03T06BM000  1.000
ARG03A0035_051  0.000-12.17 -0.45  1.07  0.00-11.55 0.501  00  03T0C2M000  1.000
ARG03A0035_052  0.000-12.63  1.12  2.94  0.00 -8.58 0.501  00  03T016M000  1.000
ARG03A0035_053  0.000-11.94 -0.13  0.55  0.00-11.52 0.501  00  03T020M000  1.000
ARG03A0035_054  0.000-12.93  1.12  3.16  0.00 -8.65 0.501  00  03T06AM000  1.000
ARG03A0035_055  0.000-12.82  0.74  2.95  0.00 -9.13 0.502  00  03T096M000  1.000
ARG03A0035_056  0.000-12.28  0.23  3.32  0.00 -8.72 0.501  00  03T0A1M000  1.000
ARG03A0035_057  0.000-12.66  0.08  0.53  0.00-12.06 0.502  00  03T0AFM000  1.000
ARG03A0035_058  0.000-12.19  2.81  3.19  0.00 -6.19 0.501  00  03T129M000  1.000
ARG03A0035_059  0.000-12.31  2.87  5.43  0.00 -4.01 0.502  00  03T12DM000  1.000
ARG03A0035_060  0.000 -9.19  1.89  0.60  0.00 -6.71 0.501  00  03T047M000  1.000
ARG+1A0035_061  1.000-13.45  0.12  0.68  0.00-12.65 0.502  00  +1O000M000  1.000
ARG+1A0035_062  1.000-12.90  7.19  0.41  0.00 -5.31 0.502  00  +1E006M000  1.000
ARG+1A0035_063  1.000-11.97 -0.14  0.55  0.00-11.56 0.501  00  +1E020M000  1.000
ARG+1A0035_064  1.000-11.01  1.00  0.78  0.00 -9.22 0.501  00  +1E03FM000  1.000
ARG+1A0035_065  1.000 -9.31  1.87  0.61  0.00 -6.83 0.501  00  +1E047M000  1.000
ARG+1A0035_066  1.000-12.97  1.12  3.17  0.00 -8.68 0.501  00  +1E06AM000  1.000
ARG+1A0035_067  1.000-12.75  0.74  2.96  0.00 -9.06 0.502  00  +1E096M000  1.000
ARG+1A0035_068  1.000-12.02 -0.45  1.10  0.00-11.38 0.501  00  +1E0C2M000  1.000
ARG+1A0035_069  1.000-12.17  2.81  3.20  0.00 -6.15 0.501  00  +1E129M000  1.000
ARG+1A0035_070  1.000-12.22  2.88  5.47  0.00 -3.88 0.502  00  +1E12DM000  1.000
ARG+1A0035_071  1.000-13.03  1.93  0.56  0.00-10.54 0.501  00  +1T011M000  1.000
ARG+1A0035_072  1.000-12.67  1.09  2.95  0.00 -8.62 0.501  00  +1T016M000  1.000
ARG+1A0035_073  1.000-11.07  0.24  1.20  0.00 -9.63 0.502  00  +1T01BM000  1.000
ARG+1A0035_074  1.000-10.20  1.69  1.20  0.00 -7.31 0.502  00  +1T044M000  1.000
ARG+1A0035_075  1.000-12.63  1.67  3.95  0.00 -7.02 0.502  00  +1T06BM000  1.000
ARG+1A0035_076  1.000-13.35  0.00  0.47  0.00-12.88 0.501  00  +1T093M000  1.000
ARG+1A0035_077  1.000-12.42  0.23  3.36  0.00 -8.83 0.501  00  +1T0A1M000  1.000
ARG+1A0035_078  1.000-12.72  0.08  0.53  0.00-12.11 0.502  00  +1T0AFM000  1.000
ARG+1A0035_079  1.000-11.14  0.31  3.55  0.00 -7.28 0.501  00  +1T110M000  1.000
ARG+1A0035_080  1.000-12.56  4.63  3.19  0.00 -4.74 0.501  00  +1T159M000  1.000
