iConf CONFORMER     FL  occ    crg   Em0  pKa0 ne nH    vdw0    vdw1    tors    epol   dsolv   extra    history
00001 ARG01A0035_001 f 0.00  0.000     0  0.00  0  0 -13.389   0.125   0.683   0.146  -2.847   0.000 01O000M000t
00002 ARG01A0035_002 f 0.00  0.000     0  0.00  0  0 -13.018   1.923   0.560   0.027  -3.002   0.000 01E011M000t
00003 ARG01A0035_003 f 0.00  0.000     0  0.00  0  0 -10.915   0.245   1.203   0.013  -2.801   0.000 01E01BM000t
00004 ARG01A0035_004 f 0.00  0.000     0  0.00  0  0 -11.926  -0.141   0.584   0.025  -2.954   0.000 01E020M000t
00005 ARG01A0035_005 f 0.00  0.000     0  0.00  0  0 -10.918   0.798   0.756   0.158  -2.829   0.000 01E03FM000t
00006 ARG01A0035_006 f 0.00  0.000     0  0.00  0  0 -12.914   1.117   3.167   0.009  -2.901   0.000 01E06AM000t
00007 ARG01A0035_007 f 0.00  0.000     0  0.00  0  0 -12.790   0.604   3.011   0.146  -2.851   0.000 01E096M000t
00008 ARG01A0035_008 f 0.00  0.000     0  0.00  0  0 -12.795   0.077   0.587  -0.011  -3.017   0.000 01E0AFM000t
00009 ARG01A0035_009 f 0.00  0.000     0  0.00  0  0 -12.508   4.632   3.232  -0.031  -2.949   0.000 01E159M000t
00010 ARG01A0035_010 f 0.00  0.000     0  0.00  0  0 -12.779   7.161   0.413   0.263  -3.087   0.000 01T006M000t
00011 ARG01A0035_011 f 0.00  0.000     0  0.00  0  0 -12.662   1.038   2.964   0.095  -3.005   0.000 01T016M000t
00012 ARG01A0035_012 f 0.00  0.000     0  0.00  0  0 -10.250   1.693   1.218  -0.053  -2.775   0.000 01T044M000t
00013 ARG01A0035_013 f 0.00  0.000     0  0.00  0  0  -9.655   1.968   0.597   0.004  -2.930   0.000 01T047M000t
00014 ARG01A0035_014 f 0.00  0.000     0  0.00  0  0 -12.805   1.662   4.089   0.015  -2.928   0.000 01T06BM000t
00015 ARG01A0035_015 f 0.00  0.000     0  0.00  0  0 -13.290  -0.023   0.587   0.019  -2.792   0.000 01T093M000t
00016 ARG01A0035_016 f 0.00  0.000     0  0.00  0  0 -11.852   0.186   3.747   0.011  -2.996   0.000 01T0A1M000t
00017 ARG01A0035_017 f 0.00  0.000     0  0.00  0  0 -12.197  -0.434   1.249   0.052  -2.657   0.000 01T0C2M000t
00018 ARG01A0035_018 f 0.00  0.000     0  0.00  0  0 -11.036   0.329   3.564   0.034  -2.906   0.000 01T110M000t
00019 ARG01A0035_019 f 0.00  0.000     0  0.00  0  0 -12.110   2.847   3.214   0.033  -2.865   0.000 01T129M000t
00020 ARG01A0035_020 f 0.00  0.000     0  0.00  0  0 -12.267   2.863   5.478  -0.015  -2.910   0.000 01T12DM000t
00021 ARG02A0035_021 f 0.00  0.000     0  0.00  0  0 -13.319   0.139   0.683   0.048  -2.758   0.000 02O000M000t
00022 ARG02A0035_022 f 0.00  0.000     0  0.00  0  0 -13.006   1.915   0.555   0.041  -2.772   0.000 02E011M000t
00023 ARG02A0035_023 f 0.00  0.000     0  0.00  0  0 -13.258   0.012   0.457  -0.008  -2.733   0.000 02E093M000t
00024 ARG02A0035_024 f 0.00  0.000     0  0.00  0  0 -12.272   0.232   3.340   0.008  -2.591   0.000 02E0A1M000t
00025 ARG02A0035_025 f 0.00  0.000     0  0.00  0  0 -10.995   0.245   1.192   0.034  -2.451   0.000 02T01BM000t
00026 ARG02A0035_026 f 0.00  0.000     0  0.00  0  0 -11.525   0.665   0.737   0.095  -2.394   0.000 02T03FM000t
00027 ARG02A0035_027 f 0.00  0.000     0  0.00  0  0 -12.917   1.118   3.157   0.015  -2.542   0.000 02T06AM000t
00028 ARG02A0035_028 f 0.00  0.000     0  0.00  0  0 -12.615   1.078   2.936   0.088  -2.839   0.000 02T016M000t
00029 ARG02A0035_029 f 0.00  0.000     0  0.00  0  0 -11.832  -0.140   0.550   0.011  -2.791   0.000 02T020M000t
00030 ARG02A0035_030 f 0.00  0.000     0  0.00  0  0 -10.129   1.692   1.194  -0.018  -2.750   0.000 02T044M000t
00031 ARG02A0035_031 f 0.00  0.000     0  0.00  0  0 -12.613   1.662   3.940   0.032  -2.899   0.000 02T06BM000t
00032 ARG02A0035_032 f 0.00  0.000     0  0.00  0  0 -11.911  -0.452   1.095  -0.124  -2.701   0.000 02T0C2M000t
00033 ARG02A0035_033 f 0.00  0.000     0  0.00  0  0 -12.053   2.810   3.196   0.030  -2.702   0.000 02T129M000t
00034 ARG02A0035_034 f 0.00  0.000     0  0.00  0  0 -12.121   2.871   5.456   0.018  -2.867   0.000 02T12DM000t
00035 ARG02A0035_035 f 0.00  0.000     0  0.00  0  0 -12.411   4.634   3.186   0.002  -2.772   0.000 02T159M000t
00036 ARG02A0035_036 f 0.00  0.000     0  0.00  0  0 -12.772   7.188   0.406   0.232  -2.670   0.000 02T006M000t
00037 ARG02A0035_037 f 0.00  0.000     0  0.00  0  0 -10.176   1.904   0.587  -0.050  -2.716   0.000 02T047M000t
00038 ARG02A0035_038 f 0.00  0.000     0  0.00  0  0 -12.660   0.764   2.951   0.042  -2.536   0.000 02T096M000t
00039 ARG02A0035_039 f 0.00  0.000     0  0.00  0  0 -12.615   0.078   0.527   0.018  -2.725   0.000 02T0AFM000t
00040 ARG02A0035_040 f 0.00  0.000     0  0.00  0  0 -11.025   0.316   3.550   0.011  -2.668   0.000 02T110M000t
00041 ARG03A0035_041 f 0.00  0.000     0  0.00  0  0 -10.251   1.682   1.196  -0.029  -2.448   0.000 03E044M000t
00042 ARG03A0035_042 f 0.00  0.000     0  0.00  0  0 -13.284   0.014   0.456   0.026  -2.483   0.000 03E093M000t
00043 ARG03A0035_043 f 0.00  0.000     0  0.00  0  0 -11.120   0.312   3.542   0.029  -2.551   0.000 03E110M000t
00044 ARG03A0035_044 f 0.00  0.000     0  0.00  0  0 -13.409   0.123   0.683   0.133  -2.539   0.000 03O000M000t
00045 ARG03A0035_045 f 0.00  0.000     0  0.00  0  0 -12.789   7.198   0.407   0.261  -2.664   0.000 03E006M000t
00046 ARG03A0035_046 f 0.00  0.000     0  0.00  0  0 -12.369   4.632   3.177  -0.009  -2.595   0.000 03E159M000t
00047 ARG03A0035_047 f 0.00  0.000     0  0.00  0  0 -13.109   1.932   0.555   0.034  -2.517   0.000 03T011M000t
00048 ARG03A0035_048 f 0.00  0.000     0  0.00  0  0 -11.059   0.244   1.194   0.032  -2.452   0.000 03T01BM000t
00049 ARG03A0035_049 f 0.00  0.000     0  0.00  0  0 -10.816   0.936   0.774   0.154  -2.312   0.000 03T03FM000t
00050 ARG03A0035_050 f 0.00  0.000     0  0.00  0  0 -12.412   1.666   3.940   0.035  -2.566   0.000 03T06BM000t
00051 ARG03A0035_051 f 0.00  0.000     0  0.00  0  0 -12.179  -0.450   1.073  -0.137  -2.507   0.000 03T0C2M000t
00052 ARG03A0035_052 f 0.00  0.000     0  0.00  0  0 -12.627   1.113   2.936   0.104  -2.602   0.000 03T016M000t
00053 ARG03A0035_053 f 0.00  0.000     0  0.00  0  0 -11.941  -0.135   0.549   0.028  -2.512   0.000 03T020M000t
00054 ARG03A0035_054 f 0.00  0.000     0  0.00  0  0 -12.937   1.119   3.163   0.010  -2.549   0.000 03T06AM000t
00055 ARG03A0035_055 f 0.00  0.000     0  0.00  0  0 -12.821   0.742   2.946   0.131  -2.506   0.000 03T096M000t
00056 ARG03A0035_056 f 0.00  0.000     0  0.00  0  0 -12.279   0.234   3.324   0.014  -2.562   0.000 03T0A1M000t
00057 ARG03A0035_057 f 0.00  0.000     0  0.00  0  0 -12.661   0.074   0.527   0.003  -2.587   0.000 03T0AFM000t
00058 ARG03A0035_058 f 0.00  0.000     0  0.00  0  0 -12.192   2.806   3.195   0.042  -2.547   0.000 03T129M000t
00059 ARG03A0035_059 f 0.00  0.000     0  0.00  0  0 -12.314   2.870   5.433   0.001  -2.700   0.000 03T12DM000t
00060 ARG03A0035_060 f 0.00  0.000     0  0.00  0  0  -9.194   1.884   0.597  -0.011  -2.670   0.000 03T047M000t
00061 ARG+1A0035_061 f 0.00  1.000     0 12.50  0  1 -13.451   0.123   0.683   0.305 -10.658   0.000 +1O000M000t
00062 ARG+1A0035_062 f 0.00  1.000     0 12.50  0  1 -12.903   7.180   0.408   0.544 -10.626   0.000 +1E006M000t
00063 ARG+1A0035_063 f 0.00  1.000     0 12.50  0  1 -11.973  -0.138   0.554   0.060 -10.787   0.000 +1E020M000t
00064 ARG+1A0035_064 f 0.00  1.000     0 12.50  0  1 -10.979   1.000   0.777   0.364 -10.636   0.000 +1E03FM000t
00065 ARG+1A0035_065 f 0.00  1.000     0 12.50  0  1  -9.309   1.868   0.608   0.026 -10.637   0.000 +1E047M000t
00066 ARG+1A0035_066 f 0.00  1.000     0 12.50  0  1 -12.968   1.119   3.167   0.082 -10.798   0.000 +1E06AM000t
00067 ARG+1A0035_067 f 0.00  1.000     0 12.50  0  1 -12.750   0.731   2.958   0.312 -10.607   0.000 +1E096M000t
00068 ARG+1A0035_068 f 0.00  1.000     0 12.50  0  1 -12.020  -0.450   1.100  -0.206 -10.197   0.000 +1E0C2M000t
00069 ARG+1A0035_069 f 0.00  1.000     0 12.50  0  1 -12.164   2.818   3.198   0.008 -10.610   0.000 +1E129M000t
00070 ARG+1A0035_070 f 0.00  1.000     0 12.50  0  1 -12.225   2.875   5.465   0.059 -10.757   0.000 +1E12DM000t
00071 ARG+1A0035_071 f 0.00  1.000     0 12.50  0  1 -13.032   1.936   0.559  -0.009 -10.750   0.000 +1T011M000t
00072 ARG+1A0035_072 f 0.00  1.000     0 12.50  0  1 -12.668   1.089   2.945   0.267 -10.648   0.000 +1T016M000t
00073 ARG+1A0035_073 f 0.00  1.000     0 12.50  0  1 -11.060   0.243   1.203   0.132 -10.640   0.000 +1T01BM000t
00074 ARG+1A0035_074 f 0.00  1.000     0 12.50  0  1 -10.247   1.684   1.204   0.017 -10.634   0.000 +1T044M000t
00075 ARG+1A0035_075 f 0.00  1.000     0 12.50  0  1 -12.631   1.663   3.947   0.120 -10.688   0.000 +1T06BM000t
00076 ARG+1A0035_076 f 0.00  1.000     0 12.50  0  1 -13.341  -0.001   0.464   0.311 -10.700   0.000 +1T093M000t
00077 ARG+1A0035_077 f 0.00  1.000     0 12.50  0  1 -12.424   0.234   3.358   0.153 -10.662   0.000 +1T0A1M000t
00078 ARG+1A0035_078 f 0.00  1.000     0 12.50  0  1 -12.717   0.077   0.531   0.104 -10.779   0.000 +1T0AFM000t
00079 ARG+1A0035_079 f 0.00  1.000     0 12.50  0  1 -11.141   0.315   3.552   0.087 -10.711   0.000 +1T110M000t
00080 ARG+1A0035_080 f 0.00  1.000     0 12.50  0  1 -12.555   4.625   3.187   0.091 -10.667   0.000 +1T159M000t
