   confID        vdw0    sas     sum
ARG01A0035_001   1.193 -14.582 -13.389
ARG01A0035_002   1.229 -14.247 -13.018
ARG01A0035_003   3.287 -14.202 -10.915
ARG01A0035_004   1.897 -13.822 -11.926
ARG01A0035_005   3.363 -14.281 -10.918
ARG01A0035_006   1.353 -14.267 -12.914
ARG01A0035_007   1.750 -14.539 -12.790
ARG01A0035_008   1.774 -14.568 -12.795
ARG01A0035_009   1.855 -14.362 -12.508
ARG01A0035_010   1.292 -14.071 -12.779
ARG01A0035_011   1.750 -14.412 -12.662
ARG01A0035_012   3.269 -13.519 -10.250
ARG01A0035_013   3.943 -13.598  -9.655
ARG01A0035_014   1.798 -14.603 -12.805
ARG01A0035_015   1.660 -14.951 -13.290
ARG01A0035_016   3.020 -14.872 -11.852
ARG01A0035_017   2.654 -14.852 -12.197
ARG01A0035_018   3.183 -14.219 -11.036
ARG01A0035_019   1.896 -14.006 -12.110
ARG01A0035_020   2.116 -14.384 -12.267
ARG02A0035_021   1.263 -14.582 -13.319
ARG02A0035_022   1.305 -14.311 -13.006
ARG02A0035_023   1.636 -14.893 -13.258
ARG02A0035_024   3.048 -15.320 -12.272
ARG02A0035_025   3.219 -14.214 -10.995
ARG02A0035_026   2.839 -14.364 -11.525
ARG02A0035_027   1.350 -14.267 -12.917
ARG02A0035_028   1.797 -14.412 -12.615
ARG02A0035_029   1.977 -13.809 -11.832
ARG02A0035_030   3.322 -13.451 -10.129
ARG02A0035_031   2.054 -14.668 -12.613
ARG02A0035_032   2.752 -14.662 -11.911
ARG02A0035_033   1.893 -13.945 -12.053
ARG02A0035_034   2.115 -14.236 -12.121
ARG02A0035_035   1.839 -14.250 -12.411
ARG02A0035_036   1.367 -14.138 -12.772
ARG02A0035_037   3.391 -13.567 -10.176
ARG02A0035_038   1.841 -14.501 -12.660
ARG02A0035_039   1.777 -14.392 -12.615
ARG02A0035_040   3.222 -14.248 -11.025
ARG03A0035_041   3.200 -13.451 -10.251
ARG03A0035_042   1.542 -14.826 -13.284
ARG03A0035_043   3.128 -14.248 -11.120
ARG03A0035_044   1.173 -14.582 -13.409
ARG03A0035_045   1.282 -14.071 -12.789
ARG03A0035_046   1.813 -14.182 -12.369
ARG03A0035_047   1.202 -14.311 -13.109
ARG03A0035_048   3.206 -14.266 -11.059
ARG03A0035_049   3.469 -14.284 -10.816
ARG03A0035_050   2.015 -14.427 -12.412
ARG03A0035_051   2.612 -14.791 -12.179
ARG03A0035_052   1.717 -14.344 -12.627
ARG03A0035_053   1.868 -13.809 -11.941
ARG03A0035_054   1.330 -14.267 -12.937
ARG03A0035_055   1.728 -14.549 -12.821
ARG03A0035_056   2.977 -15.256 -12.279
ARG03A0035_057   1.743 -14.405 -12.661
ARG03A0035_058   1.817 -14.010 -12.192
ARG03A0035_059   2.034 -14.348 -12.314
ARG03A0035_060   4.180 -13.374  -9.194
ARG+1A0035_061   1.130 -14.582 -13.451
ARG+1A0035_062   1.235 -14.138 -12.903
ARG+1A0035_063   1.836 -13.809 -11.973
ARG+1A0035_064   3.350 -14.329 -10.979
ARG+1A0035_065   4.129 -13.438  -9.309
ARG+1A0035_066   1.299 -14.267 -12.968
ARG+1A0035_067   1.687 -14.436 -12.750
ARG+1A0035_068   2.643 -14.662 -12.020
ARG+1A0035_069   1.782 -13.945 -12.164
ARG+1A0035_070   2.011 -14.236 -12.225
ARG+1A0035_071   1.167 -14.199 -13.032
ARG+1A0035_072   1.676 -14.344 -12.668
ARG+1A0035_073   3.218 -14.279 -11.060
ARG+1A0035_074   3.203 -13.451 -10.247
ARG+1A0035_075   1.973 -14.603 -12.631
ARG+1A0035_076   1.532 -14.874 -13.341
ARG+1A0035_077   2.961 -15.384 -12.424
ARG+1A0035_078   1.688 -14.405 -12.717
ARG+1A0035_079   3.107 -14.248 -11.141
ARG+1A0035_080   1.759 -14.314 -12.555
