iConf CONFORMER     FL  occ    crg   Em0  pKa0 ne nH    vdw0    vdw1    tors    epol   dsolv   extra    history
00001 GLN01A0080_001 f 0.00  0.000     0  0.00  0  0  -0.192   1.301   1.581   0.076  -2.225   0.000 01O000M000t
00002 GLN01A0080_002 f 0.00  0.000     0  0.00  0  0  -4.015   0.994   1.556   0.009  -2.403   0.000 01E004M000t
00003 GLN01A0080_003 f 0.00  0.000     0  0.00  0  0  -4.169  -0.202   3.958   0.105  -2.237   0.000 01E02DM000t
00004 GLN01A0080_004 f 0.00  0.000     0  0.00  0  0  -3.870   0.036   2.234  -0.062  -2.272   0.000 01E02FM000t
00005 GLN01A0080_005 f 0.00  0.000     0  0.00  0  0  -4.217   3.411   1.444   0.196  -2.107   0.000 01E034M000t
00006 GLN01A0080_006 f 0.00  0.000     0  0.00  0  0  -4.934   0.620   2.011   0.010  -2.297   0.000 01E038M000t
00007 GLN01A0080_007 f 0.00  0.000     0  0.00  0  0  -4.426   0.953   1.879   0.006  -2.346   0.000 01T003M000t
00008 GLN01A0080_008 f 0.00  0.000     0  0.00  0  0  -4.295   0.929   1.874   0.063  -2.303   0.000 01T005M000t
00009 GLN01A0080_009 f 0.00  0.000     0  0.00  0  0  -4.279   0.805   1.770   0.056  -2.329   0.000 01T009M000t
00010 GLN01A0080_010 f 0.00  0.000     0  0.00  0  0  -4.637  -0.135   1.898   0.062  -2.302   0.000 01T00FM000t
00011 GLN01A0080_011 f 0.00  0.000     0  0.00  0  0  -4.326   0.153   2.727   0.038  -2.352   0.000 01T011M000t
00012 GLN01A0080_012 f 0.00  0.000     0  0.00  0  0  -4.090   1.110   1.874   0.046  -2.334   0.000 01T016M000t
00013 GLN01A0080_013 f 0.00  0.000     0  0.00  0  0  -4.063   1.073   1.865   0.003  -2.328   0.000 01T019M000t
00014 GLN01A0080_014 f 0.00  0.000     0  0.00  0  0  -4.348   0.771   2.705   0.035  -2.318   0.000 01T01BM000t
00015 GLN01A0080_015 f 0.00  0.000     0  0.00  0  0  -4.603   0.331   1.824  -0.133  -2.208   0.000 01T01FM000t
00016 GLN01A0080_016 f 0.00  0.000     0  0.00  0  0  -4.371  -0.112   3.869   0.085  -2.292   0.000 01T022M000t
00017 GLN01A0080_017 f 0.00  0.000     0  0.00  0  0  -4.226  -0.084   3.753   0.058  -2.245   0.000 01T024M000t
00018 GLN01A0080_018 f 0.00  0.000     0  0.00  0  0  -3.472  -0.096   3.620   0.056  -2.444   0.000 01T02CM000t
00019 GLN01A0080_019 f 0.00  0.000     0  0.00  0  0  -4.022   0.689   1.105  -0.009  -2.236   0.000 01T036M000t
