CONFORMER         crg  vdw0  vdw1  tors  epol  self   occ  Hb     history    ASA
GLN01A0080_001  0.000 -0.20  1.30  1.58  0.00  2.68 0.000  00  01O000M000  1.028
GLN01A0080_002  0.000 -4.01  0.99  1.55  0.00 -1.47 0.510  00  01E004M000  1.003
GLN01A0080_003  0.000 -4.17 -0.20  3.96  0.00 -0.41 0.509  00  01E02DM000  1.018
GLN01A0080_004  0.000 -3.87  0.04  2.23  0.00 -1.60 0.509  00  01E02FM000  1.000
GLN01A0080_005  0.000 -4.22  3.41  1.45  0.00  0.64 0.510  00  01E034M000  1.030
GLN01A0080_006  0.000 -4.95  0.62  2.01  0.00 -2.31 0.509  00  01E038M000  1.085
GLN01A0080_007  0.000 -4.43  0.95  1.88  0.00 -1.60 0.508  00  01T003M000  1.079
GLN01A0080_008  0.000 -4.28  0.93  1.87  0.00 -1.48 0.511  00  01T005M000  1.053
GLN01A0080_009  0.000 -4.28  0.80  1.77  0.00 -1.70 0.509  00  01T009M000  1.062
GLN01A0080_010  0.000 -4.64 -0.14  1.90  0.00 -2.88 0.510  00  01T00FM000  1.132
GLN01A0080_011  0.000 -4.33  0.15  2.73  0.00 -1.45 0.508  00  01T011M000  1.030
GLN01A0080_012  0.000 -4.09  1.11  1.87  0.00 -1.11 0.508  00  01T016M000  1.000
GLN01A0080_013  0.000 -4.06  1.07  1.86  0.00 -1.13 0.509  00  01T019M000  1.003
GLN01A0080_014  0.000 -4.35  0.77  2.70  0.00 -0.87 0.510  00  01T01BM000  1.003
GLN01A0080_015  0.000 -4.61  0.33  1.82  0.00 -2.45 0.509  00  01T01FM000  1.008
GLN01A0080_016  0.000 -4.37 -0.11  3.87  0.00 -0.62 0.509  00  01T022M000  1.058
GLN01A0080_017  0.000 -4.22 -0.09  3.75  0.00 -0.56 0.508  00  01T024M000  1.052
GLN01A0080_018  0.000 -3.47 -0.10  3.62  0.00  0.05 0.510  00  01T02CM000  1.003
GLN01A0080_019  0.000 -4.02  0.69  1.11  0.00 -2.23 0.511  00  01T036M000  1.019
