   confID        vdw0    sas     sum
GLN01A0080_001   4.735  -4.927  -0.192
GLN01A0080_002   0.771  -4.787  -4.015
GLN01A0080_003   0.849  -5.018  -4.169
GLN01A0080_004   1.151  -5.021  -3.870
GLN01A0080_005   0.896  -5.113  -4.217
GLN01A0080_006   0.522  -5.456  -4.934
GLN01A0080_007   0.695  -5.121  -4.426
GLN01A0080_008   0.796  -5.092  -4.295
GLN01A0080_009   0.847  -5.127  -4.279
GLN01A0080_010   0.806  -5.443  -4.637
GLN01A0080_011   0.500  -4.826  -4.326
GLN01A0080_012   0.695  -4.785  -4.090
GLN01A0080_013   0.812  -4.875  -4.063
GLN01A0080_014   0.500  -4.848  -4.348
GLN01A0080_015   0.570  -5.173  -4.603
GLN01A0080_016   0.881  -5.252  -4.371
GLN01A0080_017   0.772  -4.998  -4.226
GLN01A0080_018   1.548  -5.020  -3.472
GLN01A0080_019   1.054  -5.076  -4.022
