iConf CONFORMER     FL  occ    crg   Em0  pKa0 ne nH    vdw0    vdw1    tors    epol   dsolv   extra    history
00001 TYR01A0115_001 f 0.00  0.000     0  0.00  0  0 -10.933  -0.577   0.052   0.078  -0.756   0.000 01O000M000t
00002 TYR01A0115_002 f 0.00  0.000     0  0.00  0  0 -10.933  -0.577   0.052   0.082  -0.761   0.000 01O000M000t
00003 TYR01A0115_003 f 0.00  0.000     0  0.00  0  0 -10.746   1.089   2.744   0.100  -0.784   0.000 01E001M000t
00004 TYR01A0115_004 f 0.00  0.000     0  0.00  0  0 -10.179   0.011   0.047   0.026  -0.788   0.000 01E004M000t
00005 TYR01A0115_005 f 0.00  0.000     0  0.00  0  0 -11.522   1.301   0.028   0.089  -0.743   0.000 01E006M000t
00006 TYR01A0115_006 f 0.00  0.000     0  0.00  0  0 -10.539   2.205   0.062   0.123  -0.740   0.000 01E007M000t
00007 TYR01A0115_007 f 0.00  0.000     0  0.00  0  0 -10.800   0.480   2.744   0.079  -0.752   0.000 01E013M000t
00008 TYR01A0115_008 f 0.00  0.000     0  0.00  0  0 -11.315   1.057   2.739   0.074  -0.779   0.000 01E014M000t
00009 TYR01A0115_009 f 0.00  0.000     0  0.00  0  0 -11.136   3.312   0.060   0.122  -0.726   0.000 01T00AM000t
00010 TYR01A0115_010 f 0.00  0.000     0  0.00  0  0 -10.669  -0.431   0.047   0.149  -0.748   0.000 01T002M000t
00011 TYR01A0115_011 f 0.00  0.000     0  0.00  0  0 -10.475  -0.561   0.049   0.081  -0.781   0.000 01T008M000t
00012 TYR01A0115_012 f 0.00  0.000     0  0.00  0  0 -11.089   1.170   2.744   0.119  -0.761   0.000 01T00BM000t
00013 TYR01A0115_013 f 0.00  0.000     0  0.00  0  0 -10.808   1.423   2.745   0.045  -0.739   0.000 01T00DM000t
00014 TYR01A0115_014 f 0.00  0.000     0  0.00  0  0 -11.026  -0.141   0.047   0.043  -0.770   0.000 01T010M000t
00015 TYR01A0115_015 f 0.00  0.000     0  0.00  0  0 -10.736   0.461   2.744   0.079  -0.775   0.000 01T005M000t
00016 TYR01A0115_016 f 0.00  0.000     0  0.00  0  0 -11.371   1.932   0.021   0.095  -0.774   0.000 01T009M000t
00017 TYR01A0115_017 f 0.00  0.000     0  0.00  0  0 -10.711  -0.297   0.047   0.152  -0.758   0.000 01T00CM000t
00018 TYR01A0115_018 f 0.00  0.000     0  0.00  0  0 -11.036  -0.250   0.047   0.035  -0.763   0.000 01T00EM000t
00019 TYR01A0115_019 f 0.00  0.000     0  0.00  0  0 -10.185   0.109   0.046   0.024  -0.776   0.000 01T00FM000t
00020 TYR01A0115_020 f 0.00  0.000     0  0.00  0  0 -11.830   4.512   2.730   0.081  -0.747   0.000 01T011M000t
00021 TYR01A0115_021 f 0.00  0.000     0  0.00  0  0 -11.395   0.919   2.739   0.064  -0.760   0.000 01T012M000t
00022 TYR-1A0115_022 f 0.00 -1.000     0 10.20  0 -1 -10.933  -0.577   0.052  -0.009  -5.814   0.000 -1O000M000t
00023 TYR-1A0115_023 f 0.00 -1.000     0 10.20  0 -1 -10.748   1.085   2.742   0.068  -5.797   0.000 -1E001M000t
00024 TYR-1A0115_024 f 0.00 -1.000     0 10.20  0 -1 -10.751  -0.395   0.046   0.190  -5.813   0.000 -1E002M000t
00025 TYR-1A0115_025 f 0.00 -1.000     0 10.20  0 -1 -10.794   0.457   2.742  -0.037  -5.811   0.000 -1E005M000t
00026 TYR-1A0115_026 f 0.00 -1.000     0 10.20  0 -1 -11.588   1.300   0.027   0.005  -5.838   0.000 -1E006M000t
00027 TYR-1A0115_027 f 0.00 -1.000     0 10.20  0 -1 -11.397   1.930   0.020   0.001  -5.838   0.000 -1E009M000t
00028 TYR-1A0115_028 f 0.00 -1.000     0 10.20  0 -1 -11.187   2.869   0.062   0.025  -5.806   0.000 -1E00AM000t
00029 TYR-1A0115_029 f 0.00 -1.000     0 10.20  0 -1 -10.711  -0.247   0.045   0.189  -5.828   0.000 -1E00CM000t
00030 TYR-1A0115_030 f 0.00 -1.000     0 10.20  0 -1 -11.118   1.431   2.745   0.013  -5.747   0.000 -1E00DM000t
00031 TYR-1A0115_031 f 0.00 -1.000     0 10.20  0 -1 -10.193   0.180   0.045  -0.122  -5.834   0.000 -1E00FM000t
00032 TYR-1A0115_032 f 0.00 -1.000     0 10.20  0 -1 -11.045  -0.130   0.046  -0.110  -5.806   0.000 -1E010M000t
00033 TYR-1A0115_033 f 0.00 -1.000     0 10.20  0 -1 -11.313   1.056   2.737  -0.045  -5.893   0.000 -1E014M000t
00034 TYR-1A0115_034 f 0.00 -1.000     0 10.20  0 -1 -10.191  -0.043   0.046  -0.123  -5.850   0.000 -1T004M000t
00035 TYR-1A0115_035 f 0.00 -1.000     0 10.20  0 -1 -10.746   2.496   0.062   0.026  -5.839   0.000 -1T007M000t
00036 TYR-1A0115_036 f 0.00 -1.000     0 10.20  0 -1 -10.478  -0.563   0.048  -0.012  -5.847   0.000 -1T008M000t
00037 TYR-1A0115_037 f 0.00 -1.000     0 10.20  0 -1 -11.095   1.172   2.742   0.068  -5.810   0.000 -1T00BM000t
00038 TYR-1A0115_038 f 0.00 -1.000     0 10.20  0 -1 -11.027  -0.250   0.045  -0.111  -5.775   0.000 -1T00EM000t
00039 TYR-1A0115_039 f 0.00 -1.000     0 10.20  0 -1 -11.704   4.501   2.728  -0.033  -5.843   0.000 -1T011M000t
00040 TYR-1A0115_040 f 0.00 -1.000     0 10.20  0 -1 -11.396   0.915   2.737  -0.043  -5.837   0.000 -1T012M000t
00041 TYR-1A0115_041 f 0.00 -1.000     0 10.20  0 -1 -10.921   0.474   2.742  -0.038  -5.844   0.000 -1T013M000t
