CONFORMER         crg  vdw0  vdw1  tors  epol  self   occ  Hb     history    ASA
TYR01A0115_001  0.000-10.93 -0.58  0.05  0.00-11.46 0.526  00  01O000M000  1.000
TYR01A0115_002  0.000-10.93 -0.58  0.05  0.00-11.46 0.526  00  01O000M000  1.000
TYR01A0115_003  0.000-10.75  1.09  2.74  0.00 -6.91 0.526  00  01E001M000  1.000
TYR01A0115_004  0.000-10.18  0.01  0.05  0.00-10.12 0.524  00  01E004M000  1.000
TYR01A0115_005  0.000-11.52  1.30  0.03  0.00-10.20 0.523  00  01E006M000  1.000
TYR01A0115_006  0.000-10.54  2.21  0.06  0.00 -8.27 0.522  00  01E007M000  1.000
TYR01A0115_007  0.000-10.87  0.48  2.74  0.00 -7.65 0.524  00  01E013M000  1.000
TYR01A0115_008  0.000-11.32  1.06  2.74  0.00 -7.52 0.524  00  01E014M000  1.000
TYR01A0115_009  0.000-11.20  3.32  0.06  0.00 -7.82 0.526  00  01T00AM000  1.000
TYR01A0115_010  0.000-10.73 -0.43  0.05  0.00-11.12 0.522  00  01T002M000  1.000
TYR01A0115_011  0.000-10.53 -0.56  0.05  0.00-11.04 0.521  00  01T008M000  1.000
TYR01A0115_012  0.000-11.09  1.17  2.74  0.00 -7.18 0.522  00  01T00BM000  1.000
TYR01A0115_013  0.000-10.81  1.42  2.74  0.00 -6.64 0.525  00  01T00DM000  1.000
TYR01A0115_014  0.000-10.97 -0.14  0.05  0.00-11.07 0.523  00  01T010M000  1.000
TYR01A0115_015  0.000-10.74  0.46  2.74  0.00 -7.53 0.524  00  01T005M000  1.000
TYR01A0115_016  0.000-11.37  1.93  0.02  0.00 -9.42 0.523  00  01T009M000  1.000
TYR01A0115_017  0.000-10.70 -0.30  0.05  0.00-10.95 0.522  00  01T00CM000  1.000
TYR01A0115_018  0.000-11.03 -0.25  0.05  0.00-11.24 0.523  00  01T00EM000  1.000
TYR01A0115_019  0.000-10.19  0.11  0.05  0.00-10.03 0.523  00  01T00FM000  1.000
TYR01A0115_020  0.000-11.83  4.51  2.73  0.00 -4.59 0.525  00  01T011M000  1.000
TYR01A0115_021  0.000-11.40  0.92  2.74  0.00 -7.74 0.525  00  01T012M000  1.000
TYR-1A0115_022 -1.000-10.93 -0.58  0.05  0.00-11.46 0.526  00  -1O000M000  1.000
TYR-1A0115_023 -1.000-10.75  1.09  2.74  0.00 -6.92 0.526  00  -1E001M000  1.000
TYR-1A0115_024 -1.000-10.75 -0.40  0.05  0.00-11.10 0.522  00  -1E002M000  1.000
TYR-1A0115_025 -1.000-10.80  0.46  2.74  0.00 -7.60 0.524  00  -1E005M000  1.000
TYR-1A0115_026 -1.000-11.59  1.30  0.03  0.00-10.26 0.523  00  -1E006M000  1.000
TYR-1A0115_027 -1.000-11.41  1.93  0.02  0.00 -9.46 0.523  00  -1E009M000  1.000
TYR-1A0115_028 -1.000-11.13  2.87  0.06  0.00 -8.19 0.526  00  -1E00AM000  1.000
TYR-1A0115_029 -1.000-10.70 -0.25  0.05  0.00-10.90 0.522  00  -1E00CM000  1.000
TYR-1A0115_030 -1.000-11.06  1.44  2.74  0.00 -6.88 0.525  00  -1E00DM000  1.000
TYR-1A0115_031 -1.000-10.19  0.18  0.04  0.00 -9.96 0.523  00  -1E00FM000  1.000
TYR-1A0115_032 -1.000-11.04 -0.13  0.05  0.00-11.13 0.523  00  -1E010M000  1.000
TYR-1A0115_033 -1.000-11.32  1.05  2.74  0.00 -7.53 0.524  00  -1E014M000  1.000
TYR-1A0115_034 -1.000-10.18 -0.04  0.05  0.00-10.18 0.524  00  -1T004M000  1.000
TYR-1A0115_035 -1.000-10.75  2.50  0.06  0.00 -8.20 0.522  00  -1T007M000  1.000
TYR-1A0115_036 -1.000-10.48 -0.56  0.05  0.00-10.99 0.521  00  -1T008M000  1.000
TYR-1A0115_037 -1.000-11.09  1.17  2.74  0.00 -7.18 0.522  00  -1T00BM000  1.000
TYR-1A0115_038 -1.000-11.04 -0.25  0.05  0.00-11.24 0.523  00  -1T00EM000  1.000
TYR-1A0115_039 -1.000-11.70  4.49  2.73  0.00 -4.48 0.525  00  -1T011M000  1.000
TYR-1A0115_040 -1.000-11.40  0.92  2.74  0.00 -7.75 0.525  00  -1T012M000  1.000
TYR-1A0115_041 -1.000-10.93  0.48  2.74  0.00 -7.71 0.524  00  -1T013M000  1.000
