   confID        vdw0    sas     sum
TYR01A0115_001   3.825 -14.758 -10.933
TYR01A0115_002   3.825 -14.758 -10.933
TYR01A0115_003   3.828 -14.574 -10.746
TYR01A0115_004   3.833 -14.012 -10.179
TYR01A0115_005   3.484 -15.006 -11.522
TYR01A0115_006   3.773 -14.312 -10.539
TYR01A0115_007   3.745 -14.544 -10.800
TYR01A0115_008   3.662 -14.977 -11.315
TYR01A0115_009   3.682 -14.818 -11.136
TYR01A0115_010   3.833 -14.502 -10.669
TYR01A0115_011   3.742 -14.218 -10.475
TYR01A0115_012   3.752 -14.841 -11.089
TYR01A0115_013   3.759 -14.566 -10.808
TYR01A0115_014   3.655 -14.681 -11.026
TYR01A0115_015   3.823 -14.559 -10.736
TYR01A0115_016   3.440 -14.812 -11.371
TYR01A0115_017   3.748 -14.459 -10.711
TYR01A0115_018   3.758 -14.794 -11.036
TYR01A0115_019   3.759 -13.944 -10.185
TYR01A0115_020   3.493 -15.323 -11.830
TYR01A0115_021   3.768 -15.162 -11.395
TYR-1A0115_022   3.825 -14.758 -10.933
TYR-1A0115_023   3.826 -14.574 -10.748
TYR-1A0115_024   3.835 -14.586 -10.751
TYR-1A0115_025   3.825 -14.619 -10.794
TYR-1A0115_026   3.486 -15.074 -11.588
TYR-1A0115_027   3.448 -14.845 -11.397
TYR-1A0115_028   3.675 -14.863 -11.187
TYR-1A0115_029   3.748 -14.459 -10.711
TYR-1A0115_030   3.770 -14.888 -11.118
TYR-1A0115_031   3.751 -13.944 -10.193
TYR-1A0115_032   3.653 -14.698 -11.045
TYR-1A0115_033   3.663 -14.977 -11.313
TYR-1A0115_034   3.821 -14.012 -10.191
TYR-1A0115_035   3.786 -14.532 -10.746
TYR-1A0115_036   3.739 -14.218 -10.478
TYR-1A0115_037   3.746 -14.841 -11.095
TYR-1A0115_038   3.767 -14.794 -11.027
TYR-1A0115_039   3.492 -15.195 -11.704
TYR-1A0115_040   3.767 -15.162 -11.396
TYR-1A0115_041   3.742 -14.662 -10.921
