CONFORMER         crg  vdw0  vdw1  tors  epol  self   occ  Hb     history    ASA
LYS01A0097_001  0.000-11.78  0.75  2.32  0.00 -8.70 0.501  00  01O000M000  1.000
LYS01A0097_002  0.000-11.85  1.51  1.53  0.00 -8.81 0.501  00  01E042M000  1.000
LYS01A0097_003  0.000-10.62  1.19  1.93  0.00 -7.49 0.502  00  01E04CM000  1.000
LYS01A0097_004  0.000-12.88  2.75  1.24  0.00 -8.89 0.501  00  01E04FM000  1.000
LYS01A0097_005  0.000-12.03  1.74  1.69  0.00 -8.59 0.501  00  01E05DM000  1.000
LYS01A0097_006  0.000-11.97  0.69  1.85  0.00 -9.42 0.501  00  01E086M000  1.000
LYS01A0097_007  0.000-11.02  0.68  1.67  0.00 -8.67 0.502  00  01E089M000  1.000
LYS01A0097_008  0.000-11.21  2.09  4.78  0.00 -4.34 0.502  00  01E0B5M000  1.000
LYS01A0097_009  0.000 -9.87  0.64  2.41  0.00 -6.82 0.502  00  01E0F7M000  1.000
LYS01A0097_010  0.000-11.37  1.43  1.84  0.00 -8.10 0.502  00  01E105M000  1.000
LYS01A0097_011  0.000-10.73  3.43  5.35  0.00 -1.94 0.502  00  01E121M000  1.000
LYS01A0097_012  0.000-12.09  2.11  4.23  0.00 -5.75 0.501  00  01T047M000  1.000
LYS01A0097_013  0.000-10.25  1.18  1.65  0.00 -7.42 0.502  00  01T052M000  1.000
LYS01A0097_014  0.000-10.84  0.99  1.84  0.00 -8.01 0.501  00  01T063M000  1.000
LYS01A0097_015  0.000-10.79  3.65  2.04  0.00 -5.10 0.501  00  01T09AM000  1.000
LYS01A0097_016  0.000 -5.53  1.36  1.81  0.00 -2.36 0.501  00  01T0CBM000  1.000
LYS01A0097_017  0.000-11.17  1.59  2.22  0.00 -7.35 0.502  00  01T0CFM000  1.000
LYS01A0097_018  0.000 -9.32  1.26  2.53  0.00 -5.53 0.502  00  01T0EDM000  1.000
LYS01A0097_019  0.000-10.92  0.81  2.03  0.00 -8.08 0.502  00  01T111M000  1.000
LYS01A0097_020  0.000-10.95  3.57  5.02  0.00 -2.36 0.502  00  01T127M000  1.000
LYS+1A0097_021  1.000-11.84  0.75  2.32  0.00 -8.77 0.501  00  +1O000M000  1.000
LYS+1A0097_022  1.000-12.22  1.73  1.75  0.00 -8.74 0.501  00  +1E05DM000  1.000
LYS+1A0097_023  1.000-10.91  3.65  2.12  0.00 -5.13 0.501  00  +1E09AM000  1.000
LYS+1A0097_024  1.000 -9.45  1.24  2.62  0.00 -5.60 0.502  00  +1E0EDM000  1.000
LYS+1A0097_025  1.000-11.48  1.43  1.87  0.00 -8.17 0.502  00  +1E105M000  1.000
LYS+1A0097_026  1.000-11.05  0.81  2.07  0.00 -8.16 0.502  00  +1E111M000  1.000
LYS+1A0097_027  1.000-10.77  3.26  5.43  0.00 -2.09 0.502  00  +1E121M000  1.000
LYS+1A0097_028  1.000-11.86  1.53  1.61  0.00 -8.71 0.501  00  +1T042M000  1.000
LYS+1A0097_029  1.000-12.09  2.11  4.30  0.00 -5.68 0.501  00  +1T047M000  1.000
LYS+1A0097_030  1.000-10.77  1.19  1.97  0.00 -7.62 0.502  00  +1T04CM000  1.000
LYS+1A0097_031  1.000-12.96  2.76  1.29  0.00 -8.91 0.501  00  +1T04FM000  1.000
LYS+1A0097_032  1.000-10.27  1.16  1.71  0.00 -7.40 0.502  00  +1T052M000  1.000
LYS+1A0097_033  1.000-10.71  0.98  1.90  0.00 -7.83 0.501  00  +1T063M000  1.000
LYS+1A0097_034  1.000-12.00  0.69  1.91  0.00 -9.40 0.501  00  +1T086M000  1.000
LYS+1A0097_035  1.000-11.00  0.68  1.77  0.00 -8.56 0.502  00  +1T089M000  1.000
LYS+1A0097_036  1.000-11.36  2.09  4.84  0.00 -4.42 0.502  00  +1T0B5M000  1.000
LYS+1A0097_037  1.000 -5.37  1.35  1.83  0.00 -2.19 0.501  00  +1T0CBM000  1.000
LYS+1A0097_038  1.000-11.08  1.59  2.29  0.00 -7.21 0.502  00  +1T0CFM000  1.000
LYS+1A0097_039  1.000 -9.82  0.61  2.45  0.00 -6.76 0.502  00  +1T0F7M000  1.000
LYS+1A0097_040  1.000-10.93  3.38  5.12  0.00 -2.43 0.502  00  +1T127M000  1.000
