iConf CONFORMER     FL  occ    crg   Em0  pKa0 ne nH    vdw0    vdw1    tors    epol   dsolv   extra    history
00001 LYS01A0097_001 f 0.00  0.000     0  0.00  0  0 -11.774   0.857   2.318   0.001  -0.523   0.000 01O000M000t
00002 LYS01A0097_002 f 0.00  0.000     0  0.00  0  0 -11.846   1.629   1.531  -0.003  -0.595   0.000 01E042M000t
00003 LYS01A0097_003 f 0.00  0.000     0  0.00  0  0 -10.627   1.243   1.936  -0.004  -0.520   0.000 01E04CM000t
00004 LYS01A0097_004 f 0.00  0.000     0  0.00  0  0 -12.882   2.796   1.237  -0.009  -0.548   0.000 01E04FM000t
00005 LYS01A0097_005 f 0.00  0.000     0  0.00  0  0 -12.029   1.809   1.692  -0.024  -0.491   0.000 01E05DM000t
00006 LYS01A0097_006 f 0.00  0.000     0  0.00  0  0 -11.925   0.789   1.854  -0.010  -0.592   0.000 01E086M000t
00007 LYS01A0097_007 f 0.00  0.000     0  0.00  0  0 -11.028   0.784   1.669  -0.007  -0.542   0.000 01E089M000t
00008 LYS01A0097_008 f 0.00  0.000     0  0.00  0  0 -11.210   2.146   4.782  -0.007  -0.567   0.000 01E0B5M000t
00009 LYS01A0097_009 f 0.00  0.000     0  0.00  0  0  -9.870   0.702   2.412   0.020  -0.458   0.000 01E0F7M000t
00010 LYS01A0097_010 f 0.00  0.000     0  0.00  0  0 -11.362   1.498   1.839  -0.009  -0.531   0.000 01E105M000t
00011 LYS01A0097_011 f 0.00  0.000     0  0.00  0  0 -10.724   3.430   5.351   0.347  -0.426   0.000 01E121M000t
00012 LYS01A0097_012 f 0.00  0.000     0  0.00  0  0 -12.092   2.168   4.234  -0.002  -0.573   0.000 01T047M000t
00013 LYS01A0097_013 f 0.00  0.000     0  0.00  0  0 -10.246   1.280   1.656  -0.003  -0.484   0.000 01T052M000t
00014 LYS01A0097_014 f 0.00  0.000     0  0.00  0  0 -10.841   1.107   1.843  -0.008  -0.520   0.000 01T063M000t
00015 LYS01A0097_015 f 0.00  0.000     0  0.00  0  0 -10.786   3.700   2.044   0.013  -0.510   0.000 01T09AM000t
00016 LYS01A0097_016 f 0.00  0.000     0  0.00  0  0  -5.480   1.408   1.810  -0.011  -0.541   0.000 01T0CBM000t
00017 LYS01A0097_017 f 0.00  0.000     0  0.00  0  0 -11.166   1.634   2.225  -0.018  -0.533   0.000 01T0CFM000t
00018 LYS01A0097_018 f 0.00  0.000     0  0.00  0  0  -9.318   1.329   2.533  -0.013  -0.484   0.000 01T0EDM000t
00019 LYS01A0097_019 f 0.00  0.000     0  0.00  0  0 -10.921   0.938   2.028  -0.004  -0.541   0.000 01T111M000t
00020 LYS01A0097_020 f 0.00  0.000     0  0.00  0  0 -10.946   3.567   5.020  -0.021  -0.429   0.000 01T127M000t
00021 LYS+1A0097_021 f 0.00  1.000     0 10.40  0  1 -11.834   0.855   2.318   0.054  -7.260   0.000 +1O000M000t
00022 LYS+1A0097_022 f 0.00  1.000     0 10.40  0  1 -12.220   1.798   1.745   0.167  -7.236   0.000 +1E05DM000t
00023 LYS+1A0097_023 f 0.00  1.000     0 10.40  0  1 -10.908   3.711   2.119   0.065  -7.152   0.000 +1E09AM000t
00024 LYS+1A0097_024 f 0.00  1.000     0 10.40  0  1  -9.456   1.305   2.619   0.016  -7.198   0.000 +1E0EDM000t
00025 LYS+1A0097_025 f 0.00  1.000     0 10.40  0  1 -11.486   1.500   1.872   0.070  -7.337   0.000 +1E105M000t
00026 LYS+1A0097_026 f 0.00  1.000     0 10.40  0  1 -11.048   0.934   2.072   0.034  -7.313   0.000 +1E111M000t
00027 LYS+1A0097_027 f 0.00  1.000     0 10.40  0  1 -10.767   3.260   5.425   0.771  -6.827   0.000 +1E121M000t
00028 LYS+1A0097_028 f 0.00  1.000     0 10.40  0  1 -11.787   1.653   1.608   0.033  -7.390   0.000 +1T042M000t
00029 LYS+1A0097_029 f 0.00  1.000     0 10.40  0  1 -12.087   2.166   4.297   0.055  -7.306   0.000 +1T047M000t
00030 LYS+1A0097_030 f 0.00  1.000     0 10.40  0  1 -10.778   1.236   1.967   0.068  -7.272   0.000 +1T04CM000t
00031 LYS+1A0097_031 f 0.00  1.000     0 10.40  0  1 -12.958   2.816   1.289   0.084  -7.386   0.000 +1T04FM000t
00032 LYS+1A0097_032 f 0.00  1.000     0 10.40  0  1 -10.268   1.263   1.709   0.071  -7.203   0.000 +1T052M000t
00033 LYS+1A0097_033 f 0.00  1.000     0 10.40  0  1 -10.703   1.102   1.900   0.060  -7.440   0.000 +1T063M000t
00034 LYS+1A0097_034 f 0.00  1.000     0 10.40  0  1 -11.997   0.788   1.907   0.051  -7.361   0.000 +1T086M000t
00035 LYS+1A0097_035 f 0.00  1.000     0 10.40  0  1 -10.998   0.783   1.769   0.046  -7.292   0.000 +1T089M000t
00036 LYS+1A0097_036 f 0.00  1.000     0 10.40  0  1 -11.362   2.151   4.840   0.019  -7.345   0.000 +1T0B5M000t
00037 LYS+1A0097_037 f 0.00  1.000     0 10.40  0  1  -5.343   1.403   1.826   0.077  -7.305   0.000 +1T0CBM000t
00038 LYS+1A0097_038 f 0.00  1.000     0 10.40  0  1 -11.086   1.640   2.283   0.117  -7.321   0.000 +1T0CFM000t
00039 LYS+1A0097_039 f 0.00  1.000     0 10.40  0  1  -9.825   0.677   2.450   0.138  -7.048   0.000 +1T0F7M000t
00040 LYS+1A0097_040 f 0.00  1.000     0 10.40  0  1 -10.925   3.382   5.119   0.310  -6.904   0.000 +1T127M000t
