   confID        vdw0    sas     sum
LYS01A0097_001   1.027 -12.801 -11.774
LYS01A0097_002   0.633 -12.479 -11.846
LYS01A0097_003   1.862 -12.489 -10.627
LYS01A0097_004   0.298 -13.180 -12.882
LYS01A0097_005   0.789 -12.818 -12.029
LYS01A0097_006   0.788 -12.714 -11.925
LYS01A0097_007   1.583 -12.611 -11.028
LYS01A0097_008   1.352 -12.562 -11.210
LYS01A0097_009   2.875 -12.745  -9.870
LYS01A0097_010   1.744 -13.106 -11.362
LYS01A0097_011   1.887 -12.611 -10.724
LYS01A0097_012   0.664 -12.756 -12.092
LYS01A0097_013   1.951 -12.197 -10.246
LYS01A0097_014   1.879 -12.720 -10.841
LYS01A0097_015   1.308 -12.094 -10.786
LYS01A0097_016   7.111 -12.591  -5.480
LYS01A0097_017   1.682 -12.849 -11.166
LYS01A0097_018   2.940 -12.258  -9.318
LYS01A0097_019   1.716 -12.637 -10.921
LYS01A0097_020   1.701 -12.646 -10.946
LYS+1A0097_021   0.967 -12.801 -11.834
LYS+1A0097_022   0.714 -12.934 -12.220
LYS+1A0097_023   1.186 -12.094 -10.908
LYS+1A0097_024   2.854 -12.310  -9.456
LYS+1A0097_025   1.723 -13.209 -11.486
LYS+1A0097_026   1.656 -12.704 -11.048
LYS+1A0097_027   1.843 -12.611 -10.767
LYS+1A0097_028   0.602 -12.389 -11.787
LYS+1A0097_029   0.630 -12.717 -12.087
LYS+1A0097_030   1.846 -12.624 -10.778
LYS+1A0097_031   0.274 -13.232 -12.958
LYS+1A0097_032   1.929 -12.197 -10.268
LYS+1A0097_033   1.902 -12.604 -10.703
LYS+1A0097_034   0.756 -12.752 -11.997
LYS+1A0097_035   1.549 -12.547 -10.998
LYS+1A0097_036   1.304 -12.665 -11.362
LYS+1A0097_037   7.196 -12.540  -5.343
LYS+1A0097_038   1.699 -12.785 -11.086
LYS+1A0097_039   2.856 -12.681  -9.825
LYS+1A0097_040   1.659 -12.585 -10.925
