iConf CONFORMER     FL  occ    crg   Em0  pKa0 ne nH    vdw0    vdw1    tors    epol   dsolv   extra    history
00001 LYS01A0016_001 f 0.00  0.000     0  0.00  0  0 -10.211   1.085   2.728  -0.004  -0.074   0.000 01O000M000t
00002 LYS01A0016_002 f 0.00  0.000     0  0.00  0  0 -10.440   1.952   4.430  -0.012  -0.059   0.000 01E02AM000t
00003 LYS01A0016_003 f 0.00  0.000     0  0.00  0  0 -10.835   5.582   4.183  -0.007  -0.055   0.000 01E02BM000t
00004 LYS01A0016_004 f 0.00  0.000     0  0.00  0  0 -10.910   5.799   3.307  -0.020  -0.062   0.000 01E02CM000t
00005 LYS01A0016_005 f 0.00  0.000     0  0.00  0  0  -9.722   3.091   1.441  -0.002  -0.060   0.000 01E02FM000t
00006 LYS01A0016_006 f 0.00  0.000     0  0.00  0  0  -9.387   2.239   4.016  -0.003  -0.060   0.000 01E041M000t
00007 LYS01A0016_007 f 0.00  0.000     0  0.00  0  0  -9.983   0.802   1.220   0.001  -0.058   0.000 01E04AM000t
00008 LYS01A0016_008 f 0.00  0.000     0  0.00  0  0  -8.657   0.995   2.234  -0.002  -0.059   0.000 01E050M000t
00009 LYS01A0016_009 f 0.00  0.000     0  0.00  0  0  -8.450   1.540   1.736   0.018  -0.052   0.000 01E087M000t
00010 LYS01A0016_010 f 0.00  0.000     0  0.00  0  0 -10.530   0.819   2.036  -0.006  -0.063   0.000 01E09CM000t
00011 LYS01A0016_011 f 0.00  0.000     0  0.00  0  0  -9.369   1.457   3.307  -0.004  -0.063   0.000 01E0CAM000t
00012 LYS01A0016_012 f 0.00  0.000     0  0.00  0  0 -10.648   1.893   4.012  -0.007  -0.064   0.000 01E0D8M000t
00013 LYS01A0016_013 f 0.00  0.000     0  0.00  0  0 -10.899   7.772   4.451  -0.011  -0.062   0.000 01E0E3M000t
00014 LYS01A0016_014 f 0.00  0.000     0  0.00  0  0 -11.082   2.299   3.964  -0.004  -0.063   0.000 01T05FM000t
00015 LYS01A0016_015 f 0.00  0.000     0  0.00  0  0 -10.155   2.015   1.973   0.002  -0.062   0.000 01T073M000t
00016 LYS01A0016_016 f 0.00  0.000     0  0.00  0  0 -10.811   5.877   4.023  -0.001  -0.063   0.000 01T07EM000t
00017 LYS01A0016_017 f 0.00  0.000     0  0.00  0  0 -10.196   0.816   2.164  -0.003  -0.063   0.000 01T0A7M000t
00018 LYS01A0016_018 f 0.00  0.000     0  0.00  0  0  -9.811   2.616   3.124  -0.022  -0.060   0.000 01T0BAM000t
00019 LYS01A0016_019 f 0.00  0.000     0  0.00  0  0 -11.295   4.152   4.214  -0.011  -0.063   0.000 01T0E2M000t
00020 LYS01A0016_020 f 0.00  0.000     0  0.00  0  0 -10.094   4.861   3.774  -0.001  -0.062   0.000 01T10DM000t
00021 LYS+1A0016_021 f 0.00  1.000     0 10.40  0  1 -10.281   1.082   2.728   0.076  -1.004   0.000 +1O000M000t
00022 LYS+1A0016_022 f 0.00  1.000     0 10.40  0  1 -10.590   1.933   4.482   0.090  -0.995   0.000 +1E02AM000t
00023 LYS+1A0016_023 f 0.00  1.000     0 10.40  0  1 -11.008   5.479   4.212   0.157  -0.954   0.000 +1E02BM000t
00024 LYS+1A0016_024 f 0.00  1.000     0 10.40  0  1 -11.045   5.874   3.327   0.091  -0.987   0.000 +1E02CM000t
00025 LYS+1A0016_025 f 0.00  1.000     0 10.40  0  1  -9.401   2.231   4.047   0.053  -0.989   0.000 +1E041M000t
00026 LYS+1A0016_026 f 0.00  1.000     0 10.40  0  1  -8.438   0.992   2.361   0.058  -0.989   0.000 +1E050M000t
00027 LYS+1A0016_027 f 0.00  1.000     0 10.40  0  1 -11.123   2.293   3.977   0.049  -1.014   0.000 +1E05FM000t
00028 LYS+1A0016_028 f 0.00  1.000     0 10.40  0  1  -8.486   1.642   1.744   0.183  -0.946   0.000 +1E087M000t
00029 LYS+1A0016_029 f 0.00  1.000     0 10.40  0  1 -10.177   2.616   3.177   0.094  -1.006   0.000 +1E0BAM000t
00030 LYS+1A0016_030 f 0.00  1.000     0 10.40  0  1 -11.244   4.154   4.246   0.087  -1.012   0.000 +1E0E2M000t
00031 LYS+1A0016_031 f 0.00  1.000     0 10.40  0  1 -10.183   4.862   3.803   0.016  -1.013   0.000 +1E10DM000t
00032 LYS+1A0016_032 f 0.00  1.000     0 10.40  0  1  -9.991   3.073   1.462   0.051  -0.991   0.000 +1T02FM000t
00033 LYS+1A0016_033 f 0.00  1.000     0 10.40  0  1  -9.879   0.799   1.243   0.049  -0.990   0.000 +1T04AM000t
00034 LYS+1A0016_034 f 0.00  1.000     0 10.40  0  1 -10.162   2.023   2.018   0.065  -0.999   0.000 +1T073M000t
00035 LYS+1A0016_035 f 0.00  1.000     0 10.40  0  1 -11.036   5.928   4.084   0.013  -1.021   0.000 +1T07EM000t
00036 LYS+1A0016_036 f 0.00  1.000     0 10.40  0  1 -10.374   0.818   2.073   0.037  -1.011   0.000 +1T09CM000t
00037 LYS+1A0016_037 f 0.00  1.000     0 10.40  0  1 -10.372   0.819   2.198   0.013  -1.013   0.000 +1T0A7M000t
00038 LYS+1A0016_038 f 0.00  1.000     0 10.40  0  1  -9.361   1.443   3.328   0.016  -1.009   0.000 +1T0CAM000t
00039 LYS+1A0016_039 f 0.00  1.000     0 10.40  0  1 -10.723   1.872   4.022   0.064  -1.012   0.000 +1T0D8M000t
00040 LYS+1A0016_040 f 0.00  1.000     0 10.40  0  1 -10.954   7.808   4.493   0.080  -1.005   0.000 +1T0E3M000t
