CONFORMER         crg  vdw0  vdw1  tors  epol  self   occ  Hb     history    ASA
LYS01A0016_001  0.000-10.21  1.09  2.73  0.00 -6.40 0.502  00  01O000M000  1.000
LYS01A0016_002  0.000-10.44  1.95  4.43  0.00 -4.06 0.501  00  01E02AM000  1.000
LYS01A0016_003  0.000-10.83  5.58  4.18  0.00 -1.07 0.502  00  01E02BM000  1.000
LYS01A0016_004  0.000-10.91  5.81  3.31  0.00 -1.79 0.502  00  01E02CM000  1.000
LYS01A0016_005  0.000 -9.73  3.04  1.44  0.00 -5.25 0.502  00  01E02FM000  1.000
LYS01A0016_006  0.000 -9.33  2.24  4.01  0.00 -3.08 0.502  00  01E041M000  1.000
LYS01A0016_007  0.000 -9.99  0.75  1.22  0.00 -8.02 0.502  00  01E04AM000  1.000
LYS01A0016_008  0.000 -8.73  0.99  2.23  0.00 -5.50 0.502  00  01E050M000  1.000
LYS01A0016_009  0.000 -8.44  1.54  1.73  0.00 -5.17 0.502  00  01E087M000  1.000
LYS01A0016_010  0.000-10.54  0.77  2.04  0.00 -7.73 0.502  00  01E09CM000  1.000
LYS01A0016_011  0.000 -9.36  1.40  3.30  0.00 -4.65 0.503  00  01E0CAM000  1.000
LYS01A0016_012  0.000-10.65  1.89  4.01  0.00 -4.75 0.502  00  01E0D8M000  1.000
LYS01A0016_013  0.000-10.90  7.78  4.45  0.00  1.33 0.502  00  01E0E3M000  1.000
LYS01A0016_014  0.000-11.08  2.30  3.97  0.00 -4.82 0.503  00  01T05FM000  1.000
LYS01A0016_015  0.000-10.15  2.01  1.97  0.00 -6.17 0.501  00  01T073M000  1.000
LYS01A0016_016  0.000-10.81  5.82  4.02  0.00 -0.98 0.501  00  01T07EM000  1.000
LYS01A0016_017  0.000-10.20  0.76  2.16  0.00 -7.27 0.503  00  01T0A7M000  1.000
LYS01A0016_018  0.000 -9.82  2.61  3.13  0.00 -4.08 0.502  00  01T0BAM000  1.000
LYS01A0016_019  0.000-11.30  4.14  4.21  0.00 -2.94 0.502  00  01T0E2M000  1.000
LYS01A0016_020  0.000-10.09  4.80  3.77  0.00 -1.52 0.502  00  01T10DM000  1.000
LYS+1A0016_021  1.000-10.28  1.08  2.73  0.00 -6.47 0.502  00  +1O000M000  1.000
LYS+1A0016_022  1.000-10.59  1.94  4.48  0.00 -4.17 0.501  00  +1E02AM000  1.000
LYS+1A0016_023  1.000-11.00  5.48  4.21  0.00 -1.31 0.502  00  +1E02BM000  1.000
LYS+1A0016_024  1.000-11.04  5.87  3.33  0.00 -1.84 0.502  00  +1E02CM000  1.000
LYS+1A0016_025  1.000 -9.40  2.24  4.05  0.00 -3.11 0.502  00  +1E041M000  1.000
LYS+1A0016_026  1.000 -8.50  0.99  2.36  0.00 -5.15 0.502  00  +1E050M000  1.000
LYS+1A0016_027  1.000-11.12  2.30  3.98  0.00 -4.85 0.503  00  +1E05FM000  1.000
LYS+1A0016_028  1.000 -8.48  1.64  1.74  0.00 -5.10 0.502  00  +1E087M000  1.000
LYS+1A0016_029  1.000-10.17  2.62  3.18  0.00 -4.37 0.502  00  +1E0BAM000  1.000
LYS+1A0016_030  1.000-11.24  4.15  4.25  0.00 -2.84 0.502  00  +1E0E2M000  1.000
LYS+1A0016_031  1.000-10.18  4.80  3.80  0.00 -1.58 0.502  00  +1E10DM000  1.000
LYS+1A0016_032  1.000 -9.99  3.02  1.46  0.00 -5.51 0.502  00  +1T02FM000  1.000
LYS+1A0016_033  1.000 -9.88  0.75  1.24  0.00 -7.89 0.502  00  +1T04AM000  1.000
LYS+1A0016_034  1.000-10.16  2.02  2.02  0.00 -6.12 0.501  00  +1T073M000  1.000
LYS+1A0016_035  1.000-11.04  5.87  4.08  0.00 -1.08 0.501  00  +1T07EM000  1.000
LYS+1A0016_036  1.000-10.37  0.76  2.07  0.00 -7.54 0.502  00  +1T09CM000  1.000
LYS+1A0016_037  1.000-10.37  0.76  2.20  0.00 -7.41 0.503  00  +1T0A7M000  1.000
LYS+1A0016_038  1.000 -9.35  1.39  3.33  0.00 -4.64 0.503  00  +1T0CAM000  1.000
LYS+1A0016_039  1.000-10.72  1.87  4.02  0.00 -4.82 0.502  00  +1T0D8M000  1.000
LYS+1A0016_040  1.000-10.95  7.81  4.50  0.00  1.35 0.502  00  +1T0E3M000  1.000
