   confID        vdw0    sas     sum
LYS01A0016_001   1.947 -12.158 -10.211
LYS01A0016_002   2.182 -12.621 -10.440
LYS01A0016_003   1.859 -12.694 -10.835
LYS01A0016_004   1.493 -12.403 -10.910
LYS01A0016_005   2.088 -11.810  -9.722
LYS01A0016_006   2.906 -12.293  -9.387
LYS01A0016_007   2.078 -12.061  -9.983
LYS01A0016_008   3.459 -12.116  -8.657
LYS01A0016_009   3.675 -12.125  -8.450
LYS01A0016_010   2.155 -12.685 -10.530
LYS01A0016_011   2.978 -12.347  -9.369
LYS01A0016_012   1.860 -12.508 -10.648
LYS01A0016_013   1.773 -12.673 -10.899
LYS01A0016_014   1.737 -12.820 -11.082
LYS01A0016_015   1.915 -12.071 -10.155
LYS01A0016_016   1.114 -11.925 -10.811
LYS01A0016_017   2.141 -12.338 -10.196
LYS01A0016_018   2.369 -12.180  -9.811
LYS01A0016_019   1.557 -12.853 -11.295
LYS01A0016_020   1.882 -11.977 -10.094
LYS+1A0016_021   1.877 -12.158 -10.281
LYS+1A0016_022   2.099 -12.689 -10.590
LYS+1A0016_023   1.754 -12.762 -11.008
LYS+1A0016_024   1.387 -12.432 -11.045
LYS+1A0016_025   2.960 -12.361  -9.401
LYS+1A0016_026   3.498 -11.936  -8.438
LYS+1A0016_027   1.697 -12.820 -11.123
LYS+1A0016_028   3.639 -12.125  -8.486
LYS+1A0016_029   2.321 -12.498 -10.177
LYS+1A0016_030   1.505 -12.750 -11.244
LYS+1A0016_031   1.897 -12.080 -10.183
LYS+1A0016_032   2.003 -11.994  -9.991
LYS+1A0016_033   2.079 -11.959  -9.879
LYS+1A0016_034   1.841 -12.003 -10.162
LYS+1A0016_035   1.073 -12.109 -11.036
LYS+1A0016_036   2.124 -12.498 -10.374
LYS+1A0016_037   2.094 -12.466 -10.372
LYS+1A0016_038   3.105 -12.466  -9.361
LYS+1A0016_039   1.824 -12.547 -10.723
LYS+1A0016_040   1.719 -12.673 -10.954
