   confID        vdw0    sas     sum
LEU01A0125_001   1.772 -11.960 -10.188
LEU01A0125_002   1.776 -11.773  -9.997
LEU01A0125_003   1.747 -11.979 -10.233
LEU01A0125_004   1.773 -11.722  -9.949
LEU01A0125_005   1.914 -11.928 -10.014
LEU01A0125_006   1.842 -12.047 -10.205
LEU01A0125_007   1.635 -11.912 -10.277
LEU01A0125_008   1.842 -11.654  -9.813
LEU01A0125_009   1.830 -12.083 -10.253
LEU01A0125_010   1.767 -11.738  -9.971
LEU01A0125_011   1.914 -11.619  -9.705
LEU01A0125_012   2.045 -12.083 -10.038
LEU01A0125_013   1.748 -11.841 -10.093
LEU01A0125_014   1.765 -11.841 -10.076
LEU01A0125_015   1.912 -11.738  -9.826
LEU01A0125_016   1.777 -11.960 -10.183
LEU01A0125_017   1.749 -11.841 -10.092
LEU01A0125_018   1.775 -11.790 -10.014
LEU01A0125_019   1.772 -11.635  -9.863
LEU01A0125_020   1.772 -11.876 -10.105
