CONFORMER         crg  vdw0  vdw1  tors  epol  self   occ  Hb     history    ASA
LYS01A0063_001  0.000-11.33  1.60  1.10  0.00 -8.63 0.502  00  01O000M000  1.000
LYS01A0063_002  0.000 -8.54  1.29  1.00  0.00 -6.25 0.502  00  01E012M000  1.000
LYS01A0063_003  0.000 -9.23  1.21  2.25  0.00 -5.77 0.502  00  01E043M000  1.000
LYS01A0063_004  0.000-10.76  1.22  3.16  0.00 -6.37 0.502  00  01E061M000  1.000
LYS01A0063_005  0.000-11.40  0.79  3.25  0.00 -7.35 0.502  00  01E082M000  1.000
LYS01A0063_006  0.000 -9.64 -0.01  0.94  0.00 -8.71 0.502  00  01E0AFM000  1.000
LYS01A0063_007  0.000 -8.94  0.81  1.55  0.00 -6.59 0.502  00  01E0BEM000  1.000
LYS01A0063_008  0.000 -8.41  1.08  2.12  0.00 -5.21 0.502  00  01E0D6M000  1.000
LYS01A0063_009  0.000 -9.42  0.41  3.60  0.00 -5.41 0.502  00  01E0E7M000  1.000
LYS01A0063_010  0.000 -7.54  0.59  1.91  0.00 -5.04 0.502  00  01E0F1M000  1.000
LYS01A0063_011  0.000 -9.13  1.19  4.89  0.00 -3.05 0.501  00  01E0F2M000  1.000
LYS01A0063_012  0.000 -9.89  0.76  1.43  0.00 -7.69 0.502  00  01E14AM000  1.000
LYS01A0063_013  0.000 -9.36  0.71  3.71  0.00 -4.95 0.502  00  01T0A0M000  1.000
LYS01A0063_014  0.000 -8.86  0.68  3.28  0.00 -4.90 0.502  00  01T0C5M000  1.000
LYS01A0063_015  0.000 -6.99  0.78  1.98  0.00 -4.22 0.501  00  01T0E6M000  1.000
LYS01A0063_016  0.000 -8.26  0.66  1.96  0.00 -5.64 0.501  00  01T0EFM000  1.000
LYS01A0063_017  0.000-11.10  0.99  4.55  0.00 -5.56 0.502  00  01T102M000  1.000
LYS01A0063_018  0.000 -9.12  0.87  3.73  0.00 -4.52 0.502  00  01T138M000  1.000
LYS01A0063_019  0.000 -7.86  0.85  4.03  0.00 -2.99 0.502  00  01T14CM000  1.000
LYS01A0063_020  0.000 -8.51  0.88  1.97  0.00 -5.67 0.502  00  01T14DM000  1.000
LYS+1A0063_021  1.000-11.41  1.60  1.10  0.00 -8.70 0.502  00  +1O000M000  1.000
LYS+1A0063_022  1.000 -8.64  1.30  1.01  0.00 -6.33 0.502  00  +1E012M000  1.000
LYS+1A0063_023  1.000 -9.05  1.21  2.40  0.00 -5.44 0.502  00  +1E043M000  1.000
LYS+1A0063_024  1.000-10.87  1.21  3.25  0.00 -6.41 0.502  00  +1E061M000  1.000
LYS+1A0063_025  1.000 -9.74 -0.02  0.95  0.00 -8.81 0.502  00  +1E0AFM000  1.000
LYS+1A0063_026  1.000 -9.01  0.81  1.55  0.00 -6.65 0.502  00  +1E0BEM000  1.000
LYS+1A0063_027  1.000 -9.03  0.68  3.33  0.00 -5.03 0.502  00  +1E0C5M000  1.000
LYS+1A0063_028  1.000 -8.51  1.13  2.12  0.00 -5.26 0.502  00  +1E0D6M000  1.000
LYS+1A0063_029  1.000 -7.08  0.80  1.99  0.00 -4.29 0.501  00  +1E0E6M000  1.000
LYS+1A0063_030  1.000 -9.38  0.42  3.67  0.00 -5.29 0.502  00  +1E0E7M000  1.000
LYS+1A0063_031  1.000 -8.30  0.66  1.96  0.00 -5.68 0.501  00  +1E0EFM000  1.000
LYS+1A0063_032  1.000 -9.17  1.19  4.89  0.00 -3.08 0.501  00  +1E0F2M000  1.000
LYS+1A0063_033  1.000-11.07  0.98  4.56  0.00 -5.53 0.502  00  +1E102M000  1.000
LYS+1A0063_034  1.000 -9.95  0.76  1.43  0.00 -7.76 0.502  00  +1E14AM000  1.000
LYS+1A0063_035  1.000 -7.86  0.85  4.08  0.00 -2.93 0.502  00  +1E14CM000  1.000
LYS+1A0063_036  1.000-11.50  0.79  3.30  0.00 -7.40 0.502  00  +1T082M000  1.000
LYS+1A0063_037  1.000 -9.42  0.70  3.71  0.00 -5.01 0.502  00  +1T0A0M000  1.000
LYS+1A0063_038  1.000 -7.57  0.59  1.91  0.00 -5.07 0.502  00  +1T0F1M000  1.000
LYS+1A0063_039  1.000 -9.03  0.85  3.80  0.00 -4.38 0.502  00  +1T138M000  1.000
LYS+1A0063_040  1.000 -8.44  0.88  1.97  0.00 -5.59 0.502  00  +1T14DM000  1.000
