iConf CONFORMER     FL  occ    crg   Em0  pKa0 ne nH    vdw0    vdw1    tors    epol   dsolv   extra    history
00001 LYS01A0063_001 f 0.00  0.000     0  0.00  0  0 -11.333   1.608   1.104  -0.006  -0.199   0.000 01O000M000t
00002 LYS01A0063_002 f 0.00  0.000     0  0.00  0  0  -8.553   1.294   1.004  -0.017  -0.188   0.000 01E012M000t
00003 LYS01A0063_003 f 0.00  0.000     0  0.00  0  0  -9.242   1.215   2.245  -0.012  -0.198   0.000 01E043M000t
00004 LYS01A0063_004 f 0.00  0.000     0  0.00  0  0 -10.761   1.225   3.156  -0.002  -0.212   0.000 01E061M000t
00005 LYS01A0063_005 f 0.00  0.000     0  0.00  0  0 -11.399   0.793   3.254  -0.005  -0.198   0.000 01E082M000t
00006 LYS01A0063_006 f 0.00  0.000     0  0.00  0  0  -9.649  -0.011   0.942  -0.001  -0.194   0.000 01E0AFM000t
00007 LYS01A0063_007 f 0.00  0.000     0  0.00  0  0  -8.944   0.808   1.547  -0.001  -0.201   0.000 01E0BEM000t
00008 LYS01A0063_008 f 0.00  0.000     0  0.00  0  0  -8.412   1.088   2.116   0.002  -0.212   0.000 01E0D6M000t
00009 LYS01A0063_009 f 0.00  0.000     0  0.00  0  0  -9.423   0.414   3.603  -0.004  -0.207   0.000 01E0E7M000t
00010 LYS01A0063_010 f 0.00  0.000     0  0.00  0  0  -7.539   0.588   1.907   0.002  -0.190   0.000 01E0F1M000t
00011 LYS01A0063_011 f 0.00  0.000     0  0.00  0  0  -9.123   1.184   4.887  -0.006  -0.205   0.000 01E0F2M000t
00012 LYS01A0063_012 f 0.00  0.000     0  0.00  0  0  -9.886   0.763   1.431  -0.009  -0.204   0.000 01E14AM000t
00013 LYS01A0063_013 f 0.00  0.000     0  0.00  0  0  -9.364   0.708   3.707   0.001  -0.200   0.000 01T0A0M000t
00014 LYS01A0063_014 f 0.00  0.000     0  0.00  0  0  -8.853   0.684   3.280  -0.010  -0.200   0.000 01T0C5M000t
00015 LYS01A0063_015 f 0.00  0.000     0  0.00  0  0  -6.997   0.784   1.984  -0.019  -0.200   0.000 01T0E6M000t
00016 LYS01A0063_016 f 0.00  0.000     0  0.00  0  0  -8.273   0.661   1.958  -0.003  -0.218   0.000 01T0EFM000t
00017 LYS01A0063_017 f 0.00  0.000     0  0.00  0  0 -11.095   0.989   4.554  -0.003  -0.211   0.000 01T102M000t
00018 LYS01A0063_018 f 0.00  0.000     0  0.00  0  0  -9.170   0.872   3.729  -0.009  -0.205   0.000 01T138M000t
00019 LYS01A0063_019 f 0.00  0.000     0  0.00  0  0  -7.924   0.851   4.024  -0.007  -0.222   0.000 01T14CM000t
00020 LYS01A0063_020 f 0.00  0.000     0  0.00  0  0  -8.510   0.883   1.966  -0.007  -0.210   0.000 01T14DM000t
00021 LYS+1A0063_021 f 0.00  1.000     0 10.40  0  1 -11.408   1.605   1.104   0.006  -3.059   0.000 +1O000M000t
00022 LYS+1A0063_022 f 0.00  1.000     0 10.40  0  1  -8.638   1.298   1.014   0.091  -3.012   0.000 +1E012M000t
00023 LYS+1A0063_023 f 0.00  1.000     0 10.40  0  1  -9.055   1.209   2.402  -0.016  -3.022   0.000 +1E043M000t
00024 LYS+1A0063_024 f 0.00  1.000     0 10.40  0  1 -10.864   1.208   3.248   0.000  -3.093   0.000 +1E061M000t
00025 LYS+1A0063_025 f 0.00  1.000     0 10.40  0  1  -9.748  -0.017   0.951   0.083  -3.006   0.000 +1E0AFM000t
00026 LYS+1A0063_026 f 0.00  1.000     0 10.40  0  1  -9.021   0.806   1.554   0.065  -3.058   0.000 +1E0BEM000t
00027 LYS+1A0063_027 f 0.00  1.000     0 10.40  0  1  -9.041   0.681   3.327   0.074  -3.028   0.000 +1E0C5M000t
00028 LYS+1A0063_028 f 0.00  1.000     0 10.40  0  1  -8.502   1.128   2.123   0.011  -3.073   0.000 +1E0D6M000t
00029 LYS+1A0063_029 f 0.00  1.000     0 10.40  0  1  -7.076   0.795   1.994  -0.031  -3.049   0.000 +1E0E6M000t
00030 LYS+1A0063_030 f 0.00  1.000     0 10.40  0  1  -9.383   0.424   3.669   0.060  -3.065   0.000 +1E0E7M000t
00031 LYS+1A0063_031 f 0.00  1.000     0 10.40  0  1  -8.355   0.660   1.962   0.029  -3.090   0.000 +1E0EFM000t
00032 LYS+1A0063_032 f 0.00  1.000     0 10.40  0  1  -9.205   1.190   4.894   0.009  -3.087   0.000 +1E0F2M000t
00033 LYS+1A0063_033 f 0.00  1.000     0 10.40  0  1 -11.071   0.985   4.564   0.057  -3.089   0.000 +1E102M000t
00034 LYS+1A0063_034 f 0.00  1.000     0 10.40  0  1  -9.950   0.763   1.433   0.040  -3.098   0.000 +1E14AM000t
00035 LYS+1A0063_035 f 0.00  1.000     0 10.40  0  1  -7.861   0.849   4.081   0.045  -3.107   0.000 +1E14CM000t
00036 LYS+1A0063_036 f 0.00  1.000     0 10.40  0  1 -11.495   0.793   3.306   0.064  -3.073   0.000 +1T082M000t
00037 LYS+1A0063_037 f 0.00  1.000     0 10.40  0  1  -9.418   0.698   3.710   0.083  -3.006   0.000 +1T0A0M000t
00038 LYS+1A0063_038 f 0.00  1.000     0 10.40  0  1  -7.567   0.591   1.907   0.058  -3.019   0.000 +1T0F1M000t
00039 LYS+1A0063_039 f 0.00  1.000     0 10.40  0  1  -9.029   0.854   3.796   0.090  -3.040   0.000 +1T138M000t
00040 LYS+1A0063_040 f 0.00  1.000     0 10.40  0  1  -8.445   0.879   1.971   0.040  -3.084   0.000 +1T14DM000t
