   confID        vdw0    sas     sum
LYS01A0063_001   0.996 -12.328 -11.333
LYS01A0063_002   3.313 -11.866  -8.553
LYS01A0063_003   3.116 -12.358  -9.242
LYS01A0063_004   1.499 -12.260 -10.761
LYS01A0063_005   1.467 -12.866 -11.399
LYS01A0063_006   2.516 -12.165  -9.649
LYS01A0063_007   2.949 -11.894  -8.944
LYS01A0063_008   3.925 -12.337  -8.412
LYS01A0063_009   2.789 -12.212  -9.423
LYS01A0063_010   4.671 -12.210  -7.539
LYS01A0063_011   3.964 -13.087  -9.123
LYS01A0063_012   2.332 -12.218  -9.886
LYS01A0063_013   2.570 -11.933  -9.364
LYS01A0063_014   3.508 -12.361  -8.853
LYS01A0063_015   5.199 -12.197  -6.997
LYS01A0063_016   4.071 -12.343  -8.273
LYS01A0063_017   1.789 -12.884 -11.095
LYS01A0063_018   3.245 -12.415  -9.170
LYS01A0063_019   4.661 -12.585  -7.924
LYS01A0063_020   4.110 -12.620  -8.510
LYS+1A0063_021   0.920 -12.328 -11.408
LYS+1A0063_022   3.228 -11.866  -8.638
LYS+1A0063_023   3.194 -12.249  -9.055
LYS+1A0063_024   1.473 -12.337 -10.864
LYS+1A0063_025   2.456 -12.204  -9.748
LYS+1A0063_026   2.924 -11.945  -9.021
LYS+1A0063_027   3.321 -12.361  -9.041
LYS+1A0063_028   3.887 -12.389  -8.502
LYS+1A0063_029   5.173 -12.248  -7.076
LYS+1A0063_030   2.829 -12.212  -9.383
LYS+1A0063_031   4.056 -12.411  -8.355
LYS+1A0063_032   3.950 -13.154  -9.205
LYS+1A0063_033   1.749 -12.820 -11.071
LYS+1A0063_034   2.332 -12.283  -9.950
LYS+1A0063_035   4.605 -12.466  -7.861
LYS+1A0063_036   1.423 -12.918 -11.495
LYS+1A0063_037   2.515 -11.933  -9.418
LYS+1A0063_038   4.643 -12.210  -7.567
LYS+1A0063_039   3.287 -12.315  -9.029
LYS+1A0063_040   4.072 -12.517  -8.445
