iConf CONFORMER     FL  occ    crg   Em0  pKa0 ne nH    vdw0    vdw1    tors    epol   dsolv   extra    history
00001 ASP01A0019_001 f 0.00  0.000     0  0.00  0  0  -4.303   2.185   3.401   0.274  -0.837   0.000 01O000M000t
00002 ASP01A0019_002 f 0.00  0.000     0  0.00  0  0  -4.007  -0.152   3.960   0.231  -1.105   0.000 01E003M000t
00003 ASP01A0019_003 f 0.00  0.000     0  0.00  0  0  -4.300   0.240   5.457   0.091  -1.023   0.000 01E008M000t
00004 ASP01A0019_004 f 0.00  0.000     0  0.00  0  0  -4.367   2.185   0.681   0.072  -0.696   0.000 01O000M000t
00005 ASP01A0019_005 f 0.00  0.000     0  0.00  0  0  -4.352   1.366   2.798   0.140  -0.701   0.000 01E004M000t
00006 ASP01A0019_006 f 0.00  0.000     0  0.00  0  0  -4.370   0.047   1.249   0.072  -0.706   0.000 01E009M000t
00007 ASP01A0019_007 f 0.00  0.000     0  0.00  0  0  -4.539   1.839   3.027   0.571  -0.877   0.000 01T001M000t
00008 ASP01A0019_008 f 0.00  0.000     0  0.00  0  0  -4.068   0.096   3.960   0.068  -1.022   0.000 01T006M000t
00009 ASP01A0019_009 f 0.00  0.000     0  0.00  0  0  -4.351   1.367   5.517   0.172  -1.024   0.000 01T004M000t
00010 ASP01A0019_010 f 0.00  0.000     0  0.00  0  0  -4.371   0.046   3.962   0.075  -1.022   0.000 01T009M000t
00011 ASP01A0019_011 f 0.00  0.000     0  0.00  0  0  -4.539   1.839   0.307   0.058  -0.708   0.000 01T001M000t
00012 ASP01A0019_012 f 0.00  0.000     0  0.00  0  0  -4.007  -0.151   1.236   0.139  -0.742   0.000 01T003M000t
00013 ASP01A0019_013 f 0.00  0.000     0  0.00  0  0  -4.377   0.282   2.766   0.054  -0.715   0.000 01T008M000t
00014 ASP02A0019_014 f 0.00  0.000     0  0.00  0  0  -4.317   1.527   3.401   0.108  -1.019   0.000 02O000M000t
00015 ASP02A0019_015 f 0.00  0.000     0  0.00  0  0  -4.317   1.527   0.681   0.082  -0.684   0.000 02O000M000t
00016 ASP02A0019_016 f 0.00  0.000     0  0.00  0  0  -4.504   0.094   1.238   0.078  -0.721   0.000 02E009M000t
00017 ASP02A0019_017 f 0.00  0.000     0  0.00  0  0  -4.125   0.026   3.987   0.117  -0.879   0.000 02T003M000t
00018 ASP02A0019_018 f 0.00  0.000     0  0.00  0  0  -4.303   1.491   5.474   0.265  -0.963   0.000 02T004M000t
00019 ASP02A0019_019 f 0.00  0.000     0  0.00  0  0  -4.463   0.252   3.527   0.116  -1.062   0.000 02T005M000t
00020 ASP02A0019_020 f 0.00  0.000     0  0.00  0  0  -4.327   0.408   5.471   0.180  -1.020   0.000 02T008M000t
00021 ASP02A0019_021 f 0.00  0.000     0  0.00  0  0  -4.503   0.094   3.957   0.146  -0.985   0.000 02T009M000t
00022 ASP02A0019_022 f 0.00  0.000     0  0.00  0  0  -4.151   0.026   1.267   0.113  -0.650   0.000 02T003M000t
00023 ASP02A0019_023 f 0.00  0.000     0  0.00  0  0  -4.384   0.313   2.718   0.066  -0.707   0.000 02T008M000t
00024 ASP02A0019_024 f 0.00  0.000     0  0.00  0  0  -4.313   1.653   2.801   0.139  -0.705   0.000 02T004M000t
00025 ASP02A0019_025 f 0.00  0.000     0  0.00  0  0  -4.510   0.292   0.793   0.107  -0.713   0.000 02T005M000t
00026 ASP-1A0019_026 f 0.00 -1.000     0  4.75  0 -1  -4.216   1.548   0.681  -0.252  -5.917   0.000 -1O000M000t
00027 ASP-1A0019_027 f 0.00 -1.000     0  4.75  0 -1  -4.207   1.290   2.618  -0.386  -5.970   0.000 -1E004M000t
00028 ASP-1A0019_028 f 0.00 -1.000     0  4.75  0 -1  -3.973   0.237   1.172  -0.368  -5.978   0.000 -1E006M000t
00029 ASP-1A0019_029 f 0.00 -1.000     0  4.75  0 -1  -4.502   0.871   1.834  -0.208  -5.968   0.000 -1E007M000t
00030 ASP-1A0019_030 f 0.00 -1.000     0  4.75  0 -1  -4.393  -0.022   1.145  -0.201  -5.975   0.000 -1E009M000t
