CONFORMER         crg  vdw0  vdw1  tors  epol  self   occ  Hb     history    ASA
ASP01A0019_001  0.000 -4.30  2.18  3.40  0.00  1.28 0.550  00  01O000M000  1.008
ASP01A0019_002  0.000 -4.01 -0.15  3.96  0.00 -0.20 0.546  00  01E003M000  1.000
ASP01A0019_003  0.000 -4.30  0.24  5.45  0.00  1.40 0.547  00  01E008M000  1.038
ASP01A0019_004  0.000 -4.37  2.18  0.68  0.00 -1.50 0.550  00  01O000M000  1.023
ASP01A0019_005  0.000 -4.35  1.37  2.80  0.00 -0.19 0.550  00  01E004M000  1.060
ASP01A0019_006  0.000 -4.37  0.04  1.25  0.00 -3.08 0.553  00  01E009M000  1.042
ASP01A0019_007  0.000 -4.54  1.84  3.03  0.00  0.33 0.554  00  01T001M000  1.032
ASP01A0019_008  0.000 -4.07  0.09  3.96  0.00 -0.01 0.550  00  01T006M000  1.008
ASP01A0019_009  0.000 -4.35  1.37  5.52  0.00  2.53 0.550  00  01T004M000  1.060
ASP01A0019_010  0.000 -4.37  0.04  3.96  0.00 -0.37 0.553  00  01T009M000  1.042
ASP01A0019_011  0.000 -4.54  1.84  0.31  0.00 -2.39 0.554  00  01T001M000  1.032
ASP01A0019_012  0.000 -4.01 -0.15  1.24  0.00 -2.93 0.546  00  01T003M000  1.000
ASP01A0019_013  0.000 -4.38  0.28  2.76  0.00 -1.33 0.547  00  01T008M000  1.045
ASP02A0019_014  0.000 -4.32  1.53  3.40  0.00  0.61 0.550  00  02O000M000  1.025
ASP02A0019_015  0.000 -4.32  1.53  0.68  0.00 -2.11 0.550  00  02O000M000  1.025
ASP02A0019_016  0.000 -4.50  0.09  1.24  0.00 -3.17 0.553  00  02E009M000  1.086
ASP02A0019_017  0.000 -4.12  0.03  3.99  0.00 -0.11 0.546  00  02T003M000  1.000
ASP02A0019_018  0.000 -4.30  1.49  5.47  0.00  2.66 0.550  00  02T004M000  1.056
ASP02A0019_019  0.000 -4.46  0.25  3.53  0.00 -0.69 0.551  00  02T005M000  1.049
ASP02A0019_020  0.000 -4.33  0.41  5.47  0.00  1.55 0.547  00  02T008M000  1.040
ASP02A0019_021  0.000 -4.50  0.09  3.95  0.00 -0.45 0.553  00  02T009M000  1.086
ASP02A0019_022  0.000 -4.15  0.03  1.27  0.00 -2.86 0.546  00  02T003M000  1.006
ASP02A0019_023  0.000 -4.38  0.31  2.72  0.00 -1.35 0.547  00  02T008M000  1.039
ASP02A0019_024  0.000 -4.31  1.65  2.80  0.00  0.14 0.550  00  02T004M000  1.056
ASP02A0019_025  0.000 -4.51  0.29  0.79  0.00 -3.43 0.551  00  02T005M000  1.049
ASP-1A0019_026 -1.000 -4.22  1.55  0.68  0.00 -1.99 0.550  00  -1O000M000  1.008
ASP-1A0019_027 -1.000 -4.21  1.29  2.62  0.00 -0.30 0.550  00  -1E004M000  1.063
ASP-1A0019_028 -1.000 -4.01  0.23  1.17  0.00 -2.60 0.550  00  -1E006M000  1.008
ASP-1A0019_029 -1.000 -4.50  0.87  1.83  0.00 -1.80 0.550  00  -1E007M000  1.047
ASP-1A0019_030 -1.000 -4.39 -0.02  1.14  0.00 -3.27 0.553  00  -1E009M000  1.042
