iConf CONFORMER     FL  occ    crg   Em0  pKa0 ne nH    vdw0    vdw1    tors    epol   dsolv   extra    history
00001 LYS01A0127_001 f 0.00  0.000     0  0.00  0  0 -11.562   0.486   1.021  -0.003  -0.504   0.000 01O000M000t
00002 LYS01A0127_002 f 0.00  0.000     0  0.00  0  0 -12.888   1.452   0.942  -0.012  -0.528   0.000 01E07EM000t
00003 LYS01A0127_003 f 0.00  0.000     0  0.00  0  0 -12.485   3.492   3.504  -0.007  -0.522   0.000 01E082M000t
00004 LYS01A0127_004 f 0.00  0.000     0  0.00  0  0 -10.563   1.114   4.327  -0.050  -0.499   0.000 01E0DCM000t
00005 LYS01A0127_005 f 0.00  0.000     0  0.00  0  0 -11.389   1.422   4.296  -0.018  -0.530   0.000 01E0E6M000t
00006 LYS01A0127_006 f 0.00  0.000     0  0.00  0  0 -11.384   0.888   4.435  -0.020  -0.491   0.000 01E118M000t
00007 LYS01A0127_007 f 0.00  0.000     0  0.00  0  0  -9.955   0.776   4.857  -0.007  -0.526   0.000 01E120M000t
00008 LYS01A0127_008 f 0.00  0.000     0  0.00  0  0 -10.730   0.410   1.459  -0.006  -0.481   0.000 01E123M000t
00009 LYS01A0127_009 f 0.00  0.000     0  0.00  0  0 -11.198  -0.057   1.548  -0.027  -0.477   0.000 01T004M000t
00010 LYS01A0127_010 f 0.00  0.000     0  0.00  0  0 -11.464   0.140   0.862  -0.010  -0.588   0.000 01T052M000t
00011 LYS01A0127_011 f 0.00  0.000     0  0.00  0  0 -11.244   0.966   1.542  -0.006  -0.484   0.000 01T077M000t
00012 LYS01A0127_012 f 0.00  0.000     0  0.00  0  0  -9.981   1.614   4.100  -0.014  -0.470   0.000 01T0E8M000t
00013 LYS01A0127_013 f 0.00  0.000     0  0.00  0  0  -9.112   1.736   4.746  -0.010  -0.499   0.000 01T0ECM000t
00014 LYS01A0127_014 f 0.00  0.000     0  0.00  0  0 -12.046   0.928   3.909  -0.006  -0.529   0.000 01T0F0M000t
00015 LYS01A0127_015 f 0.00  0.000     0  0.00  0  0  -9.462   0.801   3.379  -0.010  -0.516   0.000 01T0F5M000t
00016 LYS01A0127_016 f 0.00  0.000     0  0.00  0  0 -10.527   0.755   4.186  -0.010  -0.511   0.000 01T11CM000t
00017 LYS01A0127_017 f 0.00  0.000     0  0.00  0  0  -9.405   0.795   2.171  -0.008  -0.519   0.000 01T13FM000t
00018 LYS01A0127_018 f 0.00  0.000     0  0.00  0  0 -11.930   1.030   1.469  -0.007  -0.527   0.000 01T145M000t
00019 LYS01A0127_019 f 0.00  0.000     0  0.00  0  0  -9.310   0.691   2.172  -0.013  -0.497   0.000 01T182M000t
00020 LYS01A0127_020 f 0.00  0.000     0  0.00  0  0  -8.645   3.486   3.384  -0.011  -0.530   0.000 01T18BM000t
00021 LYS+1A0127_021 f 0.00  1.000     0 10.40  0  1 -11.623   0.484   1.021   0.024  -7.250   0.000 +1O000M000t
00022 LYS+1A0127_022 f 0.00  1.000     0 10.40  0  1 -11.237  -0.071   1.550  -0.039  -7.109   0.000 +1E004M000t
00023 LYS+1A0127_023 f 0.00  1.000     0 10.40  0  1 -11.329   0.964   1.543   0.062  -7.277   0.000 +1E077M000t
00024 LYS+1A0127_024 f 0.00  1.000     0 10.40  0  1 -12.529   3.491   3.505   0.047  -7.326   0.000 +1E082M000t
00025 LYS+1A0127_025 f 0.00  1.000     0 10.40  0  1 -11.398   1.416   4.300   0.101  -7.340   0.000 +1E0E6M000t
00026 LYS+1A0127_026 f 0.00  1.000     0 10.40  0  1 -10.083   1.607   4.102   0.068  -7.174   0.000 +1E0E8M000t
00027 LYS+1A0127_027 f 0.00  1.000     0 10.40  0  1 -12.091   0.923   3.913   0.038  -7.321   0.000 +1E0F0M000t
00028 LYS+1A0127_028 f 0.00  1.000     0 10.40  0  1  -9.496   0.801   3.381   0.058  -7.309   0.000 +1E0F5M000t
00029 LYS+1A0127_029 f 0.00  1.000     0 10.40  0  1 -11.461   0.893   4.445   0.123  -7.243   0.000 +1E118M000t
00030 LYS+1A0127_030 f 0.00  1.000     0 10.40  0  1 -10.705   0.756   4.205   0.059  -7.299   0.000 +1E11CM000t
00031 LYS+1A0127_031 f 0.00  1.000     0 10.40  0  1  -9.969   0.780   4.872   0.053  -7.339   0.000 +1E120M000t
00032 LYS+1A0127_032 f 0.00  1.000     0 10.40  0  1 -10.772   0.405   1.461   0.087  -7.149   0.000 +1E123M000t
00033 LYS+1A0127_033 f 0.00  1.000     0 10.40  0  1  -9.479   0.791   2.171   0.080  -7.195   0.000 +1E13FM000t
00034 LYS+1A0127_034 f 0.00  1.000     0 10.40  0  1  -8.650   3.487   3.385   0.062  -7.308   0.000 +1E18BM000t
00035 LYS+1A0127_035 f 0.00  1.000     0 10.40  0  1 -11.664   0.141   0.864   0.006  -7.298   0.000 +1T052M000t
00036 LYS+1A0127_036 f 0.00  1.000     0 10.40  0  1 -12.932   1.461   0.945   0.060  -7.377   0.000 +1T07EM000t
00037 LYS+1A0127_037 f 0.00  1.000     0 10.40  0  1 -10.622   1.113   4.326   0.103  -7.219   0.000 +1T0DCM000t
00038 LYS+1A0127_038 f 0.00  1.000     0 10.40  0  1  -9.188   1.734   4.747   0.032  -7.305   0.000 +1T0ECM000t
00039 LYS+1A0127_039 f 0.00  1.000     0 10.40  0  1 -11.959   1.014   1.475   0.039  -7.343   0.000 +1T145M000t
00040 LYS+1A0127_040 f 0.00  1.000     0 10.40  0  1  -9.377   0.688   2.172   0.087  -7.190   0.000 +1T182M000t
