CONFORMER         crg  vdw0  vdw1  tors  epol  self   occ  Hb     history    ASA
LYS01A0127_001  0.000-11.56  0.42  1.02  0.00-10.12 0.502  00  01O000M000  1.000
LYS01A0127_002  0.000-12.89  1.41  0.94  0.00-10.54 0.501  00  01E07EM000  1.000
LYS01A0127_003  0.000-12.49  3.44  3.50  0.00 -5.54 0.502  00  01E082M000  1.000
LYS01A0127_004  0.000-10.57  1.05  4.33  0.00 -5.19 0.501  00  01E0DCM000  1.000
LYS01A0127_005  0.000-11.39  1.42  4.30  0.00 -5.67 0.502  00  01E0E6M000  1.000
LYS01A0127_006  0.000-11.38  0.84  4.43  0.00 -6.10 0.501  00  01E118M000  1.000
LYS01A0127_007  0.000 -9.95  0.73  4.86  0.00 -4.36 0.501  00  01E120M000  1.000
LYS01A0127_008  0.000-10.73  0.31  1.46  0.00 -8.96 0.501  00  01E123M000  1.000
LYS01A0127_009  0.000-11.19 -0.12  1.55  0.00 -9.77 0.501  00  01T004M000  1.000
LYS01A0127_010  0.000-11.47  0.02  0.86  0.00-10.58 0.501  00  01T052M000  1.000
LYS01A0127_011  0.000-11.24  0.92  1.54  0.00 -8.78 0.502  00  01T077M000  1.000
LYS01A0127_012  0.000 -9.98  1.61  4.10  0.00 -4.27 0.501  00  01T0E8M000  1.000
LYS01A0127_013  0.000 -9.11  1.74  4.75  0.00 -2.62 0.501  00  01T0ECM000  1.000
LYS01A0127_014  0.000-12.05  0.88  3.91  0.00 -7.26 0.501  00  01T0F0M000  1.000
LYS01A0127_015  0.000 -9.45  0.75  3.38  0.00 -5.32 0.501  00  01T0F5M000  1.000
LYS01A0127_016  0.000-10.52  0.71  4.19  0.00 -5.63 0.501  00  01T11CM000  1.000
LYS01A0127_017  0.000 -9.40  0.74  2.17  0.00 -6.48 0.501  00  01T13FM000  1.000
LYS01A0127_018  0.000-11.93  0.99  1.47  0.00 -9.47 0.501  00  01T145M000  1.000
LYS01A0127_019  0.000 -9.30  0.69  2.17  0.00 -6.44 0.501  00  01T182M000  1.000
LYS01A0127_020  0.000 -8.65  3.44  3.38  0.00 -1.83 0.502  00  01T18BM000  1.000
LYS+1A0127_021  1.000-11.63  0.42  1.02  0.00-10.19 0.502  00  +1O000M000  1.000
LYS+1A0127_022  1.000-11.19 -0.14  1.55  0.00 -9.78 0.501  00  +1E004M000  1.000
LYS+1A0127_023  1.000-11.33  0.92  1.54  0.00 -8.87 0.502  00  +1E077M000  1.000
LYS+1A0127_024  1.000-12.53  3.44  3.50  0.00 -5.58 0.502  00  +1E082M000  1.000
LYS+1A0127_025  1.000-11.40  1.42  4.30  0.00 -5.68 0.502  00  +1E0E6M000  1.000
LYS+1A0127_026  1.000-10.08  1.61  4.10  0.00 -4.37 0.501  00  +1E0E8M000  1.000
LYS+1A0127_027  1.000-12.09  0.87  3.91  0.00 -7.31 0.501  00  +1E0F0M000  1.000
LYS+1A0127_028  1.000 -9.50  0.75  3.38  0.00 -5.37 0.501  00  +1E0F5M000  1.000
LYS+1A0127_029  1.000-11.46  0.85  4.44  0.00 -6.17 0.501  00  +1E118M000  1.000
LYS+1A0127_030  1.000-10.71  0.71  4.21  0.00 -5.80 0.501  00  +1E11CM000  1.000
LYS+1A0127_031  1.000 -9.98  0.73  4.87  0.00 -4.37 0.501  00  +1E120M000  1.000
LYS+1A0127_032  1.000-10.77  0.31  1.46  0.00 -9.01 0.501  00  +1E123M000  1.000
LYS+1A0127_033  1.000 -9.48  0.74  2.17  0.00 -6.57 0.501  00  +1E13FM000  1.000
LYS+1A0127_034  1.000 -8.65  3.44  3.38  0.00 -1.83 0.502  00  +1E18BM000  1.000
LYS+1A0127_035  1.000-11.66  0.02  0.86  0.00-10.78 0.501  00  +1T052M000  1.000
LYS+1A0127_036  1.000-12.93  1.41  0.94  0.00-10.57 0.501  00  +1T07EM000  1.000
LYS+1A0127_037  1.000-10.62  1.05  4.33  0.00 -5.24 0.501  00  +1T0DCM000  1.000
LYS+1A0127_038  1.000 -9.19  1.74  4.75  0.00 -2.70 0.501  00  +1T0ECM000  1.000
LYS+1A0127_039  1.000-11.96  0.97  1.47  0.00 -9.52 0.501  00  +1T145M000  1.000
LYS+1A0127_040  1.000 -9.38  0.69  2.17  0.00 -6.52 0.501  00  +1T182M000  1.000
