   confID        vdw0    sas     sum
LYS01A0127_001   0.963 -12.525 -11.562
LYS01A0127_002   0.154 -13.042 -12.888
LYS01A0127_003   0.291 -12.775 -12.485
LYS01A0127_004   1.913 -12.477 -10.563
LYS01A0127_005   0.933 -12.321 -11.389
LYS01A0127_006   1.324 -12.709 -11.384
LYS01A0127_007   3.023 -12.978  -9.955
LYS01A0127_008   1.503 -12.233 -10.730
LYS01A0127_009   1.370 -12.567 -11.198
LYS01A0127_010   0.681 -12.145 -11.464
LYS01A0127_011   1.175 -12.419 -11.244
LYS01A0127_012   2.219 -12.200  -9.981
LYS01A0127_013   3.198 -12.309  -9.112
LYS01A0127_014   0.865 -12.910 -12.046
LYS01A0127_015   3.216 -12.678  -9.462
LYS01A0127_016   2.106 -12.633 -10.527
LYS01A0127_017   3.233 -12.638  -9.405
LYS01A0127_018   0.842 -12.772 -11.930
LYS01A0127_019   3.228 -12.538  -9.310
LYS01A0127_020   3.264 -11.909  -8.645
LYS+1A0127_021   0.902 -12.525 -11.623
LYS+1A0127_022   1.331 -12.567 -11.237
LYS+1A0127_023   1.090 -12.419 -11.329
LYS+1A0127_024   0.246 -12.775 -12.529
LYS+1A0127_025   0.885 -12.283 -11.398
LYS+1A0127_026   2.117 -12.200 -10.083
LYS+1A0127_027   0.819 -12.910 -12.091
LYS+1A0127_028   3.182 -12.678  -9.496
LYS+1A0127_029   1.248 -12.709 -11.461
LYS+1A0127_030   2.031 -12.736 -10.705
LYS+1A0127_031   3.009 -12.978  -9.969
LYS+1A0127_032   1.409 -12.181 -10.772
LYS+1A0127_033   3.159 -12.638  -9.479
LYS+1A0127_034   3.207 -11.858  -8.650
LYS+1A0127_035   0.584 -12.248 -11.664
LYS+1A0127_036   0.111 -13.042 -12.932
LYS+1A0127_037   1.854 -12.477 -10.622
LYS+1A0127_038   3.121 -12.309  -9.188
LYS+1A0127_039   0.800 -12.759 -11.959
LYS+1A0127_040   3.161 -12.538  -9.377
