iConf CONFORMER     FL  occ    crg   Em0  pKa0 ne nH    vdw0    vdw1    tors    epol   dsolv   extra    history
00001 LYS01A0071_001 f 0.00  0.000     0  0.00  0  0 -10.326   0.663   1.337  -0.002  -0.064   0.000 01O000M000t
00002 LYS01A0071_002 f 0.00  0.000     0  0.00  0  0 -10.358   2.241   4.396  -0.008  -0.065   0.000 01E02AM000t
00003 LYS01A0071_003 f 0.00  0.000     0  0.00  0  0  -8.029   2.799   1.778  -0.000  -0.062   0.000 01E03AM000t
00004 LYS01A0071_004 f 0.00  0.000     0  0.00  0  0  -9.815   0.633   3.956  -0.007  -0.063   0.000 01E03EM000t
00005 LYS01A0071_005 f 0.00  0.000     0  0.00  0  0  -9.473   0.575   3.711  -0.007  -0.061   0.000 01E06FM000t
00006 LYS01A0071_006 f 0.00  0.000     0  0.00  0  0  -8.845   0.739   1.476   0.011  -0.060   0.000 01E08CM000t
00007 LYS01A0071_007 f 0.00  0.000     0  0.00  0  0  -8.519   5.239   1.449  -0.004  -0.059   0.000 01E0A4M000t
00008 LYS01A0071_008 f 0.00  0.000     0  0.00  0  0  -9.168   1.231   1.669  -0.001  -0.058   0.000 01E0A7M000t
00009 LYS01A0071_009 f 0.00  0.000     0  0.00  0  0  -8.560   2.306   4.240  -0.004  -0.059   0.000 01E0B0M000t
00010 LYS01A0071_010 f 0.00  0.000     0  0.00  0  0  -9.314   1.014   4.005  -0.003  -0.062   0.000 01E0D0M000t
00011 LYS01A0071_011 f 0.00  0.000     0  0.00  0  0 -10.261   0.613   1.494  -0.006  -0.065   0.000 01T010M000t
00012 LYS01A0071_012 f 0.00  0.000     0  0.00  0  0 -10.244   0.528   1.304   0.000  -0.064   0.000 01T012M000t
00013 LYS01A0071_013 f 0.00  0.000     0  0.00  0  0 -10.260   2.019   4.077  -0.006  -0.062   0.000 01T014M000t
00014 LYS01A0071_014 f 0.00  0.000     0  0.00  0  0  -9.135   0.489   4.069   0.000  -0.059   0.000 01T078M000t
00015 LYS01A0071_015 f 0.00  0.000     0  0.00  0  0  -9.245   2.129   6.544  -0.004  -0.063   0.000 01T07CM000t
00016 LYS01A0071_016 f 0.00  0.000     0  0.00  0  0  -9.300   1.266   3.730  -0.002  -0.066   0.000 01T087M000t
00017 LYS01A0071_017 f 0.00  0.000     0  0.00  0  0  -7.140   1.475   4.423  -0.004  -0.064   0.000 01T09FM000t
00018 LYS01A0071_018 f 0.00  0.000     0  0.00  0  0  -9.358   2.312   4.219   0.000  -0.059   0.000 01T0AFM000t
00019 LYS01A0071_019 f 0.00  0.000     0  0.00  0  0  -9.650   1.488   4.344  -0.006  -0.064   0.000 01T0D4M000t
00020 LYS01A0071_020 f 0.00  0.000     0  0.00  0  0  -8.824   2.536   4.128  -0.003  -0.062   0.000 01T0EDM000t
00021 LYS+1A0071_021 f 0.00  1.000     0 10.40  0  1 -10.375   0.662   1.337   0.013  -1.012   0.000 +1O000M000t
00022 LYS+1A0071_022 f 0.00  1.000     0 10.40  0  1 -10.236   0.615   1.502   0.039  -1.009   0.000 +1E010M000t
00023 LYS+1A0071_023 f 0.00  1.000     0 10.40  0  1 -10.393   2.229   4.405   0.046  -1.006   0.000 +1E02AM000t
00024 LYS+1A0071_024 f 0.00  1.000     0 10.40  0  1  -8.040   2.799   1.783   0.002  -1.008   0.000 +1E03AM000t
00025 LYS+1A0071_025 f 0.00  1.000     0 10.40  0  1  -9.712   0.631   3.971  -0.004  -1.006   0.000 +1E03EM000t
00026 LYS+1A0071_026 f 0.00  1.000     0 10.40  0  1  -7.273   1.449   4.441  -0.005  -0.997   0.000 +1E09FM000t
00027 LYS+1A0071_027 f 0.00  1.000     0 10.40  0  1  -8.662   5.358   1.451  -0.008  -0.992   0.000 +1E0A4M000t
00028 LYS+1A0071_028 f 0.00  1.000     0 10.40  0  1  -8.674   2.303   4.242   0.037  -0.990   0.000 +1E0B0M000t
00029 LYS+1A0071_029 f 0.00  1.000     0 10.40  0  1  -9.764   1.491   4.358   0.052  -1.005   0.000 +1E0D4M000t
00030 LYS+1A0071_030 f 0.00  1.000     0 10.40  0  1  -8.916   2.519   4.177  -0.006  -1.005   0.000 +1E0EDM000t
00031 LYS+1A0071_031 f 0.00  1.000     0 10.40  0  1 -10.355   0.529   1.312   0.005  -1.010   0.000 +1T012M000t
00032 LYS+1A0071_032 f 0.00  1.000     0 10.40  0  1 -10.446   2.032   4.089   0.034  -1.008   0.000 +1T014M000t
00033 LYS+1A0071_033 f 0.00  1.000     0 10.40  0  1  -9.452   0.575   3.716   0.021  -1.005   0.000 +1T06FM000t
00034 LYS+1A0071_034 f 0.00  1.000     0 10.40  0  1  -9.222   0.489   4.084   0.001  -0.993   0.000 +1T078M000t
00035 LYS+1A0071_035 f 0.00  1.000     0 10.40  0  1  -9.183   2.131   6.555   0.036  -1.007   0.000 +1T07CM000t
00036 LYS+1A0071_036 f 0.00  1.000     0 10.40  0  1  -9.326   1.261   3.739   0.030  -1.006   0.000 +1T087M000t
00037 LYS+1A0071_037 f 0.00  1.000     0 10.40  0  1  -8.815   0.730   1.478   0.048  -0.979   0.000 +1T08CM000t
00038 LYS+1A0071_038 f 0.00  1.000     0 10.40  0  1  -9.215   1.224   1.669   0.121  -0.971   0.000 +1T0A7M000t
00039 LYS+1A0071_039 f 0.00  1.000     0 10.40  0  1  -9.346   2.316   4.226   0.054  -0.988   0.000 +1T0AFM000t
00040 LYS+1A0071_040 f 0.00  1.000     0 10.40  0  1  -9.390   1.013   4.021   0.064  -1.015   0.000 +1T0D0M000t
