CONFORMER         crg  vdw0  vdw1  tors  epol  self   occ  Hb     history    ASA
LYS01A0071_001  0.000-10.33  0.66  1.34  0.00 -8.33 0.502  00  01O000M000  1.000
LYS01A0071_002  0.000-10.36  2.24  4.40  0.00 -3.72 0.502  00  01E02AM000  1.000
LYS01A0071_003  0.000 -8.04  2.80  1.78  0.00 -3.45 0.502  00  01E03AM000  1.000
LYS01A0071_004  0.000 -9.81  0.63  3.96  0.00 -5.22 0.502  00  01E03EM000  1.000
LYS01A0071_005  0.000 -9.42  0.57  3.71  0.00 -5.13 0.502  00  01E06FM000  1.000
LYS01A0071_006  0.000 -8.85  0.74  1.48  0.00 -6.63 0.502  00  01E08CM000  1.000
LYS01A0071_007  0.000 -8.52  5.24  1.45  0.00 -1.83 0.502  00  01E0A4M000  1.000
LYS01A0071_008  0.000 -9.17  1.23  1.67  0.00 -6.27 0.502  00  01E0A7M000  1.000
LYS01A0071_009  0.000 -8.49  2.31  4.24  0.00 -1.94 0.503  00  01E0B0M000  1.000
LYS01A0071_010  0.000 -9.31  1.01  4.00  0.00 -4.29 0.502  00  01E0D0M000  1.000
LYS01A0071_011  0.000-10.26  0.61  1.49  0.00 -8.15 0.503  00  01T010M000  1.000
LYS01A0071_012  0.000-10.24  0.53  1.31  0.00 -8.41 0.502  00  01T012M000  1.000
LYS01A0071_013  0.000-10.26  2.02  4.08  0.00 -4.16 0.502  00  01T014M000  1.000
LYS01A0071_014  0.000 -9.13  0.49  4.07  0.00 -4.57 0.502  00  01T078M000  1.000
LYS01A0071_015  0.000 -9.18  2.13  6.54  0.00 -0.51 0.502  00  01T07CM000  1.000
LYS01A0071_016  0.000 -9.29  1.26  3.73  0.00 -4.30 0.503  00  01T087M000  1.000
LYS01A0071_017  0.000 -7.14  1.47  4.42  0.00 -1.24 0.502  00  01T09FM000  1.000
LYS01A0071_018  0.000 -9.36  2.32  4.22  0.00 -2.83 0.502  00  01T0AFM000  1.000
LYS01A0071_019  0.000 -9.69  1.49  4.34  0.00 -3.86 0.502  00  01T0D4M000  1.000
LYS01A0071_020  0.000 -8.83  2.53  4.13  0.00 -2.17 0.501  00  01T0EDM000  1.000
LYS+1A0071_021  1.000-10.38  0.66  1.34  0.00 -8.38 0.502  00  +1O000M000  1.000
LYS+1A0071_022  1.000-10.24  0.61  1.50  0.00 -8.12 0.503  00  +1E010M000  1.000
LYS+1A0071_023  1.000-10.39  2.23  4.40  0.00 -3.76 0.502  00  +1E02AM000  1.000
LYS+1A0071_024  1.000 -8.05  2.81  1.78  0.00 -3.46 0.502  00  +1E03AM000  1.000
LYS+1A0071_025  1.000 -9.71  0.63  3.97  0.00 -5.11 0.502  00  +1E03EM000  1.000
LYS+1A0071_026  1.000 -7.27  1.45  4.44  0.00 -1.38 0.502  00  +1E09FM000  1.000
LYS+1A0071_027  1.000 -8.67  5.36  1.45  0.00 -1.86 0.502  00  +1E0A4M000  1.000
LYS+1A0071_028  1.000 -8.61  2.31  4.24  0.00 -2.06 0.503  00  +1E0B0M000  1.000
LYS+1A0071_029  1.000 -9.77  1.49  4.36  0.00 -3.92 0.502  00  +1E0D4M000  1.000
LYS+1A0071_030  1.000 -8.92  2.52  4.18  0.00 -2.22 0.501  00  +1E0EDM000  1.000
LYS+1A0071_031  1.000-10.32  0.53  1.31  0.00 -8.48 0.502  00  +1T012M000  1.000
LYS+1A0071_032  1.000-10.44  2.03  4.09  0.00 -4.33 0.502  00  +1T014M000  1.000
LYS+1A0071_033  1.000 -9.45  0.57  3.71  0.00 -5.16 0.502  00  +1T06FM000  1.000
LYS+1A0071_034  1.000 -9.23  0.49  4.08  0.00 -4.65 0.502  00  +1T078M000  1.000
LYS+1A0071_035  1.000 -9.23  2.13  6.56  0.00 -0.54 0.502  00  +1T07CM000  1.000
LYS+1A0071_036  1.000 -9.33  1.26  3.74  0.00 -4.33 0.503  00  +1T087M000  1.000
LYS+1A0071_037  1.000 -8.81  0.73  1.48  0.00 -6.60 0.502  00  +1T08CM000  1.000
LYS+1A0071_038  1.000 -9.21  1.22  1.67  0.00 -6.32 0.502  00  +1T0A7M000  1.000
LYS+1A0071_039  1.000 -9.34  2.32  4.23  0.00 -2.80 0.502  00  +1T0AFM000  1.000
LYS+1A0071_040  1.000 -9.39  1.01  4.02  0.00 -4.36 0.502  00  +1T0D0M000  1.000
