   confID        vdw0    sas     sum
LYS01A0071_001   2.038 -12.363 -10.326
LYS01A0071_002   1.790 -12.148 -10.358
LYS01A0071_003   4.174 -12.202  -8.029
LYS01A0071_004   2.771 -12.586  -9.815
LYS01A0071_005   3.055 -12.528  -9.473
LYS01A0071_006   3.500 -12.345  -8.845
LYS01A0071_007   3.516 -12.036  -8.519
LYS01A0071_008   3.413 -12.581  -9.168
LYS01A0071_009   3.518 -12.078  -8.560
LYS01A0071_010   3.085 -12.399  -9.314
LYS01A0071_011   1.967 -12.228 -10.261
LYS01A0071_012   2.196 -12.440 -10.244
LYS01A0071_013   1.888 -12.148 -10.260
LYS01A0071_014   3.014 -12.149  -9.135
LYS01A0071_015   3.199 -12.444  -9.245
LYS01A0071_016   3.083 -12.383  -9.300
LYS01A0071_017   4.766 -11.906  -7.140
LYS01A0071_018   3.181 -12.538  -9.358
LYS01A0071_019   2.617 -12.267  -9.650
LYS01A0071_020   3.230 -12.054  -8.824
LYS+1A0071_021   1.989 -12.363 -10.375
LYS+1A0071_022   1.927 -12.164 -10.236
LYS+1A0071_023   1.755 -12.148 -10.393
LYS+1A0071_024   4.162 -12.202  -8.040
LYS+1A0071_025   2.742 -12.454  -9.712
LYS+1A0071_026   4.672 -11.945  -7.273
LYS+1A0071_027   3.409 -12.071  -8.662
LYS+1A0071_028   3.455 -12.129  -8.674
LYS+1A0071_029   2.567 -12.331  -9.764
LYS+1A0071_030   3.199 -12.115  -8.916
LYS+1A0071_031   2.175 -12.531 -10.355
LYS+1A0071_032   1.843 -12.289 -10.446
LYS+1A0071_033   3.009 -12.460  -9.452
LYS+1A0071_034   2.978 -12.200  -9.222
LYS+1A0071_035   3.142 -12.325  -9.183
LYS+1A0071_036   3.057 -12.383  -9.326
LYS+1A0071_037   3.478 -12.294  -8.815
LYS+1A0071_038   3.366 -12.581  -9.215
LYS+1A0071_039   3.125 -12.471  -9.346
LYS+1A0071_040   3.060 -12.451  -9.390
