CONFORMER         crg  vdw0  vdw1  tors  epol  self   occ  Hb     history    ASA
LYS01A0024_001  0.000-10.17  0.59  1.49  0.00 -8.10 0.502  00  01O000M000  1.000
LYS01A0024_002  0.000-10.21  1.32  4.09  0.00 -4.81 0.502  00  01E001M000  1.000
LYS01A0024_003  0.000-10.72  4.06  3.62  0.00 -3.04 0.502  00  01E035M000  1.000
LYS01A0024_004  0.000 -9.34  5.09  1.50  0.00 -2.76 0.502  00  01E045M000  1.000
LYS01A0024_005  0.000 -9.05  0.44  1.19  0.00 -7.41 0.502  00  01E060M000  1.000
LYS01A0024_006  0.000-10.47  1.94  4.20  0.00 -4.33 0.502  00  01E074M000  1.000
LYS01A0024_007  0.000-11.00  1.65  6.88  0.00 -2.47 0.501  00  01E07EM000  1.000
LYS01A0024_008  0.000 -8.18  0.28  1.73  0.00 -6.17 0.503  00  01E08BM000  1.000
LYS01A0024_009  0.000 -8.10  0.10  1.43  0.00 -6.58 0.502  00  01E094M000  1.000
LYS01A0024_010  0.000-10.09  1.03  6.62  0.00 -2.45 0.502  00  01E0B4M000  1.000
LYS01A0024_011  0.000 -8.49  0.67  4.56  0.00 -3.26 0.502  00  01E0C4M000  1.000
LYS01A0024_012  0.000 -9.56  0.45  4.18  0.00 -4.92 0.502  00  01E0D1M000  1.000
LYS01A0024_013  0.000 -8.24  0.30  1.42  0.00 -6.51 0.502  00  01E0D3M000  1.000
LYS01A0024_014  0.000 -8.99  1.24  4.42  0.00 -3.33 0.502  00  01E0DCM000  1.000
LYS01A0024_015  0.000-11.72  1.20  3.61  0.00 -6.91 0.502  00  01T022M000  1.000
LYS01A0024_016  0.000 -9.84  1.28  6.76  0.00 -1.81 0.502  00  01T044M000  1.000
LYS01A0024_017  0.000 -9.65  4.99  1.49  0.00 -3.17 0.502  00  01T046M000  1.000
LYS01A0024_018  0.000 -9.13  1.19  4.32  0.00 -3.62 0.503  00  01T0C3M000  1.000
LYS01A0024_019  0.000 -8.00  1.25  4.84  0.00 -1.90 0.501  00  01T0E0M000  1.000
LYS+1A0024_020  1.000-10.22  0.59  1.49  0.00 -8.15 0.502  00  +1O000M000  1.000
LYS+1A0024_021  1.000-10.44  0.49  1.17  0.00 -8.77 0.502  00  +1E00AM000  1.000
LYS+1A0024_022  1.000-11.56  1.20  3.63  0.00 -6.73 0.502  00  +1E022M000  1.000
LYS+1A0024_023  1.000 -9.87  1.29  6.79  0.00 -1.79 0.502  00  +1E044M000  1.000
LYS+1A0024_024  1.000 -9.40  5.15  1.50  0.00 -2.75 0.502  00  +1E045M000  1.000
LYS+1A0024_025  1.000 -9.80  5.04  1.49  0.00 -3.27 0.502  00  +1E046M000  1.000
LYS+1A0024_026  1.000-10.22  1.03  6.63  0.00 -2.56 0.502  00  +1E0B4M000  1.000
LYS+1A0024_027  1.000 -9.08  1.24  4.42  0.00 -3.42 0.502  00  +1E0DCM000  1.000
LYS+1A0024_028  1.000 -7.89  1.24  4.85  0.00 -1.80 0.501  00  +1E0E0M000  1.000
LYS+1A0024_029  1.000-10.23  1.32  4.10  0.00 -4.81 0.502  00  +1T001M000  1.000
LYS+1A0024_030  1.000-10.67  4.08  3.64  0.00 -2.95 0.502  00  +1T035M000  1.000
LYS+1A0024_031  1.000 -9.06  0.44  1.20  0.00 -7.42 0.502  00  +1T060M000  1.000
LYS+1A0024_032  1.000-10.52  1.92  4.21  0.00 -4.39 0.502  00  +1T074M000  1.000
LYS+1A0024_033  1.000-11.11  1.63  6.89  0.00 -2.59 0.501  00  +1T07EM000  1.000
LYS+1A0024_034  1.000 -8.16  0.28  1.73  0.00 -6.15 0.503  00  +1T08BM000  1.000
LYS+1A0024_035  1.000 -8.21  0.09  1.43  0.00 -6.69 0.502  00  +1T094M000  1.000
LYS+1A0024_036  1.000 -9.19  1.19  4.32  0.00 -3.68 0.503  00  +1T0C3M000  1.000
LYS+1A0024_037  1.000 -8.46  0.67  4.57  0.00 -3.22 0.502  00  +1T0C4M000  1.000
LYS+1A0024_038  1.000 -9.62  0.45  4.19  0.00 -4.98 0.502  00  +1T0D1M000  1.000
LYS+1A0024_039  1.000 -8.34  0.29  1.42  0.00 -6.63 0.502  00  +1T0D3M000  1.000
