iConf CONFORMER     FL  occ    crg   Em0  pKa0 ne nH    vdw0    vdw1    tors    epol   dsolv   extra    history
00001 LYS01A0024_001 f 0.00  0.000     0  0.00  0  0 -10.176   0.588   1.486  -0.009  -0.505   0.000 01O000M000t
00002 LYS01A0024_002 f 0.00  0.000     0  0.00  0  0 -10.214   1.314   4.091  -0.008  -0.535   0.000 01E001M000t
00003 LYS01A0024_003 f 0.00  0.000     0  0.00  0  0 -10.653   4.066   3.621   0.002  -0.542   0.000 01E035M000t
00004 LYS01A0024_004 f 0.00  0.000     0  0.00  0  0  -9.338   5.088   1.497  -0.008  -0.510   0.000 01E045M000t
00005 LYS01A0024_005 f 0.00  0.000     0  0.00  0  0  -9.043   0.440   1.194   0.002  -0.529   0.000 01E060M000t
00006 LYS01A0024_006 f 0.00  0.000     0  0.00  0  0 -10.471   1.944   4.203  -0.006  -0.509   0.000 01E074M000t
00007 LYS01A0024_007 f 0.00  0.000     0  0.00  0  0 -10.998   1.652   6.884  -0.005  -0.480   0.000 01E07EM000t
00008 LYS01A0024_008 f 0.00  0.000     0  0.00  0  0  -8.126   0.284   1.729  -0.012  -0.513   0.000 01E08BM000t
00009 LYS01A0024_009 f 0.00  0.000     0  0.00  0  0  -8.102   0.098   1.430  -0.009  -0.471   0.000 01E094M000t
00010 LYS01A0024_010 f 0.00  0.000     0  0.00  0  0 -10.156   1.028   6.621  -0.020  -0.570   0.000 01E0B4M000t
00011 LYS01A0024_011 f 0.00  0.000     0  0.00  0  0  -8.482   0.670   4.564  -0.006  -0.504   0.000 01E0C4M000t
00012 LYS01A0024_012 f 0.00  0.000     0  0.00  0  0  -9.560   0.455   4.183   0.000  -0.505   0.000 01E0D1M000t
00013 LYS01A0024_013 f 0.00  0.000     0  0.00  0  0  -8.238   0.300   1.425  -0.021  -0.457   0.000 01E0D3M000t
00014 LYS01A0024_014 f 0.00  0.000     0  0.00  0  0  -8.992   1.242   4.423  -0.007  -0.566   0.000 01E0DCM000t
00015 LYS01A0024_015 f 0.00  0.000     0  0.00  0  0 -11.650   1.197   3.610  -0.006  -0.546   0.000 01T022M000t
00016 LYS01A0024_016 f 0.00  0.000     0  0.00  0  0  -9.893   1.278   6.757  -0.007  -0.529   0.000 01T044M000t
00017 LYS01A0024_017 f 0.00  0.000     0  0.00  0  0  -9.648   4.995   1.486  -0.007  -0.478   0.000 01T046M000t
00018 LYS01A0024_018 f 0.00  0.000     0  0.00  0  0  -9.126   1.187   4.321  -0.008  -0.518   0.000 01T0C3M000t
00019 LYS01A0024_019 f 0.00  0.000     0  0.00  0  0  -8.011   1.253   4.843  -0.009  -0.497   0.000 01T0E0M000t
00020 LYS+1A0024_020 f 0.00  1.000     0 10.40  0  1 -10.219   0.587   1.486   0.078  -7.304   0.000 +1O000M000t
00021 LYS+1A0024_021 f 0.00  1.000     0 10.40  0  1 -10.493   0.493   1.175   0.032  -7.338   0.000 +1E00AM000t
00022 LYS+1A0024_022 f 0.00  1.000     0 10.40  0  1 -11.560   1.204   3.625   0.029  -7.330   0.000 +1E022M000t
00023 LYS+1A0024_023 f 0.00  1.000     0 10.40  0  1  -9.865   1.287   6.795   0.072  -7.264   0.000 +1E044M000t
00024 LYS+1A0024_024 f 0.00  1.000     0 10.40  0  1  -9.398   5.151   1.501   0.015  -7.179   0.000 +1E045M000t
00025 LYS+1A0024_025 f 0.00  1.000     0 10.40  0  1  -9.749   5.040   1.488   0.061  -7.188   0.000 +1E046M000t
00026 LYS+1A0024_026 f 0.00  1.000     0 10.40  0  1 -10.217   1.029   6.629   0.018  -7.220   0.000 +1E0B4M000t
00027 LYS+1A0024_027 f 0.00  1.000     0 10.40  0  1  -9.071   1.239   4.422   0.037  -7.290   0.000 +1E0DCM000t
00028 LYS+1A0024_028 f 0.00  1.000     0 10.40  0  1  -7.969   1.243   4.854   0.053  -7.218   0.000 +1E0E0M000t
00029 LYS+1A0024_029 f 0.00  1.000     0 10.40  0  1 -10.221   1.315   4.101   0.067  -7.306   0.000 +1T001M000t
00030 LYS+1A0024_030 f 0.00  1.000     0 10.40  0  1 -10.732   4.071   3.636  -0.003  -7.301   0.000 +1T035M000t
00031 LYS+1A0024_031 f 0.00  1.000     0 10.40  0  1  -9.073   0.446   1.205   0.077  -7.244   0.000 +1T060M000t
00032 LYS+1A0024_032 f 0.00  1.000     0 10.40  0  1 -10.520   1.919   4.208   0.126  -7.155   0.000 +1T074M000t
00033 LYS+1A0024_033 f 0.00  1.000     0 10.40  0  1 -11.111   1.627   6.889   0.131  -7.085   0.000 +1T07EM000t
00034 LYS+1A0024_034 f 0.00  1.000     0 10.40  0  1  -8.176   0.282   1.731   0.017  -7.220   0.000 +1T08BM000t
00035 LYS+1A0024_035 f 0.00  1.000     0 10.40  0  1  -8.206   0.089   1.431   0.078  -7.056   0.000 +1T094M000t
00036 LYS+1A0024_036 f 0.00  1.000     0 10.40  0  1  -9.193   1.184   4.319   0.015  -7.248   0.000 +1T0C3M000t
00037 LYS+1A0024_037 f 0.00  1.000     0 10.40  0  1  -8.465   0.667   4.566   0.025  -7.316   0.000 +1T0C4M000t
00038 LYS+1A0024_038 f 0.00  1.000     0 10.40  0  1  -9.620   0.455   4.187   0.013  -7.286   0.000 +1T0D1M000t
00039 LYS+1A0024_039 f 0.00  1.000     0 10.40  0  1  -8.292   0.287   1.424  -0.042  -7.089   0.000 +1T0D3M000t
