   confID        vdw0    sas     sum
LYS01A0024_001   2.290 -12.466 -10.176
LYS01A0024_002   2.162 -12.376 -10.214
LYS01A0024_003   1.288 -11.941 -10.653
LYS01A0024_004   3.014 -12.351  -9.338
LYS01A0024_005   3.176 -12.219  -9.043
LYS01A0024_006   1.754 -12.226 -10.471
LYS01A0024_007   1.704 -12.702 -10.998
LYS01A0024_008   3.878 -12.004  -8.126
LYS01A0024_009   3.703 -11.805  -8.102
LYS01A0024_010   1.977 -12.132 -10.156
LYS01A0024_011   4.036 -12.517  -8.482
LYS01A0024_012   2.793 -12.353  -9.560
LYS01A0024_013   3.715 -11.953  -8.238
LYS01A0024_014   3.633 -12.624  -8.992
LYS01A0024_015   1.289 -12.939 -11.650
LYS01A0024_016   2.715 -12.608  -9.893
LYS01A0024_017   2.716 -12.364  -9.648
LYS01A0024_018   3.685 -12.811  -9.126
LYS01A0024_019   4.359 -12.371  -8.011
LYS+1A0024_020   2.247 -12.466 -10.219
LYS+1A0024_021   2.233 -12.726 -10.493
LYS+1A0024_022   1.260 -12.820 -11.560
LYS+1A0024_023   2.688 -12.553  -9.865
LYS+1A0024_024   2.953 -12.351  -9.398
LYS+1A0024_025   2.615 -12.364  -9.749
LYS+1A0024_026   1.915 -12.132 -10.217
LYS+1A0024_027   3.643 -12.714  -9.071
LYS+1A0024_028   4.350 -12.319  -7.969
LYS+1A0024_029   2.155 -12.376 -10.221
LYS+1A0024_030   1.260 -11.993 -10.732
LYS+1A0024_031   3.146 -12.219  -9.073
LYS+1A0024_032   1.706 -12.226 -10.520
LYS+1A0024_033   1.656 -12.767 -11.111
LYS+1A0024_034   3.828 -12.004  -8.176
LYS+1A0024_035   3.599 -11.805  -8.206
LYS+1A0024_036   3.670 -12.862  -9.193
LYS+1A0024_037   4.001 -12.466  -8.465
LYS+1A0024_038   2.772 -12.392  -9.620
LYS+1A0024_039   3.610 -11.901  -8.292
