iConf CONFORMER     FL  occ    crg   Em0  pKa0 ne nH    vdw0    vdw1    tors    epol   dsolv   extra    history
00001 TYR01A0113_001 f 0.00  0.000     0  0.00  0  0  -9.793   0.598   0.066   0.033  -0.758   0.000 01O000M000t
00002 TYR01A0113_002 f 0.00  0.000     0  0.00  0  0  -9.877   3.655   2.721   0.049  -0.820   0.000 01E00DM000t
00003 TYR01A0113_003 f 0.00  0.000     0  0.00  0  0  -9.793   0.598   0.066   0.033  -0.750   0.000 01O000M000t
00004 TYR01A0113_004 f 0.00  0.000     0  0.00  0  0 -10.555   5.092   2.727   0.030  -0.765   0.000 01E007M000t
00005 TYR01A0113_005 f 0.00  0.000     0  0.00  0  0 -10.271   6.719   0.028   0.049  -0.743   0.000 01T006M000t
00006 TYR01A0113_006 f 0.00  0.000     0  0.00  0  0  -9.869   4.624   0.051   0.151  -0.728   0.000 01T009M000t
00007 TYR01A0113_007 f 0.00  0.000     0  0.00  0  0  -9.404   2.348   2.729   0.026  -0.767   0.000 01T00CM000t
00008 TYR01A0113_008 f 0.00  0.000     0  0.00  0  0 -10.428   5.148   2.728   0.041  -0.797   0.000 01T001M000t
00009 TYR01A0113_009 f 0.00  0.000     0  0.00  0  0  -9.853   2.202   0.058   0.083  -0.755   0.000 01T002M000t
00010 TYR01A0113_010 f 0.00  0.000     0  0.00  0  0  -8.996   2.363   2.729   0.025  -0.766   0.000 01T003M000t
00011 TYR01A0113_011 f 0.00  0.000     0  0.00  0  0  -9.906   2.110   0.059   0.072  -0.758   0.000 01T008M000t
00012 TYR01A0113_012 f 0.00  0.000     0  0.00  0  0 -10.034   4.554   0.052   0.155  -0.766   0.000 01T00AM000t
00013 TYR01A0113_013 f 0.00  0.000     0  0.00  0  0 -10.174   3.691   2.721   0.050  -0.818   0.000 01T00BM000t
00014 TYR01A0113_014 f 0.00  0.000     0  0.00  0  0 -10.669   7.797   0.023   0.051  -0.727   0.000 01T004M000t
00015 TYR01A0113_015 f 0.00  0.000     0  0.00  0  0  -9.876   0.572   0.061   0.035  -0.841   0.000 01T005M000t
00016 TYR-1A0113_016 f 0.00 -1.000     0 10.20  0 -1  -9.793   0.598   0.066  -0.057  -5.803   0.000 -1O000M000t
00017 TYR-1A0113_017 f 0.00 -1.000     0 10.20  0 -1 -10.426   5.129   2.726  -0.055  -5.836   0.000 -1E001M000t
00018 TYR-1A0113_018 f 0.00 -1.000     0 10.20  0 -1 -10.598   7.766   0.022  -0.043  -5.827   0.000 -1E004M000t
00019 TYR-1A0113_019 f 0.00 -1.000     0 10.20  0 -1  -9.746   0.570   0.060  -0.051  -5.809   0.000 -1E005M000t
00020 TYR-1A0113_020 f 0.00 -1.000     0 10.20  0 -1 -10.550   5.087   2.726  -0.054  -5.807   0.000 -1E007M000t
00021 TYR-1A0113_021 f 0.00 -1.000     0 10.20  0 -1  -9.854   2.151   0.058   0.115  -5.773   0.000 -1E008M000t
00022 TYR-1A0113_022 f 0.00 -1.000     0 10.20  0 -1  -9.794   4.642   0.048   0.259  -5.731   0.000 -1E009M000t
00023 TYR-1A0113_023 f 0.00 -1.000     0 10.20  0 -1 -10.102   3.748   2.719  -0.003  -5.828   0.000 -1E00BM000t
00024 TYR-1A0113_024 f 0.00 -1.000     0 10.20  0 -1  -9.875   3.630   2.717  -0.004  -5.833   0.000 -1E00DM000t
00025 TYR-1A0113_025 f 0.00 -1.000     0 10.20  0 -1  -9.845   2.186   0.058   0.119  -5.827   0.000 -1T002M000t
00026 TYR-1A0113_026 f 0.00 -1.000     0 10.20  0 -1  -9.017   2.357   2.728  -0.022  -5.846   0.000 -1T003M000t
00027 TYR-1A0113_027 f 0.00 -1.000     0 10.20  0 -1 -10.274   6.707   0.025  -0.041  -5.843   0.000 -1T006M000t
00028 TYR-1A0113_028 f 0.00 -1.000     0 10.20  0 -1 -10.030   4.501   0.048   0.261  -5.699   0.000 -1T00AM000t
00029 TYR-1A0113_029 f 0.00 -1.000     0 10.20  0 -1  -9.329   2.342   2.727  -0.022  -5.825   0.000 -1T00CM000t
