CONFORMER         crg  vdw0  vdw1  tors  epol  self   occ  Hb     history    ASA
TYR01A0113_001  0.000 -9.79  0.60  0.07  0.00 -9.13 0.533  00  01O000M000  1.000
TYR01A0113_002  0.000 -9.87  3.66  2.72  0.00 -3.50 0.535  00  01E00DM000  1.000
TYR01A0113_003  0.000 -9.79  0.60  0.07  0.00 -9.13 0.533  00  01O000M000  1.000
TYR01A0113_004  0.000-10.55  5.10  2.73  0.00 -2.73 0.535  00  01E007M000  1.000
TYR01A0113_005  0.000-10.27  6.72  0.03  0.00 -3.53 0.537  00  01T006M000  1.000
TYR01A0113_006  0.000 -9.87  4.61  0.05  0.00 -5.21 0.537  00  01T009M000  1.000
TYR01A0113_007  0.000 -9.33  2.34  2.73  0.00 -4.26 0.538  00  01T00CM000  1.000
TYR01A0113_008  0.000-10.42  5.14  2.73  0.00 -2.55 0.535  00  01T001M000  1.000
TYR01A0113_009  0.000 -9.85  2.20  0.06  0.00 -7.59 0.533  00  01T002M000  1.000
TYR01A0113_010  0.000 -9.01  2.36  2.73  0.00 -3.92 0.533  00  01T003M000  1.000
TYR01A0113_011  0.000 -9.91  2.11  0.06  0.00 -7.74 0.537  00  01T008M000  1.000
TYR01A0113_012  0.000-10.03  4.55  0.05  0.00 -5.43 0.539  00  01T00AM000  1.000
TYR01A0113_013  0.000-10.17  3.69  2.72  0.00 -3.76 0.535  00  01T00BM000  1.000
TYR01A0113_014  0.000-10.67  7.79  0.02  0.00 -2.85 0.535  00  01T004M000  1.000
TYR01A0113_015  0.000 -9.88  0.57  0.06  0.00 -9.24 0.537  00  01T005M000  1.000
TYR-1A0113_016 -1.000 -9.79  0.60  0.07  0.00 -9.13 0.533  00  -1O000M000  1.000
TYR-1A0113_017 -1.000-10.43  5.14  2.73  0.00 -2.56 0.535  00  -1E001M000  1.000
TYR-1A0113_018 -1.000-10.60  7.77  0.02  0.00 -2.80 0.535  00  -1E004M000  1.000
TYR-1A0113_019 -1.000 -9.74  0.57  0.06  0.00 -9.11 0.537  00  -1E005M000  1.000
TYR-1A0113_020 -1.000-10.55  5.09  2.73  0.00 -2.74 0.535  00  -1E007M000  1.000
TYR-1A0113_021 -1.000 -9.91  2.15  0.06  0.00 -7.70 0.537  00  -1E008M000  1.000
TYR-1A0113_022 -1.000 -9.80  4.64  0.05  0.00 -5.11 0.537  00  -1E009M000  1.000
TYR-1A0113_023 -1.000-10.10  3.74  2.72  0.00 -3.64 0.535  00  -1E00BM000  1.000
TYR-1A0113_024 -1.000 -9.87  3.63  2.72  0.00 -3.52 0.535  00  -1E00DM000  1.000
TYR-1A0113_025 -1.000 -9.84  2.19  0.06  0.00 -7.60 0.533  00  -1T002M000  1.000
TYR-1A0113_026 -1.000 -9.01  2.36  2.73  0.00 -3.92 0.533  00  -1T003M000  1.000
TYR-1A0113_027 -1.000-10.27  6.69  0.03  0.00 -3.56 0.537  00  -1T006M000  1.000
TYR-1A0113_028 -1.000-10.03  4.50  0.05  0.00 -5.49 0.539  00  -1T00AM000  1.000
TYR-1A0113_029 -1.000 -9.33  2.34  2.73  0.00 -4.26 0.538  00  -1T00CM000  1.000
