   confID        vdw0    sas     sum
TYR01A0113_001   4.387 -14.180  -9.793
TYR01A0113_002   4.333 -14.210  -9.877
TYR01A0113_003   4.387 -14.180  -9.793
TYR01A0113_004   4.430 -14.985 -10.555
TYR01A0113_005   4.048 -14.319 -10.271
TYR01A0113_006   4.284 -14.153  -9.869
TYR01A0113_007   4.412 -13.816  -9.404
TYR01A0113_008   4.398 -14.826 -10.428
TYR01A0113_009   4.402 -14.256  -9.853
TYR01A0113_010   4.395 -13.391  -8.996
TYR01A0113_011   4.444 -14.349  -9.906
TYR01A0113_012   4.321 -14.355 -10.034
TYR01A0113_013   4.299 -14.473 -10.174
TYR01A0113_014   4.032 -14.701 -10.669
TYR01A0113_015   4.422 -14.297  -9.876
TYR-1A0113_016   4.387 -14.180  -9.793
TYR-1A0113_017   4.399 -14.826 -10.426
TYR-1A0113_018   4.036 -14.634 -10.598
TYR-1A0113_019   4.416 -14.162  -9.746
TYR-1A0113_020   4.436 -14.985 -10.550
TYR-1A0113_021   4.445 -14.299  -9.854
TYR-1A0113_022   4.294 -14.088  -9.794
TYR-1A0113_023   4.303 -14.406 -10.102
TYR-1A0113_024   4.335 -14.210  -9.875
TYR-1A0113_025   4.410 -14.256  -9.845
TYR-1A0113_026   4.375 -13.391  -9.017
TYR-1A0113_027   4.045 -14.319 -10.274
TYR-1A0113_028   4.325 -14.355 -10.030
TYR-1A0113_029   4.419 -13.748  -9.329
