iConf CONFORMER     FL  occ    crg   Em0  pKa0 ne nH    vdw0    vdw1    tors    epol   dsolv   extra    history
00001 TYR01A0115_001 f 0.00  0.000     0  0.00  0  0 -10.933  -0.577   0.052   0.166  -1.758   0.000 01O000M000t
00002 TYR01A0115_002 f 0.00  0.000     0  0.00  0  0 -11.158   1.169   2.744   0.196  -1.698   0.000 01E00BM000t
00003 TYR01A0115_003 f 0.00  0.000     0  0.00  0  0 -10.998   1.438   2.745   0.106  -1.781   0.000 01E00DM000t
00004 TYR01A0115_004 f 0.00  0.000     0  0.00  0  0 -10.185   0.188   0.046   0.083  -1.822   0.000 01E00FM000t
00005 TYR01A0115_005 f 0.00  0.000     0  0.00  0  0 -11.449   0.941   2.739   0.155  -1.834   0.000 01E012M000t
00006 TYR01A0115_006 f 0.00  0.000     0  0.00  0  0 -10.179   0.011   0.047   0.079  -1.840   0.000 01E004M000t
00007 TYR01A0115_007 f 0.00  0.000     0  0.00  0  0 -10.780  -0.238   0.047   0.255  -1.731   0.000 01E00CM000t
00008 TYR01A0115_008 f 0.00  0.000     0  0.00  0  0 -10.614   1.085   2.744   0.219  -1.707   0.000 01T001M000t
00009 TYR01A0115_009 f 0.00  0.000     0  0.00  0  0 -10.569   1.292   2.744   0.092  -1.686   0.000 01T003M000t
00010 TYR01A0115_010 f 0.00  0.000     0  0.00  0  0 -11.472   1.311   0.028   0.192  -1.735   0.000 01T006M000t
00011 TYR01A0115_011 f 0.00  0.000     0  0.00  0  0 -10.669  -0.431   0.047   0.247  -1.722   0.000 01T002M000t
00012 TYR01A0115_012 f 0.00  0.000     0  0.00  0  0 -10.752   2.533   0.060   0.255  -1.699   0.000 01T007M000t
00013 TYR01A0115_013 f 0.00  0.000     0  0.00  0  0 -11.034  -0.250   0.046   0.085  -1.907   0.000 01T00EM000t
00014 TYR01A0115_014 f 0.00  0.000     0  0.00  0  0 -10.474  -0.561   0.049   0.172  -1.803   0.000 01T008M000t
00015 TYR01A0115_015 f 0.00  0.000     0  0.00  0  0 -11.371   1.932   0.021   0.194  -1.797   0.000 01T009M000t
00016 TYR01A0115_016 f 0.00  0.000     0  0.00  0  0 -11.139   3.323   0.060   0.276  -1.896   0.000 01T00AM000t
00017 TYR01A0115_017 f 0.00  0.000     0  0.00  0  0 -10.967  -0.141   0.047   0.093  -1.791   0.000 01T010M000t
00018 TYR01A0115_018 f 0.00  0.000     0  0.00  0  0 -11.830   4.512   2.730   0.169  -1.717   0.000 01T011M000t
00019 TYR01A0115_019 f 0.00  0.000     0  0.00  0  0 -10.867   0.479   2.744   0.162  -1.733   0.000 01T013M000t
00020 TYR01A0115_020 f 0.00  0.000     0  0.00  0  0 -11.315   1.035   2.739   0.157  -1.824   0.000 01T014M000t
00021 TYR-1A0115_021 f 0.00 -1.000     0 10.20  0 -1 -10.933  -0.577   0.052   0.057 -12.816   0.000 -1O000M000t
00022 TYR-1A0115_022 f 0.00 -1.000     0 10.20  0 -1 -10.540   1.307   2.744   0.009 -12.773   0.000 -1E003M000t
00023 TYR-1A0115_023 f 0.00 -1.000     0 10.20  0 -1 -10.190   0.011   0.046  -0.152 -12.945   0.000 -1E004M000t
00024 TYR-1A0115_024 f 0.00 -1.000     0 10.20  0 -1 -11.588   1.300   0.027   0.078 -12.930   0.000 -1E006M000t
00025 TYR-1A0115_025 f 0.00 -1.000     0 10.20  0 -1 -11.397   1.930   0.020   0.067 -12.916   0.000 -1E009M000t
00026 TYR-1A0115_026 f 0.00 -1.000     0 10.20  0 -1 -11.165   1.169   2.742   0.141 -12.765   0.000 -1E00BM000t
00027 TYR-1A0115_027 f 0.00 -1.000     0 10.20  0 -1 -10.711  -0.247   0.045   0.276 -12.794   0.000 -1E00CM000t
00028 TYR-1A0115_028 f 0.00 -1.000     0 10.20  0 -1 -11.077  -0.249   0.045  -0.148 -12.780   0.000 -1E00EM000t
00029 TYR-1A0115_029 f 0.00 -1.000     0 10.20  0 -1 -10.193   0.180   0.045  -0.155 -12.984   0.000 -1E00FM000t
00030 TYR-1A0115_030 f 0.00 -1.000     0 10.20  0 -1 -11.445   0.935   2.737  -0.003 -12.992   0.000 -1E012M000t
00031 TYR-1A0115_031 f 0.00 -1.000     0 10.20  0 -1 -11.313   1.056   2.737  -0.004 -13.076   0.000 -1E014M000t
00032 TYR-1A0115_032 f 0.00 -1.000     0 10.20  0 -1 -10.610   1.087   2.742   0.143 -12.813   0.000 -1T001M000t
00033 TYR-1A0115_033 f 0.00 -1.000     0 10.20  0 -1 -10.663  -0.435   0.046   0.276 -12.776   0.000 -1T002M000t
00034 TYR-1A0115_034 f 0.00 -1.000     0 10.20  0 -1 -10.746   2.496   0.062   0.124 -12.918   0.000 -1T007M000t
00035 TYR-1A0115_035 f 0.00 -1.000     0 10.20  0 -1 -10.478  -0.563   0.048   0.052 -12.962   0.000 -1T008M000t
00036 TYR-1A0115_036 f 0.00 -1.000     0 10.20  0 -1 -11.267   3.289   0.062   0.123 -12.877   0.000 -1T00AM000t
00037 TYR-1A0115_037 f 0.00 -1.000     0 10.20  0 -1 -10.861   1.412   2.745  -0.001 -12.694   0.000 -1T00DM000t
00038 TYR-1A0115_038 f 0.00 -1.000     0 10.20  0 -1 -10.976  -0.137   0.046  -0.144 -12.854   0.000 -1T010M000t
00039 TYR-1A0115_039 f 0.00 -1.000     0 10.20  0 -1 -11.704   4.501   2.728   0.013 -12.931   0.000 -1T011M000t
00040 TYR-1A0115_040 f 0.00 -1.000     0 10.20  0 -1 -10.921   0.474   2.742   0.003 -12.891   0.000 -1T013M000t
