CONFORMER         crg  vdw0  vdw1  tors  epol  self   occ  Hb     history    ASA
TYR01A0115_001  0.000-10.93 -0.58  0.05  0.00-11.46 0.524  00  01O000M000  1.000
TYR01A0115_002  0.000-11.16  1.17  2.74  0.00 -7.25 0.524  00  01E00BM000  1.000
TYR01A0115_003  0.000-11.06  1.44  2.74  0.00 -6.88 0.520  00  01E00DM000  1.000
TYR01A0115_004  0.000-10.19  0.19  0.05  0.00 -9.95 0.523  00  01E00FM000  1.000
TYR01A0115_005  0.000-11.45  0.94  2.74  0.00 -7.77 0.525  00  01E012M000  1.000
TYR01A0115_006  0.000-10.18  0.01  0.05  0.00-10.12 0.525  00  01E004M000  1.000
TYR01A0115_007  0.000-10.77 -0.24  0.05  0.00-10.96 0.522  00  01E00CM000  1.000
TYR01A0115_008  0.000-10.61  1.09  2.74  0.00 -6.78 0.527  00  01T001M000  1.000
TYR01A0115_009  0.000-10.64  1.30  2.74  0.00 -6.60 0.522  00  01T003M000  1.000
TYR01A0115_010  0.000-11.47  1.31  0.03  0.00-10.13 0.522  00  01T006M000  1.000
TYR01A0115_011  0.000-10.73 -0.43  0.05  0.00-11.12 0.524  00  01T002M000  1.000
TYR01A0115_012  0.000-10.75  2.53  0.06  0.00 -8.16 0.523  00  01T007M000  1.000
TYR01A0115_013  0.000-11.03 -0.25  0.05  0.00-11.24 0.525  00  01T00EM000  1.000
TYR01A0115_014  0.000-10.48 -0.56  0.05  0.00-10.99 0.522  00  01T008M000  1.000
TYR01A0115_015  0.000-11.37  1.93  0.02  0.00 -9.42 0.527  00  01T009M000  1.000
TYR01A0115_016  0.000-11.27  3.32  0.06  0.00 -7.88 0.523  00  01T00AM000  1.000
TYR01A0115_017  0.000-10.97 -0.14  0.05  0.00-11.07 0.525  00  01T010M000  1.000
TYR01A0115_018  0.000-11.83  4.51  2.73  0.00 -4.59 0.527  00  01T011M000  1.000
TYR01A0115_019  0.000-10.94  0.48  2.74  0.00 -7.72 0.525  00  01T013M000  1.000
TYR01A0115_020  0.000-11.32  1.04  2.74  0.00 -7.54 0.524  00  01T014M000  1.000
TYR-1A0115_021 -1.000-10.93 -0.58  0.05  0.00-11.46 0.524  00  -1O000M000  1.000
TYR-1A0115_022 -1.000-10.54  1.31  2.74  0.00 -6.49 0.522  00  -1E003M000  1.000
TYR-1A0115_023 -1.000-10.18  0.01  0.05  0.00-10.12 0.525  00  -1E004M000  1.000
TYR-1A0115_024 -1.000-11.59  1.30  0.03  0.00-10.26 0.522  00  -1E006M000  1.000
TYR-1A0115_025 -1.000-11.41  1.93  0.02  0.00 -9.46 0.527  00  -1E009M000  1.000
TYR-1A0115_026 -1.000-11.16  1.17  2.74  0.00 -7.25 0.524  00  -1E00BM000  1.000
TYR-1A0115_027 -1.000-10.70 -0.25  0.05  0.00-10.90 0.522  00  -1E00CM000  1.000
TYR-1A0115_028 -1.000-11.08 -0.25  0.05  0.00-11.29 0.525  00  -1E00EM000  1.000
TYR-1A0115_029 -1.000-10.19  0.18  0.04  0.00 -9.96 0.523  00  -1E00FM000  1.000
TYR-1A0115_030 -1.000-11.45  0.94  2.74  0.00 -7.77 0.525  00  -1E012M000  1.000
TYR-1A0115_031 -1.000-11.32  1.05  2.74  0.00 -7.53 0.524  00  -1E014M000  1.000
TYR-1A0115_032 -1.000-10.61  1.09  2.74  0.00 -6.78 0.527  00  -1T001M000  1.000
TYR-1A0115_033 -1.000-10.72 -0.44  0.05  0.00-11.11 0.524  00  -1T002M000  1.000
TYR-1A0115_034 -1.000-10.75  2.50  0.06  0.00 -8.20 0.523  00  -1T007M000  1.000
TYR-1A0115_035 -1.000-10.48 -0.56  0.05  0.00-10.99 0.522  00  -1T008M000  1.000
TYR-1A0115_036 -1.000-11.21  3.29  0.06  0.00 -7.85 0.523  00  -1T00AM000  1.000
TYR-1A0115_037 -1.000-10.81  1.42  2.74  0.00 -6.64 0.520  00  -1T00DM000  1.000
TYR-1A0115_038 -1.000-10.97 -0.14  0.05  0.00-11.06 0.525  00  -1T010M000  1.000
TYR-1A0115_039 -1.000-11.70  4.49  2.73  0.00 -4.48 0.527  00  -1T011M000  1.000
TYR-1A0115_040 -1.000-10.93  0.48  2.74  0.00 -7.71 0.525  00  -1T013M000  1.000
