   confID        vdw0    sas     sum
TYR01A0115_001   3.825 -14.758 -10.933
TYR01A0115_002   3.751 -14.909 -11.158
TYR01A0115_003   3.755 -14.753 -10.998
TYR01A0115_004   3.759 -13.944 -10.185
TYR01A0115_005   3.764 -15.213 -11.449
TYR01A0115_006   3.833 -14.012 -10.179
TYR01A0115_007   3.746 -14.526 -10.780
TYR01A0115_008   3.824 -14.439 -10.614
TYR01A0115_009   3.836 -14.404 -10.569
TYR01A0115_010   3.484 -14.956 -11.472
TYR01A0115_011   3.833 -14.502 -10.669
TYR01A0115_012   3.779 -14.532 -10.752
TYR01A0115_013   3.760 -14.794 -11.034
TYR01A0115_014   3.744 -14.218 -10.474
TYR01A0115_015   3.440 -14.812 -11.371
TYR01A0115_016   3.680 -14.818 -11.139
TYR01A0115_017   3.664 -14.630 -10.967
TYR01A0115_018   3.493 -15.323 -11.830
TYR01A0115_019   3.745 -14.612 -10.867
TYR01A0115_020   3.662 -14.977 -11.315
TYR-1A0115_021   3.825 -14.758 -10.933
TYR-1A0115_022   3.831 -14.371 -10.540
TYR-1A0115_023   3.822 -14.012 -10.190
TYR-1A0115_024   3.486 -15.074 -11.588
TYR-1A0115_025   3.448 -14.845 -11.397
TYR-1A0115_026   3.744 -14.909 -11.165
TYR-1A0115_027   3.748 -14.459 -10.711
TYR-1A0115_028   3.767 -14.844 -11.077
TYR-1A0115_029   3.751 -13.944 -10.193
TYR-1A0115_030   3.767 -15.213 -11.445
TYR-1A0115_031   3.663 -14.977 -11.313
TYR-1A0115_032   3.829 -14.439 -10.610
TYR-1A0115_033   3.839 -14.502 -10.663
TYR-1A0115_034   3.786 -14.532 -10.746
TYR-1A0115_035   3.739 -14.218 -10.478
TYR-1A0115_036   3.680 -14.946 -11.267
TYR-1A0115_037   3.773 -14.634 -10.861
TYR-1A0115_038   3.655 -14.630 -10.976
TYR-1A0115_039   3.492 -15.195 -11.704
TYR-1A0115_040   3.742 -14.662 -10.921
