iConf CONFORMER     FL  occ    crg   Em0  pKa0 ne nH    vdw0    vdw1    tors    epol   dsolv   extra    history
00001 LYS01A0127_001 f 0.00  0.000     0  0.00  0  0 -11.562   0.486   1.021  -0.007  -0.918   0.000 01O000M000t
00002 LYS01A0127_002 f 0.00  0.000     0  0.00  0  0 -11.085   0.056   0.968  -0.015  -0.903   0.000 01E01AM000t
00003 LYS01A0127_003 f 0.00  0.000     0  0.00  0  0 -11.185   0.694   1.459  -0.007  -0.880   0.000 01E03AM000t
00004 LYS01A0127_004 f 0.00  0.000     0  0.00  0  0 -12.009   0.927   3.500  -0.005  -0.869   0.000 01E060M000t
00005 LYS01A0127_005 f 0.00  0.000     0  0.00  0  0 -11.245   0.966   1.542  -0.009  -0.881   0.000 01E077M000t
00006 LYS01A0127_006 f 0.00  0.000     0  0.00  0  0  -7.560  -0.161   1.821  -0.033  -0.820   0.000 01E0B4M000t
00007 LYS01A0127_007 f 0.00  0.000     0  0.00  0  0  -9.573   0.231   1.509  -0.019  -0.923   0.000 01E0B8M000t
00008 LYS01A0127_008 f 0.00  0.000     0  0.00  0  0 -10.155   1.666   4.658  -0.010  -0.943   0.000 01E0E4M000t
00009 LYS01A0127_009 f 0.00  0.000     0  0.00  0  0 -11.877   1.595   6.471  -0.040  -0.870   0.000 01E10DM000t
00010 LYS01A0127_010 f 0.00  0.000     0  0.00  0  0 -10.203   0.983   2.084  -0.008  -0.984   0.000 01E136M000t
00011 LYS01A0127_011 f 0.00  0.000     0  0.00  0  0 -11.324   0.621   3.755  -0.018  -0.919   0.000 01E16BM000t
00012 LYS01A0127_012 f 0.00  0.000     0  0.00  0  0 -11.219   0.666   0.872  -0.013  -0.960   0.000 01E171M000t
00013 LYS01A0127_013 f 0.00  0.000     0  0.00  0  0 -11.376   0.964   4.445  -0.012  -0.982   0.000 01E17DM000t
00014 LYS01A0127_014 f 0.00  0.000     0  0.00  0  0  -9.435   1.638   4.667  -0.015  -0.913   0.000 01T01EM000t
00015 LYS01A0127_015 f 0.00  0.000     0  0.00  0  0 -12.127   0.335   1.525  -0.005  -0.940   0.000 01T04FM000t
00016 LYS01A0127_016 f 0.00  0.000     0  0.00  0  0 -11.503   0.916   4.278  -0.007  -0.954   0.000 01T07AM000t
00017 LYS01A0127_017 f 0.00  0.000     0  0.00  0  0 -11.505   0.875   6.442  -0.011  -1.067   0.000 01T0F4M000t
00018 LYS01A0127_018 f 0.00  0.000     0  0.00  0  0 -10.915   1.645   7.074  -0.009  -0.946   0.000 01T102M000t
00019 LYS01A0127_019 f 0.00  0.000     0  0.00  0  0  -9.754   0.640   4.868  -0.025  -0.931   0.000 01T115M000t
00020 LYS01A0127_020 f 0.00  0.000     0  0.00  0  0 -10.539   0.901   1.509  -0.019  -0.962   0.000 01T161M000t
00021 LYS+1A0127_021 f 0.00  1.000     0 10.40  0  1 -11.623   0.484   1.021   0.036 -12.863   0.000 +1O000M000t
00022 LYS+1A0127_022 f 0.00  1.000     0 10.40  0  1  -7.457  -0.205   1.814   0.236 -12.208   0.000 +1E0B4M000t
00023 LYS+1A0127_023 f 0.00  1.000     0 10.40  0  1 -10.210   1.666   4.661   0.065 -12.973   0.000 +1E0E4M000t
00024 LYS+1A0127_024 f 0.00  1.000     0 10.40  0  1 -10.895   1.633   7.077   0.049 -13.061   0.000 +1E102M000t
00025 LYS+1A0127_025 f 0.00  1.000     0 10.40  0  1  -9.753   0.625   4.878   0.130 -12.814   0.000 +1E115M000t
00026 LYS+1A0127_026 f 0.00  1.000     0 10.40  0  1 -10.257   0.984   2.084   0.037 -12.984   0.000 +1E136M000t
00027 LYS+1A0127_027 f 0.00  1.000     0 10.40  0  1 -11.243   0.663   0.869   0.068 -12.945   0.000 +1E171M000t
00028 LYS+1A0127_028 f 0.00  1.000     0 10.40  0  1 -11.153   0.052   0.972   0.069 -12.723   0.000 +1T01AM000t
00029 LYS+1A0127_029 f 0.00  1.000     0 10.40  0  1  -9.480   1.637   4.675   0.050 -12.792   0.000 +1T01EM000t
00030 LYS+1A0127_030 f 0.00  1.000     0 10.40  0  1 -11.183   0.695   1.462   0.082 -12.860   0.000 +1T03AM000t
00031 LYS+1A0127_031 f 0.00  1.000     0 10.40  0  1 -12.120   0.335   1.528   0.023 -12.985   0.000 +1T04FM000t
00032 LYS+1A0127_032 f 0.00  1.000     0 10.40  0  1 -12.093   0.930   3.501   0.044 -12.916   0.000 +1T060M000t
00033 LYS+1A0127_033 f 0.00  1.000     0 10.40  0  1 -11.329   0.964   1.543   0.067 -12.942   0.000 +1T077M000t
00034 LYS+1A0127_034 f 0.00  1.000     0 10.40  0  1 -11.555   0.919   4.281   0.050 -13.073   0.000 +1T07AM000t
00035 LYS+1A0127_035 f 0.00  1.000     0 10.40  0  1  -9.573   0.229   1.508   0.088 -12.742   0.000 +1T0B8M000t
00036 LYS+1A0127_036 f 0.00  1.000     0 10.40  0  1 -11.556   0.872   6.447   0.065 -13.191   0.000 +1T0F4M000t
00037 LYS+1A0127_037 f 0.00  1.000     0 10.40  0  1 -11.777   1.562   6.477  -0.241 -12.628   0.000 +1T10DM000t
00038 LYS+1A0127_038 f 0.00  1.000     0 10.40  0  1 -10.488   0.905   1.510   0.061 -12.955   0.000 +1T161M000t
00039 LYS+1A0127_039 f 0.00  1.000     0 10.40  0  1 -11.392   0.623   3.759   0.068 -12.883   0.000 +1T16BM000t
00040 LYS+1A0127_040 f 0.00  1.000     0 10.40  0  1 -11.424   0.975   4.450   0.067 -12.977   0.000 +1T17DM000t
