CONFORMER         crg  vdw0  vdw1  tors  epol  self   occ  Hb     history    ASA
LYS01A0127_001  0.000-11.56  0.42  1.02  0.00-10.12 0.501  00  01O000M000  1.000
LYS01A0127_002  0.000-11.09 -0.06  0.97  0.00-10.18 0.501  00  01E01AM000  1.000
LYS01A0127_003  0.000-11.19  0.64  1.46  0.00 -9.09 0.501  00  01E03AM000  1.000
LYS01A0127_004  0.000-12.01  0.88  3.50  0.00 -7.63 0.501  00  01E060M000  1.000
LYS01A0127_005  0.000-11.24  0.92  1.54  0.00 -8.78 0.501  00  01E077M000  1.000
LYS01A0127_006  0.000 -7.57 -0.22  1.82  0.00 -5.97 0.501  00  01E0B4M000  1.000
LYS01A0127_007  0.000 -9.58  0.17  1.51  0.00 -7.90 0.501  00  01E0B8M000  1.000
LYS01A0127_008  0.000-10.16  1.67  4.66  0.00 -3.83 0.501  00  01E0E4M000  1.000
LYS01A0127_009  0.000-11.87  1.60  6.47  0.00 -3.81 0.501  00  01E10DM000  1.000
LYS01A0127_010  0.000-10.20  0.93  2.08  0.00 -7.19 0.501  00  01E136M000  1.000
LYS01A0127_011  0.000-11.32  0.57  3.76  0.00 -7.00 0.501  00  01E16BM000  1.000
LYS01A0127_012  0.000-11.22  0.61  0.87  0.00 -9.74 0.501  00  01E171M000  1.000
LYS01A0127_013  0.000-11.38  0.97  4.44  0.00 -5.96 0.501  00  01E17DM000  1.000
LYS01A0127_014  0.000 -9.44  1.64  4.67  0.00 -3.13 0.501  00  01T01EM000  1.000
LYS01A0127_015  0.000-12.13  0.27  1.52  0.00-10.33 0.501  00  01T04FM000  1.000
LYS01A0127_016  0.000-11.50  0.87  4.28  0.00 -6.35 0.502  00  01T07AM000  1.000
LYS01A0127_017  0.000-11.50  0.83  6.44  0.00 -4.24 0.501  00  01T0F4M000  1.000
LYS01A0127_018  0.000-10.91  1.64  7.07  0.00 -2.19 0.501  00  01T102M000  1.000
LYS01A0127_019  0.000 -9.75  0.59  4.87  0.00 -4.29 0.502  00  01T115M000  1.000
LYS01A0127_020  0.000-10.58  0.90  1.51  0.00 -8.17 0.502  00  01T161M000  1.000
LYS+1A0127_021  1.000-11.63  0.42  1.02  0.00-10.19 0.501  00  +1O000M000  1.000
LYS+1A0127_022  1.000 -7.44 -0.27  1.82  0.00 -5.90 0.501  00  +1E0B4M000  1.000
LYS+1A0127_023  1.000-10.21  1.67  4.66  0.00 -3.87 0.501  00  +1E0E4M000  1.000
LYS+1A0127_024  1.000-10.89  1.63  7.08  0.00 -2.18 0.501  00  +1E102M000  1.000
LYS+1A0127_025  1.000 -9.80  0.58  4.88  0.00 -4.34 0.502  00  +1E115M000  1.000
LYS+1A0127_026  1.000-10.25  0.93  2.08  0.00 -7.23 0.501  00  +1E136M000  1.000
LYS+1A0127_027  1.000-11.24  0.61  0.87  0.00 -9.77 0.501  00  +1E171M000  1.000
LYS+1A0127_028  1.000-11.15 -0.07  0.97  0.00-10.25 0.501  00  +1T01AM000  1.000
LYS+1A0127_029  1.000 -9.48  1.64  4.68  0.00 -3.16 0.501  00  +1T01EM000  1.000
LYS+1A0127_030  1.000-11.18  0.64  1.46  0.00 -9.08 0.501  00  +1T03AM000  1.000
LYS+1A0127_031  1.000-12.12  0.27  1.53  0.00-10.32 0.501  00  +1T04FM000  1.000
LYS+1A0127_032  1.000-12.09  0.88  3.50  0.00 -7.72 0.501  00  +1T060M000  1.000
LYS+1A0127_033  1.000-11.33  0.92  1.54  0.00 -8.87 0.501  00  +1T077M000  1.000
LYS+1A0127_034  1.000-11.55  0.87  4.28  0.00 -6.40 0.502  00  +1T07AM000  1.000
LYS+1A0127_035  1.000 -9.57  0.17  1.51  0.00 -7.90 0.501  00  +1T0B8M000  1.000
LYS+1A0127_036  1.000-11.56  0.83  6.45  0.00 -4.29 0.501  00  +1T0F4M000  1.000
LYS+1A0127_037  1.000-11.77  1.57  6.48  0.00 -3.73 0.501  00  +1T10DM000  1.000
LYS+1A0127_038  1.000-10.49  0.91  1.51  0.00 -8.07 0.502  00  +1T161M000  1.000
LYS+1A0127_039  1.000-11.39  0.57  3.76  0.00 -7.06 0.501  00  +1T16BM000  1.000
LYS+1A0127_040  1.000-11.43  0.97  4.45  0.00 -6.00 0.501  00  +1T17DM000  1.000
