   confID        vdw0    sas     sum
LYS01A0127_001   0.963 -12.525 -11.562
LYS01A0127_002   1.041 -12.126 -11.085
LYS01A0127_003   1.469 -12.654 -11.185
LYS01A0127_004   0.687 -12.696 -12.009
LYS01A0127_005   1.174 -12.419 -11.245
LYS01A0127_006   4.690 -12.250  -7.560
LYS01A0127_007   2.235 -11.808  -9.573
LYS01A0127_008   2.485 -12.640 -10.155
LYS01A0127_009   0.808 -12.684 -11.877
LYS01A0127_010   2.524 -12.727 -10.203
LYS01A0127_011   0.891 -12.215 -11.324
LYS01A0127_012   1.003 -12.222 -11.219
LYS01A0127_013   1.309 -12.685 -11.376
LYS01A0127_014   3.010 -12.445  -9.435
LYS01A0127_015   0.752 -12.878 -12.127
LYS01A0127_016   1.169 -12.672 -11.503
LYS01A0127_017   0.878 -12.382 -11.505
LYS01A0127_018   1.323 -12.238 -10.915
LYS01A0127_019   3.090 -12.844  -9.754
LYS01A0127_020   1.915 -12.454 -10.539
LYS+1A0127_021   0.902 -12.525 -11.623
LYS+1A0127_022   4.729 -12.186  -7.457
LYS+1A0127_023   2.430 -12.640 -10.210
LYS+1A0127_024   1.276 -12.170 -10.895
LYS+1A0127_025   3.039 -12.792  -9.753
LYS+1A0127_026   2.470 -12.727 -10.257
LYS+1A0127_027   0.978 -12.222 -11.243
LYS+1A0127_028   0.973 -12.126 -11.153
LYS+1A0127_029   2.965 -12.445  -9.480
LYS+1A0127_030   1.407 -12.590 -11.183
LYS+1A0127_031   0.707 -12.827 -12.120
LYS+1A0127_032   0.603 -12.696 -12.093
LYS+1A0127_033   1.090 -12.419 -11.329
LYS+1A0127_034   1.117 -12.672 -11.555
LYS+1A0127_035   2.145 -11.718  -9.573
LYS+1A0127_036   0.826 -12.382 -11.556
LYS+1A0127_037   0.737 -12.514 -11.777
LYS+1A0127_038   1.915 -12.402 -10.488
LYS+1A0127_039   0.823 -12.215 -11.392
LYS+1A0127_040   1.261 -12.685 -11.424
