iConf CONFORMER     FL  occ    crg   Em0  pKa0 ne nH    vdw0    vdw1    tors    epol   dsolv   extra    history
00001 ARG01A0035_001 f 0.00  0.000     0  0.00  0  0 -13.389   0.125   0.683   0.097  -1.546   0.000 01O000M000t
00002 ARG01A0035_002 f 0.00  0.000     0  0.00  0  0 -12.906   0.288   1.219   0.001  -1.631   0.000 01E00DM000t
00003 ARG01A0035_003 f 0.00  0.000     0  0.00  0  0 -13.404   0.381   0.623   0.062  -1.592   0.000 01E052M000t
00004 ARG01A0035_004 f 0.00  0.000     0  0.00  0  0 -13.596   1.666   3.548   0.042  -1.589   0.000 01E053M000t
00005 ARG01A0035_005 f 0.00  0.000     0  0.00  0  0 -12.723   1.602   4.051   0.010  -1.580   0.000 01E06CM000t
00006 ARG01A0035_006 f 0.00  0.000     0  0.00  0  0 -12.401   0.047   1.223  -0.049  -1.574   0.000 01E0A6M000t
00007 ARG01A0035_007 f 0.00  0.000     0  0.00  0  0 -12.297   0.270   1.208   0.016  -1.633   0.000 01E113M000t
00008 ARG01A0035_008 f 0.00  0.000     0  0.00  0  0 -12.242   1.979   0.574  -0.017  -1.563   0.000 01E140M000t
00009 ARG01A0035_009 f 0.00  0.000     0  0.00  0  0 -13.048   0.173   0.568   0.020  -1.603   0.000 01T004M000t
00010 ARG01A0035_010 f 0.00  0.000     0  0.00  0  0 -13.588   0.135   0.564  -0.003  -1.602   0.000 01T00CM000t
00011 ARG01A0035_011 f 0.00  0.000     0  0.00  0  0 -11.803   2.199   2.738   0.052  -1.516   0.000 01T046M000t
00012 ARG01A0035_012 f 0.00  0.000     0  0.00  0  0 -12.805   1.662   4.089   0.005  -1.600   0.000 01T06BM000t
00013 ARG01A0035_013 f 0.00  0.000     0  0.00  0  0 -12.879   0.175   1.253  -0.001  -1.583   0.000 01T073M000t
00014 ARG01A0035_014 f 0.00  0.000     0  0.00  0  0 -12.845   2.171   1.303   0.037  -1.614   0.000 01T086M000t
00015 ARG01A0035_015 f 0.00  0.000     0  0.00  0  0 -12.444   1.563   1.317   0.038  -1.607   0.000 01T087M000t
00016 ARG01A0035_016 f 0.00  0.000     0  0.00  0  0 -13.641   1.058   3.569   0.066  -1.631   0.000 01T095M000t
00017 ARG01A0035_017 f 0.00  0.000     0  0.00  0  0 -12.835   0.097   0.722  -0.001  -1.630   0.000 01T11CM000t
00018 ARG01A0035_018 f 0.00  0.000     0  0.00  0  0 -12.455   2.834   5.525   0.028  -1.631   0.000 01T124M000t
00019 ARG01A0035_019 f 0.00  0.000     0  0.00  0  0 -10.695   1.847   3.467   0.025  -1.564   0.000 01T154M000t
00020 ARG01A0035_020 f 0.00  0.000     0  0.00  0  0 -12.563   4.660   3.219   0.015  -1.652   0.000 01T15DM000t
00021 ARG02A0035_021 f 0.00  0.000     0  0.00  0  0 -13.405   0.125   0.683   0.098  -1.411   0.000 02O000M000t
00022 ARG02A0035_022 f 0.00  0.000     0  0.00  0  0 -12.908   1.635   3.883   0.017  -1.379   0.000 02E06CM000t
00023 ARG02A0035_023 f 0.00  0.000     0  0.00  0  0 -12.499   0.024   1.221  -0.027  -1.330   0.000 02E0A6M000t
00024 ARG02A0035_024 f 0.00  0.000     0  0.00  0  0 -10.812   1.690   3.452  -0.012  -1.272   0.000 02E154M000t
00025 ARG02A0035_025 f 0.00  0.000     0  0.00  0  0 -12.444   4.600   3.174   0.002  -1.372   0.000 02E15DM000t
00026 ARG02A0035_026 f 0.00  0.000     0  0.00  0  0 -12.557   1.663   3.941   0.023  -1.573   0.000 02E06BM000t
00027 ARG02A0035_027 f 0.00  0.000     0  0.00  0  0 -12.598   2.137   1.184  -0.009  -1.491   0.000 02E086M000t
00028 ARG02A0035_028 f 0.00  0.000     0  0.00  0  0 -12.150   1.967   0.574   0.027  -1.433   0.000 02E140M000t
00029 ARG02A0035_029 f 0.00  0.000     0  0.00  0  0 -12.997   0.170   0.563   0.006  -1.399   0.000 02T004M000t
00030 ARG02A0035_030 f 0.00  0.000     0  0.00  0  0 -13.170   0.994   2.788   0.062  -1.458   0.000 02T095M000t
00031 ARG02A0035_031 f 0.00  0.000     0  0.00  0  0 -13.604   0.133   0.561   0.003  -1.360   0.000 02T00CM000t
00032 ARG02A0035_032 f 0.00  0.000     0  0.00  0  0 -12.969   0.096   0.630  -0.008  -1.399   0.000 02T11CM000t
00033 ARG02A0035_033 f 0.00  0.000     0  0.00  0  0 -12.032   2.760   5.231   0.027  -1.379   0.000 02T124M000t
00034 ARG02A0035_034 f 0.00  0.000     0  0.00  0  0 -13.511   0.328   0.578   0.055  -1.590   0.000 02T052M000t
00035 ARG02A0035_035 f 0.00  0.000     0  0.00  0  0 -13.310   1.438   3.369   0.015  -1.531   0.000 02T053M000t
00036 ARG02A0035_036 f 0.00  0.000     0  0.00  0  0 -12.828   0.175   1.248   0.011  -1.458   0.000 02T073M000t
00037 ARG02A0035_037 f 0.00  0.000     0  0.00  0  0 -12.827   0.289   1.218   0.013  -1.452   0.000 02T00DM000t
00038 ARG02A0035_038 f 0.00  0.000     0  0.00  0  0 -11.728   2.252   2.710   0.008  -1.443   0.000 02T046M000t
00039 ARG02A0035_039 f 0.00  0.000     0  0.00  0  0 -12.844   1.912   1.158   0.008  -1.515   0.000 02T087M000t
00040 ARG02A0035_040 f 0.00  0.000     0  0.00  0  0 -12.255   0.264   1.204   0.013  -1.531   0.000 02T113M000t
00041 ARG03A0035_041 f 0.00  0.000     0  0.00  0  0 -13.413   0.123   0.683   0.091  -1.350   0.000 03O000M000t
00042 ARG03A0035_042 f 0.00  0.000     0  0.00  0  0 -13.408   1.430   3.369   0.043  -1.443   0.000 03E053M000t
00043 ARG03A0035_043 f 0.00  0.000     0  0.00  0  0 -12.413   1.664   3.940   0.025  -1.509   0.000 03E06BM000t
00044 ARG03A0035_044 f 0.00  0.000     0  0.00  0  0 -12.237   1.958   0.572   0.008  -1.352   0.000 03E140M000t
00045 ARG03A0035_045 f 0.00  0.000     0  0.00  0  0 -13.067   0.170   0.566   0.012  -1.398   0.000 03E004M000t
00046 ARG03A0035_046 f 0.00  0.000     0  0.00  0  0 -12.987   1.638   3.871   0.012  -1.477   0.000 03E06CM000t
00047 ARG03A0035_047 f 0.00  0.000     0  0.00  0  0 -13.156   0.975   2.751   0.067  -1.521   0.000 03E095M000t
00048 ARG03A0035_048 f 0.00  0.000     0  0.00  0  0 -12.970   0.092   0.630  -0.002  -1.407   0.000 03E11CM000t
00049 ARG03A0035_049 f 0.00  0.000     0  0.00  0  0 -12.494   4.599   3.164   0.005  -1.405   0.000 03E15DM000t
00050 ARG03A0035_050 f 0.00  0.000     0  0.00  0  0 -12.997   1.916   1.152   0.020  -1.402   0.000 03T087M000t
00051 ARG03A0035_051 f 0.00  0.000     0  0.00  0  0 -12.394   2.761   5.206   0.025  -1.499   0.000 03T124M000t
00052 ARG03A0035_052 f 0.00  0.000     0  0.00  0  0 -13.607   0.326   0.573   0.072  -1.495   0.000 03T052M000t
00053 ARG03A0035_053 f 0.00  0.000     0  0.00  0  0 -12.913   0.173   1.249   0.012  -1.390   0.000 03T073M000t
00054 ARG03A0035_054 f 0.00  0.000     0  0.00  0  0 -12.706   2.121   1.185  -0.003  -1.459   0.000 03T086M000t
00055 ARG03A0035_055 f 0.00  0.000     0  0.00  0  0 -12.452   0.021   1.220  -0.027  -1.416   0.000 03T0A6M000t
00056 ARG03A0035_056 f 0.00  0.000     0  0.00  0  0 -13.544   0.137   0.562  -0.001  -1.415   0.000 03T00CM000t
00057 ARG03A0035_057 f 0.00  0.000     0  0.00  0  0 -12.928   0.291   1.215   0.008  -1.485   0.000 03T00DM000t
00058 ARG03A0035_058 f 0.00  0.000     0  0.00  0  0 -11.846   2.232   2.716   0.047  -1.388   0.000 03T046M000t
00059 ARG03A0035_059 f 0.00  0.000     0  0.00  0  0 -12.398   0.261   1.208   0.024  -1.437   0.000 03T113M000t
00060 ARG03A0035_060 f 0.00  0.000     0  0.00  0  0 -10.724   1.656   3.467   0.029  -1.457   0.000 03T154M000t
00061 ARG+1A0035_061 f 0.00  1.000     0 12.50  0  1 -13.451   0.123   0.683   0.222  -5.999   0.000 +1O000M000t
00062 ARG+1A0035_062 f 0.00  1.000     0 12.50  0  1 -13.593   0.135   0.565   0.049  -6.070   0.000 +1E00CM000t
00063 ARG+1A0035_063 f 0.00  1.000     0 12.50  0  1 -13.622   0.320   0.582   0.197  -6.082   0.000 +1E052M000t
00064 ARG+1A0035_064 f 0.00  1.000     0 12.50  0  1 -13.455   1.425   3.374   0.141  -6.026   0.000 +1E053M000t
00065 ARG+1A0035_065 f 0.00  1.000     0 12.50  0  1 -12.581   1.663   3.947   0.096  -6.099   0.000 +1E06BM000t
00066 ARG+1A0035_066 f 0.00  1.000     0 12.50  0  1 -12.900   1.635   3.885   0.094  -6.047   0.000 +1E06CM000t
00067 ARG+1A0035_067 f 0.00  1.000     0 12.50  0  1 -12.372   0.262   1.210   0.077  -6.023   0.000 +1E113M000t
00068 ARG+1A0035_068 f 0.00  1.000     0 12.50  0  1 -12.144   2.758   5.252   0.004  -6.118   0.000 +1E124M000t
00069 ARG+1A0035_069 f 0.00  1.000     0 12.50  0  1 -12.204   1.960   0.576   0.012  -5.997   0.000 +1E140M000t
00070 ARG+1A0035_070 f 0.00  1.000     0 12.50  0  1 -13.042   0.167   0.569   0.060  -6.040   0.000 +1T004M000t
00071 ARG+1A0035_071 f 0.00  1.000     0 12.50  0  1 -12.965   0.289   1.221   0.077  -6.069   0.000 +1T00DM000t
00072 ARG+1A0035_072 f 0.00  1.000     0 12.50  0  1 -11.881   2.233   2.725   0.006  -5.972   0.000 +1T046M000t
00073 ARG+1A0035_073 f 0.00  1.000     0 12.50  0  1 -12.947   0.174   1.253   0.064  -6.046   0.000 +1T073M000t
00074 ARG+1A0035_074 f 0.00  1.000     0 12.50  0  1 -12.808   2.131   1.191  -0.046  -6.028   0.000 +1T086M000t
00075 ARG+1A0035_075 f 0.00  1.000     0 12.50  0  1 -13.026   1.914   1.160  -0.027  -6.021   0.000 +1T087M000t
00076 ARG+1A0035_076 f 0.00  1.000     0 12.50  0  1 -13.197   0.984   2.803   0.200  -6.038   0.000 +1T095M000t
00077 ARG+1A0035_077 f 0.00  1.000     0 12.50  0  1 -12.545   0.020   1.226   0.143  -5.995   0.000 +1T0A6M000t
00078 ARG+1A0035_078 f 0.00  1.000     0 12.50  0  1 -13.133   0.097   0.637   0.142  -6.075   0.000 +1T11CM000t
00079 ARG+1A0035_079 f 0.00  1.000     0 12.50  0  1 -10.761   1.655   3.469  -0.006  -5.952   0.000 +1T154M000t
00080 ARG+1A0035_080 f 0.00  1.000     0 12.50  0  1 -12.441   4.599   3.176   0.021  -6.035   0.000 +1T15DM000t
