CONFORMER         crg  vdw0  vdw1  tors  epol  self   occ  Hb     history    ASA
ARG01A0035_001  0.000-13.39  0.13  0.68  0.00-12.58 0.501  00  01O000M000  1.000
ARG01A0035_002  0.000-12.90  0.29  1.22  0.00-11.40 0.501  00  01E00DM000  1.000
ARG01A0035_003  0.000-13.41  0.38  0.62  0.00-12.40 0.501  00  01E052M000  1.000
ARG01A0035_004  0.000-13.60  1.67  3.55  0.00 -8.39 0.502  00  01E053M000  1.000
ARG01A0035_005  0.000-12.72  1.60  4.05  0.00 -7.07 0.502  00  01E06CM000  1.000
ARG01A0035_006  0.000-12.40  0.05  1.22  0.00-11.13 0.501  00  01E0A6M000  1.000
ARG01A0035_007  0.000-12.29  0.27  1.21  0.00-10.82 0.501  00  01E113M000  1.000
ARG01A0035_008  0.000-12.24  1.97  0.57  0.00 -9.70 0.501  00  01E140M000  1.000
ARG01A0035_009  0.000-13.05  0.17  0.57  0.00-12.31 0.501  00  01T004M000  1.000
ARG01A0035_010  0.000-13.59  0.14  0.56  0.00-12.89 0.501  00  01T00CM000  1.000
ARG01A0035_011  0.000-11.88  2.20  2.74  0.00 -6.94 0.501  00  01T046M000  1.000
ARG01A0035_012  0.000-12.80  1.67  4.09  0.00 -7.05 0.502  00  01T06BM000  1.000
ARG01A0035_013  0.000-12.88  0.18  1.25  0.00-11.45 0.502  00  01T073M000  1.000
ARG01A0035_014  0.000-12.84  2.17  1.30  0.00 -9.37 0.502  00  01T086M000  1.000
ARG01A0035_015  0.000-12.44  1.56  1.31  0.00 -9.56 0.502  00  01T087M000  1.000
ARG01A0035_016  0.000-13.64  1.06  3.57  0.00 -9.01 0.501  00  01T095M000  1.000
ARG01A0035_017  0.000-12.84  0.10  0.72  0.00-12.02 0.501  00  01T11CM000  1.000
ARG01A0035_018  0.000-12.46  2.84  5.52  0.00 -4.10 0.501  00  01T124M000  1.000
ARG01A0035_019  0.000-10.70  1.85  3.47  0.00 -5.39 0.501  00  01T154M000  1.000
ARG01A0035_020  0.000-12.56  4.65  3.22  0.00 -4.68 0.501  00  01T15DM000  1.000
ARG02A0035_021  0.000-13.41  0.13  0.68  0.00-12.60 0.501  00  02O000M000  1.000
ARG02A0035_022  0.000-12.91  1.64  3.88  0.00 -7.39 0.502  00  02E06CM000  1.000
ARG02A0035_023  0.000-12.50  0.02  1.22  0.00-11.26 0.501  00  02E0A6M000  1.000
ARG02A0035_024  0.000-10.81  1.69  3.45  0.00 -5.67 0.501  00  02E154M000  1.000
ARG02A0035_025  0.000-12.45  4.60  3.17  0.00 -4.68 0.501  00  02E15DM000  1.000
ARG02A0035_026  0.000-12.55  1.67  3.94  0.00 -6.94 0.502  00  02E06BM000  1.000
ARG02A0035_027  0.000-12.60  2.14  1.19  0.00 -9.28 0.502  00  02E086M000  1.000
ARG02A0035_028  0.000-12.15  1.97  0.57  0.00 -9.61 0.501  00  02E140M000  1.000
ARG02A0035_029  0.000-13.00  0.17  0.56  0.00-12.26 0.501  00  02T004M000  1.000
ARG02A0035_030  0.000-13.17  0.99  2.79  0.00 -9.39 0.501  00  02T095M000  1.000
ARG02A0035_031  0.000-13.60  0.14  0.56  0.00-12.90 0.501  00  02T00CM000  1.000
ARG02A0035_032  0.000-12.98  0.10  0.63  0.00-12.25 0.501  00  02T11CM000  1.000
ARG02A0035_033  0.000-12.03  2.76  5.23  0.00 -4.04 0.501  00  02T124M000  1.000
ARG02A0035_034  0.000-13.51  0.33  0.58  0.00-12.60 0.501  00  02T052M000  1.000
ARG02A0035_035  0.000-13.31  1.44  3.37  0.00 -8.50 0.502  00  02T053M000  1.000
ARG02A0035_036  0.000-12.83  0.18  1.25  0.00-11.40 0.502  00  02T073M000  1.000
ARG02A0035_037  0.000-12.83  0.29  1.22  0.00-11.32 0.501  00  02T00DM000  1.000
ARG02A0035_038  0.000-11.73  2.26  2.71  0.00 -6.76 0.501  00  02T046M000  1.000
ARG02A0035_039  0.000-12.85  1.91  1.16  0.00 -9.78 0.502  00  02T087M000  1.000
ARG02A0035_040  0.000-12.25  0.26  1.20  0.00-10.78 0.501  00  02T113M000  1.000
ARG03A0035_041  0.000-13.41  0.12  0.68  0.00-12.61 0.501  00  03O000M000  1.000
ARG03A0035_042  0.000-13.40  1.43  3.37  0.00 -8.60 0.502  00  03E053M000  1.000
ARG03A0035_043  0.000-12.41  1.67  3.94  0.00 -6.81 0.502  00  03E06BM000  1.000
ARG03A0035_044  0.000-12.24  1.95  0.57  0.00 -9.71 0.501  00  03E140M000  1.000
ARG03A0035_045  0.000-13.07  0.17  0.57  0.00-12.33 0.501  00  03E004M000  1.000
ARG03A0035_046  0.000-13.04  1.64  3.87  0.00 -7.53 0.502  00  03E06CM000  1.000
ARG03A0035_047  0.000-13.15  0.98  2.75  0.00 -9.43 0.501  00  03E095M000  1.000
ARG03A0035_048  0.000-12.97  0.09  0.63  0.00-12.25 0.501  00  03E11CM000  1.000
ARG03A0035_049  0.000-12.49  4.60  3.16  0.00 -4.73 0.501  00  03E15DM000  1.000
ARG03A0035_050  0.000-13.00  1.92  1.15  0.00 -9.93 0.502  00  03T087M000  1.000
ARG03A0035_051  0.000-12.39  2.76  5.21  0.00 -4.42 0.501  00  03T124M000  1.000
ARG03A0035_052  0.000-13.61  0.33  0.57  0.00-12.71 0.501  00  03T052M000  1.000
ARG03A0035_053  0.000-12.91  0.17  1.25  0.00-11.49 0.502  00  03T073M000  1.000
ARG03A0035_054  0.000-12.71  2.12  1.19  0.00 -9.41 0.502  00  03T086M000  1.000
ARG03A0035_055  0.000-12.50  0.02  1.22  0.00-11.26 0.501  00  03T0A6M000  1.000
ARG03A0035_056  0.000-13.54  0.14  0.56  0.00-12.84 0.501  00  03T00CM000  1.000
ARG03A0035_057  0.000-12.93  0.29  1.22  0.00-11.42 0.501  00  03T00DM000  1.000
ARG03A0035_058  0.000-11.84  2.23  2.72  0.00 -6.90 0.501  00  03T046M000  1.000
ARG03A0035_059  0.000-12.39  0.26  1.21  0.00-10.93 0.501  00  03T113M000  1.000
ARG03A0035_060  0.000-10.72  1.66  3.47  0.00 -5.59 0.501  00  03T154M000  1.000
ARG+1A0035_061  1.000-13.45  0.12  0.68  0.00-12.65 0.501  00  +1O000M000  1.000
ARG+1A0035_062  1.000-13.60  0.14  0.57  0.00-12.89 0.501  00  +1E00CM000  1.000
ARG+1A0035_063  1.000-13.69  0.32  0.58  0.00-12.79 0.501  00  +1E052M000  1.000
ARG+1A0035_064  1.000-13.45  1.43  3.38  0.00 -8.64 0.502  00  +1E053M000  1.000
ARG+1A0035_065  1.000-12.58  1.67  3.95  0.00 -6.97 0.502  00  +1E06BM000  1.000
ARG+1A0035_066  1.000-12.90  1.64  3.88  0.00 -7.38 0.502  00  +1E06CM000  1.000
ARG+1A0035_067  1.000-12.37  0.26  1.21  0.00-10.90 0.501  00  +1E113M000  1.000
ARG+1A0035_068  1.000-12.15  2.76  5.25  0.00 -4.14 0.501  00  +1E124M000  1.000
ARG+1A0035_069  1.000-12.27  1.96  0.57  0.00 -9.73 0.501  00  +1E140M000  1.000
ARG+1A0035_070  1.000-13.04  0.17  0.57  0.00-12.31 0.501  00  +1T004M000  1.000
ARG+1A0035_071  1.000-12.97  0.29  1.22  0.00-11.46 0.501  00  +1T00DM000  1.000
ARG+1A0035_072  1.000-11.95  2.23  2.72  0.00 -6.99 0.501  00  +1T046M000  1.000
ARG+1A0035_073  1.000-12.94  0.17  1.25  0.00-11.52 0.502  00  +1T073M000  1.000
ARG+1A0035_074  1.000-12.81  2.13  1.19  0.00 -9.49 0.502  00  +1T086M000  1.000
ARG+1A0035_075  1.000-13.02  1.91  1.16  0.00 -9.95 0.502  00  +1T087M000  1.000
ARG+1A0035_076  1.000-13.19  0.99  2.80  0.00 -9.40 0.501  00  +1T095M000  1.000
ARG+1A0035_077  1.000-12.55  0.02  1.23  0.00-11.30 0.501  00  +1T0A6M000  1.000
ARG+1A0035_078  1.000-13.08  0.10  0.64  0.00-12.35 0.501  00  +1T11CM000  1.000
ARG+1A0035_079  1.000-10.76  1.66  3.47  0.00 -5.63 0.501  00  +1T154M000  1.000
ARG+1A0035_080  1.000-12.44  4.60  3.18  0.00 -4.66 0.501  00  +1T15DM000  1.000
