   confID        vdw0    sas     sum
ARG01A0035_001   1.193 -14.582 -13.389
ARG01A0035_002   1.753 -14.659 -12.906
ARG01A0035_003   1.201 -14.604 -13.404
ARG01A0035_004   1.155 -14.751 -13.596
ARG01A0035_005   2.011 -14.735 -12.723
ARG01A0035_006   2.185 -14.586 -12.401
ARG01A0035_007   2.124 -14.421 -12.297
ARG01A0035_008   1.780 -14.022 -12.242
ARG01A0035_009   1.231 -14.279 -13.048
ARG01A0035_010   1.229 -14.817 -13.588
ARG01A0035_011   1.662 -13.465 -11.803
ARG01A0035_012   1.798 -14.603 -12.805
ARG01A0035_013   1.950 -14.829 -12.879
ARG01A0035_014   1.762 -14.606 -12.845
ARG01A0035_015   2.014 -14.458 -12.444
ARG01A0035_016   1.135 -14.776 -13.641
ARG01A0035_017   1.685 -14.520 -12.835
ARG01A0035_018   2.189 -14.644 -12.455
ARG01A0035_019   2.933 -13.628 -10.695
ARG01A0035_020   1.700 -14.263 -12.563
ARG02A0035_021   1.176 -14.582 -13.405
ARG02A0035_022   1.750 -14.658 -12.908
ARG02A0035_023   2.151 -14.650 -12.499
ARG02A0035_024   2.893 -13.705 -10.812
ARG02A0035_025   1.767 -14.211 -12.444
ARG02A0035_026   2.046 -14.603 -12.557
ARG02A0035_027   2.031 -14.629 -12.598
ARG02A0035_028   1.809 -13.958 -12.150
ARG02A0035_029   1.218 -14.215 -12.997
ARG02A0035_030   1.554 -14.724 -13.170
ARG02A0035_031   1.212 -14.817 -13.604
ARG02A0035_032   1.712 -14.681 -12.969
ARG02A0035_033   2.050 -14.082 -12.032
ARG02A0035_034   1.342 -14.852 -13.511
ARG02A0035_035   1.466 -14.776 -13.310
ARG02A0035_036   2.001 -14.829 -12.828
ARG02A0035_037   1.832 -14.659 -12.827
ARG02A0035_038   1.757 -13.485 -11.728
ARG02A0035_039   1.820 -14.665 -12.844
ARG02A0035_040   2.163 -14.418 -12.255
ARG03A0035_041   1.169 -14.582 -13.413
ARG03A0035_042   1.429 -14.837 -13.408
ARG03A0035_043   2.014 -14.427 -12.413
ARG03A0035_044   1.721 -13.958 -12.237
ARG03A0035_045   1.212 -14.279 -13.067
ARG03A0035_046   1.736 -14.722 -12.987
ARG03A0035_047   1.555 -14.712 -13.156
ARG03A0035_048   1.711 -14.681 -12.970
ARG03A0035_049   1.718 -14.211 -12.494
ARG03A0035_050   1.735 -14.732 -12.997
ARG03A0035_051   2.017 -14.410 -12.394
ARG03A0035_052   1.262 -14.868 -13.607
ARG03A0035_053   1.917 -14.829 -12.913
ARG03A0035_054   1.988 -14.694 -12.706
ARG03A0035_055   2.147 -14.599 -12.452
ARG03A0035_056   1.209 -14.753 -13.544
ARG03A0035_057   1.731 -14.659 -12.928
ARG03A0035_058   1.639 -13.485 -11.846
ARG03A0035_059   2.087 -14.485 -12.398
ARG03A0035_060   2.897 -13.621 -10.724
ARG+1A0035_061   1.130 -14.582 -13.451
ARG+1A0035_062   1.173 -14.765 -13.593
ARG+1A0035_063   1.233 -14.856 -13.622
ARG+1A0035_064   1.382 -14.837 -13.455
ARG+1A0035_065   1.974 -14.555 -12.581
ARG+1A0035_066   1.694 -14.594 -12.900
ARG+1A0035_067   2.046 -14.418 -12.372
ARG+1A0035_068   2.006 -14.150 -12.144
ARG+1A0035_069   1.690 -13.894 -12.204
ARG+1A0035_070   1.173 -14.215 -13.042
ARG+1A0035_071   1.694 -14.659 -12.965
ARG+1A0035_072   1.603 -13.485 -11.881
ARG+1A0035_073   1.882 -14.829 -12.947
ARG+1A0035_074   1.953 -14.761 -12.808
ARG+1A0035_075   1.706 -14.732 -13.026
ARG+1A0035_076   1.528 -14.724 -13.197
ARG+1A0035_077   2.106 -14.650 -12.545
ARG+1A0035_078   1.660 -14.793 -13.133
ARG+1A0035_079   2.860 -13.621 -10.761
ARG+1A0035_080   1.703 -14.143 -12.441
