iConf CONFORMER     FL  occ    crg   Em0  pKa0 ne nH    vdw0    vdw1    tors    epol   dsolv   extra    history
00001 LYS01A0084_001 f 0.00  0.000     0  0.00  0  0 -10.620   1.151   1.233  -0.004  -0.064   0.000 01O000M000t
00002 LYS01A0084_002 f 0.00  0.000     0  0.00  0  0  -8.830   1.222   4.232  -0.004  -0.064   0.000 01E018M000t
00003 LYS01A0084_003 f 0.00  0.000     0  0.00  0  0  -5.149   1.884   2.057   0.001  -0.068   0.000 01E02BM000t
00004 LYS01A0084_004 f 0.00  0.000     0  0.00  0  0  -8.824   3.124   1.789  -0.005  -0.062   0.000 01E032M000t
00005 LYS01A0084_005 f 0.00  0.000     0  0.00  0  0  -9.547   3.118   0.928  -0.016  -0.059   0.000 01E03EM000t
00006 LYS01A0084_006 f 0.00  0.000     0  0.00  0  0  -8.871   1.172   3.454   0.001  -0.059   0.000 01E043M000t
00007 LYS01A0084_007 f 0.00  0.000     0  0.00  0  0  -8.289   1.136   1.469  -0.007  -0.061   0.000 01E04FM000t
00008 LYS01A0084_008 f 0.00  0.000     0  0.00  0  0  -7.979   1.049   2.915  -0.003  -0.062   0.000 01E079M000t
00009 LYS01A0084_009 f 0.00  0.000     0  0.00  0  0  -8.131   1.018   1.527   0.006  -0.057   0.000 01E080M000t
00010 LYS01A0084_010 f 0.00  0.000     0  0.00  0  0  -7.541   0.985   3.242  -0.009  -0.057   0.000 01E0A5M000t
00011 LYS01A0084_011 f 0.00  0.000     0  0.00  0  0  -7.678   4.120   1.740  -0.005  -0.059   0.000 01E0BCM000t
00012 LYS01A0084_012 f 0.00  0.000     0  0.00  0  0  -9.897   1.919   1.601   0.004  -0.062   0.000 01T007M000t
00013 LYS01A0084_013 f 0.00  0.000     0  0.00  0  0  -5.697   1.440   2.204  -0.004  -0.063   0.000 01T020M000t
00014 LYS01A0084_014 f 0.00  0.000     0  0.00  0  0  -9.571   1.140   0.931  -0.001  -0.061   0.000 01T039M000t
00015 LYS01A0084_015 f 0.00  0.000     0  0.00  0  0  -9.266   2.717   3.286  -0.006  -0.068   0.000 01T051M000t
00016 LYS01A0084_016 f 0.00  0.000     0  0.00  0  0  -7.106   3.379   1.548   0.003  -0.057   0.000 01T085M000t
00017 LYS01A0084_017 f 0.00  0.000     0  0.00  0  0  -7.728   1.186   6.218  -0.001  -0.063   0.000 01T09BM000t
00018 LYS01A0084_018 f 0.00  0.000     0  0.00  0  0  -8.305   1.187   6.331   0.000  -0.061   0.000 01T09EM000t
00019 LYS01A0084_019 f 0.00  0.000     0  0.00  0  0  -8.080   1.347   3.713  -0.003  -0.063   0.000 01T0B1M000t
00020 LYS01A0084_020 f 0.00  0.000     0  0.00  0  0  -8.711   6.320   0.962  -0.005  -0.058   0.000 01T0D4M000t
00021 LYS+1A0084_021 f 0.00  1.000     0 10.40  0  1 -10.668   1.151   1.233   0.024  -1.015   0.000 +1O000M000t
00022 LYS+1A0084_022 f 0.00  1.000     0 10.40  0  1  -9.943   1.934   1.602  -0.043  -1.010   0.000 +1E007M000t
00023 LYS+1A0084_023 f 0.00  1.000     0 10.40  0  1  -5.265   1.907   2.063   0.003  -1.011   0.000 +1E02BM000t
00024 LYS+1A0084_024 f 0.00  1.000     0 10.40  0  1  -9.565   3.141   0.933  -0.058  -0.999   0.000 +1E03EM000t
00025 LYS+1A0084_025 f 0.00  1.000     0 10.40  0  1  -9.324   2.685   3.347  -0.085  -1.005   0.000 +1E051M000t
00026 LYS+1A0084_026 f 0.00  1.000     0 10.40  0  1  -7.950   1.049   2.964   0.013  -1.007   0.000 +1E079M000t
00027 LYS+1A0084_027 f 0.00  1.000     0 10.40  0  1  -8.182   1.005   1.535   0.072  -0.973   0.000 +1E080M000t
00028 LYS+1A0084_028 f 0.00  1.000     0 10.40  0  1  -8.607   1.189   6.411  -0.000  -1.004   0.000 +1E09EM000t
00029 LYS+1A0084_029 f 0.00  1.000     0 10.40  0  1  -7.756   0.976   3.310   0.023  -0.986   0.000 +1E0A5M000t
00030 LYS+1A0084_030 f 0.00  1.000     0 10.40  0  1  -8.057   1.328   3.790   0.025  -1.001   0.000 +1E0B1M000t
00031 LYS+1A0084_031 f 0.00  1.000     0 10.40  0  1  -8.871   1.219   4.247   0.025  -1.016   0.000 +1T018M000t
00032 LYS+1A0084_032 f 0.00  1.000     0 10.40  0  1  -5.803   1.445   2.209   0.044  -1.009   0.000 +1T020M000t
00033 LYS+1A0084_033 f 0.00  1.000     0 10.40  0  1  -8.755   3.123   1.804   0.024  -1.004   0.000 +1T032M000t
00034 LYS+1A0084_034 f 0.00  1.000     0 10.40  0  1  -9.657   1.145   0.933   0.044  -0.995   0.000 +1T039M000t
00035 LYS+1A0084_035 f 0.00  1.000     0 10.40  0  1  -8.948   1.171   3.462   0.031  -0.996   0.000 +1T043M000t
00036 LYS+1A0084_036 f 0.00  1.000     0 10.40  0  1  -8.311   1.120   1.468   0.042  -0.980   0.000 +1T04FM000t
00037 LYS+1A0084_037 f 0.00  1.000     0 10.40  0  1  -7.142   3.384   1.545   0.032  -0.975   0.000 +1T085M000t
00038 LYS+1A0084_038 f 0.00  1.000     0 10.40  0  1  -7.731   1.181   6.256  -0.017  -1.006   0.000 +1T09BM000t
00039 LYS+1A0084_039 f 0.00  1.000     0 10.40  0  1  -7.770   4.179   1.746  -0.021  -0.990   0.000 +1T0BCM000t
00040 LYS+1A0084_040 f 0.00  1.000     0 10.40  0  1  -8.777   6.387   0.969   0.028  -0.982   0.000 +1T0D4M000t
