CONFORMER         crg  vdw0  vdw1  tors  epol  self   occ  Hb     history    ASA
LYS01A0084_001  0.000-10.62  1.15  1.23  0.00 -8.23 0.502  00  01O000M000  1.000
LYS01A0084_002  0.000 -8.83  1.22  4.23  0.00 -3.38 0.503  00  01E018M000  1.000
LYS01A0084_003  0.000 -5.15  1.88  2.06  0.00 -1.21 0.502  00  01E02BM000  1.000
LYS01A0084_004  0.000 -8.83  3.11  1.79  0.00 -3.93 0.502  00  01E032M000  1.000
LYS01A0084_005  0.000 -9.55  3.12  0.93  0.00 -5.50 0.503  00  01E03EM000  1.000
LYS01A0084_006  0.000 -8.92  1.18  3.45  0.00 -4.29 0.503  00  01E043M000  1.000
LYS01A0084_007  0.000 -8.29  1.13  1.47  0.00 -5.69 0.502  00  01E04FM000  1.000
LYS01A0084_008  0.000 -7.99  1.05  2.92  0.00 -4.02 0.502  00  01E079M000  1.000
LYS01A0084_009  0.000 -8.12  1.02  1.53  0.00 -5.58 0.501  00  01E080M000  1.000
LYS01A0084_010  0.000 -7.54  0.98  3.24  0.00 -3.32 0.502  00  01E0A5M000  1.000
LYS01A0084_011  0.000 -7.67  4.12  1.74  0.00 -1.81 0.502  00  01E0BCM000  1.000
LYS01A0084_012  0.000 -9.90  1.92  1.60  0.00 -6.37 0.502  00  01T007M000  1.000
LYS01A0084_013  0.000 -5.70  1.44  2.20  0.00 -2.06 0.502  00  01T020M000  1.000
LYS01A0084_014  0.000 -9.58  1.14  0.93  0.00 -7.50 0.502  00  01T039M000  1.000
LYS01A0084_015  0.000 -9.22  2.71  3.29  0.00 -3.22 0.503  00  01T051M000  1.000
LYS01A0084_016  0.000 -7.15  3.38  1.55  0.00 -2.22 0.503  00  01T085M000  1.000
LYS01A0084_017  0.000 -7.71  1.18  6.22  0.00 -0.31 0.502  00  01T09BM000  1.000
LYS01A0084_018  0.000 -8.31  1.19  6.33  0.00 -0.79 0.503  00  01T09EM000  1.000
LYS01A0084_019  0.000 -8.08  1.35  3.71  0.00 -3.03 0.502  00  01T0B1M000  1.000
LYS01A0084_020  0.000 -8.71  6.33  0.96  0.00 -1.42 0.503  00  01T0D4M000  1.000
LYS+1A0084_021  1.000-10.66  1.15  1.23  0.00 -8.28 0.502  00  +1O000M000  1.000
LYS+1A0084_022  1.000 -9.94  1.93  1.60  0.00 -6.40 0.502  00  +1E007M000  1.000
LYS+1A0084_023  1.000 -5.26  1.90  2.06  0.00 -1.30 0.502  00  +1E02BM000  1.000
LYS+1A0084_024  1.000 -9.57  3.13  0.93  0.00 -5.50 0.503  00  +1E03EM000  1.000
LYS+1A0084_025  1.000 -9.32  2.69  3.35  0.00 -3.29 0.503  00  +1E051M000  1.000
LYS+1A0084_026  1.000 -7.95  1.05  2.96  0.00 -3.94 0.502  00  +1E079M000  1.000
LYS+1A0084_027  1.000 -8.18  1.00  1.53  0.00 -5.64 0.501  00  +1E080M000  1.000
LYS+1A0084_028  1.000 -8.54  1.19  6.42  0.00 -0.93 0.503  00  +1E09EM000  1.000
LYS+1A0084_029  1.000 -7.76  0.97  3.31  0.00 -3.48 0.502  00  +1E0A5M000  1.000
LYS+1A0084_030  1.000 -8.06  1.33  3.79  0.00 -2.93 0.502  00  +1E0B1M000  1.000
LYS+1A0084_031  1.000 -8.88  1.22  4.25  0.00 -3.41 0.503  00  +1T018M000  1.000
LYS+1A0084_032  1.000 -5.81  1.44  2.21  0.00 -2.16 0.502  00  +1T020M000  1.000
LYS+1A0084_033  1.000 -8.76  3.12  1.80  0.00 -3.83 0.502  00  +1T032M000  1.000
LYS+1A0084_034  1.000 -9.66  1.14  0.93  0.00 -7.58 0.502  00  +1T039M000  1.000
LYS+1A0084_035  1.000 -8.94  1.17  3.46  0.00 -4.31 0.503  00  +1T043M000  1.000
LYS+1A0084_036  1.000 -8.31  1.12  1.47  0.00 -5.72 0.502  00  +1T04FM000  1.000
LYS+1A0084_037  1.000 -7.18  3.38  1.54  0.00 -2.25 0.503  00  +1T085M000  1.000
LYS+1A0084_038  1.000 -7.73  1.18  6.26  0.00 -0.29 0.502  00  +1T09BM000  1.000
LYS+1A0084_039  1.000 -7.77  4.18  1.75  0.00 -1.85 0.502  00  +1T0BCM000  1.000
LYS+1A0084_040  1.000 -8.77  6.39  0.97  0.00 -1.41 0.503  00  +1T0D4M000  1.000
