   confID        vdw0    sas     sum
LYS01A0084_001   1.544 -12.164 -10.620
LYS01A0084_002   3.323 -12.154  -8.830
LYS01A0084_003   6.947 -12.096  -5.149
LYS01A0084_004   3.192 -12.016  -8.824
LYS01A0084_005   2.279 -11.827  -9.547
LYS01A0084_006   2.930 -11.801  -8.871
LYS01A0084_007   3.999 -12.287  -8.289
LYS01A0084_008   3.962 -11.941  -7.979
LYS01A0084_009   4.131 -12.262  -8.131
LYS01A0084_010   4.586 -12.126  -7.541
LYS01A0084_011   4.660 -12.338  -7.678
LYS01A0084_012   2.446 -12.344  -9.897
LYS01A0084_013   6.978 -12.675  -5.697
LYS01A0084_014   2.239 -11.811  -9.571
LYS01A0084_015   2.779 -12.045  -9.266
LYS01A0084_016   4.593 -11.699  -7.106
LYS01A0084_017   4.172 -11.900  -7.728
LYS01A0084_018   4.171 -12.476  -8.305
LYS01A0084_019   3.791 -11.871  -8.080
LYS01A0084_020   3.464 -12.175  -8.711
LYS+1A0084_021   1.496 -12.164 -10.668
LYS+1A0084_022   2.401 -12.344  -9.943
LYS+1A0084_023   6.895 -12.160  -5.265
LYS+1A0084_024   2.194 -11.759  -9.565
LYS+1A0084_025   2.733 -12.057  -9.324
LYS+1A0084_026   3.966 -11.915  -7.950
LYS+1A0084_027   4.042 -12.223  -8.182
LYS+1A0084_028   4.120 -12.727  -8.607
LYS+1A0084_029   4.358 -12.114  -7.756
LYS+1A0084_030   3.747 -11.804  -8.057
LYS+1A0084_031   3.299 -12.170  -8.871
LYS+1A0084_032   6.872 -12.675  -5.803
LYS+1A0084_033   3.141 -11.897  -8.755
LYS+1A0084_034   2.153 -11.811  -9.657
LYS+1A0084_035   2.917 -11.865  -8.948
LYS+1A0084_036   3.989 -12.300  -8.311
LYS+1A0084_037   4.506 -11.647  -7.142
LYS+1A0084_038   4.165 -11.896  -7.731
LYS+1A0084_039   4.687 -12.457  -7.770
LYS+1A0084_040   3.347 -12.123  -8.777
