iConf CONFORMER     FL  occ    crg   Em0  pKa0 ne nH    vdw0    vdw1    tors    epol   dsolv   extra    history
00001 TYR01A0054_001 f 0.00  0.000     0  0.00  0  0 -10.070   0.006   0.021   0.122  -1.811   0.000 01O000M000t
00002 TYR01A0054_002 f 0.00  0.000     0  0.00  0  0 -10.363   2.426   2.778   0.129  -1.727   0.000 01E008M000t
00003 TYR01A0054_003 f 0.00  0.000     0  0.00  0  0 -10.084   6.001   0.027   0.308  -1.667   0.000 01E00BM000t
00004 TYR01A0054_004 f 0.00  0.000     0  0.00  0  0  -9.460   5.786   2.781   0.169  -1.757   0.000 01E003M000t
00005 TYR01A0054_005 f 0.00  0.000     0  0.00  0  0 -10.604   5.926   0.035   0.133  -1.832   0.000 01E005M000t
00006 TYR01A0054_006 f 0.00  0.000     0  0.00  0  0 -10.196   0.225   0.020   0.100  -1.667   0.000 01T009M000t
00007 TYR01A0054_007 f 0.00  0.000     0  0.00  0  0 -10.311   7.498   0.029   0.129  -1.818   0.000 01T007M000t
00008 TYR01A0054_008 f 0.00  0.000     0  0.00  0  0  -9.443   0.557   2.776   0.096  -1.794   0.000 01T004M000t
00009 TYR01A0054_009 f 0.00  0.000     0  0.00  0  0  -9.873   0.010   0.020   0.125  -1.867   0.000 01T006M000t
00010 TYR01A0054_010 f 0.00  0.000     0  0.00  0  0  -9.458   5.601   2.780   0.176  -1.681   0.000 01T00AM000t
00011 TYR01A0054_011 f 0.00  0.000     0  0.00  0  0 -10.008   6.565   0.021   0.305  -1.679   0.000 01T00CM000t
00012 TYR01A0054_012 f 0.00  0.000     0  0.00  0  0 -10.117   1.831   2.778   0.149  -1.780   0.000 01T00DM000t
00013 TYR01A0054_013 f 0.00  0.000     0  0.00  0  0  -9.142   0.651   2.777   0.092  -1.728   0.000 01T00EM000t
00014 TYR01A0054_014 f 0.00  0.000     0  0.00  0  0 -10.111   2.120   2.780   0.160  -1.800   0.000 01T00FM000t
00015 TYR01A0054_015 f 0.00  0.000     0  0.00  0  0 -10.371   2.457   2.777   0.126  -1.730   0.000 01T001M000t
00016 TYR01A0054_016 f 0.00  0.000     0  0.00  0  0  -9.845   0.188   0.021   0.108  -1.714   0.000 01T002M000t
00017 TYR-1A0054_017 f 0.00 -1.000     0 10.20  0 -1 -10.070   0.006   0.021   0.001 -12.766   0.000 -1O000M000t
00018 TYR-1A0054_018 f 0.00 -1.000     0 10.20  0 -1  -9.864   0.234   0.021  -0.006 -12.800   0.000 -1E002M000t
00019 TYR-1A0054_019 f 0.00 -1.000     0 10.20  0 -1 -10.204   0.274   0.020  -0.003 -12.792   0.000 -1E009M000t
00020 TYR-1A0054_020 f 0.00 -1.000     0 10.20  0 -1 -10.183   1.887   2.778   0.091 -12.839   0.000 -1E00DM000t
00021 TYR-1A0054_021 f 0.00 -1.000     0 10.20  0 -1  -9.140   0.649   2.776   0.031 -12.781   0.000 -1E00EM000t
00022 TYR-1A0054_022 f 0.00 -1.000     0 10.20  0 -1 -10.125   2.173   2.780   0.095 -12.876   0.000 -1E00FM000t
00023 TYR-1A0054_023 f 0.00 -1.000     0 10.20  0 -1 -10.341   2.460   2.777  -0.011 -12.774   0.000 -1T001M000t
00024 TYR-1A0054_024 f 0.00 -1.000     0 10.20  0 -1  -9.486   5.751   2.781   0.180 -12.674   0.000 -1T003M000t
00025 TYR-1A0054_025 f 0.00 -1.000     0 10.20  0 -1  -9.439   0.558   2.776   0.040 -12.866   0.000 -1T004M000t
00026 TYR-1A0054_026 f 0.00 -1.000     0 10.20  0 -1 -10.547   6.035   0.037   0.004 -12.833   0.000 -1T005M000t
00027 TYR-1A0054_027 f 0.00 -1.000     0 10.20  0 -1  -9.864   0.010   0.020  -0.010 -12.844   0.000 -1T006M000t
00028 TYR-1A0054_028 f 0.00 -1.000     0 10.20  0 -1 -10.420   7.482   0.029  -0.001 -12.785   0.000 -1T007M000t
00029 TYR-1A0054_029 f 0.00 -1.000     0 10.20  0 -1 -10.645   2.422   2.778  -0.004 -12.793   0.000 -1T008M000t
00030 TYR-1A0054_030 f 0.00 -1.000     0 10.20  0 -1  -9.450   5.586   2.781   0.185 -12.646   0.000 -1T00AM000t
00031 TYR-1A0054_031 f 0.00 -1.000     0 10.20  0 -1 -10.317   5.871   0.026   0.477 -12.650   0.000 -1T00BM000t
00032 TYR-1A0054_032 f 0.00 -1.000     0 10.20  0 -1 -10.000   6.487   0.022   0.477 -12.654   0.000 -1T00CM000t
