iConf CONFORMER     FL  occ    crg   Em0  pKa0 ne nH    vdw0    vdw1    tors    epol   dsolv   extra    history
00001 ASP01A0077_001 f 0.00  0.000     0  0.00  0  0  -4.457   1.200   4.487   0.281  -0.469   0.000 01O000M000t
00002 ASP01A0077_002 f 0.00  0.000     0  0.00  0  0  -4.167   0.018   4.727   0.081  -0.525   0.000 01E003M000t
00003 ASP01A0077_003 f 0.00  0.000     0  0.00  0  0  -4.217   1.175   4.709   0.032  -0.511   0.000 01E006M000t
00004 ASP01A0077_004 f 0.00  0.000     0  0.00  0  0  -4.457   1.200   1.767   0.032  -0.358   0.000 01O000M000t
00005 ASP01A0077_005 f 0.00  0.000     0  0.00  0  0  -4.219   0.616   1.984   0.006  -0.354   0.000 01E007M000t
00006 ASP01A0077_006 f 0.00  0.000     0  0.00  0  0  -4.208   0.599   4.628   0.123  -0.505   0.000 01T007M000t
00007 ASP01A0077_007 f 0.00  0.000     0  0.00  0  0  -4.166   0.529   4.714   0.217  -0.508   0.000 01T008M000t
00008 ASP01A0077_008 f 0.00  0.000     0  0.00  0  0  -4.682   1.934   3.907   0.127  -0.487   0.000 01T001M000t
00009 ASP01A0077_009 f 0.00  0.000     0  0.00  0  0  -4.324   0.344   4.695   0.154  -0.510   0.000 01T009M000t
00010 ASP01A0077_010 f 0.00  0.000     0  0.00  0  0  -4.205   0.019   2.006   0.051  -0.350   0.000 01T003M000t
00011 ASP01A0077_011 f 0.00  0.000     0  0.00  0  0  -4.218   1.174   1.989   0.043  -0.358   0.000 01T006M000t
00012 ASP01A0077_012 f 0.00  0.000     0  0.00  0  0  -4.330   0.313   1.898   0.092  -0.346   0.000 01T009M000t
00013 ASP01A0077_013 f 0.00  0.000     0  0.00  0  0  -4.747   1.934   1.187   0.039  -0.352   0.000 01T001M000t
00014 ASP01A0077_014 f 0.00  0.000     0  0.00  0  0  -4.202   0.588   2.067   0.067  -0.355   0.000 01T008M000t
00015 ASP02A0077_015 f 0.00  0.000     0  0.00  0  0  -4.324   0.898   4.487   0.017  -0.524   0.000 02O000M000t
00016 ASP02A0077_016 f 0.00  0.000     0  0.00  0  0  -4.298   0.290   4.627   0.112  -0.492   0.000 02E009M000t
00017 ASP02A0077_017 f 0.00  0.000     0  0.00  0  0  -4.289   0.898   1.767   0.003  -0.350   0.000 02O000M000t
00018 ASP02A0077_018 f 0.00  0.000     0  0.00  0  0  -4.338   1.066   2.067   0.051  -0.347   0.000 02E006M000t
00019 ASP02A0077_019 f 0.00  0.000     0  0.00  0  0  -4.473   1.216   3.930   0.031  -0.534   0.000 02T001M000t
00020 ASP02A0077_020 f 0.00  0.000     0  0.00  0  0  -4.338   1.066   4.786   0.073  -0.503   0.000 02T006M000t
00021 ASP02A0077_021 f 0.00  0.000     0  0.00  0  0  -4.338   0.472   4.794   0.048  -0.494   0.000 02T008M000t
00022 ASP02A0077_022 f 0.00  0.000     0  0.00  0  0  -4.252  -0.010   2.019   0.057  -0.349   0.000 02T003M000t
00023 ASP02A0077_023 f 0.00  0.000     0  0.00  0  0  -4.604  -0.005   1.922   0.024  -0.344   0.000 02T005M000t
00024 ASP02A0077_024 f 0.00  0.000     0  0.00  0  0  -4.289   0.603   1.965   0.015  -0.347   0.000 02T007M000t
00025 ASP02A0077_025 f 0.00  0.000     0  0.00  0  0  -4.338   0.472   2.074   0.033  -0.347   0.000 02T008M000t
00026 ASP02A0077_026 f 0.00  0.000     0  0.00  0  0  -4.245   0.335   1.963   0.081  -0.352   0.000 02T009M000t
00027 ASP-1A0077_027 f 0.00 -1.000     0  4.75  0 -1  -4.243   0.915   1.767  -0.246  -3.146   0.000 -1O000M000t
00028 ASP-1A0077_028 f 0.00 -1.000     0  4.75  0 -1  -4.425  -0.000   1.777  -0.169  -3.154   0.000 -1E005M000t
00029 ASP-1A0077_029 f 0.00 -1.000     0  4.75  0 -1  -4.261   0.428   1.759  -0.110  -3.088   0.000 -1E007M000t
00030 ASP-1A0077_030 f 0.00 -1.000     0  4.75  0 -1  -4.185   0.210   1.756  -0.278  -3.170   0.000 -1E009M000t
