CONFORMER         crg  vdw0  vdw1  tors  epol  self   occ  Hb     history    ASA
ASP01A0077_001  0.000 -4.46  1.20  4.49  0.00  1.23 0.551  00  01O000M000  1.000
ASP01A0077_002  0.000 -4.17  0.02  4.73  0.00  0.58 0.552  00  01E003M000  1.000
ASP01A0077_003  0.000 -4.22  1.18  4.71  0.00  1.67 0.550  00  01E006M000  1.032
ASP01A0077_004  0.000 -4.46  1.20  1.77  0.00 -1.49 0.551  00  01O000M000  1.000
ASP01A0077_005  0.000 -4.22  0.62  1.98  0.00 -1.62 0.552  00  01E007M000  1.018
ASP01A0077_006  0.000 -4.21  0.60  4.63  0.00  1.01 0.552  00  01T007M000  1.018
ASP01A0077_007  0.000 -4.17  0.53  4.71  0.00  1.08 0.550  00  01T008M000  1.032
ASP01A0077_008  0.000 -4.68  1.89  3.91  0.00  1.11 0.547  00  01T001M000  1.015
ASP01A0077_009  0.000 -4.32  0.35  4.69  0.00  0.71 0.548  00  01T009M000  1.000
ASP01A0077_010  0.000 -4.21  0.02  2.01  0.00 -2.18 0.552  00  01T003M000  1.009
ASP01A0077_011  0.000 -4.22  1.18  1.99  0.00 -1.05 0.550  00  01T006M000  1.032
ASP01A0077_012  0.000 -4.33  0.31  1.90  0.00 -2.12 0.548  00  01T009M000  1.000
ASP01A0077_013  0.000 -4.75  1.89  1.19  0.00 -1.67 0.547  00  01T001M000  1.029
ASP01A0077_014  0.000 -4.20  0.59  2.07  0.00 -1.55 0.550  00  01T008M000  1.032
ASP02A0077_015  0.000 -4.32  0.90  4.49  0.00  1.06 0.551  00  02O000M000  1.008
ASP02A0077_016  0.000 -4.30  0.29  4.63  0.00  0.62 0.548  00  02E009M000  1.000
ASP02A0077_017  0.000 -4.29  0.90  1.77  0.00 -1.62 0.551  00  02O000M000  1.000
ASP02A0077_018  0.000 -4.34  1.07  2.07  0.00 -1.20 0.550  00  02E006M000  1.040
ASP02A0077_019  0.000 -4.47  1.17  3.93  0.00  0.63 0.547  00  02T001M000  1.008
ASP02A0077_020  0.000 -4.34  1.07  4.78  0.00  1.52 0.550  00  02T006M000  1.040
ASP02A0077_021  0.000 -4.34  0.47  4.79  0.00  0.93 0.550  00  02T008M000  1.008
ASP02A0077_022  0.000 -4.25 -0.01  2.02  0.00 -2.24 0.552  00  02T003M000  1.000
ASP02A0077_023  0.000 -4.60 -0.00  1.92  0.00 -2.69 0.550  00  02T005M000  1.037
ASP02A0077_024  0.000 -4.29  0.60  1.97  0.00 -1.72 0.552  00  02T007M000  1.028
ASP02A0077_025  0.000 -4.34  0.47  2.07  0.00 -1.79 0.550  00  02T008M000  1.008
ASP02A0077_026  0.000 -4.24  0.34  1.96  0.00 -1.95 0.548  00  02T009M000  1.000
ASP-1A0077_027 -1.000 -4.24  0.92  1.77  0.00 -1.56 0.551  00  -1O000M000  1.000
ASP-1A0077_028 -1.000 -4.43 -0.04  1.78  0.00 -2.69 0.550  00  -1E005M000  1.015
ASP-1A0077_029 -1.000 -4.26  0.43  1.76  0.00 -2.07 0.552  00  -1E007M000  1.015
ASP-1A0077_030 -1.000 -4.19  0.21  1.75  0.00 -2.22 0.548  00  -1E009M000  1.000
