CONFORMER         crg  vdw0  vdw1  tors  epol  self   occ  Hb     history    ASA
HIS01A0008_001  0.000-11.41 -0.89  0.39  0.00-11.91 0.514  00  01O000M000  1.000
HIS01A0008_002  0.000-11.42 -0.97  0.34  0.00-12.05 0.515  00  01E009M000  1.000
HIS01A0008_003  0.000-11.96  4.28  2.34  0.00 -5.34 0.515  00  01E00CM000  1.000
HIS01A0008_004  0.000-12.10 -0.38  0.30  0.00-12.18 0.516  00  01E013M000  1.000
HIS01A0008_005  0.000-11.93  2.67  2.22  0.00 -7.04 0.515  00  01E014M000  1.000
HIS01A0008_006  0.000-12.00  0.08  2.36  0.00 -9.56 0.514  00  01E016M000  1.000
HIS01A0008_007  0.000-11.73  1.37  2.21  0.00 -8.16 0.515  00  01E017M000  1.000
HIS01A0008_008  0.000-12.38  1.61  0.23  0.00-10.54 0.513  00  01E019M000  1.000
HIS01A0008_009  0.000-11.72  2.30  0.27  0.00 -9.16 0.516  00  01E01DM000  1.000
HIS01A0008_010  0.000-12.16  3.45  2.33  0.00 -6.38 0.513  00  01E01EM000  1.000
HIS01A0008_011  0.000-11.88  1.05  2.36  0.00 -8.47 0.516  00  01E01FM000  1.000
HIS01A0008_012  0.000-12.03  2.64  2.33  0.00 -7.06 0.517  00  01E020M000  1.000
HIS01A0008_013  0.000-11.86  0.81  2.36  0.00 -8.69 0.517  00  01T002M000  1.000
HIS01A0008_014  0.000-12.15 -0.45  0.34  0.00-12.26 0.516  00  01T003M000  1.000
HIS01A0008_015  0.000-11.90 -0.43  0.34  0.00-11.99 0.515  00  01T005M000  1.000
HIS01A0008_016  0.000-11.57  3.07  2.34  0.00 -6.15 0.516  00  01T00EM000  1.000
HIS01A0008_017  0.000-12.36  0.69  0.23  0.00-11.44 0.514  00  01T01CM000  1.000
HIS02A0008_018  0.000-11.43 -0.92  0.39  0.00-11.96 0.514  00  02O000M000  1.000
HIS02A0008_019  0.000-11.54 -0.89  0.39  0.00-12.04 0.517  00  02R001M000  1.000
HIS02A0008_020  0.000-12.12 -0.49  0.34  0.00-12.28 0.516  00  02E003M000  1.000
HIS02A0008_021  0.000-11.81  4.71  2.35  0.00 -4.75 0.515  00  02E00CM000  1.000
HIS02A0008_022  0.000-11.66  3.13  2.33  0.00 -6.20 0.516  00  02E00EM000  1.000
HIS02A0008_023  0.000-12.06 -0.39  0.29  0.00-12.15 0.516  00  02E013M000  1.000
HIS02A0008_024  0.000-11.76  1.41  2.22  0.00 -8.12 0.515  00  02E017M000  1.000
HIS02A0008_025  0.000-12.24 -0.46  0.33  0.00-12.37 0.516  00  02E01BM000  1.000
HIS02A0008_026  0.000-11.71  2.52  0.27  0.00 -8.92 0.516  00  02E01DM000  1.000
HIS02A0008_027  0.000-11.90  1.02  2.35  0.00 -8.53 0.516  00  02E01FM000  1.000
HIS02A0008_028  0.000-12.05  2.65  2.31  0.00 -7.09 0.517  00  02E020M000  1.000
HIS02A0008_029  0.000-12.22  0.80  2.35  0.00 -9.07 0.517  00  02T002M000  1.000
HIS02A0008_030  0.000-11.98 -0.46  0.33  0.00-12.10 0.515  00  02T005M000  1.000
HIS02A0008_031  0.000-11.65  0.61  0.25  0.00-10.80 0.514  00  02T00AM000  1.000
HIS02A0008_032  0.000-11.89  2.54  2.25  0.00 -7.10 0.515  00  02T014M000  1.000
HIS02A0008_033  0.000-12.02  0.06  2.35  0.00 -9.61 0.514  00  02T016M000  1.000
HIS02A0008_034  0.000-12.35  1.64  0.23  0.00-10.48 0.513  00  02T019M000  1.000
HIS02A0008_035  0.000-12.07  0.64  0.25  0.00-11.18 0.514  00  02T01CM000  1.000
HIS02A0008_036  0.000-12.05  3.86  2.33  0.00 -5.86 0.513  00  02T01EM000  1.000
HIS+1A0008_037  1.000-11.45 -0.93  0.39  0.00-11.99 0.514  00  +1O000M000  1.000
HIS+1A0008_038  1.000-11.56 -0.90  0.39  0.00-12.07 0.517  00  +1R001M000  1.000
HIS+1A0008_039  1.000-11.95  0.80  2.37  0.00 -8.78 0.517  00  +1E002M000  1.000
HIS+1A0008_040  1.000-12.20 -0.50  0.35  0.00-12.35 0.516  00  +1E003M000  1.000
HIS+1A0008_041  1.000-11.87  2.56  0.29  0.00 -9.02 0.516  00  +1E01DM000  1.000
HIS+1A0008_042  1.000-12.11  3.83  2.34  0.00 -5.93 0.513  00  +1E01EM000  1.000
HIS+1A0008_043  1.000-11.99  1.03  2.36  0.00 -8.60 0.516  00  +1E01FM000  1.000
HIS+1A0008_044  1.000-12.01 -0.45  0.34  0.00-12.12 0.515  00  +1T005M000  1.000
HIS+1A0008_045  1.000-11.61  0.61  0.25  0.00-10.75 0.514  00  +1T00AM000  1.000
HIS+1A0008_046  1.000-11.81  4.68  2.36  0.00 -4.76 0.515  00  +1T00CM000  1.000
HIS+1A0008_047  1.000-11.67  3.12  2.35  0.00 -6.19 0.516  00  +1T00EM000  1.000
HIS+1A0008_048  1.000-12.08 -0.39  0.31  0.00-12.16 0.516  00  +1T013M000  1.000
HIS+1A0008_049  1.000-11.91  2.55  2.25  0.00 -7.11 0.515  00  +1T014M000  1.000
HIS+1A0008_050  1.000-12.05  0.06  2.37  0.00 -9.62 0.514  00  +1T016M000  1.000
HIS+1A0008_051  1.000-11.90  1.44  2.23  0.00 -8.22 0.515  00  +1T017M000  1.000
HIS+1A0008_052  1.000-12.43  1.66  0.24  0.00-10.54 0.513  00  +1T019M000  1.000
HIS+1A0008_053  1.000-12.26 -0.46  0.34  0.00-12.38 0.516  00  +1T01BM000  1.000
HIS+1A0008_054  1.000-12.10  0.65  0.26  0.00-11.19 0.514  00  +1T01CM000  1.000
HIS+1A0008_055  1.000-12.12  2.59  2.33  0.00 -7.21 0.517  00  +1T020M000  1.000
