iConf CONFORMER     FL  occ    crg   Em0  pKa0 ne nH    vdw0    vdw1    tors    epol   dsolv   extra    history
00001 HIS01A0008_001 f 0.00  0.000     0  0.00  0  0 -11.409  -0.886   0.388   0.306  -2.263   0.000 01O000M000t
00002 HIS01A0008_002 f 0.00  0.000     0  0.00  0  0 -11.492  -0.965   0.343   0.209  -2.249   0.000 01E009M000t
00003 HIS01A0008_003 f 0.00  0.000     0  0.00  0  0 -11.963   4.277   2.339  -0.232  -2.235   0.000 01E00CM000t
00004 HIS01A0008_004 f 0.00  0.000     0  0.00  0  0 -12.103  -0.381   0.303   0.281  -2.413   0.000 01E013M000t
00005 HIS01A0008_005 f 0.00  0.000     0  0.00  0  0 -11.927   2.657   2.216   0.137  -2.325   0.000 01E014M000t
00006 HIS01A0008_006 f 0.00  0.000     0  0.00  0  0 -12.000   0.073   2.364   0.246  -2.294   0.000 01E016M000t
00007 HIS01A0008_007 f 0.00  0.000     0  0.00  0  0 -11.735   1.366   2.215   0.280  -2.394   0.000 01E017M000t
00008 HIS01A0008_008 f 0.00  0.000     0  0.00  0  0 -12.385   1.659   0.233   0.055  -2.237   0.000 01E019M000t
00009 HIS01A0008_009 f 0.00  0.000     0  0.00  0  0 -11.725   2.339   0.272   0.313  -2.283   0.000 01E01DM000t
00010 HIS01A0008_010 f 0.00  0.000     0  0.00  0  0 -12.209   3.455   2.330   0.337  -2.145   0.000 01E01EM000t
00011 HIS01A0008_011 f 0.00  0.000     0  0.00  0  0 -11.945   1.054   2.360   0.296  -2.278   0.000 01E01FM000t
00012 HIS01A0008_012 f 0.00  0.000     0  0.00  0  0 -12.027   2.643   2.325   0.206  -2.375   0.000 01E020M000t
00013 HIS01A0008_013 f 0.00  0.000     0  0.00  0  0 -11.858   0.805   2.363   0.205  -2.187   0.000 01T002M000t
00014 HIS01A0008_014 f 0.00  0.000     0  0.00  0  0 -12.154  -0.449   0.346   0.114  -2.257   0.000 01T003M000t
00015 HIS01A0008_015 f 0.00  0.000     0  0.00  0  0 -11.899  -0.390   0.341   0.192  -2.240   0.000 01T005M000t
00016 HIS01A0008_016 f 0.00  0.000     0  0.00  0  0 -11.632   3.069   2.342   0.331  -2.298   0.000 01T00EM000t
00017 HIS01A0008_017 f 0.00  0.000     0  0.00  0  0 -12.360   0.732   0.229   0.284  -2.438   0.000 01T01CM000t
00018 HIS02A0008_018 f 0.00  0.000     0  0.00  0  0 -11.428  -0.925   0.388   0.208  -2.315   0.000 02O000M000t
00019 HIS02A0008_019 f 0.00  0.000     0  0.00  0  0 -11.536  -0.893   0.388   0.200  -2.384   0.000 02R001M000t
00020 HIS02A0008_020 f 0.00  0.000     0  0.00  0  0 -12.120  -0.494   0.337   0.119  -2.452   0.000 02E003M000t
00021 HIS02A0008_021 f 0.00  0.000     0  0.00  0  0 -11.813   4.708   2.352   0.181  -2.278   0.000 02E00CM000t
00022 HIS02A0008_022 f 0.00  0.000     0  0.00  0  0 -11.660   3.125   2.331   0.261  -2.383   0.000 02E00EM000t
00023 HIS02A0008_023 f 0.00  0.000     0  0.00  0  0 -12.124  -0.390   0.295   0.157  -2.495   0.000 02E013M000t
00024 HIS02A0008_024 f 0.00  0.000     0  0.00  0  0 -11.808   1.413   2.220   0.199  -2.418   0.000 02E017M000t
00025 HIS02A0008_025 f 0.00  0.000     0  0.00  0  0 -12.238  -0.417   0.335   0.141  -2.380   0.000 02E01BM000t
00026 HIS02A0008_026 f 0.00  0.000     0  0.00  0  0 -11.712   2.566   0.271   0.339  -2.395   0.000 02E01DM000t
00027 HIS02A0008_027 f 0.00  0.000     0  0.00  0  0 -11.902   1.024   2.352   0.229  -2.400   0.000 02E01FM000t
00028 HIS02A0008_028 f 0.00  0.000     0  0.00  0  0 -12.049   2.649   2.311   0.156  -2.467   0.000 02E020M000t
00029 HIS02A0008_029 f 0.00  0.000     0  0.00  0  0 -12.111   0.797   2.353  -0.031  -2.368   0.000 02T002M000t
00030 HIS02A0008_030 f 0.00  0.000     0  0.00  0  0 -11.980  -0.412   0.335   0.159  -2.455   0.000 02T005M000t
00031 HIS02A0008_031 f 0.00  0.000     0  0.00  0  0 -11.584   0.606   0.250   0.091  -2.430   0.000 02T00AM000t
00032 HIS02A0008_032 f 0.00  0.000     0  0.00  0  0 -11.888   2.539   2.246   0.227  -2.313   0.000 02T014M000t
00033 HIS02A0008_033 f 0.00  0.000     0  0.00  0  0 -12.088   0.058   2.355   0.183  -2.383   0.000 02T016M000t
00034 HIS02A0008_034 f 0.00  0.000     0  0.00  0  0 -12.354   1.680   0.231   0.220  -2.238   0.000 02T019M000t
00035 HIS02A0008_035 f 0.00  0.000     0  0.00  0  0 -12.073   0.681   0.250   0.220  -2.409   0.000 02T01CM000t
00036 HIS02A0008_036 f 0.00  0.000     0  0.00  0  0 -12.052   3.858   2.330   0.073  -2.239   0.000 02T01EM000t
00037 HIS+1A0008_037 f 0.00  1.000     0  6.98  0  1 -11.454  -0.928   0.388   0.378 -10.527   0.000 +1O000M000t
00038 HIS+1A0008_038 f 0.00  1.000     0  6.98  0  1 -11.562  -0.897   0.388   0.363 -10.808   0.000 +1R001M000t
00039 HIS+1A0008_039 f 0.00  1.000     0  6.98  0  1 -11.954   0.798   2.368   0.490 -10.584   0.000 +1E002M000t
00040 HIS+1A0008_040 f 0.00  1.000     0  6.98  0  1 -12.198  -0.501   0.348   0.570 -10.589   0.000 +1E003M000t
00041 HIS+1A0008_041 f 0.00  1.000     0  6.98  0  1 -11.866   2.600   0.287   0.579 -10.676   0.000 +1E01DM000t
00042 HIS+1A0008_042 f 0.00  1.000     0  6.98  0  1 -12.106   3.836   2.343   0.184 -10.385   0.000 +1E01EM000t
00043 HIS+1A0008_043 f 0.00  1.000     0  6.98  0  1 -11.930   1.027   2.362   0.355 -10.570   0.000 +1E01FM000t
00044 HIS+1A0008_044 f 0.00  1.000     0  6.98  0  1 -12.009  -0.411   0.346   0.431 -10.678   0.000 +1T005M000t
00045 HIS+1A0008_045 f 0.00  1.000     0  6.98  0  1 -11.609   0.608   0.255   0.221 -10.540   0.000 +1T00AM000t
00046 HIS+1A0008_046 f 0.00  1.000     0  6.98  0  1 -11.809   4.678   2.366   0.807 -10.664   0.000 +1T00CM000t
00047 HIS+1A0008_047 f 0.00  1.000     0  6.98  0  1 -11.615   3.128   2.346   0.722 -10.625   0.000 +1T00EM000t
00048 HIS+1A0008_048 f 0.00  1.000     0  6.98  0  1 -12.084  -0.388   0.307   0.548 -10.649   0.000 +1T013M000t
00049 HIS+1A0008_049 f 0.00  1.000     0  6.98  0  1 -11.914   2.546   2.256   0.525 -10.543   0.000 +1T014M000t
00050 HIS+1A0008_050 f 0.00  1.000     0  6.98  0  1 -12.046   0.058   2.367   0.486 -10.718   0.000 +1T016M000t
00051 HIS+1A0008_051 f 0.00  1.000     0  6.98  0  1 -11.897   1.438   2.230   0.478 -10.673   0.000 +1T017M000t
00052 HIS+1A0008_052 f 0.00  1.000     0  6.98  0  1 -12.428   1.693   0.237   0.488 -10.459   0.000 +1T019M000t
00053 HIS+1A0008_053 f 0.00  1.000     0  6.98  0  1 -12.265  -0.416   0.346   0.396 -10.692   0.000 +1T01BM000t
00054 HIS+1A0008_054 f 0.00  1.000     0  6.98  0  1 -12.100   0.692   0.256   0.508 -10.726   0.000 +1T01CM000t
00055 HIS+1A0008_055 f 0.00  1.000     0  6.98  0  1 -12.124   2.586   2.330   0.270 -10.606   0.000 +1T020M000t
