   confID        vdw0    sas     sum
HIS01A0008_001  -0.165 -11.245 -11.409
HIS01A0008_002  -0.109 -11.383 -11.492
HIS01A0008_003  -0.261 -11.702 -11.963
HIS01A0008_004  -0.147 -11.956 -12.103
HIS01A0008_005  -0.332 -11.596 -11.927
HIS01A0008_006  -0.113 -11.887 -12.000
HIS01A0008_007  -0.231 -11.504 -11.735
HIS01A0008_008  -0.327 -12.058 -12.385
HIS01A0008_009  -0.130 -11.595 -11.725
HIS01A0008_010  -0.264 -11.946 -12.209
HIS01A0008_011  -0.104 -11.841 -11.945
HIS01A0008_012  -0.139 -11.887 -12.027
HIS01A0008_013  -0.153 -11.705 -11.858
HIS01A0008_014  -0.168 -11.986 -12.154
HIS01A0008_015  -0.171 -11.728 -11.899
HIS01A0008_016  -0.133 -11.499 -11.632
HIS01A0008_017  -0.236 -12.125 -12.360
HIS02A0008_018  -0.183 -11.245 -11.428
HIS02A0008_019  -0.138 -11.398 -11.536
HIS02A0008_020  -0.185 -11.935 -12.120
HIS02A0008_021  -0.281 -11.532 -11.813
HIS02A0008_022  -0.157 -11.502 -11.660
HIS02A0008_023  -0.167 -11.956 -12.124
HIS02A0008_024  -0.255 -11.553 -11.808
HIS02A0008_025  -0.131 -12.107 -12.238
HIS02A0008_026  -0.160 -11.553 -11.712
HIS02A0008_027  -0.126 -11.776 -11.902
HIS02A0008_028  -0.162 -11.887 -12.049
HIS02A0008_029  -0.174 -11.937 -12.111
HIS02A0008_030  -0.188 -11.792 -11.980
HIS02A0008_031  -0.251 -11.333 -11.584
HIS02A0008_032  -0.343 -11.544 -11.888
HIS02A0008_033  -0.133 -11.955 -12.088
HIS02A0008_034  -0.343 -12.011 -12.354
HIS02A0008_035  -0.251 -11.822 -12.073
HIS02A0008_036  -0.286 -11.767 -12.052
HIS+1A0008_037  -0.209 -11.245 -11.454
HIS+1A0008_038  -0.164 -11.398 -11.562
HIS+1A0008_039  -0.200 -11.754 -11.954
HIS+1A0008_040  -0.211 -11.986 -12.198
HIS+1A0008_041  -0.185 -11.681 -11.866
HIS+1A0008_042  -0.311 -11.795 -12.106
HIS+1A0008_043  -0.153 -11.776 -11.930
HIS+1A0008_044  -0.213 -11.796 -12.009
HIS+1A0008_045  -0.276 -11.333 -11.609
HIS+1A0008_046  -0.307 -11.503 -11.809
HIS+1A0008_047  -0.184 -11.430 -11.615
HIS+1A0008_048  -0.195 -11.889 -12.084
HIS+1A0008_049  -0.370 -11.544 -11.914
HIS+1A0008_050  -0.158 -11.887 -12.046
HIS+1A0008_051  -0.282 -11.614 -11.897
HIS+1A0008_052  -0.370 -12.058 -12.428
HIS+1A0008_053  -0.158 -12.107 -12.265
HIS+1A0008_054  -0.277 -11.822 -12.100
HIS+1A0008_055  -0.188 -11.936 -12.124
