CONFORMER         crg  vdw0  vdw1  tors  epol  self   occ  Hb     history    ASA
LEU01A0125_001  0.000-10.19 -0.12  0.57  0.00 -9.74 0.522  00  01O000M000  1.000
LEU01A0125_002  0.000-10.08  1.49  0.57  0.00 -8.02 0.521  00  01R001M000  1.000
LEU01A0125_003  0.000 -9.95  1.03  3.35  0.00 -5.56 0.519  00  01R002M000  1.000
LEU01A0125_004  0.000-10.05  0.85  0.98  0.00 -8.22 0.521  00  01R003M000  1.000
LEU01A0125_005  0.000-10.23 -0.06  0.35  0.00 -9.95 0.518  00  01R004M000  1.000
LEU01A0125_006  0.000-10.01 -0.05  0.81  0.00 -9.25 0.520  00  01R007M000  1.000
LEU01A0125_007  0.000-10.22  0.11  0.98  0.00 -9.14 0.521  00  01R00AM000  1.000
LEU01A0125_008  0.000-10.11  0.12  0.77  0.00 -9.21 0.521  00  01R00DM000  1.000
LEU01A0125_009  0.000-10.25 -0.20  0.81  0.00 -9.65 0.519  00  01R00EM000  1.000
LEU01A0125_010  0.000 -9.89  2.65  3.56  0.00 -3.68 0.519  00  01R00FM000  1.000
LEU01A0125_011  0.000-10.26  2.81  0.95  0.00 -6.50 0.519  00  01R011M000  1.000
LEU01A0125_012  0.000 -9.70 -0.04  0.81  0.00 -8.94 0.520  00  01R013M000  1.000
LEU01A0125_013  0.000-10.04  0.89  3.77  0.00 -5.38 0.522  00  01R014M000  1.000
LEU01A0125_014  0.000-10.10  1.22  3.13  0.00 -5.74 0.522  00  01R015M000  1.000
LEU01A0125_015  0.000 -9.98  2.43  3.13  0.00 -4.42 0.521  00  01R016M000  1.000
LEU01A0125_016  0.000-10.18  3.14  0.35  0.00 -6.69 0.518  00  01T005M000  1.000
LEU01A0125_017  0.000-10.16  2.09  3.54  0.00 -4.53 0.518  00  01T008M000  1.000
LEU01A0125_018  0.000-10.14  3.74  3.57  0.00 -2.84 0.523  00  01T009M000  1.000
LEU01A0125_019  0.000-10.01  2.11  0.34  0.00 -7.56 0.518  00  01T00CM000  1.000
LEU01A0125_020  0.000 -9.99  3.95  3.57  0.00 -2.47 0.521  00  01T010M000  1.000
