   confID        vdw0    sas     sum
LEU01A0125_001   1.772 -11.960 -10.188
LEU01A0125_002   1.774 -11.857 -10.083
LEU01A0125_003   1.776 -11.773  -9.997
LEU01A0125_004   2.048 -12.099 -10.051
LEU01A0125_005   1.747 -11.979 -10.233
LEU01A0125_006   1.914 -11.928 -10.014
LEU01A0125_007   2.045 -12.218 -10.173
LEU01A0125_008   1.771 -11.876 -10.106
LEU01A0125_009   1.914 -12.169 -10.255
LEU01A0125_010   1.750 -11.635  -9.885
LEU01A0125_011   1.830 -12.083 -10.253
LEU01A0125_012   1.914 -11.619  -9.705
LEU01A0125_013   2.045 -12.083 -10.038
LEU01A0125_014   1.748 -11.841 -10.093
LEU01A0125_015   1.827 -11.809  -9.982
LEU01A0125_016   1.777 -11.960 -10.183
LEU01A0125_017   1.749 -11.841 -10.092
LEU01A0125_018   1.888 -12.031 -10.143
LEU01A0125_019   1.775 -11.790 -10.014
LEU01A0125_020   1.894 -11.876  -9.983
