iConf CONFORMER     FL  occ    crg   Em0  pKa0 ne nH    vdw0    vdw1    tors    epol   dsolv   extra    history
00001 LYS01A0127_001 f 0.00  0.000     0  0.00  0  0 -11.509   0.486   1.021   0.000  -0.201   0.000 01O000M000t
00002 LYS01A0127_002 f 0.00  0.000     0  0.00  0  0 -11.146  -0.057   1.548  -0.022  -0.189   0.000 01E004M000t
00003 LYS01A0127_003 f 0.00  0.000     0  0.00  0  0  -9.450   1.636   4.667  -0.010  -0.206   0.000 01E01EM000t
00004 LYS01A0127_004 f 0.00  0.000     0  0.00  0  0 -12.516   0.473   0.851  -0.006  -0.212   0.000 01E074M000t
00005 LYS01A0127_005 f 0.00  0.000     0  0.00  0  0 -11.214   0.920   3.568  -0.020  -0.199   0.000 01E0A7M000t
00006 LYS01A0127_006 f 0.00  0.000     0  0.00  0  0 -10.959   0.075   4.436  -0.011  -0.212   0.000 01E0B7M000t
00007 LYS01A0127_007 f 0.00  0.000     0  0.00  0  0 -10.890   1.566   7.070  -0.008  -0.202   0.000 01E100M000t
00008 LYS01A0127_008 f 0.00  0.000     0  0.00  0  0 -11.557   0.955   4.214  -0.008  -0.205   0.000 01E144M000t
00009 LYS01A0127_009 f 0.00  0.000     0  0.00  0  0 -10.920   1.057   4.441  -0.038  -0.196   0.000 01E15CM000t
00010 LYS01A0127_010 f 0.00  0.000     0  0.00  0  0 -11.432   3.471   6.442  -0.005  -0.205   0.000 01E188M000t
00011 LYS01A0127_011 f 0.00  0.000     0  0.00  0  0 -10.789   0.472   1.457   0.000  -0.200   0.000 01T02CM000t
00012 LYS01A0127_012 f 0.00  0.000     0  0.00  0  0 -11.918   0.950   6.290  -0.005  -0.201   0.000 01T063M000t
00013 LYS01A0127_013 f 0.00  0.000     0  0.00  0  0 -12.772   1.452   0.942  -0.009  -0.207   0.000 01T07EM000t
00014 LYS01A0127_014 f 0.00  0.000     0  0.00  0  0 -11.074   0.920   1.523  -0.009  -0.192   0.000 01T085M000t
00015 LYS01A0127_015 f 0.00  0.000     0  0.00  0  0 -10.797   0.122   4.302  -0.006  -0.209   0.000 01T0D0M000t
00016 LYS01A0127_016 f 0.00  0.000     0  0.00  0  0 -10.082   1.672   4.657  -0.006  -0.207   0.000 01T0E4M000t
00017 LYS01A0127_017 f 0.00  0.000     0  0.00  0  0 -10.882   1.254   6.910  -0.010  -0.204   0.000 01T10AM000t
00018 LYS01A0127_018 f 0.00  0.000     0  0.00  0  0 -10.527   0.755   4.186  -0.008  -0.204   0.000 01T11CM000t
00019 LYS01A0127_019 f 0.00  0.000     0  0.00  0  0 -11.957   3.473   3.913  -0.006  -0.210   0.000 01T14FM000t
00020 LYS01A0127_020 f 0.00  0.000     0  0.00  0  0  -9.650   0.851   4.880  -0.012  -0.209   0.000 01T15BM000t
00021 LYS+1A0127_021 f 0.00  1.000     0 10.40  0  1 -11.571   0.484   1.021   0.015  -3.061   0.000 +1O000M000t
00022 LYS+1A0127_022 f 0.00  1.000     0 10.40  0  1 -10.924   0.476   1.460   0.072  -3.050   0.000 +1E02CM000t
00023 LYS+1A0127_023 f 0.00  1.000     0 10.40  0  1 -11.190   0.917   1.529   0.078  -3.051   0.000 +1E085M000t
00024 LYS+1A0127_024 f 0.00  1.000     0 10.40  0  1 -11.005   0.069   4.437   0.017  -3.094   0.000 +1E0B7M000t
00025 LYS+1A0127_025 f 0.00  1.000     0 10.40  0  1 -10.848   0.120   4.306   0.018  -3.101   0.000 +1E0D0M000t
00026 LYS+1A0127_026 f 0.00  1.000     0 10.40  0  1 -10.967   1.566   7.076   0.037  -3.052   0.000 +1E100M000t
00027 LYS+1A0127_027 f 0.00  1.000     0 10.40  0  1 -11.055   1.268   6.920  -0.016  -3.082   0.000 +1E10AM000t
00028 LYS+1A0127_028 f 0.00  1.000     0 10.40  0  1 -11.643   0.985   4.239   0.029  -3.099   0.000 +1E144M000t
00029 LYS+1A0127_029 f 0.00  1.000     0 10.40  0  1 -12.050   3.476   3.918   0.045  -3.105   0.000 +1E14FM000t
00030 LYS+1A0127_030 f 0.00  1.000     0 10.40  0  1 -11.131  -0.071   1.550  -0.047  -3.002   0.000 +1T004M000t
00031 LYS+1A0127_031 f 0.00  1.000     0 10.40  0  1  -9.480   1.637   4.675   0.040  -3.051   0.000 +1T01EM000t
00032 LYS+1A0127_032 f 0.00  1.000     0 10.40  0  1 -12.001   0.949   6.294   0.017  -3.123   0.000 +1T063M000t
00033 LYS+1A0127_033 f 0.00  1.000     0 10.40  0  1 -12.559   0.474   0.851   0.039  -3.106   0.000 +1T074M000t
00034 LYS+1A0127_034 f 0.00  1.000     0 10.40  0  1 -12.815   1.461   0.945   0.053  -3.115   0.000 +1T07EM000t
00035 LYS+1A0127_035 f 0.00  1.000     0 10.40  0  1 -11.305   0.915   3.571   0.115  -3.015   0.000 +1T0A7M000t
00036 LYS+1A0127_036 f 0.00  1.000     0 10.40  0  1 -10.138   1.672   4.660   0.054  -3.101   0.000 +1T0E4M000t
00037 LYS+1A0127_037 f 0.00  1.000     0 10.40  0  1 -10.700   0.756   4.205   0.054  -3.089   0.000 +1T11CM000t
00038 LYS+1A0127_038 f 0.00  1.000     0 10.40  0  1  -9.649   0.853   4.882   0.065  -3.107   0.000 +1T15BM000t
00039 LYS+1A0127_039 f 0.00  1.000     0 10.40  0  1 -10.996   1.059   4.450   0.055  -3.032   0.000 +1T15CM000t
00040 LYS+1A0127_040 f 0.00  1.000     0 10.40  0  1 -11.424   3.470   6.442   0.050  -3.078   0.000 +1T188M000t
