CONFORMER         crg  vdw0  vdw1  tors  epol  self   occ  Hb     history    ASA
LYS01A0127_001  0.000-11.51  0.49  1.02  0.00-10.00 0.501  00  01O000M000  1.000
LYS01A0127_002  0.000-11.14 -0.06  1.55  0.00 -9.65 0.502  00  01E004M000  1.000
LYS01A0127_003  0.000 -9.45  1.64  4.67  0.00 -3.14 0.502  00  01E01EM000  1.000
LYS01A0127_004  0.000-12.52  0.47  0.85  0.00-11.19 0.501  00  01E074M000  1.000
LYS01A0127_005  0.000-11.22  0.92  3.57  0.00 -6.73 0.501  00  01E0A7M000  1.000
LYS01A0127_006  0.000-10.96  0.08  4.44  0.00 -6.45 0.501  00  01E0B7M000  1.000
LYS01A0127_007  0.000-10.89  1.57  7.07  0.00 -2.25 0.501  00  01E100M000  1.000
LYS01A0127_008  0.000-11.55  0.96  4.21  0.00 -6.38 0.501  00  01E144M000  1.000
LYS01A0127_009  0.000-10.92  1.06  4.44  0.00 -5.42 0.501  00  01E15CM000  1.000
LYS01A0127_010  0.000-11.43  3.48  6.44  0.00 -1.51 0.501  00  01E188M000  1.000
LYS01A0127_011  0.000-10.79  0.47  1.46  0.00 -8.86 0.502  00  01T02CM000  1.000
LYS01A0127_012  0.000-11.92  0.95  6.29  0.00 -4.67 0.501  00  01T063M000  1.000
LYS01A0127_013  0.000-12.77  1.46  0.94  0.00-10.37 0.502  00  01T07EM000  1.000
LYS01A0127_014  0.000-11.04  0.92  1.52  0.00 -8.59 0.501  00  01T085M000  1.000
LYS01A0127_015  0.000-10.80  0.12  4.30  0.00 -6.37 0.502  00  01T0D0M000  1.000
LYS01A0127_016  0.000-10.08  1.67  4.66  0.00 -3.75 0.501  00  01T0E4M000  1.000
LYS01A0127_017  0.000-10.92  1.26  6.91  0.00 -2.75 0.501  00  01T10AM000  1.000
LYS01A0127_018  0.000-10.52  0.75  4.19  0.00 -5.58 0.501  00  01T11CM000  1.000
LYS01A0127_019  0.000-11.96  3.47  3.91  0.00 -4.57 0.501  00  01T14FM000  1.000
LYS01A0127_020  0.000 -9.65  0.85  4.88  0.00 -3.92 0.501  00  01T15BM000  1.000
LYS+1A0127_021  1.000-11.57  0.48  1.02  0.00-10.07 0.501  00  +1O000M000  1.000
LYS+1A0127_022  1.000-10.92  0.47  1.46  0.00 -8.99 0.502  00  +1E02CM000  1.000
LYS+1A0127_023  1.000-11.19  0.92  1.53  0.00 -8.75 0.501  00  +1E085M000  1.000
LYS+1A0127_024  1.000-11.01  0.07  4.44  0.00 -6.50 0.501  00  +1E0B7M000  1.000
LYS+1A0127_025  1.000-10.88  0.12  4.31  0.00 -6.46 0.502  00  +1E0D0M000  1.000
LYS+1A0127_026  1.000-10.96  1.57  7.08  0.00 -2.32 0.501  00  +1E100M000  1.000
LYS+1A0127_027  1.000-11.06  1.27  6.92  0.00 -2.87 0.501  00  +1E10AM000  1.000
LYS+1A0127_028  1.000-11.64  0.99  4.24  0.00 -6.41 0.501  00  +1E144M000  1.000
LYS+1A0127_029  1.000-12.05  3.47  3.92  0.00 -4.66 0.501  00  +1E14FM000  1.000
LYS+1A0127_030  1.000-11.13 -0.07  1.55  0.00 -9.66 0.502  00  +1T004M000  1.000
LYS+1A0127_031  1.000 -9.48  1.64  4.68  0.00 -3.16 0.502  00  +1T01EM000  1.000
LYS+1A0127_032  1.000-12.00  0.95  6.29  0.00 -4.76 0.501  00  +1T063M000  1.000
LYS+1A0127_033  1.000-12.56  0.47  0.85  0.00-11.23 0.501  00  +1T074M000  1.000
LYS+1A0127_034  1.000-12.81  1.46  0.94  0.00-10.41 0.502  00  +1T07EM000  1.000
LYS+1A0127_035  1.000-11.31  0.91  3.57  0.00 -6.83 0.501  00  +1T0A7M000  1.000
LYS+1A0127_036  1.000-10.14  1.68  4.66  0.00 -3.80 0.501  00  +1T0E4M000  1.000
LYS+1A0127_037  1.000-10.70  0.76  4.21  0.00 -5.74 0.501  00  +1T11CM000  1.000
LYS+1A0127_038  1.000 -9.66  0.85  4.88  0.00 -3.92 0.501  00  +1T15BM000  1.000
LYS+1A0127_039  1.000-10.99  1.06  4.45  0.00 -5.49 0.501  00  +1T15CM000  1.000
LYS+1A0127_040  1.000-11.49  3.47  6.44  0.00 -1.58 0.501  00  +1T188M000  1.000
