   confID        vdw0    sas     sum
LYS01A0127_001   1.015 -12.525 -11.509
LYS01A0127_002   1.421 -12.567 -11.146
LYS01A0127_003   2.995 -12.445  -9.450
LYS01A0127_004   0.366 -12.882 -12.516
LYS01A0127_005   1.298 -12.513 -11.214
LYS01A0127_006   1.362 -12.321 -10.959
LYS01A0127_007   1.291 -12.180 -10.890
LYS01A0127_008   1.373 -12.930 -11.557
LYS01A0127_009   1.322 -12.242 -10.920
LYS01A0127_010   0.806 -12.238 -11.432
LYS01A0127_011   1.475 -12.264 -10.789
LYS01A0127_012   0.755 -12.672 -11.918
LYS01A0127_013   0.271 -13.042 -12.772
LYS01A0127_014   1.219 -12.293 -11.074
LYS01A0127_015   1.544 -12.341 -10.797
LYS01A0127_016   2.558 -12.640 -10.082
LYS01A0127_017   1.401 -12.283 -10.882
LYS01A0127_018   2.106 -12.633 -10.527
LYS01A0127_019   0.982 -12.939 -11.957
LYS01A0127_020   3.115 -12.765  -9.650
LYS+1A0127_021   0.954 -12.525 -11.571
LYS+1A0127_022   1.408 -12.332 -10.924
LYS+1A0127_023   1.132 -12.322 -11.190
LYS+1A0127_024   1.316 -12.321 -11.005
LYS+1A0127_025   1.490 -12.337 -10.848
LYS+1A0127_026   1.213 -12.180 -10.967
LYS+1A0127_027   1.351 -12.405 -11.055
LYS+1A0127_028   1.325 -12.968 -11.643
LYS+1A0127_029   0.941 -12.991 -12.050
LYS+1A0127_030   1.385 -12.516 -11.131
LYS+1A0127_031   2.965 -12.445  -9.480
LYS+1A0127_032   0.711 -12.711 -12.001
LYS+1A0127_033   0.323 -12.882 -12.559
LYS+1A0127_034   0.228 -13.042 -12.815
LYS+1A0127_035   1.207 -12.513 -11.305
LYS+1A0127_036   2.502 -12.640 -10.138
LYS+1A0127_037   2.036 -12.736 -10.700
LYS+1A0127_038   3.078 -12.727  -9.649
LYS+1A0127_039   1.246 -12.242 -10.996
LYS+1A0127_040   0.747 -12.170 -11.424
