CONFORMER         crg  vdw0  vdw1  tors  epol  self   occ  Hb     history    ASA
GLU01A0067_001  0.000 -2.95  0.28  4.54  0.00  1.87 0.520  00  01O000M000  1.006
GLU01A0067_002  0.000 -4.02  0.94  4.13  0.00  1.06 0.518  00  01E015M000  1.000
GLU01A0067_003  0.000 -4.27 -0.17  4.51  0.00  0.07 0.521  00  01E018M000  1.033
GLU01A0067_004  0.000 -2.95  0.28  1.82  0.00 -0.85 0.520  00  01O000M000  1.006
GLU01A0067_005  0.000 -3.89  0.19  4.35  0.00  0.65 0.522  00  01T006M000  1.003
GLU01A0067_006  0.000 -3.41  1.35  3.92  0.00  1.86 0.522  00  01T008M000  1.018
GLU01A0067_007  0.000 -3.82  1.16  4.42  0.00  1.75 0.520  00  01T009M000  1.000
GLU01A0067_008  0.000 -3.66  1.22  3.91  0.00  1.48 0.520  00  01T00CM000  1.046
GLU01A0067_009  0.000 -4.34  1.55  5.22  0.00  2.43 0.522  00  01T011M000  1.000
GLU01A0067_010  0.000 -3.03  1.39  3.90  0.00  2.26 0.524  00  01T001M000  1.003
GLU01A0067_011  0.000 -4.04  1.28  4.30  0.00  1.54 0.518  00  01T00AM000  1.092
GLU01A0067_012  0.000 -4.16  1.58  4.35  0.00  1.77 0.520  00  01T00DM000  1.070
GLU01A0067_013  0.000 -3.72 -0.05  4.55  0.00  0.78 0.520  00  01T012M000  1.005
GLU01A0067_014  0.000 -4.38  2.52  4.65  0.00  2.79 0.518  00  01T014M000  1.008
GLU01A0067_015  0.000 -3.92  1.39  4.15  0.00  1.63 0.520  00  01T016M000  1.011
GLU01A0067_016  0.000 -3.41  1.35  1.20  0.00 -0.86 0.522  00  01T008M000  1.018
GLU01A0067_017  0.000 -3.93  1.37  1.44  0.00 -1.12 0.520  00  01T016M000  1.014
GLU01A0067_018  0.000 -4.04  1.28  1.58  0.00 -1.18 0.518  00  01T00AM000  1.092
GLU01A0067_019  0.000 -3.65  1.22  1.18  0.00 -1.24 0.520  00  01T00CM000  1.046
GLU01A0067_020  0.000 -4.16  1.58  1.63  0.00 -0.95 0.520  00  01T00DM000  1.070
GLU01A0067_021  0.000 -4.49 -0.02  2.04  0.00 -2.47 0.522  00  01T00FM000  1.068
GLU01A0067_022  0.000 -3.72 -0.05  1.83  0.00 -1.94 0.520  00  01T012M000  1.005
GLU01A0067_023  0.000 -4.47  2.52  1.93  0.00 -0.02 0.518  00  01T014M000  1.027
GLU01A0067_024  0.000 -4.21 -0.18  1.74  0.00 -2.66 0.521  00  01T018M000  1.034
GLU02A0067_025  0.000 -3.34  0.28  4.54  0.00  1.48 0.520  00  02O000M000  1.019
GLU02A0067_026  0.000 -4.02  1.17  4.50  0.00  1.66 0.520  00  02E009M000  1.000
GLU02A0067_027  0.000 -3.52  1.20  3.94  0.00  1.61 0.520  00  02E00CM000  1.062
GLU02A0067_028  0.000 -4.38 -0.21  4.50  0.00 -0.09 0.521  00  02E018M000  1.026
GLU02A0067_029  0.000 -3.34  0.28  1.82  0.00 -1.24 0.520  00  02O000M000  1.019
GLU02A0067_030  0.000 -3.21  1.27  1.18  0.00 -0.77 0.517  00  02E003M000  1.000
GLU02A0067_031  0.000 -3.84  1.29  1.56  0.00 -0.99 0.518  00  02E00AM000  1.090
GLU02A0067_032  0.000 -4.54 -0.01  2.02  0.00 -2.53 0.522  00  02E00FM000  1.072
GLU02A0067_033  0.000 -3.62 -0.03  1.80  0.00 -1.84 0.520  00  02E012M000  1.026
GLU02A0067_034  0.000 -3.67  0.18  4.34  0.00  0.85 0.522  00  02T006M000  1.003
GLU02A0067_035  0.000 -3.15  1.36  3.91  0.00  2.12 0.522  00  02T008M000  1.014
GLU02A0067_036  0.000 -3.84  1.29  4.27  0.00  1.72 0.518  00  02T00AM000  1.090
GLU02A0067_037  0.000 -4.54 -0.01  4.73  0.00  0.17 0.522  00  02T00FM000  1.072
GLU02A0067_038  0.000 -3.57 -0.03  4.52  0.00  0.93 0.520  00  02T012M000  1.015
GLU02A0067_039  0.000 -3.82  1.01  4.09  0.00  1.28 0.518  00  02T015M000  1.003
GLU02A0067_040  0.000 -3.83  1.66  4.14  0.00  1.97 0.520  00  02T016M000  1.008
GLU02A0067_041  0.000 -3.28  1.32  1.20  0.00 -0.76 0.522  00  02T008M000  1.014
GLU02A0067_042  0.000 -3.91  1.51  1.42  0.00 -0.99 0.520  00  02T016M000  1.008
GLU02A0067_043  0.000 -4.47 -0.21  1.72  0.00 -2.96 0.521  00  02T018M000  1.045
GLU02A0067_044  0.000 -4.17  1.59  1.60  0.00 -0.98 0.520  00  02T00DM000  1.062
GLU02A0067_045  0.000 -3.82  1.01  1.37  0.00 -1.44 0.518  00  02T015M000  1.003
GLU-1A0067_046 -1.000 -3.20  0.29  1.82  0.00 -1.09 0.520  00  -1O000M000  1.006
GLU-1A0067_047 -1.000 -3.17  1.19  1.22  0.00 -0.76 0.520  00  -1E002M000  1.008
GLU-1A0067_048 -1.000 -3.42  1.31  1.16  0.00 -0.95 0.522  00  -1E008M000  1.015
GLU-1A0067_049 -1.000 -3.71  1.18  1.16  0.00 -1.38 0.520  00  -1E00CM000  1.054
GLU-1A0067_050 -1.000 -4.27  1.61  1.64  0.00 -1.02 0.520  00  -1E00DM000  1.054
GLU-1A0067_051 -1.000 -4.52 -0.01  2.01  0.00 -2.51 0.522  00  -1E00FM000  1.076
GLU-1A0067_052 -1.000 -3.81 -0.03  1.75  0.00 -2.08 0.520  00  -1E012M000  1.018
GLU-1A0067_053 -1.000 -3.99  0.93  1.35  0.00 -1.71 0.518  00  -1E015M000  1.000
GLU-1A0067_054 -1.000 -3.99  1.43  1.39  0.00 -1.17 0.520  00  -1E016M000  1.006
GLU-1A0067_055 -1.000 -4.31 -0.18  1.70  0.00 -2.79 0.521  00  -1E018M000  1.033
