iConf CONFORMER     FL  occ    crg   Em0  pKa0 ne nH    vdw0    vdw1    tors    epol   dsolv   extra    history
00001 GLU01A0067_001 f 0.00  0.000     0  0.00  0  0  -2.948   0.274   4.538   0.054  -1.185   0.000 01O000M000t
00002 GLU01A0067_002 f 0.00  0.000     0  0.00  0  0  -4.016   0.941   4.133   0.101  -1.263   0.000 01E015M000t
00003 GLU01A0067_003 f 0.00  0.000     0  0.00  0  0  -4.272  -0.166   4.507   0.112  -1.235   0.000 01E018M000t
00004 GLU01A0067_004 f 0.00  0.000     0  0.00  0  0  -2.948   0.274   1.818   0.016  -0.884   0.000 01O000M000t
00005 GLU01A0067_005 f 0.00  0.000     0  0.00  0  0  -3.889   0.189   4.349   0.013  -1.330   0.000 01T006M000t
00006 GLU01A0067_006 f 0.00  0.000     0  0.00  0  0  -3.411   1.352   3.917   0.027  -1.327   0.000 01T008M000t
00007 GLU01A0067_007 f 0.00  0.000     0  0.00  0  0  -3.824   1.160   4.416   0.052  -1.246   0.000 01T009M000t
00008 GLU01A0067_008 f 0.00  0.000     0  0.00  0  0  -3.661   1.220   3.914   0.051  -1.306   0.000 01T00CM000t
00009 GLU01A0067_009 f 0.00  0.000     0  0.00  0  0  -4.345   1.547   5.224   0.131  -1.170   0.000 01T011M000t
00010 GLU01A0067_010 f 0.00  0.000     0  0.00  0  0  -3.029   1.385   3.900   0.046  -1.169   0.000 01T001M000t
00011 GLU01A0067_011 f 0.00  0.000     0  0.00  0  0  -4.040   1.282   4.298   0.039  -1.300   0.000 01T00AM000t
00012 GLU01A0067_012 f 0.00  0.000     0  0.00  0  0  -4.158   1.581   4.348   0.081  -1.222   0.000 01T00DM000t
00013 GLU01A0067_013 f 0.00  0.000     0  0.00  0  0  -3.724  -0.048   4.547   0.081  -1.338   0.000 01T012M000t
00014 GLU01A0067_014 f 0.00  0.000     0  0.00  0  0  -4.376   2.527   4.647   0.382  -1.118   0.000 01T014M000t
00015 GLU01A0067_015 f 0.00  0.000     0  0.00  0  0  -3.916   1.391   4.154   0.113  -1.268   0.000 01T016M000t
00016 GLU01A0067_016 f 0.00  0.000     0  0.00  0  0  -3.411   1.352   1.197   0.012  -0.849   0.000 01T008M000t
00017 GLU01A0067_017 f 0.00  0.000     0  0.00  0  0  -3.932   1.369   1.439   0.080  -0.826   0.000 01T016M000t
00018 GLU01A0067_018 f 0.00  0.000     0  0.00  0  0  -4.040   1.282   1.578   0.019  -0.832   0.000 01T00AM000t
00019 GLU01A0067_019 f 0.00  0.000     0  0.00  0  0  -3.651   1.219   1.185   0.033  -0.851   0.000 01T00CM000t
00020 GLU01A0067_020 f 0.00  0.000     0  0.00  0  0  -4.158   1.581   1.628   0.035  -0.861   0.000 01T00DM000t
00021 GLU01A0067_021 f 0.00  0.000     0  0.00  0  0  -4.491  -0.017   2.038   0.019  -0.867   0.000 01T00FM000t
00022 GLU01A0067_022 f 0.00  0.000     0  0.00  0  0  -3.724  -0.048   1.827   0.049  -0.842   0.000 01T012M000t
00023 GLU01A0067_023 f 0.00  0.000     0  0.00  0  0  -4.466   2.527   1.927  -0.008  -0.887   0.000 01T014M000t
00024 GLU01A0067_024 f 0.00  0.000     0  0.00  0  0  -4.212  -0.183   1.736   0.069  -0.853   0.000 01T018M000t
00025 GLU02A0067_025 f 0.00  0.000     0  0.00  0  0  -3.340   0.282   4.538   0.022  -1.317   0.000 02O000M000t
00026 GLU02A0067_026 f 0.00  0.000     0  0.00  0  0  -4.015   1.165   4.504   0.039  -1.331   0.000 02E009M000t
00027 GLU02A0067_027 f 0.00  0.000     0  0.00  0  0  -3.517   1.197   3.936   0.058  -1.218   0.000 02E00CM000t
00028 GLU02A0067_028 f 0.00  0.000     0  0.00  0  0  -4.377  -0.215   4.502   0.000  -1.205   0.000 02E018M000t
00029 GLU02A0067_029 f 0.00  0.000     0  0.00  0  0  -3.340   0.282   1.818   0.012  -0.856   0.000 02O000M000t
00030 GLU02A0067_030 f 0.00  0.000     0  0.00  0  0  -3.210   1.268   1.178   0.029  -0.856   0.000 02E003M000t
00031 GLU02A0067_031 f 0.00  0.000     0  0.00  0  0  -3.839   1.286   1.559   0.019  -0.873   0.000 02E00AM000t
00032 GLU02A0067_032 f 0.00  0.000     0  0.00  0  0  -4.540  -0.013   2.024   0.017  -0.879   0.000 02E00FM000t
00033 GLU02A0067_033 f 0.00  0.000     0  0.00  0  0  -3.623  -0.030   1.804   0.030  -0.833   0.000 02E012M000t
00034 GLU02A0067_034 f 0.00  0.000     0  0.00  0  0  -3.669   0.176   4.341   0.057  -1.220   0.000 02T006M000t
00035 GLU02A0067_035 f 0.00  0.000     0  0.00  0  0  -3.154   1.355   3.909   0.059  -1.205   0.000 02T008M000t
00036 GLU02A0067_036 f 0.00  0.000     0  0.00  0  0  -3.841   1.289   4.274   0.057  -1.241   0.000 02T00AM000t
00037 GLU02A0067_037 f 0.00  0.000     0  0.00  0  0  -4.540  -0.013   4.726   0.027  -1.349   0.000 02T00FM000t
00038 GLU02A0067_038 f 0.00  0.000     0  0.00  0  0  -3.570  -0.029   4.523   0.096  -1.148   0.000 02T012M000t
00039 GLU02A0067_039 f 0.00  0.000     0  0.00  0  0  -3.817   1.009   4.089   0.063  -1.223   0.000 02T015M000t
00040 GLU02A0067_040 f 0.00  0.000     0  0.00  0  0  -3.824   1.656   4.140   0.120  -1.169   0.000 02T016M000t
00041 GLU02A0067_041 f 0.00  0.000     0  0.00  0  0  -3.285   1.327   1.204   0.016  -0.872   0.000 02T008M000t
00042 GLU02A0067_042 f 0.00  0.000     0  0.00  0  0  -3.911   1.506   1.420   0.068  -0.838   0.000 02T016M000t
00043 GLU02A0067_043 f 0.00  0.000     0  0.00  0  0  -4.467  -0.215   1.723   0.044  -0.844   0.000 02T018M000t
00044 GLU02A0067_044 f 0.00  0.000     0  0.00  0  0  -4.206   1.587   1.602   0.025  -0.861   0.000 02T00DM000t
00045 GLU02A0067_045 f 0.00  0.000     0  0.00  0  0  -3.817   1.009   1.369   0.024  -0.839   0.000 02T015M000t
00046 GLU-1A0067_046 f 0.00 -1.000     0  4.75  0 -1  -3.198   0.291   1.818  -0.064  -7.481   0.000 -1O000M000t
00047 GLU-1A0067_047 f 0.00 -1.000     0  4.75  0 -1  -3.168   1.192   1.217  -0.071  -7.459   0.000 -1E002M000t
00048 GLU-1A0067_048 f 0.00 -1.000     0  4.75  0 -1  -3.425   1.310   1.164  -0.073  -7.480   0.000 -1E008M000t
00049 GLU-1A0067_049 f 0.00 -1.000     0  4.75  0 -1  -3.715   1.183   1.157  -0.066  -7.478   0.000 -1E00CM000t
00050 GLU-1A0067_050 f 0.00 -1.000     0  4.75  0 -1  -4.268   1.606   1.646  -0.056  -7.488   0.000 -1E00DM000t
00051 GLU-1A0067_051 f 0.00 -1.000     0  4.75  0 -1  -4.519  -0.008   2.015  -0.058  -7.491   0.000 -1E00FM000t
00052 GLU-1A0067_052 f 0.00 -1.000     0  4.75  0 -1  -3.808  -0.030   1.753  -0.042  -7.387   0.000 -1E012M000t
00053 GLU-1A0067_053 f 0.00 -1.000     0  4.75  0 -1  -3.991   0.931   1.353  -0.171  -7.386   0.000 -1E015M000t
00054 GLU-1A0067_054 f 0.00 -1.000     0  4.75  0 -1  -3.991   1.432   1.389  -0.164  -7.326   0.000 -1E016M000t
00055 GLU-1A0067_055 f 0.00 -1.000     0  4.75  0 -1  -4.308  -0.186   1.698  -0.055  -7.349   0.000 -1E018M000t
