   confID        vdw0    sas     sum
GLU01A0067_001   1.668  -4.616  -2.948
GLU01A0067_002   0.770  -4.786  -4.016
GLU01A0067_003   0.529  -4.801  -4.272
GLU01A0067_004   1.668  -4.616  -2.948
GLU01A0067_005   0.789  -4.678  -3.889
GLU01A0067_006   1.081  -4.492  -3.411
GLU01A0067_007   0.613  -4.436  -3.824
GLU01A0067_008   1.080  -4.740  -3.661
GLU01A0067_009   0.343  -4.687  -4.345
GLU01A0067_010   1.569  -4.598  -3.029
GLU01A0067_011   0.908  -4.948  -4.040
GLU01A0067_012   0.646  -4.804  -4.158
GLU01A0067_013   1.095  -4.819  -3.724
GLU01A0067_014   0.374  -4.749  -4.376
GLU01A0067_015   0.763  -4.679  -3.916
GLU01A0067_016   1.081  -4.492  -3.411
GLU01A0067_017   0.760  -4.692  -3.932
GLU01A0067_018   0.908  -4.948  -4.040
GLU01A0067_019   1.102  -4.753  -3.651
GLU01A0067_020   0.646  -4.804  -4.158
GLU01A0067_021   0.438  -4.929  -4.491
GLU01A0067_022   1.095  -4.819  -3.724
GLU01A0067_023   0.374  -4.840  -4.466
GLU01A0067_024   0.555  -4.767  -4.212
GLU02A0067_025   1.312  -4.652  -3.340
GLU02A0067_026   0.505  -4.520  -4.015
GLU02A0067_027   1.293  -4.810  -3.517
GLU02A0067_028   0.488  -4.865  -4.377
GLU02A0067_029   1.312  -4.652  -3.340
GLU02A0067_030   1.295  -4.506  -3.210
GLU02A0067_031   0.999  -4.838  -3.839
GLU02A0067_032   0.430  -4.970  -4.540
GLU02A0067_033   1.217  -4.840  -3.623
GLU02A0067_034   0.980  -4.649  -3.669
GLU02A0067_035   1.394  -4.549  -3.154
GLU02A0067_036   0.997  -4.838  -3.841
GLU02A0067_037   0.430  -4.970  -4.540
GLU02A0067_038   1.219  -4.788  -3.570
GLU02A0067_039   0.994  -4.810  -3.817
GLU02A0067_040   0.956  -4.780  -3.824
GLU02A0067_041   1.287  -4.572  -3.285
GLU02A0067_042   0.880  -4.792  -3.911
GLU02A0067_043   0.488  -4.955  -4.467
GLU02A0067_044   0.593  -4.798  -4.206
GLU02A0067_045   0.994  -4.810  -3.817
GLU-1A0067_046   1.255  -4.453  -3.198
GLU-1A0067_047   1.332  -4.500  -3.168
GLU-1A0067_048   1.010  -4.435  -3.425
GLU-1A0067_049   1.009  -4.724  -3.715
GLU-1A0067_050   0.468  -4.737  -4.268
GLU-1A0067_051   0.321  -4.840  -4.519
GLU-1A0067_052   0.931  -4.739  -3.808
GLU-1A0067_053   0.697  -4.688  -3.991
GLU-1A0067_054   0.684  -4.675  -3.991
GLU-1A0067_055   0.427  -4.735  -4.308
