iConf CONFORMER     FL  occ    crg   Em0  pKa0 ne nH    vdw0    vdw1    tors    epol   dsolv   extra    history
00001 LYS01A0016_001 f 0.00  0.000     0  0.00  0  0 -10.211   1.085   2.728  -0.014  -1.091   0.000 01O000M000t
00002 LYS01A0016_002 f 0.00  0.000     0  0.00  0  0  -4.847   0.718   2.550  -0.049  -0.851   0.000 01E01DM000t
00003 LYS01A0016_003 f 0.00  0.000     0  0.00  0  0  -9.762   2.797   1.998  -0.021  -0.839   0.000 01E02EM000t
00004 LYS01A0016_004 f 0.00  0.000     0  0.00  0  0  -9.087   1.676   1.737  -0.025  -0.845   0.000 01E033M000t
00005 LYS01A0016_005 f 0.00  0.000     0  0.00  0  0 -10.738   2.485   3.402  -0.015  -0.967   0.000 01E065M000t
00006 LYS01A0016_006 f 0.00  0.000     0  0.00  0  0  -9.720   2.090   4.505  -0.063  -0.895   0.000 01E090M000t
00007 LYS01A0016_007 f 0.00  0.000     0  0.00  0  0  -8.792   0.758   2.599  -0.014  -0.930   0.000 01E09FM000t
00008 LYS01A0016_008 f 0.00  0.000     0  0.00  0  0  -7.979   0.775   2.783  -0.019  -0.953   0.000 01E0B1M000t
00009 LYS01A0016_009 f 0.00  0.000     0  0.00  0  0 -10.405   3.868   1.924  -0.019  -0.990   0.000 01E104M000t
00010 LYS01A0016_010 f 0.00  0.000     0  0.00  0  0 -10.030   0.772   2.025  -0.013  -0.917   0.000 01T018M000t
00011 LYS01A0016_011 f 0.00  0.000     0  0.00  0  0  -9.821   1.547   3.972  -0.008  -0.947   0.000 01T027M000t
00012 LYS01A0016_012 f 0.00  0.000     0  0.00  0  0 -10.792   1.133   1.950  -0.010  -0.949   0.000 01T03AM000t
00013 LYS01A0016_013 f 0.00  0.000     0  0.00  0  0 -11.941   5.107   3.674  -0.019  -0.984   0.000 01T069M000t
00014 LYS01A0016_014 f 0.00  0.000     0  0.00  0  0  -7.909   2.576   3.339  -0.025  -0.951   0.000 01T093M000t
00015 LYS01A0016_015 f 0.00  0.000     0  0.00  0  0 -10.529   0.818   2.035  -0.011  -1.042   0.000 01T09CM000t
00016 LYS01A0016_016 f 0.00  0.000     0  0.00  0  0  -8.974   0.594   1.830  -0.010  -0.935   0.000 01T0B2M000t
00017 LYS01A0016_017 f 0.00  0.000     0  0.00  0  0  -9.943   1.468   4.408  -0.005  -1.013   0.000 01T0C4M000t
00018 LYS01A0016_018 f 0.00  0.000     0  0.00  0  0 -10.272   1.429   4.356  -0.011  -0.937   0.000 01T0C5M000t
00019 LYS01A0016_019 f 0.00  0.000     0  0.00  0  0 -10.381   1.946   5.068  -0.015  -0.939   0.000 01T0D7M000t
00020 LYS01A0016_020 f 0.00  0.000     0  0.00  0  0  -7.372   3.256   3.534  -0.012  -1.004   0.000 01T0FDM000t
00021 LYS+1A0016_021 f 0.00  1.000     0 10.40  0  1 -10.281   1.082   2.728   0.109 -13.043   0.000 +1O000M000t
00022 LYS+1A0016_022 f 0.00  1.000     0 10.40  0  1 -10.199   0.779   2.088   0.101 -12.823   0.000 +1E018M000t
00023 LYS+1A0016_023 f 0.00  1.000     0 10.40  0  1  -9.710   1.556   4.043   0.070 -13.021   0.000 +1E027M000t
00024 LYS+1A0016_024 f 0.00  1.000     0 10.40  0  1 -10.744   1.133   1.954   0.065 -12.953   0.000 +1E03AM000t
00025 LYS+1A0016_025 f 0.00  1.000     0 10.40  0  1 -12.007   5.108   3.719   0.083 -12.896   0.000 +1E069M000t
00026 LYS+1A0016_026 f 0.00  1.000     0 10.40  0  1  -9.716   2.046   4.531   0.244 -12.862   0.000 +1E090M000t
00027 LYS+1A0016_027 f 0.00  1.000     0 10.40  0  1 -10.374   0.818   2.077   0.051 -12.982   0.000 +1E09CM000t
00028 LYS+1A0016_028 f 0.00  1.000     0 10.40  0  1 -10.404   1.945   5.172   0.093 -12.934   0.000 +1E0D7M000t
00029 LYS+1A0016_029 f 0.00  1.000     0 10.40  0  1  -4.894   0.703   2.583   0.012 -12.537   0.000 +1T01DM000t
00030 LYS+1A0016_030 f 0.00  1.000     0 10.40  0  1  -9.804   2.864   2.050  -0.037 -12.841   0.000 +1T02EM000t
00031 LYS+1A0016_031 f 0.00  1.000     0 10.40  0  1  -9.235   1.653   1.745   0.159 -12.717   0.000 +1T033M000t
00032 LYS+1A0016_032 f 0.00  1.000     0 10.40  0  1 -10.746   2.481   3.419   0.115 -12.887   0.000 +1T065M000t
00033 LYS+1A0016_033 f 0.00  1.000     0 10.40  0  1  -7.782   2.571   3.449   0.033 -12.861   0.000 +1T093M000t
00034 LYS+1A0016_034 f 0.00  1.000     0 10.40  0  1  -8.724   0.756   2.688   0.056 -13.017   0.000 +1T09FM000t
00035 LYS+1A0016_035 f 0.00  1.000     0 10.40  0  1  -7.977   0.767   2.846   0.078 -13.052   0.000 +1T0B1M000t
00036 LYS+1A0016_036 f 0.00  1.000     0 10.40  0  1  -8.877   0.602   1.866   0.025 -12.911   0.000 +1T0B2M000t
00037 LYS+1A0016_037 f 0.00  1.000     0 10.40  0  1 -10.102   1.453   4.450   0.059 -12.892   0.000 +1T0C4M000t
00038 LYS+1A0016_038 f 0.00  1.000     0 10.40  0  1 -10.035   1.421   4.436   0.021 -12.905   0.000 +1T0C5M000t
00039 LYS+1A0016_039 f 0.00  1.000     0 10.40  0  1  -7.271   3.269   3.602   0.071 -12.948   0.000 +1T0FDM000t
00040 LYS+1A0016_040 f 0.00  1.000     0 10.40  0  1 -10.357   3.896   1.956   0.110 -12.945   0.000 +1T104M000t
