CONFORMER         crg  vdw0  vdw1  tors  epol  self   occ  Hb     history    ASA
LYS01A0016_001  0.000-10.21  1.09  2.73  0.00 -6.40 0.502  00  01O000M000  1.000
LYS01A0016_002  0.000 -4.84  0.72  2.55  0.00 -1.57 0.502  00  01E01DM000  1.000
LYS01A0016_003  0.000 -9.77  2.80  2.00  0.00 -4.98 0.502  00  01E02EM000  1.000
LYS01A0016_004  0.000 -9.08  1.67  1.74  0.00 -5.67 0.502  00  01E033M000  1.000
LYS01A0016_005  0.000-10.74  2.48  3.40  0.00 -4.85 0.502  00  01E065M000  1.000
LYS01A0016_006  0.000 -9.71  2.09  4.50  0.00 -3.12 0.502  00  01E090M000  1.000
LYS01A0016_007  0.000 -8.79  0.76  2.60  0.00 -5.43 0.502  00  01E09FM000  1.000
LYS01A0016_008  0.000 -7.99  0.77  2.78  0.00 -4.43 0.502  00  01E0B1M000  1.000
LYS01A0016_009  0.000-10.41  3.87  1.92  0.00 -4.62 0.502  00  01E104M000  1.000
LYS01A0016_010  0.000-10.03  0.77  2.03  0.00 -7.23 0.501  00  01T018M000  1.000
LYS01A0016_011  0.000 -9.83  1.54  3.97  0.00 -4.32 0.502  00  01T027M000  1.000
LYS01A0016_012  0.000-10.79  1.13  1.95  0.00 -7.71 0.502  00  01T03AM000  1.000
LYS01A0016_013  0.000-11.94  5.11  3.67  0.00 -3.16 0.502  00  01T069M000  1.000
LYS01A0016_014  0.000 -7.90  2.58  3.34  0.00 -1.98 0.502  00  01T093M000  1.000
LYS01A0016_015  0.000-10.53  0.82  2.03  0.00 -7.68 0.502  00  01T09CM000  1.000
LYS01A0016_016  0.000 -8.97  0.59  1.83  0.00 -6.55 0.502  00  01T0B2M000  1.000
LYS01A0016_017  0.000 -9.94  1.46  4.40  0.00 -4.07 0.502  00  01T0C4M000  1.000
LYS01A0016_018  0.000-10.27  1.42  4.36  0.00 -4.49 0.502  00  01T0C5M000  1.000
LYS01A0016_019  0.000-10.38  1.95  5.07  0.00 -3.37 0.502  00  01T0D7M000  1.000
LYS01A0016_020  0.000 -7.41  3.26  3.53  0.00 -0.62 0.502  00  01T0FDM000  1.000
LYS+1A0016_021  1.000-10.28  1.08  2.73  0.00 -6.47 0.502  00  +1O000M000  1.000
LYS+1A0016_022  1.000-10.20  0.78  2.09  0.00 -7.34 0.501  00  +1E018M000  1.000
LYS+1A0016_023  1.000 -9.71  1.55  4.05  0.00 -4.11 0.502  00  +1E027M000  1.000
LYS+1A0016_024  1.000-10.74  1.13  1.95  0.00 -7.66 0.502  00  +1E03AM000  1.000
LYS+1A0016_025  1.000-12.01  5.10  3.72  0.00 -3.19 0.502  00  +1E069M000  1.000
LYS+1A0016_026  1.000 -9.72  2.05  4.53  0.00 -3.14 0.502  00  +1E090M000  1.000
LYS+1A0016_027  1.000-10.37  0.82  2.08  0.00 -7.48 0.502  00  +1E09CM000  1.000
LYS+1A0016_028  1.000-10.40  1.94  5.17  0.00 -3.29 0.502  00  +1E0D7M000  1.000
LYS+1A0016_029  1.000 -4.91  0.70  2.58  0.00 -1.62 0.502  00  +1T01DM000  1.000
LYS+1A0016_030  1.000 -9.80  2.87  2.05  0.00 -4.89 0.502  00  +1T02EM000  1.000
LYS+1A0016_031  1.000 -9.23  1.65  1.75  0.00 -5.84 0.502  00  +1T033M000  1.000
LYS+1A0016_032  1.000-10.74  2.48  3.42  0.00 -4.84 0.502  00  +1T065M000  1.000
LYS+1A0016_033  1.000 -7.79  2.57  3.45  0.00 -1.77 0.502  00  +1T093M000  1.000
LYS+1A0016_034  1.000 -8.71  0.76  2.69  0.00 -5.27 0.502  00  +1T09FM000  1.000
LYS+1A0016_035  1.000 -7.97  0.77  2.84  0.00 -4.36 0.502  00  +1T0B1M000  1.000
LYS+1A0016_036  1.000 -8.88  0.60  1.87  0.00 -6.41 0.502  00  +1T0B2M000  1.000
LYS+1A0016_037  1.000-10.11  1.45  4.45  0.00 -4.20 0.502  00  +1T0C4M000  1.000
LYS+1A0016_038  1.000-10.03  1.42  4.43  0.00 -4.18 0.502  00  +1T0C5M000  1.000
LYS+1A0016_039  1.000 -7.27  3.27  3.60  0.00 -0.40 0.502  00  +1T0FDM000  1.000
LYS+1A0016_040  1.000-10.36  3.90  1.95  0.00 -4.51 0.502  00  +1T104M000  1.000
