   confID        vdw0    sas     sum
LYS01A0016_001   1.947 -12.158 -10.211
LYS01A0016_002   6.823 -11.670  -4.847
LYS01A0016_003   2.252 -12.014  -9.762
LYS01A0016_004   3.162 -12.249  -9.087
LYS01A0016_005   1.881 -12.618 -10.738
LYS01A0016_006   2.471 -12.191  -9.720
LYS01A0016_007   3.429 -12.222  -8.792
LYS01A0016_008   4.027 -12.006  -7.979
LYS01A0016_009   1.909 -12.315 -10.405
LYS01A0016_010   2.251 -12.281 -10.030
LYS01A0016_011   2.362 -12.183  -9.821
LYS01A0016_012   1.780 -12.572 -10.792
LYS01A0016_013   0.813 -12.754 -11.941
LYS01A0016_014   4.525 -12.434  -7.909
LYS01A0016_015   2.156 -12.685 -10.529
LYS01A0016_016   3.251 -12.224  -8.974
LYS01A0016_017   2.241 -12.184  -9.943
LYS01A0016_018   2.149 -12.421 -10.272
LYS01A0016_019   2.226 -12.608 -10.381
LYS01A0016_020   4.891 -12.264  -7.372
LYS+1A0016_021   1.877 -12.158 -10.281
LYS+1A0016_022   2.149 -12.348 -10.199
LYS+1A0016_023   2.264 -11.974  -9.710
LYS+1A0016_024   1.738 -12.482 -10.744
LYS+1A0016_025   0.747 -12.754 -12.007
LYS+1A0016_026   2.423 -12.139  -9.716
LYS+1A0016_027   2.124 -12.498 -10.374
LYS+1A0016_028   2.177 -12.582 -10.404
LYS+1A0016_029   6.788 -11.682  -4.894
LYS+1A0016_030   2.146 -11.949  -9.804
LYS+1A0016_031   3.082 -12.317  -9.235
LYS+1A0016_032   1.872 -12.618 -10.746
LYS+1A0016_033   4.620 -12.402  -7.782
LYS+1A0016_034   3.501 -12.225  -8.724
LYS+1A0016_035   3.881 -11.858  -7.977
LYS+1A0016_036   3.312 -12.189  -8.877
LYS+1A0016_037   2.184 -12.286 -10.102
LYS+1A0016_038   2.189 -12.225 -10.035
LYS+1A0016_039   4.922 -12.192  -7.271
LYS+1A0016_040   1.874 -12.231 -10.357
