CONFORMER         crg  vdw0  vdw1  tors  epol  self   occ  Hb     history    ASA
GLU01A0122_001  0.000 -3.75  1.86  2.95  0.00  1.06 0.528  00  01O000M000  1.104
GLU01A0122_002  0.000 -3.79  1.87  3.23  0.00  1.31 0.529  00  01E006M000  1.000
GLU01A0122_003  0.000 -3.89  1.51  3.21  0.00  0.83 0.529  00  01E00CM000  1.003
GLU01A0122_004  0.000 -3.98  0.46  6.05  0.00  2.53 0.531  00  01E00EM000  1.022
GLU01A0122_005  0.000 -3.77  1.86  0.23  0.00 -1.68 0.528  00  01O000M000  1.110
GLU01A0122_006  0.000 -3.93  1.00  0.69  0.00 -2.24 0.529  00  01E009M000  1.011
GLU01A0122_007  0.000 -3.46  1.50  2.93  0.00  0.97 0.530  00  01T003M000  1.003
GLU01A0122_008  0.000 -3.90  0.87  3.18  0.00  0.15 0.528  00  01T00AM000  1.020
GLU01A0122_009  0.000 -3.79  0.93  5.99  0.00  3.13 0.530  00  01T008M000  1.014
GLU01A0122_010  0.000 -3.93  1.00  3.41  0.00  0.47 0.529  00  01T009M000  1.011
GLU01A0122_011  0.000 -4.21  1.09  3.42  0.00  0.30 0.531  00  01T00DM000  1.037
GLU01A0122_012  0.000 -4.21  0.63  6.17  0.00  2.59 0.529  00  01T00FM000  1.028
GLU01A0122_013  0.000 -4.12  0.79  3.25  0.00 -0.08 0.530  00  01T010M000  1.020
GLU01A0122_014  0.000 -3.46  1.50  0.21  0.00 -1.75 0.530  00  01T003M000  1.003
GLU01A0122_015  0.000 -3.79  1.88  0.48  0.00 -1.43 0.529  00  01T006M000  1.000
GLU01A0122_016  0.000 -3.94  1.51  0.46  0.00 -1.97 0.529  00  01T00CM000  1.014
GLU01A0122_017  0.000 -3.79  0.93  3.27  0.00  0.41 0.530  00  01T008M000  1.014
GLU01A0122_018  0.000 -4.21  1.09  0.70  0.00 -2.42 0.531  00  01T00DM000  1.037
GLU01A0122_019  0.000 -3.90  0.57  3.26  0.00 -0.07 0.531  00  01T00EM000  1.022
GLU01A0122_020  0.000 -4.21  0.63  3.45  0.00 -0.13 0.529  00  01T00FM000  1.028
GLU01A0122_021  0.000 -4.12  0.79  0.53  0.00 -2.80 0.530  00  01T010M000  1.020
GLU02A0122_022  0.000 -4.04  1.86  2.95  0.00  0.77 0.528  00  02O000M000  1.095
GLU02A0122_023  0.000 -3.50  1.86  3.27  0.00  1.63 0.529  00  02E006M000  1.000
GLU02A0122_024  0.000 -4.08  0.97  6.24  0.00  3.14 0.527  00  02E007M000  1.011
GLU02A0122_025  0.000 -3.66  0.86  3.24  0.00  0.44 0.528  00  02E00AM000  1.023
GLU02A0122_026  0.000 -4.13  0.64  6.31  0.00  2.82 0.529  00  02E00FM000  1.028
GLU02A0122_027  0.000 -4.04  1.86  0.23  0.00 -1.95 0.528  00  02O000M000  1.095
GLU02A0122_028  0.000 -3.69  0.93  3.24  0.00  0.48 0.530  00  02E008M000  1.029
GLU02A0122_029  0.000 -3.95  0.99  0.64  0.00 -2.32 0.529  00  02E009M000  1.025
GLU02A0122_030  0.000 -3.99  0.81  0.52  0.00 -2.66 0.530  00  02E010M000  1.015
GLU02A0122_031  0.000 -3.67  1.50  3.24  0.00  1.08 0.529  00  02T00CM000  1.013
GLU02A0122_032  0.000 -3.98  2.12  2.95  0.00  1.09 0.527  00  02T004M000  1.049
GLU02A0122_033  0.000 -3.62  0.93  5.96  0.00  3.27 0.530  00  02T008M000  1.011
GLU02A0122_034  0.000 -3.89  0.99  3.35  0.00  0.45 0.529  00  02T009M000  1.011
GLU02A0122_035  0.000 -3.87  0.57  6.01  0.00  2.71 0.531  00  02T00EM000  1.019
GLU02A0122_036  0.000 -3.99  0.81  3.24  0.00  0.06 0.530  00  02T010M000  1.015
GLU02A0122_037  0.000 -3.50  1.86  0.53  0.00 -1.10 0.529  00  02T006M000  1.000
GLU02A0122_038  0.000 -3.91  0.57  3.33  0.00 -0.02 0.531  00  02T00EM000  1.019
GLU02A0122_039  0.000 -4.13  0.64  3.55  0.00  0.06 0.529  00  02T00FM000  1.028
GLU02A0122_040  0.000 -3.98  2.12  0.23  0.00 -1.63 0.527  00  02T004M000  1.049
GLU02A0122_041  0.000 -3.70  1.51  0.42  0.00 -1.77 0.529  00  02T00CM000  1.006
GLU-1A0122_042 -1.000 -3.97  1.88  0.23  0.00 -1.87 0.528  00  -1O000M000  1.097
GLU-1A0122_043 -1.000 -3.68  0.97  0.21  0.00 -2.50 0.527  00  -1E002M000  1.020
GLU-1A0122_044 -1.000 -3.74  0.95  3.27  0.00  0.48 0.530  00  -1E008M000  1.012
GLU-1A0122_045 -1.000 -4.12  1.51  0.68  0.00 -1.92 0.533  00  -1E00BM000  1.003
GLU-1A0122_046 -1.000 -4.12  1.11  0.69  0.00 -2.32 0.531  00  -1E00DM000  1.039
GLU-1A0122_047 -1.000 -3.92  0.53  3.28  0.00 -0.11 0.531  00  -1E00EM000  1.019
GLU-1A0122_048 -1.000 -4.09  0.63  3.44  0.00 -0.02 0.529  00  -1E00FM000  1.013
GLU-1A0122_049 -1.000 -4.08  0.79  0.55  0.00 -2.75 0.530  00  -1E010M000  1.015
