iConf CONFORMER     FL  occ    crg   Em0  pKa0 ne nH    vdw0    vdw1    tors    epol   dsolv   extra    history
00001 GLU01A0122_001 f 0.00  0.000     0  0.00  0  0  -3.749   1.857   2.952   0.085  -1.183   0.000 01O000M000t
00002 GLU01A0122_002 f 0.00  0.000     0  0.00  0  0  -3.789   1.875   3.229   0.025  -1.325   0.000 01E006M000t
00003 GLU01A0122_003 f 0.00  0.000     0  0.00  0  0  -3.889   1.512   3.208   0.046  -1.334   0.000 01E00CM000t
00004 GLU01A0122_004 f 0.00  0.000     0  0.00  0  0  -3.983   0.458   6.051   0.090  -1.250   0.000 01E00EM000t
00005 GLU01A0122_005 f 0.00  0.000     0  0.00  0  0  -3.775   1.857   0.232   0.036  -0.927   0.000 01O000M000t
00006 GLU01A0122_006 f 0.00  0.000     0  0.00  0  0  -3.931   1.001   0.693   0.017  -0.926   0.000 01E009M000t
00007 GLU01A0122_007 f 0.00  0.000     0  0.00  0  0  -3.463   1.503   2.933   0.068  -1.186   0.000 01T003M000t
00008 GLU01A0122_008 f 0.00  0.000     0  0.00  0  0  -3.902   0.872   3.178   0.022  -1.293   0.000 01T00AM000t
00009 GLU01A0122_009 f 0.00  0.000     0  0.00  0  0  -3.792   0.939   5.990   0.005  -1.334   0.000 01T008M000t
00010 GLU01A0122_010 f 0.00  0.000     0  0.00  0  0  -3.932   1.005   3.405   0.033  -1.240   0.000 01T009M000t
00011 GLU01A0122_011 f 0.00  0.000     0  0.00  0  0  -4.216   1.093   3.422   0.155  -1.217   0.000 01T00DM000t
00012 GLU01A0122_012 f 0.00  0.000     0  0.00  0  0  -4.208   0.631   6.173   0.095  -1.210   0.000 01T00FM000t
00013 GLU01A0122_013 f 0.00  0.000     0  0.00  0  0  -4.116   0.792   3.246   0.102  -1.259   0.000 01T010M000t
00014 GLU01A0122_014 f 0.00  0.000     0  0.00  0  0  -3.463   1.503   0.213   0.028  -0.904   0.000 01T003M000t
00015 GLU01A0122_015 f 0.00  0.000     0  0.00  0  0  -3.788   1.875   0.480   0.026  -0.898   0.000 01T006M000t
00016 GLU01A0122_016 f 0.00  0.000     0  0.00  0  0  -3.940   1.513   0.463   0.033  -0.907   0.000 01T00CM000t
00017 GLU01A0122_017 f 0.00  0.000     0  0.00  0  0  -3.792   0.939   3.270   0.012  -0.895   0.000 01T008M000t
00018 GLU01A0122_018 f 0.00  0.000     0  0.00  0  0  -4.216   1.093   0.702   0.094  -0.907   0.000 01T00DM000t
00019 GLU01A0122_019 f 0.00  0.000     0  0.00  0  0  -3.905   0.572   3.258   0.045  -0.878   0.000 01T00EM000t
00020 GLU01A0122_020 f 0.00  0.000     0  0.00  0  0  -4.208   0.631   3.453   0.051  -0.891   0.000 01T00FM000t
00021 GLU01A0122_021 f 0.00  0.000     0  0.00  0  0  -4.116   0.792   0.526   0.038  -0.878   0.000 01T010M000t
00022 GLU02A0122_022 f 0.00  0.000     0  0.00  0  0  -4.043   1.861   2.952   0.011  -1.309   0.000 02O000M000t
00023 GLU02A0122_023 f 0.00  0.000     0  0.00  0  0  -3.500   1.859   3.272   0.068  -1.195   0.000 02E006M000t
00024 GLU02A0122_024 f 0.00  0.000     0  0.00  0  0  -4.078   0.973   6.242   0.037  -1.249   0.000 02E007M000t
00025 GLU02A0122_025 f 0.00  0.000     0  0.00  0  0  -3.663   0.863   3.242   0.061  -1.202   0.000 02E00AM000t
00026 GLU02A0122_026 f 0.00  0.000     0  0.00  0  0  -4.127   0.639   6.309   0.019  -1.272   0.000 02E00FM000t
00027 GLU02A0122_027 f 0.00  0.000     0  0.00  0  0  -4.043   1.861   0.232   0.023  -0.919   0.000 02O000M000t
00028 GLU02A0122_028 f 0.00  0.000     0  0.00  0  0  -3.729   0.937   3.238   0.024  -0.936   0.000 02E008M000t
00029 GLU02A0122_029 f 0.00  0.000     0  0.00  0  0  -3.963   0.991   0.642   0.022  -0.914   0.000 02E009M000t
00030 GLU02A0122_030 f 0.00  0.000     0  0.00  0  0  -3.997   0.816   0.521   0.024  -0.900   0.000 02E010M000t
00031 GLU02A0122_031 f 0.00  0.000     0  0.00  0  0  -3.665   1.501   3.244   0.067  -1.228   0.000 02T00CM000t
00032 GLU02A0122_032 f 0.00  0.000     0  0.00  0  0  -3.981   2.123   2.952   0.024  -1.275   0.000 02T004M000t
00033 GLU02A0122_033 f 0.00  0.000     0  0.00  0  0  -3.650   0.938   5.955   0.068  -1.216   0.000 02T008M000t
00034 GLU02A0122_034 f 0.00  0.000     0  0.00  0  0  -3.899   0.991   3.349   0.051  -1.300   0.000 02T009M000t
00035 GLU02A0122_035 f 0.00  0.000     0  0.00  0  0  -3.872   0.574   6.007   0.171  -1.131   0.000 02T00EM000t
00036 GLU02A0122_036 f 0.00  0.000     0  0.00  0  0  -3.996   0.815   3.239   0.069  -1.193   0.000 02T010M000t
00037 GLU02A0122_037 f 0.00  0.000     0  0.00  0  0  -3.500   1.860   0.535   0.034  -0.907   0.000 02T006M000t
00038 GLU02A0122_038 f 0.00  0.000     0  0.00  0  0  -3.898   0.566   3.329   0.025  -0.901   0.000 02T00EM000t
00039 GLU02A0122_039 f 0.00  0.000     0  0.00  0  0  -4.127   0.639   3.545   0.024  -0.891   0.000 02T00FM000t
00040 GLU02A0122_040 f 0.00  0.000     0  0.00  0  0  -3.981   2.123   0.232   0.023  -0.869   0.000 02T004M000t
00041 GLU02A0122_041 f 0.00  0.000     0  0.00  0  0  -3.699   1.506   0.421   0.029  -0.936   0.000 02T00CM000t
00042 GLU-1A0122_042 f 0.00 -1.000     0  4.75  0 -1  -3.975   1.874   0.232  -0.060  -7.402   0.000 -1O000M000t
00043 GLU-1A0122_043 f 0.00 -1.000     0  4.75  0 -1  -3.678   0.966   0.210  -0.072  -7.388   0.000 -1E002M000t
00044 GLU-1A0122_044 f 0.00 -1.000     0  4.75  0 -1  -3.737   0.946   3.274  -0.058  -7.424   0.000 -1E008M000t
00045 GLU-1A0122_045 f 0.00 -1.000     0  4.75  0 -1  -4.119   1.510   0.684  -0.087  -7.418   0.000 -1E00BM000t
00046 GLU-1A0122_046 f 0.00 -1.000     0  4.75  0 -1  -4.086   1.113   0.689   0.013  -7.308   0.000 -1E00DM000t
00047 GLU-1A0122_047 f 0.00 -1.000     0  4.75  0 -1  -3.915   0.526   3.284  -0.016  -7.273   0.000 -1E00EM000t
00048 GLU-1A0122_048 f 0.00 -1.000     0  4.75  0 -1  -4.089   0.628   3.441  -0.127  -7.318   0.000 -1E00FM000t
00049 GLU-1A0122_049 f 0.00 -1.000     0  4.75  0 -1  -4.084   0.789   0.546  -0.127  -7.311   0.000 -1E010M000t
