CONFORMER         crg  vdw0  vdw1  tors  epol  self   occ  Hb     history    ASA
ASP01A0083_001  0.000 -4.37  3.14  2.97  0.00  1.74 0.543  00  01O000M000  1.034
ASP01A0083_002  0.000 -4.52  2.86  2.78  0.00  1.12 0.546  00  01E002M000  1.008
ASP01A0083_003  0.000 -4.11 -0.06  3.61  0.00 -0.57 0.548  00  01E005M000  1.000
ASP01A0083_004  0.000 -4.62  0.39  3.44  0.00 -0.78 0.547  00  01E00AM000  1.072
ASP01A0083_005  0.000 -4.37  3.14  0.25  0.00 -0.98 0.543  00  01O000M000  1.034
ASP01A0083_006  0.000 -4.39  0.90  3.44  0.00 -0.05 0.545  00  01T004M000  1.056
ASP01A0083_007  0.000 -4.42  0.79  5.69  0.00  2.06 0.543  00  01T007M000  1.050
ASP01A0083_008  0.000 -4.36  1.35  3.43  0.00  0.43 0.547  00  01T006M000  1.040
ASP01A0083_009  0.000 -4.33  1.26  5.69  0.00  2.62 0.544  00  01T008M000  1.000
ASP01A0083_010  0.000 -4.52  2.86  0.04  0.00 -1.62 0.546  00  01T002M000  1.008
ASP01A0083_011  0.000 -4.39  0.90  0.72  0.00 -2.77 0.545  00  01T004M000  1.056
ASP01A0083_012  0.000 -4.46  0.79  2.97  0.00 -0.70 0.543  00  01T007M000  1.058
ASP01A0083_013  0.000 -4.36  1.35  0.71  0.00 -2.29 0.547  00  01T006M000  1.040
ASP02A0083_014  0.000 -4.14  2.26  2.97  0.00  1.09 0.543  00  02O000M000  1.030
ASP02A0083_015  0.000 -4.37  1.44  3.47  0.00  0.54 0.545  00  02E004M000  1.049
ASP02A0083_016  0.000 -4.14  2.26  0.25  0.00 -1.63 0.543  00  02O000M000  1.030
ASP02A0083_017  0.000 -4.69  0.70  0.68  0.00 -3.30 0.547  00  02E00AM000  1.063
ASP02A0083_018  0.000 -4.61  1.56  3.50  0.00  0.45 0.547  00  02T006M000  1.055
ASP02A0083_019  0.000 -4.31  0.67  5.64  0.00  2.00 0.543  00  02T007M000  1.051
ASP02A0083_020  0.000 -4.42  0.81  2.84  0.00 -0.77 0.548  00  02T001M000  1.008
ASP02A0083_021  0.000 -4.49  2.37  2.79  0.00  0.67 0.546  00  02T002M000  1.023
ASP02A0083_022  0.000 -4.69  0.70  3.40  0.00 -0.58 0.547  00  02T00AM000  1.063
ASP02A0083_023  0.000 -4.37  1.44  0.75  0.00 -2.18 0.545  00  02T004M000  1.049
ASP02A0083_024  0.000 -4.61  1.56  0.78  0.00 -2.27 0.547  00  02T006M000  1.055
ASP02A0083_025  0.000 -4.31  0.67  2.92  0.00 -0.72 0.543  00  02T007M000  1.051
ASP02A0083_026  0.000 -4.42  0.81  0.12  0.00 -3.49 0.548  00  02T001M000  1.008
ASP02A0083_027  0.000 -4.49  2.37  0.07  0.00 -2.05 0.546  00  02T002M000  1.023
ASP-1A0083_028 -1.000 -4.15  2.28  0.25  0.00 -1.62 0.543  00  -1O000M000  1.027
ASP-1A0083_029 -1.000 -4.45  2.23  0.06  0.00 -2.17 0.546  00  -1E002M000  1.023
ASP-1A0083_030 -1.000 -4.45  1.38  0.70  0.00 -2.38 0.547  00  -1E006M000  1.047
ASP-1A0083_031 -1.000 -4.33  1.21  2.91  0.00 -0.21 0.544  00  -1E008M000  1.000
ASP-1A0083_032 -1.000 -4.59  0.48  0.65  0.00 -3.46 0.547  00  -1E00AM000  1.069
