iConf CONFORMER     FL  occ    crg   Em0  pKa0 ne nH    vdw0    vdw1    tors    epol   dsolv   extra    history
00001 ASP01A0083_001 f 0.00  0.000     0  0.00  0  0  -4.372   3.137   2.970   0.293  -1.028   0.000 01O000M000t
00002 ASP01A0083_002 f 0.00  0.000     0  0.00  0  0  -4.520   2.863   2.781   0.375  -1.112   0.000 01E002M000t
00003 ASP01A0083_003 f 0.00  0.000     0  0.00  0  0  -4.111  -0.064   3.608   0.221  -1.245   0.000 01E005M000t
00004 ASP01A0083_004 f 0.00  0.000     0  0.00  0  0  -4.615   0.392   3.440   0.051  -1.270   0.000 01E00AM000t
00005 ASP01A0083_005 f 0.00  0.000     0  0.00  0  0  -4.372   3.137   0.250   0.080  -0.869   0.000 01O000M000t
00006 ASP01A0083_006 f 0.00  0.000     0  0.00  0  0  -4.389   0.900   3.444   0.261  -1.357   0.000 01T004M000t
00007 ASP01A0083_007 f 0.00  0.000     0  0.00  0  0  -4.418   0.799   5.689   0.174  -1.224   0.000 01T007M000t
00008 ASP01A0083_008 f 0.00  0.000     0  0.00  0  0  -4.360   1.351   3.433  -0.001  -1.303   0.000 01T006M000t
00009 ASP01A0083_009 f 0.00  0.000     0  0.00  0  0  -4.330   1.254   5.694   0.066  -1.343   0.000 01T008M000t
00010 ASP01A0083_010 f 0.00  0.000     0  0.00  0  0  -4.520   2.863   0.042   0.026  -0.864   0.000 01T002M000t
00011 ASP01A0083_011 f 0.00  0.000     0  0.00  0  0  -4.389   0.900   0.724   0.200  -0.886   0.000 01T004M000t
00012 ASP01A0083_012 f 0.00  0.000     0  0.00  0  0  -4.457   0.799   2.969   0.072  -0.883   0.000 01T007M000t
00013 ASP01A0083_013 f 0.00  0.000     0  0.00  0  0  -4.360   1.351   0.713  -0.024  -0.859   0.000 01T006M000t
00014 ASP02A0083_014 f 0.00  0.000     0  0.00  0  0  -4.136   2.259   2.970   0.115  -1.257   0.000 02O000M000t
00015 ASP02A0083_015 f 0.00  0.000     0  0.00  0  0  -4.372   1.440   3.474   0.037  -1.089   0.000 02E004M000t
00016 ASP02A0083_016 f 0.00  0.000     0  0.00  0  0  -4.136   2.259   0.250   0.108  -0.843   0.000 02O000M000t
00017 ASP02A0083_017 f 0.00  0.000     0  0.00  0  0  -4.689   0.705   0.685   0.074  -0.910   0.000 02E00AM000t
00018 ASP02A0083_018 f 0.00  0.000     0  0.00  0  0  -4.615   1.562   3.503   0.686  -1.143   0.000 02T006M000t
00019 ASP02A0083_019 f 0.00  0.000     0  0.00  0  0  -4.307   0.665   5.643   0.115  -1.297   0.000 02T007M000t
00020 ASP02A0083_020 f 0.00  0.000     0  0.00  0  0  -4.423   0.809   2.844   0.036  -1.292   0.000 02T001M000t
00021 ASP02A0083_021 f 0.00  0.000     0  0.00  0  0  -4.455   2.366   2.789   0.014  -1.305   0.000 02T002M000t
00022 ASP02A0083_022 f 0.00  0.000     0  0.00  0  0  -4.688   0.705   3.405   0.195  -1.229   0.000 02T00AM000t
00023 ASP02A0083_023 f 0.00  0.000     0  0.00  0  0  -4.371   1.441   0.753   0.158  -0.851   0.000 02T004M000t
00024 ASP02A0083_024 f 0.00  0.000     0  0.00  0  0  -4.615   1.562   0.783   0.027  -0.890   0.000 02T006M000t
00025 ASP02A0083_025 f 0.00  0.000     0  0.00  0  0  -4.307   0.665   2.923   0.067  -0.889   0.000 02T007M000t
00026 ASP02A0083_026 f 0.00  0.000     0  0.00  0  0  -4.423   0.809   0.124   0.039  -0.868   0.000 02T001M000t
00027 ASP02A0083_027 f 0.00  0.000     0  0.00  0  0  -4.455   2.366   0.069  -0.007  -0.867   0.000 02T002M000t
00028 ASP-1A0083_028 f 0.00 -1.000     0  4.75  0 -1  -4.147   2.282   0.250  -0.228  -7.319   0.000 -1O000M000t
00029 ASP-1A0083_029 f 0.00 -1.000     0  4.75  0 -1  -4.449   2.230   0.057  -0.281  -7.382   0.000 -1E002M000t
00030 ASP-1A0083_030 f 0.00 -1.000     0  4.75  0 -1  -4.452   1.380   0.698  -0.479  -7.396   0.000 -1E006M000t
00031 ASP-1A0083_031 f 0.00 -1.000     0  4.75  0 -1  -4.330   1.216   2.909  -0.229  -7.457   0.000 -1E008M000t
00032 ASP-1A0083_032 f 0.00 -1.000     0  4.75  0 -1  -4.591   0.476   0.655  -0.214  -7.413   0.000 -1E00AM000t
