   confID        vdw0    sas     sum
ASP01A0083_001   0.083  -4.454  -4.372
ASP01A0083_002   0.082  -4.602  -4.520
ASP01A0083_003   0.365  -4.476  -4.111
ASP01A0083_004   0.228  -4.843  -4.615
ASP01A0083_005   0.083  -4.454  -4.372
ASP01A0083_006   0.241  -4.630  -4.389
ASP01A0083_007   0.350  -4.768  -4.418
ASP01A0083_008   0.218  -4.579  -4.360
ASP01A0083_009   0.240  -4.570  -4.330
ASP01A0083_010   0.082  -4.602  -4.520
ASP01A0083_011   0.241  -4.630  -4.389
ASP01A0083_012   0.350  -4.807  -4.457
ASP01A0083_013   0.218  -4.579  -4.360
ASP02A0083_014   0.159  -4.295  -4.136
ASP02A0083_015   0.186  -4.557  -4.372
ASP02A0083_016   0.159  -4.295  -4.136
ASP02A0083_017   0.164  -4.853  -4.689
ASP02A0083_018   0.182  -4.797  -4.615
ASP02A0083_019   0.470  -4.777  -4.307
ASP02A0083_020   0.159  -4.583  -4.423
ASP02A0083_021   0.159  -4.613  -4.455
ASP02A0083_022   0.165  -4.853  -4.688
ASP02A0083_023   0.186  -4.557  -4.371
ASP02A0083_024   0.182  -4.797  -4.615
ASP02A0083_025   0.470  -4.777  -4.307
ASP02A0083_026   0.159  -4.583  -4.423
ASP02A0083_027   0.159  -4.613  -4.455
ASP-1A0083_028   0.081  -4.228  -4.147
ASP-1A0083_029   0.081  -4.530  -4.449
ASP-1A0083_030   0.147  -4.599  -4.452
ASP-1A0083_031   0.166  -4.496  -4.330
ASP-1A0083_032   0.141  -4.732  -4.591
