CONFORMER         crg  vdw0  vdw1  tors  epol  self   occ  Hb     history    ASA
LYS01A0064_001  0.000-11.13  1.08  3.28  0.00 -6.78 0.501  00  01O000M000  1.000
LYS01A0064_002  0.000-10.33  0.52  6.05  0.00 -3.76 0.502  00  01O001M000  1.000
LYS01A0064_003  0.000-10.00  3.17  2.63  0.00 -4.20 0.501  00  01E02BM000  1.000
LYS01A0064_004  0.000-10.38  1.67  2.76  0.00 -5.95 0.501  00  01E046M000  1.000
LYS01A0064_005  0.000-11.11  4.33  3.37  0.00 -3.41 0.502  00  01E05DM000  1.000
LYS01A0064_006  0.000-11.92  5.50  1.37  0.00 -5.05 0.502  00  01E088M000  1.000
LYS01A0064_007  0.000-10.65  0.28  1.95  0.00 -8.42 0.502  00  01E08DM000  1.000
LYS01A0064_008  0.000-10.63  2.85  2.04  0.00 -5.75 0.501  00  01E093M000  1.000
LYS01A0064_009  0.000-10.90  2.68  2.43  0.00 -5.79 0.502  00  01E098M000  1.000
LYS01A0064_010  0.000 -8.30  0.50  4.23  0.00 -3.57 0.501  00  01E0B4M000  1.000
LYS01A0064_011  0.000 -7.83  0.70  2.04  0.00 -5.09 0.501  00  01E0D0M000  1.000
LYS01A0064_012  0.000 -9.66  4.56  2.31  0.00 -2.79 0.502  00  01E0E9M000  1.000
LYS01A0064_013  0.000 -9.88  0.69  2.56  0.00 -6.63 0.502  00  01T023M000  1.000
LYS01A0064_014  0.000-11.47  0.89  1.23  0.00 -9.36 0.502  00  01T04CM000  1.000
LYS01A0064_015  0.000-11.20  0.74  3.40  0.00 -7.06 0.502  00  01T055M000  1.000
LYS01A0064_016  0.000 -9.23  0.39  1.75  0.00 -7.09 0.502  00  01T07EM000  1.000
LYS01A0064_017  0.000 -9.58  3.41  2.16  0.00 -4.01 0.501  00  01T0DFM000  1.000
LYS01A0064_018  0.000 -9.24  0.69  4.33  0.00 -4.22 0.502  00  01T0F8M000  1.000
LYS01A0064_019  0.000-10.08  0.01  2.59  0.00 -7.47 0.501  00  01T121M000  1.000
LYS01A0064_020  0.000-11.06  6.13  4.08  0.00 -0.84 0.502  00  01T144M000  1.000
LYS+1A0064_021  1.000-11.18  1.08  3.28  0.00 -6.83 0.501  00  +1O000M000  1.000
LYS+1A0064_022  1.000-10.39  0.52  6.05  0.00 -3.82 0.502  00  +1O001M000  1.000
LYS+1A0064_023  1.000-10.13  0.69  2.68  0.00 -6.76 0.502  00  +1E023M000  1.000
LYS+1A0064_024  1.000-10.37  1.69  2.83  0.00 -5.86 0.501  00  +1E046M000  1.000
LYS+1A0064_025  1.000-11.52  0.90  1.24  0.00 -9.38 0.502  00  +1E04CM000  1.000
LYS+1A0064_026  1.000-11.25  0.74  3.48  0.00 -7.04 0.502  00  +1E055M000  1.000
LYS+1A0064_027  1.000-11.35  4.34  3.44  0.00 -3.57 0.502  00  +1E05DM000  1.000
LYS+1A0064_028  1.000 -9.26  0.38  1.78  0.00 -7.10 0.502  00  +1E07EM000  1.000
LYS+1A0064_029  1.000-12.17  5.52  1.41  0.00 -5.24 0.502  00  +1E088M000  1.000
LYS+1A0064_030  1.000-10.80  0.28  1.98  0.00 -8.54 0.502  00  +1E08DM000  1.000
LYS+1A0064_031  1.000-10.93  2.67  2.49  0.00 -5.77 0.502  00  +1E098M000  1.000
LYS+1A0064_032  1.000 -8.48  0.50  4.29  0.00 -3.69 0.501  00  +1E0B4M000  1.000
LYS+1A0064_033  1.000 -7.72  0.70  2.10  0.00 -4.93 0.501  00  +1E0D0M000  1.000
LYS+1A0064_034  1.000 -9.96  4.60  2.37  0.00 -2.99 0.502  00  +1E0E9M000  1.000
LYS+1A0064_035  1.000-10.30  0.00  2.65  0.00 -7.65 0.501  00  +1E121M000  1.000
LYS+1A0064_036  1.000-10.97  6.18  4.12  0.00 -0.66 0.502  00  +1E144M000  1.000
LYS+1A0064_037  1.000 -9.84  3.23  2.74  0.00 -3.87 0.501  00  +1T02BM000  1.000
LYS+1A0064_038  1.000-10.86  2.90  2.10  0.00 -5.86 0.501  00  +1T093M000  1.000
LYS+1A0064_039  1.000 -9.51  3.39  2.17  0.00 -3.95 0.501  00  +1T0DFM000  1.000
LYS+1A0064_040  1.000 -9.31  0.69  4.37  0.00 -4.25 0.502  00  +1T0F8M000  1.000
