iConf CONFORMER     FL  occ    crg   Em0  pKa0 ne nH    vdw0    vdw1    tors    epol   dsolv   extra    history
00001 LYS01A0064_001 f 0.00  0.000     0  0.00  0  0 -11.131   1.076   3.280  -0.005  -0.549   0.000 01O000M000t
00002 LYS01A0064_002 f 0.00  0.000     0  0.00  0  0 -10.332   0.522   6.052  -0.006  -0.495   0.000 01O001M000t
00003 LYS01A0064_003 f 0.00  0.000     0  0.00  0  0  -9.999   3.168   2.631  -0.002  -0.506   0.000 01E02BM000t
00004 LYS01A0064_004 f 0.00  0.000     0  0.00  0  0 -10.388   1.675   2.762  -0.012  -0.506   0.000 01E046M000t
00005 LYS01A0064_005 f 0.00  0.000     0  0.00  0  0 -11.105   4.325   3.369  -0.007  -0.514   0.000 01E05DM000t
00006 LYS01A0064_006 f 0.00  0.000     0  0.00  0  0 -11.922   5.507   1.367  -0.022  -0.511   0.000 01E088M000t
00007 LYS01A0064_007 f 0.00  0.000     0  0.00  0  0 -10.648   0.285   1.948  -0.009  -0.481   0.000 01E08DM000t
00008 LYS01A0064_008 f 0.00  0.000     0  0.00  0  0 -10.587   2.843   2.037  -0.010  -0.508   0.000 01E093M000t
00009 LYS01A0064_009 f 0.00  0.000     0  0.00  0  0 -10.847   2.688   2.433  -0.012  -0.487   0.000 01E098M000t
00010 LYS01A0064_010 f 0.00  0.000     0  0.00  0  0  -8.301   0.501   4.227   0.001  -0.491   0.000 01E0B4M000t
00011 LYS01A0064_011 f 0.00  0.000     0  0.00  0  0  -7.828   0.701   2.045  -0.006  -0.485   0.000 01E0D0M000t
00012 LYS01A0064_012 f 0.00  0.000     0  0.00  0  0  -9.699   4.560   2.311  -0.019  -0.479   0.000 01E0E9M000t
00013 LYS01A0064_013 f 0.00  0.000     0  0.00  0  0  -9.949   0.686   2.562  -0.011  -0.532   0.000 01T023M000t
00014 LYS01A0064_014 f 0.00  0.000     0  0.00  0  0 -11.475   0.885   1.228  -0.004  -0.521   0.000 01T04CM000t
00015 LYS01A0064_015 f 0.00  0.000     0  0.00  0  0 -11.198   0.738   3.403  -0.006  -0.495   0.000 01T055M000t
00016 LYS01A0064_016 f 0.00  0.000     0  0.00  0  0  -9.236   0.388   1.754  -0.001  -0.481   0.000 01T07EM000t
00017 LYS01A0064_017 f 0.00  0.000     0  0.00  0  0  -9.577   3.416   2.163  -0.007  -0.524   0.000 01T0DFM000t
00018 LYS01A0064_018 f 0.00  0.000     0  0.00  0  0  -9.247   0.689   4.337  -0.001  -0.524   0.000 01T0F8M000t
00019 LYS01A0064_019 f 0.00  0.000     0  0.00  0  0 -10.070   0.013   2.592  -0.010  -0.490   0.000 01T121M000t
00020 LYS01A0064_020 f 0.00  0.000     0  0.00  0  0 -11.055   6.153   4.081  -0.019  -0.556   0.000 01T144M000t
00021 LYS+1A0064_021 f 0.00  1.000     0 10.40  0  1 -11.180   1.075   3.280   0.015  -7.310   0.000 +1O000M000t
00022 LYS+1A0064_022 f 0.00  1.000     0 10.40  0  1 -10.389   0.519   6.052   0.080  -7.261   0.000 +1O001M000t
00023 LYS+1A0064_023 f 0.00  1.000     0 10.40  0  1 -10.135   0.691   2.677   0.054  -7.397   0.000 +1E023M000t
00024 LYS+1A0064_024 f 0.00  1.000     0 10.40  0  1 -10.362   1.685   2.827   0.073  -7.301   0.000 +1E046M000t
00025 LYS+1A0064_025 f 0.00  1.000     0 10.40  0  1 -11.521   0.902   1.238   0.025  -7.304   0.000 +1E04CM000t
00026 LYS+1A0064_026 f 0.00  1.000     0 10.40  0  1 -11.251   0.745   3.477   0.030  -7.288   0.000 +1E055M000t
00027 LYS+1A0064_027 f 0.00  1.000     0 10.40  0  1 -11.351   4.343   3.444   0.074  -7.247   0.000 +1E05DM000t
00028 LYS+1A0064_028 f 0.00  1.000     0 10.40  0  1  -9.202   0.383   1.781   0.049  -7.188   0.000 +1E07EM000t
00029 LYS+1A0064_029 f 0.00  1.000     0 10.40  0  1 -12.172   5.519   1.408   0.078  -7.251   0.000 +1E088M000t
00030 LYS+1A0064_030 f 0.00  1.000     0 10.40  0  1 -10.799   0.280   1.983   0.088  -7.204   0.000 +1E08DM000t
00031 LYS+1A0064_031 f 0.00  1.000     0 10.40  0  1 -10.984   2.672   2.492   0.067  -7.251   0.000 +1E098M000t
00032 LYS+1A0064_032 f 0.00  1.000     0 10.40  0  1  -8.482   0.502   4.293   0.111  -7.090   0.000 +1E0B4M000t
00033 LYS+1A0064_033 f 0.00  1.000     0 10.40  0  1  -7.710   0.699   2.101   0.087  -7.210   0.000 +1E0D0M000t
00034 LYS+1A0064_034 f 0.00  1.000     0 10.40  0  1  -9.968   4.605   2.370   0.100  -7.174   0.000 +1E0E9M000t
00035 LYS+1A0064_035 f 0.00  1.000     0 10.40  0  1 -10.300   0.007   2.647   0.077  -7.203   0.000 +1E121M000t
00036 LYS+1A0064_036 f 0.00  1.000     0 10.40  0  1 -10.968   6.173   4.121   0.098  -7.373   0.000 +1E144M000t
00037 LYS+1A0064_037 f 0.00  1.000     0 10.40  0  1  -9.845   3.237   2.748  -0.029  -7.354   0.000 +1T02BM000t
00038 LYS+1A0064_038 f 0.00  1.000     0 10.40  0  1 -10.861   2.889   2.104   0.062  -7.254   0.000 +1T093M000t
00039 LYS+1A0064_039 f 0.00  1.000     0 10.40  0  1  -9.506   3.395   2.170   0.032  -7.316   0.000 +1T0DFM000t
00040 LYS+1A0064_040 f 0.00  1.000     0 10.40  0  1  -9.312   0.693   4.375   0.014  -7.282   0.000 +1T0F8M000t
