   confID        vdw0    sas     sum
LYS01A0064_001   1.197 -12.328 -11.131
LYS01A0064_002   1.919 -12.251 -10.332
LYS01A0064_003   2.445 -12.444  -9.999
LYS01A0064_004   2.629 -13.016 -10.388
LYS01A0064_005   1.240 -12.345 -11.105
LYS01A0064_006   1.005 -12.927 -11.922
LYS01A0064_007   1.807 -12.454 -10.648
LYS01A0064_008   1.736 -12.323 -10.587
LYS01A0064_009   1.697 -12.544 -10.847
LYS01A0064_010   3.478 -11.779  -8.301
LYS01A0064_011   4.340 -12.168  -7.828
LYS01A0064_012   2.308 -12.007  -9.699
LYS01A0064_013   2.366 -12.315  -9.949
LYS01A0064_014   0.844 -12.318 -11.475
LYS01A0064_015   1.214 -12.412 -11.198
LYS01A0064_016   3.209 -12.445  -9.236
LYS01A0064_017   3.082 -12.659  -9.577
LYS01A0064_018   3.283 -12.530  -9.247
LYS01A0064_019   2.423 -12.493 -10.070
LYS01A0064_020   1.488 -12.544 -11.055
LYS+1A0064_021   1.147 -12.328 -11.180
LYS+1A0064_022   1.862 -12.251 -10.389
LYS+1A0064_023   2.347 -12.482 -10.135
LYS+1A0064_024   2.654 -13.016 -10.362
LYS+1A0064_025   0.797 -12.318 -11.521
LYS+1A0064_026   1.097 -12.348 -11.251
LYS+1A0064_027   1.110 -12.461 -11.351
LYS+1A0064_028   3.242 -12.445  -9.202
LYS+1A0064_029   0.890 -13.062 -12.172
LYS+1A0064_030   1.693 -12.493 -10.799
LYS+1A0064_031   1.625 -12.609 -10.984
LYS+1A0064_032   3.271 -11.753  -8.482
LYS+1A0064_033   4.526 -12.236  -7.710
LYS+1A0064_034   2.181 -12.149  -9.968
LYS+1A0064_035   2.312 -12.612 -10.300
LYS+1A0064_036   1.444 -12.412 -10.968
LYS+1A0064_037   2.493 -12.337  -9.845
LYS+1A0064_038   1.628 -12.490 -10.861
LYS+1A0064_039   3.018 -12.524  -9.506
LYS+1A0064_040   3.234 -12.546  -9.312
