CONFORMER         crg  vdw0  vdw1  tors  epol  self   occ  Hb     history    ASA
LYS01A0134_001  0.000 -4.06 -0.03  4.12  0.00  0.03 0.501  00  01O000M000  1.000
LYS01A0134_002  0.000-11.56  0.82  4.18  0.00 -6.56 0.501  00  01E02BM000  1.000
LYS01A0134_003  0.000-11.61  2.34  3.19  0.00 -6.08 0.501  00  01E04FM000  1.000
LYS01A0134_004  0.000-11.31  3.03  3.94  0.00 -4.34 0.501  00  01E098M000  1.000
LYS01A0134_005  0.000-10.62  2.86  3.61  0.00 -4.15 0.500  00  01E0AFM000  1.000
LYS01A0134_006  0.000-11.17  2.83  2.18  0.00 -6.16 0.501  00  01E0C3M000  1.000
LYS01A0134_007  0.000-10.93  0.06  3.85  0.00 -7.02 0.501  00  01E106M000  1.000
LYS01A0134_008  0.000-10.88  0.70  3.73  0.00 -6.45 0.501  00  01E11DM000  1.000
LYS01A0134_009  0.000-10.72  0.45  3.75  0.00 -6.52 0.501  00  01E12BM000  1.000
LYS01A0134_010  0.000-10.94  3.06  4.12  0.00 -3.76 0.501  00  01E1F7M000  1.000
LYS01A0134_011  0.000-12.00  3.69  3.14  0.00 -5.18 0.501  00  01E205M000  1.000
LYS01A0134_012  0.000-10.67  3.14  4.00  0.00 -3.53 0.502  00  01T00EM000  1.000
LYS01A0134_013  0.000-10.93  0.92  5.10  0.00 -4.91 0.501  00  01T02AM000  1.000
LYS01A0134_014  0.000-12.14  5.05  3.58  0.00 -3.51 0.501  00  01T032M000  1.000
LYS01A0134_015  0.000-11.14  2.97  4.18  0.00 -3.98 0.501  00  01T03EM000  1.000
LYS01A0134_016  0.000-10.84  0.54  3.58  0.00 -6.73 0.501  00  01T086M000  1.000
LYS01A0134_017  0.000-10.95  0.31  3.87  0.00 -6.76 0.501  00  01T12AM000  1.000
LYS01A0134_018  0.000 -9.25  0.40  3.40  0.00 -5.46 0.501  00  01T156M000  1.000
LYS01A0134_019  0.000-12.58  5.28  1.43  0.00 -5.87 0.501  00  01T176M000  1.000
LYS01A0134_020  0.000-11.89  2.17  2.15  0.00 -7.57 0.501  00  01T179M000  1.000
LYS+1A0134_021  1.000 -4.14 -0.04  4.12  0.00 -0.06 0.501  00  +1O000M000  1.000
LYS+1A0134_022  1.000-10.79  3.10  4.09  0.00 -3.60 0.502  00  +1E00EM000  1.000
LYS+1A0134_023  1.000-10.86  0.92  5.25  0.00 -4.69 0.501  00  +1E02AM000  1.000
LYS+1A0134_024  1.000-11.68  0.83  4.33  0.00 -6.52 0.501  00  +1E02BM000  1.000
LYS+1A0134_025  1.000-10.78  0.54  3.61  0.00 -6.62 0.501  00  +1E086M000  1.000
LYS+1A0134_026  1.000-11.42  3.04  4.01  0.00 -4.36 0.501  00  +1E098M000  1.000
LYS+1A0134_027  1.000-10.79  2.86  3.63  0.00 -4.30 0.500  00  +1E0AFM000  1.000
LYS+1A0134_028  1.000-10.83  0.70  3.80  0.00 -6.33 0.501  00  +1E11DM000  1.000
LYS+1A0134_029  1.000-11.00  0.30  3.90  0.00 -6.80 0.501  00  +1E12AM000  1.000
LYS+1A0134_030  1.000 -9.31  0.40  3.51  0.00 -5.40 0.501  00  +1E156M000  1.000
LYS+1A0134_031  1.000-12.59  5.31  1.43  0.00 -5.85 0.501  00  +1E176M000  1.000
LYS+1A0134_032  1.000-11.94  2.20  2.17  0.00 -7.57 0.501  00  +1E179M000  1.000
LYS+1A0134_033  1.000-11.08  3.03  4.14  0.00 -3.90 0.501  00  +1E1F7M000  1.000
LYS+1A0134_034  1.000-11.96  3.67  3.14  0.00 -5.15 0.501  00  +1E205M000  1.000
LYS+1A0134_035  1.000-12.26  5.21  3.75  0.00 -3.30 0.501  00  +1T032M000  1.000
LYS+1A0134_036  1.000-11.07  2.92  4.29  0.00 -3.85 0.501  00  +1T03EM000  1.000
LYS+1A0134_037  1.000-11.66  2.35  3.29  0.00 -6.02 0.501  00  +1T04FM000  1.000
LYS+1A0134_038  1.000-11.25  2.88  2.22  0.00 -6.15 0.501  00  +1T0C3M000  1.000
LYS+1A0134_039  1.000-10.95  0.06  3.91  0.00 -6.98 0.501  00  +1T106M000  1.000
LYS+1A0134_040  1.000-10.86  0.45  3.76  0.00 -6.65 0.501  00  +1T12BM000  1.000
