iConf CONFORMER     FL  occ    crg   Em0  pKa0 ne nH    vdw0    vdw1    tors    epol   dsolv   extra    history
00001 LYS01A0134_001 f 0.00  0.000     0  0.00  0  0  -4.053  -0.033   4.119  -0.007  -0.209   0.000 01O000M000t
00002 LYS01A0134_002 f 0.00  0.000     0  0.00  0  0 -11.564   0.823   4.179  -0.003  -0.201   0.000 01E02BM000t
00003 LYS01A0134_003 f 0.00  0.000     0  0.00  0  0 -11.609   2.333   3.186  -0.008  -0.199   0.000 01E04FM000t
00004 LYS01A0134_004 f 0.00  0.000     0  0.00  0  0 -11.317   3.030   3.939  -0.004  -0.214   0.000 01E098M000t
00005 LYS01A0134_005 f 0.00  0.000     0  0.00  0  0 -10.618   2.861   3.612  -0.002  -0.210   0.000 01E0AFM000t
00006 LYS01A0134_006 f 0.00  0.000     0  0.00  0  0 -11.169   2.832   2.180  -0.007  -0.211   0.000 01E0C3M000t
00007 LYS01A0134_007 f 0.00  0.000     0  0.00  0  0 -10.924   0.058   3.854  -0.002  -0.211   0.000 01E106M000t
00008 LYS01A0134_008 f 0.00  0.000     0  0.00  0  0 -10.831   0.695   3.733  -0.000  -0.201   0.000 01E11DM000t
00009 LYS01A0134_009 f 0.00  0.000     0  0.00  0  0 -10.724   0.454   3.748  -0.002  -0.203   0.000 01E12BM000t
00010 LYS01A0134_010 f 0.00  0.000     0  0.00  0  0 -10.944   3.058   4.121  -0.011  -0.204   0.000 01E1F7M000t
00011 LYS01A0134_011 f 0.00  0.000     0  0.00  0  0 -12.002   3.684   3.138  -0.001  -0.217   0.000 01E205M000t
00012 LYS01A0134_012 f 0.00  0.000     0  0.00  0  0 -10.677   3.146   3.997  -0.006  -0.206   0.000 01T00EM000t
00013 LYS01A0134_013 f 0.00  0.000     0  0.00  0  0 -10.927   0.924   5.101  -0.002  -0.212   0.000 01T02AM000t
00014 LYS01A0134_014 f 0.00  0.000     0  0.00  0  0 -12.137   5.041   3.574  -0.010  -0.202   0.000 01T032M000t
00015 LYS01A0134_015 f 0.00  0.000     0  0.00  0  0 -11.136   2.974   4.186  -0.010  -0.201   0.000 01T03EM000t
00016 LYS01A0134_016 f 0.00  0.000     0  0.00  0  0 -10.841   0.538   3.574   0.002  -0.188   0.000 01T086M000t
00017 LYS01A0134_017 f 0.00  0.000     0  0.00  0  0 -10.949   0.313   3.873  -0.004  -0.190   0.000 01T12AM000t
00018 LYS01A0134_018 f 0.00  0.000     0  0.00  0  0  -9.245   0.394   3.396  -0.006  -0.188   0.000 01T156M000t
00019 LYS01A0134_019 f 0.00  0.000     0  0.00  0  0 -12.582   5.273   1.429  -0.009  -0.206   0.000 01T176M000t
00020 LYS01A0134_020 f 0.00  0.000     0  0.00  0  0 -11.897   2.174   2.152  -0.008  -0.217   0.000 01T179M000t
00021 LYS+1A0134_021 f 0.00  1.000     0 10.40  0  1  -4.133  -0.038   4.119   0.087  -3.034   0.000 +1O000M000t
00022 LYS+1A0134_022 f 0.00  1.000     0 10.40  0  1 -10.790   3.105   4.086   0.045  -3.058   0.000 +1E00EM000t
00023 LYS+1A0134_023 f 0.00  1.000     0 10.40  0  1 -10.855   0.917   5.249   0.027  -3.083   0.000 +1E02AM000t
00024 LYS+1A0134_024 f 0.00  1.000     0 10.40  0  1 -11.683   0.826   4.334   0.043  -3.093   0.000 +1E02BM000t
00025 LYS+1A0134_025 f 0.00  1.000     0 10.40  0  1 -10.773   0.542   3.608   0.071  -2.988   0.000 +1E086M000t
00026 LYS+1A0134_026 f 0.00  1.000     0 10.40  0  1 -11.418   3.046   4.009   0.048  -3.101   0.000 +1E098M000t
00027 LYS+1A0134_027 f 0.00  1.000     0 10.40  0  1 -10.825   2.856   3.629   0.057  -3.050   0.000 +1E0AFM000t
00028 LYS+1A0134_028 f 0.00  1.000     0 10.40  0  1 -10.827   0.698   3.804   0.042  -3.042   0.000 +1E11DM000t
00029 LYS+1A0134_029 f 0.00  1.000     0 10.40  0  1 -11.002   0.301   3.901   0.010  -3.037   0.000 +1E12AM000t
00030 LYS+1A0134_030 f 0.00  1.000     0 10.40  0  1  -9.308   0.397   3.515   0.066  -2.952   0.000 +1E156M000t
00031 LYS+1A0134_031 f 0.00  1.000     0 10.40  0  1 -12.593   5.315   1.430   0.068  -3.104   0.000 +1E176M000t
00032 LYS+1A0134_032 f 0.00  1.000     0 10.40  0  1 -11.940   2.205   2.168   0.064  -3.091   0.000 +1E179M000t
00033 LYS+1A0134_033 f 0.00  1.000     0 10.40  0  1 -11.077   3.033   4.140   0.041  -3.089   0.000 +1E1F7M000t
00034 LYS+1A0134_034 f 0.00  1.000     0 10.40  0  1 -11.923   3.668   3.147  -0.041  -3.080   0.000 +1E205M000t
00035 LYS+1A0134_035 f 0.00  1.000     0 10.40  0  1 -12.260   5.203   3.753   0.044  -3.105   0.000 +1T032M000t
00036 LYS+1A0134_036 f 0.00  1.000     0 10.40  0  1 -11.120   2.919   4.291   0.039  -3.077   0.000 +1T03EM000t
00037 LYS+1A0134_037 f 0.00  1.000     0 10.40  0  1 -11.653   2.350   3.291   0.058  -3.089   0.000 +1T04FM000t
00038 LYS+1A0134_038 f 0.00  1.000     0 10.40  0  1 -11.247   2.881   2.216   0.032  -3.100   0.000 +1T0C3M000t
00039 LYS+1A0134_039 f 0.00  1.000     0 10.40  0  1 -10.950   0.055   3.907   0.031  -3.093   0.000 +1T106M000t
00040 LYS+1A0134_040 f 0.00  1.000     0 10.40  0  1 -10.858   0.448   3.758   0.033  -3.064   0.000 +1T12BM000t
