   confID        vdw0    sas     sum
LYS01A0134_001   7.938 -11.991  -4.053
LYS01A0134_002   1.083 -12.647 -11.564
LYS01A0134_003   1.347 -12.956 -11.609
LYS01A0134_004   1.311 -12.627 -11.317
LYS01A0134_005   1.608 -12.226 -10.618
LYS01A0134_006   1.541 -12.710 -11.169
LYS01A0134_007   2.047 -12.971 -10.924
LYS01A0134_008   1.736 -12.567 -10.831
LYS01A0134_009   1.888 -12.612 -10.724
LYS01A0134_010   1.387 -12.331 -10.944
LYS01A0134_011   0.599 -12.601 -12.002
LYS01A0134_012   1.565 -12.241 -10.677
LYS01A0134_013   1.871 -12.798 -10.927
LYS01A0134_014   0.594 -12.731 -12.137
LYS01A0134_015   1.299 -12.435 -11.136
LYS01A0134_016   1.537 -12.378 -10.841
LYS01A0134_017   1.702 -12.651 -10.949
LYS01A0134_018   2.908 -12.153  -9.245
LYS01A0134_019   0.386 -12.968 -12.582
LYS01A0134_020   0.818 -12.714 -11.897
LYS+1A0134_021   7.857 -11.991  -4.133
LYS+1A0134_022   1.506 -12.296 -10.790
LYS+1A0134_023   1.853 -12.708 -10.855
LYS+1A0134_024   1.015 -12.698 -11.683
LYS+1A0134_025   1.448 -12.220 -10.773
LYS+1A0134_026   1.264 -12.682 -11.418
LYS+1A0134_027   1.559 -12.384 -10.825
LYS+1A0134_028   1.714 -12.541 -10.827
LYS+1A0134_029   1.636 -12.639 -11.002
LYS+1A0134_030   2.884 -12.192  -9.308
LYS+1A0134_031   0.349 -12.942 -12.593
LYS+1A0134_032   0.774 -12.714 -11.940
LYS+1A0134_033   1.357 -12.434 -11.077
LYS+1A0134_034   0.566 -12.489 -11.923
LYS+1A0134_035   0.574 -12.834 -12.260
LYS+1A0134_036   1.254 -12.374 -11.120
LYS+1A0134_037   1.287 -12.940 -11.653
LYS+1A0134_038   1.515 -12.762 -11.247
LYS+1A0134_039   2.021 -12.971 -10.950
LYS+1A0134_040   1.822 -12.680 -10.858
