CONFORMER         crg  vdw0  vdw1  tors  epol  self   occ  Hb     history    ASA
ARG01A0035_001  0.000-13.46  0.06  0.68  0.00-12.71 0.502  00  01O000M000  1.000
ARG01A0035_002  0.000-13.03 -0.14  3.08  0.00-10.09 0.502  00  01E040M000  1.000
ARG01A0035_003  0.000-13.25  4.28  0.69  0.00 -8.28 0.502  00  01E058M000  1.000
ARG01A0035_004  0.000-13.60  0.06  0.57  0.00-12.97 0.502  00  01E05DM000  1.000
ARG01A0035_005  0.000-12.79  1.60  4.05  0.00 -7.14 0.502  00  01E06CM000  1.000
ARG01A0035_006  0.000-13.07  2.99  3.17  0.00 -6.91 0.501  00  01E07EM000  1.000
ARG01A0035_007  0.000-11.71 -0.16  1.31  0.00-10.56 0.501  00  01E0FBM000  1.000
ARG01A0035_008  0.000-11.84 -0.04  1.23  0.00-10.65 0.501  00  01E115M000  1.000
ARG01A0035_009  0.000-10.27  3.43  2.66  0.00 -4.18 0.503  00  01E121M000  1.000
ARG01A0035_010  0.000-12.93 -0.14  3.12  0.00 -9.95 0.501  00  01E122M000  1.000
ARG01A0035_011  0.000-12.46  1.26  4.27  0.00 -6.93 0.502  00  01E131M000  1.000
ARG01A0035_012  0.000-12.94  4.63  3.15  0.00 -5.15 0.502  00  01T013M000  1.000
ARG01A0035_013  0.000-12.20  2.52  5.54  0.00 -4.15 0.502  00  01T041M000  1.000
ARG01A0035_014  0.000-11.20  2.05  3.59  0.00 -5.56 0.502  00  01T04AM000  1.000
ARG01A0035_015  0.000-13.29 -0.09  0.59  0.00-12.78 0.501  00  01T093M000  1.000
ARG01A0035_016  0.000-12.40  1.01  3.38  0.00 -8.02 0.502  00  01T09BM000  1.000
ARG01A0035_017  0.000-12.71  2.97  1.23  0.00 -8.50 0.501  00  01T09FM000  1.000
ARG01A0035_018  0.000-12.79  0.00  1.26  0.00-11.53 0.502  00  01T0A4M000  1.000
ARG01A0035_019  0.000-12.57  1.95  2.75  0.00 -7.87 0.502  00  01T13BM000  1.000
ARG01A0035_020  0.000-11.65  1.69  1.31  0.00 -8.64 0.502  00  01T150M000  1.000
ARG02A0035_021  0.000-13.47  0.06  0.68  0.00-12.73 0.502  00  02O000M000  1.000
ARG02A0035_022  0.000-12.84 -0.18  3.06  0.00 -9.95 0.502  00  02E040M000  1.000
ARG02A0035_023  0.000-12.20  2.52  5.51  0.00 -4.18 0.502  00  02E041M000  1.000
ARG02A0035_024  0.000-13.32  4.34  0.68  0.00 -8.30 0.502  00  02E058M000  1.000
ARG02A0035_025  0.000-11.97  1.51  3.40  0.00 -7.06 0.502  00  02E131M000  1.000
ARG02A0035_026  0.000-11.63  1.31  1.13  0.00 -9.18 0.502  00  02E150M000  1.000
ARG02A0035_027  0.000-13.38  0.08  0.54  0.00-12.76 0.502  00  02E05DM000  1.000
ARG02A0035_028  0.000-10.24  3.41  2.64  0.00 -4.19 0.503  00  02E121M000  1.000
ARG02A0035_029  0.000-13.12 -0.18  3.00  0.00-10.30 0.501  00  02T122M000  1.000
ARG02A0035_030  0.000-11.15  1.99  3.58  0.00 -5.58 0.502  00  02T04AM000  1.000
ARG02A0035_031  0.000-12.92  1.64  3.88  0.00 -7.40 0.502  00  02T06CM000  1.000
ARG02A0035_032  0.000-13.15  2.97  3.15  0.00 -7.03 0.501  00  02T07EM000  1.000
ARG02A0035_033  0.000-13.32 -0.06  0.46  0.00-12.92 0.501  00  02T093M000  1.000
ARG02A0035_034  0.000-11.40 -0.13  1.14  0.00-10.39 0.501  00  02T0FBM000  1.000
ARG02A0035_035  0.000-12.87  4.63  3.15  0.00 -5.08 0.502  00  02T013M000  1.000
ARG02A0035_036  0.000-12.69  1.04  3.27  0.00 -8.39 0.502  00  02T09BM000  1.000
ARG02A0035_037  0.000-12.63 -0.00  1.17  0.00-11.46 0.502  00  02T0A4M000  1.000
ARG02A0035_038  0.000-12.14 -0.08  1.09  0.00-11.13 0.501  00  02T115M000  1.000
ARG02A0035_039  0.000-12.54  2.48  2.47  0.00 -7.59 0.502  00  02T13BM000  1.000
ARG02A0035_040  0.000-12.54  5.38  0.63  0.00 -6.52 0.501  00  02T09FM000  1.000
ARG03A0035_041  0.000-13.48  0.06  0.68  0.00-12.74 0.502  00  03O000M000  1.000
ARG03A0035_042  0.000-12.95  1.64  3.88  0.00 -7.43 0.502  00  03E06CM000  1.000
ARG03A0035_043  0.000-11.99  1.52  3.38  0.00 -7.09 0.502  00  03E131M000  1.000
ARG03A0035_044  0.000-12.84 -0.00  1.16  0.00-11.68 0.502  00  03E0A4M000  1.000
ARG03A0035_045  0.000-12.51  2.44  2.42  0.00 -7.65 0.502  00  03E13BM000  1.000
ARG03A0035_046  0.000-12.28  2.52  5.51  0.00 -4.24 0.502  00  03T041M000  1.000
ARG03A0035_047  0.000-11.17  1.99  3.57  0.00 -5.60 0.502  00  03T04AM000  1.000
ARG03A0035_048  0.000-12.65  5.44  0.63  0.00 -6.57 0.501  00  03T09FM000  1.000
ARG03A0035_049  0.000-12.97 -0.18  2.99  0.00-10.15 0.501  00  03T122M000  1.000
ARG03A0035_050  0.000-13.16 -0.19  3.07  0.00-10.28 0.502  00  03T040M000  1.000
ARG03A0035_051  0.000-11.54 -0.13  1.12  0.00-10.54 0.501  00  03T0FBM000  1.000
ARG03A0035_052  0.000-13.39  0.08  0.53  0.00-12.77 0.502  00  03T05DM000  1.000
ARG03A0035_053  0.000-13.22  2.96  3.15  0.00 -7.10 0.501  00  03T07EM000  1.000
ARG03A0035_054  0.000-13.28 -0.05  0.45  0.00-12.87 0.501  00  03T093M000  1.000
ARG03A0035_055  0.000-12.86  1.06  3.26  0.00 -8.54 0.502  00  03T09BM000  1.000
ARG03A0035_056  0.000-11.54  1.28  1.13  0.00 -9.13 0.502  00  03T150M000  1.000
ARG03A0035_057  0.000-12.95  4.63  3.15  0.00 -5.17 0.502  00  03T013M000  1.000
ARG03A0035_058  0.000-13.32  4.37  0.68  0.00 -8.27 0.502  00  03T058M000  1.000
ARG03A0035_059  0.000-12.33 -0.08  1.07  0.00-11.33 0.501  00  03T115M000  1.000
ARG03A0035_060  0.000-10.24  3.29  2.64  0.00 -4.32 0.503  00  03T121M000  1.000
ARG+1A0035_061  1.000-13.52  0.06  0.68  0.00-12.78 0.502  00  +1O000M000  1.000
ARG+1A0035_062  1.000-13.00  4.62  3.15  0.00 -5.22 0.502  00  +1E013M000  1.000
ARG+1A0035_063  1.000-13.00 -0.18  3.07  0.00-10.11 0.502  00  +1E040M000  1.000
ARG+1A0035_064  1.000-12.25  2.52  5.53  0.00 -4.20 0.502  00  +1E041M000  1.000
ARG+1A0035_065  1.000-13.30  4.34  0.68  0.00 -8.28 0.502  00  +1E058M000  1.000
ARG+1A0035_066  1.000-13.35 -0.06  0.47  0.00-12.95 0.501  00  +1E093M000  1.000
ARG+1A0035_067  1.000-12.83  1.03  3.27  0.00 -8.53 0.502  00  +1E09BM000  1.000
ARG+1A0035_068  1.000-12.68  5.37  0.64  0.00 -6.67 0.501  00  +1E09FM000  1.000
ARG+1A0035_069  1.000-11.45 -0.13  1.15  0.00-10.43 0.501  00  +1E0FBM000  1.000
ARG+1A0035_070  1.000-12.20 -0.08  1.09  0.00-11.19 0.501  00  +1E115M000  1.000
ARG+1A0035_071  1.000-12.50  2.46  2.48  0.00 -7.56 0.502  00  +1E13BM000  1.000
ARG+1A0035_072  1.000-11.56  1.30  1.13  0.00 -9.13 0.502  00  +1E150M000  1.000
ARG+1A0035_073  1.000-11.19  2.00  3.58  0.00 -5.61 0.502  00  +1T04AM000  1.000
ARG+1A0035_074  1.000-13.49  0.08  0.54  0.00-12.86 0.502  00  +1T05DM000  1.000
ARG+1A0035_075  1.000-12.97  1.64  3.88  0.00 -7.44 0.502  00  +1T06CM000  1.000
ARG+1A0035_076  1.000-13.25  2.97  3.16  0.00 -7.12 0.501  00  +1T07EM000  1.000
ARG+1A0035_077  1.000-12.77 -0.01  1.17  0.00-11.60 0.502  00  +1T0A4M000  1.000
ARG+1A0035_078  1.000-10.29  3.40  2.67  0.00 -4.22 0.503  00  +1T121M000  1.000
ARG+1A0035_079  1.000-13.17 -0.18  3.00  0.00-10.34 0.501  00  +1T122M000  1.000
ARG+1A0035_080  1.000-11.97  1.50  3.41  0.00 -7.06 0.502  00  +1T131M000  1.000
