iConf CONFORMER     FL  occ    crg   Em0  pKa0 ne nH    vdw0    vdw1    tors    epol   dsolv   extra    history
00001 ARG01A0035_001 f 0.00  0.000     0  0.00  0  0 -13.455   0.125   0.683   0.085  -1.230   0.000 01O000M000t
00002 ARG01A0035_002 f 0.00  0.000     0  0.00  0  0 -13.029  -0.097   3.082  -0.034  -1.250   0.000 01E040M000t
00003 ARG01A0035_003 f 0.00  0.000     0  0.00  0  0 -13.248   4.325   0.694   0.040  -1.242   0.000 01E058M000t
00004 ARG01A0035_004 f 0.00  0.000     0  0.00  0  0 -13.602   0.182   0.574   0.006  -1.295   0.000 01E05DM000t
00005 ARG01A0035_005 f 0.00  0.000     0  0.00  0  0 -12.789   1.602   4.051   0.007  -1.257   0.000 01E06CM000t
00006 ARG01A0035_006 f 0.00  0.000     0  0.00  0  0 -13.063   3.037   3.171   0.008  -1.284   0.000 01E07EM000t
00007 ARG01A0035_007 f 0.00  0.000     0  0.00  0  0 -11.713  -0.108   1.310   0.026  -1.224   0.000 01E0FBM000t
00008 ARG01A0035_008 f 0.00  0.000     0  0.00  0  0 -11.845   0.007   1.235  -0.041  -1.205   0.000 01E115M000t
00009 ARG01A0035_009 f 0.00  0.000     0  0.00  0  0 -10.265   3.463   2.660  -0.107  -1.174   0.000 01E121M000t
00010 ARG01A0035_010 f 0.00  0.000     0  0.00  0  0 -12.930  -0.096   3.127  -0.031  -1.201   0.000 01E122M000t
00011 ARG01A0035_011 f 0.00  0.000     0  0.00  0  0 -12.396   1.262   4.258   0.079  -1.258   0.000 01E131M000t
00012 ARG01A0035_012 f 0.00  0.000     0  0.00  0  0 -12.937   4.675   3.152   0.043  -1.222   0.000 01T013M000t
00013 ARG01A0035_013 f 0.00  0.000     0  0.00  0  0 -12.195   2.569   5.538   0.020  -1.285   0.000 01T041M000t
00014 ARG01A0035_014 f 0.00  0.000     0  0.00  0  0 -11.195   2.046   3.587   0.023  -1.216   0.000 01T04AM000t
00015 ARG01A0035_015 f 0.00  0.000     0  0.00  0  0 -13.290  -0.023   0.587   0.004  -1.186   0.000 01T093M000t
00016 ARG01A0035_016 f 0.00  0.000     0  0.00  0  0 -12.399   1.005   3.374  -0.047  -1.182   0.000 01T09BM000t
00017 ARG01A0035_017 f 0.00  0.000     0  0.00  0  0 -12.711   3.018   1.226   0.042  -1.198   0.000 01T09FM000t
00018 ARG01A0035_018 f 0.00  0.000     0  0.00  0  0 -12.738   0.064   1.256  -0.045  -1.266   0.000 01T0A4M000t
00019 ARG01A0035_019 f 0.00  0.000     0  0.00  0  0 -12.568   2.002   2.749   0.030  -1.267   0.000 01T13BM000t
00020 ARG01A0035_020 f 0.00  0.000     0  0.00  0  0 -11.531   1.689   1.313  -0.023  -1.231   0.000 01T150M000t
00021 ARG02A0035_021 f 0.00  0.000     0  0.00  0  0 -13.472   0.125   0.683   0.086  -1.115   0.000 02O000M000t
00022 ARG02A0035_022 f 0.00  0.000     0  0.00  0  0 -12.829  -0.137   3.060   0.003  -1.063   0.000 02E040M000t
00023 ARG02A0035_023 f 0.00  0.000     0  0.00  0  0 -12.203   2.576   5.508   0.043  -1.076   0.000 02E041M000t
00024 ARG02A0035_024 f 0.00  0.000     0  0.00  0  0 -13.317   4.388   0.681   0.055  -1.118   0.000 02E058M000t
00025 ARG02A0035_025 f 0.00  0.000     0  0.00  0  0 -11.974   1.506   3.397  -0.042  -1.097   0.000 02E131M000t
00026 ARG02A0035_026 f 0.00  0.000     0  0.00  0  0 -11.626   1.307   1.127   0.060  -1.094   0.000 02E150M000t
00027 ARG02A0035_027 f 0.00  0.000     0  0.00  0  0 -13.386   0.202   0.539   0.021  -1.187   0.000 02E05DM000t
00028 ARG02A0035_028 f 0.00  0.000     0  0.00  0  0 -10.249   3.434   2.634  -0.026  -1.081   0.000 02E121M000t
00029 ARG02A0035_029 f 0.00  0.000     0  0.00  0  0 -13.124  -0.130   2.997   0.045  -1.161   0.000 02T122M000t
00030 ARG02A0035_030 f 0.00  0.000     0  0.00  0  0 -11.146   1.993   3.575   0.004  -1.086   0.000 02T04AM000t
00031 ARG02A0035_031 f 0.00  0.000     0  0.00  0  0 -12.917   1.634   3.880   0.013  -1.095   0.000 02T06CM000t
00032 ARG02A0035_032 f 0.00  0.000     0  0.00  0  0 -13.208   3.020   3.153   0.005  -1.126   0.000 02T07EM000t
00033 ARG02A0035_033 f 0.00  0.000     0  0.00  0  0 -13.361   0.008   0.457   0.013  -1.078   0.000 02T093M000t
00034 ARG02A0035_034 f 0.00  0.000     0  0.00  0  0 -11.407  -0.081   1.139   0.033  -1.072   0.000 02T0FBM000t
00035 ARG02A0035_035 f 0.00  0.000     0  0.00  0  0 -12.860   4.679   3.148   0.002  -1.152   0.000 02T013M000t
00036 ARG02A0035_036 f 0.00  0.000     0  0.00  0  0 -12.687   1.027   3.271  -0.060  -1.119   0.000 02T09BM000t
00037 ARG02A0035_037 f 0.00  0.000     0  0.00  0  0 -12.624   0.062   1.169   0.002  -1.173   0.000 02T0A4M000t
00038 ARG02A0035_038 f 0.00  0.000     0  0.00  0  0 -12.142  -0.037   1.092   0.011  -1.189   0.000 02T115M000t
00039 ARG02A0035_039 f 0.00  0.000     0  0.00  0  0 -12.535   2.523   2.472  -0.009  -1.220   0.000 02T13BM000t
00040 ARG02A0035_040 f 0.00  0.000     0  0.00  0  0 -12.540   5.431   0.636  -0.043  -1.147   0.000 02T09FM000t
00041 ARG03A0035_041 f 0.00  0.000     0  0.00  0  0 -13.479   0.123   0.683   0.080  -1.072   0.000 03O000M000t
00042 ARG03A0035_042 f 0.00  0.000     0  0.00  0  0 -12.948   1.637   3.877   0.012  -1.151   0.000 03E06CM000t
00043 ARG03A0035_043 f 0.00  0.000     0  0.00  0  0 -11.998   1.516   3.381  -0.038  -1.121   0.000 03E131M000t
00044 ARG03A0035_044 f 0.00  0.000     0  0.00  0  0 -12.842   0.062   1.162  -0.011  -1.133   0.000 03E0A4M000t
00045 ARG03A0035_045 f 0.00  0.000     0  0.00  0  0 -12.505   2.484   2.425   0.015  -1.180   0.000 03E13BM000t
00046 ARG03A0035_046 f 0.00  0.000     0  0.00  0  0 -12.277   2.569   5.515   0.033  -1.136   0.000 03T041M000t
00047 ARG03A0035_047 f 0.00  0.000     0  0.00  0  0 -11.166   1.990   3.572   0.007  -1.046   0.000 03T04AM000t
00048 ARG03A0035_048 f 0.00  0.000     0  0.00  0  0 -12.651   5.494   0.631  -0.020  -1.136   0.000 03T09FM000t
00049 ARG03A0035_049 f 0.00  0.000     0  0.00  0  0 -13.087  -0.131   2.992   0.044  -1.123   0.000 03T122M000t
00050 ARG03A0035_050 f 0.00  0.000     0  0.00  0  0 -13.162  -0.141   3.065   0.001  -1.050   0.000 03T040M000t
00051 ARG03A0035_051 f 0.00  0.000     0  0.00  0  0 -11.548  -0.076   1.122   0.036  -1.125   0.000 03T0FBM000t
00052 ARG03A0035_052 f 0.00  0.000     0  0.00  0  0 -13.388   0.203   0.535   0.016  -1.139   0.000 03T05DM000t
00053 ARG03A0035_053 f 0.00  0.000     0  0.00  0  0 -13.216   3.014   3.151   0.006  -1.201   0.000 03T07EM000t
00054 ARG03A0035_054 f 0.00  0.000     0  0.00  0  0 -13.275   0.015   0.455   0.006  -1.087   0.000 03T093M000t
00055 ARG03A0035_055 f 0.00  0.000     0  0.00  0  0 -12.858   1.054   3.265  -0.046  -1.081   0.000 03T09BM000t
00056 ARG03A0035_056 f 0.00  0.000     0  0.00  0  0 -11.538   1.280   1.125   0.023  -1.116   0.000 03T150M000t
00057 ARG03A0035_057 f 0.00  0.000     0  0.00  0  0 -12.952   4.674   3.153   0.035  -1.116   0.000 03T013M000t
00058 ARG03A0035_058 f 0.00  0.000     0  0.00  0  0 -13.326   4.423   0.681   0.048  -1.107   0.000 03T058M000t
00059 ARG03A0035_059 f 0.00  0.000     0  0.00  0  0 -12.333  -0.031   1.075  -0.012  -1.107   0.000 03T115M000t
00060 ARG03A0035_060 f 0.00  0.000     0  0.00  0  0 -10.254   3.319   2.636  -0.058  -1.041   0.000 03T121M000t
00061 ARG+1A0035_061 f 0.00  1.000     0 12.50  0  1 -13.518   0.123   0.683   0.201  -4.837   0.000 +1O000M000t
00062 ARG+1A0035_062 f 0.00  1.000     0 12.50  0  1 -12.995   4.684   3.154   0.015  -4.867   0.000 +1E013M000t
00063 ARG+1A0035_063 f 0.00  1.000     0 12.50  0  1 -12.999  -0.134   3.073   0.159  -4.802   0.000 +1E040M000t
00064 ARG+1A0035_064 f 0.00  1.000     0 12.50  0  1 -12.249   2.562   5.535  -0.004  -4.833   0.000 +1E041M000t
00065 ARG+1A0035_065 f 0.00  1.000     0 12.50  0  1 -13.301   4.377   0.683   0.157  -4.850   0.000 +1E058M000t
00066 ARG+1A0035_066 f 0.00  1.000     0 12.50  0  1 -13.346  -0.001   0.464   0.207  -4.836   0.000 +1E093M000t
00067 ARG+1A0035_067 f 0.00  1.000     0 12.50  0  1 -12.833   1.026   3.274   0.142  -4.795   0.000 +1E09BM000t
00068 ARG+1A0035_068 f 0.00  1.000     0 12.50  0  1 -12.686   5.411   0.638   0.055  -4.706   0.000 +1E09FM000t
00069 ARG+1A0035_069 f 0.00  1.000     0 12.50  0  1 -11.452  -0.080   1.146   0.034  -4.815   0.000 +1E0FBM000t
00070 ARG+1A0035_070 f 0.00  1.000     0 12.50  0  1 -12.199  -0.035   1.094   0.141  -4.779   0.000 +1E115M000t
00071 ARG+1A0035_071 f 0.00  1.000     0 12.50  0  1 -12.567   2.501   2.486  -0.030  -4.848   0.000 +1E13BM000t
00072 ARG+1A0035_072 f 0.00  1.000     0 12.50  0  1 -11.551   1.304   1.132   0.105  -4.680   0.000 +1E150M000t
00073 ARG+1A0035_073 f 0.00  1.000     0 12.50  0  1 -11.199   1.999   3.578  -0.001  -4.825   0.000 +1T04AM000t
00074 ARG+1A0035_074 f 0.00  1.000     0 12.50  0  1 -13.489   0.199   0.542   0.057  -4.844   0.000 +1T05DM000t
00075 ARG+1A0035_075 f 0.00  1.000     0 12.50  0  1 -12.965   1.636   3.885   0.086  -4.876   0.000 +1T06CM000t
00076 ARG+1A0035_076 f 0.00  1.000     0 12.50  0  1 -13.249   3.024   3.158   0.015  -4.868   0.000 +1T07EM000t
00077 ARG+1A0035_077 f 0.00  1.000     0 12.50  0  1 -12.769   0.058   1.173   0.160  -4.890   0.000 +1T0A4M000t
00078 ARG+1A0035_078 f 0.00  1.000     0 12.50  0  1 -10.296   3.437   2.676   0.234  -4.751   0.000 +1T121M000t
00079 ARG+1A0035_079 f 0.00  1.000     0 12.50  0  1 -13.177  -0.132   3.002   0.203  -4.744   0.000 +1T122M000t
00080 ARG+1A0035_080 f 0.00  1.000     0 12.50  0  1 -11.975   1.502   3.409  -0.194  -4.794   0.000 +1T131M000t
