   confID        vdw0    sas     sum
ARG01A0035_001   1.126 -14.582 -13.455
ARG01A0035_002   1.832 -14.861 -13.029
ARG01A0035_003   1.304 -14.552 -13.248
ARG01A0035_004   1.255 -14.857 -13.602
ARG01A0035_005   1.945 -14.735 -12.789
ARG01A0035_006   1.212 -14.275 -13.063
ARG01A0035_007   2.768 -14.481 -11.713
ARG01A0035_008   2.660 -14.504 -11.845
ARG01A0035_009   4.247 -14.512 -10.265
ARG01A0035_010   2.229 -15.159 -12.930
ARG01A0035_011   2.392 -14.788 -12.396
ARG01A0035_012   1.171 -14.109 -12.937
ARG01A0035_013   1.657 -13.851 -12.195
ARG01A0035_014   2.837 -14.032 -11.195
ARG01A0035_015   1.660 -14.951 -13.290
ARG01A0035_016   1.751 -14.151 -12.399
ARG01A0035_017   2.129 -14.841 -12.711
ARG01A0035_018   2.046 -14.784 -12.738
ARG01A0035_019   2.198 -14.766 -12.568
ARG01A0035_020   3.013 -14.544 -11.531
ARG02A0035_021   1.110 -14.582 -13.472
ARG02A0035_022   1.832 -14.661 -12.829
ARG02A0035_023   1.648 -13.851 -12.203
ARG02A0035_024   1.299 -14.616 -13.317
ARG02A0035_025   2.801 -14.775 -11.974
ARG02A0035_026   3.146 -14.772 -11.626
ARG02A0035_027   1.220 -14.606 -13.386
ARG02A0035_028   4.263 -14.512 -10.249
ARG02A0035_029   2.072 -15.197 -13.124
ARG02A0035_030   2.835 -13.980 -11.146
ARG02A0035_031   1.677 -14.594 -12.917
ARG02A0035_032   1.151 -14.358 -13.208
ARG02A0035_033   1.580 -14.941 -13.361
ARG02A0035_034   2.885 -14.291 -11.407
ARG02A0035_035   1.249 -14.109 -12.860
ARG02A0035_036   1.718 -14.405 -12.687
ARG02A0035_037   2.141 -14.765 -12.624
ARG02A0035_038   2.733 -14.874 -12.142
ARG02A0035_039   2.126 -14.660 -12.535
ARG02A0035_040   2.268 -14.809 -12.540
ARG03A0035_041   1.103 -14.582 -13.479
ARG03A0035_042   1.646 -14.594 -12.948
ARG03A0035_043   2.829 -14.827 -11.998
ARG03A0035_044   2.100 -14.941 -12.842
ARG03A0035_045   2.059 -14.564 -12.505
ARG03A0035_046   1.638 -13.915 -12.277
ARG03A0035_047   2.815 -13.980 -11.166
ARG03A0035_048   2.222 -14.873 -12.651
ARG03A0035_049   2.045 -15.132 -13.087
ARG03A0035_050   1.811 -14.973 -13.162
ARG03A0035_051   2.795 -14.343 -11.548
ARG03A0035_052   1.154 -14.542 -13.388
ARG03A0035_053   1.142 -14.358 -13.216
ARG03A0035_054   1.551 -14.826 -13.275
ARG03A0035_055   1.627 -14.485 -12.858
ARG03A0035_056   3.182 -14.721 -11.538
ARG03A0035_057   1.157 -14.109 -12.952
ARG03A0035_058   1.290 -14.616 -13.326
ARG03A0035_059   2.609 -14.942 -12.333
ARG03A0035_060   4.194 -14.448 -10.254
ARG+1A0035_061   1.064 -14.582 -13.518
ARG+1A0035_062   1.114 -14.109 -12.995
ARG+1A0035_063   1.778 -14.777 -12.999
ARG+1A0035_064   1.602 -13.851 -12.249
ARG+1A0035_065   1.251 -14.552 -13.301
ARG+1A0035_066   1.527 -14.874 -13.346
ARG+1A0035_067   1.584 -14.418 -12.833
ARG+1A0035_068   2.186 -14.873 -12.686
ARG+1A0035_069   2.836 -14.288 -11.452
ARG+1A0035_070   2.611 -14.810 -12.199
ARG+1A0035_071   2.006 -14.573 -12.567
ARG+1A0035_072   3.157 -14.708 -11.551
ARG+1A0035_073   2.781 -13.980 -11.199
ARG+1A0035_074   1.117 -14.606 -13.489
ARG+1A0035_075   1.629 -14.594 -12.965
ARG+1A0035_076   1.109 -14.358 -13.249
ARG+1A0035_077   2.060 -14.829 -12.769
ARG+1A0035_078   4.216 -14.512 -10.296
ARG+1A0035_079   2.020 -15.197 -13.177
ARG+1A0035_080   2.801 -14.775 -11.975
