CONFORMER         crg  vdw0  vdw1  tors  epol  self   occ  Hb     history    ASA
LYS01A0097_001  0.000-11.72  0.86  2.32  0.00 -8.55 0.501  00  01O000M000  1.000
LYS01A0097_002  0.000-10.13  1.33  1.85  0.00 -6.94 0.502  00  01E006M000  1.000
LYS01A0097_003  0.000 -9.36  1.01  1.77  0.00 -6.58 0.502  00  01E017M000  1.000
LYS01A0097_004  0.000-10.13  0.92  1.62  0.00 -7.59 0.501  00  01E062M000  1.000
LYS01A0097_005  0.000-10.87  2.38  4.57  0.00 -3.92 0.501  00  01E069M000  1.000
LYS01A0097_006  0.000-10.56  1.47  2.10  0.00 -6.99 0.501  00  01E0A3M000  1.000
LYS01A0097_007  0.000-10.27  1.67  2.12  0.00 -6.49 0.502  00  01E0E4M000  1.000
LYS01A0097_008  0.000 -9.66  0.89  2.37  0.00 -6.40 0.502  00  01E0F5M000  1.000
LYS01A0097_009  0.000 -9.96  1.19  1.90  0.00 -6.88 0.501  00  01T007M000  1.000
LYS01A0097_010  0.000-10.15  3.29  1.78  0.00 -5.07 0.503  00  01T013M000  1.000
LYS01A0097_011  0.000-10.89  2.12  4.53  0.00 -4.24 0.502  00  01T019M000  1.000
LYS01A0097_012  0.000-11.89  2.26  4.25  0.00 -5.39 0.502  00  01T044M000  1.000
LYS01A0097_013  0.000-12.19  5.43  3.89  0.00 -2.88 0.501  00  01T06BM000  1.000
LYS01A0097_014  0.000-11.01  0.80  1.21  0.00 -9.00 0.502  00  01T081M000  1.000
LYS01A0097_015  0.000-11.54  3.60  1.72  0.00 -6.21 0.502  00  01T0D9M000  1.000
LYS01A0097_016  0.000 -9.98  1.19  2.20  0.00 -6.60 0.502  00  01T0EAM000  1.000
LYS01A0097_017  0.000-11.14  1.10  2.21  0.00 -7.83 0.501  00  01T0FCM000  1.000
LYS01A0097_018  0.000-11.21  2.19  4.75  0.00 -4.27 0.501  00  01T130M000  1.000
LYS01A0097_019  0.000-10.44  2.54  4.91  0.00 -2.99 0.502  00  01T138M000  1.000
LYS01A0097_020  0.000-10.07  2.44  5.26  0.00 -2.37 0.501  00  01T139M000  1.000
LYS+1A0097_021  1.000-11.78  0.86  2.32  0.00 -8.61 0.501  00  +1O000M000  1.000
LYS+1A0097_022  1.000-10.12  1.32  1.90  0.00 -6.90 0.502  00  +1E006M000  1.000
LYS+1A0097_023  1.000-10.15  3.28  1.83  0.00 -5.05 0.503  00  +1E013M000  1.000
LYS+1A0097_024  1.000-10.94  2.12  4.59  0.00 -4.23 0.502  00  +1E019M000  1.000
LYS+1A0097_025  1.000-11.87  2.26  4.31  0.00 -5.31 0.502  00  +1E044M000  1.000
LYS+1A0097_026  1.000-10.90  2.37  4.59  0.00 -3.94 0.501  00  +1E069M000  1.000
LYS+1A0097_027  1.000-11.08  0.81  1.25  0.00 -9.03 0.502  00  +1E081M000  1.000
LYS+1A0097_028  1.000-11.55  3.63  1.79  0.00 -6.13 0.502  00  +1E0D9M000  1.000
LYS+1A0097_029  1.000-10.38  1.65  2.18  0.00 -6.55 0.502  00  +1E0E4M000  1.000
LYS+1A0097_030  1.000 -9.86  0.89  2.40  0.00 -6.56 0.502  00  +1E0F5M000  1.000
LYS+1A0097_031  1.000-11.00  1.09  2.24  0.00 -7.67 0.501  00  +1E0FCM000  1.000
LYS+1A0097_032  1.000-10.46  2.55  4.95  0.00 -2.96 0.502  00  +1E138M000  1.000
LYS+1A0097_033  1.000-10.20  2.43  5.31  0.00 -2.45 0.501  00  +1E139M000  1.000
LYS+1A0097_034  1.000 -9.91  1.17  1.93  0.00 -6.81 0.501  00  +1T007M000  1.000
LYS+1A0097_035  1.000 -9.46  0.98  1.80  0.00 -6.67 0.502  00  +1T017M000  1.000
LYS+1A0097_036  1.000-10.31  0.91  1.65  0.00 -7.74 0.501  00  +1T062M000  1.000
LYS+1A0097_037  1.000-12.17  5.39  3.94  0.00 -2.85 0.501  00  +1T06BM000  1.000
LYS+1A0097_038  1.000-10.59  1.46  2.15  0.00 -6.97 0.501  00  +1T0A3M000  1.000
LYS+1A0097_039  1.000 -9.87  1.18  2.22  0.00 -6.47 0.502  00  +1T0EAM000  1.000
LYS+1A0097_040  1.000-11.28  2.18  4.82  0.00 -4.28 0.501  00  +1T130M000  1.000
