iConf CONFORMER     FL  occ    crg   Em0  pKa0 ne nH    vdw0    vdw1    tors    epol   dsolv   extra    history
00001 LYS01A0097_001 f 0.00  0.000     0  0.00  0  0 -11.721   0.857   2.318  -0.001  -0.950   0.000 01O000M000t
00002 LYS01A0097_002 f 0.00  0.000     0  0.00  0  0 -10.115   1.331   1.850  -0.002  -1.070   0.000 01E006M000t
00003 LYS01A0097_003 f 0.00  0.000     0  0.00  0  0  -9.357   1.016   1.773  -0.170  -0.819   0.000 01E017M000t
00004 LYS01A0097_004 f 0.00  0.000     0  0.00  0  0 -10.132   0.917   1.624  -0.012  -0.935   0.000 01E062M000t
00005 LYS01A0097_005 f 0.00  0.000     0  0.00  0  0 -10.868   2.378   4.568  -0.009  -1.057   0.000 01E069M000t
00006 LYS01A0097_006 f 0.00  0.000     0  0.00  0  0 -10.555   1.463   2.097  -0.008  -0.945   0.000 01E0A3M000t
00007 LYS01A0097_007 f 0.00  0.000     0  0.00  0  0 -10.275   1.668   2.118  -0.004  -0.976   0.000 01E0E4M000t
00008 LYS01A0097_008 f 0.00  0.000     0  0.00  0  0  -9.663   0.885   2.375  -0.024  -0.962   0.000 01E0F5M000t
00009 LYS01A0097_009 f 0.00  0.000     0  0.00  0  0  -9.966   1.186   1.896  -0.013  -0.909   0.000 01T007M000t
00010 LYS01A0097_010 f 0.00  0.000     0  0.00  0  0 -10.142   3.284   1.780   0.038  -0.872   0.000 01T013M000t
00011 LYS01A0097_011 f 0.00  0.000     0  0.00  0  0 -10.893   2.122   4.530  -0.002  -0.996   0.000 01T019M000t
00012 LYS01A0097_012 f 0.00  0.000     0  0.00  0  0 -11.893   2.258   4.246  -0.008  -0.956   0.000 01T044M000t
00013 LYS01A0097_013 f 0.00  0.000     0  0.00  0  0 -12.193   5.416   3.887  -0.022  -0.990   0.000 01T06BM000t
00014 LYS01A0097_014 f 0.00  0.000     0  0.00  0  0 -11.011   0.808   1.207  -0.005  -1.047   0.000 01T081M000t
00015 LYS01A0097_015 f 0.00  0.000     0  0.00  0  0 -11.542   3.602   1.721  -0.009  -0.948   0.000 01T0D9M000t
00016 LYS01A0097_016 f 0.00  0.000     0  0.00  0  0  -9.977   1.187   2.197  -0.006  -1.087   0.000 01T0EAM000t
00017 LYS01A0097_017 f 0.00  0.000     0  0.00  0  0 -11.137   1.098   2.206  -0.058  -1.034   0.000 01T0FCM000t
00018 LYS01A0097_018 f 0.00  0.000     0  0.00  0  0 -11.203   2.194   4.751  -0.011  -0.925   0.000 01T130M000t
00019 LYS01A0097_019 f 0.00  0.000     0  0.00  0  0 -10.444   2.543   4.911  -0.011  -1.016   0.000 01T138M000t
00020 LYS01A0097_020 f 0.00  0.000     0  0.00  0  0 -10.112   2.440   5.265  -0.009  -0.950   0.000 01T139M000t
00021 LYS+1A0097_021 f 0.00  1.000     0 10.40  0  1 -11.781   0.855   2.318   0.058 -12.877   0.000 +1O000M000t
00022 LYS+1A0097_022 f 0.00  1.000     0 10.40  0  1 -10.110   1.324   1.897   0.061 -12.891   0.000 +1E006M000t
00023 LYS+1A0097_023 f 0.00  1.000     0 10.40  0  1 -10.157   3.286   1.833   0.114 -12.477   0.000 +1E013M000t
00024 LYS+1A0097_024 f 0.00  1.000     0 10.40  0  1 -10.931   2.118   4.592   0.063 -12.768   0.000 +1E019M000t
00025 LYS+1A0097_025 f 0.00  1.000     0 10.40  0  1 -11.909   2.256   4.305   0.049 -12.885   0.000 +1E044M000t
00026 LYS+1A0097_026 f 0.00  1.000     0 10.40  0  1 -10.850   2.377   4.586   0.069 -13.069   0.000 +1E069M000t
00027 LYS+1A0097_027 f 0.00  1.000     0 10.40  0  1 -11.081   0.807   1.251   0.021 -12.987   0.000 +1E081M000t
00028 LYS+1A0097_028 f 0.00  1.000     0 10.40  0  1 -11.558   3.630   1.794   0.069 -12.923   0.000 +1E0D9M000t
00029 LYS+1A0097_029 f 0.00  1.000     0 10.40  0  1 -10.383   1.652   2.182   0.036 -12.995   0.000 +1E0E4M000t
00030 LYS+1A0097_030 f 0.00  1.000     0 10.40  0  1  -9.789   0.887   2.404   0.053 -12.961   0.000 +1E0F5M000t
00031 LYS+1A0097_031 f 0.00  1.000     0 10.40  0  1 -11.005   1.084   2.245   0.238 -12.856   0.000 +1E0FCM000t
00032 LYS+1A0097_032 f 0.00  1.000     0 10.40  0  1 -10.462   2.552   4.952   0.066 -12.993   0.000 +1E138M000t
00033 LYS+1A0097_033 f 0.00  1.000     0 10.40  0  1 -10.127   2.429   5.311   0.082 -12.923   0.000 +1E139M000t
00034 LYS+1A0097_034 f 0.00  1.000     0 10.40  0  1  -9.916   1.171   1.925   0.081 -12.811   0.000 +1T007M000t
00035 LYS+1A0097_035 f 0.00  1.000     0 10.40  0  1  -9.506   0.986   1.807  -0.252 -12.501   0.000 +1T017M000t
00036 LYS+1A0097_036 f 0.00  1.000     0 10.40  0  1 -10.254   0.913   1.651   0.102 -12.886   0.000 +1T062M000t
00037 LYS+1A0097_037 f 0.00  1.000     0 10.40  0  1 -12.173   5.376   3.937   0.092 -12.839   0.000 +1T06BM000t
00038 LYS+1A0097_038 f 0.00  1.000     0 10.40  0  1 -10.594   1.466   2.152   0.034 -12.977   0.000 +1T0A3M000t
00039 LYS+1A0097_039 f 0.00  1.000     0 10.40  0  1  -9.872   1.183   2.218   0.020 -12.980   0.000 +1T0EAM000t
00040 LYS+1A0097_040 f 0.00  1.000     0 10.40  0  1 -11.287   2.188   4.819   0.066 -12.919   0.000 +1T130M000t
