   confID        vdw0    sas     sum
LYS01A0097_001   1.080 -12.801 -11.721
LYS01A0097_002   2.773 -12.888 -10.115
LYS01A0097_003   2.076 -11.433  -9.357
LYS01A0097_004   2.286 -12.418 -10.132
LYS01A0097_005   2.110 -12.978 -10.868
LYS01A0097_006   1.818 -12.372 -10.555
LYS01A0097_007   2.133 -12.408 -10.275
LYS01A0097_008   2.909 -12.572  -9.663
LYS01A0097_009   2.603 -12.570  -9.966
LYS01A0097_010   1.995 -12.137 -10.142
LYS01A0097_011   1.834 -12.727 -10.893
LYS01A0097_012   0.934 -12.827 -11.893
LYS01A0097_013   0.508 -12.702 -12.193
LYS01A0097_014   1.580 -12.591 -11.011
LYS01A0097_015   1.649 -13.190 -11.542
LYS01A0097_016   2.630 -12.608  -9.977
LYS01A0097_017   1.545 -12.682 -11.137
LYS01A0097_018   1.853 -13.056 -11.203
LYS01A0097_019   1.913 -12.356 -10.444
LYS01A0097_020   2.683 -12.795 -10.112
LYS+1A0097_021   1.020 -12.801 -11.781
LYS+1A0097_022   2.762 -12.872 -10.110
LYS+1A0097_023   1.963 -12.121 -10.157
LYS+1A0097_024   1.796 -12.727 -10.931
LYS+1A0097_025   0.867 -12.775 -11.909
LYS+1A0097_026   2.076 -12.926 -10.850
LYS+1A0097_027   1.526 -12.607 -11.081
LYS+1A0097_028   1.594 -13.152 -11.558
LYS+1A0097_029   2.055 -12.437 -10.383
LYS+1A0097_030   2.850 -12.640  -9.789
LYS+1A0097_031   1.506 -12.512 -11.005
LYS+1A0097_032   1.898 -12.360 -10.462
LYS+1A0097_033   2.668 -12.795 -10.127
LYS+1A0097_034   2.586 -12.502  -9.916
LYS+1A0097_035   2.068 -11.575  -9.506
LYS+1A0097_036   2.177 -12.431 -10.254
LYS+1A0097_037   0.465 -12.638 -12.173
LYS+1A0097_038   1.779 -12.372 -10.594
LYS+1A0097_039   2.561 -12.434  -9.872
LYS+1A0097_040   1.821 -13.107 -11.287
