iConf CONFORMER     FL  occ    crg   Em0  pKa0 ne nH    vdw0    vdw1    tors    epol   dsolv   extra    history
00001 ARG01A0105_001 f 0.00  0.000     0  0.00  0  0 -13.126   0.768   0.587  -0.113  -0.591   0.000 01O000M000t
00002 ARG01A0105_002 f 0.00  0.000     0  0.00  0  0 -12.385   0.899   3.280  -0.005  -0.642   0.000 01E014M000t
00003 ARG01A0105_003 f 0.00  0.000     0  0.00  0  0 -10.265   0.801   3.794   0.028  -0.599   0.000 01E01DM000t
00004 ARG01A0105_004 f 0.00  0.000     0  0.00  0  0 -14.059   2.037   3.378  -0.004  -0.635   0.000 01E05BM000t
00005 ARG01A0105_005 f 0.00  0.000     0  0.00  0  0 -12.328   0.619   3.195   0.007  -0.628   0.000 01E098M000t
00006 ARG01A0105_006 f 0.00  0.000     0  0.00  0  0  -6.957   0.408   2.917  -0.025  -0.586   0.000 01E09EM000t
00007 ARG01A0105_007 f 0.00  0.000     0  0.00  0  0 -11.054   0.655   3.920   0.041  -0.612   0.000 01E0B1M000t
00008 ARG01A0105_008 f 0.00  0.000     0  0.00  0  0 -10.382   0.355   3.734   0.093  -0.604   0.000 01E0B2M000t
00009 ARG01A0105_009 f 0.00  0.000     0  0.00  0  0 -12.832   1.102   6.009  -0.017  -0.611   0.000 01E0D8M000t
00010 ARG01A0105_010 f 0.00  0.000     0  0.00  0  0 -12.865   0.456   3.041  -0.010  -0.628   0.000 01E0E7M000t
00011 ARG01A0105_011 f 0.00  0.000     0  0.00  0  0 -10.880   0.880   3.793   0.006  -0.643   0.000 01E0F6M000t
00012 ARG01A0105_012 f 0.00  0.000     0  0.00  0  0 -12.952   3.985   5.936  -0.008  -0.629   0.000 01E10BM000t
00013 ARG01A0105_013 f 0.00  0.000     0  0.00  0  0 -11.332   0.257   3.070   0.002  -0.606   0.000 01T02DM000t
00014 ARG01A0105_014 f 0.00  0.000     0  0.00  0  0 -11.846   1.087   3.250   0.016  -0.633   0.000 01T033M000t
00015 ARG01A0105_015 f 0.00  0.000     0  0.00  0  0 -10.745   0.749   3.808  -0.005  -0.615   0.000 01T040M000t
00016 ARG01A0105_016 f 0.00  0.000     0  0.00  0  0 -13.037   1.048   0.591   0.002  -0.666   0.000 01T066M000t
00017 ARG01A0105_017 f 0.00  0.000     0  0.00  0  0 -12.338   0.594   3.150   0.015  -0.641   0.000 01T0A5M000t
00018 ARG01A0105_018 f 0.00  0.000     0  0.00  0  0 -11.300   1.349   3.866  -0.047  -0.578   0.000 01T0B5M000t
00019 ARG01A0105_019 f 0.00  0.000     0  0.00  0  0 -11.228   0.695   3.813   0.016  -0.608   0.000 01T0E4M000t
00020 ARG01A0105_020 f 0.00  0.000     0  0.00  0  0 -12.914   0.837   0.500  -0.009  -0.617   0.000 01T12BM000t
00021 ARG02A0105_021 f 0.00  0.000     0  0.00  0  0  -7.135   0.444   2.882   0.003  -0.532   0.000 02E09EM000t
00022 ARG02A0105_022 f 0.00  0.000     0  0.00  0  0 -12.306   0.702   2.862   0.001  -0.583   0.000 02E0A5M000t
00023 ARG02A0105_023 f 0.00  0.000     0  0.00  0  0 -12.882   1.194   5.938   0.011  -0.543   0.000 02E0D8M000t
00024 ARG02A0105_024 f 0.00  0.000     0  0.00  0  0 -13.049   0.846   0.587   0.102  -0.545   0.000 02O000M000t
00025 ARG02A0105_025 f 0.00  0.000     0  0.00  0  0 -10.206   0.215   3.738   0.003  -0.538   0.000 02E0B2M000t
00026 ARG02A0105_026 f 0.00  0.000     0  0.00  0  0 -11.264   0.722   3.795   0.006  -0.574   0.000 02E0E4M000t
00027 ARG02A0105_027 f 0.00  0.000     0  0.00  0  0 -11.973   1.052   3.248   0.031  -0.555   0.000 02T033M000t
00028 ARG02A0105_028 f 0.00  0.000     0  0.00  0  0 -13.249   0.873   0.514   0.023  -0.561   0.000 02T066M000t
00029 ARG02A0105_029 f 0.00  0.000     0  0.00  0  0 -10.204   0.756   3.798  -0.009  -0.579   0.000 02T01DM000t
00030 ARG02A0105_030 f 0.00  0.000     0  0.00  0  0 -11.524   0.261   3.064  -0.019  -0.564   0.000 02T02DM000t
00031 ARG02A0105_031 f 0.00  0.000     0  0.00  0  0 -13.962   1.525   3.278   0.032  -0.626   0.000 02T05BM000t
00032 ARG02A0105_032 f 0.00  0.000     0  0.00  0  0 -12.206   0.682   2.881  -0.005  -0.577   0.000 02T098M000t
00033 ARG02A0105_033 f 0.00  0.000     0  0.00  0  0 -10.894   0.506   3.635  -0.012  -0.619   0.000 02T0B1M000t
00034 ARG02A0105_034 f 0.00  0.000     0  0.00  0  0 -11.389   1.309   3.786  -0.002  -0.564   0.000 02T0B5M000t
00035 ARG02A0105_035 f 0.00  0.000     0  0.00  0  0 -12.441   0.449   3.014  -0.004  -0.581   0.000 02T0E7M000t
00036 ARG02A0105_036 f 0.00  0.000     0  0.00  0  0 -12.485   0.860   3.224   0.028  -0.576   0.000 02T014M000t
00037 ARG02A0105_037 f 0.00  0.000     0  0.00  0  0 -10.787   0.752   3.742   0.002  -0.595   0.000 02T040M000t
00038 ARG02A0105_038 f 0.00  0.000     0  0.00  0  0 -10.861   0.860   3.789  -0.001  -0.592   0.000 02T0F6M000t
00039 ARG02A0105_039 f 0.00  0.000     0  0.00  0  0 -12.682   3.967   5.767   0.002  -0.582   0.000 02T10BM000t
00040 ARG02A0105_040 f 0.00  0.000     0  0.00  0  0 -12.857   0.822   0.457   0.013  -0.597   0.000 02T12BM000t
00041 ARG03A0105_041 f 0.00  0.000     0  0.00  0  0 -10.372   0.226   3.730   0.084  -0.503   0.000 03E0B2M000t
00042 ARG03A0105_042 f 0.00  0.000     0  0.00  0  0 -11.558   1.312   3.783  -0.003  -0.510   0.000 03E0B5M000t
00043 ARG03A0105_043 f 0.00  0.000     0  0.00  0  0 -10.823   0.862   3.787   0.008  -0.541   0.000 03E0F6M000t
00044 ARG03A0105_044 f 0.00  0.000     0  0.00  0  0 -13.144   0.766   0.587  -0.107  -0.517   0.000 03O000M000t
00045 ARG03A0105_045 f 0.00  0.000     0  0.00  0  0 -10.307   0.758   3.797   0.021  -0.538   0.000 03E01DM000t
00046 ARG03A0105_046 f 0.00  0.000     0  0.00  0  0 -11.452   0.253   3.069   0.002  -0.541   0.000 03E02DM000t
00047 ARG03A0105_047 f 0.00  0.000     0  0.00  0  0 -12.074   1.044   3.250   0.021  -0.535   0.000 03E033M000t
00048 ARG03A0105_048 f 0.00  0.000     0  0.00  0  0 -12.650   0.853   3.224   0.003  -0.538   0.000 03T014M000t
00049 ARG03A0105_049 f 0.00  0.000     0  0.00  0  0 -13.279   0.881   0.513   0.019  -0.558   0.000 03T066M000t
00050 ARG03A0105_050 f 0.00  0.000     0  0.00  0  0 -12.198   0.687   2.878   0.003  -0.549   0.000 03T098M000t
00051 ARG03A0105_051 f 0.00  0.000     0  0.00  0  0  -7.152   0.456   2.876   0.001  -0.522   0.000 03T09EM000t
00052 ARG03A0105_052 f 0.00  0.000     0  0.00  0  0 -12.819   1.188   5.932   0.004  -0.537   0.000 03T0D8M000t
00053 ARG03A0105_053 f 0.00  0.000     0  0.00  0  0 -10.781   0.758   3.747   0.002  -0.548   0.000 03T040M000t
00054 ARG03A0105_054 f 0.00  0.000     0  0.00  0  0 -11.007   0.506   3.640   0.030  -0.557   0.000 03T0B1M000t
00055 ARG03A0105_055 f 0.00  0.000     0  0.00  0  0 -12.718   0.446   3.006  -0.004  -0.557   0.000 03T0E7M000t
00056 ARG03A0105_056 f 0.00  0.000     0  0.00  0  0 -14.066   1.515   3.276  -0.000  -0.566   0.000 03T05BM000t
00057 ARG03A0105_057 f 0.00  0.000     0  0.00  0  0 -12.415   0.706   2.853   0.007  -0.578   0.000 03T0A5M000t
00058 ARG03A0105_058 f 0.00  0.000     0  0.00  0  0 -11.281   0.716   3.793   0.019  -0.558   0.000 03T0E4M000t
00059 ARG03A0105_059 f 0.00  0.000     0  0.00  0  0 -12.751   3.968   5.765  -0.002  -0.566   0.000 03T10BM000t
00060 ARG03A0105_060 f 0.00  0.000     0  0.00  0  0 -12.963   0.825   0.458   0.004  -0.563   0.000 03T12BM000t
00061 ARG+1A0105_061 f 0.00  1.000     0 12.50  0  1 -13.187   0.765   0.587  -0.155  -2.481   0.000 +1O000M000t
00062 ARG+1A0105_062 f 0.00  1.000     0 12.50  0  1 -12.674   0.854   3.227   0.014  -2.547   0.000 +1E014M000t
00063 ARG+1A0105_063 f 0.00  1.000     0 12.50  0  1 -11.569   0.252   3.071   0.073  -2.518   0.000 +1E02DM000t
00064 ARG+1A0105_064 f 0.00  1.000     0 12.50  0  1 -12.040   1.044   3.250   0.066  -2.539   0.000 +1E033M000t
00065 ARG+1A0105_065 f 0.00  1.000     0 12.50  0  1 -10.885   0.753   3.751   0.080  -2.531   0.000 +1E040M000t
00066 ARG+1A0105_066 f 0.00  1.000     0 12.50  0  1 -14.043   1.511   3.281   0.008  -2.536   0.000 +1E05BM000t
00067 ARG+1A0105_067 f 0.00  1.000     0 12.50  0  1 -12.303   0.682   2.882   0.034  -2.552   0.000 +1E098M000t
00068 ARG+1A0105_068 f 0.00  1.000     0 12.50  0  1 -12.399   0.701   2.857   0.021  -2.568   0.000 +1E0A5M000t
00069 ARG+1A0105_069 f 0.00  1.000     0 12.50  0  1 -11.038   0.502   3.639  -0.015  -2.545   0.000 +1E0B1M000t
00070 ARG+1A0105_070 f 0.00  1.000     0 12.50  0  1 -11.568   1.312   3.790   0.137  -2.485   0.000 +1E0B5M000t
00071 ARG+1A0105_071 f 0.00  1.000     0 12.50  0  1 -10.860   0.864   3.789   0.053  -2.573   0.000 +1E0F6M000t
00072 ARG+1A0105_072 f 0.00  1.000     0 12.50  0  1 -12.787   3.967   5.765   0.059  -2.555   0.000 +1E10BM000t
00073 ARG+1A0105_073 f 0.00  1.000     0 12.50  0  1 -12.893   0.826   0.461   0.082  -2.516   0.000 +1E12BM000t
00074 ARG+1A0105_074 f 0.00  1.000     0 12.50  0  1 -10.343   0.752   3.798   0.059  -2.515   0.000 +1T01DM000t
00075 ARG+1A0105_075 f 0.00  1.000     0 12.50  0  1 -13.313   0.879   0.518   0.082  -2.562   0.000 +1T066M000t
00076 ARG+1A0105_076 f 0.00  1.000     0 12.50  0  1  -7.146   0.449   2.901   0.074  -2.481   0.000 +1T09EM000t
00077 ARG+1A0105_077 f 0.00  1.000     0 12.50  0  1 -10.447   0.213   3.739   0.055  -2.525   0.000 +1T0B2M000t
00078 ARG+1A0105_078 f 0.00  1.000     0 12.50  0  1 -12.863   1.190   5.937   0.000  -2.498   0.000 +1T0D8M000t
00079 ARG+1A0105_079 f 0.00  1.000     0 12.50  0  1 -11.379   0.718   3.795   0.075  -2.530   0.000 +1T0E4M000t
00080 ARG+1A0105_080 f 0.00  1.000     0 12.50  0  1 -12.629   0.447   3.018   0.064  -2.543   0.000 +1T0E7M000t
