CONFORMER         crg  vdw0  vdw1  tors  epol  self   occ  Hb     history    ASA
ARG01A0105_001  0.000-13.12  0.77  0.59  0.00-11.77 0.501  00  01O000M000  1.000
ARG01A0105_002  0.000-12.39  0.90  3.28  0.00 -8.21 0.501  00  01E014M000  1.000
ARG01A0105_003  0.000-10.27  0.80  3.79  0.00 -5.67 0.502  00  01E01DM000  1.000
ARG01A0105_004  0.000-14.06  2.04  3.38  0.00 -8.65 0.501  00  01E05BM000  1.000
ARG01A0105_005  0.000-12.33  0.62  3.20  0.00 -8.51 0.501  00  01E098M000  1.000
ARG01A0105_006  0.000 -6.96  0.41  2.92  0.00 -3.63 0.501  00  01E09EM000  1.000
ARG01A0105_007  0.000-11.06  0.66  3.92  0.00 -6.48 0.502  00  01E0B1M000  1.000
ARG01A0105_008  0.000-10.39  0.36  3.73  0.00 -6.30 0.502  00  01E0B2M000  1.000
ARG01A0105_009  0.000-12.83  1.10  6.01  0.00 -5.72 0.502  00  01E0D8M000  1.000
ARG01A0105_010  0.000-12.86  0.46  3.04  0.00 -9.36 0.501  00  01E0E7M000  1.000
ARG01A0105_011  0.000-10.88  0.88  3.79  0.00 -6.21 0.502  00  01E0F6M000  1.000
ARG01A0105_012  0.000-12.95  3.99  5.94  0.00 -3.02 0.502  00  01E10BM000  1.000
ARG01A0105_013  0.000-11.34  0.26  3.07  0.00 -8.01 0.501  00  01T02DM000  1.000
ARG01A0105_014  0.000-11.85  1.09  3.25  0.00 -7.52 0.502  00  01T033M000  1.000
ARG01A0105_015  0.000-10.74  0.75  3.81  0.00 -6.18 0.502  00  01T040M000  1.000
ARG01A0105_016  0.000-12.97  1.05  0.59  0.00-11.33 0.502  00  01T066M000  1.000
ARG01A0105_017  0.000-12.33  0.59  3.15  0.00 -8.59 0.501  00  01T0A5M000  1.000
ARG01A0105_018  0.000-11.36  1.35  3.87  0.00 -6.15 0.502  00  01T0B5M000  1.000
ARG01A0105_019  0.000-11.22  0.69  3.81  0.00 -6.71 0.502  00  01T0E4M000  1.000
ARG01A0105_020  0.000-12.91  0.84  0.50  0.00-11.58 0.502  00  01T12BM000  1.000
ARG02A0105_021  0.000 -7.13  0.44  2.88  0.00 -3.81 0.501  00  02E09EM000  1.000
ARG02A0105_022  0.000-12.31  0.70  2.86  0.00 -8.75 0.501  00  02E0A5M000  1.000
ARG02A0105_023  0.000-12.89  1.20  5.94  0.00 -5.76 0.502  00  02E0D8M000  1.000
ARG02A0105_024  0.000-13.05  0.85  0.59  0.00-11.61 0.501  00  02O000M000  1.000
ARG02A0105_025  0.000-10.20  0.21  3.74  0.00 -6.25 0.502  00  02E0B2M000  1.000
ARG02A0105_026  0.000-11.25  0.72  3.80  0.00 -6.74 0.502  00  02E0E4M000  1.000
ARG02A0105_027  0.000-11.98  1.05  3.25  0.00 -7.68 0.502  00  02T033M000  1.000
ARG02A0105_028  0.000-13.25  0.88  0.51  0.00-11.86 0.502  00  02T066M000  1.000
ARG02A0105_029  0.000-10.21  0.76  3.80  0.00 -5.65 0.502  00  02T01DM000  1.000
ARG02A0105_030  0.000-11.53  0.26  3.06  0.00 -8.20 0.501  00  02T02DM000  1.000
ARG02A0105_031  0.000-13.96  1.52  3.28  0.00 -9.16 0.501  00  02T05BM000  1.000
ARG02A0105_032  0.000-12.21  0.69  2.88  0.00 -8.64 0.501  00  02T098M000  1.000
ARG02A0105_033  0.000-10.89  0.51  3.63  0.00 -6.75 0.502  00  02T0B1M000  1.000
ARG02A0105_034  0.000-11.39  1.31  3.79  0.00 -6.29 0.502  00  02T0B5M000  1.000
ARG02A0105_035  0.000-12.44  0.45  3.01  0.00 -8.98 0.501  00  02T0E7M000  1.000
ARG02A0105_036  0.000-12.49  0.86  3.22  0.00 -8.40 0.501  00  02T014M000  1.000
ARG02A0105_037  0.000-10.74  0.75  3.74  0.00 -6.24 0.502  00  02T040M000  1.000
ARG02A0105_038  0.000-10.80  0.86  3.79  0.00 -6.16 0.502  00  02T0F6M000  1.000
ARG02A0105_039  0.000-12.68  3.96  5.77  0.00 -2.95 0.502  00  02T10BM000  1.000
ARG02A0105_040  0.000-12.86  0.83  0.46  0.00-11.57 0.502  00  02T12BM000  1.000
ARG03A0105_041  0.000-10.38  0.22  3.73  0.00 -6.42 0.502  00  03E0B2M000  1.000
ARG03A0105_042  0.000-11.63  1.32  3.78  0.00 -6.53 0.502  00  03E0B5M000  1.000
ARG03A0105_043  0.000-10.88  0.86  3.79  0.00 -6.23 0.502  00  03E0F6M000  1.000
ARG03A0105_044  0.000-13.14  0.77  0.59  0.00-11.79 0.501  00  03O000M000  1.000
ARG03A0105_045  0.000-10.31  0.76  3.80  0.00 -5.76 0.502  00  03E01DM000  1.000
ARG03A0105_046  0.000-11.46  0.25  3.07  0.00 -8.14 0.501  00  03E02DM000  1.000
ARG03A0105_047  0.000-12.08  1.04  3.25  0.00 -7.79 0.502  00  03E033M000  1.000
ARG03A0105_048  0.000-12.65  0.85  3.22  0.00 -8.57 0.501  00  03T014M000  1.000
ARG03A0105_049  0.000-13.28  0.88  0.51  0.00-11.89 0.502  00  03T066M000  1.000
ARG03A0105_050  0.000-12.20  0.69  2.88  0.00 -8.64 0.501  00  03T098M000  1.000
ARG03A0105_051  0.000 -7.16  0.46  2.88  0.00 -3.83 0.501  00  03T09EM000  1.000
ARG03A0105_052  0.000-12.82  1.19  5.93  0.00 -5.70 0.502  00  03T0D8M000  1.000
ARG03A0105_053  0.000-10.78  0.76  3.75  0.00 -6.28 0.502  00  03T040M000  1.000
ARG03A0105_054  0.000-11.00  0.51  3.64  0.00 -6.86 0.502  00  03T0B1M000  1.000
ARG03A0105_055  0.000-12.71  0.44  3.01  0.00 -9.27 0.501  00  03T0E7M000  1.000
ARG03A0105_056  0.000-14.06  1.51  3.28  0.00 -9.27 0.501  00  03T05BM000  1.000
ARG03A0105_057  0.000-12.41  0.71  2.85  0.00 -8.85 0.501  00  03T0A5M000  1.000
ARG03A0105_058  0.000-11.29  0.72  3.79  0.00 -6.78 0.502  00  03T0E4M000  1.000
ARG03A0105_059  0.000-12.75  3.96  5.76  0.00 -3.02 0.502  00  03T10BM000  1.000
ARG03A0105_060  0.000-12.97  0.82  0.46  0.00-11.68 0.502  00  03T12BM000  1.000
ARG+1A0105_061  1.000-13.19  0.77  0.59  0.00-11.83 0.501  00  +1O000M000  1.000
ARG+1A0105_062  1.000-12.68  0.86  3.23  0.00 -8.60 0.501  00  +1E014M000  1.000
ARG+1A0105_063  1.000-11.57  0.25  3.07  0.00 -8.24 0.501  00  +1E02DM000  1.000
ARG+1A0105_064  1.000-12.05  1.04  3.25  0.00 -7.75 0.502  00  +1E033M000  1.000
ARG+1A0105_065  1.000-10.89  0.75  3.75  0.00 -6.38 0.502  00  +1E040M000  1.000
ARG+1A0105_066  1.000-14.04  1.51  3.28  0.00 -9.25 0.501  00  +1E05BM000  1.000
ARG+1A0105_067  1.000-12.31  0.68  2.88  0.00 -8.74 0.501  00  +1E098M000  1.000
ARG+1A0105_068  1.000-12.46  0.70  2.86  0.00 -8.90 0.501  00  +1E0A5M000  1.000
ARG+1A0105_069  1.000-11.04  0.50  3.64  0.00 -6.91 0.502  00  +1E0B1M000  1.000
ARG+1A0105_070  1.000-11.57  1.31  3.79  0.00 -6.47 0.502  00  +1E0B5M000  1.000
ARG+1A0105_071  1.000-10.85  0.86  3.79  0.00 -6.20 0.502  00  +1E0F6M000  1.000
ARG+1A0105_072  1.000-12.79  3.96  5.77  0.00 -3.06 0.502  00  +1E10BM000  1.000
ARG+1A0105_073  1.000-12.89  0.83  0.46  0.00-11.60 0.502  00  +1E12BM000  1.000
ARG+1A0105_074  1.000-10.33  0.75  3.80  0.00 -5.78 0.502  00  +1T01DM000  1.000
ARG+1A0105_075  1.000-13.31  0.88  0.52  0.00-11.91 0.502  00  +1T066M000  1.000
ARG+1A0105_076  1.000 -7.14  0.45  2.90  0.00 -3.79 0.501  00  +1T09EM000  1.000
ARG+1A0105_077  1.000-10.46  0.21  3.74  0.00 -6.50 0.502  00  +1T0B2M000  1.000
ARG+1A0105_078  1.000-12.86  1.19  5.94  0.00 -5.74 0.502  00  +1T0D8M000  1.000
ARG+1A0105_079  1.000-11.38  0.72  3.80  0.00 -6.86 0.502  00  +1T0E4M000  1.000
ARG+1A0105_080  1.000-12.63  0.45  3.02  0.00 -9.17 0.501  00  +1T0E7M000  1.000
