   confID        vdw0    sas     sum
ARG01A0105_001   1.215 -14.341 -13.126
ARG01A0105_002   1.913 -14.299 -12.385
ARG01A0105_003   3.301 -13.565 -10.265
ARG01A0105_004   0.829 -14.887 -14.059
ARG01A0105_005   1.772 -14.101 -12.328
ARG01A0105_006   6.798 -13.755  -6.957
ARG01A0105_007   3.263 -14.317 -11.054
ARG01A0105_008   3.564 -13.946 -10.382
ARG01A0105_009   1.851 -14.683 -12.832
ARG01A0105_010   2.231 -15.097 -12.865
ARG01A0105_011   3.754 -14.634 -10.880
ARG01A0105_012   1.927 -14.879 -12.952
ARG01A0105_013   2.265 -13.597 -11.332
ARG01A0105_014   2.111 -13.956 -11.846
ARG01A0105_015   3.560 -14.305 -10.745
ARG01A0105_016   1.554 -14.591 -13.037
ARG01A0105_017   1.895 -14.233 -12.338
ARG01A0105_018   2.958 -14.258 -11.300
ARG01A0105_019   3.606 -14.834 -11.228
ARG01A0105_020   1.684 -14.598 -12.914
ARG02A0105_021   6.755 -13.890  -7.135
ARG02A0105_022   1.833 -14.140 -12.306
ARG02A0105_023   1.772 -14.654 -12.882
ARG02A0105_024   1.292 -14.341 -13.049
ARG02A0105_025   3.676 -13.882 -10.206
ARG02A0105_026   3.647 -14.911 -11.264
ARG02A0105_027   2.071 -14.044 -11.973
ARG02A0105_028   1.418 -14.667 -13.249
ARG02A0105_029   3.425 -13.630 -10.204
ARG02A0105_030   2.404 -13.928 -11.524
ARG02A0105_031   1.006 -14.968 -13.962
ARG02A0105_032   2.107 -14.313 -12.206
ARG02A0105_033   3.314 -14.208 -10.894
ARG02A0105_034   3.001 -14.390 -11.389
ARG02A0105_035   2.292 -14.733 -12.441
ARG02A0105_036   1.965 -14.450 -12.485
ARG02A0105_037   3.590 -14.377 -10.787
ARG02A0105_038   3.793 -14.654 -10.861
ARG02A0105_039   2.159 -14.841 -12.682
ARG02A0105_040   1.661 -14.518 -12.857
ARG03A0105_041   3.575 -13.946 -10.372
ARG03A0105_042   2.896 -14.454 -11.558
ARG03A0105_043   3.695 -14.519 -10.823
ARG03A0105_044   1.197 -14.341 -13.144
ARG03A0105_045   3.259 -13.565 -10.307
ARG03A0105_046   2.277 -13.728 -11.452
ARG03A0105_047   2.033 -14.108 -12.074
ARG03A0105_048   1.851 -14.502 -12.650
ARG03A0105_049   1.389 -14.667 -13.279
ARG03A0105_050   2.051 -14.248 -12.198
ARG03A0105_051   6.722 -13.874  -7.152
ARG03A0105_052   1.771 -14.590 -12.819
ARG03A0105_053   3.483 -14.264 -10.781
ARG03A0105_054   3.249 -14.256 -11.007
ARG03A0105_055   2.192 -14.910 -12.718
ARG03A0105_056   0.963 -15.029 -14.066
ARG03A0105_057   1.824 -14.239 -12.415
ARG03A0105_058   3.583 -14.863 -11.281
ARG03A0105_059   2.090 -14.841 -12.751
ARG03A0105_060   1.615 -14.579 -12.963
ARG+1A0105_061   1.154 -14.341 -13.187
ARG+1A0105_062   1.824 -14.498 -12.674
ARG+1A0105_063   2.227 -13.796 -11.569
ARG+1A0105_064   2.004 -14.044 -12.040
ARG+1A0105_065   3.443 -14.329 -10.885
ARG+1A0105_066   0.922 -14.964 -14.043
ARG+1A0105_067   2.010 -14.313 -12.303
ARG+1A0105_068   1.789 -14.188 -12.399
ARG+1A0105_069   3.215 -14.253 -11.038
ARG+1A0105_070   2.886 -14.454 -11.568
ARG+1A0105_071   3.659 -14.519 -10.860
ARG+1A0105_072   2.054 -14.841 -12.787
ARG+1A0105_073   1.557 -14.450 -12.893
ARG+1A0105_074   3.222 -13.565 -10.343
ARG+1A0105_075   1.354 -14.667 -13.313
ARG+1A0105_076   6.728 -13.874  -7.146
ARG+1A0105_077   3.564 -14.010 -10.447
ARG+1A0105_078   1.727 -14.590 -12.863
ARG+1A0105_079   3.532 -14.911 -11.379
ARG+1A0105_080   2.168 -14.797 -12.629
