iConf CONFORMER     FL  occ    crg   Em0  pKa0 ne nH    vdw0    vdw1    tors    epol   dsolv   extra    history
00001 LYS01A0063_001 f 0.00  0.000     0  0.00  0  0 -11.333   1.608   1.104  -0.008  -0.490   0.000 01O000M000t
00002 LYS01A0063_002 f 0.00  0.000     0  0.00  0  0 -10.687   1.053   4.224  -0.003  -0.545   0.000 01E069M000t
00003 LYS01A0063_003 f 0.00  0.000     0  0.00  0  0  -9.365   0.708   3.710  -0.001  -0.506   0.000 01E0A0M000t
00004 LYS01A0063_004 f 0.00  0.000     0  0.00  0  0  -9.221   1.121   1.744   0.015  -0.494   0.000 01E0DBM000t
00005 LYS01A0063_005 f 0.00  0.000     0  0.00  0  0  -9.487   0.696   5.821  -0.016  -0.579   0.000 01E0FEM000t
00006 LYS01A0063_006 f 0.00  0.000     0  0.00  0  0  -9.255   1.211   6.410  -0.003  -0.502   0.000 01E10CM000t
00007 LYS01A0063_007 f 0.00  0.000     0  0.00  0  0  -7.731   0.757   1.913  -0.010  -0.474   0.000 01E133M000t
00008 LYS01A0063_008 f 0.00  0.000     0  0.00  0  0  -9.886   0.763   1.431  -0.013  -0.505   0.000 01E14AM000t
00009 LYS01A0063_009 f 0.00  0.000     0  0.00  0  0  -5.161  -0.053   1.348  -0.017  -0.480   0.000 01T018M000t
00010 LYS01A0063_010 f 0.00  0.000     0  0.00  0  0  -7.680   0.846   1.974  -0.009  -0.502   0.000 01T03EM000t
00011 LYS01A0063_011 f 0.00  0.000     0  0.00  0  0 -10.847   0.902   3.724  -0.011  -0.494   0.000 01T047M000t
00012 LYS01A0063_012 f 0.00  0.000     0  0.00  0  0 -12.174   4.793   3.735  -0.007  -0.529   0.000 01T04EM000t
00013 LYS01A0063_013 f 0.00  0.000     0  0.00  0  0 -11.397   0.793   3.250  -0.007  -0.489   0.000 01T082M000t
00014 LYS01A0063_014 f 0.00  0.000     0  0.00  0  0 -10.203   0.162   3.772  -0.006  -0.523   0.000 01T0AAM000t
00015 LYS01A0063_015 f 0.00  0.000     0  0.00  0  0 -10.736   1.279   1.769   0.007  -0.524   0.000 01T0D9M000t
00016 LYS01A0063_016 f 0.00  0.000     0  0.00  0  0  -9.331   1.493   1.730  -0.006  -0.528   0.000 01T0E2M000t
00017 LYS01A0063_017 f 0.00  0.000     0  0.00  0  0  -8.052   0.630   4.060  -0.009  -0.536   0.000 01T119M000t
00018 LYS01A0063_018 f 0.00  0.000     0  0.00  0  0  -7.793   0.794   1.432   0.230  -0.418   0.000 01T12CM000t
00019 LYS01A0063_019 f 0.00  0.000     0  0.00  0  0  -9.170   0.872   3.729  -0.013  -0.502   0.000 01T138M000t
00020 LYS+1A0063_020 f 0.00  1.000     0 10.40  0  1 -11.408   1.605   1.104   0.011  -7.236   0.000 +1O000M000t
00021 LYS+1A0063_021 f 0.00  1.000     0 10.40  0  1  -7.872   0.845   1.993   0.066  -7.286   0.000 +1E03EM000t
00022 LYS+1A0063_022 f 0.00  1.000     0 10.40  0  1 -12.210   4.822   3.743   0.046  -7.361   0.000 +1E04EM000t
00023 LYS+1A0063_023 f 0.00  1.000     0 10.40  0  1  -9.422   0.700   3.716   0.096  -7.117   0.000 +1E0A0M000t
00024 LYS+1A0063_024 f 0.00  1.000     0 10.40  0  1 -10.326   0.161   3.839   0.051  -7.310   0.000 +1E0AAM000t
00025 LYS+1A0063_025 f 0.00  1.000     0 10.40  0  1 -10.790   1.280   1.778  -0.062  -7.252   0.000 +1E0D9M000t
00026 LYS+1A0063_026 f 0.00  1.000     0 10.40  0  1  -9.273   1.113   1.752  -0.105  -7.122   0.000 +1E0DBM000t
00027 LYS+1A0063_027 f 0.00  1.000     0 10.40  0  1  -9.394   1.497   1.740   0.063  -7.121   0.000 +1E0E2M000t
00028 LYS+1A0063_028 f 0.00  1.000     0 10.40  0  1  -9.429   1.215   6.463   0.101  -7.237   0.000 +1E10CM000t
00029 LYS+1A0063_029 f 0.00  1.000     0 10.40  0  1  -8.265   0.628   4.122   0.044  -7.298   0.000 +1E119M000t
00030 LYS+1A0063_030 f 0.00  1.000     0 10.40  0  1  -5.169  -0.073   1.434   0.120  -7.017   0.000 +1T018M000t
00031 LYS+1A0063_031 f 0.00  1.000     0 10.40  0  1 -10.832   0.900   3.729   0.001  -7.272   0.000 +1T047M000t
00032 LYS+1A0063_032 f 0.00  1.000     0 10.40  0  1 -10.760   1.052   4.227  -0.001  -7.200   0.000 +1T069M000t
00033 LYS+1A0063_033 f 0.00  1.000     0 10.40  0  1 -11.495   0.793   3.306   0.069  -7.277   0.000 +1T082M000t
00034 LYS+1A0063_034 f 0.00  1.000     0 10.40  0  1  -9.639   0.704   5.880   0.093  -7.359   0.000 +1T0FEM000t
00035 LYS+1A0063_035 f 0.00  1.000     0 10.40  0  1  -7.800   0.907   1.435   0.456  -6.895   0.000 +1T12CM000t
00036 LYS+1A0063_036 f 0.00  1.000     0 10.40  0  1  -7.757   0.753   1.915   0.049  -7.120   0.000 +1T133M000t
00037 LYS+1A0063_037 f 0.00  1.000     0 10.40  0  1  -9.029   0.854   3.796   0.101  -7.219   0.000 +1T138M000t
00038 LYS+1A0063_038 f 0.00  1.000     0 10.40  0  1  -9.950   0.766   1.432   0.049  -7.346   0.000 +1T14AM000t
