CONFORMER         crg  vdw0  vdw1  tors  epol  self   occ  Hb     history    ASA
LYS01A0063_001  0.000-11.33  1.60  1.10  0.00 -8.63 0.502  00  01O000M000  1.000
LYS01A0063_002  0.000-10.69  1.06  4.22  0.00 -5.40 0.502  00  01E069M000  1.000
LYS01A0063_003  0.000 -9.36  0.71  3.71  0.00 -4.95 0.501  00  01E0A0M000  1.000
LYS01A0063_004  0.000 -9.26  1.12  1.74  0.00 -6.40 0.502  00  01E0DBM000  1.000
LYS01A0063_005  0.000 -9.49  0.70  5.82  0.00 -2.97 0.502  00  01E0FEM000  1.000
LYS01A0063_006  0.000 -9.25  1.21  6.41  0.00 -1.63 0.502  00  01E10CM000  1.000
LYS01A0063_007  0.000 -7.73  0.76  1.91  0.00 -5.06 0.502  00  01E133M000  1.000
LYS01A0063_008  0.000 -9.89  0.76  1.43  0.00 -7.69 0.501  00  01E14AM000  1.000
LYS01A0063_009  0.000 -5.16 -0.06  1.34  0.00 -3.87 0.502  00  01T018M000  1.000
LYS01A0063_010  0.000 -7.69  0.85  1.97  0.00 -4.86 0.502  00  01T03EM000  1.000
LYS01A0063_011  0.000-10.85  0.90  3.72  0.00 -6.22 0.502  00  01T047M000  1.000
LYS01A0063_012  0.000-12.18  4.79  3.74  0.00 -3.65 0.502  00  01T04EM000  1.000
LYS01A0063_013  0.000-11.40  0.79  3.25  0.00 -7.35 0.501  00  01T082M000  1.000
LYS01A0063_014  0.000-10.25  0.16  3.77  0.00 -6.32 0.501  00  01T0AAM000  1.000
LYS01A0063_015  0.000-10.74  1.28  1.77  0.00 -7.69 0.502  00  01T0D9M000  1.000
LYS01A0063_016  0.000 -9.26  1.49  1.73  0.00 -6.04 0.502  00  01T0E2M000  1.000
LYS01A0063_017  0.000 -8.07  0.63  4.06  0.00 -3.37 0.501  00  01T119M000  1.000
LYS01A0063_018  0.000 -7.78  0.79  1.43  0.00 -5.56 0.501  00  01T12CM000  1.000
LYS01A0063_019  0.000 -9.12  0.87  3.73  0.00 -4.52 0.502  00  01T138M000  1.000
LYS+1A0063_020  1.000-11.41  1.60  1.10  0.00 -8.70 0.502  00  +1O000M000  1.000
LYS+1A0063_021  1.000 -7.88  0.84  1.99  0.00 -5.04 0.502  00  +1E03EM000  1.000
LYS+1A0063_022  1.000-12.21  4.84  3.74  0.00 -3.63 0.502  00  +1E04EM000  1.000
LYS+1A0063_023  1.000 -9.42  0.70  3.71  0.00 -5.01 0.501  00  +1E0A0M000  1.000
LYS+1A0063_024  1.000-10.42  0.16  3.84  0.00 -6.42 0.501  00  +1E0AAM000  1.000
LYS+1A0063_025  1.000-10.79  1.29  1.78  0.00 -7.73 0.502  00  +1E0D9M000  1.000
LYS+1A0063_026  1.000 -9.28  1.11  1.75  0.00 -6.41 0.502  00  +1E0DBM000  1.000
LYS+1A0063_027  1.000 -9.40  1.50  1.74  0.00 -6.16 0.502  00  +1E0E2M000  1.000
LYS+1A0063_028  1.000 -9.43  1.21  6.46  0.00 -1.76 0.502  00  +1E10CM000  1.000
LYS+1A0063_029  1.000 -8.26  0.63  4.12  0.00 -3.50 0.501  00  +1E119M000  1.000
LYS+1A0063_030  1.000 -5.24 -0.07  1.43  0.00 -3.88 0.502  00  +1T018M000  1.000
LYS+1A0063_031  1.000-10.83  0.90  3.73  0.00 -6.20 0.502  00  +1T047M000  1.000
LYS+1A0063_032  1.000-10.76  1.06  4.23  0.00 -5.47 0.502  00  +1T069M000  1.000
LYS+1A0063_033  1.000-11.50  0.79  3.30  0.00 -7.40 0.501  00  +1T082M000  1.000
LYS+1A0063_034  1.000 -9.64  0.70  5.88  0.00 -3.06 0.502  00  +1T0FEM000  1.000
LYS+1A0063_035  1.000 -7.80  0.91  1.43  0.00 -5.46 0.501  00  +1T12CM000  1.000
LYS+1A0063_036  1.000 -7.75  0.75  1.91  0.00 -5.08 0.502  00  +1T133M000  1.000
LYS+1A0063_037  1.000 -9.03  0.85  3.80  0.00 -4.38 0.502  00  +1T138M000  1.000
LYS+1A0063_038  1.000 -9.95  0.76  1.43  0.00 -7.75 0.501  00  +1T14AM000  1.000
