   confID        vdw0    sas     sum
LYS01A0063_001   0.996 -12.328 -11.333
LYS01A0063_002   1.947 -12.635 -10.687
LYS01A0063_003   2.569 -11.933  -9.365
LYS01A0063_004   2.928 -12.149  -9.221
LYS01A0063_005   3.526 -13.013  -9.487
LYS01A0063_006   3.062 -12.316  -9.255
LYS01A0063_007   4.740 -12.471  -7.731
LYS01A0063_008   2.332 -12.218  -9.886
LYS01A0063_009   6.828 -11.989  -5.161
LYS01A0063_010   4.555 -12.235  -7.680
LYS01A0063_011   1.562 -12.409 -10.847
LYS01A0063_012   0.736 -12.910 -12.174
LYS01A0063_013   1.469 -12.866 -11.397
LYS01A0063_014   2.341 -12.544 -10.203
LYS01A0063_015   1.820 -12.556 -10.736
LYS01A0063_016   2.821 -12.152  -9.331
LYS01A0063_017   4.717 -12.769  -8.052
LYS01A0063_018   4.618 -12.411  -7.793
LYS01A0063_019   3.245 -12.415  -9.170
LYS+1A0063_020   0.920 -12.328 -11.408
LYS+1A0063_021   4.465 -12.338  -7.872
LYS+1A0063_022   0.700 -12.910 -12.210
LYS+1A0063_023   2.512 -11.933  -9.422
LYS+1A0063_024   2.321 -12.647 -10.326
LYS+1A0063_025   1.766 -12.556 -10.790
LYS+1A0063_026   2.914 -12.188  -9.273
LYS+1A0063_027   2.794 -12.187  -9.394
LYS+1A0063_028   2.955 -12.384  -9.429
LYS+1A0063_029   4.636 -12.901  -8.265
LYS+1A0063_030   6.752 -11.921  -5.169
LYS+1A0063_031   1.525 -12.358 -10.832
LYS+1A0063_032   1.913 -12.673 -10.760
LYS+1A0063_033   1.423 -12.918 -11.495
LYS+1A0063_034   3.389 -13.029  -9.639
LYS+1A0063_035   4.662 -12.463  -7.800
LYS+1A0063_036   4.714 -12.471  -7.757
LYS+1A0063_037   3.287 -12.315  -9.029
LYS+1A0063_038   2.333 -12.283  -9.950
