CONFORMER         crg  vdw0  vdw1  tors  epol  self   occ  Hb     history    ASA
MET01A0098_001  0.000-11.26  0.87  2.25  0.00 -8.14 0.505  00  01O000M000  1.000
MET01A0098_002  0.000-10.75  0.95  2.71  0.00 -7.09 0.505  00  01R006M000  1.000
MET01A0098_003  0.000-10.65  3.55  1.59  0.00 -5.51 0.506  00  01R008M000  1.000
MET01A0098_004  0.000 -9.87  3.97  2.28  0.00 -3.62 0.507  00  01R00CM000  1.000
MET01A0098_005  0.000-10.40  3.30  3.17  0.00 -3.94 0.506  00  01R00DM000  1.000
MET01A0098_006  0.000-11.98  0.79  4.12  0.00 -7.07 0.506  00  01R011M000  1.000
MET01A0098_007  0.000 -6.83  2.00  2.25  0.00 -2.58 0.506  00  01R018M000  1.000
MET01A0098_008  0.000-11.25  4.76  3.80  0.00 -2.69 0.507  00  01R01CM000  1.000
MET01A0098_009  0.000 -7.08  0.72  2.25  0.00 -4.11 0.506  00  01R026M000  1.000
MET01A0098_010  0.000-11.40  0.93  4.12  0.00 -6.34 0.506  00  01R027M000  1.000
MET01A0098_011  0.000-11.72  1.14  4.59  0.00 -5.99 0.506  00  01R02BM000  1.000
MET01A0098_012  0.000-11.50  1.11  4.59  0.00 -5.80 0.507  00  01R02DM000  1.000
MET01A0098_013  0.000-11.63  1.10  5.35  0.00 -5.17 0.506  00  01R03BM000  1.000
MET01A0098_014  0.000-11.96  4.38  2.51  0.00 -5.07 0.507  00  01R04BM000  1.000
MET01A0098_015  0.000-11.38  2.04  3.53  0.00 -5.81 0.505  00  01R04FM000  1.000
MET01A0098_016  0.000-10.76  2.01  3.00  0.00 -5.75 0.506  00  01T00EM000  1.000
MET01A0098_017  0.000-12.18  3.08  1.27  0.00 -7.82 0.505  00  01T040M000  1.000
MET01A0098_018  0.000-10.32  2.37  2.80  0.00 -5.15 0.506  00  01T04EM000  1.000
MET01A0098_019  0.000-11.69  8.40  3.18  0.00 -0.10 0.505  00  01T052M000  1.000
MET01A0098_020  0.000-11.76  2.97  1.95  0.00 -6.83 0.505  00  01T055M000  1.000
