iConf CONFORMER     FL  occ    crg   Em0  pKa0 ne nH    vdw0    vdw1    tors    epol   dsolv   extra    history
00001 MET01A0098_001 f 0.00  0.000     0  0.00  0  0 -11.258   0.869   2.246   0.023  -0.016   0.000 01O000M000t
00002 MET01A0098_002 f 0.00  0.000     0  0.00  0  0 -10.755   0.953   2.712   0.024  -0.016   0.000 01R006M000t
00003 MET01A0098_003 f 0.00  0.000     0  0.00  0  0 -10.649   3.558   1.592   0.005  -0.016   0.000 01R008M000t
00004 MET01A0098_004 f 0.00  0.000     0  0.00  0  0  -9.875   3.982   2.277   0.008  -0.016   0.000 01R00CM000t
00005 MET01A0098_005 f 0.00  0.000     0  0.00  0  0 -10.395   3.295   3.167  -0.006  -0.016   0.000 01R00DM000t
00006 MET01A0098_006 f 0.00  0.000     0  0.00  0  0 -11.983   0.792   4.125   0.024  -0.016   0.000 01R011M000t
00007 MET01A0098_007 f 0.00  0.000     0  0.00  0  0  -6.821   2.001   2.244   0.015  -0.016   0.000 01R018M000t
00008 MET01A0098_008 f 0.00  0.000     0  0.00  0  0 -11.249   4.757   3.803   0.003  -0.016   0.000 01R01CM000t
00009 MET01A0098_009 f 0.00  0.000     0  0.00  0  0  -7.094   0.725   2.247   0.015  -0.016   0.000 01R026M000t
00010 MET01A0098_010 f 0.00  0.000     0  0.00  0  0 -11.329   0.928   4.124   0.011  -0.016   0.000 01R027M000t
00011 MET01A0098_011 f 0.00  0.000     0  0.00  0  0 -11.723   1.146   4.590   0.020  -0.016   0.000 01R02BM000t
00012 MET01A0098_012 f 0.00  0.000     0  0.00  0  0 -11.503   1.111   4.591   0.023  -0.016   0.000 01R02DM000t
00013 MET01A0098_013 f 0.00  0.000     0  0.00  0  0 -11.624   1.102   5.353   0.015  -0.016   0.000 01R03BM000t
00014 MET01A0098_014 f 0.00  0.000     0  0.00  0  0 -11.959   4.387   2.510  -0.015  -0.016   0.000 01R04BM000t
00015 MET01A0098_015 f 0.00  0.000     0  0.00  0  0 -11.378   2.045   3.525   0.004  -0.016   0.000 01R04FM000t
00016 MET01A0098_016 f 0.00  0.000     0  0.00  0  0 -10.759   2.021   2.996  -0.006  -0.017   0.000 01T00EM000t
00017 MET01A0098_017 f 0.00  0.000     0  0.00  0  0 -12.177   3.084   1.272  -0.003  -0.016   0.000 01T040M000t
00018 MET01A0098_018 f 0.00  0.000     0  0.00  0  0 -10.327   2.369   2.801   0.009  -0.017   0.000 01T04EM000t
00019 MET01A0098_019 f 0.00  0.000     0  0.00  0  0 -11.688   8.412   3.182   0.054  -0.016   0.000 01T052M000t
00020 MET01A0098_020 f 0.00  0.000     0  0.00  0  0 -11.759   2.970   1.952   0.022  -0.016   0.000 01T055M000t
