   confID        vdw0    sas     sum
MET01A0098_001   0.117 -11.375 -11.258
MET01A0098_002   0.938 -11.692 -10.755
MET01A0098_003   0.879 -11.527 -10.649
MET01A0098_004   1.150 -11.024  -9.875
MET01A0098_005   0.915 -11.310 -10.395
MET01A0098_006   0.145 -12.128 -11.983
MET01A0098_007   4.568 -11.389  -6.821
MET01A0098_008   0.060 -11.309 -11.249
MET01A0098_009   4.454 -11.547  -7.094
MET01A0098_010   0.126 -11.455 -11.329
MET01A0098_011   0.196 -11.920 -11.723
MET01A0098_012   0.230 -11.733 -11.503
MET01A0098_013   0.198 -11.822 -11.624
MET01A0098_014  -0.016 -11.942 -11.959
MET01A0098_015   0.078 -11.456 -11.378
MET01A0098_016   0.299 -11.058 -10.759
MET01A0098_017  -0.063 -12.114 -12.177
MET01A0098_018   0.651 -10.978 -10.327
MET01A0098_019   0.083 -11.771 -11.688
MET01A0098_020  -0.028 -11.731 -11.759
