iConf CONFORMER     FL  occ    crg   Em0  pKa0 ne nH    vdw0    vdw1    tors    epol   dsolv   extra    history
00001 LYS01A0134_001 f 0.00  0.000     0  0.00  0  0  -4.053  -0.033   4.119  -0.010  -0.427   0.000 01O000M000t
00002 LYS01A0134_002 f 0.00  0.000     0  0.00  0  0 -10.453  -0.013   2.819  -0.010  -0.423   0.000 01E05DM000t
00003 LYS01A0134_003 f 0.00  0.000     0  0.00  0  0 -10.337   0.557   1.656  -0.013  -0.403   0.000 01E06CM000t
00004 LYS01A0134_004 f 0.00  0.000     0  0.00  0  0 -11.247   0.100   3.015  -0.003  -0.439   0.000 01E07BM000t
00005 LYS01A0134_005 f 0.00  0.000     0  0.00  0  0 -11.172   0.698   5.520  -0.010  -0.416   0.000 01E093M000t
00006 LYS01A0134_006 f 0.00  0.000     0  0.00  0  0 -11.094   1.694   2.390  -0.009  -0.390   0.000 01E180M000t
00007 LYS01A0134_007 f 0.00  0.000     0  0.00  0  0  -8.560   2.587   2.418  -0.022  -0.401   0.000 01E1D6M000t
00008 LYS01A0134_008 f 0.00  0.000     0  0.00  0  0 -11.818   5.631   4.750  -0.010  -0.376   0.000 01T048M000t
00009 LYS01A0134_009 f 0.00  0.000     0  0.00  0  0 -10.904   2.673   2.144  -0.043  -0.350   0.000 01T061M000t
00010 LYS01A0134_010 f 0.00  0.000     0  0.00  0  0 -10.032   0.128   2.002  -0.008  -0.405   0.000 01T07EM000t
00011 LYS01A0134_011 f 0.00  0.000     0  0.00  0  0 -11.284   1.797   3.173  -0.010  -0.407   0.000 01T0A5M000t
00012 LYS01A0134_012 f 0.00  0.000     0  0.00  0  0 -11.078   4.510   2.884   0.014  -0.429   0.000 01T0F1M000t
00013 LYS01A0134_013 f 0.00  0.000     0  0.00  0  0 -10.749  -0.284   2.525  -0.019  -0.359   0.000 01T0F4M000t
00014 LYS01A0134_014 f 0.00  0.000     0  0.00  0  0 -11.508   0.033   3.506  -0.012  -0.423   0.000 01T0F7M000t
00015 LYS01A0134_015 f 0.00  0.000     0  0.00  0  0 -10.253   0.566   3.837  -0.010  -0.399   0.000 01T143M000t
00016 LYS01A0134_016 f 0.00  0.000     0  0.00  0  0 -10.060   2.966   2.174  -0.008  -0.395   0.000 01T171M000t
00017 LYS01A0134_017 f 0.00  0.000     0  0.00  0  0 -11.659   4.262   2.703  -0.008  -0.413   0.000 01T1C3M000t
00018 LYS01A0134_018 f 0.00  0.000     0  0.00  0  0 -11.065   3.088   2.101  -0.037  -0.401   0.000 01T1E1M000t
00019 LYS01A0134_019 f 0.00  0.000     0  0.00  0  0 -11.066   6.857   3.528  -0.063  -0.402   0.000 01T1F1M000t
00020 LYS01A0134_020 f 0.00  0.000     0  0.00  0  0 -11.590   5.439   3.901  -0.010  -0.403   0.000 01T1FEM000t
00021 LYS+1A0134_021 f 0.00  1.000     0 10.40  0  1  -4.133  -0.038   4.119   0.097  -5.801   0.000 +1O000M000t
00022 LYS+1A0134_022 f 0.00  1.000     0 10.40  0  1 -10.002   0.119   2.016   0.017  -5.806   0.000 +1E07EM000t
00023 LYS+1A0134_023 f 0.00  1.000     0 10.40  0  1 -11.264   0.701   5.600   0.062  -5.907   0.000 +1E093M000t
00024 LYS+1A0134_024 f 0.00  1.000     0 10.40  0  1 -11.417   1.797   3.224   0.067  -5.888   0.000 +1E0A5M000t
00025 LYS+1A0134_025 f 0.00  1.000     0 10.40  0  1 -11.101   1.699   2.412   0.065  -5.811   0.000 +1E180M000t
00026 LYS+1A0134_026 f 0.00  1.000     0 10.40  0  1  -8.739   2.625   2.445   0.075  -5.703   0.000 +1E1D6M000t
00027 LYS+1A0134_027 f 0.00  1.000     0 10.40  0  1 -11.940   5.539   4.834   0.081  -5.782   0.000 +1T048M000t
00028 LYS+1A0134_028 f 0.00  1.000     0 10.40  0  1 -10.489  -0.009   2.896   0.058  -5.881   0.000 +1T05DM000t
00029 LYS+1A0134_029 f 0.00  1.000     0 10.40  0  1 -10.890   2.871   2.160   0.082  -5.611   0.000 +1T061M000t
00030 LYS+1A0134_030 f 0.00  1.000     0 10.40  0  1 -10.293   0.556   1.671   0.063  -5.798   0.000 +1T06CM000t
00031 LYS+1A0134_031 f 0.00  1.000     0 10.40  0  1 -11.189   0.091   3.074   0.024  -5.897   0.000 +1T07BM000t
00032 LYS+1A0134_032 f 0.00  1.000     0 10.40  0  1 -11.145   4.906   2.881  -0.069  -5.905   0.000 +1T0F1M000t
00033 LYS+1A0134_033 f 0.00  1.000     0 10.40  0  1 -10.857  -0.326   2.534  -0.205  -5.670   0.000 +1T0F4M000t
00034 LYS+1A0134_034 f 0.00  1.000     0 10.40  0  1 -11.526   0.030   3.597  -0.017  -5.901   0.000 +1T0F7M000t
00035 LYS+1A0134_035 f 0.00  1.000     0 10.40  0  1 -10.218   0.549   3.849   0.118  -5.759   0.000 +1T143M000t
00036 LYS+1A0134_036 f 0.00  1.000     0 10.40  0  1 -10.137   3.009   2.207   0.056  -5.860   0.000 +1T171M000t
00037 LYS+1A0134_037 f 0.00  1.000     0 10.40  0  1 -11.613   4.142   2.732   0.075  -5.880   0.000 +1T1C3M000t
00038 LYS+1A0134_038 f 0.00  1.000     0 10.40  0  1 -11.097   3.050   2.113   0.187  -5.732   0.000 +1T1E1M000t
00039 LYS+1A0134_039 f 0.00  1.000     0 10.40  0  1 -10.980   6.990   3.541   0.266  -5.863   0.000 +1T1F1M000t
00040 LYS+1A0134_040 f 0.00  1.000     0 10.40  0  1 -11.700   5.427   3.932   0.017  -5.904   0.000 +1T1FEM000t
