CONFORMER         crg  vdw0  vdw1  tors  epol  self   occ  Hb     history    ASA
LYS01A0134_001  0.000 -4.06 -0.03  4.12  0.00  0.03 0.501  00  01O000M000  1.000
LYS01A0134_002  0.000-10.46 -0.01  2.82  0.00 -7.65 0.501  00  01E05DM000  1.000
LYS01A0134_003  0.000-10.34  0.56  1.65  0.00 -8.13 0.501  00  01E06CM000  1.000
LYS01A0134_004  0.000-11.25  0.10  3.02  0.00 -8.13 0.501  00  01E07BM000  1.000
LYS01A0134_005  0.000-11.17  0.70  5.52  0.00 -4.95 0.501  00  01E093M000  1.000
LYS01A0134_006  0.000-11.10  1.70  2.39  0.00 -7.01 0.501  00  01E180M000  1.000
LYS01A0134_007  0.000 -8.56  2.59  2.42  0.00 -3.56 0.501  00  01E1D6M000  1.000
LYS01A0134_008  0.000-11.82  5.64  4.75  0.00 -1.43 0.501  00  01T048M000  1.000
LYS01A0134_009  0.000-10.90  2.67  2.14  0.00 -6.09 0.501  00  01T061M000  1.000
LYS01A0134_010  0.000-10.04  0.13  2.00  0.00 -7.90 0.501  00  01T07EM000  1.000
LYS01A0134_011  0.000-11.28  1.80  3.17  0.00 -6.31 0.501  00  01T0A5M000  1.000
LYS01A0134_012  0.000-11.07  4.51  2.88  0.00 -3.68 0.501  00  01T0F1M000  1.000
LYS01A0134_013  0.000-10.75 -0.28  2.52  0.00 -8.51 0.501  00  01T0F4M000  1.000
LYS01A0134_014  0.000-11.45  0.03  3.51  0.00 -7.91 0.501  00  01T0F7M000  1.000
LYS01A0134_015  0.000-10.25  0.56  3.84  0.00 -5.85 0.501  00  01T143M000  1.000
LYS01A0134_016  0.000 -9.99  2.97  2.18  0.00 -4.85 0.501  00  01T171M000  1.000
LYS01A0134_017  0.000-11.66  4.26  2.71  0.00 -4.70 0.501  00  01T1C3M000  1.000
LYS01A0134_018  0.000-11.06  3.09  2.10  0.00 -5.87 0.501  00  01T1E1M000  1.000
LYS01A0134_019  0.000-11.12  6.85  3.53  0.00 -0.74 0.501  00  01T1F1M000  1.000
LYS01A0134_020  0.000-11.59  5.43  3.90  0.00 -2.27 0.501  00  01T1FEM000  1.000
LYS+1A0134_021  1.000 -4.14 -0.04  4.12  0.00 -0.06 0.501  00  +1O000M000  1.000
LYS+1A0134_022  1.000-10.04  0.12  2.02  0.00 -7.91 0.501  00  +1E07EM000  1.000
LYS+1A0134_023  1.000-11.23  0.70  5.60  0.00 -4.93 0.501  00  +1E093M000  1.000
LYS+1A0134_024  1.000-11.42  1.80  3.22  0.00 -6.40 0.501  00  +1E0A5M000  1.000
LYS+1A0134_025  1.000-11.10  1.70  2.41  0.00 -6.99 0.501  00  +1E180M000  1.000
LYS+1A0134_026  1.000 -8.74  2.62  2.44  0.00 -3.67 0.501  00  +1E1D6M000  1.000
LYS+1A0134_027  1.000-12.01  5.54  4.84  0.00 -1.64 0.501  00  +1T048M000  1.000
LYS+1A0134_028  1.000-10.53 -0.01  2.89  0.00 -7.64 0.501  00  +1T05DM000  1.000
LYS+1A0134_029  1.000-10.89  2.87  2.16  0.00 -5.85 0.501  00  +1T061M000  1.000
LYS+1A0134_030  1.000-10.30  0.56  1.67  0.00 -8.07 0.501  00  +1T06CM000  1.000
LYS+1A0134_031  1.000-11.19  0.09  3.07  0.00 -8.03 0.501  00  +1T07BM000  1.000
LYS+1A0134_032  1.000-11.14  4.91  2.88  0.00 -3.35 0.501  00  +1T0F1M000  1.000
LYS+1A0134_033  1.000-10.85 -0.33  2.53  0.00 -8.65 0.501  00  +1T0F4M000  1.000
LYS+1A0134_034  1.000-11.53  0.03  3.59  0.00 -7.90 0.501  00  +1T0F7M000  1.000
LYS+1A0134_035  1.000-10.27  0.55  3.85  0.00 -5.88 0.501  00  +1T143M000  1.000
LYS+1A0134_036  1.000-10.14  3.01  2.21  0.00 -4.92 0.501  00  +1T171M000  1.000
LYS+1A0134_037  1.000-11.62  4.13  2.73  0.00 -4.75 0.501  00  +1T1C3M000  1.000
LYS+1A0134_038  1.000-11.10  3.04  2.11  0.00 -5.94 0.501  00  +1T1E1M000  1.000
LYS+1A0134_039  1.000-10.98  6.99  3.54  0.00 -0.45 0.501  00  +1T1F1M000  1.000
LYS+1A0134_040  1.000-11.70  5.43  3.93  0.00 -2.34 0.501  00  +1T1FEM000  1.000
