   confID        vdw0    sas     sum
LYS01A0134_001   7.938 -11.991  -4.053
LYS01A0134_002   2.033 -12.485 -10.453
LYS01A0134_003   1.966 -12.303 -10.337
LYS01A0134_004   1.650 -12.897 -11.247
LYS01A0134_005   1.545 -12.717 -11.172
LYS01A0134_006   1.791 -12.885 -11.094
LYS01A0134_007   3.387 -11.947  -8.560
LYS01A0134_008   0.968 -12.786 -11.818
LYS01A0134_009   1.606 -12.510 -10.904
LYS01A0134_010   2.158 -12.190 -10.032
LYS01A0134_011   1.192 -12.476 -11.284
LYS01A0134_012   1.455 -12.533 -11.078
LYS01A0134_013   1.536 -12.285 -10.749
LYS01A0134_014   1.418 -12.926 -11.508
LYS01A0134_015   2.411 -12.664 -10.253
LYS01A0134_016   2.009 -12.068 -10.060
LYS01A0134_017   1.354 -13.013 -11.659
LYS01A0134_018   1.548 -12.613 -11.065
LYS01A0134_019   1.235 -12.302 -11.066
LYS01A0134_020   0.815 -12.405 -11.590
LYS+1A0134_021   7.857 -11.991  -4.133
LYS+1A0134_022   2.137 -12.139 -10.002
LYS+1A0134_023   1.517 -12.781 -11.264
LYS+1A0134_024   1.162 -12.579 -11.417
LYS+1A0134_025   1.721 -12.821 -11.101
LYS+1A0134_026   3.272 -12.011  -8.739
LYS+1A0134_027   0.898 -12.838 -11.940
LYS+1A0134_028   1.957 -12.447 -10.489
LYS+1A0134_029   1.569 -12.459 -10.890
LYS+1A0134_030   1.943 -12.236 -10.293
LYS+1A0134_031   1.657 -12.846 -11.189
LYS+1A0134_032   1.388 -12.533 -11.145
LYS+1A0134_033   1.483 -12.340 -10.857
LYS+1A0134_034   1.400 -12.926 -11.526
LYS+1A0134_035   2.356 -12.574 -10.218
LYS+1A0134_036   1.996 -12.132 -10.137
LYS+1A0134_037   1.335 -12.949 -11.613
LYS+1A0134_038   1.515 -12.613 -11.097
LYS+1A0134_039   1.190 -12.170 -10.980
LYS+1A0134_040   0.772 -12.472 -11.700
