iConf CONFORMER     FL  occ    crg   Em0  pKa0 ne nH    vdw0    vdw1    tors    epol   dsolv   extra    history
00001 TYR01A0115_001 f 0.00  0.000     0  0.00  0  0 -10.933  -0.577   0.052   0.044  -0.374   0.000 01O000M000t
00002 TYR01A0115_002 f 0.00  0.000     0  0.00  0  0 -10.586   1.308   2.744   0.024  -0.363   0.000 01E003M000t
00003 TYR01A0115_003 f 0.00  0.000     0  0.00  0  0 -10.998   1.438   2.745   0.039  -0.358   0.000 01E00DM000t
00004 TYR01A0115_004 f 0.00  0.000     0  0.00  0  0 -11.043  -0.134   0.047   0.015  -0.371   0.000 01E010M000t
00005 TYR01A0115_005 f 0.00  0.000     0  0.00  0  0 -11.059   2.888   0.060   0.084  -0.409   0.000 01E00AM000t
00006 TYR01A0115_006 f 0.00  0.000     0  0.00  0  0 -11.159   1.171   2.744   0.074  -0.383   0.000 01E00BM000t
00007 TYR01A0115_007 f 0.00  0.000     0  0.00  0  0 -11.472   1.311   0.028   0.056  -0.371   0.000 01T006M000t
00008 TYR01A0115_008 f 0.00  0.000     0  0.00  0  0 -11.036  -0.250   0.047   0.021  -0.366   0.000 01T00EM000t
00009 TYR01A0115_009 f 0.00  0.000     0  0.00  0  0 -10.614   1.085   2.744   0.061  -0.394   0.000 01T001M000t
00010 TYR01A0115_010 f 0.00  0.000     0  0.00  0  0 -10.669  -0.431   0.047   0.105  -0.371   0.000 01T002M000t
00011 TYR01A0115_011 f 0.00  0.000     0  0.00  0  0 -10.731   0.462   2.744   0.045  -0.374   0.000 01T005M000t
00012 TYR01A0115_012 f 0.00  0.000     0  0.00  0  0 -10.752   2.533   0.060   0.078  -0.369   0.000 01T007M000t
00013 TYR01A0115_013 f 0.00  0.000     0  0.00  0  0 -10.475  -0.561   0.049   0.046  -0.386   0.000 01T008M000t
00014 TYR01A0115_014 f 0.00  0.000     0  0.00  0  0 -10.706  -0.296   0.047   0.107  -0.375   0.000 01T00CM000t
00015 TYR01A0115_015 f 0.00  0.000     0  0.00  0  0 -10.186   0.113   0.046   0.002  -0.384   0.000 01T00FM000t
00016 TYR01A0115_016 f 0.00  0.000     0  0.00  0  0 -10.989   0.477   2.744   0.045  -0.372   0.000 01T013M000t
00017 TYR01A0115_017 f 0.00  0.000     0  0.00  0  0 -11.323   1.038   2.739   0.040  -0.405   0.000 01T014M000t
00018 TYR01A0115_018 f 0.00  0.000     0  0.00  0  0 -10.180  -0.042   0.047   0.006  -0.386   0.000 01T004M000t
00019 TYR01A0115_019 f 0.00  0.000     0  0.00  0  0 -11.830   4.512   2.730   0.046  -0.384   0.000 01T011M000t
00020 TYR01A0115_020 f 0.00  0.000     0  0.00  0  0 -11.395   0.919   2.739   0.033  -0.380   0.000 01T012M000t
00021 TYR-1A0115_021 f 0.00 -1.000     0 10.20  0 -1 -10.933  -0.577   0.052  -0.033  -3.034   0.000 -1O000M000t
00022 TYR-1A0115_022 f 0.00 -1.000     0 10.20  0 -1 -10.748   1.085   2.742   0.034  -3.032   0.000 -1E001M000t
00023 TYR-1A0115_023 f 0.00 -1.000     0 10.20  0 -1 -10.751  -0.395   0.046   0.148  -3.019   0.000 -1E002M000t
00024 TYR-1A0115_024 f 0.00 -1.000     0 10.20  0 -1 -10.540   1.307   2.744   0.015  -3.007   0.000 -1E003M000t
00025 TYR-1A0115_025 f 0.00 -1.000     0 10.20  0 -1 -10.190   0.011   0.046  -0.110  -3.041   0.000 -1E004M000t
00026 TYR-1A0115_026 f 0.00 -1.000     0 10.20  0 -1 -10.794   0.457   2.742  -0.052  -3.045   0.000 -1E005M000t
00027 TYR-1A0115_027 f 0.00 -1.000     0 10.20  0 -1 -10.515   2.168   0.062  -0.007  -3.047   0.000 -1E007M000t
00028 TYR-1A0115_028 f 0.00 -1.000     0 10.20  0 -1 -11.187   2.869   0.062  -0.007  -3.043   0.000 -1E00AM000t
00029 TYR-1A0115_029 f 0.00 -1.000     0 10.20  0 -1 -11.118   1.431   2.745   0.016  -2.993   0.000 -1E00DM000t
00030 TYR-1A0115_030 f 0.00 -1.000     0 10.20  0 -1 -11.045  -0.130   0.046  -0.095  -3.030   0.000 -1E010M000t
00031 TYR-1A0115_031 f 0.00 -1.000     0 10.20  0 -1 -11.445   0.935   2.737  -0.059  -3.039   0.000 -1E012M000t
00032 TYR-1A0115_032 f 0.00 -1.000     0 10.20  0 -1 -10.802   0.474   2.742  -0.053  -3.052   0.000 -1E013M000t
00033 TYR-1A0115_033 f 0.00 -1.000     0 10.20  0 -1 -11.537   1.309   0.027  -0.023  -3.042   0.000 -1T006M000t
00034 TYR-1A0115_034 f 0.00 -1.000     0 10.20  0 -1 -10.478  -0.563   0.048  -0.036  -3.045   0.000 -1T008M000t
00035 TYR-1A0115_035 f 0.00 -1.000     0 10.20  0 -1 -11.095   1.172   2.742   0.033  -3.022   0.000 -1T00BM000t
00036 TYR-1A0115_036 f 0.00 -1.000     0 10.20  0 -1 -10.707  -0.304   0.045   0.149  -3.026   0.000 -1T00CM000t
00037 TYR-1A0115_037 f 0.00 -1.000     0 10.20  0 -1 -11.027  -0.250   0.045  -0.095  -3.016   0.000 -1T00EM000t
00038 TYR-1A0115_038 f 0.00 -1.000     0 10.20  0 -1 -10.194   0.106   0.045  -0.111  -3.036   0.000 -1T00FM000t
00039 TYR-1A0115_039 f 0.00 -1.000     0 10.20  0 -1 -11.704   4.501   2.728  -0.050  -3.043   0.000 -1T011M000t
00040 TYR-1A0115_040 f 0.00 -1.000     0 10.20  0 -1 -11.313   1.037   2.737  -0.059  -3.070   0.000 -1T014M000t
