   confID        vdw0    sas     sum
TYR01A0115_001   3.825 -14.758 -10.933
TYR01A0115_002   3.835 -14.421 -10.586
TYR01A0115_003   3.755 -14.753 -10.998
TYR01A0115_004   3.655 -14.698 -11.043
TYR01A0115_005   3.675 -14.735 -11.059
TYR01A0115_006   3.750 -14.909 -11.159
TYR01A0115_007   3.484 -14.956 -11.472
TYR01A0115_008   3.758 -14.794 -11.036
TYR01A0115_009   3.824 -14.439 -10.614
TYR01A0115_010   3.833 -14.502 -10.669
TYR01A0115_011   3.828 -14.559 -10.731
TYR01A0115_012   3.779 -14.532 -10.752
TYR01A0115_013   3.742 -14.218 -10.475
TYR01A0115_014   3.752 -14.459 -10.706
TYR01A0115_015   3.758 -13.944 -10.186
TYR01A0115_016   3.741 -14.730 -10.989
TYR01A0115_017   3.654 -14.977 -11.323
TYR01A0115_018   3.832 -14.012 -10.180
TYR01A0115_019   3.493 -15.323 -11.830
TYR01A0115_020   3.768 -15.162 -11.395
TYR-1A0115_021   3.825 -14.758 -10.933
TYR-1A0115_022   3.826 -14.574 -10.748
TYR-1A0115_023   3.835 -14.586 -10.751
TYR-1A0115_024   3.831 -14.371 -10.540
TYR-1A0115_025   3.822 -14.012 -10.190
TYR-1A0115_026   3.825 -14.619 -10.794
TYR-1A0115_027   3.779 -14.295 -10.515
TYR-1A0115_028   3.675 -14.863 -11.187
TYR-1A0115_029   3.770 -14.888 -11.118
TYR-1A0115_030   3.653 -14.698 -11.045
TYR-1A0115_031   3.767 -15.213 -11.445
TYR-1A0115_032   3.743 -14.544 -10.802
TYR-1A0115_033   3.486 -15.024 -11.537
TYR-1A0115_034   3.739 -14.218 -10.478
TYR-1A0115_035   3.746 -14.841 -11.095
TYR-1A0115_036   3.751 -14.459 -10.707
TYR-1A0115_037   3.767 -14.794 -11.027
TYR-1A0115_038   3.750 -13.944 -10.194
TYR-1A0115_039   3.492 -15.195 -11.704
TYR-1A0115_040   3.663 -14.977 -11.313
