iConf CONFORMER     FL  occ    crg   Em0  pKa0 ne nH    vdw0    vdw1    tors    epol   dsolv   extra    history
00001 GLU01A0122_001 f 0.00  0.000     0  0.00  0  0  -3.749   1.857   2.952   0.057  -0.475   0.000 01O000M000t
00002 GLU01A0122_002 f 0.00  0.000     0  0.00  0  0  -3.637   0.946   5.701   0.045  -0.475   0.000 01E001M000t
00003 GLU01A0122_003 f 0.00  0.000     0  0.00  0  0  -3.789   1.875   3.229   0.009  -0.533   0.000 01E006M000t
00004 GLU01A0122_004 f 0.00  0.000     0  0.00  0  0  -3.959   0.993   3.459   0.018  -0.495   0.000 01E009M000t
00005 GLU01A0122_005 f 0.00  0.000     0  0.00  0  0  -3.983   0.458   6.051   0.065  -0.499   0.000 01E00EM000t
00006 GLU01A0122_006 f 0.00  0.000     0  0.00  0  0  -3.775   1.857   0.232   0.021  -0.376   0.000 01O000M000t
00007 GLU01A0122_007 f 0.00  0.000     0  0.00  0  0  -3.793   0.937   3.280   0.004  -0.357   0.000 01E008M000t
00008 GLU01A0122_008 f 0.00  0.000     0  0.00  0  0  -3.854   2.543   2.953   0.123  -0.432   0.000 01T004M000t
00009 GLU01A0122_009 f 0.00  0.000     0  0.00  0  0  -3.845   0.940   5.992  -0.002  -0.517   0.000 01T008M000t
00010 GLU01A0122_010 f 0.00  0.000     0  0.00  0  0  -4.212   0.618   6.199   0.057  -0.486   0.000 01T00FM000t
00011 GLU01A0122_011 f 0.00  0.000     0  0.00  0  0  -3.776   0.868   3.162   0.014  -0.520   0.000 01T00AM000t
00012 GLU01A0122_012 f 0.00  0.000     0  0.00  0  0  -4.023   1.499   3.412   0.045  -0.502   0.000 01T00BM000t
00013 GLU01A0122_013 f 0.00  0.000     0  0.00  0  0  -4.116   0.792   3.246   0.071  -0.502   0.000 01T010M000t
00014 GLU01A0122_014 f 0.00  0.000     0  0.00  0  0  -3.676   0.946   2.981   0.013  -0.361   0.000 01T001M000t
00015 GLU01A0122_015 f 0.00  0.000     0  0.00  0  0  -3.788   1.875   0.480   0.011  -0.363   0.000 01T006M000t
00016 GLU01A0122_016 f 0.00  0.000     0  0.00  0  0  -4.027   1.493   0.713   0.015  -0.366   0.000 01T00BM000t
00017 GLU01A0122_017 f 0.00  0.000     0  0.00  0  0  -4.212   0.618   3.479   0.029  -0.365   0.000 01T00FM000t
00018 GLU01A0122_018 f 0.00  0.000     0  0.00  0  0  -3.888   2.357   0.233   0.020  -0.358   0.000 01T004M000t
00019 GLU01A0122_019 f 0.00  0.000     0  0.00  0  0  -3.776   0.868   0.442   0.007  -0.356   0.000 01T00AM000t
00020 GLU01A0122_020 f 0.00  0.000     0  0.00  0  0  -3.905   0.572   3.258   0.026  -0.354   0.000 01T00EM000t
00021 GLU01A0122_021 f 0.00  0.000     0  0.00  0  0  -4.116   0.792   0.526   0.022  -0.353   0.000 01T010M000t
00022 GLU02A0122_022 f 0.00  0.000     0  0.00  0  0  -4.043   1.861   2.952  -0.004  -0.526   0.000 02O000M000t
00023 GLU02A0122_023 f 0.00  0.000     0  0.00  0  0  -3.931   2.191   2.952   0.005  -0.512   0.000 02E004M000t
00024 GLU02A0122_024 f 0.00  0.000     0  0.00  0  0  -3.500   1.859   3.272   0.044  -0.481   0.000 02E006M000t
00025 GLU02A0122_025 f 0.00  0.000     0  0.00  0  0  -3.653   0.930   6.079   0.048  -0.514   0.000 02E008M000t
00026 GLU02A0122_026 f 0.00  0.000     0  0.00  0  0  -4.127   0.639   6.309  -0.007  -0.505   0.000 02E00FM000t
00027 GLU02A0122_027 f 0.00  0.000     0  0.00  0  0  -4.043   1.861   0.232   0.009  -0.372   0.000 02O000M000t
00028 GLU02A0122_028 f 0.00  0.000     0  0.00  0  0  -3.981   2.123   0.233   0.002  -0.353   0.000 02E004M000t
00029 GLU02A0122_029 f 0.00  0.000     0  0.00  0  0  -3.729   0.937   3.238   0.015  -0.390   0.000 02E008M000t
00030 GLU02A0122_030 f 0.00  0.000     0  0.00  0  0  -3.872   0.574   3.287   0.005  -0.362   0.000 02E00EM000t
00031 GLU02A0122_031 f 0.00  0.000     0  0.00  0  0  -3.829   0.954   5.702   0.007  -0.516   0.000 02T001M000t
00032 GLU02A0122_032 f 0.00  0.000     0  0.00  0  0  -3.960   1.503   3.511   0.035  -0.525   0.000 02T00BM000t
00033 GLU02A0122_033 f 0.00  0.000     0  0.00  0  0  -3.630   0.855   3.136   0.044  -0.488   0.000 02T00AM000t
00034 GLU02A0122_034 f 0.00  0.000     0  0.00  0  0  -3.699   1.506   3.141   0.042  -0.499   0.000 02T00CM000t
00035 GLU02A0122_035 f 0.00  0.000     0  0.00  0  0  -3.872   0.574   6.007   0.103  -0.452   0.000 02T00EM000t
00036 GLU02A0122_036 f 0.00  0.000     0  0.00  0  0  -3.996   0.815   3.239   0.034  -0.478   0.000 02T010M000t
00037 GLU02A0122_037 f 0.00  0.000     0  0.00  0  0  -3.829   0.954   2.982   0.005  -0.369   0.000 02T001M000t
00038 GLU02A0122_038 f 0.00  0.000     0  0.00  0  0  -3.500   1.860   0.535   0.019  -0.369   0.000 02T006M000t
00039 GLU02A0122_039 f 0.00  0.000     0  0.00  0  0  -3.701   0.864   0.504   0.012  -0.371   0.000 02T00AM000t
00040 GLU02A0122_040 f 0.00  0.000     0  0.00  0  0  -3.973   1.503   0.791   0.012  -0.369   0.000 02T00BM000t
00041 GLU02A0122_041 f 0.00  0.000     0  0.00  0  0  -4.172   0.612   3.388   0.005  -0.363   0.000 02T00FM000t
00042 GLU02A0122_042 f 0.00  0.000     0  0.00  0  0  -3.996   0.815   0.519   0.008  -0.364   0.000 02T010M000t
00043 GLU-1A0122_043 f 0.00 -1.000     0  4.75  0 -1  -3.975   1.874   0.232  -0.047  -3.136   0.000 -1O000M000t
00044 GLU-1A0122_044 f 0.00 -1.000     0  4.75  0 -1  -3.823   0.964   2.980  -0.051  -3.133   0.000 -1E001M000t
00045 GLU-1A0122_045 f 0.00 -1.000     0  4.75  0 -1  -3.838   0.876   0.438  -0.066  -3.138   0.000 -1E00AM000t
00046 GLU-1A0122_046 f 0.00 -1.000     0  4.75  0 -1  -4.119   1.510   0.684  -0.076  -3.144   0.000 -1E00BM000t
00047 GLU-1A0122_047 f 0.00 -1.000     0  4.75  0 -1  -4.086   1.113   0.689   0.031  -3.081   0.000 -1E00DM000t
00048 GLU-1A0122_048 f 0.00 -1.000     0  4.75  0 -1  -3.915   0.526   3.284   0.014  -3.068   0.000 -1E00EM000t
00049 GLU-1A0122_049 f 0.00 -1.000     0  4.75  0 -1  -4.089   0.628   3.441  -0.101  -3.093   0.000 -1E00FM000t
00050 GLU-1A0122_050 f 0.00 -1.000     0  4.75  0 -1  -4.084   0.789   0.546  -0.094  -3.089   0.000 -1E010M000t
