CONFORMER         crg  vdw0  vdw1  tors  epol  self   occ  Hb     history    ASA
GLU01A0122_001  0.000 -3.75  1.86  2.95  0.00  1.06 0.529  00  01O000M000  1.104
GLU01A0122_002  0.000 -3.64  0.95  5.70  0.00  3.01 0.527  00  01E001M000  1.035
GLU01A0122_003  0.000 -3.79  1.87  3.23  0.00  1.31 0.530  00  01E006M000  1.000
GLU01A0122_004  0.000 -3.96  0.99  3.46  0.00  0.49 0.531  00  01E009M000  1.011
GLU01A0122_005  0.000 -3.98  0.46  6.05  0.00  2.53 0.526  00  01E00EM000  1.022
GLU01A0122_006  0.000 -3.77  1.86  0.23  0.00 -1.68 0.529  00  01O000M000  1.110
GLU01A0122_007  0.000 -3.79  0.93  3.28  0.00  0.42 0.531  00  01E008M000  1.014
GLU01A0122_008  0.000 -3.85  2.54  2.95  0.00  1.64 0.531  00  01T004M000  1.059
GLU01A0122_009  0.000 -3.85  0.94  5.99  0.00  3.08 0.531  00  01T008M000  1.011
GLU01A0122_010  0.000 -4.21  0.61  6.20  0.00  2.60 0.528  00  01T00FM000  1.046
GLU01A0122_011  0.000 -3.78  0.87  3.16  0.00  0.25 0.532  00  01T00AM000  1.020
GLU01A0122_012  0.000 -4.02  1.50  3.41  0.00  0.89 0.526  00  01T00BM000  1.003
GLU01A0122_013  0.000 -4.12  0.79  3.25  0.00 -0.08 0.531  00  01T010M000  1.020
GLU01A0122_014  0.000 -3.68  0.95  2.98  0.00  0.25 0.527  00  01T001M000  1.043
GLU01A0122_015  0.000 -3.79  1.88  0.48  0.00 -1.43 0.530  00  01T006M000  1.000
GLU01A0122_016  0.000 -4.03  1.50  0.71  0.00 -1.82 0.526  00  01T00BM000  1.003
GLU01A0122_017  0.000 -4.21  0.61  3.48  0.00 -0.12 0.528  00  01T00FM000  1.046
GLU01A0122_018  0.000 -3.89  2.35  0.23  0.00 -1.30 0.531  00  01T004M000  1.050
GLU01A0122_019  0.000 -3.78  0.87  0.44  0.00 -2.47 0.532  00  01T00AM000  1.020
GLU01A0122_020  0.000 -3.90  0.57  3.26  0.00 -0.07 0.526  00  01T00EM000  1.022
GLU01A0122_021  0.000 -4.12  0.79  0.53  0.00 -2.80 0.531  00  01T010M000  1.020
GLU02A0122_022  0.000 -4.04  1.86  2.95  0.00  0.77 0.529  00  02O000M000  1.095
GLU02A0122_023  0.000 -3.94  2.18  2.95  0.00  1.19 0.531  00  02E004M000  1.050
GLU02A0122_024  0.000 -3.50  1.86  3.27  0.00  1.63 0.530  00  02E006M000  1.000
GLU02A0122_025  0.000 -3.65  0.93  6.08  0.00  3.36 0.531  00  02E008M000  1.011
GLU02A0122_026  0.000 -4.13  0.64  6.31  0.00  2.82 0.528  00  02E00FM000  1.028
GLU02A0122_027  0.000 -4.04  1.86  0.23  0.00 -1.95 0.529  00  02O000M000  1.095
GLU02A0122_028  0.000 -4.00  2.12  0.23  0.00 -1.64 0.531  00  02E004M000  1.049
GLU02A0122_029  0.000 -3.69  0.93  3.24  0.00  0.48 0.531  00  02E008M000  1.029
GLU02A0122_030  0.000 -3.87  0.57  3.29  0.00 -0.01 0.526  00  02E00EM000  1.019
GLU02A0122_031  0.000 -3.83  0.95  5.70  0.00  2.83 0.527  00  02T001M000  1.039
GLU02A0122_032  0.000 -3.96  1.50  3.51  0.00  1.05 0.526  00  02T00BM000  1.000
GLU02A0122_033  0.000 -3.63  0.86  3.14  0.00  0.36 0.532  00  02T00AM000  1.023
GLU02A0122_034  0.000 -3.70  1.51  3.14  0.00  0.95 0.530  00  02T00CM000  1.006
GLU02A0122_035  0.000 -3.87  0.57  6.01  0.00  2.71 0.526  00  02T00EM000  1.019
GLU02A0122_036  0.000 -3.99  0.81  3.24  0.00  0.06 0.531  00  02T010M000  1.015
GLU02A0122_037  0.000 -3.83  0.95  2.98  0.00  0.11 0.527  00  02T001M000  1.039
GLU02A0122_038  0.000 -3.50  1.86  0.53  0.00 -1.10 0.530  00  02T006M000  1.000
GLU02A0122_039  0.000 -3.70  0.86  0.51  0.00 -2.33 0.532  00  02T00AM000  1.031
GLU02A0122_040  0.000 -3.97  1.50  0.79  0.00 -1.68 0.526  00  02T00BM000  1.003
GLU02A0122_041  0.000 -4.17  0.61  3.39  0.00 -0.17 0.528  00  02T00FM000  1.034
GLU02A0122_042  0.000 -3.99  0.81  0.52  0.00 -2.66 0.531  00  02T010M000  1.015
GLU-1A0122_043 -1.000 -3.97  1.88  0.23  0.00 -1.87 0.529  00  -1O000M000  1.097
GLU-1A0122_044 -1.000 -3.82  0.96  2.98  0.00  0.12 0.527  00  -1E001M000  1.040
GLU-1A0122_045 -1.000 -3.84  0.88  0.44  0.00 -2.53 0.532  00  -1E00AM000  1.017
GLU-1A0122_046 -1.000 -4.12  1.51  0.68  0.00 -1.92 0.526  00  -1E00BM000  1.003
GLU-1A0122_047 -1.000 -4.12  1.11  0.69  0.00 -2.32 0.528  00  -1E00DM000  1.039
GLU-1A0122_048 -1.000 -3.92  0.53  3.28  0.00 -0.11 0.526  00  -1E00EM000  1.019
GLU-1A0122_049 -1.000 -4.09  0.63  3.44  0.00 -0.02 0.528  00  -1E00FM000  1.013
GLU-1A0122_050 -1.000 -4.08  0.79  0.55  0.00 -2.75 0.531  00  -1E010M000  1.015
