   confID        vdw0    sas     sum
GLU01A0122_001   1.154  -4.904  -3.749
GLU01A0122_002   1.131  -4.769  -3.637
GLU01A0122_003   0.778  -4.567  -3.789
GLU01A0122_004   0.697  -4.657  -3.959
GLU01A0122_005   0.841  -4.824  -3.983
GLU01A0122_006   1.154  -4.929  -3.775
GLU01A0122_007   0.909  -4.702  -3.793
GLU01A0122_008   1.084  -4.938  -3.854
GLU01A0122_009   0.739  -4.584  -3.845
GLU01A0122_010   0.719  -4.931  -4.212
GLU01A0122_011   0.902  -4.678  -3.776
GLU01A0122_012   0.704  -4.727  -4.023
GLU01A0122_013   0.884  -5.000  -4.116
GLU01A0122_014   1.131  -4.807  -3.676
GLU01A0122_015   0.780  -4.567  -3.788
GLU01A0122_016   0.700  -4.727  -4.027
GLU01A0122_017   0.719  -4.931  -4.212
GLU01A0122_018   1.067  -4.955  -3.888
GLU01A0122_019   0.902  -4.678  -3.776
GLU01A0122_020   0.923  -4.828  -3.905
GLU01A0122_021   0.884  -5.000  -4.116
GLU02A0122_022   0.955  -4.998  -4.043
GLU02A0122_023   0.906  -4.837  -3.931
GLU02A0122_024   1.020  -4.520  -3.500
GLU02A0122_025   0.989  -4.642  -3.653
GLU02A0122_026   0.735  -4.862  -4.127
GLU02A0122_027   0.955  -4.998  -4.043
GLU02A0122_028   0.909  -4.890  -3.981
GLU02A0122_029   0.953  -4.681  -3.729
GLU02A0122_030   1.026  -4.897  -3.872
GLU02A0122_031   0.930  -4.760  -3.829
GLU02A0122_032   0.711  -4.671  -3.960
GLU02A0122_033   0.963  -4.594  -3.630
GLU02A0122_034   0.965  -4.664  -3.699
GLU02A0122_035   1.026  -4.897  -3.872
GLU02A0122_036   0.944  -4.939  -3.996
GLU02A0122_037   0.930  -4.760  -3.829
GLU02A0122_038   1.020  -4.520  -3.500
GLU02A0122_039   0.989  -4.690  -3.701
GLU02A0122_040   0.711  -4.684  -3.973
GLU02A0122_041   0.809  -4.980  -4.172
GLU02A0122_042   0.944  -4.939  -3.996
GLU-1A0122_043   0.861  -4.836  -3.975
GLU-1A0122_044   0.840  -4.663  -3.823
GLU-1A0122_045   0.735  -4.573  -3.838
GLU-1A0122_046   0.583  -4.702  -4.119
GLU-1A0122_047   0.597  -4.683  -4.086
GLU-1A0122_048   0.798  -4.713  -3.915
GLU-1A0122_049   0.607  -4.696  -4.089
GLU-1A0122_050   0.746  -4.830  -4.084
