iConf CONFORMER     FL  occ    crg   Em0  pKa0 ne nH    vdw0    vdw1    tors    epol   dsolv   extra    history
00001 GLU01A0101_001 f 0.00  0.000     0  0.00  0  0  -1.707   0.722   3.141   0.059  -0.469   0.000 01O000M000t
00002 GLU01A0101_002 f 0.00  0.000     0  0.00  0  0  -3.068   0.788   3.156   0.002  -0.537   0.000 01E005M000t
00003 GLU01A0101_003 f 0.00  0.000     0  0.00  0  0  -3.857   1.246   3.810   0.046  -0.506   0.000 01E008M000t
00004 GLU01A0101_004 f 0.00  0.000     0  0.00  0  0  -1.707   0.722   0.421   0.019  -0.369   0.000 01O000M000t
00005 GLU01A0101_005 f 0.00  0.000     0  0.00  0  0  -2.142   0.926   0.283   0.009  -0.369   0.000 01E001M000t
00006 GLU01A0101_006 f 0.00  0.000     0  0.00  0  0  -2.258   0.938   2.998   0.035  -0.471   0.000 01T001M000t
00007 GLU01A0101_007 f 0.00  0.000     0  0.00  0  0  -3.077   0.855   3.136   0.019  -0.513   0.000 01T007M000t
00008 GLU01A0101_008 f 0.00  0.000     0  0.00  0  0  -3.511   1.396   3.291   0.074  -0.503   0.000 01T00BM000t
00009 GLU01A0101_009 f 0.00  0.000     0  0.00  0  0  -2.379   1.263   3.076   0.111  -0.443   0.000 01T003M000t
00010 GLU01A0101_010 f 0.00  0.000     0  0.00  0  0  -3.094   0.788   0.424   0.011  -0.367   0.000 01T005M000t
00011 GLU01A0101_011 f 0.00  0.000     0  0.00  0  0  -3.007   0.855   0.416   0.008  -0.355   0.000 01T007M000t
00012 GLU01A0101_012 f 0.00  0.000     0  0.00  0  0  -2.064   1.263   0.283   0.016  -0.365   0.000 01T002M000t
00013 GLU01A0101_013 f 0.00  0.000     0  0.00  0  0  -2.379   1.263   0.356   0.026  -0.359   0.000 01T003M000t
00014 GLU01A0101_014 f 0.00  0.000     0  0.00  0  0  -3.504   1.573   0.555   0.028  -0.353   0.000 01T00BM000t
00015 GLU02A0101_015 f 0.00  0.000     0  0.00  0  0  -2.294   0.730   3.141  -0.003  -0.528   0.000 02O000M000t
00016 GLU02A0101_016 f 0.00  0.000     0  0.00  0  0  -2.596   1.269   3.005   0.027  -0.519   0.000 02E002M000t
00017 GLU02A0101_017 f 0.00  0.000     0  0.00  0  0  -2.607   0.773   3.191   0.051  -0.475   0.000 02E005M000t
00018 GLU02A0101_018 f 0.00  0.000     0  0.00  0  0  -2.699   1.289   3.181   0.038  -0.487   0.000 02E009M000t
00019 GLU02A0101_019 f 0.00  0.000     0  0.00  0  0  -2.319   0.730   0.421   0.007  -0.363   0.000 02O000M000t
00020 GLU02A0101_020 f 0.00  0.000     0  0.00  0  0  -2.824   0.955   0.365   0.000  -0.346   0.000 02E003M000t
00021 GLU02A0101_021 f 0.00  0.000     0  0.00  0  0  -3.338   1.537   0.582   0.013  -0.354   0.000 02E00BM000t
00022 GLU02A0101_022 f 0.00  0.000     0  0.00  0  0  -2.802   1.069   3.066  -0.002  -0.505   0.000 02T003M000t
00023 GLU02A0101_023 f 0.00  0.000     0  0.00  0  0  -3.675   0.954   3.721   0.037  -0.534   0.000 02T006M000t
00024 GLU02A0101_024 f 0.00  0.000     0  0.00  0  0  -3.335   1.536   3.302   0.039  -0.460   0.000 02T00BM000t
00025 GLU02A0101_025 f 0.00  0.000     0  0.00  0  0  -2.604   0.772   0.463   0.020  -0.362   0.000 02T005M000t
00026 GLU02A0101_026 f 0.00  0.000     0  0.00  0  0  -3.663   0.954   1.001   0.016  -0.365   0.000 02T006M000t
00027 GLU02A0101_027 f 0.00  0.000     0  0.00  0  0  -3.567   1.251   1.001   0.011  -0.358   0.000 02T008M000t
00028 GLU-1A0101_028 f 0.00 -1.000     0  4.75  0 -1  -2.134   0.741   0.421  -0.054  -3.141   0.000 -1O000M000t
00029 GLU-1A0101_029 f 0.00 -1.000     0  4.75  0 -1  -2.649   0.953   0.279  -0.065  -3.141   0.000 -1E001M000t
00030 GLU-1A0101_030 f 0.00 -1.000     0  4.75  0 -1  -3.017   1.305   0.411  -0.071  -3.142   0.000 -1E009M000t
00031 GLU-1A0101_031 f 0.00 -1.000     0  4.75  0 -1  -3.818   0.292   1.043  -0.007  -3.096   0.000 -1E00AM000t
00032 GLU-1A0101_032 f 0.00 -1.000     0  4.75  0 -1  -3.404   1.471   0.560  -0.110  -3.091   0.000 -1E00BM000t
