CONFORMER         crg  vdw0  vdw1  tors  epol  self   occ  Hb     history    ASA
GLU01A0101_001  0.000 -1.70  0.72  3.14  0.00  2.16 0.544  00  01O000M000  1.014
GLU01A0101_002  0.000 -3.07  0.79  3.16  0.00  0.88 0.543  00  01E005M000  1.000
GLU01A0101_003  0.000 -3.85  1.25  3.81  0.00  1.20 0.540  00  01E008M000  1.042
GLU01A0101_004  0.000 -1.70  0.72  0.42  0.00 -0.56 0.544  00  01O000M000  1.014
GLU01A0101_005  0.000 -2.14  0.93  0.28  0.00 -0.93 0.540  00  01E001M000  1.031
GLU01A0101_006  0.000 -2.25  0.94  3.00  0.00  1.68 0.540  00  01T001M000  1.021
GLU01A0101_007  0.000 -3.08  0.86  3.14  0.00  0.91 0.541  00  01T007M000  1.030
GLU01A0101_008  0.000 -3.51  1.40  3.29  0.00  1.17 0.540  00  01T00BM000  1.029
GLU01A0101_009  0.000 -2.41  1.26  3.08  0.00  1.93 0.540  00  01T003M000  1.005
GLU01A0101_010  0.000 -3.09  0.79  0.42  0.00 -1.88 0.543  00  01T005M000  1.006
GLU01A0101_011  0.000 -3.01  0.86  0.42  0.00 -1.74 0.541  00  01T007M000  1.014
GLU01A0101_012  0.000 -2.06  1.26  0.28  0.00 -0.51 0.543  00  01T002M000  1.023
GLU01A0101_013  0.000 -2.41  1.26  0.36  0.00 -0.79 0.540  00  01T003M000  1.005
GLU01A0101_014  0.000 -3.50  1.57  0.56  0.00 -1.38 0.540  00  01T00BM000  1.029
GLU02A0101_015  0.000 -2.29  0.73  3.14  0.00  1.58 0.544  00  02O000M000  1.003
GLU02A0101_016  0.000 -2.60  1.27  3.01  0.00  1.67 0.543  00  02E002M000  1.035
GLU02A0101_017  0.000 -2.61  0.77  3.19  0.00  1.36 0.543  00  02E005M000  1.000
GLU02A0101_018  0.000 -2.70  1.29  3.18  0.00  1.77 0.543  00  02E009M000  1.017
GLU02A0101_019  0.000 -2.32  0.73  0.42  0.00 -1.17 0.544  00  02O000M000  1.008
GLU02A0101_020  0.000 -2.82  0.96  0.37  0.00 -1.50 0.540  00  02E003M000  1.005
GLU02A0101_021  0.000 -3.33  1.54  0.58  0.00 -1.21 0.540  00  02E00BM000  1.015
GLU02A0101_022  0.000 -2.80  1.07  3.07  0.00  1.33 0.540  00  02T003M000  1.000
GLU02A0101_023  0.000 -3.68  0.95  3.72  0.00  0.99 0.543  00  02T006M000  1.006
GLU02A0101_024  0.000 -3.33  1.54  3.30  0.00  1.51 0.540  00  02T00BM000  1.015
GLU02A0101_025  0.000 -2.61  0.77  0.46  0.00 -1.37 0.543  00  02T005M000  1.000
GLU02A0101_026  0.000 -3.66  0.95  1.00  0.00 -1.71 0.543  00  02T006M000  1.003
GLU02A0101_027  0.000 -3.57  1.25  1.00  0.00 -1.32 0.540  00  02T008M000  1.006
GLU-1A0101_028 -1.000 -2.13  0.74  0.42  0.00 -0.97 0.544  00  -1O000M000  1.003
GLU-1A0101_029 -1.000 -2.65  0.95  0.28  0.00 -1.41 0.540  00  -1E001M000  1.014
GLU-1A0101_030 -1.000 -3.02  1.30  0.41  0.00 -1.31 0.543  00  -1E009M000  1.011
GLU-1A0101_031 -1.000 -3.82  0.30  1.04  0.00 -2.48 0.540  00  -1E00AM000  1.011
GLU-1A0101_032 -1.000 -3.40  1.47  0.56  0.00 -1.37 0.540  00  -1E00BM000  1.030
