   confID        vdw0    sas     sum
GLU01A0101_001   2.799  -4.506  -1.707
GLU01A0101_002   1.498  -4.567  -3.068
GLU01A0101_003   0.933  -4.789  -3.857
GLU01A0101_004   2.799  -4.506  -1.707
GLU01A0101_005   2.524  -4.666  -2.142
GLU01A0101_006   2.471  -4.728  -2.258
GLU01A0101_007   1.513  -4.590  -3.077
GLU01A0101_008   1.354  -4.866  -3.511
GLU01A0101_009   2.391  -4.770  -2.379
GLU01A0101_010   1.498  -4.592  -3.094
GLU01A0101_011   1.513  -4.519  -3.007
GLU01A0101_012   2.523  -4.587  -2.064
GLU01A0101_013   2.391  -4.770  -2.379
GLU01A0101_014   1.459  -4.964  -3.504
GLU02A0101_015   2.265  -4.559  -2.294
GLU02A0101_016   2.026  -4.622  -2.596
GLU02A0101_017   1.911  -4.518  -2.607
GLU02A0101_018   1.869  -4.568  -2.699
GLU02A0101_019   2.265  -4.585  -2.319
GLU02A0101_020   1.947  -4.771  -2.824
GLU02A0101_021   1.556  -4.894  -3.338
GLU02A0101_022   1.935  -4.737  -2.802
GLU02A0101_023   0.984  -4.660  -3.675
GLU02A0101_024   1.559  -4.894  -3.335
GLU02A0101_025   1.913  -4.518  -2.604
GLU02A0101_026   0.984  -4.647  -3.663
GLU02A0101_027   0.991  -4.559  -3.567
GLU-1A0101_028   2.177  -4.311  -2.134
GLU-1A0101_029   1.929  -4.577  -2.649
GLU-1A0101_030   1.517  -4.534  -3.017
GLU-1A0101_031   0.788  -4.606  -3.818
GLU-1A0101_032   1.305  -4.709  -3.404
