iConf CONFORMER     FL  occ    crg   Em0  pKa0 ne nH    vdw0    vdw1    tors    epol   dsolv   extra    history
00001 HIS01A0121_001 f 0.00  0.000     0  0.00  0  0 -11.613   0.950   0.020   0.067  -0.975   0.000 01O000M000t
00002 HIS01A0121_002 f 0.00  0.000     0  0.00  0  0 -11.560   2.118   0.013   0.075  -0.983   0.000 01E003M000t
00003 HIS01A0121_003 f 0.00  0.000     0  0.00  0  0 -11.920   2.757   0.013  -0.010  -1.006   0.000 01E005M000t
00004 HIS01A0121_004 f 0.00  0.000     0  0.00  0  0 -11.612   0.757   0.015   0.099  -1.012   0.000 01E007M000t
00005 HIS01A0121_005 f 0.00  0.000     0  0.00  0  0 -12.431   1.886   0.003   0.147  -1.019   0.000 01E008M000t
00006 HIS01A0121_006 f 0.00  0.000     0  0.00  0  0 -11.775   4.998   2.777   0.140  -1.010   0.000 01E00BM000t
00007 HIS01A0121_007 f 0.00  0.000     0  0.00  0  0 -11.799   3.120   0.006   0.025  -0.946   0.000 01E00DM000t
00008 HIS01A0121_008 f 0.00  0.000     0  0.00  0  0 -11.779   0.771   0.018   0.069  -1.012   0.000 01E011M000t
00009 HIS01A0121_009 f 0.00  0.000     0  0.00  0  0 -11.898   4.691   0.010   0.164  -0.961   0.000 01E012M000t
00010 HIS01A0121_010 f 0.00  0.000     0  0.00  0  0 -11.555   4.438   0.011   0.241  -0.976   0.000 01E013M000t
00011 HIS01A0121_011 f 0.00  0.000     0  0.00  0  0 -11.963   3.984   2.710   0.063  -0.980   0.000 01E014M000t
00012 HIS01A0121_012 f 0.00  0.000     0  0.00  0  0 -11.183   1.880   2.773   0.080  -1.012   0.000 01E016M000t
00013 HIS01A0121_013 f 0.00  0.000     0  0.00  0  0 -11.219   2.030   2.774   0.133  -0.967   0.000 01T004M000t
00014 HIS01A0121_014 f 0.00  0.000     0  0.00  0  0 -12.102   1.304   0.019   0.015  -0.960   0.000 01T006M000t
00015 HIS01A0121_015 f 0.00  0.000     0  0.00  0  0 -11.653   0.939   0.018   0.128  -1.020   0.000 01T009M000t
00016 HIS01A0121_016 f 0.00  0.000     0  0.00  0  0 -11.474   3.845   2.775   0.078  -1.000   0.000 01T00CM000t
00017 HIS01A0121_017 f 0.00  0.000     0  0.00  0  0 -11.471   1.498   0.012   0.140  -0.987   0.000 01T00FM000t
00018 HIS01A0121_018 f 0.00  0.000     0  0.00  0  0 -11.659   1.878   2.775   0.055  -1.008   0.000 01T015M000t
00019 HIS01A0121_019 f 0.00  0.000     0  0.00  0  0 -12.079   3.132   2.745   0.139  -1.015   0.000 01T017M000t
00020 HIS02A0121_020 f 0.00  0.000     0  0.00  0  0 -11.628   0.909   0.020   0.068  -1.020   0.000 02O000M000t
00021 HIS02A0121_021 f 0.00  0.000     0  0.00  0  0 -11.286   1.943   2.772   0.029  -1.001   0.000 02E004M000t
00022 HIS02A0121_022 f 0.00  0.000     0  0.00  0  0 -11.997   2.632   0.013   0.165  -0.999   0.000 02E005M000t
00023 HIS02A0121_023 f 0.00  0.000     0  0.00  0  0 -12.053   1.268   0.018   0.115  -0.999   0.000 02E006M000t
00024 HIS02A0121_024 f 0.00  0.000     0  0.00  0  0 -11.562   4.381   2.772   0.069  -1.020   0.000 02E00AM000t
00025 HIS02A0121_025 f 0.00  0.000     0  0.00  0  0 -11.989   4.971   2.777   0.108  -1.043   0.000 02E00BM000t
00026 HIS02A0121_026 f 0.00  0.000     0  0.00  0  0 -11.350   3.835   2.774   0.056  -1.059   0.000 02E00CM000t
00027 HIS02A0121_027 f 0.00  0.000     0  0.00  0  0 -11.677   3.046   0.007   0.167  -0.998   0.000 02E00DM000t
00028 HIS02A0121_028 f 0.00  0.000     0  0.00  0  0 -11.915   4.635   0.010   0.191  -1.010   0.000 02E012M000t
00029 HIS02A0121_029 f 0.00  0.000     0  0.00  0  0 -11.473   1.841   2.774   0.090  -1.042   0.000 02E015M000t
00030 HIS02A0121_030 f 0.00  0.000     0  0.00  0  0 -11.595   2.075   0.011   0.061  -0.989   0.000 02T003M000t
00031 HIS02A0121_031 f 0.00  0.000     0  0.00  0  0 -11.680   0.742   0.014   0.056  -1.113   0.000 02T007M000t
00032 HIS02A0121_032 f 0.00  0.000     0  0.00  0  0 -12.450   1.868   0.003   0.107  -1.044   0.000 02T008M000t
00033 HIS02A0121_033 f 0.00  0.000     0  0.00  0  0 -11.676   0.929   0.017   0.069  -1.048   0.000 02T009M000t
00034 HIS02A0121_034 f 0.00  0.000     0  0.00  0  0 -11.472   1.468   0.010   0.045  -1.025   0.000 02T00FM000t
00035 HIS02A0121_035 f 0.00  0.000     0  0.00  0  0 -11.448   4.457   0.010   0.190  -1.029   0.000 02T013M000t
00036 HIS02A0121_036 f 0.00  0.000     0  0.00  0  0 -11.907   3.939   2.711   0.116  -1.036   0.000 02T014M000t
00037 HIS02A0121_037 f 0.00  0.000     0  0.00  0  0 -11.041   1.880   2.772   0.081  -1.079   0.000 02T016M000t
00038 HIS02A0121_038 f 0.00  0.000     0  0.00  0  0 -12.181   3.173   2.753   0.101  -1.033   0.000 02T017M000t
00039 HIS+1A0121_039 f 0.00  1.000     0  6.98  0  1 -11.655   0.907   0.020   0.199  -4.867   0.000 +1O000M000t
00040 HIS+1A0121_040 f 0.00  1.000     0  6.98  0  1 -11.312   1.946   2.773   0.096  -4.786   0.000 +1E004M000t
00041 HIS+1A0121_041 f 0.00  1.000     0  6.98  0  1 -12.091   2.629   0.014   0.318  -4.741   0.000 +1E005M000t
00042 HIS+1A0121_042 f 0.00  1.000     0  6.98  0  1 -12.147   1.261   0.019   0.270  -4.826   0.000 +1E006M000t
00043 HIS+1A0121_043 f 0.00  1.000     0  6.98  0  1 -12.477   1.876   0.004   0.256  -4.839   0.000 +1E008M000t
00044 HIS+1A0121_044 f 0.00  1.000     0  6.98  0  1 -11.699   0.931   0.018   0.219  -4.895   0.000 +1E009M000t
00045 HIS+1A0121_045 f 0.00  1.000     0  6.98  0  1 -11.478   4.521   0.012   0.052  -4.870   0.000 +1E013M000t
00046 HIS+1A0121_046 f 0.00  1.000     0  6.98  0  1 -11.673   2.102   0.012   0.117  -4.752   0.000 +1T003M000t
00047 HIS+1A0121_047 f 0.00  1.000     0  6.98  0  1 -11.659   0.744   0.016   0.202  -4.857   0.000 +1T007M000t
00048 HIS+1A0121_048 f 0.00  1.000     0  6.98  0  1 -11.607   4.394   2.773   0.185  -4.842   0.000 +1T00AM000t
00049 HIS+1A0121_049 f 0.00  1.000     0  6.98  0  1 -11.473   3.839   2.775   0.173  -4.848   0.000 +1T00CM000t
00050 HIS+1A0121_050 f 0.00  1.000     0  6.98  0  1 -11.772   3.057   0.008   0.286  -4.686   0.000 +1T00DM000t
00051 HIS+1A0121_051 f 0.00  1.000     0  6.98  0  1 -11.570   1.487   0.012   0.126  -4.812   0.000 +1T00FM000t
00052 HIS+1A0121_052 f 0.00  1.000     0  6.98  0  1 -11.877   0.743   0.018   0.163  -4.807   0.000 +1T011M000t
00053 HIS+1A0121_053 f 0.00  1.000     0  6.98  0  1 -11.921   4.713   0.011   0.033  -4.862   0.000 +1T012M000t
00054 HIS+1A0121_054 f 0.00  1.000     0  6.98  0  1 -11.934   3.939   2.711   0.181  -4.823   0.000 +1T014M000t
00055 HIS+1A0121_055 f 0.00  1.000     0  6.98  0  1 -11.567   1.843   2.774   0.152  -4.828   0.000 +1T015M000t
00056 HIS+1A0121_056 f 0.00  1.000     0  6.98  0  1 -11.069   1.876   2.774   0.151  -4.847   0.000 +1T016M000t
00057 HIS+1A0121_057 f 0.00  1.000     0  6.98  0  1 -12.208   3.169   2.753   0.175  -4.864   0.000 +1T017M000t
