   confID        vdw0    sas     sum
HIS01A0121_001  -0.243 -11.370 -11.613
HIS01A0121_002  -0.232 -11.328 -11.560
HIS01A0121_003  -0.345 -11.574 -11.920
HIS01A0121_004  -0.115 -11.497 -11.612
HIS01A0121_005  -0.269 -12.162 -12.431
HIS01A0121_006  -0.111 -11.663 -11.775
HIS01A0121_007  -0.344 -11.455 -11.799
HIS01A0121_008  -0.095 -11.683 -11.779
HIS01A0121_009  -0.209 -11.689 -11.898
HIS01A0121_010  -0.095 -11.460 -11.555
HIS01A0121_011  -0.345 -11.618 -11.963
HIS01A0121_012  -0.115 -11.068 -11.183
HIS01A0121_013  -0.242 -10.977 -11.219
HIS01A0121_014  -0.202 -11.900 -12.102
HIS01A0121_015  -0.096 -11.558 -11.653
HIS01A0121_016  -0.094 -11.380 -11.474
HIS01A0121_017  -0.114 -11.357 -11.471
HIS01A0121_018  -0.206 -11.453 -11.659
HIS01A0121_019  -0.270 -11.809 -12.079
HIS02A0121_020  -0.258 -11.370 -11.628
HIS02A0121_021  -0.257 -11.029 -11.286
HIS02A0121_022  -0.358 -11.638 -11.997
HIS02A0121_023  -0.221 -11.832 -12.053
HIS02A0121_024  -0.216 -11.346 -11.562
HIS02A0121_025  -0.133 -11.856 -11.989
HIS02A0121_026  -0.114 -11.236 -11.350
HIS02A0121_027  -0.357 -11.320 -11.677
HIS02A0121_028  -0.226 -11.689 -11.915
HIS02A0121_029  -0.223 -11.250 -11.473
HIS02A0121_030  -0.251 -11.344 -11.595
HIS02A0121_031  -0.137 -11.544 -11.680
HIS02A0121_032  -0.288 -12.162 -12.450
HIS02A0121_033  -0.118 -11.558 -11.676
HIS02A0121_034  -0.135 -11.337 -11.472
HIS02A0121_035  -0.115 -11.333 -11.448
HIS02A0121_036  -0.359 -11.548 -11.907
HIS02A0121_037  -0.136 -10.905 -11.041
HIS02A0121_038  -0.290 -11.891 -12.181
HIS+1A0121_039  -0.285 -11.370 -11.655
HIS+1A0121_040  -0.283 -11.029 -11.312
HIS+1A0121_041  -0.385 -11.706 -12.091
HIS+1A0121_042  -0.247 -11.900 -12.147
HIS+1A0121_043  -0.315 -12.162 -12.477
HIS+1A0121_044  -0.141 -11.558 -11.699
HIS+1A0121_045  -0.142 -11.336 -11.478
HIS+1A0121_046  -0.277 -11.396 -11.673
HIS+1A0121_047  -0.163 -11.497 -11.659
HIS+1A0121_048  -0.242 -11.365 -11.607
HIS+1A0121_049  -0.140 -11.333 -11.473
HIS+1A0121_050  -0.385 -11.388 -11.772
HIS+1A0121_051  -0.162 -11.409 -11.570
HIS+1A0121_052  -0.145 -11.732 -11.877
HIS+1A0121_053  -0.252 -11.668 -11.921
HIS+1A0121_054  -0.386 -11.548 -11.934
HIS+1A0121_055  -0.250 -11.318 -11.567
HIS+1A0121_056  -0.164 -10.905 -11.069
HIS+1A0121_057  -0.317 -11.891 -12.208
