iConf CONFORMER     FL  occ    crg   Em0  pKa0 ne nH    vdw0    vdw1    tors    epol   dsolv   extra    history
00001 TYR01A0027_001 f 0.00  0.000     0  0.00  0  0 -10.584  -0.360   0.396   0.004  -0.107   0.000 01O000M000t
00002 TYR01A0027_002 f 0.00  0.000     0  0.00  0  0 -10.564   2.190   2.373   0.011  -0.106   0.000 01E003M000t
00003 TYR01A0027_003 f 0.00  0.000     0  0.00  0  0 -10.591  -0.008   0.374   0.027  -0.110   0.000 01E002M000t
00004 TYR01A0027_004 f 0.00  0.000     0  0.00  0  0 -10.499   3.194   0.397   0.057  -0.109   0.000 01T004M000t
00005 TYR01A0027_005 f 0.00  0.000     0  0.00  0  0 -10.661   3.482   2.376   0.064  -0.106   0.000 01T005M000t
00006 TYR01A0027_006 f 0.00  0.000     0  0.00  0  0 -11.545   0.146   0.355   0.023  -0.108   0.000 01T007M000t
00007 TYR01A0027_007 f 0.00  0.000     0  0.00  0  0 -10.830   2.748   2.371   0.036  -0.112   0.000 01T009M000t
00008 TYR01A0027_008 f 0.00  0.000     0  0.00  0  0 -10.813   0.474   2.375   0.011  -0.109   0.000 01T001M000t
00009 TYR01A0027_009 f 0.00  0.000     0  0.00  0  0 -10.022   0.847   2.366   0.025  -0.118   0.000 01T006M000t
00010 TYR01A0027_010 f 0.00  0.000     0  0.00  0  0 -11.225   3.633   0.278   0.033  -0.110   0.000 01T008M000t
00011 TYR-1A0027_011 f 0.00 -1.000     0 10.20  0 -1 -10.584  -0.360   0.396  -0.063  -0.978   0.000 -1O000M000t
00012 TYR-1A0027_012 f 0.00 -1.000     0 10.20  0 -1 -10.569   2.171   2.366  -0.018  -0.974   0.000 -1E003M000t
00013 TYR-1A0027_013 f 0.00 -1.000     0 10.20  0 -1 -10.449   3.524   2.369   0.104  -0.967   0.000 -1E005M000t
00014 TYR-1A0027_014 f 0.00 -1.000     0 10.20  0 -1 -11.328   3.581   0.278  -0.038  -0.987   0.000 -1E008M000t
00015 TYR-1A0027_015 f 0.00 -1.000     0 10.20  0 -1 -10.816   0.474   2.370  -0.066  -0.981   0.000 -1T001M000t
00016 TYR-1A0027_016 f 0.00 -1.000     0 10.20  0 -1 -10.711   0.006   0.369  -0.041  -0.984   0.000 -1T002M000t
00017 TYR-1A0027_017 f 0.00 -1.000     0 10.20  0 -1 -10.588   3.129   0.397   0.109  -0.977   0.000 -1T004M000t
00018 TYR-1A0027_018 f 0.00 -1.000     0 10.20  0 -1 -10.023   0.849   2.358  -0.056  -0.991   0.000 -1T006M000t
00019 TYR-1A0027_019 f 0.00 -1.000     0 10.20  0 -1 -11.543   0.138   0.348  -0.047  -0.984   0.000 -1T007M000t
00020 TYR-1A0027_020 f 0.00 -1.000     0 10.20  0 -1 -10.886   2.740   2.362  -0.006  -0.979   0.000 -1T009M000t
