   confID        vdw0    sas     sum
TYR01A0027_001   3.863 -14.447 -10.584
TYR01A0027_002   3.879 -14.443 -10.564
TYR01A0027_003   3.867 -14.458 -10.591
TYR01A0027_004   3.875 -14.374 -10.499
TYR01A0027_005   3.880 -14.541 -10.661
TYR01A0027_006   3.780 -15.325 -11.545
TYR01A0027_007   3.776 -14.606 -10.830
TYR01A0027_008   3.864 -14.677 -10.813
TYR01A0027_009   3.770 -13.791 -10.022
TYR01A0027_010   3.518 -14.743 -11.225
TYR-1A0027_011   3.863 -14.447 -10.584
TYR-1A0027_012   3.874 -14.443 -10.569
TYR-1A0027_013   3.872 -14.321 -10.449
TYR-1A0027_014   3.516 -14.844 -11.328
TYR-1A0027_015   3.861 -14.677 -10.816
TYR-1A0027_016   3.857 -14.567 -10.711
TYR-1A0027_017   3.871 -14.458 -10.588
TYR-1A0027_018   3.769 -13.791 -10.023
TYR-1A0027_019   3.782 -15.325 -11.543
TYR-1A0027_020   3.788 -14.674 -10.886
