CONFORMER         crg  vdw0  vdw1  tors  epol  self   occ  Hb     history    ASA
TYR01A0091_001  0.000-11.05  0.09  0.08  0.00-10.87 0.556  00  01O000M000  1.000
TYR01A0091_002  0.000-11.05  0.09  0.08  0.00-10.87 0.556  00  01O000M000  1.000
TYR01A0091_003  0.000-11.39  1.34  0.06  0.00 -9.98 0.556  00  01E007M000  1.000
TYR01A0091_004  0.000-10.54  3.35  2.72  0.00 -4.48 0.553  00  01T001M000  1.000
TYR01A0091_005  0.000-10.98  0.10  0.07  0.00-10.81 0.555  00  01T003M000  1.000
TYR01A0091_006  0.000-10.25  1.16  0.07  0.00 -9.02 0.551  00  01T002M000  1.000
TYR01A0091_007  0.000-11.00  0.82  2.72  0.00 -7.46 0.561  00  01T004M000  1.000
TYR01A0091_008  0.000-11.69  4.71  0.06  0.00 -6.92 0.555  00  01T005M000  1.000
TYR01A0091_009  0.000-11.35  7.69  0.12  0.00 -3.53 0.554  00  01T006M000  1.000
TYR01A0091_010  0.000-11.09  2.06  2.72  0.00 -6.31 0.558  00  01T008M000  1.000
TYR-1A0091_011 -1.000-11.05  0.09  0.08  0.00-10.87 0.556  00  -1O000M000  1.000
TYR-1A0091_012 -1.000-10.93  0.14  0.07  0.00-10.72 0.555  00  -1E003M000  1.000
TYR-1A0091_013 -1.000-10.93  0.82  2.71  0.00 -7.40 0.561  00  -1E004M000  1.000
TYR-1A0091_014 -1.000-11.71  4.73  0.06  0.00 -6.93 0.555  00  -1E005M000  1.000
TYR-1A0091_015 -1.000-11.20  7.13  0.13  0.00 -3.95 0.554  00  -1E006M000  1.000
TYR-1A0091_016 -1.000-11.41  1.33  0.06  0.00-10.03 0.556  00  -1E007M000  1.000
TYR-1A0091_017 -1.000-11.04  2.11  2.71  0.00 -6.21 0.558  00  -1E008M000  1.000
TYR-1A0091_018 -1.000-10.54  3.34  2.71  0.00 -4.49 0.553  00  -1T001M000  1.000
TYR-1A0091_019 -1.000-10.25  1.16  0.07  0.00 -9.01 0.551  00  -1T002M000  1.000
