iConf CONFORMER     FL  occ    crg   Em0  pKa0 ne nH    vdw0    vdw1    tors    epol   dsolv   extra    history
00001 TYR01A0091_001 f 0.00  0.000     0  0.00  0  0 -11.045   0.094   0.078   0.025  -0.362   0.000 01O000M000t
00002 TYR01A0091_002 f 0.00  0.000     0  0.00  0  0 -11.045   0.094   0.078   0.023  -0.365   0.000 01O000M000t
00003 TYR01A0091_003 f 0.00  0.000     0  0.00  0  0 -11.383   1.349   0.061   0.004  -0.373   0.000 01E007M000t
00004 TYR01A0091_004 f 0.00  0.000     0  0.00  0  0 -10.549   3.350   2.716   0.069  -0.368   0.000 01T001M000t
00005 TYR01A0091_005 f 0.00  0.000     0  0.00  0  0 -10.978   0.097   0.074  -0.000  -0.364   0.000 01T003M000t
00006 TYR01A0091_006 f 0.00  0.000     0  0.00  0  0 -10.244   1.158   0.073   0.115  -0.359   0.000 01T002M000t
00007 TYR01A0091_007 f 0.00  0.000     0  0.00  0  0 -11.066   0.823   2.717   0.037  -0.379   0.000 01T004M000t
00008 TYR01A0091_008 f 0.00  0.000     0  0.00  0  0 -11.688   4.700   0.061   0.038  -0.367   0.000 01T005M000t
00009 TYR01A0091_009 f 0.00  0.000     0  0.00  0  0 -11.347   7.698   0.122   0.059  -0.392   0.000 01T006M000t
00010 TYR01A0091_010 f 0.00  0.000     0  0.00  0  0 -11.093   2.068   2.716   0.031  -0.372   0.000 01T008M000t
00011 TYR-1A0091_011 f 0.00 -1.000     0 10.20  0 -1 -11.045   0.094   0.078  -0.055  -3.007   0.000 -1O000M000t
00012 TYR-1A0091_012 f 0.00 -1.000     0 10.20  0 -1 -10.936   0.139   0.073  -0.106  -3.027   0.000 -1E003M000t
00013 TYR-1A0091_013 f 0.00 -1.000     0 10.20  0 -1 -10.940   0.821   2.715  -0.055  -3.030   0.000 -1E004M000t
00014 TYR-1A0091_014 f 0.00 -1.000     0 10.20  0 -1 -11.708   4.737   0.058  -0.042  -3.031   0.000 -1E005M000t
00015 TYR-1A0091_015 f 0.00 -1.000     0 10.20  0 -1 -11.211   7.134   0.126  -0.049  -3.033   0.000 -1E006M000t
00016 TYR-1A0091_016 f 0.00 -1.000     0 10.20  0 -1 -11.411   1.326   0.058  -0.096  -3.027   0.000 -1E007M000t
00017 TYR-1A0091_017 f 0.00 -1.000     0 10.20  0 -1 -11.036   2.121   2.714  -0.055  -3.028   0.000 -1E008M000t
00018 TYR-1A0091_018 f 0.00 -1.000     0 10.20  0 -1 -10.541   3.337   2.715   0.063  -3.007   0.000 -1T001M000t
00019 TYR-1A0091_019 f 0.00 -1.000     0 10.20  0 -1 -10.254   1.159   0.073   0.203  -2.986   0.000 -1T002M000t
