   confID        vdw0    sas     sum
TYR01A0091_001   3.503 -14.547 -11.045
TYR01A0091_002   3.503 -14.547 -11.045
TYR01A0091_003   3.360 -14.743 -11.383
TYR01A0091_004   3.525 -14.074 -10.549
TYR01A0091_005   3.515 -14.493 -10.978
TYR01A0091_006   3.533 -13.777 -10.244
TYR01A0091_007   3.494 -14.560 -11.066
TYR01A0091_008   3.123 -14.811 -11.688
TYR01A0091_009   3.093 -14.440 -11.347
TYR01A0091_010   3.352 -14.445 -11.093
TYR-1A0091_011   3.503 -14.547 -11.045
TYR-1A0091_012   3.507 -14.443 -10.936
TYR-1A0091_013   3.492 -14.432 -10.940
TYR-1A0091_014   3.121 -14.828 -11.708
TYR-1A0091_015   3.084 -14.295 -11.211
TYR-1A0091_016   3.356 -14.767 -11.411
TYR-1A0091_017   3.358 -14.395 -11.036
TYR-1A0091_018   3.533 -14.074 -10.541
TYR-1A0091_019   3.523 -13.777 -10.254
