CONFORMER         crg  vdw0  vdw1  tors  epol  self   occ  Hb     history    ASA
LYS01A0053_001  0.000-11.32  0.39  1.21  0.00 -9.72 0.503  00  01O000M000  1.000
LYS01A0053_002  0.000 -9.78  4.55  1.66  0.00 -3.57 0.502  00  01E023M000  1.000
LYS01A0053_003  0.000-10.35  1.08  3.24  0.00 -6.03 0.502  00  01E04FM000  1.000
LYS01A0053_004  0.000 -9.59  2.10  6.11  0.00 -1.38 0.502  00  01E077M000  1.000
LYS01A0053_005  0.000-11.46  2.73  2.87  0.00 -5.86 0.502  00  01E082M000  1.000
LYS01A0053_006  0.000 -9.02  0.30  1.50  0.00 -7.22 0.502  00  01E093M000  1.000
LYS01A0053_007  0.000 -8.56  0.97  5.69  0.00 -1.89 0.502  00  01E099M000  1.000
LYS01A0053_008  0.000 -8.49  1.11  3.93  0.00 -3.45 0.502  00  01E0A1M000  1.000
LYS01A0053_009  0.000 -6.92  1.94  4.10  0.00 -0.89 0.502  00  01E0F0M000  1.000
LYS01A0053_010  0.000-11.62  2.35  3.53  0.00 -5.74 0.501  00  01T00BM000  1.000
LYS01A0053_011  0.000-11.90  4.82  3.38  0.00 -3.70 0.501  00  01T00CM000  1.000
LYS01A0053_012  0.000-10.41  1.07  3.87  0.00 -5.47 0.501  00  01T018M000  1.000
LYS01A0053_013  0.000-10.64  1.76  4.04  0.00 -4.84 0.502  00  01T039M000  1.000
LYS01A0053_014  0.000 -9.54  1.99  4.18  0.00 -3.37 0.502  00  01T03EM000  1.000
LYS01A0053_015  0.000-10.91  1.07  4.91  0.00 -4.93 0.502  00  01T04EM000  1.000
LYS01A0053_016  0.000 -8.35  1.96  3.99  0.00 -2.41 0.502  00  01T079M000  1.000
LYS01A0053_017  0.000 -9.32  0.58  3.66  0.00 -5.08 0.502  00  01T0C8M000  1.000
LYS01A0053_018  0.000 -6.42  1.43  3.90  0.00 -1.09 0.502  00  01T0DFM000  1.000
LYS01A0053_019  0.000 -8.92  2.80  1.77  0.00 -4.36 0.502  00  01T0FCM000  1.000
LYS+1A0053_020  1.000-11.37  0.39  1.21  0.00 -9.77 0.503  00  +1O000M000  1.000
LYS+1A0053_021  1.000-10.58  1.07  3.88  0.00 -5.63 0.501  00  +1E018M000  1.000
LYS+1A0053_022  1.000 -9.65  1.99  4.20  0.00 -3.46 0.502  00  +1E03EM000  1.000
LYS+1A0053_023  1.000-11.07  1.07  5.02  0.00 -4.97 0.502  00  +1E04EM000  1.000
LYS+1A0053_024  1.000 -9.69  2.11  6.17  0.00 -1.40 0.502  00  +1E077M000  1.000
LYS+1A0053_025  1.000 -8.37  1.95  4.00  0.00 -2.42 0.502  00  +1E079M000  1.000
LYS+1A0053_026  1.000-11.51  2.73  2.99  0.00 -5.78 0.502  00  +1E082M000  1.000
LYS+1A0053_027  1.000 -8.99  0.29  1.51  0.00 -7.19 0.502  00  +1E093M000  1.000
LYS+1A0053_028  1.000 -8.65  0.97  5.72  0.00 -1.95 0.502  00  +1E099M000  1.000
LYS+1A0053_029  1.000 -9.33  0.61  3.73  0.00 -4.99 0.502  00  +1E0C8M000  1.000
LYS+1A0053_030  1.000 -6.40  1.39  3.90  0.00 -1.11 0.502  00  +1E0DFM000  1.000
LYS+1A0053_031  1.000 -8.96  2.81  1.79  0.00 -4.37 0.502  00  +1E0FCM000  1.000
LYS+1A0053_032  1.000-11.77  2.35  3.53  0.00 -5.89 0.501  00  +1T00BM000  1.000
LYS+1A0053_033  1.000 -9.95  4.54  1.67  0.00 -3.74 0.502  00  +1T023M000  1.000
LYS+1A0053_034  1.000-10.64  1.75  4.04  0.00 -4.85 0.502  00  +1T039M000  1.000
LYS+1A0053_035  1.000-10.13  1.08  3.26  0.00 -5.80 0.502  00  +1T04FM000  1.000
LYS+1A0053_036  1.000-11.51  2.94  5.46  0.00 -3.11 0.502  00  +1T073M000  1.000
LYS+1A0053_037  1.000 -8.48  1.10  3.93  0.00 -3.45 0.502  00  +1T0A1M000  1.000
LYS+1A0053_038  1.000 -7.02  1.93  4.10  0.00 -0.99 0.502  00  +1T0F0M000  1.000
