iConf CONFORMER     FL  occ    crg   Em0  pKa0 ne nH    vdw0    vdw1    tors    epol   dsolv   extra    history
00001 LYS01A0053_001 f 0.00  0.000     0  0.00  0  0 -11.320   0.445   1.213  -0.005  -0.062   0.000 01O000M000t
00002 LYS01A0053_002 f 0.00  0.000     0  0.00  0  0  -9.781   4.605   1.662   0.001  -0.063   0.000 01E023M000t
00003 LYS01A0053_003 f 0.00  0.000     0  0.00  0  0 -10.284   1.133   3.246   0.001  -0.059   0.000 01E04FM000t
00004 LYS01A0053_004 f 0.00  0.000     0  0.00  0  0  -9.594   2.105   6.110  -0.006  -0.064   0.000 01E077M000t
00005 LYS01A0053_005 f 0.00  0.000     0  0.00  0  0 -11.459   2.780   2.865  -0.007  -0.061   0.000 01E082M000t
00006 LYS01A0053_006 f 0.00  0.000     0  0.00  0  0  -9.025   0.354   1.496  -0.001  -0.058   0.000 01E093M000t
00007 LYS01A0053_007 f 0.00  0.000     0  0.00  0  0  -8.609   1.029   5.695  -0.003  -0.063   0.000 01E099M000t
00008 LYS01A0053_008 f 0.00  0.000     0  0.00  0  0  -8.494   1.165   3.925  -0.002  -0.061   0.000 01E0A1M000t
00009 LYS01A0053_009 f 0.00  0.000     0  0.00  0  0  -6.921   1.940   4.098  -0.005  -0.056   0.000 01E0F0M000t
00010 LYS01A0053_010 f 0.00  0.000     0  0.00  0  0 -11.613   2.352   3.526  -0.006  -0.061   0.000 01T00BM000t
00011 LYS01A0053_011 f 0.00  0.000     0  0.00  0  0 -11.900   4.827   3.382  -0.007  -0.063   0.000 01T00CM000t
00012 LYS01A0053_012 f 0.00  0.000     0  0.00  0  0 -10.357   1.121   3.865  -0.005  -0.062   0.000 01T018M000t
00013 LYS01A0053_013 f 0.00  0.000     0  0.00  0  0 -10.646   1.764   4.040  -0.009  -0.061   0.000 01T039M000t
00014 LYS01A0053_014 f 0.00  0.000     0  0.00  0  0  -9.543   1.989   4.182  -0.003  -0.062   0.000 01T03EM000t
00015 LYS01A0053_015 f 0.00  0.000     0  0.00  0  0 -10.907   1.125   4.909  -0.004  -0.062   0.000 01T04EM000t
00016 LYS01A0053_016 f 0.00  0.000     0  0.00  0  0  -8.354   1.963   3.986  -0.001  -0.060   0.000 01T079M000t
00017 LYS01A0053_017 f 0.00  0.000     0  0.00  0  0  -9.322   0.583   3.655  -0.003  -0.059   0.000 01T0C8M000t
00018 LYS01A0053_018 f 0.00  0.000     0  0.00  0  0  -6.410   1.431   3.896  -0.003  -0.053   0.000 01T0DFM000t
00019 LYS01A0053_019 f 0.00  0.000     0  0.00  0  0  -8.919   2.853   1.768  -0.004  -0.057   0.000 01T0FCM000t
00020 LYS+1A0053_020 f 0.00  1.000     0 10.40  0  1 -11.371   0.444   1.213   0.034  -1.011   0.000 +1O000M000t
00021 LYS+1A0053_021 f 0.00  1.000     0 10.40  0  1 -10.572   1.125   3.880   0.032  -1.011   0.000 +1E018M000t
00022 LYS+1A0053_022 f 0.00  1.000     0 10.40  0  1  -9.655   1.994   4.201   0.034  -1.014   0.000 +1E03EM000t
00023 LYS+1A0053_023 f 0.00  1.000     0 10.40  0  1 -11.069   1.130   5.019   0.040  -1.007   0.000 +1E04EM000t
00024 LYS+1A0053_024 f 0.00  1.000     0 10.40  0  1  -9.684   2.118   6.172   0.043  -1.012   0.000 +1E077M000t
00025 LYS+1A0053_025 f 0.00  1.000     0 10.40  0  1  -8.311   1.961   3.998   0.079  -0.983   0.000 +1E079M000t
00026 LYS+1A0053_026 f 0.00  1.000     0 10.40  0  1 -11.509   2.781   2.992   0.062  -1.003   0.000 +1E082M000t
00027 LYS+1A0053_027 f 0.00  1.000     0 10.40  0  1  -8.986   0.346   1.507   0.052  -0.989   0.000 +1E093M000t
00028 LYS+1A0053_028 f 0.00  1.000     0 10.40  0  1  -8.653   1.029   5.724   0.034  -1.005   0.000 +1E099M000t
00029 LYS+1A0053_029 f 0.00  1.000     0 10.40  0  1  -9.330   0.609   3.736   0.042  -0.986   0.000 +1E0C8M000t
00030 LYS+1A0053_030 f 0.00  1.000     0 10.40  0  1  -6.463   1.395   3.895   0.165  -0.953   0.000 +1E0DFM000t
00031 LYS+1A0053_031 f 0.00  1.000     0 10.40  0  1  -8.961   2.871   1.787   0.073  -0.973   0.000 +1E0FCM000t
00032 LYS+1A0053_032 f 0.00  1.000     0 10.40  0  1 -11.768   2.348   3.535   0.075  -1.010   0.000 +1T00BM000t
00033 LYS+1A0053_033 f 0.00  1.000     0 10.40  0  1  -9.953   4.595   1.669   0.003  -1.010   0.000 +1T023M000t
00034 LYS+1A0053_034 f 0.00  1.000     0 10.40  0  1 -10.648   1.755   4.041   0.100  -1.003   0.000 +1T039M000t
00035 LYS+1A0053_035 f 0.00  1.000     0 10.40  0  1 -10.138   1.133   3.257   0.060  -1.000   0.000 +1T04FM000t
00036 LYS+1A0053_036 f 0.00  1.000     0 10.40  0  1 -11.517   2.943   5.464   0.064  -1.020   0.000 +1T073M000t
00037 LYS+1A0053_037 f 0.00  1.000     0 10.40  0  1  -8.497   1.159   3.926   0.064  -0.991   0.000 +1T0A1M000t
00038 LYS+1A0053_038 f 0.00  1.000     0 10.40  0  1  -7.016   1.936   4.097   0.039  -0.983   0.000 +1T0F0M000t
