   confID        vdw0    sas     sum
LYS01A0053_001   1.146 -12.466 -11.320
LYS01A0053_002   2.161 -11.942  -9.781
LYS01A0053_003   1.891 -12.174 -10.284
LYS01A0053_004   2.615 -12.209  -9.594
LYS01A0053_005   1.304 -12.763 -11.459
LYS01A0053_006   3.426 -12.451  -9.025
LYS01A0053_007   3.426 -12.035  -8.609
LYS01A0053_008   3.896 -12.391  -8.494
LYS01A0053_009   4.961 -11.882  -6.921
LYS01A0053_010   0.988 -12.601 -11.613
LYS01A0053_011   0.734 -12.634 -11.900
LYS01A0053_012   2.283 -12.640 -10.357
LYS01A0053_013   2.087 -12.734 -10.646
LYS01A0053_014   2.981 -12.524  -9.543
LYS01A0053_015   1.530 -12.437 -10.907
LYS01A0053_016   3.447 -11.801  -8.354
LYS01A0053_017   3.106 -12.428  -9.322
LYS01A0053_018   5.260 -11.670  -6.410
LYS01A0053_019   3.436 -12.356  -8.919
LYS+1A0053_020   1.096 -12.466 -11.371
LYS+1A0053_021   2.225 -12.798 -10.572
LYS+1A0053_022   2.886 -12.540  -9.655
LYS+1A0053_023   1.504 -12.572 -11.069
LYS+1A0053_024   2.589 -12.273  -9.684
LYS+1A0053_025   3.423 -11.734  -8.311
LYS+1A0053_026   1.254 -12.763 -11.509
LYS+1A0053_027   3.413 -12.400  -8.986
LYS+1A0053_028   3.436 -12.090  -8.653
LYS+1A0053_029   3.059 -12.390  -9.330
LYS+1A0053_030   5.169 -11.632  -6.463
LYS+1A0053_031   3.394 -12.356  -8.961
LYS+1A0053_032   0.940 -12.708 -11.768
LYS+1A0053_033   2.104 -12.057  -9.953
LYS+1A0053_034   2.034 -12.682 -10.648
LYS+1A0053_035   1.798 -11.936 -10.138
LYS+1A0053_036   1.265 -12.782 -11.517
LYS+1A0053_037   3.894 -12.391  -8.497
LYS+1A0053_038   4.904 -11.921  -7.016
