iConf CONFORMER     FL  occ    crg   Em0  pKa0 ne nH    vdw0    vdw1    tors    epol   dsolv   extra    history
00001 TYR01A0113_001 f 0.00  0.000     0  0.00  0  0  -9.793   0.598   0.066  -0.001  -0.108   0.000 01O000M000t
00002 TYR01A0113_002 f 0.00  0.000     0  0.00  0  0  -9.048   2.356   2.729   0.002  -0.111   0.000 01E003M000t
00003 TYR01A0113_003 f 0.00  0.000     0  0.00  0  0  -9.679   4.685   0.051   0.065  -0.105   0.000 01E009M000t
00004 TYR01A0113_004 f 0.00  0.000     0  0.00  0  0 -10.174   3.691   2.721   0.009  -0.110   0.000 01T00BM000t
00005 TYR01A0113_005 f 0.00  0.000     0  0.00  0  0 -10.035   4.555   0.051   0.070  -0.105   0.000 01T00AM000t
00006 TYR01A0113_006 f 0.00  0.000     0  0.00  0  0  -9.404   2.348   2.729  -0.002  -0.111   0.000 01T00CM000t
00007 TYR01A0113_007 f 0.00  0.000     0  0.00  0  0 -10.428   5.148   2.728   0.006  -0.109   0.000 01T001M000t
00008 TYR01A0113_008 f 0.00  0.000     0  0.00  0  0 -10.540   5.088   2.727  -0.003  -0.109   0.000 01T007M000t
00009 TYR01A0113_009 f 0.00  0.000     0  0.00  0  0  -9.842   3.609   2.721   0.010  -0.112   0.000 01T00DM000t
00010 TYR01A0113_010 f 0.00  0.000     0  0.00  0  0  -9.847   2.194   0.058   0.032  -0.108   0.000 01T002M000t
00011 TYR01A0113_011 f 0.00  0.000     0  0.00  0  0 -10.669   7.797   0.023   0.009  -0.104   0.000 01T004M000t
00012 TYR01A0113_012 f 0.00  0.000     0  0.00  0  0  -9.876   0.572   0.061  -0.001  -0.111   0.000 01T005M000t
00013 TYR01A0113_013 f 0.00  0.000     0  0.00  0  0 -10.271   6.719   0.028   0.001  -0.119   0.000 01T006M000t
00014 TYR01A0113_014 f 0.00  0.000     0  0.00  0  0  -9.900   2.109   0.059   0.023  -0.109   0.000 01T008M000t
00015 TYR-1A0113_015 f 0.00 -1.000     0 10.20  0 -1  -9.793   0.598   0.066  -0.063  -0.980   0.000 -1O000M000t
00016 TYR-1A0113_016 f 0.00 -1.000     0 10.20  0 -1 -10.426   5.129   2.726  -0.054  -0.976   0.000 -1E001M000t
00017 TYR-1A0113_017 f 0.00 -1.000     0 10.20  0 -1  -9.746   0.570   0.060  -0.061  -0.979   0.000 -1E005M000t
00018 TYR-1A0113_018 f 0.00 -1.000     0 10.20  0 -1 -10.221   6.733   0.025  -0.057  -0.981   0.000 -1E006M000t
00019 TYR-1A0113_019 f 0.00 -1.000     0 10.20  0 -1 -10.550   5.087   2.726  -0.053  -0.978   0.000 -1E007M000t
00020 TYR-1A0113_020 f 0.00 -1.000     0 10.20  0 -1  -9.854   2.151   0.058   0.057  -0.972   0.000 -1E008M000t
00021 TYR-1A0113_021 f 0.00 -1.000     0 10.20  0 -1  -9.794   4.642   0.048   0.142  -0.969   0.000 -1E009M000t
00022 TYR-1A0113_022 f 0.00 -1.000     0 10.20  0 -1  -9.561   2.336   2.727  -0.025  -0.983   0.000 -1E00CM000t
00023 TYR-1A0113_023 f 0.00 -1.000     0 10.20  0 -1  -9.875   3.630   2.717  -0.013  -0.980   0.000 -1E00DM000t
00024 TYR-1A0113_024 f 0.00 -1.000     0 10.20  0 -1  -9.845   2.186   0.058   0.058  -0.979   0.000 -1T002M000t
00025 TYR-1A0113_025 f 0.00 -1.000     0 10.20  0 -1  -9.017   2.357   2.728  -0.025  -0.983   0.000 -1T003M000t
00026 TYR-1A0113_026 f 0.00 -1.000     0 10.20  0 -1 -10.612   7.764   0.022  -0.058  -0.983   0.000 -1T004M000t
00027 TYR-1A0113_027 f 0.00 -1.000     0 10.20  0 -1 -10.030   4.501   0.048   0.143  -0.968   0.000 -1T00AM000t
00028 TYR-1A0113_028 f 0.00 -1.000     0 10.20  0 -1 -10.167   3.693   2.719  -0.014  -0.984   0.000 -1T00BM000t
