iConf CONFORMER     FL  occ    crg   Em0  pKa0 ne nH    vdw0    vdw1    tors    epol   dsolv   extra    history
00001 ARG01A0105_001 f 0.00  0.000     0  0.00  0  0 -13.126   0.768   0.587  -0.162  -1.194   0.000 01O000M000t
00002 ARG01A0105_002 f 0.00  0.000     0  0.00  0  0 -13.007   0.837   0.472   0.003  -1.260   0.000 01E00FM000t
00003 ARG01A0105_003 f 0.00  0.000     0  0.00  0  0 -13.054   0.519   1.247   0.054  -1.305   0.000 01E04FM000t
00004 ARG01A0105_004 f 0.00  0.000     0  0.00  0  0 -12.841   1.280   3.136   0.014  -1.268   0.000 01E054M000t
00005 ARG01A0105_005 f 0.00  0.000     0  0.00  0  0 -12.560   1.899   3.926   0.019  -1.270   0.000 01E057M000t
00006 ARG01A0105_006 f 0.00  0.000     0  0.00  0  0 -12.917   0.712   0.595  -0.026  -1.240   0.000 01E07FM000t
00007 ARG01A0105_007 f 0.00  0.000     0  0.00  0  0 -10.736   0.493   3.755   0.055  -1.280   0.000 01E0B0M000t
00008 ARG01A0105_008 f 0.00  0.000     0  0.00  0  0 -10.747   0.918   3.199   0.008  -1.213   0.000 01E0C4M000t
00009 ARG01A0105_009 f 0.00  0.000     0  0.00  0  0 -13.718   4.405   0.836  -0.107  -1.166   0.000 01E107M000t
00010 ARG01A0105_010 f 0.00  0.000     0  0.00  0  0 -12.358   1.248   3.208  -0.028  -1.289   0.000 01E108M000t
00011 ARG01A0105_011 f 0.00  0.000     0  0.00  0  0 -12.801   3.892   3.152  -0.004  -1.241   0.000 01E111M000t
00012 ARG01A0105_012 f 0.00  0.000     0  0.00  0  0 -13.204   6.209   0.636   0.011  -1.284   0.000 01T011M000t
00013 ARG01A0105_013 f 0.00  0.000     0  0.00  0  0 -12.226   0.573   3.089   0.012  -1.252   0.000 01T01CM000t
00014 ARG01A0105_014 f 0.00  0.000     0  0.00  0  0 -12.607   0.463   0.469   0.006  -1.269   0.000 01T02EM000t
00015 ARG01A0105_015 f 0.00  0.000     0  0.00  0  0 -13.415   1.768   3.345   0.041  -1.291   0.000 01T047M000t
00016 ARG01A0105_016 f 0.00  0.000     0  0.00  0  0 -12.097   1.019   1.246   0.012  -1.281   0.000 01T072M000t
00017 ARG01A0105_017 f 0.00  0.000     0  0.00  0  0 -12.446   0.821   3.226   0.008  -1.310   0.000 01T081M000t
00018 ARG01A0105_018 f 0.00  0.000     0  0.00  0  0 -11.228   0.695   3.813   0.023  -1.248   0.000 01T0E4M000t
00019 ARG01A0105_019 f 0.00  0.000     0  0.00  0  0 -12.676   0.596   0.627  -0.013  -1.275   0.000 01T0E9M000t
00020 ARG01A0105_020 f 0.00  0.000     0  0.00  0  0 -12.070   4.583   3.171   0.009  -1.252   0.000 01T13FM000t
00021 ARG02A0105_021 f 0.00  0.000     0  0.00  0  0 -13.140   0.777   0.587  -0.104  -1.029   0.000 02O000M000t
00022 ARG02A0105_022 f 0.00  0.000     0  0.00  0  0 -12.885   6.475   0.607   0.002  -1.158   0.000 02E011M000t
00023 ARG02A0105_023 f 0.00  0.000     0  0.00  0  0 -12.362   0.612   3.013   0.023  -1.214   0.000 02E01CM000t
00024 ARG02A0105_024 f 0.00  0.000     0  0.00  0  0 -12.347   1.030   1.085   0.012  -1.268   0.000 02E072M000t
00025 ARG02A0105_025 f 0.00  0.000     0  0.00  0  0 -13.011   1.279   3.121   0.010  -1.106   0.000 02T054M000t
00026 ARG02A0105_026 f 0.00  0.000     0  0.00  0  0 -12.599   0.828   3.208   0.022  -1.096   0.000 02T081M000t
00027 ARG02A0105_027 f 0.00  0.000     0  0.00  0  0 -13.197   3.901   3.146   0.016  -1.102   0.000 02T111M000t
00028 ARG02A0105_028 f 0.00  0.000     0  0.00  0  0 -12.619   0.456   0.467   0.008  -1.075   0.000 02T02EM000t
00029 ARG02A0105_029 f 0.00  0.000     0  0.00  0  0 -13.155   1.860   3.275   0.034  -1.091   0.000 02T047M000t
00030 ARG02A0105_030 f 0.00  0.000     0  0.00  0  0 -12.671   1.905   3.838   0.020  -1.119   0.000 02T057M000t
00031 ARG02A0105_031 f 0.00  0.000     0  0.00  0  0 -13.984   4.955   0.701   0.082  -1.022   0.000 02T107M000t
00032 ARG02A0105_032 f 0.00  0.000     0  0.00  0  0 -10.667   0.457   3.738  -0.018  -1.178   0.000 02T0B0M000t
00033 ARG02A0105_033 f 0.00  0.000     0  0.00  0  0 -12.130   4.563   3.123   0.025  -1.198   0.000 02T13FM000t
00034 ARG02A0105_034 f 0.00  0.000     0  0.00  0  0 -12.929   0.846   0.470   0.001  -1.224   0.000 02T00FM000t
00035 ARG02A0105_035 f 0.00  0.000     0  0.00  0  0 -12.520   0.749   1.091   0.038  -1.200   0.000 02T04FM000t
00036 ARG02A0105_036 f 0.00  0.000     0  0.00  0  0 -12.613   0.685   0.525   0.006  -1.233   0.000 02T07FM000t
00037 ARG02A0105_037 f 0.00  0.000     0  0.00  0  0 -10.922   0.916   3.155  -0.026  -1.114   0.000 02T0C4M000t
00038 ARG02A0105_038 f 0.00  0.000     0  0.00  0  0 -11.250   0.721   3.795   0.010  -1.153   0.000 02T0E4M000t
00039 ARG02A0105_039 f 0.00  0.000     0  0.00  0  0 -12.501   0.510   0.457   0.014  -1.214   0.000 02T0E9M000t
00040 ARG02A0105_040 f 0.00  0.000     0  0.00  0  0 -12.441   1.211   3.196   0.051  -1.191   0.000 02T108M000t
00041 ARG03A0105_041 f 0.00  0.000     0  0.00  0  0 -12.616   0.668   0.524  -0.009  -1.129   0.000 03E07FM000t
00042 ARG03A0105_042 f 0.00  0.000     0  0.00  0  0 -12.352   4.566   3.120   0.024  -1.138   0.000 03E13FM000t
00043 ARG03A0105_043 f 0.00  0.000     0  0.00  0  0 -13.144   0.766   0.587  -0.156  -1.060   0.000 03O000M000t
00044 ARG03A0105_044 f 0.00  0.000     0  0.00  0  0 -11.297   0.717   3.793   0.025  -1.140   0.000 03E0E4M000t
00045 ARG03A0105_045 f 0.00  0.000     0  0.00  0  0 -13.021   0.837   0.470   0.008  -1.073   0.000 03T00FM000t
00046 ARG03A0105_046 f 0.00  0.000     0  0.00  0  0 -12.548   0.515   0.458   0.017  -1.126   0.000 03T0E9M000t
00047 ARG03A0105_047 f 0.00  0.000     0  0.00  0  0 -12.462   0.621   3.006   0.025  -1.105   0.000 03T01CM000t
00048 ARG03A0105_048 f 0.00  0.000     0  0.00  0  0 -12.628   0.731   1.091   0.046  -1.145   0.000 03T04FM000t
00049 ARG03A0105_049 f 0.00  0.000     0  0.00  0  0 -13.034   1.281   3.121   0.010  -1.102   0.000 03T054M000t
00050 ARG03A0105_050 f 0.00  0.000     0  0.00  0  0 -12.495   1.911   3.840   0.019  -1.152   0.000 03T057M000t
00051 ARG03A0105_051 f 0.00  0.000     0  0.00  0  0 -13.039   6.448   0.606   0.016  -1.102   0.000 03T011M000t
00052 ARG03A0105_052 f 0.00  0.000     0  0.00  0  0 -13.260   1.863   3.274   0.038  -1.193   0.000 03T047M000t
00053 ARG03A0105_053 f 0.00  0.000     0  0.00  0  0 -12.418   1.034   1.085   0.019  -1.171   0.000 03T072M000t
00054 ARG03A0105_054 f 0.00  0.000     0  0.00  0  0 -10.671   0.465   3.733   0.011  -1.165   0.000 03T0B0M000t
00055 ARG03A0105_055 f 0.00  0.000     0  0.00  0  0 -13.045   3.897   3.144   0.010  -1.122   0.000 03T111M000t
00056 ARG03A0105_056 f 0.00  0.000     0  0.00  0  0 -12.815   0.460   0.468   0.011  -1.107   0.000 03T02EM000t
00057 ARG03A0105_057 f 0.00  0.000     0  0.00  0  0 -12.521   0.819   3.207   0.016  -1.190   0.000 03T081M000t
00058 ARG03A0105_058 f 0.00  0.000     0  0.00  0  0 -10.945   0.901   3.157   0.002  -1.064   0.000 03T0C4M000t
00059 ARG03A0105_059 f 0.00  0.000     0  0.00  0  0 -13.988   5.035   0.693   0.050  -1.090   0.000 03T107M000t
00060 ARG03A0105_060 f 0.00  0.000     0  0.00  0  0 -12.500   1.220   3.192   0.037  -1.116   0.000 03T108M000t
00061 ARG+1A0105_061 f 0.00  1.000     0 12.50  0  1 -13.187   0.765   0.587  -0.201  -4.749   0.000 +1O000M000t
00062 ARG+1A0105_062 f 0.00  1.000     0 12.50  0  1 -13.066   0.836   0.472   0.068  -4.888   0.000 +1E00FM000t
00063 ARG+1A0105_063 f 0.00  1.000     0 12.50  0  1 -12.570   0.611   3.019   0.038  -4.870   0.000 +1E01CM000t
00064 ARG+1A0105_064 f 0.00  1.000     0 12.50  0  1 -12.741   0.459   0.469   0.050  -4.887   0.000 +1E02EM000t
00065 ARG+1A0105_065 f 0.00  1.000     0 12.50  0  1 -13.030   1.852   3.277   0.086  -4.871   0.000 +1E047M000t
00066 ARG+1A0105_066 f 0.00  1.000     0 12.50  0  1 -12.657   0.734   1.095   0.050  -4.925   0.000 +1E04FM000t
00067 ARG+1A0105_067 f 0.00  1.000     0 12.50  0  1 -13.070   1.276   3.122   0.042  -4.868   0.000 +1E054M000t
00068 ARG+1A0105_068 f 0.00  1.000     0 12.50  0  1 -12.453   1.032   1.088   0.087  -4.883   0.000 +1E072M000t
00069 ARG+1A0105_069 f 0.00  1.000     0 12.50  0  1 -12.721   0.682   0.528   0.064  -4.841   0.000 +1E07FM000t
00070 ARG+1A0105_070 f 0.00  1.000     0 12.50  0  1 -12.582   0.821   3.210   0.042  -4.875   0.000 +1E081M000t
00071 ARG+1A0105_071 f 0.00  1.000     0 12.50  0  1 -10.792   0.447   3.742  -0.034  -4.765   0.000 +1E0B0M000t
00072 ARG+1A0105_072 f 0.00  1.000     0 12.50  0  1 -12.445   0.515   0.461   0.093  -4.792   0.000 +1E0E9M000t
00073 ARG+1A0105_073 f 0.00  1.000     0 12.50  0  1 -14.081   4.936   0.702   0.302  -4.649   0.000 +1E107M000t
00074 ARG+1A0105_074 f 0.00  1.000     0 12.50  0  1 -13.091   6.479   0.607   0.095  -4.866   0.000 +1T011M000t
00075 ARG+1A0105_075 f 0.00  1.000     0 12.50  0  1 -12.642   1.899   3.839   0.038  -4.872   0.000 +1T057M000t
00076 ARG+1A0105_076 f 0.00  1.000     0 12.50  0  1 -10.974   0.908   3.162   0.043  -4.855   0.000 +1T0C4M000t
00077 ARG+1A0105_077 f 0.00  1.000     0 12.50  0  1 -11.379   0.718   3.795   0.085  -4.839   0.000 +1T0E4M000t
00078 ARG+1A0105_078 f 0.00  1.000     0 12.50  0  1 -12.473   1.211   3.196   0.184  -4.787   0.000 +1T108M000t
00079 ARG+1A0105_079 f 0.00  1.000     0 12.50  0  1 -13.106   3.905   3.147   0.076  -4.831   0.000 +1T111M000t
00080 ARG+1A0105_080 f 0.00  1.000     0 12.50  0  1 -12.392   4.570   3.123   0.077  -4.815   0.000 +1T13FM000t
