CONFORMER         crg  vdw0  vdw1  tors  epol  self   occ  Hb     history    ASA
ARG01A0105_001  0.000-13.12  0.77  0.59  0.00-11.77 0.501  00  01O000M000  1.000
ARG01A0105_002  0.000-13.00  0.84  0.47  0.00-11.69 0.501  00  01E00FM000  1.000
ARG01A0105_003  0.000-13.05  0.51  1.24  0.00-11.29 0.502  00  01E04FM000  1.000
ARG01A0105_004  0.000-12.79  1.28  3.14  0.00 -8.37 0.501  00  01E054M000  1.000
ARG01A0105_005  0.000-12.56  1.90  3.93  0.00 -6.74 0.502  00  01E057M000  1.000
ARG01A0105_006  0.000-12.92  0.71  0.60  0.00-11.61 0.502  00  01E07FM000  1.000
ARG01A0105_007  0.000-10.73  0.49  3.75  0.00 -6.49 0.502  00  01E0B0M000  1.000
ARG01A0105_008  0.000-10.75  0.92  3.20  0.00 -6.64 0.502  00  01E0C4M000  1.000
ARG01A0105_009  0.000-13.72  4.42  0.84  0.00 -8.47 0.501  00  01E107M000  1.000
ARG01A0105_010  0.000-12.36  1.25  3.21  0.00 -7.90 0.502  00  01E108M000  1.000
ARG01A0105_011  0.000-12.80  3.89  3.15  0.00 -5.76 0.502  00  01E111M000  1.000
ARG01A0105_012  0.000-13.21  6.20  0.64  0.00 -6.37 0.501  00  01T011M000  1.000
ARG01A0105_013  0.000-12.22  0.57  3.09  0.00 -8.56 0.502  00  01T01CM000  1.000
ARG01A0105_014  0.000-12.61  0.46  0.47  0.00-11.68 0.502  00  01T02EM000  1.000
ARG01A0105_015  0.000-13.42  1.77  3.34  0.00 -8.30 0.502  00  01T047M000  1.000
ARG01A0105_016  0.000-12.10  1.02  1.25  0.00 -9.83 0.502  00  01T072M000  1.000
ARG01A0105_017  0.000-12.45  0.82  3.23  0.00 -8.40 0.501  00  01T081M000  1.000
ARG01A0105_018  0.000-11.22  0.69  3.81  0.00 -6.71 0.501  00  01T0E4M000  1.000
ARG01A0105_019  0.000-12.68  0.60  0.63  0.00-11.45 0.502  00  01T0E9M000  1.000
ARG01A0105_020  0.000-12.07  4.58  3.17  0.00 -4.32 0.501  00  01T13FM000  1.000
ARG02A0105_021  0.000-13.14  0.78  0.59  0.00-11.77 0.501  00  02O000M000  1.000
ARG02A0105_022  0.000-12.88  6.46  0.61  0.00 -5.82 0.501  00  02E011M000  1.000
ARG02A0105_023  0.000-12.36  0.61  3.01  0.00 -8.73 0.502  00  02E01CM000  1.000
ARG02A0105_024  0.000-12.34  1.03  1.09  0.00-10.23 0.502  00  02E072M000  1.000
ARG02A0105_025  0.000-13.00  1.28  3.12  0.00 -8.60 0.501  00  02T054M000  1.000
ARG02A0105_026  0.000-12.60  0.82  3.21  0.00 -8.56 0.501  00  02T081M000  1.000
ARG02A0105_027  0.000-13.20  3.90  3.15  0.00 -6.15 0.502  00  02T111M000  1.000
ARG02A0105_028  0.000-12.69  0.46  0.47  0.00-11.77 0.502  00  02T02EM000  1.000
ARG02A0105_029  0.000-13.16  1.86  3.28  0.00 -8.02 0.502  00  02T047M000  1.000
ARG02A0105_030  0.000-12.67  1.91  3.84  0.00 -6.92 0.502  00  02T057M000  1.000
ARG02A0105_031  0.000-13.98  4.96  0.70  0.00 -8.32 0.501  00  02T107M000  1.000
ARG02A0105_032  0.000-10.66  0.46  3.74  0.00 -6.47 0.502  00  02T0B0M000  1.000
ARG02A0105_033  0.000-12.08  4.56  3.12  0.00 -4.39 0.501  00  02T13FM000  1.000
ARG02A0105_034  0.000-12.92  0.84  0.47  0.00-11.61 0.501  00  02T00FM000  1.000
ARG02A0105_035  0.000-12.52  0.75  1.09  0.00-10.68 0.502  00  02T04FM000  1.000
ARG02A0105_036  0.000-12.61  0.69  0.52  0.00-11.40 0.502  00  02T07FM000  1.000
ARG02A0105_037  0.000-10.85  0.92  3.15  0.00 -6.78 0.502  00  02T0C4M000  1.000
ARG02A0105_038  0.000-11.24  0.72  3.80  0.00 -6.73 0.501  00  02T0E4M000  1.000
ARG02A0105_039  0.000-12.50  0.51  0.46  0.00-11.53 0.502  00  02T0E9M000  1.000
ARG02A0105_040  0.000-12.44  1.21  3.20  0.00 -8.03 0.502  00  02T108M000  1.000
ARG03A0105_041  0.000-12.62  0.67  0.52  0.00-11.42 0.502  00  03E07FM000  1.000
ARG03A0105_042  0.000-12.36  4.57  3.12  0.00 -4.67 0.501  00  03E13FM000  1.000
ARG03A0105_043  0.000-13.14  0.77  0.59  0.00-11.79 0.501  00  03O000M000  1.000
ARG03A0105_044  0.000-11.30  0.72  3.79  0.00 -6.79 0.501  00  03E0E4M000  1.000
ARG03A0105_045  0.000-13.02  0.84  0.47  0.00-11.72 0.501  00  03T00FM000  1.000
ARG03A0105_046  0.000-12.55  0.51  0.46  0.00-11.58 0.502  00  03T0E9M000  1.000
ARG03A0105_047  0.000-12.47  0.62  3.01  0.00 -8.84 0.502  00  03T01CM000  1.000
ARG03A0105_048  0.000-12.62  0.74  1.09  0.00-10.80 0.502  00  03T04FM000  1.000
ARG03A0105_049  0.000-13.03  1.28  3.12  0.00 -8.63 0.501  00  03T054M000  1.000
ARG03A0105_050  0.000-12.50  1.91  3.84  0.00 -6.75 0.502  00  03T057M000  1.000
ARG03A0105_051  0.000-13.04  6.46  0.61  0.00 -5.97 0.501  00  03T011M000  1.000
ARG03A0105_052  0.000-13.26  1.86  3.27  0.00 -8.12 0.502  00  03T047M000  1.000
ARG03A0105_053  0.000-12.42  1.03  1.09  0.00-10.30 0.502  00  03T072M000  1.000
ARG03A0105_054  0.000-10.67  0.47  3.73  0.00 -6.47 0.502  00  03T0B0M000  1.000
ARG03A0105_055  0.000-13.04  3.90  3.14  0.00 -6.00 0.502  00  03T111M000  1.000
ARG03A0105_056  0.000-12.82  0.46  0.47  0.00-11.90 0.502  00  03T02EM000  1.000
ARG03A0105_057  0.000-12.53  0.82  3.21  0.00 -8.51 0.501  00  03T081M000  1.000
ARG03A0105_058  0.000-10.94  0.90  3.16  0.00 -6.88 0.502  00  03T0C4M000  1.000
ARG03A0105_059  0.000-13.98  5.05  0.69  0.00 -8.24 0.501  00  03T107M000  1.000
ARG03A0105_060  0.000-12.50  1.22  3.19  0.00 -8.08 0.502  00  03T108M000  1.000
ARG+1A0105_061  1.000-13.19  0.77  0.59  0.00-11.83 0.501  00  +1O000M000  1.000
ARG+1A0105_062  1.000-13.06  0.83  0.47  0.00-11.76 0.501  00  +1E00FM000  1.000
ARG+1A0105_063  1.000-12.56  0.61  3.02  0.00 -8.93 0.502  00  +1E01CM000  1.000
ARG+1A0105_064  1.000-12.74  0.46  0.47  0.00-11.82 0.502  00  +1E02EM000  1.000
ARG+1A0105_065  1.000-13.02  1.85  3.28  0.00 -7.89 0.502  00  +1E047M000  1.000
ARG+1A0105_066  1.000-12.66  0.74  1.10  0.00-10.83 0.502  00  +1E04FM000  1.000
ARG+1A0105_067  1.000-13.07  1.28  3.12  0.00 -8.67 0.501  00  +1E054M000  1.000
ARG+1A0105_068  1.000-12.45  1.03  1.09  0.00-10.33 0.502  00  +1E072M000  1.000
ARG+1A0105_069  1.000-12.72  0.68  0.53  0.00-11.51 0.502  00  +1E07FM000  1.000
ARG+1A0105_070  1.000-12.58  0.82  3.21  0.00 -8.54 0.501  00  +1E081M000  1.000
ARG+1A0105_071  1.000-10.72  0.45  3.74  0.00 -6.53 0.502  00  +1E0B0M000  1.000
ARG+1A0105_072  1.000-12.45  0.51  0.46  0.00-11.48 0.502  00  +1E0E9M000  1.000
ARG+1A0105_073  1.000-14.08  4.96  0.70  0.00 -8.42 0.501  00  +1E107M000  1.000
ARG+1A0105_074  1.000-13.09  6.47  0.61  0.00 -6.01 0.501  00  +1T011M000  1.000
ARG+1A0105_075  1.000-12.65  1.91  3.84  0.00 -6.90 0.502  00  +1T057M000  1.000
ARG+1A0105_076  1.000-10.97  0.91  3.16  0.00 -6.90 0.502  00  +1T0C4M000  1.000
ARG+1A0105_077  1.000-11.38  0.72  3.80  0.00 -6.86 0.501  00  +1T0E4M000  1.000
ARG+1A0105_078  1.000-12.48  1.21  3.20  0.00 -8.07 0.502  00  +1T108M000  1.000
ARG+1A0105_079  1.000-13.10  3.90  3.15  0.00 -6.06 0.502  00  +1T111M000  1.000
ARG+1A0105_080  1.000-12.40  4.57  3.12  0.00 -4.71 0.501  00  +1T13FM000  1.000
