   confID        vdw0    sas     sum
ARG01A0105_001   1.215 -14.341 -13.126
ARG01A0105_002   1.267 -14.274 -13.007
ARG01A0105_003   1.502 -14.557 -13.054
ARG01A0105_004   1.540 -14.380 -12.841
ARG01A0105_005   2.140 -14.701 -12.560
ARG01A0105_006   1.533 -14.451 -12.917
ARG01A0105_007   3.794 -14.530 -10.736
ARG01A0105_008   2.521 -13.269 -10.747
ARG01A0105_009   1.216 -14.934 -13.718
ARG01A0105_010   2.197 -14.555 -12.358
ARG01A0105_011   1.781 -14.582 -12.801
ARG01A0105_012   1.161 -14.365 -13.204
ARG01A0105_013   1.960 -14.186 -12.226
ARG01A0105_014   1.865 -14.472 -12.607
ARG01A0105_015   1.352 -14.767 -13.415
ARG01A0105_016   2.205 -14.302 -12.097
ARG01A0105_017   2.219 -14.664 -12.446
ARG01A0105_018   3.606 -14.834 -11.228
ARG01A0105_019   1.912 -14.588 -12.676
ARG01A0105_020   1.841 -13.911 -12.070
ARG02A0105_021   1.201 -14.341 -13.140
ARG02A0105_022   1.245 -14.130 -12.885
ARG02A0105_023   2.026 -14.389 -12.362
ARG02A0105_024   2.086 -14.433 -12.347
ARG02A0105_025   1.486 -14.496 -13.011
ARG02A0105_026   2.197 -14.796 -12.599
ARG02A0105_027   1.684 -14.881 -13.197
ARG02A0105_028   1.834 -14.452 -12.619
ARG02A0105_029   1.261 -14.417 -13.155
ARG02A0105_030   2.026 -14.697 -12.671
ARG02A0105_031   1.121 -15.105 -13.984
ARG02A0105_032   3.847 -14.514 -10.667
ARG02A0105_033   2.002 -14.132 -12.130
ARG02A0105_034   1.345 -14.274 -12.929
ARG02A0105_035   1.675 -14.195 -12.520
ARG02A0105_036   1.606 -14.219 -12.613
ARG02A0105_037   2.578 -13.500 -10.922
ARG02A0105_038   3.661 -14.911 -11.250
ARG02A0105_039   2.175 -14.676 -12.501
ARG02A0105_040   2.242 -14.683 -12.441
ARG03A0105_041   1.555 -14.171 -12.616
ARG03A0105_042   1.976 -14.328 -12.352
ARG03A0105_043   1.197 -14.341 -13.144
ARG03A0105_044   3.567 -14.863 -11.297
ARG03A0105_045   1.253 -14.274 -13.021
ARG03A0105_046   2.131 -14.679 -12.548
ARG03A0105_047   1.927 -14.389 -12.462
ARG03A0105_048   1.619 -14.247 -12.628
ARG03A0105_049   1.465 -14.500 -13.034
ARG03A0105_050   2.022 -14.517 -12.495
ARG03A0105_051   1.159 -14.198 -13.039
ARG03A0105_052   1.237 -14.497 -13.260
ARG03A0105_053   2.015 -14.433 -12.418
ARG03A0105_054   3.795 -14.466 -10.671
ARG03A0105_055   1.701 -14.746 -13.045
ARG03A0105_056   1.833 -14.648 -12.815
ARG03A0105_057   2.211 -14.732 -12.521
ARG03A0105_058   2.501 -13.445 -10.945
ARG03A0105_059   1.116 -15.105 -13.988
ARG03A0105_060   2.184 -14.683 -12.500
ARG+1A0105_061   1.154 -14.341 -13.187
ARG+1A0105_062   1.207 -14.274 -13.066
ARG+1A0105_063   1.883 -14.453 -12.570
ARG+1A0105_064   1.779 -14.520 -12.741
ARG+1A0105_065   1.203 -14.233 -13.030
ARG+1A0105_066   1.590 -14.247 -12.657
ARG+1A0105_067   1.430 -14.500 -13.070
ARG+1A0105_068   1.980 -14.433 -12.453
ARG+1A0105_069   1.498 -14.219 -12.721
ARG+1A0105_070   2.150 -14.732 -12.582
ARG+1A0105_071   3.738 -14.530 -10.792
ARG+1A0105_072   2.106 -14.551 -12.445
ARG+1A0105_073   1.075 -15.156 -14.081
ARG+1A0105_074   1.107 -14.198 -13.091
ARG+1A0105_075   1.987 -14.629 -12.642
ARG+1A0105_076   2.459 -13.433 -10.974
ARG+1A0105_077   3.532 -14.911 -11.379
ARG+1A0105_078   2.146 -14.619 -12.473
ARG+1A0105_079   1.643 -14.749 -13.106
ARG+1A0105_080   1.936 -14.328 -12.392
