iConf CONFORMER     FL  occ    crg   Em0  pKa0 ne nH    vdw0    vdw1    tors    epol   dsolv   extra    history
00001 HIS01A0121_001 f 0.00  0.000     0  0.00  0  0 -11.613   0.950   0.020   0.004  -0.145   0.000 01O000M000t
00002 HIS01A0121_002 f 0.00  0.000     0  0.00  0  0 -12.004   1.000   0.020   0.019  -0.161   0.000 01R001M000t
00003 HIS01A0121_003 f 0.00  0.000     0  0.00  0  0 -11.682   5.433   2.773  -0.040  -0.141   0.000 01E002M000t
00004 HIS01A0121_004 f 0.00  0.000     0  0.00  0  0 -11.560   2.118   0.013   0.006  -0.143   0.000 01E003M000t
00005 HIS01A0121_005 f 0.00  0.000     0  0.00  0  0 -11.920   2.757   0.013  -0.038  -0.141   0.000 01E005M000t
00006 HIS01A0121_006 f 0.00  0.000     0  0.00  0  0 -11.653   0.946   0.018   0.041  -0.150   0.000 01E009M000t
00007 HIS01A0121_007 f 0.00  0.000     0  0.00  0  0 -11.799   3.120   0.006   0.004  -0.138   0.000 01E00DM000t
00008 HIS01A0121_008 f 0.00  0.000     0  0.00  0  0 -11.779   0.771   0.018   0.005  -0.150   0.000 01E011M000t
00009 HIS01A0121_009 f 0.00  0.000     0  0.00  0  0 -11.592   1.875   2.775  -0.003  -0.147   0.000 01E015M000t
00010 HIS01A0121_010 f 0.00  0.000     0  0.00  0  0 -11.219   2.030   2.774   0.058  -0.143   0.000 01T004M000t
00011 HIS01A0121_011 f 0.00  0.000     0  0.00  0  0 -12.431   1.877   0.003   0.050  -0.152   0.000 01T008M000t
00012 HIS01A0121_012 f 0.00  0.000     0  0.00  0  0 -11.428   4.313   2.774   0.021  -0.143   0.000 01T00AM000t
00013 HIS01A0121_013 f 0.00  0.000     0  0.00  0  0 -12.100   1.078   0.019   0.050  -0.139   0.000 01T00EM000t
00014 HIS01A0121_014 f 0.00  0.000     0  0.00  0  0 -12.012   1.885   0.002   0.046  -0.149   0.000 01T010M000t
00015 HIS01A0121_015 f 0.00  0.000     0  0.00  0  0 -11.485   4.437   0.011   0.108  -0.146   0.000 01T013M000t
00016 HIS01A0121_016 f 0.00  0.000     0  0.00  0  0 -11.830   3.992   2.710   0.012  -0.145   0.000 01T014M000t
00017 HIS01A0121_017 f 0.00  0.000     0  0.00  0  0 -11.137   1.892   2.773   0.011  -0.149   0.000 01T016M000t
00018 HIS02A0121_018 f 0.00  0.000     0  0.00  0  0 -11.628   0.909   0.020   0.014  -0.159   0.000 02O000M000t
00019 HIS02A0121_019 f 0.00  0.000     0  0.00  0  0 -11.633   0.741   0.014   0.007  -0.162   0.000 02E007M000t
00020 HIS02A0121_020 f 0.00  0.000     0  0.00  0  0 -12.450   1.881   0.003   0.029  -0.155   0.000 02E008M000t
00021 HIS02A0121_021 f 0.00  0.000     0  0.00  0  0 -11.627   0.931   0.017   0.015  -0.155   0.000 02E009M000t
00022 HIS02A0121_022 f 0.00  0.000     0  0.00  0  0 -11.562   4.381   2.772   0.011  -0.151   0.000 02E00AM000t
00023 HIS02A0121_023 f 0.00  0.000     0  0.00  0  0 -12.151   0.993   0.018  -0.021  -0.147   0.000 02E00EM000t
00024 HIS02A0121_024 f 0.00  0.000     0  0.00  0  0 -11.453   1.504   0.010   0.006  -0.152   0.000 02E00FM000t
00025 HIS02A0121_025 f 0.00  0.000     0  0.00  0  0 -11.960   1.884   0.002   0.044  -0.154   0.000 02E010M000t
00026 HIS02A0121_026 f 0.00  0.000     0  0.00  0  0 -11.451   4.454   0.010   0.077  -0.152   0.000 02E013M000t
00027 HIS02A0121_027 f 0.00  0.000     0  0.00  0  0 -12.089   3.932   2.711   0.048  -0.152   0.000 02E014M000t
00028 HIS02A0121_028 f 0.00  0.000     0  0.00  0  0 -11.585   5.547   2.774   0.055  -0.148   0.000 02T002M000t
00029 HIS02A0121_029 f 0.00  0.000     0  0.00  0  0 -11.595   2.075   0.011   0.026  -0.146   0.000 02T003M000t
00030 HIS02A0121_030 f 0.00  0.000     0  0.00  0  0 -11.286   1.944   2.772  -0.008  -0.148   0.000 02T004M000t
00031 HIS02A0121_031 f 0.00  0.000     0  0.00  0  0 -11.997   2.638   0.013   0.064  -0.146   0.000 02T005M000t
00032 HIS02A0121_032 f 0.00  0.000     0  0.00  0  0 -11.697   3.050   0.007   0.066  -0.145   0.000 02T00DM000t
00033 HIS02A0121_033 f 0.00  0.000     0  0.00  0  0 -11.541   1.840   2.774   0.036  -0.155   0.000 02T015M000t
00034 HIS02A0121_034 f 0.00  0.000     0  0.00  0  0 -11.041   1.880   2.772   0.023  -0.162   0.000 02T016M000t
00035 HIS+1A0121_035 f 0.00  1.000     0  6.98  0  1 -11.655   0.907   0.020   0.094  -0.830   0.000 +1O000M000t
00036 HIS+1A0121_036 f 0.00  1.000     0  6.98  0  1 -12.044   0.991   0.020   0.095  -0.843   0.000 +1R001M000t
00037 HIS+1A0121_037 f 0.00  1.000     0  6.98  0  1 -11.673   2.099   0.012   0.046  -0.816   0.000 +1E003M000t
00038 HIS+1A0121_038 f 0.00  1.000     0  6.98  0  1 -11.312   1.946   2.773   0.012  -0.820   0.000 +1E004M000t
00039 HIS+1A0121_039 f 0.00  1.000     0  6.98  0  1 -12.091   2.629   0.014   0.150  -0.813   0.000 +1E005M000t
00040 HIS+1A0121_040 f 0.00  1.000     0  6.98  0  1 -12.477   1.876   0.004   0.118  -0.832   0.000 +1E008M000t
00041 HIS+1A0121_041 f 0.00  1.000     0  6.98  0  1 -11.699   0.931   0.018   0.100  -0.832   0.000 +1E009M000t
00042 HIS+1A0121_042 f 0.00  1.000     0  6.98  0  1 -11.704   3.052   0.008   0.105  -0.803   0.000 +1E00DM000t
00043 HIS+1A0121_043 f 0.00  1.000     0  6.98  0  1 -12.051   1.881   0.002   0.068  -0.828   0.000 +1E010M000t
00044 HIS+1A0121_044 f 0.00  1.000     0  6.98  0  1 -11.478   4.521   0.012  -0.021  -0.833   0.000 +1E013M000t
00045 HIS+1A0121_045 f 0.00  1.000     0  6.98  0  1 -12.067   3.931   2.711   0.070  -0.820   0.000 +1E014M000t
00046 HIS+1A0121_046 f 0.00  1.000     0  6.98  0  1 -11.163   1.870   2.774   0.047  -0.834   0.000 +1E016M000t
00047 HIS+1A0121_047 f 0.00  1.000     0  6.98  0  1 -11.607   4.394   2.773   0.088  -0.830   0.000 +1T00AM000t
00048 HIS+1A0121_048 f 0.00  1.000     0  6.98  0  1 -11.473   3.839   2.775   0.085  -0.834   0.000 +1T00CM000t
00049 HIS+1A0121_049 f 0.00  1.000     0  6.98  0  1 -12.128   0.994   0.018   0.004  -0.810   0.000 +1T00EM000t
00050 HIS+1A0121_050 f 0.00  1.000     0  6.98  0  1 -11.570   1.487   0.012   0.035  -0.827   0.000 +1T00FM000t
00051 HIS+1A0121_051 f 0.00  1.000     0  6.98  0  1 -11.877   0.743   0.018   0.051  -0.826   0.000 +1T011M000t
00052 HIS+1A0121_052 f 0.00  1.000     0  6.98  0  1 -11.567   1.843   2.774   0.056  -0.828   0.000 +1T015M000t
