CONFORMER         crg  vdw0  vdw1  tors  epol  self   occ  Hb     history    ASA
HIS01A0121_001  0.000-11.61  0.91  0.02  0.00-10.69 0.522  00  01O000M000  1.000
HIS01A0121_002  0.000-12.00  0.96  0.02  0.00-11.03 0.521  00  01R001M000  1.000
HIS01A0121_003  0.000-11.68  5.43  2.77  0.00 -3.48 0.519  00  01E002M000  1.000
HIS01A0121_004  0.000-11.56  2.12  0.01  0.00 -9.43 0.521  00  01E003M000  1.000
HIS01A0121_005  0.000-11.92  2.66  0.01  0.00 -9.25 0.518  00  01E005M000  1.000
HIS01A0121_006  0.000-11.65  0.90  0.02  0.00-10.73 0.523  00  01E009M000  1.000
HIS01A0121_007  0.000-11.80  3.07  0.01  0.00 -8.73 0.521  00  01E00DM000  1.000
HIS01A0121_008  0.000-11.78  0.77  0.02  0.00-10.99 0.519  00  01E011M000  1.000
HIS01A0121_009  0.000-11.64  1.88  2.77  0.00 -6.99 0.522  00  01E015M000  1.000
HIS01A0121_010  0.000-11.22  2.03  2.77  0.00 -6.42 0.518  00  01T004M000  1.000
HIS01A0121_011  0.000-12.43  1.77  0.00  0.00-10.66 0.518  00  01T008M000  1.000
HIS01A0121_012  0.000-11.43  4.31  2.77  0.00 -4.35 0.521  00  01T00AM000  1.000
HIS01A0121_013  0.000-12.10  1.08  0.02  0.00-11.01 0.519  00  01T00EM000  1.000
HIS01A0121_014  0.000-12.01  1.81  0.00  0.00-10.20 0.521  00  01T010M000  1.000
HIS01A0121_015  0.000-11.49  4.38  0.01  0.00 -7.10 0.520  00  01T013M000  1.000
HIS01A0121_016  0.000-11.83  3.94  2.71  0.00 -5.18 0.522  00  01T014M000  1.000
HIS01A0121_017  0.000-11.14  1.89  2.77  0.00 -6.48 0.521  00  01T016M000  1.000
HIS02A0121_018  0.000-11.63  0.87  0.02  0.00-10.74 0.522  00  02O000M000  1.000
HIS02A0121_019  0.000-11.63  0.70  0.01  0.00-10.92 0.520  00  02E007M000  1.000
HIS02A0121_020  0.000-12.45  1.77  0.00  0.00-10.68 0.518  00  02E008M000  1.000
HIS02A0121_021  0.000-11.67  0.89  0.02  0.00-10.77 0.523  00  02E009M000  1.000
HIS02A0121_022  0.000-11.56  4.37  2.77  0.00 -4.42 0.521  00  02E00AM000  1.000
HIS02A0121_023  0.000-12.15  0.99  0.02  0.00-11.14 0.519  00  02E00EM000  1.000
HIS02A0121_024  0.000-11.45  1.50  0.01  0.00 -9.94 0.519  00  02E00FM000  1.000
HIS02A0121_025  0.000-12.01  1.81  0.00  0.00-10.20 0.521  00  02E010M000  1.000
HIS02A0121_026  0.000-11.40  4.39  0.01  0.00 -7.00 0.520  00  02E013M000  1.000
HIS02A0121_027  0.000-12.09  3.88  2.71  0.00 -5.50 0.522  00  02E014M000  1.000
HIS02A0121_028  0.000-11.59  5.54  2.77  0.00 -3.27 0.519  00  02T002M000  1.000
HIS02A0121_029  0.000-11.59  2.08  0.01  0.00 -9.51 0.521  00  02T003M000  1.000
HIS02A0121_030  0.000-11.29  1.95  2.77  0.00 -6.57 0.518  00  02T004M000  1.000
HIS02A0121_031  0.000-12.00  2.54  0.01  0.00 -9.44 0.518  00  02T005M000  1.000
HIS02A0121_032  0.000-11.70  3.00  0.01  0.00 -8.69 0.521  00  02T00DM000  1.000
HIS02A0121_033  0.000-11.54  1.84  2.77  0.00 -6.92 0.522  00  02T015M000  1.000
HIS02A0121_034  0.000-11.04  1.87  2.77  0.00 -6.40 0.521  00  02T016M000  1.000
HIS+1A0121_035  1.000-11.66  0.86  0.02  0.00-10.77 0.522  00  +1O000M000  1.000
HIS+1A0121_036  1.000-12.04  0.95  0.02  0.00-11.08 0.521  00  +1R001M000  1.000
HIS+1A0121_037  1.000-11.62  2.10  0.01  0.00 -9.51 0.521  00  +1E003M000  1.000
HIS+1A0121_038  1.000-11.31  1.95  2.77  0.00 -6.59 0.518  00  +1E004M000  1.000
HIS+1A0121_039  1.000-12.23  2.54  0.01  0.00 -9.68 0.518  00  +1E005M000  1.000
HIS+1A0121_040  1.000-12.48  1.77  0.00  0.00-10.70 0.518  00  +1E008M000  1.000
HIS+1A0121_041  1.000-11.70  0.89  0.02  0.00-10.79 0.523  00  +1E009M000  1.000
HIS+1A0121_042  1.000-11.70  3.00  0.01  0.00 -8.70 0.521  00  +1E00DM000  1.000
HIS+1A0121_043  1.000-12.05  1.81  0.00  0.00-10.24 0.521  00  +1E010M000  1.000
HIS+1A0121_044  1.000-11.48  4.46  0.01  0.00 -7.00 0.520  00  +1E013M000  1.000
HIS+1A0121_045  1.000-12.07  3.88  2.71  0.00 -5.48 0.522  00  +1E014M000  1.000
HIS+1A0121_046  1.000-11.23  1.87  2.77  0.00 -6.59 0.521  00  +1E016M000  1.000
HIS+1A0121_047  1.000-11.61  4.38  2.77  0.00 -4.45 0.521  00  +1T00AM000  1.000
HIS+1A0121_048  1.000-11.47  3.84  2.78  0.00 -4.86 0.518  00  +1T00CM000  1.000
HIS+1A0121_049  1.000-12.13  0.99  0.02  0.00-11.12 0.519  00  +1T00EM000  1.000
HIS+1A0121_050  1.000-11.52  1.48  0.01  0.00-10.02 0.519  00  +1T00FM000  1.000
HIS+1A0121_051  1.000-11.88  0.75  0.02  0.00-11.11 0.519  00  +1T011M000  1.000
HIS+1A0121_052  1.000-11.57  1.85  2.77  0.00 -6.95 0.522  00  +1T015M000  1.000
