   confID        vdw0    sas     sum
HIS01A0121_001  -0.243 -11.370 -11.613
HIS01A0121_002  -0.218 -11.786 -12.004
HIS01A0121_003  -0.228 -11.454 -11.682
HIS01A0121_004  -0.232 -11.328 -11.560
HIS01A0121_005  -0.345 -11.574 -11.920
HIS01A0121_006  -0.096 -11.558 -11.653
HIS01A0121_007  -0.344 -11.455 -11.799
HIS01A0121_008  -0.095 -11.683 -11.779
HIS01A0121_009  -0.207 -11.385 -11.592
HIS01A0121_010  -0.242 -10.977 -11.219
HIS01A0121_011  -0.269 -12.162 -12.431
HIS01A0121_012  -0.195 -11.233 -11.428
HIS01A0121_013  -0.204 -11.896 -12.100
HIS01A0121_014  -0.267 -11.745 -12.012
HIS01A0121_015  -0.094 -11.390 -11.485
HIS01A0121_016  -0.346 -11.484 -11.830
HIS01A0121_017  -0.116 -11.021 -11.137
HIS02A0121_018  -0.258 -11.370 -11.628
HIS02A0121_019  -0.137 -11.497 -11.633
HIS02A0121_020  -0.288 -12.162 -12.450
HIS02A0121_021  -0.117 -11.511 -11.627
HIS02A0121_022  -0.216 -11.346 -11.562
HIS02A0121_023  -0.223 -11.928 -12.151
HIS02A0121_024  -0.135 -11.318 -11.453
HIS02A0121_025  -0.287 -11.673 -11.960
HIS02A0121_026  -0.116 -11.336 -11.451
HIS02A0121_027  -0.359 -11.731 -12.089
HIS02A0121_028  -0.246 -11.339 -11.585
HIS02A0121_029  -0.251 -11.344 -11.595
HIS02A0121_030  -0.257 -11.029 -11.286
HIS02A0121_031  -0.359 -11.638 -11.997
HIS02A0121_032  -0.358 -11.339 -11.697
HIS02A0121_033  -0.223 -11.318 -11.541
HIS02A0121_034  -0.136 -10.905 -11.041
HIS+1A0121_035  -0.285 -11.370 -11.655
HIS+1A0121_036  -0.258 -11.786 -12.044
HIS+1A0121_037  -0.277 -11.396 -11.673
HIS+1A0121_038  -0.283 -11.029 -11.312
HIS+1A0121_039  -0.385 -11.706 -12.091
HIS+1A0121_040  -0.315 -12.162 -12.477
HIS+1A0121_041  -0.141 -11.558 -11.699
HIS+1A0121_042  -0.384 -11.320 -11.704
HIS+1A0121_043  -0.314 -11.737 -12.051
HIS+1A0121_044  -0.142 -11.336 -11.478
HIS+1A0121_045  -0.385 -11.682 -12.067
HIS+1A0121_046  -0.163 -11.000 -11.163
HIS+1A0121_047  -0.242 -11.365 -11.607
HIS+1A0121_048  -0.140 -11.333 -11.473
HIS+1A0121_049  -0.248 -11.879 -12.128
HIS+1A0121_050  -0.162 -11.409 -11.570
HIS+1A0121_051  -0.145 -11.732 -11.877
HIS+1A0121_052  -0.250 -11.318 -11.567
