iConf CONFORMER     FL  occ    crg   Em0  pKa0 ne nH    vdw0    vdw1    tors    epol   dsolv   extra    history
00001 ARG01A0105_001 f 0.00  0.000     0  0.00  0  0 -13.126   0.768   0.587  -0.072  -0.172   0.000 01O000M000t
00002 ARG01A0105_002 f 0.00  0.000     0  0.00  0  0 -11.289   0.732   3.802   0.014  -0.159   0.000 01E027M000t
00003 ARG01A0105_003 f 0.00  0.000     0  0.00  0  0 -12.738   4.600   3.128   0.015  -0.181   0.000 01E07AM000t
00004 ARG01A0105_004 f 0.00  0.000     0  0.00  0  0 -12.350   0.680   3.076  -0.001  -0.182   0.000 01E09AM000t
00005 ARG01A0105_005 f 0.00  0.000     0  0.00  0  0 -12.036   0.516   3.044   0.015  -0.178   0.000 01E0A6M000t
00006 ARG01A0105_006 f 0.00  0.000     0  0.00  0  0 -11.358   1.785   6.629  -0.014  -0.182   0.000 01E0B4M000t
00007 ARG01A0105_007 f 0.00  0.000     0  0.00  0  0 -11.363   1.958   6.617   0.011  -0.184   0.000 01E0BBM000t
00008 ARG01A0105_008 f 0.00  0.000     0  0.00  0  0 -11.778   1.246   5.892  -0.010  -0.188   0.000 01E0BEM000t
00009 ARG01A0105_009 f 0.00  0.000     0  0.00  0  0 -12.503   1.367   3.240   0.017  -0.189   0.000 01E102M000t
00010 ARG01A0105_010 f 0.00  0.000     0  0.00  0  0 -12.358   1.248   3.208  -0.025  -0.182   0.000 01E108M000t
00011 ARG01A0105_011 f 0.00  0.000     0  0.00  0  0 -11.531   0.718   0.467   0.000  -0.186   0.000 01E126M000t
00012 ARG01A0105_012 f 0.00  0.000     0  0.00  0  0 -13.330   1.672   3.265   0.009  -0.179   0.000 01T001M000t
00013 ARG01A0105_013 f 0.00  0.000     0  0.00  0  0 -12.377   1.880   3.830   0.010  -0.180   0.000 01T007M000t
00014 ARG01A0105_014 f 0.00  0.000     0  0.00  0  0 -12.962   1.546   3.293   0.008  -0.183   0.000 01T008M000t
00015 ARG01A0105_015 f 0.00  0.000     0  0.00  0  0 -10.999   1.708   6.560   0.037  -0.174   0.000 01T020M000t
00016 ARG01A0105_016 f 0.00  0.000     0  0.00  0  0 -14.143   7.139   0.586   0.001  -0.186   0.000 01T076M000t
00017 ARG01A0105_017 f 0.00  0.000     0  0.00  0  0 -12.468   1.271   5.954   0.010  -0.187   0.000 01T0C6M000t
00018 ARG01A0105_018 f 0.00  0.000     0  0.00  0  0 -12.601   1.305   3.261   0.023  -0.162   0.000 01T0D6M000t
00019 ARG01A0105_019 f 0.00  0.000     0  0.00  0  0 -12.188   0.863   0.623  -0.000  -0.186   0.000 01T125M000t
00020 ARG01A0105_020 f 0.00  0.000     0  0.00  0  0 -12.178   1.081   1.426  -0.004  -0.177   0.000 01T134M000t
00021 ARG02A0105_021 f 0.00  0.000     0  0.00  0  0 -13.140   0.777   0.587  -0.033  -0.145   0.000 02O000M000t
00022 ARG02A0105_022 f 0.00  0.000     0  0.00  0  0 -13.792   7.011   0.578   0.006  -0.161   0.000 02E076M000t
00023 ARG02A0105_023 f 0.00  0.000     0  0.00  0  0 -11.582   0.714   0.465   0.007  -0.155   0.000 02E126M000t
00024 ARG02A0105_024 f 0.00  0.000     0  0.00  0  0 -11.238   0.707   3.802  -0.007  -0.150   0.000 02E027M000t
00025 ARG02A0105_025 f 0.00  0.000     0  0.00  0  0 -12.772   4.592   3.121  -0.005  -0.170   0.000 02E07AM000t
00026 ARG02A0105_026 f 0.00  0.000     0  0.00  0  0 -11.994   0.527   3.035  -0.009  -0.168   0.000 02E0A6M000t
00027 ARG02A0105_027 f 0.00  0.000     0  0.00  0  0 -11.230   1.968   6.460  -0.001  -0.182   0.000 02E0BBM000t
00028 ARG02A0105_028 f 0.00  0.000     0  0.00  0  0 -12.554   1.246   3.256  -0.029  -0.162   0.000 02E0D6M000t
00029 ARG02A0105_029 f 0.00  0.000     0  0.00  0  0 -12.134   0.810   0.458  -0.000  -0.183   0.000 02E125M000t
00030 ARG02A0105_030 f 0.00  0.000     0  0.00  0  0 -11.793   1.247   5.883   0.004  -0.158   0.000 02T0BEM000t
00031 ARG02A0105_031 f 0.00  0.000     0  0.00  0  0 -13.358   1.633   3.272   0.020  -0.154   0.000 02T001M000t
00032 ARG02A0105_032 f 0.00  0.000     0  0.00  0  0 -12.573   1.266   5.745   0.007  -0.167   0.000 02T0C6M000t
00033 ARG02A0105_033 f 0.00  0.000     0  0.00  0  0 -12.658   1.367   3.238   0.015  -0.160   0.000 02T102M000t
00034 ARG02A0105_034 f 0.00  0.000     0  0.00  0  0 -12.131   1.877   3.825  -0.005  -0.168   0.000 02T007M000t
00035 ARG02A0105_035 f 0.00  0.000     0  0.00  0  0 -10.983   1.711   6.546  -0.048  -0.156   0.000 02T020M000t
00036 ARG02A0105_036 f 0.00  0.000     0  0.00  0  0 -12.143   0.683   3.037   0.012  -0.167   0.000 02T09AM000t
00037 ARG02A0105_037 f 0.00  0.000     0  0.00  0  0 -11.416   1.794   6.442   0.003  -0.178   0.000 02T0B4M000t
00038 ARG02A0105_038 f 0.00  0.000     0  0.00  0  0 -12.438   1.203   3.198   0.023  -0.172   0.000 02T108M000t
00039 ARG02A0105_039 f 0.00  0.000     0  0.00  0  0 -12.975   1.536   3.295   0.005  -0.163   0.000 02T008M000t
00040 ARG02A0105_040 f 0.00  0.000     0  0.00  0  0 -11.533   0.944   1.078  -0.000  -0.173   0.000 02T134M000t
00041 ARG03A0105_041 f 0.00  0.000     0  0.00  0  0 -12.246   0.691   3.033   0.010  -0.157   0.000 03E09AM000t
00042 ARG03A0105_042 f 0.00  0.000     0  0.00  0  0 -12.565   1.389   3.233   0.016  -0.155   0.000 03E102M000t
00043 ARG03A0105_043 f 0.00  0.000     0  0.00  0  0 -11.592   0.714   0.465   0.009  -0.155   0.000 03E126M000t
00044 ARG03A0105_044 f 0.00  0.000     0  0.00  0  0 -13.144   0.766   0.587  -0.066  -0.149   0.000 03O000M000t
00045 ARG03A0105_045 f 0.00  0.000     0  0.00  0  0 -11.136   1.613   6.548   0.030  -0.151   0.000 03E020M000t
00046 ARG03A0105_046 f 0.00  0.000     0  0.00  0  0 -12.503   1.213   3.193   0.012  -0.162   0.000 03E108M000t
00047 ARG03A0105_047 f 0.00  0.000     0  0.00  0  0 -12.312   0.814   0.457   0.009  -0.164   0.000 03E125M000t
00048 ARG03A0105_048 f 0.00  0.000     0  0.00  0  0 -12.126   1.241   5.881   0.003  -0.167   0.000 03T0BEM000t
00049 ARG03A0105_049 f 0.00  0.000     0  0.00  0  0 -13.434   1.624   3.272   0.014  -0.154   0.000 03T001M000t
00050 ARG03A0105_050 f 0.00  0.000     0  0.00  0  0 -12.571   1.266   5.744   0.008  -0.166   0.000 03T0C6M000t
00051 ARG03A0105_051 f 0.00  0.000     0  0.00  0  0 -12.629   1.234   3.257  -0.026  -0.150   0.000 03T0D6M000t
00052 ARG03A0105_052 f 0.00  0.000     0  0.00  0  0 -13.138   1.538   3.294   0.008  -0.160   0.000 03T008M000t
00053 ARG03A0105_053 f 0.00  0.000     0  0.00  0  0 -11.329   0.731   3.805   0.042  -0.145   0.000 03T027M000t
00054 ARG03A0105_054 f 0.00  0.000     0  0.00  0  0 -12.858   4.593   3.123   0.011  -0.160   0.000 03T07AM000t
00055 ARG03A0105_055 f 0.00  0.000     0  0.00  0  0 -12.086   0.526   3.032   0.012  -0.156   0.000 03T0A6M000t
00056 ARG03A0105_056 f 0.00  0.000     0  0.00  0  0 -11.574   0.945   1.075   0.003  -0.176   0.000 03T134M000t
00057 ARG03A0105_057 f 0.00  0.000     0  0.00  0  0 -12.282   1.877   3.827   0.006  -0.158   0.000 03T007M000t
00058 ARG03A0105_058 f 0.00  0.000     0  0.00  0  0 -14.172   6.997   0.582   0.005  -0.167   0.000 03T076M000t
00059 ARG03A0105_059 f 0.00  0.000     0  0.00  0  0 -11.481   1.787   6.434   0.002  -0.164   0.000 03T0B4M000t
00060 ARG03A0105_060 f 0.00  0.000     0  0.00  0  0 -11.234   1.968   6.459   0.011  -0.167   0.000 03T0BBM000t
00061 ARG+1A0105_061 f 0.00  1.000     0 12.50  0  1 -13.187   0.765   0.587  -0.114  -0.805   0.000 +1O000M000t
00062 ARG+1A0105_062 f 0.00  1.000     0 12.50  0  1 -13.399   1.623   3.273   0.046  -0.820   0.000 +1E001M000t
00063 ARG+1A0105_063 f 0.00  1.000     0 12.50  0  1 -12.388   1.880   3.828   0.019  -0.827   0.000 +1E007M000t
00064 ARG+1A0105_064 f 0.00  1.000     0 12.50  0  1 -11.429   0.702   3.805  -0.042  -0.805   0.000 +1E027M000t
00065 ARG+1A0105_065 f 0.00  1.000     0 12.50  0  1 -13.898   7.037   0.577   0.068  -0.825   0.000 +1E076M000t
00066 ARG+1A0105_066 f 0.00  1.000     0 12.50  0  1 -12.884   4.585   3.123   0.030  -0.832   0.000 +1E07AM000t
00067 ARG+1A0105_067 f 0.00  1.000     0 12.50  0  1 -11.526   1.788   6.444   0.068  -0.817   0.000 +1E0B4M000t
00068 ARG+1A0105_068 f 0.00  1.000     0 12.50  0  1 -11.970   1.245   5.887   0.043  -0.831   0.000 +1E0BEM000t
00069 ARG+1A0105_069 f 0.00  1.000     0 12.50  0  1 -12.613   1.262   5.747   0.022  -0.829   0.000 +1E0C6M000t
00070 ARG+1A0105_070 f 0.00  1.000     0 12.50  0  1 -12.265   0.806   0.461   0.041  -0.818   0.000 +1E125M000t
00071 ARG+1A0105_071 f 0.00  1.000     0 12.50  0  1 -11.632   0.713   0.467   0.042  -0.820   0.000 +1E126M000t
00072 ARG+1A0105_072 f 0.00  1.000     0 12.50  0  1 -11.705   0.945   1.084   0.065  -0.811   0.000 +1E134M000t
00073 ARG+1A0105_073 f 0.00  1.000     0 12.50  0  1 -13.116   1.537   3.295   0.013  -0.824   0.000 +1T008M000t
00074 ARG+1A0105_074 f 0.00  1.000     0 12.50  0  1 -11.167   1.615   6.548   0.117  -0.811   0.000 +1T020M000t
00075 ARG+1A0105_075 f 0.00  1.000     0 12.50  0  1 -12.204   0.684   3.041   0.025  -0.829   0.000 +1T09AM000t
00076 ARG+1A0105_076 f 0.00  1.000     0 12.50  0  1 -12.126   0.521   3.038   0.025  -0.825   0.000 +1T0A6M000t
00077 ARG+1A0105_077 f 0.00  1.000     0 12.50  0  1 -11.270   1.961   6.460   0.047  -0.830   0.000 +1T0BBM000t
00078 ARG+1A0105_078 f 0.00  1.000     0 12.50  0  1 -12.658   1.237   3.258  -0.061  -0.794   0.000 +1T0D6M000t
00079 ARG+1A0105_079 f 0.00  1.000     0 12.50  0  1 -12.702   1.368   3.238   0.060  -0.831   0.000 +1T102M000t
00080 ARG+1A0105_080 f 0.00  1.000     0 12.50  0  1 -12.473   1.211   3.196   0.115  -0.813   0.000 +1T108M000t
