CONFORMER         crg  vdw0  vdw1  tors  epol  self   occ  Hb     history    ASA
ARG01A0105_001  0.000-13.12  0.77  0.59  0.00-11.77 0.502  00  01O000M000  1.000
ARG01A0105_002  0.000-11.29  0.74  3.80  0.00 -6.75 0.502  00  01E027M000  1.000
ARG01A0105_003  0.000-12.68  4.60  3.13  0.00 -4.95 0.502  00  01E07AM000  1.000
ARG01A0105_004  0.000-12.40  0.68  3.07  0.00 -8.65 0.502  00  01E09AM000  1.000
ARG01A0105_005  0.000-12.03  0.52  3.04  0.00 -8.46 0.501  00  01E0A6M000  1.000
ARG01A0105_006  0.000-11.35  1.79  6.63  0.00 -2.94 0.501  00  01E0B4M000  1.000
ARG01A0105_007  0.000-11.37  1.96  6.62  0.00 -2.79 0.501  00  01E0BBM000  1.000
ARG01A0105_008  0.000-11.78  1.25  5.89  0.00 -4.64 0.502  00  01E0BEM000  1.000
ARG01A0105_009  0.000-12.50  1.37  3.24  0.00 -7.90 0.501  00  01E102M000  1.000
ARG01A0105_010  0.000-12.36  1.25  3.21  0.00 -7.90 0.501  00  01E108M000  1.000
ARG01A0105_011  0.000-11.54  0.72  0.47  0.00-10.35 0.502  00  01E126M000  1.000
ARG01A0105_012  0.000-13.33  1.67  3.26  0.00 -8.39 0.501  00  01T001M000  1.000
ARG01A0105_013  0.000-12.38  1.88  3.83  0.00 -6.67 0.501  00  01T007M000  1.000
ARG01A0105_014  0.000-12.96  1.55  3.29  0.00 -8.12 0.502  00  01T008M000  1.000
ARG01A0105_015  0.000-11.00  1.71  6.56  0.00 -2.73 0.502  00  01T020M000  1.000
ARG01A0105_016  0.000-14.14  7.14  0.59  0.00 -6.42 0.502  00  01T076M000  1.000
ARG01A0105_017  0.000-12.47  1.27  5.96  0.00 -5.24 0.501  00  01T0C6M000  1.000
ARG01A0105_018  0.000-12.60  1.31  3.26  0.00 -8.03 0.502  00  01T0D6M000  1.000
ARG01A0105_019  0.000-12.19  0.87  0.63  0.00-10.70 0.501  00  01T125M000  1.000
ARG01A0105_020  0.000-12.18  1.08  1.42  0.00 -9.68 0.502  00  01T134M000  1.000
ARG02A0105_021  0.000-13.14  0.78  0.59  0.00-11.77 0.502  00  02O000M000  1.000
ARG02A0105_022  0.000-13.79  7.02  0.58  0.00 -6.19 0.502  00  02E076M000  1.000
ARG02A0105_023  0.000-11.58  0.71  0.47  0.00-10.40 0.502  00  02E126M000  1.000
ARG02A0105_024  0.000-11.23  0.71  3.80  0.00 -6.72 0.502  00  02E027M000  1.000
ARG02A0105_025  0.000-12.70  4.59  3.12  0.00 -4.99 0.502  00  02E07AM000  1.000
ARG02A0105_026  0.000-11.99  0.53  3.03  0.00 -8.43 0.501  00  02E0A6M000  1.000
ARG02A0105_027  0.000-11.24  1.97  6.46  0.00 -2.81 0.501  00  02E0BBM000  1.000
ARG02A0105_028  0.000-12.55  1.24  3.26  0.00 -8.05 0.502  00  02E0D6M000  1.000
ARG02A0105_029  0.000-12.19  0.81  0.46  0.00-10.92 0.501  00  02E125M000  1.000
ARG02A0105_030  0.000-11.79  1.24  5.88  0.00 -4.67 0.502  00  02T0BEM000  1.000
ARG02A0105_031  0.000-13.36  1.63  3.27  0.00 -8.45 0.501  00  02T001M000  1.000
ARG02A0105_032  0.000-12.57  1.27  5.74  0.00 -5.56 0.501  00  02T0C6M000  1.000
ARG02A0105_033  0.000-12.65  1.37  3.24  0.00 -8.05 0.501  00  02T102M000  1.000
ARG02A0105_034  0.000-12.13  1.88  3.82  0.00 -6.42 0.501  00  02T007M000  1.000
ARG02A0105_035  0.000-10.98  1.71  6.55  0.00 -2.73 0.502  00  02T020M000  1.000
ARG02A0105_036  0.000-12.14  0.68  3.04  0.00 -8.42 0.502  00  02T09AM000  1.000
ARG02A0105_037  0.000-11.42  1.79  6.44  0.00 -3.18 0.501  00  02T0B4M000  1.000
ARG02A0105_038  0.000-12.44  1.21  3.20  0.00 -8.03 0.501  00  02T108M000  1.000
ARG02A0105_039  0.000-12.97  1.53  3.29  0.00 -8.15 0.502  00  02T008M000  1.000
ARG02A0105_040  0.000-11.53  0.94  1.08  0.00 -9.51 0.502  00  02T134M000  1.000
ARG03A0105_041  0.000-12.25  0.69  3.03  0.00 -8.53 0.502  00  03E09AM000  1.000
ARG03A0105_042  0.000-12.57  1.39  3.23  0.00 -7.94 0.501  00  03E102M000  1.000
ARG03A0105_043  0.000-11.59  0.71  0.47  0.00-10.41 0.502  00  03E126M000  1.000
ARG03A0105_044  0.000-13.14  0.77  0.59  0.00-11.79 0.502  00  03O000M000  1.000
ARG03A0105_045  0.000-11.13  1.61  6.55  0.00 -2.97 0.502  00  03E020M000  1.000
ARG03A0105_046  0.000-12.50  1.22  3.19  0.00 -8.08 0.501  00  03E108M000  1.000
ARG03A0105_047  0.000-12.26  0.81  0.46  0.00-10.99 0.501  00  03E125M000  1.000
ARG03A0105_048  0.000-12.12  1.24  5.88  0.00 -5.00 0.502  00  03T0BEM000  1.000
ARG03A0105_049  0.000-13.43  1.62  3.27  0.00 -8.54 0.501  00  03T001M000  1.000
ARG03A0105_050  0.000-12.58  1.27  5.74  0.00 -5.57 0.501  00  03T0C6M000  1.000
ARG03A0105_051  0.000-12.63  1.23  3.26  0.00 -8.14 0.502  00  03T0D6M000  1.000
ARG03A0105_052  0.000-13.14  1.54  3.29  0.00 -8.31 0.502  00  03T008M000  1.000
ARG03A0105_053  0.000-11.33  0.73  3.80  0.00 -6.79 0.502  00  03T027M000  1.000
ARG03A0105_054  0.000-12.85  4.59  3.12  0.00 -5.13 0.502  00  03T07AM000  1.000
ARG03A0105_055  0.000-12.09  0.53  3.03  0.00 -8.53 0.501  00  03T0A6M000  1.000
ARG03A0105_056  0.000-11.57  0.95  1.07  0.00 -9.55 0.502  00  03T134M000  1.000
ARG03A0105_057  0.000-12.29  1.88  3.83  0.00 -6.58 0.501  00  03T007M000  1.000
ARG03A0105_058  0.000-14.17  7.00  0.58  0.00 -6.59 0.502  00  03T076M000  1.000
ARG03A0105_059  0.000-11.48  1.79  6.43  0.00 -3.25 0.501  00  03T0B4M000  1.000
ARG03A0105_060  0.000-11.23  1.97  6.46  0.00 -2.81 0.501  00  03T0BBM000  1.000
ARG+1A0105_061  1.000-13.19  0.77  0.59  0.00-11.83 0.502  00  +1O000M000  1.000
ARG+1A0105_062  1.000-13.40  1.62  3.27  0.00 -8.50 0.501  00  +1E001M000  1.000
ARG+1A0105_063  1.000-12.39  1.88  3.83  0.00 -6.68 0.501  00  +1E007M000  1.000
ARG+1A0105_064  1.000-11.43  0.70  3.81  0.00 -6.92 0.502  00  +1E027M000  1.000
ARG+1A0105_065  1.000-13.90  7.05  0.58  0.00 -6.28 0.502  00  +1E076M000  1.000
ARG+1A0105_066  1.000-12.88  4.59  3.12  0.00 -5.17 0.502  00  +1E07AM000  1.000
ARG+1A0105_067  1.000-11.52  1.79  6.44  0.00 -3.29 0.501  00  +1E0B4M000  1.000
ARG+1A0105_068  1.000-11.97  1.24  5.89  0.00 -4.84 0.502  00  +1E0BEM000  1.000
ARG+1A0105_069  1.000-12.61  1.26  5.75  0.00 -5.60 0.501  00  +1E0C6M000  1.000
ARG+1A0105_070  1.000-12.26  0.81  0.46  0.00-10.99 0.501  00  +1E125M000  1.000
ARG+1A0105_071  1.000-11.63  0.72  0.47  0.00-10.45 0.502  00  +1E126M000  1.000
ARG+1A0105_072  1.000-11.71  0.94  1.08  0.00 -9.68 0.502  00  +1E134M000  1.000
ARG+1A0105_073  1.000-13.11  1.54  3.29  0.00 -8.28 0.502  00  +1T008M000  1.000
ARG+1A0105_074  1.000-11.16  1.62  6.55  0.00 -2.99 0.502  00  +1T020M000  1.000
ARG+1A0105_075  1.000-12.21  0.68  3.04  0.00 -8.48 0.502  00  +1T09AM000  1.000
ARG+1A0105_076  1.000-12.13  0.52  3.04  0.00 -8.57 0.501  00  +1T0A6M000  1.000
ARG+1A0105_077  1.000-11.28  1.97  6.46  0.00 -2.85 0.501  00  +1T0BBM000  1.000
ARG+1A0105_078  1.000-12.67  1.24  3.26  0.00 -8.17 0.502  00  +1T0D6M000  1.000
ARG+1A0105_079  1.000-12.70  1.37  3.24  0.00 -8.09 0.501  00  +1T102M000  1.000
ARG+1A0105_080  1.000-12.48  1.21  3.20  0.00 -8.07 0.501  00  +1T108M000  1.000
