   confID        vdw0    sas     sum
ARG01A0105_001   1.215 -14.341 -13.126
ARG01A0105_002   2.431 -13.720 -11.289
ARG01A0105_003   1.427 -14.165 -12.738
ARG01A0105_004   2.248 -14.598 -12.350
ARG01A0105_005   1.964 -14.000 -12.036
ARG01A0105_006   3.425 -14.783 -11.358
ARG01A0105_007   3.366 -14.729 -11.363
ARG01A0105_008   2.260 -14.038 -11.778
ARG01A0105_009   2.141 -14.644 -12.503
ARG01A0105_010   2.197 -14.555 -12.358
ARG01A0105_011   2.353 -13.884 -11.531
ARG01A0105_012   1.192 -14.521 -13.330
ARG01A0105_013   1.824 -14.201 -12.377
ARG01A0105_014   1.207 -14.169 -12.962
ARG01A0105_015   3.398 -14.397 -10.999
ARG01A0105_016   0.963 -15.107 -14.143
ARG01A0105_017   1.919 -14.387 -12.468
ARG01A0105_018   2.174 -14.775 -12.601
ARG01A0105_019   1.915 -14.103 -12.188
ARG01A0105_020   2.347 -14.525 -12.178
ARG02A0105_021   1.201 -14.341 -13.140
ARG02A0105_022   0.977 -14.769 -13.792
ARG02A0105_023   2.299 -13.881 -11.582
ARG02A0105_024   2.481 -13.720 -11.238
ARG02A0105_025   1.460 -14.233 -12.772
ARG02A0105_026   2.057 -14.051 -11.994
ARG02A0105_027   3.409 -14.639 -11.230
ARG02A0105_028   2.156 -14.711 -12.554
ARG02A0105_029   2.168 -14.302 -12.134
ARG02A0105_030   2.245 -14.038 -11.793
ARG02A0105_031   1.163 -14.521 -13.358
ARG02A0105_032   1.843 -14.416 -12.573
ARG02A0105_033   2.099 -14.756 -12.658
ARG02A0105_034   1.903 -14.034 -12.131
ARG02A0105_035   3.478 -14.461 -10.983
ARG02A0105_036   2.300 -14.444 -12.143
ARG02A0105_037   3.355 -14.771 -11.416
ARG02A0105_038   2.245 -14.683 -12.438
ARG02A0105_039   1.262 -14.237 -12.975
ARG02A0105_040   2.851 -14.384 -11.533
ARG03A0105_041   2.201 -14.447 -12.246
ARG03A0105_042   2.079 -14.644 -12.565
ARG03A0105_043   2.292 -13.884 -11.592
ARG03A0105_044   1.197 -14.341 -13.144
ARG03A0105_045   3.325 -14.461 -11.136
ARG03A0105_046   2.180 -14.683 -12.503
ARG03A0105_047   2.109 -14.421 -12.312
ARG03A0105_048   2.214 -14.341 -12.126
ARG03A0105_049   1.155 -14.589 -13.434
ARG03A0105_050   1.844 -14.416 -12.571
ARG03A0105_051   2.082 -14.711 -12.629
ARG03A0105_052   1.163 -14.301 -13.138
ARG03A0105_053   2.391 -13.720 -11.329
ARG03A0105_054   1.375 -14.233 -12.858
ARG03A0105_055   1.965 -14.051 -12.086
ARG03A0105_056   2.813 -14.387 -11.574
ARG03A0105_057   1.816 -14.098 -12.282
ARG03A0105_058   0.989 -15.161 -14.172
ARG03A0105_059   3.290 -14.771 -11.481
ARG03A0105_060   3.341 -14.574 -11.234
ARG+1A0105_061   1.154 -14.341 -13.187
ARG+1A0105_062   1.122 -14.521 -13.399
ARG+1A0105_063   1.761 -14.149 -12.388
ARG+1A0105_064   2.338 -13.768 -11.429
ARG+1A0105_065   0.955 -14.853 -13.898
ARG+1A0105_066   1.348 -14.233 -12.884
ARG+1A0105_067   3.244 -14.771 -11.526
ARG+1A0105_068   2.187 -14.158 -11.970
ARG+1A0105_069   1.803 -14.416 -12.613
ARG+1A0105_070   2.089 -14.354 -12.265
ARG+1A0105_071   2.252 -13.884 -11.632
ARG+1A0105_072   2.795 -14.499 -11.705
ARG+1A0105_073   1.121 -14.237 -13.116
ARG+1A0105_074   3.294 -14.461 -11.167
ARG+1A0105_075   2.176 -14.380 -12.204
ARG+1A0105_076   1.925 -14.051 -12.126
ARG+1A0105_077   3.304 -14.574 -11.270
ARG+1A0105_078   2.053 -14.711 -12.658
ARG+1A0105_079   2.054 -14.756 -12.702
ARG+1A0105_080   2.146 -14.619 -12.473
