   confID        vdw0    sas     sum
GLU01A0010_001   1.271  -4.653  -3.382
GLU01A0010_002   1.390  -4.862  -3.471
GLU01A0010_003   1.917  -5.066  -3.148
GLU01A0010_004   0.920  -4.614  -3.694
GLU01A0010_005   1.271  -4.653  -3.382
GLU01A0010_006   1.756  -4.805  -3.049
GLU01A0010_007   1.778  -4.752  -2.974
GLU01A0010_008   1.015  -4.819  -3.804
GLU01A0010_009   1.939  -4.713  -2.774
GLU01A0010_010   1.759  -4.767  -3.007
GLU01A0010_011   1.782  -4.752  -2.970
GLU01A0010_012   1.016  -4.819  -3.803
GLU01A0010_013   1.390  -4.862  -3.471
GLU01A0010_014   1.939  -4.713  -2.774
GLU02A0010_015   1.083  -4.627  -3.544
GLU02A0010_016   1.199  -4.949  -3.750
GLU02A0010_017   2.372  -5.046  -2.674
GLU02A0010_018   1.021  -4.483  -3.462
GLU02A0010_019   1.083  -4.627  -3.544
GLU02A0010_020   1.466  -4.788  -3.322
GLU02A0010_021   2.404  -4.742  -2.337
GLU02A0010_022   1.468  -4.788  -3.320
GLU02A0010_023   2.408  -4.742  -2.334
GLU02A0010_024   0.996  -4.915  -3.919
GLU02A0010_025   1.202  -5.014  -3.811
GLU02A0010_026   0.996  -5.005  -4.009
GLU-1A0010_027   0.983  -4.556  -3.573
GLU-1A0010_028   1.142  -4.735  -3.593
GLU-1A0010_029   0.834  -4.474  -3.641
GLU-1A0010_030   0.839  -4.474  -3.635
GLU-1A0010_031   0.825  -4.886  -4.060
