iConf CONFORMER     FL  occ    crg   Em0  pKa0 ne nH    vdw0    vdw1    tors    epol   dsolv   extra    history
00001 GLN01A0080_001 f 0.00  0.000     0  0.00  0  0  -0.192   1.301   1.581   0.057  -1.235   0.000 01O000M000t
00002 GLN01A0080_002 f 0.00  0.000     0  0.00  0  0  -2.367   1.322   1.582  -0.025  -1.351   0.000 01R001M000t
00003 GLN01A0080_003 f 0.00  0.000     0  0.00  0  0  -4.429   0.951   1.879  -0.004  -1.299   0.000 01E003M000t
00004 GLN01A0080_004 f 0.00  0.000     0  0.00  0  0  -4.326   0.869   1.712   0.015  -1.271   0.000 01E008M000t
00005 GLN01A0080_005 f 0.00  0.000     0  0.00  0  0  -4.498   0.156   2.798   0.022  -1.295   0.000 01E014M000t
00006 GLN01A0080_006 f 0.00  0.000     0  0.00  0  0  -3.702   1.634   1.192   0.020  -1.236   0.000 01E020M000t
00007 GLN01A0080_007 f 0.00  0.000     0  0.00  0  0  -3.620   0.390   1.081   0.072  -1.245   0.000 01E028M000t
00008 GLN01A0080_008 f 0.00  0.000     0  0.00  0  0  -4.675   0.004   3.076   0.034  -1.267   0.000 01E02EM000t
00009 GLN01A0080_009 f 0.00  0.000     0  0.00  0  0  -3.870   0.036   2.234  -0.055  -1.253   0.000 01E02FM000t
00010 GLN01A0080_010 f 0.00  0.000     0  0.00  0  0  -3.289   0.887   1.476   0.035  -1.235   0.000 01T002M000t
00011 GLN01A0080_011 f 0.00  0.000     0  0.00  0  0  -4.295   0.929   1.874   0.046  -1.279   0.000 01T005M000t
00012 GLN01A0080_012 f 0.00  0.000     0  0.00  0  0  -3.580  -0.131   1.499   0.017  -1.249   0.000 01T00BM000t
00013 GLN01A0080_013 f 0.00  0.000     0  0.00  0  0  -3.983   0.114   1.792   0.023  -1.264   0.000 01T013M000t
00014 GLN01A0080_014 f 0.00  0.000     0  0.00  0  0  -3.563   1.089   1.471   0.036  -1.278   0.000 01T015M000t
00015 GLN01A0080_015 f 0.00  0.000     0  0.00  0  0  -4.492  -0.104   1.108   0.032  -1.283   0.000 01T02AM000t
00016 GLN01A0080_016 f 0.00  0.000     0  0.00  0  0  -4.259  -0.165   4.010  -0.001  -1.273   0.000 01T02BM000t
00017 GLN01A0080_017 f 0.00  0.000     0  0.00  0  0  -4.530   0.702   2.533  -0.073  -1.233   0.000 01T033M000t
00018 GLN01A0080_018 f 0.00  0.000     0  0.00  0  0  -4.218   3.476   1.444   0.134  -1.165   0.000 01T034M000t
00019 GLN01A0080_019 f 0.00  0.000     0  0.00  0  0  -4.022   0.689   1.105  -0.016  -1.237   0.000 01T036M000t
