CONFORMER         crg  vdw0  vdw1  tors  epol  self   occ  Hb     history    ASA
GLN01A0080_001  0.000 -0.20  1.30  1.58  0.00  2.68 0.000  00  01O000M000  1.028
GLN01A0080_002  0.000 -2.37  1.32  1.58  0.00  0.53 0.511  00  01R001M000  1.016
GLN01A0080_003  0.000 -4.43  0.95  1.88  0.00 -1.60 0.510  00  01E003M000  1.079
GLN01A0080_004  0.000 -4.33  0.87  1.71  0.00 -1.75 0.508  00  01E008M000  1.099
GLN01A0080_005  0.000 -4.50  0.15  2.80  0.00 -1.54 0.510  00  01E014M000  1.010
GLN01A0080_006  0.000 -3.70  1.64  1.19  0.00 -0.87 0.509  00  01E020M000  1.005
GLN01A0080_007  0.000 -3.62  0.39  1.08  0.00 -2.15 0.509  00  01E028M000  1.020
GLN01A0080_008  0.000 -4.67  0.00  3.08  0.00 -1.59 0.509  00  01E02EM000  1.020
GLN01A0080_009  0.000 -3.87  0.04  2.23  0.00 -1.60 0.508  00  01E02FM000  1.000
GLN01A0080_010  0.000 -3.29  0.89  1.47  0.00 -0.93 0.508  00  01T002M000  1.000
GLN01A0080_011  0.000 -4.28  0.93  1.87  0.00 -1.48 0.508  00  01T005M000  1.053
GLN01A0080_012  0.000 -3.58 -0.13  1.50  0.00 -2.21 0.511  00  01T00BM000  1.007
GLN01A0080_013  0.000 -3.98  0.11  1.79  0.00 -2.08 0.509  00  01T013M000  1.003
GLN01A0080_014  0.000 -3.56  1.09  1.47  0.00 -1.01 0.509  00  01T015M000  1.011
GLN01A0080_015  0.000 -4.50 -0.10  1.11  0.00 -3.49 0.511  00  01T02AM000  1.025
GLN01A0080_016  0.000 -4.26 -0.16  4.01  0.00 -0.42 0.510  00  01T02BM000  1.005
GLN01A0080_017  0.000 -4.53  0.70  2.53  0.00 -1.29 0.509  00  01T033M000  1.013
GLN01A0080_018  0.000 -4.22  3.48  1.44  0.00  0.70 0.508  00  01T034M000  1.030
GLN01A0080_019  0.000 -4.02  0.69  1.11  0.00 -2.23 0.508  00  01T036M000  1.019
