   confID        vdw0    sas     sum
GLN01A0080_001   4.735  -4.927  -0.192
GLN01A0080_002   2.588  -4.955  -2.367
GLN01A0080_003   0.692  -5.121  -4.429
GLN01A0080_004   1.098  -5.424  -4.326
GLN01A0080_005   0.504  -5.002  -4.498
GLN01A0080_006   1.100  -4.802  -3.702
GLN01A0080_007   1.579  -5.199  -3.620
GLN01A0080_008   0.614  -5.289  -4.675
GLN01A0080_009   1.151  -5.021  -3.870
GLN01A0080_010   1.393  -4.682  -3.289
GLN01A0080_011   0.796  -5.092  -4.295
GLN01A0080_012   1.386  -4.967  -3.580
GLN01A0080_013   0.845  -4.828  -3.983
GLN01A0080_014   1.390  -4.954  -3.563
GLN01A0080_015   0.755  -5.247  -4.492
GLN01A0080_016   0.836  -5.095  -4.259
GLN01A0080_017   0.705  -5.236  -4.530
GLN01A0080_018   0.895  -5.113  -4.218
GLN01A0080_019   1.054  -5.076  -4.022
