CONFORMER         crg  vdw0  vdw1  tors  epol  self   occ  Hb     history    ASA
LYS01A0028_001  0.000-11.13  1.15  2.67  0.00 -7.31 0.503  00  01O000M000  1.000
LYS01A0028_002  0.000 -9.56  3.44  5.06  0.00 -1.06 0.504  00  01E014M000  1.000
LYS01A0028_003  0.000 -5.42  0.83  2.19  0.00 -2.39 0.503  00  01E019M000  1.000
LYS01A0028_004  0.000 -9.73  1.24  1.73  0.00 -6.76 0.503  00  01E03AM000  1.000
LYS01A0028_005  0.000-11.48  5.21  1.17  0.00 -5.10 0.502  00  01E03BM000  1.000
LYS01A0028_006  0.000 -9.98  1.17  1.54  0.00 -7.27 0.503  00  01E06EM000  1.000
LYS01A0028_007  0.000 -9.76  3.55  5.24  0.00 -0.97 0.502  00  01E07AM000  1.000
LYS01A0028_008  0.000 -9.85  3.38  4.70  0.00 -1.78 0.502  00  01E07DM000  1.000
LYS01A0028_009  0.000 -3.61  1.15  2.31  0.00 -0.16 0.503  00  01E082M000  1.000
LYS01A0028_010  0.000 -5.01  0.87  2.21  0.00 -1.93 0.503  00  01E086M000  1.000
LYS01A0028_011  0.000-10.63  5.21  2.11  0.00 -3.31 0.502  00  01E08FM000  1.000
LYS01A0028_012  0.000-10.63  6.02  4.57  0.00 -0.04 0.504  00  01E0ABM000  1.000
LYS01A0028_013  0.000 -9.31  1.42  2.64  0.00 -5.25 0.503  00  01T013M000  1.000
LYS01A0028_014  0.000-10.76  1.20  1.62  0.00 -7.94 0.502  00  01T025M000  1.000
LYS01A0028_015  0.000-10.16  1.45  0.94  0.00 -7.77 0.502  00  01T02EM000  1.000
LYS01A0028_016  0.000 -9.44  5.17  2.33  0.00 -1.95 0.503  00  01T04BM000  1.000
LYS01A0028_017  0.000 -8.63  1.22  1.14  0.00 -6.28 0.503  00  01T074M000  1.000
LYS01A0028_018  0.000 -5.15  1.57  2.41  0.00 -1.18 0.502  00  01T0A4M000  1.000
LYS01A0028_019  0.000-10.53  5.54  4.55  0.00 -0.43 0.503  00  01T0A8M000  1.000
LYS01A0028_020  0.000 -9.95  6.45  4.56  0.00  1.07 0.503  00  01T0ACM000  1.000
LYS+1A0028_021  1.000-11.18  1.15  2.67  0.00 -7.35 0.503  00  +1O000M000  1.000
LYS+1A0028_022  1.000-10.17  1.45  0.97  0.00 -7.74 0.502  00  +1E02EM000  1.000
LYS+1A0028_023  1.000 -9.81  1.24  1.79  0.00 -6.78 0.503  00  +1E03AM000  1.000
LYS+1A0028_024  1.000 -9.43  5.24  2.39  0.00 -1.80 0.503  00  +1E04BM000  1.000
LYS+1A0028_025  1.000 -8.67  1.21  1.19  0.00 -6.27 0.503  00  +1E074M000  1.000
LYS+1A0028_026  1.000 -9.78  3.57  5.33  0.00 -0.88 0.502  00  +1E07AM000  1.000
LYS+1A0028_027  1.000 -9.97  3.39  4.76  0.00 -1.81 0.502  00  +1E07DM000  1.000
LYS+1A0028_028  1.000 -5.29  0.85  2.25  0.00 -2.19 0.503  00  +1E086M000  1.000
LYS+1A0028_029  1.000-10.42  5.57  4.60  0.00 -0.25 0.503  00  +1E0A8M000  1.000
LYS+1A0028_030  1.000-10.74  6.04  4.60  0.00 -0.10 0.504  00  +1E0ABM000  1.000
LYS+1A0028_031  1.000-10.09  6.38  4.61  0.00  0.91 0.503  00  +1E0ACM000  1.000
LYS+1A0028_032  1.000 -9.47  1.42  2.72  0.00 -5.33 0.503  00  +1T013M000  1.000
LYS+1A0028_033  1.000 -9.61  3.43  5.15  0.00 -1.04 0.504  00  +1T014M000  1.000
LYS+1A0028_034  1.000 -5.58  0.83  2.22  0.00 -2.53 0.503  00  +1T019M000  1.000
LYS+1A0028_035  1.000-10.86  1.20  1.68  0.00 -7.99 0.502  00  +1T025M000  1.000
LYS+1A0028_036  1.000-11.52  5.31  1.18  0.00 -5.03 0.502  00  +1T03BM000  1.000
LYS+1A0028_037  1.000-10.13  1.17  1.58  0.00 -7.38 0.503  00  +1T06EM000  1.000
LYS+1A0028_038  1.000 -3.78  1.15  2.35  0.00 -0.28 0.503  00  +1T082M000  1.000
LYS+1A0028_039  1.000-10.72  5.36  2.16  0.00 -3.20 0.502  00  +1T08FM000  1.000
LYS+1A0028_040  1.000 -5.20  1.58  2.45  0.00 -1.16 0.502  00  +1T0A4M000  1.000
