iConf CONFORMER     FL  occ    crg   Em0  pKa0 ne nH    vdw0    vdw1    tors    epol   dsolv   extra    history
00001 LYS01A0028_001 f 0.00  0.000     0  0.00  0  0 -11.130   1.154   2.668  -0.003  -0.063   0.000 01O000M000t
00002 LYS01A0028_002 f 0.00  0.000     0  0.00  0  0  -9.552   3.441   5.061  -0.003  -0.063   0.000 01E014M000t
00003 LYS01A0028_003 f 0.00  0.000     0  0.00  0  0  -5.434   0.838   2.195  -0.002  -0.063   0.000 01E019M000t
00004 LYS01A0028_004 f 0.00  0.000     0  0.00  0  0  -9.736   1.235   1.731  -0.003  -0.062   0.000 01E03AM000t
00005 LYS01A0028_005 f 0.00  0.000     0  0.00  0  0 -11.478   5.216   1.166  -0.004  -0.070   0.000 01E03BM000t
00006 LYS01A0028_006 f 0.00  0.000     0  0.00  0  0  -9.979   1.174   1.540   0.007  -0.063   0.000 01E06EM000t
00007 LYS01A0028_007 f 0.00  0.000     0  0.00  0  0  -9.754   3.553   5.239  -0.002  -0.061   0.000 01E07AM000t
00008 LYS01A0028_008 f 0.00  0.000     0  0.00  0  0  -9.852   3.380   4.698  -0.000  -0.063   0.000 01E07DM000t
00009 LYS01A0028_009 f 0.00  0.000     0  0.00  0  0  -3.715   1.150   2.309  -0.006  -0.059   0.000 01E082M000t
00010 LYS01A0028_010 f 0.00  0.000     0  0.00  0  0  -5.002   0.862   2.204  -0.017  -0.055   0.000 01E086M000t
00011 LYS01A0028_011 f 0.00  0.000     0  0.00  0  0 -10.625   5.224   2.109  -0.003  -0.063   0.000 01E08FM000t
00012 LYS01A0028_012 f 0.00  0.000     0  0.00  0  0 -10.635   6.021   4.576  -0.010  -0.060   0.000 01E0ABM000t
00013 LYS01A0028_013 f 0.00  0.000     0  0.00  0  0  -9.308   1.424   2.638  -0.001  -0.062   0.000 01T013M000t
00014 LYS01A0028_014 f 0.00  0.000     0  0.00  0  0 -10.756   1.198   1.623  -0.002  -0.059   0.000 01T025M000t
00015 LYS01A0028_015 f 0.00  0.000     0  0.00  0  0 -10.163   1.453   0.940   0.003  -0.059   0.000 01T02EM000t
00016 LYS01A0028_016 f 0.00  0.000     0  0.00  0  0  -9.451   5.175   2.325   0.008  -0.062   0.000 01T04BM000t
00017 LYS01A0028_017 f 0.00  0.000     0  0.00  0  0  -8.630   1.221   1.136   0.003  -0.059   0.000 01T074M000t
00018 LYS01A0028_018 f 0.00  0.000     0  0.00  0  0  -5.158   1.567   2.412   0.012  -0.063   0.000 01T0A4M000t
00019 LYS01A0028_019 f 0.00  0.000     0  0.00  0  0 -10.523   5.530   4.551  -0.011  -0.060   0.000 01T0A8M000t
00020 LYS01A0028_020 f 0.00  0.000     0  0.00  0  0  -9.946   6.453   4.562  -0.003  -0.059   0.000 01T0ACM000t
00021 LYS+1A0028_021 f 0.00  1.000     0 10.40  0  1 -11.173   1.153   2.668   0.017  -1.013   0.000 +1O000M000t
00022 LYS+1A0028_022 f 0.00  1.000     0 10.40  0  1 -10.173   1.453   0.972  -0.006  -0.991   0.000 +1E02EM000t
00023 LYS+1A0028_023 f 0.00  1.000     0 10.40  0  1  -9.817   1.239   1.789   0.025  -0.998   0.000 +1E03AM000t
00024 LYS+1A0028_024 f 0.00  1.000     0 10.40  0  1  -9.427   5.234   2.386  -0.041  -0.999   0.000 +1E04BM000t
00025 LYS+1A0028_025 f 0.00  1.000     0 10.40  0  1  -8.675   1.210   1.194   0.026  -0.992   0.000 +1E074M000t
00026 LYS+1A0028_026 f 0.00  1.000     0 10.40  0  1  -9.776   3.578   5.324   0.013  -1.003   0.000 +1E07AM000t
00027 LYS+1A0028_027 f 0.00  1.000     0 10.40  0  1  -9.960   3.382   4.767   0.035  -0.999   0.000 +1E07DM000t
00028 LYS+1A0028_028 f 0.00  1.000     0 10.40  0  1  -5.291   0.850   2.247  -0.057  -0.960   0.000 +1E086M000t
00029 LYS+1A0028_029 f 0.00  1.000     0 10.40  0  1 -10.416   5.579   4.595  -0.078  -0.980   0.000 +1E0A8M000t
00030 LYS+1A0028_030 f 0.00  1.000     0 10.40  0  1 -10.732   6.037   4.602   0.011  -0.990   0.000 +1E0ABM000t
00031 LYS+1A0028_031 f 0.00  1.000     0 10.40  0  1 -10.084   6.381   4.614   0.029  -0.991   0.000 +1E0ACM000t
00032 LYS+1A0028_032 f 0.00  1.000     0 10.40  0  1  -9.465   1.421   2.719  -0.005  -1.011   0.000 +1T013M000t
00033 LYS+1A0028_033 f 0.00  1.000     0 10.40  0  1  -9.617   3.427   5.148   0.018  -1.016   0.000 +1T014M000t
00034 LYS+1A0028_034 f 0.00  1.000     0 10.40  0  1  -5.569   0.833   2.223   0.017  -1.003   0.000 +1T019M000t
00035 LYS+1A0028_035 f 0.00  1.000     0 10.40  0  1 -10.930   1.194   1.681   0.017  -1.005   0.000 +1T025M000t
00036 LYS+1A0028_036 f 0.00  1.000     0 10.40  0  1 -11.520   5.299   1.180   0.053  -1.010   0.000 +1T03BM000t
00037 LYS+1A0028_037 f 0.00  1.000     0 10.40  0  1 -10.122   1.166   1.575  -0.055  -1.006   0.000 +1T06EM000t
00038 LYS+1A0028_038 f 0.00  1.000     0 10.40  0  1  -3.757   1.148   2.354  -0.002  -0.990   0.000 +1T082M000t
00039 LYS+1A0028_039 f 0.00  1.000     0 10.40  0  1 -10.722   5.381   2.153   0.017  -0.999   0.000 +1T08FM000t
00040 LYS+1A0028_040 f 0.00  1.000     0 10.40  0  1  -5.185   1.584   2.447  -0.106  -1.010   0.000 +1T0A4M000t
