   confID        vdw0    sas     sum
LYS01A0028_001   1.329 -12.459 -11.130
LYS01A0028_002   2.824 -12.376  -9.552
LYS01A0028_003   7.054 -12.488  -5.434
LYS01A0028_004   2.329 -12.065  -9.736
LYS01A0028_005   0.738 -12.215 -11.478
LYS01A0028_006   1.994 -11.973  -9.979
LYS01A0028_007   2.670 -12.424  -9.754
LYS01A0028_008   2.225 -12.077  -9.852
LYS01A0028_009   8.437 -12.152  -3.715
LYS01A0028_010   7.140 -12.143  -5.002
LYS01A0028_011   1.832 -12.457 -10.625
LYS01A0028_012   2.041 -12.676 -10.635
LYS01A0028_013   2.697 -12.005  -9.308
LYS01A0028_014   1.292 -12.048 -10.756
LYS01A0028_015   1.850 -12.013 -10.163
LYS01A0028_016   2.739 -12.190  -9.451
LYS01A0028_017   3.138 -11.769  -8.630
LYS01A0028_018   7.730 -12.888  -5.158
LYS01A0028_019   2.143 -12.667 -10.523
LYS01A0028_020   2.266 -12.212  -9.946
LYS+1A0028_021   1.286 -12.459 -11.173
LYS+1A0028_022   1.840 -12.013 -10.173
LYS+1A0028_023   2.261 -12.078  -9.817
LYS+1A0028_024   2.695 -12.122  -9.427
LYS+1A0028_025   3.104 -11.778  -8.675
LYS+1A0028_026   2.613 -12.389  -9.776
LYS+1A0028_027   2.139 -12.100  -9.960
LYS+1A0028_028   6.967 -12.259  -5.291
LYS+1A0028_029   2.042 -12.457 -10.416
LYS+1A0028_030   1.998 -12.730 -10.732
LYS+1A0028_031   2.192 -12.277 -10.084
LYS+1A0028_032   2.676 -12.141  -9.465
LYS+1A0028_033   2.775 -12.392  -9.617
LYS+1A0028_034   6.920 -12.488  -5.569
LYS+1A0028_035   1.237 -12.167 -10.930
LYS+1A0028_036   0.695 -12.215 -11.520
LYS+1A0028_037   1.958 -12.080 -10.122
LYS+1A0028_038   8.395 -12.152  -3.757
LYS+1A0028_039   1.735 -12.457 -10.722
LYS+1A0028_040   7.703 -12.888  -5.185
