CONFORMER         crg  vdw0  vdw1  tors  epol  self   occ  Hb     history    ASA
GLU01A0052_001  0.000 -3.75  1.04  3.49  0.00  0.78 0.520  00  01O000M000  1.023
GLU01A0052_002  0.000 -4.19  0.91  3.85  0.00  0.58 0.522  00  01E009M000  1.008
GLU01A0052_003  0.000 -3.34  0.88  5.40  0.00  2.93 0.521  00  01E00EM000  1.031
GLU01A0052_004  0.000 -4.57  1.20  3.84  0.00  0.46 0.520  00  01E011M000  1.013
GLU01A0052_005  0.000 -3.85  0.33  6.51  0.00  2.99 0.520  00  01E012M000  1.030
GLU01A0052_006  0.000 -3.65  1.04  0.77  0.00 -1.84 0.520  00  01O000M000  1.000
GLU01A0052_007  0.000 -3.24  0.79  0.38  0.00 -2.07 0.525  00  01E00AM000  1.000
GLU01A0052_008  0.000 -4.37  0.76  3.52  0.00 -0.09 0.523  00  01E016M000  1.005
GLU01A0052_009  0.000 -4.19  0.73  5.81  0.00  2.35 0.521  00  01T007M000  1.080
GLU01A0052_010  0.000 -4.28  0.12  3.84  0.00 -0.32 0.525  00  01T00DM000  1.019
GLU01A0052_011  0.000 -3.49  0.14  3.24  0.00 -0.11 0.519  00  01T002M000  1.020
GLU01A0052_012  0.000 -3.31  0.79  3.10  0.00  0.58 0.525  00  01T00AM000  1.016
GLU01A0052_013  0.000 -3.89  1.04  3.06  0.00  0.20 0.521  00  01T013M000  1.059
GLU01A0052_014  0.000 -3.90  0.43  6.43  0.00  2.96 0.520  00  01T015M000  1.058
GLU01A0052_015  0.000 -4.37  0.76  6.23  0.00  2.62 0.523  00  01T016M000  1.005
GLU01A0052_016  0.000 -3.30  0.88  2.68  0.00  0.25 0.521  00  01T00EM000  1.023
GLU01A0052_017  0.000 -4.57  1.20  1.10  0.00 -2.27 0.520  00  01T011M000  1.013
GLU01A0052_018  0.000 -3.90  0.42  3.73  0.00  0.25 0.520  00  01T015M000  1.045
GLU01A0052_019  0.000 -3.53  0.14  0.52  0.00 -2.87 0.519  00  01T002M000  1.028
GLU01A0052_020  0.000 -4.01  0.73  3.06  0.00 -0.22 0.521  00  01T007M000  1.070
GLU01A0052_021  0.000 -3.78  0.31  3.72  0.00  0.26 0.520  00  01T012M000  1.033
GLU01A0052_022  0.000 -3.89  1.04  0.34  0.00 -2.52 0.521  00  01T013M000  1.059
GLU02A0052_023  0.000 -3.80  1.05  3.49  0.00  0.74 0.520  00  02O000M000  1.008
GLU02A0052_024  0.000 -3.77  0.15  3.27  0.00 -0.34 0.519  00  02E002M000  1.003
GLU02A0052_025  0.000 -4.17  0.71  5.83  0.00  2.37 0.521  00  02E007M000  1.059
GLU02A0052_026  0.000 -4.10  0.90  3.87  0.00  0.67 0.522  00  02E009M000  1.000
GLU02A0052_027  0.000 -3.65  0.34  6.51  0.00  3.20 0.520  00  02E012M000  1.024
GLU02A0052_028  0.000 -3.76  1.05  0.77  0.00 -1.94 0.520  00  02O000M000  1.000
GLU02A0052_029  0.000 -4.17  0.12  1.06  0.00 -3.00 0.525  00  02E00DM000  1.020
GLU02A0052_030  0.000 -4.00  1.06  0.32  0.00 -2.61 0.521  00  02E013M000  1.045
GLU02A0052_031  0.000 -4.29  0.85  3.84  0.00  0.40 0.522  00  02T00BM000  1.015
GLU02A0052_032  0.000 -4.21  0.13  3.86  0.00 -0.22 0.525  00  02T00DM000  1.024
GLU02A0052_033  0.000 -4.06  0.85  5.78  0.00  2.57 0.522  00  02T00FM000  1.003
GLU02A0052_034  0.000 -4.41  1.06  3.80  0.00  0.45 0.520  00  02T011M000  1.016
GLU02A0052_035  0.000 -4.00  1.06  3.04  0.00  0.10 0.521  00  02T013M000  1.045
GLU02A0052_036  0.000 -3.83  0.41  6.39  0.00  2.97 0.520  00  02T015M000  1.030
GLU02A0052_037  0.000 -4.41  0.77  6.19  0.00  2.55 0.523  00  02T016M000  1.011
GLU02A0052_038  0.000 -4.17  0.71  3.10  0.00 -0.36 0.521  00  02T007M000  1.059
GLU02A0052_039  0.000 -3.45  0.79  0.37  0.00 -2.29 0.525  00  02T00AM000  1.006
GLU02A0052_040  0.000 -4.06  0.85  3.06  0.00 -0.15 0.522  00  02T00FM000  1.003
GLU02A0052_041  0.000 -4.41  1.06  1.08  0.00 -2.27 0.520  00  02T011M000  1.016
GLU02A0052_042  0.000 -3.69  0.35  3.73  0.00  0.39 0.520  00  02T012M000  1.000
GLU02A0052_043  0.000 -3.83  0.41  3.67  0.00  0.25 0.520  00  02T015M000  1.030
GLU02A0052_044  0.000 -4.41  0.77  3.47  0.00 -0.17 0.523  00  02T016M000  1.011
GLU-1A0052_045 -1.000 -3.78  1.06  0.77  0.00 -1.94 0.520  00  -1O000M000  1.008
GLU-1A0052_046 -1.000 -3.62  0.77  0.50  0.00 -2.35 0.521  00  -1E001M000  1.000
GLU-1A0052_047 -1.000 -4.13  0.47  0.53  0.00 -3.12 0.524  00  -1E004M000  1.038
GLU-1A0052_048 -1.000 -4.13  0.74  3.06  0.00 -0.34 0.521  00  -1E007M000  1.052
GLU-1A0052_049 -1.000 -4.23  0.14  1.05  0.00 -3.04 0.525  00  -1E00DM000  1.020
GLU-1A0052_050 -1.000 -4.10  0.86  3.10  0.00 -0.14 0.522  00  -1E00FM000  1.000
GLU-1A0052_051 -1.000 -3.77  0.36  3.72  0.00  0.31 0.520  00  -1E012M000  1.023
GLU-1A0052_052 -1.000 -4.42  0.05  0.88  0.00 -3.49 0.521  00  -1E014M000  1.029
GLU-1A0052_053 -1.000 -3.86  0.44  3.68  0.00  0.26 0.520  00  -1E015M000  1.030
GLU-1A0052_054 -1.000 -4.40  0.75  3.50  0.00 -0.15 0.523  00  -1E016M000  1.008
