iConf CONFORMER     FL  occ    crg   Em0  pKa0 ne nH    vdw0    vdw1    tors    epol   dsolv   extra    history
00001 GLU01A0052_001 f 0.00  0.000     0  0.00  0  0  -3.756   1.135   3.493   0.032  -1.251   0.000 01O000M000t
00002 GLU01A0052_002 f 0.00  0.000     0  0.00  0  0  -4.190   1.009   3.854   0.056  -1.225   0.000 01E009M000t
00003 GLU01A0052_003 f 0.00  0.000     0  0.00  0  0  -3.344   0.924   5.399   0.058  -1.211   0.000 01E00EM000t
00004 GLU01A0052_004 f 0.00  0.000     0  0.00  0  0  -4.570   1.245   3.836   0.207  -1.122   0.000 01E011M000t
00005 GLU01A0052_005 f 0.00  0.000     0  0.00  0  0  -3.847   0.402   6.507   0.184  -1.199   0.000 01E012M000t
00006 GLU01A0052_006 f 0.00  0.000     0  0.00  0  0  -3.651   1.135   0.773   0.020  -0.867   0.000 01O000M000t
00007 GLU01A0052_007 f 0.00  0.000     0  0.00  0  0  -3.239   0.834   0.383   0.032  -0.862   0.000 01E00AM000t
00008 GLU01A0052_008 f 0.00  0.000     0  0.00  0  0  -4.371   0.764   3.519   0.033  -0.857   0.000 01E016M000t
00009 GLU01A0052_009 f 0.00  0.000     0  0.00  0  0  -4.195   0.731   5.815   0.164  -1.184   0.000 01T007M000t
00010 GLU01A0052_010 f 0.00  0.000     0  0.00  0  0  -4.277   0.234   3.843   0.059  -1.305   0.000 01T00DM000t
00011 GLU01A0052_011 f 0.00  0.000     0  0.00  0  0  -3.490   0.253   3.241   0.078  -1.226   0.000 01T002M000t
00012 GLU01A0052_012 f 0.00  0.000     0  0.00  0  0  -3.310   0.834   3.098   0.083  -1.167   0.000 01T00AM000t
00013 GLU01A0052_013 f 0.00  0.000     0  0.00  0  0  -3.895   1.109   3.057   0.181  -1.144   0.000 01T013M000t
00014 GLU01A0052_014 f 0.00  0.000     0  0.00  0  0  -3.895   0.496   6.427   0.048  -1.275   0.000 01T015M000t
00015 GLU01A0052_015 f 0.00  0.000     0  0.00  0  0  -4.372   0.765   6.234   0.058  -1.225   0.000 01T016M000t
00016 GLU01A0052_016 f 0.00  0.000     0  0.00  0  0  -3.308   0.924   2.679   0.022  -0.870   0.000 01T00EM000t
00017 GLU01A0052_017 f 0.00  0.000     0  0.00  0  0  -4.569   1.249   1.099   0.022  -0.842   0.000 01T011M000t
00018 GLU01A0052_018 f 0.00  0.000     0  0.00  0  0  -3.899   0.489   3.731   0.031  -0.853   0.000 01T015M000t
00019 GLU01A0052_019 f 0.00  0.000     0  0.00  0  0  -3.529   0.253   0.521   0.031  -0.868   0.000 01T002M000t
00020 GLU01A0052_020 f 0.00  0.000     0  0.00  0  0  -4.016   0.733   3.062   0.047  -0.843   0.000 01T007M000t
00021 GLU01A0052_021 f 0.00  0.000     0  0.00  0  0  -3.773   0.377   3.721   0.040  -0.837   0.000 01T012M000t
00022 GLU01A0052_022 f 0.00  0.000     0  0.00  0  0  -3.895   1.109   0.337   0.060  -0.857   0.000 01T013M000t
00023 GLU02A0052_023 f 0.00  0.000     0  0.00  0  0  -3.802   1.142   3.493   0.042  -1.302   0.000 02O000M000t
00024 GLU02A0052_024 f 0.00  0.000     0  0.00  0  0  -3.768   0.261   3.274   0.057  -1.314   0.000 02E002M000t
00025 GLU02A0052_025 f 0.00  0.000     0  0.00  0  0  -4.170   0.706   5.831   0.029  -1.281   0.000 02E007M000t
00026 GLU02A0052_026 f 0.00  0.000     0  0.00  0  0  -4.103   0.998   3.874   0.022  -1.372   0.000 02E009M000t
00027 GLU02A0052_027 f 0.00  0.000     0  0.00  0  0  -3.655   0.407   6.511   0.058  -1.311   0.000 02E012M000t
00028 GLU02A0052_028 f 0.00  0.000     0  0.00  0  0  -3.765   1.142   0.773   0.024  -0.868   0.000 02O000M000t
00029 GLU02A0052_029 f 0.00  0.000     0  0.00  0  0  -4.174   0.236   1.056   0.037  -0.862   0.000 02E00DM000t
00030 GLU02A0052_030 f 0.00  0.000     0  0.00  0  0  -3.997   1.129   0.321   0.049  -0.843   0.000 02E013M000t
00031 GLU02A0052_031 f 0.00  0.000     0  0.00  0  0  -4.293   0.900   3.837   0.042  -1.304   0.000 02T00BM000t
00032 GLU02A0052_032 f 0.00  0.000     0  0.00  0  0  -4.215   0.242   3.864   0.066  -1.331   0.000 02T00DM000t
00033 GLU02A0052_033 f 0.00  0.000     0  0.00  0  0  -4.062   0.898   5.778   0.038  -1.289   0.000 02T00FM000t
00034 GLU02A0052_034 f 0.00  0.000     0  0.00  0  0  -4.406   1.107   3.802   0.009  -1.334   0.000 02T011M000t
00035 GLU02A0052_035 f 0.00  0.000     0  0.00  0  0  -3.999   1.130   3.039   0.066  -1.281   0.000 02T013M000t
00036 GLU02A0052_036 f 0.00  0.000     0  0.00  0  0  -3.834   0.478   6.391   0.100  -1.289   0.000 02T015M000t
00037 GLU02A0052_037 f 0.00  0.000     0  0.00  0  0  -4.409   0.763   6.191   0.063  -1.258   0.000 02T016M000t
00038 GLU02A0052_038 f 0.00  0.000     0  0.00  0  0  -4.170   0.706   3.096   0.015  -0.825   0.000 02T007M000t
00039 GLU02A0052_039 f 0.00  0.000     0  0.00  0  0  -3.453   0.842   0.372   0.018  -0.877   0.000 02T00AM000t
00040 GLU02A0052_040 f 0.00  0.000     0  0.00  0  0  -4.062   0.898   3.058   0.018  -0.854   0.000 02T00FM000t
00041 GLU02A0052_041 f 0.00  0.000     0  0.00  0  0  -4.406   1.107   1.082   0.002  -0.833   0.000 02T011M000t
00042 GLU02A0052_042 f 0.00  0.000     0  0.00  0  0  -3.689   0.416   3.727   0.040  -0.860   0.000 02T012M000t
00043 GLU02A0052_043 f 0.00  0.000     0  0.00  0  0  -3.834   0.478   3.671   0.041  -0.855   0.000 02T015M000t
00044 GLU02A0052_044 f 0.00  0.000     0  0.00  0  0  -4.409   0.763   3.471   0.027  -0.864   0.000 02T016M000t
00045 GLU-1A0052_045 f 0.00 -1.000     0  4.75  0 -1  -3.776   1.152   0.773  -0.064  -7.499   0.000 -1O000M000t
00046 GLU-1A0052_046 f 0.00 -1.000     0  4.75  0 -1  -3.619   0.816   0.501  -0.071  -7.490   0.000 -1E001M000t
00047 GLU-1A0052_047 f 0.00 -1.000     0  4.75  0 -1  -4.127   0.522   0.530  -0.179  -7.427   0.000 -1E004M000t
00048 GLU-1A0052_048 f 0.00 -1.000     0  4.75  0 -1  -4.132   0.736   3.056  -0.252  -7.398   0.000 -1E007M000t
00049 GLU-1A0052_049 f 0.00 -1.000     0  4.75  0 -1  -4.232   0.252   1.050  -0.093  -7.494   0.000 -1E00DM000t
00050 GLU-1A0052_050 f 0.00 -1.000     0  4.75  0 -1  -4.100   0.911   3.099  -0.089  -7.493   0.000 -1E00FM000t
00051 GLU-1A0052_051 f 0.00 -1.000     0  4.75  0 -1  -3.774   0.430   3.721  -0.132  -7.466   0.000 -1E012M000t
00052 GLU-1A0052_052 f 0.00 -1.000     0  4.75  0 -1  -4.417   0.113   0.884  -0.262  -7.401   0.000 -1E014M000t
00053 GLU-1A0052_053 f 0.00 -1.000     0  4.75  0 -1  -3.864   0.512   3.676  -0.136  -7.487   0.000 -1E015M000t
00054 GLU-1A0052_054 f 0.00 -1.000     0  4.75  0 -1  -4.397   0.753   3.499  -0.185  -7.358   0.000 -1E016M000t
