   confID        vdw0    sas     sum
GLU01A0052_001   0.964  -4.720  -3.756
GLU01A0052_002   0.475  -4.665  -4.190
GLU01A0052_003   1.356  -4.700  -3.344
GLU01A0052_004   0.407  -4.977  -4.570
GLU01A0052_005   0.913  -4.760  -3.847
GLU01A0052_006   0.964  -4.615  -3.651
GLU01A0052_007   1.291  -4.530  -3.239
GLU01A0052_008   0.512  -4.883  -4.371
GLU01A0052_009   0.978  -5.173  -4.195
GLU01A0052_010   0.480  -4.757  -4.277
GLU01A0052_011   1.166  -4.657  -3.490
GLU01A0052_012   1.291  -4.601  -3.310
GLU01A0052_013   1.109  -5.004  -3.895
GLU01A0052_014   1.034  -4.929  -3.895
GLU01A0052_015   0.512  -4.883  -4.372
GLU01A0052_016   1.356  -4.664  -3.308
GLU01A0052_017   0.408  -4.977  -4.569
GLU01A0052_018   0.982  -4.881  -3.899
GLU01A0052_019   1.166  -4.695  -3.529
GLU01A0052_020   1.061  -5.076  -4.016
GLU01A0052_021   0.987  -4.760  -3.773
GLU01A0052_022   1.109  -5.004  -3.895
GLU02A0052_023   0.851  -4.652  -3.802
GLU02A0052_024   0.942  -4.710  -3.768
GLU02A0052_025   0.878  -5.049  -4.170
GLU02A0052_026   0.486  -4.589  -4.103
GLU02A0052_027   0.919  -4.574  -3.655
GLU02A0052_028   0.851  -4.616  -3.765
GLU02A0052_029   0.537  -4.711  -4.174
GLU02A0052_030   0.947  -4.944  -3.997
GLU02A0052_031   0.490  -4.782  -4.293
GLU02A0052_032   0.486  -4.701  -4.215
GLU02A0052_033   0.606  -4.668  -4.062
GLU02A0052_034   0.463  -4.869  -4.406
GLU02A0052_035   0.945  -4.944  -3.999
GLU02A0052_036   1.052  -4.885  -3.834
GLU02A0052_037   0.534  -4.943  -4.409
GLU02A0052_038   0.878  -5.049  -4.170
GLU02A0052_039   1.077  -4.531  -3.453
GLU02A0052_040   0.606  -4.668  -4.062
GLU02A0052_041   0.463  -4.869  -4.406
GLU02A0052_042   0.953  -4.642  -3.689
GLU02A0052_043   1.052  -4.885  -3.834
GLU02A0052_044   0.534  -4.943  -4.409
GLU-1A0052_045   0.745  -4.521  -3.776
GLU-1A0052_046   0.855  -4.474  -3.619
GLU-1A0052_047   0.711  -4.838  -4.127
GLU-1A0052_048   0.784  -4.916  -4.132
GLU-1A0052_049   0.405  -4.637  -4.232
GLU-1A0052_050   0.464  -4.564  -4.100
GLU-1A0052_051   0.824  -4.598  -3.774
GLU-1A0052_052   0.422  -4.838  -4.417
GLU-1A0052_053   0.877  -4.740  -3.864
GLU-1A0052_054   0.398  -4.795  -4.397
