CONFORMER         crg  vdw0  vdw1  tors  epol  self   occ  Hb     history    ASA
GLU01A0067_001  0.000 -2.95  0.28  4.54  0.00  1.87 0.522  00  01O000M000  1.006
GLU01A0067_002  0.000 -2.78  1.17  3.94  0.00  2.33 0.522  00  01E002M000  1.008
GLU01A0067_003  0.000 -3.89  0.19  4.37  0.00  0.67 0.520  00  01E006M000  1.003
GLU01A0067_004  0.000 -3.41  1.35  3.92  0.00  1.86 0.520  00  01E008M000  1.018
GLU01A0067_005  0.000 -4.10  1.78  4.36  0.00  2.03 0.520  00  01E00EM000  1.070
GLU01A0067_006  0.000 -3.80 -0.05  4.55  0.00  0.71 0.522  00  01E012M000  1.005
GLU01A0067_007  0.000 -3.92  1.37  4.16  0.00  1.61 0.520  00  01E016M000  1.011
GLU01A0067_008  0.000 -2.95  0.28  1.82  0.00 -0.85 0.522  00  01O000M000  1.006
GLU01A0067_009  0.000 -3.72 -0.05  1.83  0.00 -1.94 0.522  00  01E012M000  1.005
GLU01A0067_010  0.000 -4.47  2.52  1.96  0.00  0.01 0.518  00  01E014M000  1.027
GLU01A0067_011  0.000 -4.07  1.37  1.54  0.00 -1.16 0.523  00  01E017M000  1.016
GLU01A0067_012  0.000 -4.14  1.30  4.34  0.00  1.50 0.521  00  01T00AM000  1.092
GLU01A0067_013  0.000 -3.66  1.22  3.91  0.00  1.48 0.520  00  01T00CM000  1.046
GLU01A0067_014  0.000 -4.02  0.94  4.13  0.00  1.06 0.522  00  01T015M000  1.000
GLU01A0067_015  0.000 -2.90 -0.05  3.93  0.00  0.98 0.520  00  01T004M000  1.006
GLU01A0067_016  0.000 -4.38  2.52  4.65  0.00  2.79 0.518  00  01T014M000  1.008
GLU01A0067_017  0.000 -4.01  1.37  4.26  0.00  1.62 0.523  00  01T017M000  1.003
GLU01A0067_018  0.000 -3.41  1.35  1.20  0.00 -0.86 0.520  00  01T008M000  1.018
GLU01A0067_019  0.000 -3.66  1.22  1.19  0.00 -1.24 0.520  00  01T00CM000  1.046
GLU01A0067_020  0.000 -4.10  1.78  1.61  0.00 -0.71 0.520  00  01T00EM000  1.070
GLU01A0067_021  0.000 -3.93  1.37  1.44  0.00 -1.12 0.520  00  01T016M000  1.014
GLU01A0067_022  0.000 -4.04  1.28  1.58  0.00 -1.18 0.521  00  01T00AM000  1.092
GLU02A0067_023  0.000 -3.34  0.28  4.54  0.00  1.48 0.522  00  02O000M000  1.019
GLU02A0067_024  0.000 -3.19  1.18  3.94  0.00  1.93 0.522  00  02E002M000  1.008
GLU02A0067_025  0.000 -3.95  0.92  4.11  0.00  1.08 0.522  00  02E015M000  1.003
GLU02A0067_026  0.000 -3.34  0.28  1.82  0.00 -1.24 0.522  00  02O000M000  1.019
GLU02A0067_027  0.000 -4.17  1.59  1.61  0.00 -0.97 0.519  00  02E00DM000  1.062
GLU02A0067_028  0.000 -4.69  1.94  1.98  0.00 -0.77 0.518  00  02E014M000  1.037
GLU02A0067_029  0.000 -3.83  1.65  1.43  0.00 -0.75 0.520  00  02E016M000  1.008
GLU02A0067_030  0.000 -3.31 -0.05  3.92  0.00  0.56 0.520  00  02T004M000  1.013
GLU02A0067_031  0.000 -3.67  0.18  4.34  0.00  0.85 0.520  00  02T006M000  1.003
GLU02A0067_032  0.000 -3.64 -0.04  4.53  0.00  0.86 0.522  00  02T012M000  1.017
GLU02A0067_033  0.000 -3.91  1.51  4.14  0.00  1.73 0.520  00  02T016M000  1.008
GLU02A0067_034  0.000 -3.15  1.36  3.91  0.00  2.12 0.520  00  02T008M000  1.014
GLU02A0067_035  0.000 -3.84  1.29  4.27  0.00  1.72 0.521  00  02T00AM000  1.090
GLU02A0067_036  0.000 -3.38  1.23  3.90  0.00  1.75 0.520  00  02T00CM000  1.063
GLU02A0067_037  0.000 -4.69  1.94  4.69  0.00  1.94 0.518  00  02T014M000  1.037
GLU02A0067_038  0.000 -3.97  1.54  4.28  0.00  1.84 0.523  00  02T017M000  1.003
GLU02A0067_039  0.000 -3.28  1.36  1.17  0.00 -0.75 0.519  00  02T001M000  1.000
GLU02A0067_040  0.000 -3.52  1.20  1.20  0.00 -1.12 0.520  00  02T00CM000  1.062
GLU02A0067_041  0.000 -3.96  1.51  1.55  0.00 -0.91 0.523  00  02T017M000  1.003
GLU02A0067_042  0.000 -3.84  1.29  1.55  0.00 -1.00 0.521  00  02T00AM000  1.090
GLU02A0067_043  0.000 -3.62 -0.03  1.80  0.00 -1.84 0.522  00  02T012M000  1.026
GLU-1A0067_044 -1.000 -3.20  0.29  1.82  0.00 -1.09 0.522  00  -1O000M000  1.006
GLU-1A0067_045 -1.000 -3.17  1.19  1.22  0.00 -0.76 0.522  00  -1E002M000  1.008
GLU-1A0067_046 -1.000 -3.42  1.31  1.16  0.00 -0.95 0.520  00  -1E008M000  1.015
GLU-1A0067_047 -1.000 -3.71  1.18  1.16  0.00 -1.38 0.520  00  -1E00CM000  1.054
GLU-1A0067_048 -1.000 -4.27  1.61  1.64  0.00 -1.02 0.519  00  -1E00DM000  1.054
GLU-1A0067_049 -1.000 -3.81 -0.03  1.75  0.00 -2.08 0.522  00  -1E012M000  1.018
GLU-1A0067_050 -1.000 -4.50  2.09  1.91  0.00 -0.49 0.518  00  -1E014M000  1.013
GLU-1A0067_051 -1.000 -3.99  1.43  1.39  0.00 -1.17 0.520  00  -1E016M000  1.006
GLU-1A0067_052 -1.000 -4.06  1.34  1.51  0.00 -1.21 0.523  00  -1E017M000  1.003
