iConf CONFORMER     FL  occ    crg   Em0  pKa0 ne nH    vdw0    vdw1    tors    epol   dsolv   extra    history
00001 GLU01A0067_001 f 0.00  0.000     0  0.00  0  0  -2.948   0.274   4.538   0.036  -0.477   0.000 01O000M000t
00002 GLU01A0067_002 f 0.00  0.000     0  0.00  0  0  -2.779   1.166   3.941   0.035  -0.476   0.000 01E002M000t
00003 GLU01A0067_003 f 0.00  0.000     0  0.00  0  0  -3.889   0.187   4.372   0.005  -0.539   0.000 01E006M000t
00004 GLU01A0067_004 f 0.00  0.000     0  0.00  0  0  -3.410   1.352   3.918   0.019  -0.534   0.000 01E008M000t
00005 GLU01A0067_005 f 0.00  0.000     0  0.00  0  0  -4.100   1.772   4.358   0.020  -0.536   0.000 01E00EM000t
00006 GLU01A0067_006 f 0.00  0.000     0  0.00  0  0  -3.800  -0.043   4.551   0.061  -0.519   0.000 01E012M000t
00007 GLU01A0067_007 f 0.00  0.000     0  0.00  0  0  -3.919   1.370   4.160   0.061  -0.503   0.000 01E016M000t
00008 GLU01A0067_008 f 0.00  0.000     0  0.00  0  0  -2.948   0.274   1.818   0.009  -0.357   0.000 01O000M000t
00009 GLU01A0067_009 f 0.00  0.000     0  0.00  0  0  -3.724  -0.051   1.832   0.033  -0.340   0.000 01E012M000t
00010 GLU01A0067_010 f 0.00  0.000     0  0.00  0  0  -4.466   2.527   1.957  -0.008  -0.350   0.000 01E014M000t
00011 GLU01A0067_011 f 0.00  0.000     0  0.00  0  0  -4.072   1.371   1.543  -0.007  -0.330   0.000 01E017M000t
00012 GLU01A0067_012 f 0.00  0.000     0  0.00  0  0  -4.133   1.302   4.340   0.028  -0.525   0.000 01T00AM000t
00013 GLU01A0067_013 f 0.00  0.000     0  0.00  0  0  -3.661   1.220   3.914   0.033  -0.528   0.000 01T00CM000t
00014 GLU01A0067_014 f 0.00  0.000     0  0.00  0  0  -4.015   0.944   4.130   0.059  -0.483   0.000 01T015M000t
00015 GLU01A0067_015 f 0.00  0.000     0  0.00  0  0  -2.902  -0.054   3.928   0.048  -0.474   0.000 01T004M000t
00016 GLU01A0067_016 f 0.00  0.000     0  0.00  0  0  -4.376   2.527   4.647   0.222  -0.424   0.000 01T014M000t
00017 GLU01A0067_017 f 0.00  0.000     0  0.00  0  0  -4.009   1.372   4.263   0.030  -0.515   0.000 01T017M000t
00018 GLU01A0067_018 f 0.00  0.000     0  0.00  0  0  -3.411   1.352   1.197   0.006  -0.345   0.000 01T008M000t
00019 GLU01A0067_019 f 0.00  0.000     0  0.00  0  0  -3.661   1.220   1.194   0.019  -0.343   0.000 01T00CM000t
00020 GLU01A0067_020 f 0.00  0.000     0  0.00  0  0  -4.099   1.772   1.615   0.014  -0.350   0.000 01T00EM000t
00021 GLU01A0067_021 f 0.00  0.000     0  0.00  0  0  -3.932   1.369   1.439   0.036  -0.334   0.000 01T016M000t
00022 GLU01A0067_022 f 0.00  0.000     0  0.00  0  0  -4.040   1.282   1.578   0.012  -0.337   0.000 01T00AM000t
00023 GLU02A0067_023 f 0.00  0.000     0  0.00  0  0  -3.340   0.282   4.538   0.014  -0.532   0.000 02O000M000t
00024 GLU02A0067_024 f 0.00  0.000     0  0.00  0  0  -3.189   1.177   3.939   0.023  -0.521   0.000 02E002M000t
00025 GLU02A0067_025 f 0.00  0.000     0  0.00  0  0  -3.953   0.924   4.112   0.020  -0.511   0.000 02E015M000t
00026 GLU02A0067_026 f 0.00  0.000     0  0.00  0  0  -3.340   0.282   1.818   0.006  -0.348   0.000 02O000M000t
00027 GLU02A0067_027 f 0.00  0.000     0  0.00  0  0  -4.205   1.582   1.613   0.011  -0.340   0.000 02E00DM000t
00028 GLU02A0067_028 f 0.00  0.000     0  0.00  0  0  -4.687   1.937   1.978  -0.029  -0.340   0.000 02E014M000t
00029 GLU02A0067_029 f 0.00  0.000     0  0.00  0  0  -3.826   1.656   1.429   0.031  -0.339   0.000 02E016M000t
00030 GLU02A0067_030 f 0.00  0.000     0  0.00  0  0  -3.308  -0.048   3.921  -0.003  -0.523   0.000 02T004M000t
00031 GLU02A0067_031 f 0.00  0.000     0  0.00  0  0  -3.669   0.176   4.341   0.041  -0.489   0.000 02T006M000t
00032 GLU02A0067_032 f 0.00  0.000     0  0.00  0  0  -3.633  -0.034   4.535   0.049  -0.456   0.000 02T012M000t
00033 GLU02A0067_033 f 0.00  0.000     0  0.00  0  0  -3.911   1.506   4.140   0.067  -0.481   0.000 02T016M000t
00034 GLU02A0067_034 f 0.00  0.000     0  0.00  0  0  -3.154   1.355   3.909   0.041  -0.487   0.000 02T008M000t
00035 GLU02A0067_035 f 0.00  0.000     0  0.00  0  0  -3.841   1.289   4.274   0.035  -0.496   0.000 02T00AM000t
00036 GLU02A0067_036 f 0.00  0.000     0  0.00  0  0  -3.384   1.227   3.905   0.037  -0.490   0.000 02T00CM000t
00037 GLU02A0067_037 f 0.00  0.000     0  0.00  0  0  -4.687   1.937   4.694  -0.021  -0.519   0.000 02T014M000t
00038 GLU02A0067_038 f 0.00  0.000     0  0.00  0  0  -3.971   1.531   4.280   0.146  -0.476   0.000 02T017M000t
00039 GLU02A0067_039 f 0.00  0.000     0  0.00  0  0  -3.276   1.364   1.174   0.010  -0.344   0.000 02T001M000t
00040 GLU02A0067_040 f 0.00  0.000     0  0.00  0  0  -3.517   1.197   1.202   0.018  -0.347   0.000 02T00CM000t
00041 GLU02A0067_041 f 0.00  0.000     0  0.00  0  0  -3.959   1.507   1.547   0.003  -0.342   0.000 02T017M000t
00042 GLU02A0067_042 f 0.00  0.000     0  0.00  0  0  -3.841   1.289   1.554   0.011  -0.353   0.000 02T00AM000t
00043 GLU02A0067_043 f 0.00  0.000     0  0.00  0  0  -3.621  -0.029   1.803   0.014  -0.342   0.000 02T012M000t
00044 GLU-1A0067_044 f 0.00 -1.000     0  4.75  0 -1  -3.198   0.291   1.818  -0.056  -3.168   0.000 -1O000M000t
00045 GLU-1A0067_045 f 0.00 -1.000     0  4.75  0 -1  -3.168   1.192   1.217  -0.063  -3.159   0.000 -1E002M000t
00046 GLU-1A0067_046 f 0.00 -1.000     0  4.75  0 -1  -3.425   1.310   1.164  -0.066  -3.168   0.000 -1E008M000t
00047 GLU-1A0067_047 f 0.00 -1.000     0  4.75  0 -1  -3.715   1.183   1.157  -0.055  -3.168   0.000 -1E00CM000t
00048 GLU-1A0067_048 f 0.00 -1.000     0  4.75  0 -1  -4.268   1.606   1.646  -0.045  -3.172   0.000 -1E00DM000t
00049 GLU-1A0067_049 f 0.00 -1.000     0  4.75  0 -1  -3.808  -0.030   1.753  -0.017  -3.123   0.000 -1E012M000t
00050 GLU-1A0067_050 f 0.00 -1.000     0  4.75  0 -1  -4.496   2.094   1.912  -0.162  -3.104   0.000 -1E014M000t
00051 GLU-1A0067_051 f 0.00 -1.000     0  4.75  0 -1  -3.991   1.432   1.389  -0.132  -3.093   0.000 -1E016M000t
00052 GLU-1A0067_052 f 0.00 -1.000     0  4.75  0 -1  -4.060   1.341   1.514   0.073  -3.063   0.000 -1E017M000t
