   confID        vdw0    sas     sum
GLU01A0067_001   1.668  -4.616  -2.948
GLU01A0067_002   1.777  -4.556  -2.779
GLU01A0067_003   0.789  -4.678  -3.889
GLU01A0067_004   1.082  -4.492  -3.410
GLU01A0067_005   0.794  -4.893  -4.100
GLU01A0067_006   0.946  -4.747  -3.800
GLU01A0067_007   0.760  -4.679  -3.919
GLU01A0067_008   1.668  -4.616  -2.948
GLU01A0067_009   1.095  -4.819  -3.724
GLU01A0067_010   0.374  -4.840  -4.466
GLU01A0067_011   0.793  -4.865  -4.072
GLU01A0067_012   0.793  -4.926  -4.133
GLU01A0067_013   1.080  -4.740  -3.661
GLU01A0067_014   0.772  -4.786  -4.015
GLU01A0067_015   1.565  -4.467  -2.902
GLU01A0067_016   0.374  -4.749  -4.376
GLU01A0067_017   0.792  -4.801  -4.009
GLU01A0067_018   1.081  -4.492  -3.411
GLU01A0067_019   1.080  -4.740  -3.661
GLU01A0067_020   0.794  -4.893  -4.099
GLU01A0067_021   0.760  -4.692  -3.932
GLU01A0067_022   0.908  -4.948  -4.040
GLU02A0067_023   1.312  -4.652  -3.340
GLU02A0067_024   1.384  -4.573  -3.189
GLU02A0067_025   0.892  -4.845  -3.953
GLU02A0067_026   1.312  -4.652  -3.340
GLU02A0067_027   0.593  -4.798  -4.205
GLU02A0067_028   0.359  -5.046  -4.687
GLU02A0067_029   0.955  -4.780  -3.826
GLU02A0067_030   1.269  -4.577  -3.308
GLU02A0067_031   0.980  -4.649  -3.669
GLU02A0067_032   1.228  -4.861  -3.633
GLU02A0067_033   0.880  -4.792  -3.911
GLU02A0067_034   1.394  -4.549  -3.154
GLU02A0067_035   0.997  -4.838  -3.841
GLU02A0067_036   1.402  -4.786  -3.384
GLU02A0067_037   0.359  -5.046  -4.687
GLU02A0067_038   0.933  -4.904  -3.971
GLU02A0067_039   1.270  -4.547  -3.276
GLU02A0067_040   1.293  -4.810  -3.517
GLU02A0067_041   0.919  -4.878  -3.959
GLU02A0067_042   0.997  -4.838  -3.841
GLU02A0067_043   1.219  -4.840  -3.621
GLU-1A0067_044   1.255  -4.453  -3.198
GLU-1A0067_045   1.332  -4.500  -3.168
GLU-1A0067_046   1.010  -4.435  -3.425
GLU-1A0067_047   1.009  -4.724  -3.715
GLU-1A0067_048   0.468  -4.737  -4.268
GLU-1A0067_049   0.931  -4.739  -3.808
GLU-1A0067_050   0.269  -4.765  -4.496
GLU-1A0067_051   0.684  -4.675  -3.991
GLU-1A0067_052   0.714  -4.774  -4.060
