iConf CONFORMER     FL  occ    crg   Em0  pKa0 ne nH    vdw0    vdw1    tors    epol   dsolv   extra    history
00001 GLU01A0010_001 f 0.00  0.000     0  0.00  0  0  -3.382   0.775   3.392   0.061  -0.987   0.000 01O000M000t
00002 GLU01A0010_002 f 0.00  0.000     0  0.00  0  0  -3.471   1.338   3.299   0.109  -0.964   0.000 01E003M000t
00003 GLU01A0010_003 f 0.00  0.000     0  0.00  0  0  -3.148   0.766   2.928   0.034  -1.044   0.000 01E005M000t
00004 GLU01A0010_004 f 0.00  0.000     0  0.00  0  0  -4.054   0.835   3.485   0.076  -0.969   0.000 01E00AM000t
00005 GLU01A0010_005 f 0.00  0.000     0  0.00  0  0  -3.382   0.775   0.672   0.015  -0.721   0.000 01O000M000t
00006 GLU01A0010_006 f 0.00  0.000     0  0.00  0  0  -3.049   2.518   0.487   0.018  -0.740   0.000 01E001M000t
00007 GLU01A0010_007 f 0.00  0.000     0  0.00  0  0  -3.330   1.392   0.523   0.065  -0.714   0.000 01E003M000t
00008 GLU01A0010_008 f 0.00  0.000     0  0.00  0  0  -2.678   2.490   2.928  -0.029  -1.017   0.000 01T007M000t
00009 GLU01A0010_009 f 0.00  0.000     0  0.00  0  0  -2.774   1.193   2.925   0.059  -1.041   0.000 01T009M000t
00010 GLU01A0010_010 f 0.00  0.000     0  0.00  0  0  -3.007   2.520   3.202   0.048  -0.969   0.000 01T001M000t
00011 GLU01A0010_011 f 0.00  0.000     0  0.00  0  0  -2.970   1.124   3.190   0.052  -0.946   0.000 01T002M000t
00012 GLU01A0010_012 f 0.00  0.000     0  0.00  0  0  -2.678   2.490   0.208  -0.001  -0.713   0.000 01T007M000t
00013 GLU01A0010_013 f 0.00  0.000     0  0.00  0  0  -2.774   1.193   0.205   0.032  -0.713   0.000 01T009M000t
00014 GLU01A0010_014 f 0.00  0.000     0  0.00  0  0  -4.053   0.834   0.732   0.026  -0.714   0.000 01T00AM000t
00015 GLU01A0010_015 f 0.00  0.000     0  0.00  0  0  -2.970   1.124   0.470   0.031  -0.717   0.000 01T002M000t
00016 GLU02A0010_016 f 0.00  0.000     0  0.00  0  0  -3.544   0.779   3.392   0.020  -1.028   0.000 02O000M000t
00017 GLU02A0010_017 f 0.00  0.000     0  0.00  0  0  -3.750   1.327   3.291   0.121  -1.017   0.000 02E003M000t
00018 GLU02A0010_018 f 0.00  0.000     0  0.00  0  0  -2.674   0.753   2.928   0.039  -0.944   0.000 02E005M000t
00019 GLU02A0010_019 f 0.00  0.000     0  0.00  0  0  -2.337   1.194   2.925   0.064  -0.926   0.000 02E009M000t
00020 GLU02A0010_020 f 0.00  0.000     0  0.00  0  0  -3.544   0.779   0.672   0.007  -0.709   0.000 02O000M000t
00021 GLU02A0010_021 f 0.00  0.000     0  0.00  0  0  -3.402   2.470   0.654   0.009  -0.714   0.000 02E006M000t
00022 GLU02A0010_022 f 0.00  0.000     0  0.00  0  0  -3.399   1.138   3.229   0.065  -1.045   0.000 02T002M000t
00023 GLU02A0010_023 f 0.00  0.000     0  0.00  0  0  -3.993   0.830   3.531   0.066  -0.974   0.000 02T00AM000t
00024 GLU02A0010_024 f 0.00  0.000     0  0.00  0  0  -3.402   2.470   3.364   0.056  -0.984   0.000 02T006M000t
00025 GLU02A0010_025 f 0.00  0.000     0  0.00  0  0  -3.399   1.138   0.509   0.041  -0.715   0.000 02T002M000t
00026 GLU02A0010_026 f 0.00  0.000     0  0.00  0  0  -3.679   1.336   0.509   0.073  -0.698   0.000 02T003M000t
00027 GLU02A0010_027 f 0.00  0.000     0  0.00  0  0  -4.009   0.854   0.675   0.032  -0.714   0.000 02T00AM000t
00028 GLU-1A0010_028 f 0.00 -1.000     0  4.75  0 -1  -3.573   0.791   0.672  -0.065  -6.004   0.000 -1O000M000t
00029 GLU-1A0010_029 f 0.00 -1.000     0  4.75  0 -1  -3.338   2.537   0.490  -0.029  -6.001   0.000 -1E001M000t
00030 GLU-1A0010_030 f 0.00 -1.000     0  4.75  0 -1  -3.415   1.132   0.479  -0.070  -5.996   0.000 -1E002M000t
00031 GLU-1A0010_031 f 0.00 -1.000     0  4.75  0 -1  -3.593   1.349   0.530  -0.255  -5.926   0.000 -1E003M000t
00032 GLU-1A0010_032 f 0.00 -1.000     0  4.75  0 -1  -4.060   0.849   0.731  -0.182  -5.928   0.000 -1E00AM000t
