   confID        vdw0    sas     sum
GLU01A0010_001   1.271  -4.653  -3.382
GLU01A0010_002   1.390  -4.862  -3.471
GLU01A0010_003   1.917  -5.066  -3.148
GLU01A0010_004   0.881  -4.935  -4.054
GLU01A0010_005   1.271  -4.653  -3.382
GLU01A0010_006   1.756  -4.805  -3.049
GLU01A0010_007   1.527  -4.857  -3.330
GLU01A0010_008   1.904  -4.582  -2.678
GLU01A0010_009   1.939  -4.713  -2.774
GLU01A0010_010   1.759  -4.767  -3.007
GLU01A0010_011   1.782  -4.752  -2.970
GLU01A0010_012   1.904  -4.582  -2.678
GLU01A0010_013   1.939  -4.713  -2.774
GLU01A0010_014   0.881  -4.935  -4.053
GLU01A0010_015   1.782  -4.752  -2.970
GLU02A0010_016   1.083  -4.627  -3.544
GLU02A0010_017   1.199  -4.949  -3.750
GLU02A0010_018   2.372  -5.046  -2.674
GLU02A0010_019   2.405  -4.742  -2.337
GLU02A0010_020   1.083  -4.627  -3.544
GLU02A0010_021   1.064  -4.467  -3.402
GLU02A0010_022   1.379  -4.778  -3.399
GLU02A0010_023   0.960  -4.953  -3.993
GLU02A0010_024   1.065  -4.467  -3.402
GLU02A0010_025   1.379  -4.778  -3.399
GLU02A0010_026   1.262  -4.941  -3.679
GLU02A0010_027   0.996  -5.005  -4.009
GLU-1A0010_028   0.983  -4.556  -3.573
GLU-1A0010_029   1.334  -4.672  -3.338
GLU-1A0010_030   1.335  -4.750  -3.415
GLU-1A0010_031   1.142  -4.735  -3.593
GLU-1A0010_032   0.825  -4.886  -4.060
