CONFORMER         crg  vdw0  vdw1  tors  epol  self   occ  Hb     history    ASA
LYS01A0134_001  0.000 -4.06 -0.03  4.12  0.00  0.03 0.501  00  01O000M000  1.000
LYS01A0134_002  0.000-11.51  0.90  3.32  0.00 -7.29 0.501  00  01E039M000  1.000
LYS01A0134_003  0.000-11.50  1.14  3.37  0.00 -6.98 0.501  00  01E041M000  1.000
LYS01A0134_004  0.000-11.70  6.44  4.23  0.00 -1.03 0.502  00  01E043M000  1.000
LYS01A0134_005  0.000-11.15  3.40  4.49  0.00 -3.26 0.501  00  01E045M000  1.000
LYS01A0134_006  0.000-10.58  0.64  2.94  0.00 -7.00 0.501  00  01E064M000  1.000
LYS01A0134_007  0.000-11.39  0.53  3.63  0.00 -7.23 0.501  00  01E092M000  1.000
LYS01A0134_008  0.000-10.42  3.08  3.17  0.00 -4.16 0.501  00  01E0B4M000  1.000
LYS01A0134_009  0.000-11.45  2.30  2.49  0.00 -6.66 0.501  00  01E0C8M000  1.000
LYS01A0134_010  0.000-10.00  5.47  3.66  0.00 -0.87 0.502  00  01E195M000  1.000
LYS01A0134_011  0.000 -6.02  0.46  1.73  0.00 -3.82 0.502  00  01E1B0M000  1.000
LYS01A0134_012  0.000-10.58  3.43  3.88  0.00 -3.26 0.501  00  01E1F4M000  1.000
LYS01A0134_013  0.000-11.03  0.17  3.81  0.00 -7.04 0.501  00  01T028M000  1.000
LYS01A0134_014  0.000 -6.62 -0.30  3.47  0.00 -3.45 0.501  00  01T05FM000  1.000
LYS01A0134_015  0.000-11.05  2.55  3.59  0.00 -4.91 0.502  00  01T0B5M000  1.000
LYS01A0134_016  0.000-10.65  2.99  3.70  0.00 -3.96 0.501  00  01T0D4M000  1.000
LYS01A0134_017  0.000-11.57 -0.01  2.62  0.00 -8.95 0.501  00  01T0F2M000  1.000
LYS01A0134_018  0.000-11.68  0.46  4.90  0.00 -6.32 0.501  00  01T129M000  1.000
LYS01A0134_019  0.000-10.98  2.43  2.49  0.00 -6.05 0.501  00  01T16BM000  1.000
LYS01A0134_020  0.000 -9.93  3.09  4.03  0.00 -2.82 0.501  00  01T1FDM000  1.000
LYS+1A0134_021  1.000 -4.14 -0.04  4.12  0.00 -0.06 0.501  00  +1O000M000  1.000
LYS+1A0134_022  1.000-11.53  1.19  3.53  0.00 -6.81 0.501  00  +1E041M000  1.000
LYS+1A0134_023  1.000-11.78  6.45  4.38  0.00 -0.94 0.502  00  +1E043M000  1.000
LYS+1A0134_024  1.000-11.12  3.42  4.65  0.00 -3.06 0.501  00  +1E045M000  1.000
LYS+1A0134_025  1.000-10.52  0.64  2.96  0.00 -6.92 0.501  00  +1E064M000  1.000
LYS+1A0134_026  1.000-11.40  0.53  3.65  0.00 -7.21 0.501  00  +1E092M000  1.000
LYS+1A0134_027  1.000-10.46  3.16  3.23  0.00 -4.06 0.501  00  +1E0B4M000  1.000
LYS+1A0134_028  1.000-11.06  2.56  3.61  0.00 -4.88 0.502  00  +1E0B5M000  1.000
LYS+1A0134_029  1.000-10.57  3.43  3.91  0.00 -3.23 0.501  00  +1E1F4M000  1.000
LYS+1A0134_030  1.000-11.00  0.01  3.99  0.00 -7.00 0.501  00  +1T028M000  1.000
LYS+1A0134_031  1.000-11.49  0.88  3.43  0.00 -7.18 0.501  00  +1T039M000  1.000
LYS+1A0134_032  1.000 -6.56 -0.31  3.52  0.00 -3.35 0.501  00  +1T05FM000  1.000
LYS+1A0134_033  1.000-11.50  2.33  2.51  0.00 -6.67 0.501  00  +1T0C8M000  1.000
LYS+1A0134_034  1.000-10.67  2.99  3.73  0.00 -3.96 0.501  00  +1T0D4M000  1.000
LYS+1A0134_035  1.000-11.66 -0.01  2.64  0.00 -9.03 0.501  00  +1T0F2M000  1.000
LYS+1A0134_036  1.000-11.63  0.46  4.97  0.00 -6.20 0.501  00  +1T129M000  1.000
LYS+1A0134_037  1.000-11.03  2.42  2.50  0.00 -6.10 0.501  00  +1T16BM000  1.000
LYS+1A0134_038  1.000-10.14  5.46  3.67  0.00 -1.00 0.502  00  +1T195M000  1.000
LYS+1A0134_039  1.000 -6.24  0.47  1.77  0.00 -4.00 0.502  00  +1T1B0M000  1.000
LYS+1A0134_040  1.000-10.02  3.08  4.04  0.00 -2.89 0.501  00  +1T1FDM000  1.000
