iConf CONFORMER     FL  occ    crg   Em0  pKa0 ne nH    vdw0    vdw1    tors    epol   dsolv   extra    history
00001 LYS01A0134_001 f 0.00  0.000     0  0.00  0  0  -4.053  -0.033   4.119  -0.018  -1.006   0.000 01O000M000t
00002 LYS01A0134_002 f 0.00  0.000     0  0.00  0  0 -11.507   0.897   3.321  -0.008  -1.018   0.000 01E039M000t
00003 LYS01A0134_003 f 0.00  0.000     0  0.00  0  0 -11.551   1.144   3.376  -0.088  -0.930   0.000 01E041M000t
00004 LYS01A0134_004 f 0.00  0.000     0  0.00  0  0 -11.703   6.460   4.226  -0.009  -0.927   0.000 01E043M000t
00005 LYS01A0134_005 f 0.00  0.000     0  0.00  0  0 -11.153   3.404   4.485  -0.012  -0.997   0.000 01E045M000t
00006 LYS01A0134_006 f 0.00  0.000     0  0.00  0  0 -10.575   0.639   2.938  -0.008  -0.929   0.000 01E064M000t
00007 LYS01A0134_007 f 0.00  0.000     0  0.00  0  0 -11.397   0.531   3.635  -0.012  -1.046   0.000 01E092M000t
00008 LYS01A0134_008 f 0.00  0.000     0  0.00  0  0 -10.425   3.082   3.175  -0.009  -0.858   0.000 01E0B4M000t
00009 LYS01A0134_009 f 0.00  0.000     0  0.00  0  0 -11.457   2.309   2.488  -0.020  -0.973   0.000 01E0C8M000t
00010 LYS01A0134_010 f 0.00  0.000     0  0.00  0  0 -10.000   5.471   3.656  -0.018  -0.948   0.000 01E195M000t
00011 LYS01A0134_011 f 0.00  0.000     0  0.00  0  0  -6.017   0.457   1.733  -0.015  -1.000   0.000 01E1B0M000t
00012 LYS01A0134_012 f 0.00  0.000     0  0.00  0  0 -10.571   3.434   3.884  -0.143  -0.812   0.000 01E1F4M000t
00013 LYS01A0134_013 f 0.00  0.000     0  0.00  0  0 -10.959   0.172   3.807  -0.052  -0.883   0.000 01T028M000t
00014 LYS01A0134_014 f 0.00  0.000     0  0.00  0  0  -6.620  -0.303   3.471  -0.032  -0.957   0.000 01T05FM000t
00015 LYS01A0134_015 f 0.00  0.000     0  0.00  0  0 -11.052   2.555   3.594  -0.016  -1.059   0.000 01T0B5M000t
00016 LYS01A0134_016 f 0.00  0.000     0  0.00  0  0 -10.646   2.989   3.696  -0.021  -0.917   0.000 01T0D4M000t
00017 LYS01A0134_017 f 0.00  0.000     0  0.00  0  0 -11.530  -0.010   2.625  -0.008  -0.906   0.000 01T0F2M000t
00018 LYS01A0134_018 f 0.00  0.000     0  0.00  0  0 -11.678   0.465   4.900  -0.017  -0.964   0.000 01T129M000t
00019 LYS01A0134_019 f 0.00  0.000     0  0.00  0  0 -10.976   2.437   2.492   0.030  -0.825   0.000 01T16BM000t
00020 LYS01A0134_020 f 0.00  0.000     0  0.00  0  0  -9.931   3.080   4.030  -0.031  -0.874   0.000 01T1FDM000t
00021 LYS+1A0134_021 f 0.00  1.000     0 10.40  0  1  -4.133  -0.038   4.119   0.118 -12.751   0.000 +1O000M000t
00022 LYS+1A0134_022 f 0.00  1.000     0 10.40  0  1 -11.597   1.190   3.529   0.300 -12.647   0.000 +1E041M000t
00023 LYS+1A0134_023 f 0.00  1.000     0 10.40  0  1 -11.776   6.455   4.384   0.056 -12.930   0.000 +1E043M000t
00024 LYS+1A0134_024 f 0.00  1.000     0 10.40  0  1 -11.070   3.416   4.650   0.066 -12.856   0.000 +1E045M000t
00025 LYS+1A0134_025 f 0.00  1.000     0 10.40  0  1 -10.522   0.644   2.958   0.092 -12.835   0.000 +1E064M000t
00026 LYS+1A0134_026 f 0.00  1.000     0 10.40  0  1 -11.395   0.530   3.654   0.077 -12.907   0.000 +1E092M000t
00027 LYS+1A0134_027 f 0.00  1.000     0 10.40  0  1 -10.460   3.169   3.233   0.087 -12.720   0.000 +1E0B4M000t
00028 LYS+1A0134_028 f 0.00  1.000     0 10.40  0  1 -11.058   2.562   3.615   0.076 -12.937   0.000 +1E0B5M000t
00029 LYS+1A0134_029 f 0.00  1.000     0 10.40  0  1 -10.567   3.420   3.914   0.327 -12.417   0.000 +1E1F4M000t
00030 LYS+1A0134_030 f 0.00  1.000     0 10.40  0  1 -11.004   0.011   3.988   0.153 -12.527   0.000 +1T028M000t
00031 LYS+1A0134_031 f 0.00  1.000     0 10.40  0  1 -11.496   0.882   3.430   0.058 -12.888   0.000 +1T039M000t
00032 LYS+1A0134_032 f 0.00  1.000     0 10.40  0  1  -6.530  -0.309   3.517   0.141 -12.888   0.000 +1T05FM000t
00033 LYS+1A0134_033 f 0.00  1.000     0 10.40  0  1 -11.504   2.334   2.509   0.070 -12.922   0.000 +1T0C8M000t
00034 LYS+1A0134_034 f 0.00  1.000     0 10.40  0  1 -10.670   2.989   3.729   0.044 -12.866   0.000 +1T0D4M000t
00035 LYS+1A0134_035 f 0.00  1.000     0 10.40  0  1 -11.663  -0.007   2.637  -0.003 -12.983   0.000 +1T0F2M000t
00036 LYS+1A0134_036 f 0.00  1.000     0 10.40  0  1 -11.626   0.460   4.962  -0.008 -12.926   0.000 +1T129M000t
00037 LYS+1A0134_037 f 0.00  1.000     0 10.40  0  1 -11.030   2.421   2.506   0.200 -12.700   0.000 +1T16BM000t
00038 LYS+1A0134_038 f 0.00  1.000     0 10.40  0  1 -10.149   5.465   3.676   0.093 -12.524   0.000 +1T195M000t
00039 LYS+1A0134_039 f 0.00  1.000     0 10.40  0  1  -6.221   0.467   1.764   0.087 -13.107   0.000 +1T1B0M000t
00040 LYS+1A0134_040 f 0.00  1.000     0 10.40  0  1 -10.020   3.094   4.043   0.139 -12.731   0.000 +1T1FDM000t
