   confID        vdw0    sas     sum
LYS01A0134_001   7.938 -11.991  -4.053
LYS01A0134_002   1.040 -12.547 -11.507
LYS01A0134_003   1.091 -12.642 -11.551
LYS01A0134_004   1.012 -12.715 -11.703
LYS01A0134_005   1.356 -12.508 -11.153
LYS01A0134_006   1.690 -12.264 -10.575
LYS01A0134_007   1.406 -12.804 -11.397
LYS01A0134_008   1.897 -12.322 -10.425
LYS01A0134_009   1.083 -12.540 -11.457
LYS01A0134_010   2.159 -12.159 -10.000
LYS01A0134_011   6.472 -12.489  -6.017
LYS01A0134_012   1.660 -12.231 -10.571
LYS01A0134_013   1.741 -12.700 -10.959
LYS01A0134_014   5.608 -12.228  -6.620
LYS01A0134_015   1.447 -12.498 -11.052
LYS01A0134_016   1.914 -12.561 -10.646
LYS01A0134_017   1.287 -12.817 -11.530
LYS01A0134_018   1.274 -12.952 -11.678
LYS01A0134_019   1.489 -12.465 -10.976
LYS01A0134_020   1.900 -11.831  -9.931
LYS+1A0134_021   7.857 -11.991  -4.133
LYS+1A0134_022   1.003 -12.600 -11.597
LYS+1A0134_023   0.945 -12.721 -11.776
LYS+1A0134_024   1.291 -12.360 -11.070
LYS+1A0134_025   1.607 -12.129 -10.522
LYS+1A0134_026   1.345 -12.739 -11.395
LYS+1A0134_027   1.914 -12.374 -10.460
LYS+1A0134_028   1.373 -12.431 -11.058
LYS+1A0134_029   1.597 -12.163 -10.567
LYS+1A0134_030   1.712 -12.716 -11.004
LYS+1A0134_031   0.967 -12.463 -11.496
LYS+1A0134_032   5.685 -12.215  -6.530
LYS+1A0134_033   1.036 -12.540 -11.504
LYS+1A0134_034   1.839 -12.509 -10.670
LYS+1A0134_035   1.244 -12.907 -11.663
LYS+1A0134_036   1.262 -12.888 -11.626
LYS+1A0134_037   1.435 -12.465 -11.030
LYS+1A0134_038   2.052 -12.201 -10.149
LYS+1A0134_039   6.396 -12.617  -6.221
LYS+1A0134_040   1.811 -11.831 -10.020
