CONFORMER         crg  vdw0  vdw1  tors  epol  self   occ  Hb     history    ASA
GLU01A0057_001  0.000 -3.93  2.09  4.09  0.00  2.24 0.527  00  01O000M000  1.018
GLU01A0057_002  0.000 -4.23  0.26  5.60  0.00  1.63 0.527  00  01E00AM000  1.064
GLU01A0057_003  0.000 -3.93  2.09  1.37  0.00 -0.48 0.527  00  01O000M000  1.018
GLU01A0057_004  0.000 -4.16  0.17  1.46  0.00 -2.54 0.526  00  01E00BM000  1.031
GLU01A0057_005  0.000 -4.04  0.07  2.98  0.00 -0.99 0.527  00  01E00DM000  1.000
GLU01A0057_006  0.000 -4.24  0.35  0.87  0.00 -3.02 0.526  00  01E00FM000  1.024
GLU01A0057_007  0.000 -3.23  0.29  4.86  0.00  1.92 0.529  00  01T002M000  1.080
GLU01A0057_008  0.000 -3.75  0.27  4.78  0.00  1.31 0.528  00  01T005M000  1.006
GLU01A0057_009  0.000 -4.17  0.09  5.88  0.00  1.79 0.528  00  01T007M000  1.000
GLU01A0057_010  0.000 -4.17  0.18  4.09  0.00  0.11 0.527  00  01T00CM000  1.023
GLU01A0057_011  0.000 -4.07  0.07  5.72  0.00  1.72 0.527  00  01T00DM000  1.000
GLU01A0057_012  0.000 -4.31  0.09  3.53  0.00 -0.69 0.526  00  01T00FM000  1.022
GLU01A0057_013  0.000 -4.09  0.17  4.16  0.00  0.24 0.526  00  01T00BM000  1.014
GLU01A0057_014  0.000 -4.31  0.26  4.88  0.00  0.83 0.531  00  01T011M000  1.086
GLU01A0057_015  0.000 -4.62 -0.03  1.46  0.00 -3.19 0.529  00  01T006M000  1.061
GLU01A0057_016  0.000 -4.23  0.26  2.87  0.00 -1.10 0.527  00  01T00AM000  1.064
GLU01A0057_017  0.000 -4.45  0.26  2.19  0.00 -2.01 0.531  00  01T011M000  1.079
GLU01A0057_018  0.000 -4.08  0.26  2.59  0.00 -1.24 0.528  00  01T001M000  1.052
GLU02A0057_019  0.000 -3.94  1.54  4.09  0.00  1.69 0.527  00  02O000M000  1.023
GLU02A0057_020  0.000 -3.50  0.29  4.93  0.00  1.73 0.529  00  02E002M000  1.064
GLU02A0057_021  0.000 -3.39  0.02  5.15  0.00  1.78 0.528  00  02E004M000  1.025
GLU02A0057_022  0.000 -4.04  0.28  4.80  0.00  1.04 0.528  00  02E005M000  1.006
GLU02A0057_023  0.000 -4.22  0.12  5.98  0.00  1.88 0.528  00  02E007M000  1.000
GLU02A0057_024  0.000 -3.84  0.15  5.81  0.00  2.12 0.529  00  02E00EM000  1.043
GLU02A0057_025  0.000 -4.23  0.24  4.92  0.00  0.93 0.531  00  02E011M000  1.065
GLU02A0057_026  0.000 -3.94  1.54  1.37  0.00 -1.03 0.527  00  02O000M000  1.023
GLU02A0057_027  0.000 -3.71  0.16  3.10  0.00 -0.45 0.529  00  02E00EM000  1.052
GLU02A0057_028  0.000 -4.12  0.26  0.89  0.00 -2.97 0.526  00  02E00FM000  1.024
GLU02A0057_029  0.000 -4.14  0.25  5.62  0.00  1.73 0.527  00  02T00AM000  1.072
GLU02A0057_030  0.000 -4.05  0.17  4.22  0.00  0.35 0.526  00  02T00BM000  1.006
GLU02A0057_031  0.000 -4.34  1.76  5.65  0.00  3.07 0.527  00  02T008M000  1.022
GLU02A0057_032  0.000 -4.09  0.18  4.08  0.00  0.18 0.527  00  02T00CM000  1.022
GLU02A0057_033  0.000 -4.12  0.26  3.60  0.00 -0.27 0.526  00  02T00FM000  1.024
GLU02A0057_034  0.000 -3.38  0.02  2.42  0.00 -0.94 0.528  00  02T004M000  1.025
GLU02A0057_035  0.000 -4.04  0.28  2.08  0.00 -1.68 0.528  00  02T005M000  1.006
GLU02A0057_036  0.000 -4.14  0.25  2.90  0.00 -0.99 0.527  00  02T00AM000  1.072
GLU02A0057_037  0.000 -3.52  0.30  2.32  0.00 -0.90 0.529  00  02T002M000  1.063
GLU02A0057_038  0.000 -4.34  1.76  2.93  0.00  0.35 0.527  00  02T008M000  1.022
GLU02A0057_039  0.000 -4.09  0.18  1.36  0.00 -2.54 0.527  00  02T00CM000  1.022
GLU02A0057_040  0.000 -4.31  0.25  2.14  0.00 -1.93 0.531  00  02T011M000  1.092
GLU-1A0057_041 -1.000 -4.03  1.56  1.37  0.00 -1.10 0.527  00  -1O000M000  1.015
GLU-1A0057_042 -1.000 -3.51  0.31  2.16  0.00 -1.03 0.529  00  -1E002M000  1.064
GLU-1A0057_043 -1.000 -4.30  1.55  2.87  0.00  0.12 0.527  00  -1E008M000  1.018
GLU-1A0057_044 -1.000 -4.21  0.17  1.38  0.00 -2.67 0.526  00  -1E00BM000  1.006
GLU-1A0057_045 -1.000 -4.05  0.06  2.80  0.00 -1.19 0.527  00  -1E00DM000  1.000
GLU-1A0057_046 -1.000 -4.14  0.20  0.80  0.00 -3.14 0.526  00  -1E00FM000  1.017
GLU-1A0057_047 -1.000 -4.24  0.25  2.08  0.00 -1.91 0.531  00  -1E011M000  1.075
