iConf CONFORMER     FL  occ    crg   Em0  pKa0 ne nH    vdw0    vdw1    tors    epol   dsolv   extra    history
00001 GLU01A0057_001 f 0.00  0.000     0  0.00  0  0  -3.931   2.089   4.087   0.068  -0.442   0.000 01O000M000t
00002 GLU01A0057_002 f 0.00  0.000     0  0.00  0  0  -4.233   0.260   5.599   0.001  -0.534   0.000 01E00AM000t
00003 GLU01A0057_003 f 0.00  0.000     0  0.00  0  0  -3.931   2.089   1.367  -0.006  -0.342   0.000 01O000M000t
00004 GLU01A0057_004 f 0.00  0.000     0  0.00  0  0  -4.160   0.167   1.464   0.010  -0.342   0.000 01E00BM000t
00005 GLU01A0057_005 f 0.00  0.000     0  0.00  0  0  -4.045   0.069   2.984   0.014  -0.348   0.000 01E00DM000t
00006 GLU01A0057_006 f 0.00  0.000     0  0.00  0  0  -4.237   0.351   0.867   0.026  -0.342   0.000 01E00FM000t
00007 GLU01A0057_007 f 0.00  0.000     0  0.00  0  0  -3.235   0.286   4.863   0.042  -0.489   0.000 01T002M000t
00008 GLU01A0057_008 f 0.00  0.000     0  0.00  0  0  -3.751   0.271   4.784   0.046  -0.485   0.000 01T005M000t
00009 GLU01A0057_009 f 0.00  0.000     0  0.00  0  0  -4.174   0.089   5.881   0.054  -0.502   0.000 01T007M000t
00010 GLU01A0057_010 f 0.00  0.000     0  0.00  0  0  -4.165   0.184   4.092   0.011  -0.543   0.000 01T00CM000t
00011 GLU01A0057_011 f 0.00  0.000     0  0.00  0  0  -4.068   0.067   5.718   0.045  -0.468   0.000 01T00DM000t
00012 GLU01A0057_012 f 0.00  0.000     0  0.00  0  0  -4.313   0.093   3.534   0.062  -0.518   0.000 01T00FM000t
00013 GLU01A0057_013 f 0.00  0.000     0  0.00  0  0  -4.082   0.166   4.163   0.016  -0.515   0.000 01T00BM000t
00014 GLU01A0057_014 f 0.00  0.000     0  0.00  0  0  -4.312   0.256   4.883  -0.007  -0.526   0.000 01T011M000t
00015 GLU01A0057_015 f 0.00  0.000     0  0.00  0  0  -4.620  -0.031   1.464   0.024  -0.343   0.000 01T006M000t
00016 GLU01A0057_016 f 0.00  0.000     0  0.00  0  0  -4.229   0.262   2.871   0.001  -0.352   0.000 01T00AM000t
00017 GLU01A0057_017 f 0.00  0.000     0  0.00  0  0  -4.455   0.257   2.188   0.006  -0.349   0.000 01T011M000t
00018 GLU01A0057_018 f 0.00  0.000     0  0.00  0  0  -4.081   0.254   2.589   0.012  -0.348   0.000 01T001M000t
00019 GLU02A0057_019 f 0.00  0.000     0  0.00  0  0  -3.940   1.545   4.087  -0.050  -0.512   0.000 02O000M000t
00020 GLU02A0057_020 f 0.00  0.000     0  0.00  0  0  -3.496   0.295   4.933   0.017  -0.550   0.000 02E002M000t
00021 GLU02A0057_021 f 0.00  0.000     0  0.00  0  0  -3.385   0.021   5.146   0.041  -0.547   0.000 02E004M000t
00022 GLU02A0057_022 f 0.00  0.000     0  0.00  0  0  -4.006   0.285   4.798   0.002  -0.525   0.000 02E005M000t
00023 GLU02A0057_023 f 0.00  0.000     0  0.00  0  0  -4.220   0.117   5.984  -0.007  -0.508   0.000 02E007M000t
00024 GLU02A0057_024 f 0.00  0.000     0  0.00  0  0  -3.835   0.143   5.808   0.036  -0.504   0.000 02E00EM000t
00025 GLU02A0057_025 f 0.00  0.000     0  0.00  0  0  -4.225   0.241   4.921   0.046  -0.526   0.000 02E011M000t
00026 GLU02A0057_026 f 0.00  0.000     0  0.00  0  0  -3.940   1.545   1.367  -0.040  -0.331   0.000 02O000M000t
00027 GLU02A0057_027 f 0.00  0.000     0  0.00  0  0  -3.712   0.159   3.102   0.014  -0.343   0.000 02E00EM000t
00028 GLU02A0057_028 f 0.00  0.000     0  0.00  0  0  -4.124   0.259   0.888   0.012  -0.346   0.000 02E00FM000t
00029 GLU02A0057_029 f 0.00  0.000     0  0.00  0  0  -4.143   0.251   5.620   0.060  -0.486   0.000 02T00AM000t
00030 GLU02A0057_030 f 0.00  0.000     0  0.00  0  0  -4.042   0.169   4.225   0.033  -0.534   0.000 02T00BM000t
00031 GLU02A0057_031 f 0.00  0.000     0  0.00  0  0  -4.341   1.760   5.650   0.103  -0.421   0.000 02T008M000t
00032 GLU02A0057_032 f 0.00  0.000     0  0.00  0  0  -4.088   0.181   4.084   0.041  -0.481   0.000 02T00CM000t
00033 GLU02A0057_033 f 0.00  0.000     0  0.00  0  0  -4.124   0.260   3.598   0.041  -0.482   0.000 02T00FM000t
00034 GLU02A0057_034 f 0.00  0.000     0  0.00  0  0  -3.386   0.024   2.418   0.022  -0.349   0.000 02T004M000t
00035 GLU02A0057_035 f 0.00  0.000     0  0.00  0  0  -4.006   0.285   2.078   0.004  -0.350   0.000 02T005M000t
00036 GLU02A0057_036 f 0.00  0.000     0  0.00  0  0  -4.143   0.251   2.900   0.012  -0.348   0.000 02T00AM000t
00037 GLU02A0057_037 f 0.00  0.000     0  0.00  0  0  -3.522   0.294   2.323   0.007  -0.346   0.000 02T002M000t
00038 GLU02A0057_038 f 0.00  0.000     0  0.00  0  0  -4.341   1.760   2.930   0.006  -0.350   0.000 02T008M000t
00039 GLU02A0057_039 f 0.00  0.000     0  0.00  0  0  -4.088   0.181   1.364   0.012  -0.340   0.000 02T00CM000t
00040 GLU02A0057_040 f 0.00  0.000     0  0.00  0  0  -4.315   0.246   2.137   0.017  -0.369   0.000 02T011M000t
00041 GLU-1A0057_041 f 0.00 -1.000     0  4.75  0 -1  -4.028   1.565   1.367  -0.222  -3.098   0.000 -1O000M000t
00042 GLU-1A0057_042 f 0.00 -1.000     0  4.75  0 -1  -3.500   0.308   2.163  -0.075  -3.157   0.000 -1E002M000t
00043 GLU-1A0057_043 f 0.00 -1.000     0  4.75  0 -1  -4.282   1.555   2.872  -0.089  -3.110   0.000 -1E008M000t
00044 GLU-1A0057_044 f 0.00 -1.000     0  4.75  0 -1  -4.214   0.169   1.379  -0.049  -3.173   0.000 -1E00BM000t
00045 GLU-1A0057_045 f 0.00 -1.000     0  4.75  0 -1  -4.053   0.060   2.803  -0.033  -3.148   0.000 -1E00DM000t
00046 GLU-1A0057_046 f 0.00 -1.000     0  4.75  0 -1  -4.140   0.199   0.808  -0.067  -3.115   0.000 -1E00FM000t
00047 GLU-1A0057_047 f 0.00 -1.000     0  4.75  0 -1  -4.243   0.251   2.080  -0.039  -3.164   0.000 -1E011M000t
