   confID        vdw0    sas     sum
GLU01A0057_001   1.025  -4.955  -3.931
GLU01A0057_002   0.785  -5.018  -4.233
GLU01A0057_003   1.025  -4.955  -3.931
GLU01A0057_004   0.583  -4.743  -4.160
GLU01A0057_005   0.640  -4.685  -4.045
GLU01A0057_006   0.613  -4.850  -4.237
GLU01A0057_007   1.677  -4.911  -3.235
GLU01A0057_008   0.814  -4.565  -3.751
GLU01A0057_009   0.519  -4.693  -4.174
GLU01A0057_010   0.468  -4.633  -4.165
GLU01A0057_011   0.630  -4.698  -4.068
GLU01A0057_012   0.558  -4.871  -4.313
GLU01A0057_013   0.584  -4.666  -4.082
GLU01A0057_014   0.590  -4.901  -4.312
GLU01A0057_015   0.432  -5.052  -4.620
GLU01A0057_016   0.790  -5.018  -4.229
GLU01A0057_017   0.528  -4.983  -4.455
GLU01A0057_018   0.892  -4.973  -4.081
GLU02A0057_019   0.834  -4.774  -3.940
GLU02A0057_020   1.360  -4.856  -3.496
GLU02A0057_021   1.337  -4.722  -3.385
GLU02A0057_022   0.662  -4.668  -4.006
GLU02A0057_023   0.516  -4.736  -4.220
GLU02A0057_024   1.076  -4.911  -3.835
GLU02A0057_025   0.743  -4.968  -4.225
GLU02A0057_026   0.834  -4.774  -3.940
GLU02A0057_027   1.274  -4.986  -3.712
GLU02A0057_028   0.666  -4.790  -4.124
GLU02A0057_029   0.900  -5.043  -4.143
GLU02A0057_030   0.532  -4.573  -4.042
GLU02A0057_031   0.576  -4.917  -4.341
GLU02A0057_032   0.626  -4.713  -4.088
GLU02A0057_033   0.665  -4.790  -4.124
GLU02A0057_034   1.337  -4.722  -3.386
GLU02A0057_035   0.662  -4.668  -4.006
GLU02A0057_036   0.900  -5.043  -4.143
GLU02A0057_037   1.432  -4.954  -3.522
GLU02A0057_038   0.576  -4.917  -4.341
GLU02A0057_039   0.626  -4.713  -4.088
GLU02A0057_040   0.736  -5.051  -4.315
GLU-1A0057_041   0.763  -4.791  -4.028
GLU-1A0057_042   1.296  -4.796  -3.500
GLU-1A0057_043   0.422  -4.705  -4.282
GLU-1A0057_044   0.406  -4.620  -4.214
GLU-1A0057_045   0.532  -4.585  -4.053
GLU-1A0057_046   0.513  -4.653  -4.140
GLU-1A0057_047   0.532  -4.775  -4.243
