iConf CONFORMER     FL  occ    crg   Em0  pKa0 ne nH    vdw0    vdw1    tors    epol   dsolv   extra    history
00001 ARG01A0105_001 f 0.00  0.000     0  0.00  0  0 -13.126   0.768   0.587  -0.278  -2.757   0.000 01O000M000t
00002 ARG01A0105_002 f 0.00  0.000     0  0.00  0  0 -10.265   0.801   3.794   0.073  -2.785   0.000 01E01DM000t
00003 ARG01A0105_003 f 0.00  0.000     0  0.00  0  0 -13.286   1.551   3.454   0.070  -3.089   0.000 01E045M000t
00004 ARG01A0105_004 f 0.00  0.000     0  0.00  0  0 -13.635   4.136   3.211   0.008  -3.038   0.000 01E06AM000t
00005 ARG01A0105_005 f 0.00  0.000     0  0.00  0  0 -13.098   1.095   1.228   0.027  -3.092   0.000 01E073M000t
00006 ARG01A0105_006 f 0.00  0.000     0  0.00  0  0 -13.207   1.039   5.938   0.054  -2.881   0.000 01E084M000t
00007 ARG01A0105_007 f 0.00  0.000     0  0.00  0  0  -6.957   0.408   2.917  -0.034  -2.711   0.000 01E09EM000t
00008 ARG01A0105_008 f 0.00  0.000     0  0.00  0  0 -11.054   0.655   3.920   0.071  -2.924   0.000 01E0B1M000t
00009 ARG01A0105_009 f 0.00  0.000     0  0.00  0  0 -11.029   0.466   1.168  -0.048  -2.680   0.000 01E0DCM000t
00010 ARG01A0105_010 f 0.00  0.000     0  0.00  0  0 -12.629   0.531   0.499   0.008  -2.899   0.000 01E0EFM000t
00011 ARG01A0105_011 f 0.00  0.000     0  0.00  0  0 -12.193   0.863   0.624   0.008  -2.959   0.000 01E125M000t
00012 ARG01A0105_012 f 0.00  0.000     0  0.00  0  0 -12.607   0.463   0.469   0.008  -3.011   0.000 01T02EM000t
00013 ARG01A0105_013 f 0.00  0.000     0  0.00  0  0 -12.054   3.830   3.138   0.002  -2.873   0.000 01T037M000t
00014 ARG01A0105_014 f 0.00  0.000     0  0.00  0  0 -12.230   0.858   1.218   0.077  -3.043   0.000 01T04EM000t
00015 ARG01A0105_015 f 0.00  0.000     0  0.00  0  0 -12.058   0.387   1.181   0.049  -2.887   0.000 01T050M000t
00016 ARG01A0105_016 f 0.00  0.000     0  0.00  0  0 -13.104   0.852   1.246   0.016  -3.011   0.000 01T05EM000t
00017 ARG01A0105_017 f 0.00  0.000     0  0.00  0  0 -12.737   4.606   3.128   0.047  -2.947   0.000 01T07AM000t
00018 ARG01A0105_018 f 0.00  0.000     0  0.00  0  0 -12.076   0.570   1.417  -0.004  -3.078   0.000 01T0ABM000t
00019 ARG01A0105_019 f 0.00  0.000     0  0.00  0  0 -12.473   1.156   3.174  -0.018  -2.861   0.000 01T0C0M000t
00020 ARG01A0105_020 f 0.00  0.000     0  0.00  0  0 -12.618   0.731   0.460   0.025  -3.055   0.000 01T105M000t
00021 ARG02A0105_021 f 0.00  0.000     0  0.00  0  0 -13.140   0.777   0.587  -0.196  -2.458   0.000 02O000M000t
00022 ARG02A0105_022 f 0.00  0.000     0  0.00  0  0 -11.835   0.524   1.101   0.080  -2.575   0.000 02E050M000t
00023 ARG02A0105_023 f 0.00  0.000     0  0.00  0  0 -13.318   4.000   3.117   0.016  -2.902   0.000 02E06AM000t
00024 ARG02A0105_024 f 0.00  0.000     0  0.00  0  0 -10.337   0.748   3.798   0.052  -2.420   0.000 02T01DM000t
00025 ARG02A0105_025 f 0.00  0.000     0  0.00  0  0 -13.866   1.760   3.260   0.067  -2.897   0.000 02T045M000t
00026 ARG02A0105_026 f 0.00  0.000     0  0.00  0  0 -12.359   0.857   1.091   0.054  -2.787   0.000 02T04EM000t
00027 ARG02A0105_027 f 0.00  0.000     0  0.00  0  0 -12.976   0.768   1.091   0.030  -2.636   0.000 02T05EM000t
00028 ARG02A0105_028 f 0.00  0.000     0  0.00  0  0 -12.705   1.022   1.087   0.035  -2.601   0.000 02T073M000t
00029 ARG02A0105_029 f 0.00  0.000     0  0.00  0  0 -11.626   0.764   1.081   0.033  -2.551   0.000 02T0ABM000t
00030 ARG02A0105_030 f 0.00  0.000     0  0.00  0  0 -10.890   0.512   3.631   0.028  -2.539   0.000 02T0B1M000t
00031 ARG02A0105_031 f 0.00  0.000     0  0.00  0  0 -11.153   0.454   1.082   0.059  -2.653   0.000 02T0DCM000t
00032 ARG02A0105_032 f 0.00  0.000     0  0.00  0  0 -12.969   0.513   0.459   0.003  -2.887   0.000 02T0EFM000t
00033 ARG02A0105_033 f 0.00  0.000     0  0.00  0  0 -12.632   0.706   0.460   0.015  -2.688   0.000 02T105M000t
00034 ARG02A0105_034 f 0.00  0.000     0  0.00  0  0 -12.195   0.808   0.458   0.024  -2.959   0.000 02T125M000t
00035 ARG02A0105_035 f 0.00  0.000     0  0.00  0  0 -12.531   0.457   0.467  -0.006  -2.593   0.000 02T02EM000t
00036 ARG02A0105_036 f 0.00  0.000     0  0.00  0  0 -11.889   3.836   3.139  -0.019  -2.598   0.000 02T037M000t
00037 ARG02A0105_037 f 0.00  0.000     0  0.00  0  0 -12.768   4.601   3.121   0.009  -2.707   0.000 02T07AM000t
00038 ARG02A0105_038 f 0.00  0.000     0  0.00  0  0 -13.155   0.968   5.911  -0.029  -2.611   0.000 02T084M000t
00039 ARG02A0105_039 f 0.00  0.000     0  0.00  0  0  -7.030   0.446   2.893   0.009  -2.635   0.000 02T09EM000t
00040 ARG02A0105_040 f 0.00  0.000     0  0.00  0  0 -12.519   1.152   3.124   0.022  -2.807   0.000 02T0C0M000t
00041 ARG03A0105_041 f 0.00  0.000     0  0.00  0  0 -13.824   1.766   3.259   0.065  -2.605   0.000 03E045M000t
00042 ARG03A0105_042 f 0.00  0.000     0  0.00  0  0 -13.144   0.766   0.587  -0.271  -2.482   0.000 03O000M000t
00043 ARG03A0105_043 f 0.00  0.000     0  0.00  0  0 -12.779   4.592   3.124   0.032  -2.575   0.000 03E07AM000t
00044 ARG03A0105_044 f 0.00  0.000     0  0.00  0  0 -11.522   0.766   1.079   0.022  -2.693   0.000 03E0ABM000t
00045 ARG03A0105_045 f 0.00  0.000     0  0.00  0  0 -12.559   1.016   1.087   0.036  -2.573   0.000 03T073M000t
00046 ARG03A0105_046 f 0.00  0.000     0  0.00  0  0 -12.309   0.815   0.459   0.030  -2.604   0.000 03T125M000t
00047 ARG03A0105_047 f 0.00  0.000     0  0.00  0  0 -13.235   0.953   5.901   0.033  -2.623   0.000 03T084M000t
00048 ARG03A0105_048 f 0.00  0.000     0  0.00  0  0 -12.635   0.458   0.468   0.012  -2.572   0.000 03T02EM000t
00049 ARG03A0105_049 f 0.00  0.000     0  0.00  0  0 -11.930   0.510   1.100   0.046  -2.531   0.000 03T050M000t
00050 ARG03A0105_050 f 0.00  0.000     0  0.00  0  0 -12.960   0.770   1.092   0.024  -2.772   0.000 03T05EM000t
00051 ARG03A0105_051 f 0.00  0.000     0  0.00  0  0 -10.299   0.760   3.796   0.059  -2.503   0.000 03T01DM000t
00052 ARG03A0105_052 f 0.00  0.000     0  0.00  0  0 -12.051   3.824   3.138  -0.001  -2.513   0.000 03T037M000t
00053 ARG03A0105_053 f 0.00  0.000     0  0.00  0  0 -12.327   0.854   1.093   0.064  -2.612   0.000 03T04EM000t
00054 ARG03A0105_054 f 0.00  0.000     0  0.00  0  0 -13.235   4.004   3.117   0.015  -2.633   0.000 03T06AM000t
00055 ARG03A0105_055 f 0.00  0.000     0  0.00  0  0  -7.142   0.454   2.888  -0.008  -2.540   0.000 03T09EM000t
00056 ARG03A0105_056 f 0.00  0.000     0  0.00  0  0 -10.867   0.506   3.638   0.058  -2.678   0.000 03T0B1M000t
00057 ARG03A0105_057 f 0.00  0.000     0  0.00  0  0 -12.649   1.149   3.117   0.010  -2.721   0.000 03T0C0M000t
00058 ARG03A0105_058 f 0.00  0.000     0  0.00  0  0 -11.265   0.464   1.073   0.043  -2.642   0.000 03T0DCM000t
00059 ARG03A0105_059 f 0.00  0.000     0  0.00  0  0 -12.960   0.511   0.457   0.015  -2.758   0.000 03T0EFM000t
00060 ARG03A0105_060 f 0.00  0.000     0  0.00  0  0 -12.715   0.701   0.460   0.039  -2.522   0.000 03T105M000t
00061 ARG+1A0105_061 f 0.00  1.000     0 12.50  0  1 -13.187   0.765   0.587  -0.308 -10.464   0.000 +1O000M000t
00062 ARG+1A0105_062 f 0.00  1.000     0 12.50  0  1 -10.344   0.750   3.798   0.142 -10.572   0.000 +1E01DM000t
00063 ARG+1A0105_063 f 0.00  1.000     0 12.50  0  1 -12.741   0.459   0.469   0.067 -10.771   0.000 +1E02EM000t
00064 ARG+1A0105_064 f 0.00  1.000     0 12.50  0  1 -13.913   1.767   3.262   0.144 -10.815   0.000 +1E045M000t
00065 ARG+1A0105_065 f 0.00  1.000     0 12.50  0  1 -12.467   0.844   1.094   0.082 -10.739   0.000 +1E04EM000t
00066 ARG+1A0105_066 f 0.00  1.000     0 12.50  0  1 -12.951   0.771   1.095   0.122 -10.792   0.000 +1E05EM000t
00067 ARG+1A0105_067 f 0.00  1.000     0 12.50  0  1 -13.476   4.002   3.118   0.087 -10.703   0.000 +1E06AM000t
00068 ARG+1A0105_068 f 0.00  1.000     0 12.50  0  1 -12.540   1.018   1.091   0.118 -10.728   0.000 +1E073M000t
00069 ARG+1A0105_069 f 0.00  1.000     0 12.50  0  1 -12.884   4.585   3.123   0.088 -10.739   0.000 +1E07AM000t
00070 ARG+1A0105_070 f 0.00  1.000     0 12.50  0  1 -13.259   0.946   5.908   0.171 -10.634   0.000 +1E084M000t
00071 ARG+1A0105_071 f 0.00  1.000     0 12.50  0  1 -12.679   1.151   3.121   0.110 -10.632   0.000 +1E0C0M000t
00072 ARG+1A0105_072 f 0.00  1.000     0 12.50  0  1 -11.346   0.454   1.084   0.251 -10.361   0.000 +1E0DCM000t
00073 ARG+1A0105_073 f 0.00  1.000     0 12.50  0  1 -12.758   0.697   0.460   0.142 -10.677   0.000 +1E105M000t
00074 ARG+1A0105_074 f 0.00  1.000     0 12.50  0  1 -12.094   3.838   3.139   0.085 -10.888   0.000 +1T037M000t
00075 ARG+1A0105_075 f 0.00  1.000     0 12.50  0  1 -11.954   0.500   1.102   0.067 -10.594   0.000 +1T050M000t
00076 ARG+1A0105_076 f 0.00  1.000     0 12.50  0  1  -7.146   0.449   2.901   0.128 -10.480   0.000 +1T09EM000t
00077 ARG+1A0105_077 f 0.00  1.000     0 12.50  0  1 -11.635   0.756   1.087   0.156 -10.734   0.000 +1T0ABM000t
00078 ARG+1A0105_078 f 0.00  1.000     0 12.50  0  1 -11.034   0.504   3.637   0.045 -10.762   0.000 +1T0B1M000t
00079 ARG+1A0105_079 f 0.00  1.000     0 12.50  0  1 -13.011   0.513   0.460   0.071 -10.644   0.000 +1T0EFM000t
00080 ARG+1A0105_080 f 0.00  1.000     0 12.50  0  1 -12.261   0.809   0.461   0.113 -10.763   0.000 +1T125M000t
