CONFORMER         crg  vdw0  vdw1  tors  epol  self   occ  Hb     history    ASA
ARG01A0105_001  0.000-13.12  0.77  0.59  0.00-11.77 0.501  00  01O000M000  1.000
ARG01A0105_002  0.000-10.27  0.80  3.79  0.00 -5.67 0.501  00  01E01DM000  1.000
ARG01A0105_003  0.000-13.29  1.55  3.45  0.00 -8.28 0.502  00  01E045M000  1.000
ARG01A0105_004  0.000-13.64  4.13  3.21  0.00 -6.30 0.501  00  01E06AM000  1.000
ARG01A0105_005  0.000-13.10  1.10  1.23  0.00-10.78 0.502  00  01E073M000  1.000
ARG01A0105_006  0.000-13.20  1.04  5.94  0.00 -6.22 0.501  00  01E084M000  1.000
ARG01A0105_007  0.000 -6.96  0.41  2.92  0.00 -3.63 0.501  00  01E09EM000  1.000
ARG01A0105_008  0.000-11.06  0.66  3.92  0.00 -6.48 0.502  00  01E0B1M000  1.000
ARG01A0105_009  0.000-11.09  0.47  1.17  0.00 -9.46 0.501  00  01E0DCM000  1.000
ARG01A0105_010  0.000-12.68  0.53  0.50  0.00-11.65 0.502  00  01E0EFM000  1.000
ARG01A0105_011  0.000-12.19  0.86  0.63  0.00-10.70 0.501  00  01E125M000  1.000
ARG01A0105_012  0.000-12.61  0.46  0.47  0.00-11.68 0.502  00  01T02EM000  1.000
ARG01A0105_013  0.000-12.06  3.84  3.14  0.00 -5.08 0.502  00  01T037M000  1.000
ARG01A0105_014  0.000-12.23  0.86  1.22  0.00-10.15 0.501  00  01T04EM000  1.000
ARG01A0105_015  0.000-12.05  0.38  1.18  0.00-10.49 0.501  00  01T050M000  1.000
ARG01A0105_016  0.000-13.10  0.85  1.24  0.00-11.01 0.502  00  01T05EM000  1.000
ARG01A0105_017  0.000-12.68  4.60  3.13  0.00 -4.95 0.501  00  01T07AM000  1.000
ARG01A0105_018  0.000-12.08  0.57  1.42  0.00-10.09 0.501  00  01T0ABM000  1.000
ARG01A0105_019  0.000-12.47  1.15  3.17  0.00 -8.15 0.501  00  01T0C0M000  1.000
ARG01A0105_020  0.000-12.62  0.73  0.46  0.00-11.42 0.502  00  01T105M000  1.000
ARG02A0105_021  0.000-13.14  0.78  0.59  0.00-11.77 0.501  00  02O000M000  1.000
ARG02A0105_022  0.000-11.83  0.52  1.10  0.00-10.21 0.501  00  02E050M000  1.000
ARG02A0105_023  0.000-13.32  4.00  3.12  0.00 -6.20 0.501  00  02E06AM000  1.000
ARG02A0105_024  0.000-10.34  0.75  3.80  0.00 -5.79 0.501  00  02T01DM000  1.000
ARG02A0105_025  0.000-13.87  1.76  3.26  0.00 -8.85 0.502  00  02T045M000  1.000
ARG02A0105_026  0.000-12.36  0.86  1.09  0.00-10.41 0.501  00  02T04EM000  1.000
ARG02A0105_027  0.000-12.98  0.77  1.09  0.00-11.12 0.502  00  02T05EM000  1.000
ARG02A0105_028  0.000-12.70  1.02  1.09  0.00-10.60 0.502  00  02T073M000  1.000
ARG02A0105_029  0.000-11.63  0.77  1.08  0.00 -9.78 0.501  00  02T0ABM000  1.000
ARG02A0105_030  0.000-10.89  0.51  3.63  0.00 -6.75 0.502  00  02T0B1M000  1.000
ARG02A0105_031  0.000-11.15  0.45  1.08  0.00 -9.62 0.501  00  02T0DCM000  1.000
ARG02A0105_032  0.000-12.97  0.51  0.46  0.00-12.00 0.502  00  02T0EFM000  1.000
ARG02A0105_033  0.000-12.63  0.71  0.46  0.00-11.47 0.502  00  02T105M000  1.000
ARG02A0105_034  0.000-12.20  0.81  0.46  0.00-10.93 0.501  00  02T125M000  1.000
ARG02A0105_035  0.000-12.60  0.46  0.47  0.00-11.68 0.502  00  02T02EM000  1.000
ARG02A0105_036  0.000-11.95  3.83  3.14  0.00 -4.98 0.502  00  02T037M000  1.000
ARG02A0105_037  0.000-12.77  4.60  3.12  0.00 -5.05 0.501  00  02T07AM000  1.000
ARG02A0105_038  0.000-13.15  0.97  5.91  0.00 -6.28 0.501  00  02T084M000  1.000
ARG02A0105_039  0.000 -7.01  0.45  2.89  0.00 -3.67 0.501  00  02T09EM000  1.000
ARG02A0105_040  0.000-12.52  1.15  3.12  0.00 -8.25 0.501  00  02T0C0M000  1.000
ARG03A0105_041  0.000-13.82  1.77  3.26  0.00 -8.80 0.502  00  03E045M000  1.000
ARG03A0105_042  0.000-13.14  0.77  0.59  0.00-11.79 0.501  00  03O000M000  1.000
ARG03A0105_043  0.000-12.78  4.59  3.12  0.00 -5.06 0.501  00  03E07AM000  1.000
ARG03A0105_044  0.000-11.52  0.76  1.08  0.00 -9.68 0.501  00  03E0ABM000  1.000
ARG03A0105_045  0.000-12.56  1.02  1.09  0.00-10.45 0.502  00  03T073M000  1.000
ARG03A0105_046  0.000-12.30  0.81  0.46  0.00-11.04 0.501  00  03T125M000  1.000
ARG03A0105_047  0.000-13.24  0.95  5.90  0.00 -6.38 0.501  00  03T084M000  1.000
ARG03A0105_048  0.000-12.64  0.46  0.47  0.00-11.72 0.502  00  03T02EM000  1.000
ARG03A0105_049  0.000-11.92  0.51  1.10  0.00-10.31 0.501  00  03T050M000  1.000
ARG03A0105_050  0.000-12.96  0.77  1.09  0.00-11.10 0.502  00  03T05EM000  1.000
ARG03A0105_051  0.000-10.30  0.76  3.80  0.00 -5.75 0.501  00  03T01DM000  1.000
ARG03A0105_052  0.000-12.05  3.83  3.14  0.00 -5.08 0.502  00  03T037M000  1.000
ARG03A0105_053  0.000-12.37  0.85  1.09  0.00-10.43 0.501  00  03T04EM000  1.000
ARG03A0105_054  0.000-13.24  4.00  3.12  0.00 -6.12 0.501  00  03T06AM000  1.000
ARG03A0105_055  0.000 -7.13  0.45  2.89  0.00 -3.79 0.501  00  03T09EM000  1.000
ARG03A0105_056  0.000-10.93  0.51  3.64  0.00 -6.79 0.502  00  03T0B1M000  1.000
ARG03A0105_057  0.000-12.65  1.15  3.12  0.00 -8.38 0.501  00  03T0C0M000  1.000
ARG03A0105_058  0.000-11.27  0.46  1.07  0.00 -9.73 0.501  00  03T0DCM000  1.000
ARG03A0105_059  0.000-12.96  0.51  0.46  0.00-11.99 0.502  00  03T0EFM000  1.000
ARG03A0105_060  0.000-12.72  0.70  0.46  0.00-11.55 0.502  00  03T105M000  1.000
ARG+1A0105_061  1.000-13.19  0.77  0.59  0.00-11.83 0.501  00  +1O000M000  1.000
ARG+1A0105_062  1.000-10.34  0.75  3.80  0.00 -5.79 0.501  00  +1E01DM000  1.000
ARG+1A0105_063  1.000-12.74  0.46  0.47  0.00-11.82 0.502  00  +1E02EM000  1.000
ARG+1A0105_064  1.000-13.91  1.76  3.26  0.00 -8.89 0.502  00  +1E045M000  1.000
ARG+1A0105_065  1.000-12.48  0.85  1.09  0.00-10.54 0.501  00  +1E04EM000  1.000
ARG+1A0105_066  1.000-12.96  0.77  1.10  0.00-11.09 0.502  00  +1E05EM000  1.000
ARG+1A0105_067  1.000-13.47  4.00  3.12  0.00 -6.36 0.501  00  +1E06AM000  1.000
ARG+1A0105_068  1.000-12.54  1.02  1.09  0.00-10.43 0.502  00  +1E073M000  1.000
ARG+1A0105_069  1.000-12.88  4.59  3.12  0.00 -5.17 0.501  00  +1E07AM000  1.000
ARG+1A0105_070  1.000-13.26  0.95  5.91  0.00 -6.40 0.501  00  +1E084M000  1.000
ARG+1A0105_071  1.000-12.67  1.15  3.12  0.00 -8.40 0.501  00  +1E0C0M000  1.000
ARG+1A0105_072  1.000-11.35  0.45  1.08  0.00 -9.81 0.501  00  +1E0DCM000  1.000
ARG+1A0105_073  1.000-12.76  0.70  0.46  0.00-11.60 0.502  00  +1E105M000  1.000
ARG+1A0105_074  1.000-12.09  3.83  3.14  0.00 -5.12 0.502  00  +1T037M000  1.000
ARG+1A0105_075  1.000-11.95  0.50  1.10  0.00-10.35 0.501  00  +1T050M000  1.000
ARG+1A0105_076  1.000 -7.14  0.45  2.90  0.00 -3.79 0.501  00  +1T09EM000  1.000
ARG+1A0105_077  1.000-11.63  0.76  1.09  0.00 -9.79 0.501  00  +1T0ABM000  1.000
ARG+1A0105_078  1.000-11.04  0.50  3.64  0.00 -6.90 0.502  00  +1T0B1M000  1.000
ARG+1A0105_079  1.000-13.01  0.51  0.46  0.00-12.04 0.502  00  +1T0EFM000  1.000
ARG+1A0105_080  1.000-12.26  0.81  0.46  0.00-10.99 0.501  00  +1T125M000  1.000
