   confID        vdw0    sas     sum
ARG01A0105_001   1.215 -14.341 -13.126
ARG01A0105_002   3.301 -13.565 -10.265
ARG01A0105_003   1.548 -14.835 -13.286
ARG01A0105_004   0.997 -14.632 -13.635
ARG01A0105_005   1.522 -14.620 -13.098
ARG01A0105_006   2.001 -15.208 -13.207
ARG01A0105_007   6.798 -13.755  -6.957
ARG01A0105_008   3.263 -14.317 -11.054
ARG01A0105_009   3.045 -14.074 -11.029
ARG01A0105_010   1.680 -14.310 -12.629
ARG01A0105_011   1.909 -14.103 -12.193
ARG01A0105_012   1.865 -14.472 -12.607
ARG01A0105_013   1.984 -14.038 -12.054
ARG01A0105_014   2.197 -14.427 -12.230
ARG01A0105_015   2.050 -14.108 -12.058
ARG01A0105_016   1.484 -14.588 -13.104
ARG01A0105_017   1.428 -14.165 -12.737
ARG01A0105_018   2.363 -14.439 -12.076
ARG01A0105_019   1.836 -14.309 -12.473
ARG01A0105_020   1.999 -14.617 -12.618
ARG02A0105_021   1.201 -14.341 -13.140
ARG02A0105_022   2.035 -13.870 -11.835
ARG02A0105_023   1.079 -14.397 -13.318
ARG02A0105_024   3.292 -13.630 -10.337
ARG02A0105_025   1.384 -15.250 -13.866
ARG02A0105_026   2.052 -14.411 -12.359
ARG02A0105_027   1.615 -14.591 -12.976
ARG02A0105_028   1.629 -14.334 -12.705
ARG02A0105_029   2.807 -14.432 -11.626
ARG02A0105_030   3.250 -14.140 -10.890
ARG02A0105_031   3.117 -14.270 -11.153
ARG02A0105_032   1.652 -14.621 -12.969
ARG02A0105_033   2.036 -14.668 -12.632
ARG02A0105_034   2.159 -14.354 -12.195
ARG02A0105_035   1.921 -14.452 -12.531
ARG02A0105_036   2.030 -13.919 -11.889
ARG02A0105_037   1.464 -14.233 -12.768
ARG02A0105_038   2.137 -15.292 -13.155
ARG02A0105_039   6.796 -13.826  -7.030
ARG02A0105_040   2.018 -14.537 -12.519
ARG03A0105_041   1.345 -15.169 -13.824
ARG03A0105_042   1.197 -14.341 -13.144
ARG03A0105_043   1.389 -14.168 -12.779
ARG03A0105_044   2.795 -14.317 -11.522
ARG03A0105_045   1.646 -14.205 -12.559
ARG03A0105_046   2.112 -14.421 -12.309
ARG03A0105_047   2.074 -15.308 -13.235
ARG03A0105_048   1.837 -14.472 -12.635
ARG03A0105_049   1.941 -13.870 -11.930
ARG03A0105_050   1.631 -14.591 -12.960
ARG03A0105_051   3.267 -13.565 -10.299
ARG03A0105_052   1.939 -13.990 -12.051
ARG03A0105_053   2.032 -14.359 -12.327
ARG03A0105_054   1.030 -14.265 -13.235
ARG03A0105_055   6.732 -13.874  -7.142
ARG03A0105_056   3.257 -14.124 -10.867
ARG03A0105_057   1.952 -14.601 -12.649
ARG03A0105_058   3.005 -14.270 -11.265
ARG03A0105_059   1.610 -14.570 -12.960
ARG03A0105_060   1.953 -14.668 -12.715
ARG+1A0105_061   1.154 -14.341 -13.187
ARG+1A0105_062   3.221 -13.565 -10.344
ARG+1A0105_063   1.779 -14.520 -12.741
ARG+1A0105_064   1.320 -15.234 -13.913
ARG+1A0105_065   2.005 -14.471 -12.467
ARG+1A0105_066   1.588 -14.540 -12.951
ARG+1A0105_067   0.986 -14.461 -13.476
ARG+1A0105_068   1.598 -14.138 -12.540
ARG+1A0105_069   1.348 -14.233 -12.884
ARG+1A0105_070   2.033 -15.292 -13.259
ARG+1A0105_071   1.925 -14.605 -12.679
ARG+1A0105_072   2.988 -14.334 -11.346
ARG+1A0105_073   1.911 -14.668 -12.758
ARG+1A0105_074   1.895 -13.990 -12.094
ARG+1A0105_075   1.916 -13.870 -11.954
ARG+1A0105_076   6.728 -13.874  -7.146
ARG+1A0105_077   2.797 -14.432 -11.635
ARG+1A0105_078   3.219 -14.253 -11.034
ARG+1A0105_079   1.558 -14.570 -13.011
ARG+1A0105_080   2.093 -14.354 -12.261
