CONFORMER         crg  vdw0  vdw1  tors  epol  self   occ  Hb     history    ASA
MET01A0098_001  0.000-11.26  0.87  2.25  0.00 -8.14 0.505  00  01O000M000  1.000
MET01A0098_002  0.000-10.52  0.78  2.71  0.00 -7.02 0.505  00  01R004M000  1.000
MET01A0098_003  0.000 -6.88  0.51  2.25  0.00 -4.12 0.506  00  01R010M000  1.000
MET01A0098_004  0.000 -6.67  1.02  3.01  0.00 -2.65 0.505  00  01R014M000  1.000
MET01A0098_005  0.000-11.81  1.19  4.89  0.00 -5.73 0.506  00  01R015M000  1.000
MET01A0098_006  0.000-11.94  3.42  2.27  0.00 -6.25 0.505  00  01R01DM000  1.000
MET01A0098_007  0.000-11.89  0.65  4.59  0.00 -6.66 0.506  00  01R01FM000  1.000
MET01A0098_008  0.000-12.32  3.29  3.87  0.00 -5.16 0.507  00  01R022M000  1.000
MET01A0098_009  0.000 -7.08  0.72  2.25  0.00 -4.11 0.505  00  01R026M000  1.000
MET01A0098_010  0.000-12.54  0.93  2.25  0.00 -9.36 0.506  00  01R028M000  1.000
MET01A0098_011  0.000-12.52  1.90  1.73  0.00 -8.89 0.505  00  01R032M000  1.000
MET01A0098_012  0.000 -6.81  0.81  3.01  0.00 -2.99 0.506  00  01R036M000  1.000
MET01A0098_013  0.000-11.95  1.10  3.01  0.00 -7.84 0.506  00  01R038M000  1.000
MET01A0098_014  0.000-11.70  1.02  5.35  0.00 -5.32 0.506  00  01R03DM000  1.000
MET01A0098_015  0.000-10.27  3.16  1.97  0.00 -5.14 0.506  00  01R047M000  1.000
MET01A0098_016  0.000-11.33  4.77  3.79  0.00 -2.78 0.507  00  01T01CM000  1.000
MET01A0098_017  0.000-11.65  3.12  3.88  0.00 -4.65 0.506  00  01T046M000  1.000
MET01A0098_018  0.000-11.95  3.04  1.28  0.00 -7.63 0.506  00  01T049M000  1.000
MET01A0098_019  0.000-10.32  2.37  2.80  0.00 -5.15 0.505  00  01T04EM000  1.000
