iConf CONFORMER     FL  occ    crg   Em0  pKa0 ne nH    vdw0    vdw1    tors    epol   dsolv   extra    history
00001 MET01A0098_001 f 0.00  0.000     0  0.00  0  0 -11.258   0.869   2.246   0.027  -0.020   0.000 01O000M000t
00002 MET01A0098_002 f 0.00  0.000     0  0.00  0  0 -10.512   0.782   2.710   0.008  -0.020   0.000 01R004M000t
00003 MET01A0098_003 f 0.00  0.000     0  0.00  0  0  -6.860   0.508   2.247   0.026  -0.020   0.000 01R010M000t
00004 MET01A0098_004 f 0.00  0.000     0  0.00  0  0  -6.675   1.018   3.009   0.020  -0.020   0.000 01R014M000t
00005 MET01A0098_005 f 0.00  0.000     0  0.00  0  0 -11.809   1.191   4.888   0.019  -0.020   0.000 01R015M000t
00006 MET01A0098_006 f 0.00  0.000     0  0.00  0  0 -11.942   3.424   2.267  -0.001  -0.020   0.000 01R01DM000t
00007 MET01A0098_007 f 0.00  0.000     0  0.00  0  0 -11.892   0.647   4.588   0.022  -0.020   0.000 01R01FM000t
00008 MET01A0098_008 f 0.00  0.000     0  0.00  0  0 -12.314   3.295   3.867  -0.024  -0.019   0.000 01R022M000t
00009 MET01A0098_009 f 0.00  0.000     0  0.00  0  0  -7.094   0.725   2.247   0.018  -0.020   0.000 01R026M000t
00010 MET01A0098_010 f 0.00  0.000     0  0.00  0  0 -12.537   0.928   2.247   0.014  -0.020   0.000 01R028M000t
00011 MET01A0098_011 f 0.00  0.000     0  0.00  0  0 -12.521   1.907   1.735  -0.004  -0.020   0.000 01R032M000t
00012 MET01A0098_012 f 0.00  0.000     0  0.00  0  0  -6.796   0.815   3.010   0.005  -0.020   0.000 01R036M000t
00013 MET01A0098_013 f 0.00  0.000     0  0.00  0  0 -11.951   1.105   3.011   0.008  -0.020   0.000 01R038M000t
00014 MET01A0098_014 f 0.00  0.000     0  0.00  0  0 -11.697   1.025   5.353   0.019  -0.020   0.000 01R03DM000t
00015 MET01A0098_015 f 0.00  0.000     0  0.00  0  0 -10.318   3.159   1.976   0.016  -0.020   0.000 01R047M000t
00016 MET01A0098_016 f 0.00  0.000     0  0.00  0  0 -11.333   4.771   3.793   0.002  -0.020   0.000 01T01CM000t
00017 MET01A0098_017 f 0.00  0.000     0  0.00  0  0 -11.652   3.125   3.884   0.026  -0.020   0.000 01T046M000t
00018 MET01A0098_018 f 0.00  0.000     0  0.00  0  0 -12.001   3.035   1.284   0.016  -0.020   0.000 01T049M000t
00019 MET01A0098_019 f 0.00  0.000     0  0.00  0  0 -10.327   2.369   2.801   0.009  -0.020   0.000 01T04EM000t
