   confID        vdw0    sas     sum
MET01A0098_001   0.117 -11.375 -11.258
MET01A0098_002   0.950 -11.462 -10.512
MET01A0098_003   4.576 -11.436  -6.860
MET01A0098_004   4.557 -11.231  -6.675
MET01A0098_005   0.146 -11.955 -11.809
MET01A0098_006  -0.006 -11.936 -11.942
MET01A0098_007   0.217 -12.109 -11.892
MET01A0098_008  -0.037 -12.278 -12.314
MET01A0098_009   4.454 -11.547  -7.094
MET01A0098_010  -0.002 -12.535 -12.537
MET01A0098_011  -0.115 -12.406 -12.521
MET01A0098_012   4.488 -11.285  -6.796
MET01A0098_013  -0.001 -11.950 -11.951
MET01A0098_014   0.231 -11.928 -11.697
MET01A0098_015   0.643 -10.960 -10.318
MET01A0098_016   0.063 -11.396 -11.333
MET01A0098_017   0.151 -11.803 -11.652
MET01A0098_018  -0.029 -11.972 -12.001
MET01A0098_019   0.651 -10.978 -10.327
