iConf CONFORMER     FL  occ    crg   Em0  pKa0 ne nH    vdw0    vdw1    tors    epol   dsolv   extra    history
00001 LYS01A0127_001 f 0.00  0.000     0  0.00  0  0 -11.509   0.486   1.021  -0.002  -0.402   0.000 01O000M000t
00002 LYS01A0127_002 f 0.00  0.000     0  0.00  0  0 -11.085   0.056   0.968  -0.010  -0.384   0.000 01E01AM000t
00003 LYS01A0127_003 f 0.00  0.000     0  0.00  0  0 -11.108   0.809   3.652   0.000  -0.394   0.000 01E022M000t
00004 LYS01A0127_004 f 0.00  0.000     0  0.00  0  0 -11.508   0.795   4.266  -0.008  -0.444   0.000 01E06EM000t
00005 LYS01A0127_005 f 0.00  0.000     0  0.00  0  0 -11.403   0.692   0.857  -0.012  -0.430   0.000 01E08AM000t
00006 LYS01A0127_006 f 0.00  0.000     0  0.00  0  0 -10.465   0.168   3.723  -0.014  -0.415   0.000 01E09CM000t
00007 LYS01A0127_007 f 0.00  0.000     0  0.00  0  0 -11.190   1.313   4.355  -0.009  -0.436   0.000 01E0A0M000t
00008 LYS01A0127_008 f 0.00  0.000     0  0.00  0  0  -8.755   0.044   0.818  -0.010  -0.414   0.000 01E0C9M000t
00009 LYS01A0127_009 f 0.00  0.000     0  0.00  0  0 -11.237   1.293   4.133  -0.009  -0.383   0.000 01E109M000t
00010 LYS01A0127_010 f 0.00  0.000     0  0.00  0  0 -10.551   0.645   3.652  -0.009  -0.407   0.000 01E170M000t
00011 LYS01A0127_011 f 0.00  0.000     0  0.00  0  0 -11.154   0.666   0.872  -0.010  -0.421   0.000 01E171M000t
00012 LYS01A0127_012 f 0.00  0.000     0  0.00  0  0 -11.704   3.520   6.446  -0.010  -0.411   0.000 01E18AM000t
00013 LYS01A0127_013 f 0.00  0.000     0  0.00  0  0 -11.381   0.919   1.545  -0.002  -0.400   0.000 01T010M000t
00014 LYS01A0127_014 f 0.00  0.000     0  0.00  0  0 -11.100   1.188   1.632  -0.004  -0.387   0.000 01T013M000t
00015 LYS01A0127_015 f 0.00  0.000     0  0.00  0  0 -11.526   0.980   4.314  -0.009  -0.416   0.000 01T088M000t
00016 LYS01A0127_016 f 0.00  0.000     0  0.00  0  0 -10.797   0.122   4.302  -0.007  -0.417   0.000 01T0D0M000t
00017 LYS01A0127_017 f 0.00  0.000     0  0.00  0  0  -6.539  -0.004   1.793  -0.012  -0.351   0.000 01T0D8M000t
00018 LYS01A0127_018 f 0.00  0.000     0  0.00  0  0 -12.024   0.884   3.655  -0.008  -0.411   0.000 01T0F3M000t
00019 LYS01A0127_019 f 0.00  0.000     0  0.00  0  0 -11.865   1.030   1.469  -0.007  -0.419   0.000 01T145M000t
00020 LYS01A0127_020 f 0.00  0.000     0  0.00  0  0 -10.026   0.866   1.503  -0.013  -0.388   0.000 01T15FM000t
00021 LYS+1A0127_021 f 0.00  1.000     0 10.40  0  1 -11.571   0.484   1.021   0.020  -5.850   0.000 +1O000M000t
00022 LYS+1A0127_022 f 0.00  1.000     0 10.40  0  1 -11.172   1.168   1.633   0.067  -5.759   0.000 +1E013M000t
00023 LYS+1A0127_023 f 0.00  1.000     0 10.40  0  1 -11.236   0.809   3.659   0.086  -5.788   0.000 +1E022M000t
00024 LYS+1A0127_024 f 0.00  1.000     0 10.40  0  1 -11.693   0.801   4.274   0.074  -5.894   0.000 +1E06EM000t
00025 LYS+1A0127_025 f 0.00  1.000     0 10.40  0  1 -11.570   0.988   4.322   0.052  -5.934   0.000 +1E088M000t
00026 LYS+1A0127_026 f 0.00  1.000     0 10.40  0  1  -8.898   0.043   0.818   0.063  -5.886   0.000 +1E0C9M000t
00027 LYS+1A0127_027 f 0.00  1.000     0 10.40  0  1 -10.848   0.120   4.306   0.021  -5.916   0.000 +1E0D0M000t
00028 LYS+1A0127_028 f 0.00  1.000     0 10.40  0  1 -11.895   1.012   1.477   0.038  -5.922   0.000 +1E145M000t
00029 LYS+1A0127_029 f 0.00  1.000     0 10.40  0  1 -10.752   0.645   3.660   0.066  -5.918   0.000 +1E170M000t
00030 LYS+1A0127_030 f 0.00  1.000     0 10.40  0  1 -11.178   0.663   0.869   0.057  -5.895   0.000 +1E171M000t
00031 LYS+1A0127_031 f 0.00  1.000     0 10.40  0  1 -11.498   0.910   1.546   0.083  -5.793   0.000 +1T010M000t
00032 LYS+1A0127_032 f 0.00  1.000     0 10.40  0  1 -11.153   0.052   0.972   0.053  -5.791   0.000 +1T01AM000t
00033 LYS+1A0127_033 f 0.00  1.000     0 10.40  0  1 -11.496   0.688   0.859   0.066  -5.840   0.000 +1T08AM000t
00034 LYS+1A0127_034 f 0.00  1.000     0 10.40  0  1 -10.557   0.175   3.735   0.057  -5.917   0.000 +1T09CM000t
00035 LYS+1A0127_035 f 0.00  1.000     0 10.40  0  1 -11.244   1.298   4.366   0.011  -5.914   0.000 +1T0A0M000t
00036 LYS+1A0127_036 f 0.00  1.000     0 10.40  0  1  -6.400  -0.014   1.780   0.124  -5.673   0.000 +1T0D8M000t
00037 LYS+1A0127_037 f 0.00  1.000     0 10.40  0  1 -12.123   0.884   3.657   0.053  -5.888   0.000 +1T0F3M000t
00038 LYS+1A0127_038 f 0.00  1.000     0 10.40  0  1 -11.310   1.290   4.133   0.022  -5.863   0.000 +1T109M000t
00039 LYS+1A0127_039 f 0.00  1.000     0 10.40  0  1 -10.049   0.858   1.503   0.074  -5.814   0.000 +1T15FM000t
00040 LYS+1A0127_040 f 0.00  1.000     0 10.40  0  1 -11.814   3.529   6.451   0.025  -5.972   0.000 +1T18AM000t
