CONFORMER         crg  vdw0  vdw1  tors  epol  self   occ  Hb     history    ASA
LYS01A0127_001  0.000-11.51  0.49  1.02  0.00-10.00 0.502  00  01O000M000  1.000
LYS01A0127_002  0.000-11.09  0.06  0.97  0.00-10.06 0.502  00  01E01AM000  1.000
LYS01A0127_003  0.000-11.16  0.81  3.65  0.00 -6.70 0.501  00  01E022M000  1.000
LYS01A0127_004  0.000-11.51  0.80  4.27  0.00 -6.45 0.501  00  01E06EM000  1.000
LYS01A0127_005  0.000-11.40  0.69  0.86  0.00 -9.85 0.502  00  01E08AM000  1.000
LYS01A0127_006  0.000-10.42  0.17  3.72  0.00 -6.53 0.502  00  01E09CM000  1.000
LYS01A0127_007  0.000-11.19  1.31  4.35  0.00 -5.52 0.501  00  01E0A0M000  1.000
LYS01A0127_008  0.000 -8.76  0.04  0.82  0.00 -7.90 0.502  00  01E0C9M000  1.000
LYS01A0127_009  0.000-11.18  1.29  4.13  0.00 -5.75 0.501  00  01E109M000  1.000
LYS01A0127_010  0.000-10.56  0.64  3.65  0.00 -6.26 0.502  00  01E170M000  1.000
LYS01A0127_011  0.000-11.16  0.67  0.87  0.00 -9.62 0.501  00  01E171M000  1.000
LYS01A0127_012  0.000-11.71  3.52  6.45  0.00 -1.74 0.501  00  01E18AM000  1.000
LYS01A0127_013  0.000-11.38  0.92  1.54  0.00 -8.92 0.502  00  01T010M000  1.000
LYS01A0127_014  0.000-11.10  1.19  1.63  0.00 -8.28 0.501  00  01T013M000  1.000
LYS01A0127_015  0.000-11.52  0.98  4.31  0.00 -6.23 0.501  00  01T088M000  1.000
LYS01A0127_016  0.000-10.80  0.12  4.30  0.00 -6.37 0.501  00  01T0D0M000  1.000
LYS01A0127_017  0.000 -6.54 -0.00  1.79  0.00 -4.75 0.501  00  01T0D8M000  1.000
LYS01A0127_018  0.000-12.02  0.88  3.65  0.00 -7.48 0.502  00  01T0F3M000  1.000
LYS01A0127_019  0.000-11.86  1.03  1.47  0.00 -9.36 0.501  00  01T145M000  1.000
LYS01A0127_020  0.000-10.02  0.86  1.50  0.00 -7.66 0.502  00  01T15FM000  1.000
LYS+1A0127_021  1.000-11.57  0.48  1.02  0.00-10.07 0.502  00  +1O000M000  1.000
LYS+1A0127_022  1.000-11.18  1.17  1.63  0.00 -8.37 0.501  00  +1E013M000  1.000
LYS+1A0127_023  1.000-11.23  0.81  3.66  0.00 -6.76 0.501  00  +1E022M000  1.000
LYS+1A0127_024  1.000-11.69  0.80  4.27  0.00 -6.62 0.501  00  +1E06EM000  1.000
LYS+1A0127_025  1.000-11.57  0.99  4.32  0.00 -6.26 0.501  00  +1E088M000  1.000
LYS+1A0127_026  1.000 -8.81  0.04  0.82  0.00 -7.94 0.502  00  +1E0C9M000  1.000
LYS+1A0127_027  1.000-10.88  0.12  4.31  0.00 -6.46 0.501  00  +1E0D0M000  1.000
LYS+1A0127_028  1.000-11.90  1.01  1.48  0.00 -9.41 0.501  00  +1E145M000  1.000
LYS+1A0127_029  1.000-10.75  0.64  3.66  0.00 -6.45 0.502  00  +1E170M000  1.000
LYS+1A0127_030  1.000-11.18  0.66  0.87  0.00 -9.65 0.501  00  +1E171M000  1.000
LYS+1A0127_031  1.000-11.57  0.91  1.55  0.00 -9.11 0.502  00  +1T010M000  1.000
LYS+1A0127_032  1.000-11.15  0.05  0.97  0.00-10.13 0.502  00  +1T01AM000  1.000
LYS+1A0127_033  1.000-11.50  0.69  0.86  0.00 -9.95 0.502  00  +1T08AM000  1.000
LYS+1A0127_034  1.000-10.56  0.18  3.73  0.00 -6.65 0.502  00  +1T09CM000  1.000
LYS+1A0127_035  1.000-11.24  1.30  4.37  0.00 -5.57 0.501  00  +1T0A0M000  1.000
LYS+1A0127_036  1.000 -6.39 -0.02  1.78  0.00 -4.63 0.501  00  +1T0D8M000  1.000
LYS+1A0127_037  1.000-12.12  0.89  3.66  0.00 -7.58 0.502  00  +1T0F3M000  1.000
LYS+1A0127_038  1.000-11.26  1.29  4.13  0.00 -5.84 0.501  00  +1T109M000  1.000
LYS+1A0127_039  1.000-10.05  0.86  1.50  0.00 -7.70 0.502  00  +1T15FM000  1.000
LYS+1A0127_040  1.000-11.81  3.53  6.45  0.00 -1.83 0.501  00  +1T18AM000  1.000
