   confID        vdw0    sas     sum
LYS01A0127_001   1.015 -12.525 -11.509
LYS01A0127_002   1.041 -12.126 -11.085
LYS01A0127_003   1.041 -12.149 -11.108
LYS01A0127_004   1.248 -12.756 -11.508
LYS01A0127_005   0.736 -12.139 -11.403
LYS01A0127_006   1.930 -12.395 -10.465
LYS01A0127_007   1.376 -12.566 -11.190
LYS01A0127_008   3.486 -12.241  -8.755
LYS01A0127_009   1.411 -12.648 -11.237
LYS01A0127_010   1.654 -12.205 -10.551
LYS01A0127_011   1.068 -12.222 -11.154
LYS01A0127_012   0.880 -12.585 -11.704
LYS01A0127_013   1.441 -12.822 -11.381
LYS01A0127_014   1.207 -12.307 -11.100
LYS01A0127_015   1.237 -12.762 -11.526
LYS01A0127_016   1.544 -12.341 -10.797
LYS01A0127_017   5.169 -11.709  -6.539
LYS01A0127_018   0.513 -12.537 -12.024
LYS01A0127_019   0.907 -12.772 -11.865
LYS01A0127_020   2.229 -12.255 -10.026
LYS+1A0127_021   0.954 -12.525 -11.571
LYS+1A0127_022   1.136 -12.307 -11.172
LYS+1A0127_023   0.977 -12.213 -11.236
LYS+1A0127_024   1.195 -12.888 -11.693
LYS+1A0127_025   1.192 -12.762 -11.570
LYS+1A0127_026   3.446 -12.344  -8.898
LYS+1A0127_027   1.490 -12.337 -10.848
LYS+1A0127_028   0.864 -12.759 -11.895
LYS+1A0127_029   1.585 -12.337 -10.752
LYS+1A0127_030   1.043 -12.222 -11.178
LYS+1A0127_031   1.391 -12.889 -11.498
LYS+1A0127_032   0.973 -12.126 -11.153
LYS+1A0127_033   0.643 -12.139 -11.496
LYS+1A0127_034   1.851 -12.408 -10.557
LYS+1A0127_035   1.335 -12.579 -11.244
LYS+1A0127_036   5.309 -11.709  -6.400
LYS+1A0127_037   0.465 -12.588 -12.123
LYS+1A0127_038   1.337 -12.648 -11.310
LYS+1A0127_039   2.154 -12.204 -10.049
LYS+1A0127_040   0.822 -12.636 -11.814
