iConf CONFORMER     FL  occ    crg   Em0  pKa0 ne nH    vdw0    vdw1    tors    epol   dsolv   extra    history
00001 ARG01A0087_001 f 0.00  0.000     0  0.00  0  0 -11.514   0.188   0.484   0.004  -0.180   0.000 01O000M000t
00002 ARG01A0087_002 f 0.00  0.000     0  0.00  0  0 -12.501   1.754   1.059   0.023  -0.185   0.000 01E033M000t
00003 ARG01A0087_003 f 0.00  0.000     0  0.00  0  0 -11.989   1.138   0.505  -0.002  -0.175   0.000 01E03DM000t
00004 ARG01A0087_004 f 0.00  0.000     0  0.00  0  0 -10.842   0.251   3.214  -0.005  -0.181   0.000 01E074M000t
00005 ARG01A0087_005 f 0.00  0.000     0  0.00  0  0 -11.283   0.963   5.993  -0.006  -0.182   0.000 01E0ACM000t
00006 ARG01A0087_006 f 0.00  0.000     0  0.00  0  0  -8.436   0.866   3.870   0.060  -0.171   0.000 01E0E0M000t
00007 ARG01A0087_007 f 0.00  0.000     0  0.00  0  0  -9.277   1.011   0.515  -0.006  -0.168   0.000 01E0EDM000t
00008 ARG01A0087_008 f 0.00  0.000     0  0.00  0  0 -11.705   1.520   3.857   0.013  -0.186   0.000 01E105M000t
00009 ARG01A0087_009 f 0.00  0.000     0  0.00  0  0 -12.744   1.742   3.342   0.013  -0.179   0.000 01E116M000t
00010 ARG01A0087_010 f 0.00  0.000     0  0.00  0  0 -13.818   2.372   3.244   0.024  -0.190   0.000 01T048M000t
00011 ARG01A0087_011 f 0.00  0.000     0  0.00  0  0 -13.074   1.762   6.059   0.013  -0.182   0.000 01T04BM000t
00012 ARG01A0087_012 f 0.00  0.000     0  0.00  0  0 -10.463   0.125   0.437  -0.014  -0.176   0.000 01T059M000t
00013 ARG01A0087_013 f 0.00  0.000     0  0.00  0  0 -11.566   0.959   0.409   0.017  -0.180   0.000 01T08AM000t
00014 ARG01A0087_014 f 0.00  0.000     0  0.00  0  0  -8.089   0.546   3.911   0.012  -0.183   0.000 01T0B8M000t
00015 ARG01A0087_015 f 0.00  0.000     0  0.00  0  0 -12.112   1.741   3.299  -0.017  -0.168   0.000 01T0B9M000t
00016 ARG01A0087_016 f 0.00  0.000     0  0.00  0  0 -11.868   0.319   1.109  -0.003  -0.181   0.000 01T0E8M000t
00017 ARG01A0087_017 f 0.00  0.000     0  0.00  0  0  -8.442   0.269   3.886   0.008  -0.186   0.000 01T0E9M000t
00018 ARG01A0087_018 f 0.00  0.000     0  0.00  0  0  -8.224   0.466   3.886   0.013  -0.179   0.000 01T0FAM000t
00019 ARG01A0087_019 f 0.00  0.000     0  0.00  0  0  -8.716   0.167   3.928  -0.012  -0.180   0.000 01T101M000t
00020 ARG01A0087_020 f 0.00  0.000     0  0.00  0  0  -8.043   1.420   3.816   0.005  -0.179   0.000 01T11AM000t
00021 ARG02A0087_021 f 0.00  0.000     0  0.00  0  0 -11.532   0.173   0.484  -0.007  -0.174   0.000 02O000M000t
00022 ARG02A0087_022 f 0.00  0.000     0  0.00  0  0 -10.802   0.251   3.214  -0.010  -0.170   0.000 02E074M000t
00023 ARG02A0087_023 f 0.00  0.000     0  0.00  0  0 -11.590   0.955   0.411   0.018  -0.170   0.000 02E08AM000t
00024 ARG02A0087_024 f 0.00  0.000     0  0.00  0  0  -8.382   0.556   3.843   0.001  -0.178   0.000 02E0B8M000t
00025 ARG02A0087_025 f 0.00  0.000     0  0.00  0  0 -12.041   1.880   3.274  -0.056  -0.155   0.000 02E0B9M000t
00026 ARG02A0087_026 f 0.00  0.000     0  0.00  0  0 -12.669   1.779   6.048   0.017  -0.162   0.000 02T04BM000t
00027 ARG02A0087_027 f 0.00  0.000     0  0.00  0  0 -13.065   1.874   3.258   0.014  -0.164   0.000 02T116M000t
00028 ARG02A0087_028 f 0.00  0.000     0  0.00  0  0 -11.963   1.116   0.501   0.011  -0.156   0.000 02T03DM000t
00029 ARG02A0087_029 f 0.00  0.000     0  0.00  0  0  -9.405   0.997   0.515   0.024  -0.152   0.000 02T0EDM000t
00030 ARG02A0087_030 f 0.00  0.000     0  0.00  0  0 -10.184   0.120   0.424   0.004  -0.164   0.000 02T059M000t
00031 ARG02A0087_031 f 0.00  0.000     0  0.00  0  0 -11.191   0.958   5.895   0.003  -0.172   0.000 02T0ACM000t
00032 ARG02A0087_032 f 0.00  0.000     0  0.00  0  0  -8.594   0.766   3.844   0.002  -0.159   0.000 02T0E0M000t
00033 ARG02A0087_033 f 0.00  0.000     0  0.00  0  0 -11.870   0.297   1.061   0.013  -0.175   0.000 02T0E8M000t
00034 ARG02A0087_034 f 0.00  0.000     0  0.00  0  0 -12.525   1.718   1.054  -0.001  -0.176   0.000 02T033M000t
00035 ARG02A0087_035 f 0.00  0.000     0  0.00  0  0 -13.754   2.303   3.248   0.005  -0.175   0.000 02T048M000t
00036 ARG02A0087_036 f 0.00  0.000     0  0.00  0  0  -8.368   0.316   3.847   0.003  -0.170   0.000 02T0E9M000t
00037 ARG02A0087_037 f 0.00  0.000     0  0.00  0  0  -8.227   0.447   3.840   0.005  -0.171   0.000 02T0FAM000t
00038 ARG02A0087_038 f 0.00  0.000     0  0.00  0  0  -8.885   0.205   3.843  -0.012  -0.187   0.000 02T101M000t
00039 ARG02A0087_039 f 0.00  0.000     0  0.00  0  0 -11.649   1.533   3.821  -0.011  -0.170   0.000 02T105M000t
00040 ARG02A0087_040 f 0.00  0.000     0  0.00  0  0  -8.136   1.422   3.814  -0.006  -0.159   0.000 02T11AM000t
00041 ARG03A0087_041 f 0.00  0.000     0  0.00  0  0 -11.645   0.942   0.406   0.024  -0.156   0.000 03E08AM000t
00042 ARG03A0087_042 f 0.00  0.000     0  0.00  0  0 -13.205   1.865   3.263   0.015  -0.164   0.000 03E116M000t
00043 ARG03A0087_043 f 0.00  0.000     0  0.00  0  0 -11.587   0.174   0.484   0.008  -0.162   0.000 03O000M000t
00044 ARG03A0087_044 f 0.00  0.000     0  0.00  0  0 -11.983   1.120   0.501   0.006  -0.162   0.000 03E03DM000t
00045 ARG03A0087_045 f 0.00  0.000     0  0.00  0  0 -10.861   0.247   3.213  -0.002  -0.159   0.000 03E074M000t
00046 ARG03A0087_046 f 0.00  0.000     0  0.00  0  0 -11.351   0.961   5.914  -0.001  -0.164   0.000 03E0ACM000t
00047 ARG03A0087_047 f 0.00  0.000     0  0.00  0  0  -8.599   0.742   3.846   0.050  -0.150   0.000 03E0E0M000t
00048 ARG03A0087_048 f 0.00  0.000     0  0.00  0  0 -12.128   0.287   1.063   0.008  -0.164   0.000 03E0E8M000t
00049 ARG03A0087_049 f 0.00  0.000     0  0.00  0  0  -8.371   0.444   3.842   0.018  -0.160   0.000 03E0FAM000t
00050 ARG03A0087_050 f 0.00  0.000     0  0.00  0  0 -11.528   1.527   3.821   0.013  -0.162   0.000 03E105M000t
00051 ARG03A0087_051 f 0.00  0.000     0  0.00  0  0 -13.751   2.282   3.249   0.029  -0.160   0.000 03T048M000t
00052 ARG03A0087_052 f 0.00  0.000     0  0.00  0  0 -10.318   0.120   0.427   0.000  -0.151   0.000 03T059M000t
00053 ARG03A0087_053 f 0.00  0.000     0  0.00  0  0  -8.556   0.313   3.849   0.010  -0.159   0.000 03T0E9M000t
00054 ARG03A0087_054 f 0.00  0.000     0  0.00  0  0  -8.074   1.415   3.813   0.008  -0.150   0.000 03T11AM000t
00055 ARG03A0087_055 f 0.00  0.000     0  0.00  0  0 -12.690   1.765   6.053   0.016  -0.161   0.000 03T04BM000t
00056 ARG03A0087_056 f 0.00  0.000     0  0.00  0  0  -9.277   0.981   0.515   0.022  -0.150   0.000 03T0EDM000t
00057 ARG03A0087_057 f 0.00  0.000     0  0.00  0  0 -12.632   1.706   1.053   0.015  -0.174   0.000 03T033M000t
00058 ARG03A0087_058 f 0.00  0.000     0  0.00  0  0  -8.302   0.559   3.846   0.015  -0.160   0.000 03T0B8M000t
00059 ARG03A0087_059 f 0.00  0.000     0  0.00  0  0 -12.031   2.043   3.273  -0.016  -0.155   0.000 03T0B9M000t
00060 ARG03A0087_060 f 0.00  0.000     0  0.00  0  0  -8.855   0.208   3.846  -0.007  -0.158   0.000 03T101M000t
00061 ARG+1A0087_061 f 0.00  1.000     0 12.50  0  1 -11.633   0.172   0.484   0.018  -0.812   0.000 +1O000M000t
00062 ARG+1A0087_062 f 0.00  1.000     0 12.50  0  1 -12.679   1.727   1.054  -0.017  -0.824   0.000 +1E033M000t
00063 ARG+1A0087_063 f 0.00  1.000     0 12.50  0  1 -12.097   1.119   0.502   0.130  -0.812   0.000 +1E03DM000t
00064 ARG+1A0087_064 f 0.00  1.000     0 12.50  0  1 -13.917   2.301   3.249   0.121  -0.820   0.000 +1E048M000t
00065 ARG+1A0087_065 f 0.00  1.000     0 12.50  0  1 -10.898   0.247   3.214   0.057  -0.831   0.000 +1E074M000t
00066 ARG+1A0087_066 f 0.00  1.000     0 12.50  0  1 -11.674   0.941   0.406  -0.007  -0.826   0.000 +1E08AM000t
00067 ARG+1A0087_067 f 0.00  1.000     0 12.50  0  1 -11.531   0.961   5.913   0.053  -0.831   0.000 +1E0ACM000t
00068 ARG+1A0087_068 f 0.00  1.000     0 12.50  0  1  -8.483   0.558   3.846   0.063  -0.826   0.000 +1E0B8M000t
00069 ARG+1A0087_069 f 0.00  1.000     0 12.50  0  1 -11.967   0.288   1.063   0.060  -0.825   0.000 +1E0E8M000t
00070 ARG+1A0087_070 f 0.00  1.000     0 12.50  0  1  -8.482   0.308   3.850   0.050  -0.825   0.000 +1E0E9M000t
00071 ARG+1A0087_071 f 0.00  1.000     0 12.50  0  1  -9.295   0.980   0.515   0.133  -0.813   0.000 +1E0EDM000t
00072 ARG+1A0087_072 f 0.00  1.000     0 12.50  0  1  -8.997   0.207   3.845   0.093  -0.827   0.000 +1E101M000t
00073 ARG+1A0087_073 f 0.00  1.000     0 12.50  0  1 -12.778   1.760   6.054   0.091  -0.824   0.000 +1T04BM000t
00074 ARG+1A0087_074 f 0.00  1.000     0 12.50  0  1 -10.336   0.120   0.426   0.058  -0.834   0.000 +1T059M000t
00075 ARG+1A0087_075 f 0.00  1.000     0 12.50  0  1 -12.082   1.973   3.273   0.116  -0.816   0.000 +1T0B9M000t
00076 ARG+1A0087_076 f 0.00  1.000     0 12.50  0  1  -8.711   0.717   3.846  -0.040  -0.819   0.000 +1T0E0M000t
00077 ARG+1A0087_077 f 0.00  1.000     0 12.50  0  1  -8.279   0.444   3.842   0.069  -0.826   0.000 +1T0FAM000t
00078 ARG+1A0087_078 f 0.00  1.000     0 12.50  0  1 -11.696   1.530   3.821   0.085  -0.828   0.000 +1T105M000t
00079 ARG+1A0087_079 f 0.00  1.000     0 12.50  0  1 -13.291   1.868   3.262   0.096  -0.825   0.000 +1T116M000t
00080 ARG+1A0087_080 f 0.00  1.000     0 12.50  0  1  -8.134   1.414   3.815   0.052  -0.819   0.000 +1T11AM000t
