CONFORMER         crg  vdw0  vdw1  tors  epol  self   occ  Hb     history    ASA
ARG01A0087_001  0.000-11.52  0.09  0.48  0.00-10.95 0.502  00  01O000M000  1.000
ARG01A0087_002  0.000-12.50  1.75  1.06  0.00 -9.69 0.502  00  01E033M000  1.000
ARG01A0087_003  0.000-12.06  1.07  0.50  0.00-10.48 0.502  00  01E03DM000  1.000
ARG01A0087_004  0.000-10.83  0.15  3.21  0.00 -7.47 0.502  00  01E074M000  1.000
ARG01A0087_005  0.000-11.28  0.91  6.00  0.00 -4.38 0.501  00  01E0ACM000  1.000
ARG01A0087_006  0.000 -8.43  0.87  3.87  0.00 -3.69 0.502  00  01E0E0M000  1.000
ARG01A0087_007  0.000 -9.26  0.94  0.51  0.00 -7.80 0.502  00  01E0EDM000  1.000
ARG01A0087_008  0.000-11.72  1.52  3.86  0.00 -6.34 0.502  00  01E105M000  1.000
ARG01A0087_009  0.000-12.74  1.74  3.34  0.00 -7.66 0.502  00  01E116M000  1.000
ARG01A0087_010  0.000-13.82  2.37  3.24  0.00 -8.21 0.502  00  01T048M000  1.000
ARG01A0087_011  0.000-13.07  1.77  6.06  0.00 -5.25 0.501  00  01T04BM000  1.000
ARG01A0087_012  0.000-10.47  0.00  0.44  0.00-10.03 0.502  00  01T059M000  1.000
ARG01A0087_013  0.000-11.56  0.90  0.41  0.00-10.25 0.502  00  01T08AM000  1.000
ARG01A0087_014  0.000 -8.08  0.50  3.91  0.00 -3.67 0.502  00  01T0B8M000  1.000
ARG01A0087_015  0.000-12.11  1.70  3.30  0.00 -7.12 0.502  00  01T0B9M000  1.000
ARG01A0087_016  0.000-11.86  0.25  1.11  0.00-10.50 0.502  00  01T0E8M000  1.000
ARG01A0087_017  0.000 -8.44  0.21  3.89  0.00 -4.35 0.502  00  01T0E9M000  1.000
ARG01A0087_018  0.000 -8.22  0.40  3.88  0.00 -3.94 0.501  00  01T0FAM000  1.000
ARG01A0087_019  0.000 -8.71  0.10  3.93  0.00 -4.68 0.502  00  01T101M000  1.000
ARG01A0087_020  0.000 -8.05  1.42  3.82  0.00 -2.81 0.502  00  01T11AM000  1.000
ARG02A0087_021  0.000-11.54  0.07  0.48  0.00-10.98 0.502  00  02O000M000  1.000
ARG02A0087_022  0.000-10.80  0.15  3.21  0.00 -7.43 0.502  00  02E074M000  1.000
ARG02A0087_023  0.000-11.60  0.90  0.41  0.00-10.29 0.502  00  02E08AM000  1.000
ARG02A0087_024  0.000 -8.39  0.51  3.84  0.00 -4.03 0.502  00  02E0B8M000  1.000
ARG02A0087_025  0.000-12.04  1.83  3.27  0.00 -6.94 0.502  00  02E0B9M000  1.000
ARG02A0087_026  0.000-12.67  1.78  6.05  0.00 -4.84 0.501  00  02T04BM000  1.000
ARG02A0087_027  0.000-13.07  1.87  3.26  0.00 -7.93 0.502  00  02T116M000  1.000
ARG02A0087_028  0.000-11.96  1.05  0.50  0.00-10.41 0.502  00  02T03DM000  1.000
ARG02A0087_029  0.000 -9.47  0.93  0.52  0.00 -8.02 0.502  00  02T0EDM000  1.000
ARG02A0087_030  0.000-10.18  0.00  0.42  0.00 -9.75 0.502  00  02T059M000  1.000
ARG02A0087_031  0.000-11.19  0.91  5.89  0.00 -4.39 0.501  00  02T0ACM000  1.000
ARG02A0087_032  0.000 -8.60  0.77  3.84  0.00 -3.99 0.502  00  02T0E0M000  1.000
ARG02A0087_033  0.000-11.87  0.23  1.06  0.00-10.58 0.502  00  02T0E8M000  1.000
ARG02A0087_034  0.000-12.53  1.72  1.05  0.00 -9.76 0.502  00  02T033M000  1.000
ARG02A0087_035  0.000-13.75  2.30  3.25  0.00 -8.21 0.502  00  02T048M000  1.000
ARG02A0087_036  0.000 -8.36  0.25  3.85  0.00 -4.26 0.502  00  02T0E9M000  1.000
ARG02A0087_037  0.000 -8.23  0.38  3.84  0.00 -4.01 0.501  00  02T0FAM000  1.000
ARG02A0087_038  0.000 -8.82  0.14  3.84  0.00 -4.84 0.502  00  02T101M000  1.000
ARG02A0087_039  0.000-11.65  1.53  3.82  0.00 -6.29 0.502  00  02T105M000  1.000
ARG02A0087_040  0.000 -8.14  1.42  3.81  0.00 -2.91 0.502  00  02T11AM000  1.000
ARG03A0087_041  0.000-11.65  0.89  0.41  0.00-10.36 0.502  00  03E08AM000  1.000
ARG03A0087_042  0.000-13.21  1.87  3.26  0.00 -8.07 0.502  00  03E116M000  1.000
ARG03A0087_043  0.000-11.59  0.07  0.48  0.00-11.04 0.502  00  03O000M000  1.000
ARG03A0087_044  0.000-11.99  1.06  0.50  0.00-10.43 0.502  00  03E03DM000  1.000
ARG03A0087_045  0.000-10.87  0.15  3.21  0.00 -7.51 0.502  00  03E074M000  1.000
ARG03A0087_046  0.000-11.36  0.91  5.91  0.00 -4.54 0.501  00  03E0ACM000  1.000
ARG03A0087_047  0.000 -8.61  0.74  3.85  0.00 -4.02 0.502  00  03E0E0M000  1.000
ARG03A0087_048  0.000-12.12  0.22  1.06  0.00-10.84 0.502  00  03E0E8M000  1.000
ARG03A0087_049  0.000 -8.38  0.38  3.84  0.00 -4.16 0.501  00  03E0FAM000  1.000
ARG03A0087_050  0.000-11.58  1.53  3.82  0.00 -6.23 0.502  00  03E105M000  1.000
ARG03A0087_051  0.000-13.75  2.28  3.25  0.00 -8.22 0.502  00  03T048M000  1.000
ARG03A0087_052  0.000-10.32 -0.00  0.43  0.00 -9.89 0.502  00  03T059M000  1.000
ARG03A0087_053  0.000 -8.56  0.24  3.85  0.00 -4.46 0.502  00  03T0E9M000  1.000
ARG03A0087_054  0.000 -8.08  1.42  3.81  0.00 -2.85 0.502  00  03T11AM000  1.000
ARG03A0087_055  0.000-12.75  1.76  6.05  0.00 -4.93 0.501  00  03T04BM000  1.000
ARG03A0087_056  0.000 -9.28  0.92  0.52  0.00 -7.85 0.502  00  03T0EDM000  1.000
ARG03A0087_057  0.000-12.63  1.71  1.05  0.00 -9.87 0.502  00  03T033M000  1.000
ARG03A0087_058  0.000 -8.29  0.51  3.85  0.00 -3.93 0.502  00  03T0B8M000  1.000
ARG03A0087_059  0.000-12.09  2.00  3.27  0.00 -6.83 0.502  00  03T0B9M000  1.000
ARG03A0087_060  0.000 -8.85  0.14  3.85  0.00 -4.87 0.502  00  03T101M000  1.000
ARG+1A0087_061  1.000-11.64  0.07  0.48  0.00-11.08 0.502  00  +1O000M000  1.000
ARG+1A0087_062  1.000-12.68  1.72  1.05  0.00 -9.90 0.502  00  +1E033M000  1.000
ARG+1A0087_063  1.000-12.10  1.06  0.50  0.00-10.54 0.502  00  +1E03DM000  1.000
ARG+1A0087_064  1.000-13.96  2.30  3.25  0.00 -8.41 0.502  00  +1E048M000  1.000
ARG+1A0087_065  1.000-10.90  0.14  3.21  0.00 -7.54 0.502  00  +1E074M000  1.000
ARG+1A0087_066  1.000-11.68  0.89  0.41  0.00-10.38 0.502  00  +1E08AM000  1.000
ARG+1A0087_067  1.000-11.53  0.91  5.91  0.00 -4.71 0.501  00  +1E0ACM000  1.000
ARG+1A0087_068  1.000 -8.49  0.51  3.85  0.00 -4.13 0.502  00  +1E0B8M000  1.000
ARG+1A0087_069  1.000-11.97  0.22  1.06  0.00-10.69 0.502  00  +1E0E8M000  1.000
ARG+1A0087_070  1.000 -8.47  0.24  3.85  0.00 -4.38 0.502  00  +1E0E9M000  1.000
ARG+1A0087_071  1.000 -9.30  0.92  0.52  0.00 -7.87 0.502  00  +1E0EDM000  1.000
ARG+1A0087_072  1.000 -8.98  0.14  3.85  0.00 -4.99 0.502  00  +1E101M000  1.000
ARG+1A0087_073  1.000-12.78  1.76  6.05  0.00 -4.97 0.501  00  +1T04BM000  1.000
ARG+1A0087_074  1.000-10.28 -0.00  0.43  0.00 -9.85 0.502  00  +1T059M000  1.000
ARG+1A0087_075  1.000-12.15  1.93  3.27  0.00 -6.94 0.502  00  +1T0B9M000  1.000
ARG+1A0087_076  1.000 -8.66  0.72  3.85  0.00 -4.10 0.502  00  +1T0E0M000  1.000
ARG+1A0087_077  1.000 -8.28  0.38  3.84  0.00 -4.06 0.501  00  +1T0FAM000  1.000
ARG+1A0087_078  1.000-11.70  1.53  3.82  0.00 -6.35 0.502  00  +1T105M000  1.000
ARG+1A0087_079  1.000-13.24  1.86  3.26  0.00 -8.11 0.502  00  +1T116M000  1.000
ARG+1A0087_080  1.000 -8.13  1.42  3.82  0.00 -2.90 0.502  00  +1T11AM000  1.000
