   confID        vdw0    sas     sum
ARG01A0087_001   2.825 -14.339 -11.514
ARG01A0087_002   1.940 -14.440 -12.501
ARG01A0087_003   2.664 -14.653 -11.989
ARG01A0087_004   3.563 -14.404 -10.842
ARG01A0087_005   3.224 -14.506 -11.283
ARG01A0087_006   5.981 -14.417  -8.436
ARG01A0087_007   4.846 -14.123  -9.277
ARG01A0087_008   2.792 -14.497 -11.705
ARG01A0087_009   1.898 -14.642 -12.744
ARG01A0087_010   1.016 -14.834 -13.818
ARG01A0087_011   2.250 -15.324 -13.074
ARG01A0087_012   3.468 -13.932 -10.463
ARG01A0087_013   2.671 -14.237 -11.566
ARG01A0087_014   5.935 -14.024  -8.089
ARG01A0087_015   3.029 -15.141 -12.112
ARG01A0087_016   2.792 -14.660 -11.868
ARG01A0087_017   6.099 -14.540  -8.442
ARG01A0087_018   5.860 -14.084  -8.224
ARG01A0087_019   5.948 -14.664  -8.716
ARG01A0087_020   5.611 -13.655  -8.043
ARG02A0087_021   2.806 -14.339 -11.532
ARG02A0087_022   3.602 -14.404 -10.802
ARG02A0087_023   2.647 -14.237 -11.590
ARG02A0087_024   5.957 -14.339  -8.382
ARG02A0087_025   3.049 -15.089 -12.041
ARG02A0087_026   2.211 -14.880 -12.669
ARG02A0087_027   1.857 -14.922 -13.065
ARG02A0087_028   2.623 -14.585 -11.963
ARG02A0087_029   4.654 -14.059  -9.405
ARG02A0087_030   3.487 -13.671 -10.184
ARG02A0087_031   3.268 -14.458 -11.191
ARG02A0087_032   6.023 -14.616  -8.594
ARG02A0087_033   2.790 -14.660 -11.870
ARG02A0087_034   1.976 -14.501 -12.525
ARG02A0087_035   1.048 -14.802 -13.754
ARG02A0087_036   6.070 -14.437  -8.368
ARG02A0087_037   5.893 -14.120  -8.227
ARG02A0087_038   6.010 -14.895  -8.885
ARG02A0087_039   2.770 -14.419 -11.649
ARG02A0087_040   5.519 -13.655  -8.136
ARG03A0087_041   2.640 -14.285 -11.645
ARG03A0087_042   1.836 -15.041 -13.205
ARG03A0087_043   2.751 -14.339 -11.587
ARG03A0087_044   2.602 -14.585 -11.983
ARG03A0087_045   3.544 -14.404 -10.861
ARG03A0087_046   3.207 -14.558 -11.351
ARG03A0087_047   5.950 -14.549  -8.599
ARG03A0087_048   2.728 -14.856 -12.128
ARG03A0087_049   5.813 -14.184  -8.371
ARG03A0087_050   2.708 -14.236 -11.528
ARG03A0087_051   0.984 -14.735 -13.751
ARG03A0087_052   3.417 -13.736 -10.318
ARG03A0087_053   6.013 -14.569  -8.556
ARG03A0087_054   5.581 -13.655  -8.074
ARG03A0087_055   2.219 -14.909 -12.690
ARG03A0087_056   4.782 -14.059  -9.277
ARG03A0087_057   1.917 -14.549 -12.632
ARG03A0087_058   5.905 -14.207  -8.302
ARG03A0087_059   2.978 -15.009 -12.031
ARG03A0087_060   5.957 -14.812  -8.855
ARG+1A0087_061   2.705 -14.339 -11.633
ARG+1A0087_062   1.870 -14.549 -12.679
ARG+1A0087_063   2.556 -14.653 -12.097
ARG+1A0087_064   0.934 -14.850 -13.917
ARG+1A0087_065   3.506 -14.404 -10.898
ARG+1A0087_066   2.611 -14.285 -11.674
ARG+1A0087_067   3.159 -14.690 -11.531
ARG+1A0087_068   5.856 -14.339  -8.483
ARG+1A0087_069   2.693 -14.660 -11.967
ARG+1A0087_070   5.956 -14.437  -8.482
ARG+1A0087_071   4.764 -14.059  -9.295
ARG+1A0087_072   5.879 -14.876  -8.997
ARG+1A0087_073   2.179 -14.957 -12.778
ARG+1A0087_074   3.380 -13.716 -10.336
ARG+1A0087_075   2.943 -15.025 -12.082
ARG+1A0087_076   5.906 -14.616  -8.711
ARG+1A0087_077   5.774 -14.052  -8.279
ARG+1A0087_078   2.672 -14.368 -11.696
ARG+1A0087_079   1.798 -15.089 -13.291
ARG+1A0087_080   5.521 -13.655  -8.134
