iConf CONFORMER     FL  occ    crg   Em0  pKa0 ne nH    vdw0    vdw1    tors    epol   dsolv   extra    history
00001 LYS01A0071_001 f 0.00  0.000     0  0.00  0  0 -10.326   0.663   1.337  -0.003  -0.212   0.000 01O000M000t
00002 LYS01A0071_002 f 0.00  0.000     0  0.00  0  0 -11.173   3.365   1.015  -0.011  -0.213   0.000 01E005M000t
00003 LYS01A0071_003 f 0.00  0.000     0  0.00  0  0 -10.138   1.326   1.470  -0.006  -0.205   0.000 01E01EM000t
00004 LYS01A0071_004 f 0.00  0.000     0  0.00  0  0 -10.193   1.469   1.648  -0.010  -0.222   0.000 01E022M000t
00005 LYS01A0071_005 f 0.00  0.000     0  0.00  0  0 -10.456   2.389   4.105  -0.014  -0.204   0.000 01E05BM000t
00006 LYS01A0071_006 f 0.00  0.000     0  0.00  0  0 -10.853   5.481   3.796  -0.009  -0.204   0.000 01E05DM000t
00007 LYS01A0071_007 f 0.00  0.000     0  0.00  0  0  -9.718   2.029   6.831  -0.005  -0.224   0.000 01E080M000t
00008 LYS01A0071_008 f 0.00  0.000     0  0.00  0  0  -8.462   5.682   1.195  -0.005  -0.188   0.000 01E095M000t
00009 LYS01A0071_009 f 0.00  0.000     0  0.00  0  0  -9.092   1.523   3.837  -0.004  -0.202   0.000 01E09BM000t
00010 LYS01A0071_010 f 0.00  0.000     0  0.00  0  0  -8.382   0.621   1.698  -0.000  -0.180   0.000 01E0A1M000t
00011 LYS01A0071_011 f 0.00  0.000     0  0.00  0  0  -7.883   1.048   4.539  -0.019  -0.197   0.000 01E0ABM000t
00012 LYS01A0071_012 f 0.00  0.000     0  0.00  0  0  -9.040   0.551   4.309  -0.003  -0.192   0.000 01E0CCM000t
00013 LYS01A0071_013 f 0.00  0.000     0  0.00  0  0  -9.352   1.075   4.004  -0.006  -0.215   0.000 01E0D3M000t
00014 LYS01A0071_014 f 0.00  0.000     0  0.00  0  0 -10.261   0.613   1.494  -0.007  -0.216   0.000 01T010M000t
00015 LYS01A0071_015 f 0.00  0.000     0  0.00  0  0  -9.672   2.065   4.092  -0.003  -0.217   0.000 01T016M000t
00016 LYS01A0071_016 f 0.00  0.000     0  0.00  0  0 -10.727   3.559   3.822  -0.012  -0.207   0.000 01T053M000t
00017 LYS01A0071_017 f 0.00  0.000     0  0.00  0  0  -7.449   0.799   4.379  -0.005  -0.201   0.000 01T06AM000t
00018 LYS01A0071_018 f 0.00  0.000     0  0.00  0  0  -6.898   2.778   4.217   0.003  -0.218   0.000 01T06EM000t
00019 LYS01A0071_019 f 0.00  0.000     0  0.00  0  0  -9.177   0.591   3.739  -0.005  -0.215   0.000 01T072M000t
00020 LYS01A0071_020 f 0.00  0.000     0  0.00  0  0  -9.650   1.488   4.344  -0.008  -0.212   0.000 01T0D4M000t
00021 LYS+1A0071_021 f 0.00  1.000     0 10.40  0  1 -10.375   0.662   1.337   0.013  -3.097   0.000 +1O000M000t
00022 LYS+1A0071_022 f 0.00  1.000     0 10.40  0  1 -11.219   3.374   1.017   0.099  -3.085   0.000 +1E005M000t
00023 LYS+1A0071_023 f 0.00  1.000     0 10.40  0  1  -9.708   2.067   4.099   0.015  -3.091   0.000 +1E016M000t
00024 LYS+1A0071_024 f 0.00  1.000     0 10.40  0  1 -10.824   3.572   3.829   0.092  -3.087   0.000 +1E053M000t
00025 LYS+1A0071_025 f 0.00  1.000     0 10.40  0  1 -11.026   5.519   3.801   0.075  -3.058   0.000 +1E05DM000t
00026 LYS+1A0071_026 f 0.00  1.000     0 10.40  0  1  -7.490   0.790   4.395   0.044  -3.092   0.000 +1E06AM000t
00027 LYS+1A0071_027 f 0.00  1.000     0 10.40  0  1  -6.886   2.762   4.237  -0.029  -3.090   0.000 +1E06EM000t
00028 LYS+1A0071_028 f 0.00  1.000     0 10.40  0  1  -9.182   0.588   3.796   0.049  -3.093   0.000 +1E072M000t
00029 LYS+1A0071_029 f 0.00  1.000     0 10.40  0  1  -9.797   2.027   6.846   0.049  -3.082   0.000 +1E080M000t
00030 LYS+1A0071_030 f 0.00  1.000     0 10.40  0  1  -8.495   5.578   1.208  -0.142  -2.989   0.000 +1E095M000t
00031 LYS+1A0071_031 f 0.00  1.000     0 10.40  0  1  -9.078   1.505   3.937   0.009  -3.082   0.000 +1E09BM000t
00032 LYS+1A0071_032 f 0.00  1.000     0 10.40  0  1  -8.598   0.624   1.704  -0.032  -2.974   0.000 +1E0A1M000t
00033 LYS+1A0071_033 f 0.00  1.000     0 10.40  0  1  -9.059   0.545   4.334   0.094  -3.035   0.000 +1E0CCM000t
00034 LYS+1A0071_034 f 0.00  1.000     0 10.40  0  1  -9.226   1.074   4.060   0.057  -3.103   0.000 +1E0D3M000t
00035 LYS+1A0071_035 f 0.00  1.000     0 10.40  0  1 -10.234   0.615   1.502   0.044  -3.087   0.000 +1T010M000t
00036 LYS+1A0071_036 f 0.00  1.000     0 10.40  0  1 -10.035   1.340   1.478  -0.005  -3.093   0.000 +1T01EM000t
00037 LYS+1A0071_037 f 0.00  1.000     0 10.40  0  1 -10.254   1.489   1.649   0.069  -3.113   0.000 +1T022M000t
00038 LYS+1A0071_038 f 0.00  1.000     0 10.40  0  1 -10.470   2.390   4.110   0.079  -3.037   0.000 +1T05BM000t
00039 LYS+1A0071_039 f 0.00  1.000     0 10.40  0  1  -7.909   1.056   4.564   0.142  -3.046   0.000 +1T0ABM000t
00040 LYS+1A0071_040 f 0.00  1.000     0 10.40  0  1  -9.763   1.493   4.357   0.057  -3.081   0.000 +1T0D4M000t
