CONFORMER         crg  vdw0  vdw1  tors  epol  self   occ  Hb     history    ASA
LYS01A0071_001  0.000-10.33  0.66  1.34  0.00 -8.33 0.502  00  01O000M000  1.000
LYS01A0071_002  0.000-11.17  3.37  1.01  0.00 -6.79 0.502  00  01E005M000  1.000
LYS01A0071_003  0.000-10.07  1.33  1.47  0.00 -7.28 0.501  00  01E01EM000  1.000
LYS01A0071_004  0.000-10.20  1.47  1.65  0.00 -7.08 0.502  00  01E022M000  1.000
LYS01A0071_005  0.000-10.45  2.39  4.11  0.00 -3.96 0.502  00  01E05BM000  1.000
LYS01A0071_006  0.000-10.85  5.48  3.80  0.00 -1.58 0.502  00  01E05DM000  1.000
LYS01A0071_007  0.000 -9.71  2.03  6.83  0.00 -0.86 0.502  00  01E080M000  1.000
LYS01A0071_008  0.000 -8.47  5.68  1.20  0.00 -1.59 0.503  00  01E095M000  1.000
LYS01A0071_009  0.000 -9.09  1.52  3.84  0.00 -3.74 0.502  00  01E09BM000  1.000
LYS01A0071_010  0.000 -8.39  0.63  1.70  0.00 -6.06 0.502  00  01E0A1M000  1.000
LYS01A0071_011  0.000 -7.89  1.05  4.54  0.00 -2.30 0.501  00  01E0ABM000  1.000
LYS01A0071_012  0.000 -9.03  0.55  4.31  0.00 -4.17 0.502  00  01E0CCM000  1.000
LYS01A0071_013  0.000 -9.35  1.07  4.00  0.00 -4.28 0.502  00  01E0D3M000  1.000
LYS01A0071_014  0.000-10.26  0.61  1.49  0.00 -8.15 0.502  00  01T010M000  1.000
LYS01A0071_015  0.000 -9.67  2.06  4.09  0.00 -3.52 0.502  00  01T016M000  1.000
LYS01A0071_016  0.000-10.78  3.56  3.82  0.00 -3.40 0.503  00  01T053M000  1.000
LYS01A0071_017  0.000 -7.46  0.80  4.38  0.00 -2.29 0.503  00  01T06AM000  1.000
LYS01A0071_018  0.000 -6.90  2.77  4.22  0.00  0.09 0.503  00  01T06EM000  1.000
LYS01A0071_019  0.000 -9.18  0.59  3.74  0.00 -4.85 0.501  00  01T072M000  1.000
LYS01A0071_020  0.000 -9.69  1.49  4.34  0.00 -3.86 0.502  00  01T0D4M000  1.000
LYS+1A0071_021  1.000-10.38  0.66  1.34  0.00 -8.38 0.502  00  +1O000M000  1.000
LYS+1A0071_022  1.000-11.22  3.38  1.02  0.00 -6.82 0.502  00  +1E005M000  1.000
LYS+1A0071_023  1.000 -9.71  2.07  4.10  0.00 -3.54 0.502  00  +1E016M000  1.000
LYS+1A0071_024  1.000-10.83  3.57  3.83  0.00 -3.43 0.503  00  +1E053M000  1.000
LYS+1A0071_025  1.000-11.02  5.52  3.80  0.00 -1.71 0.502  00  +1E05DM000  1.000
LYS+1A0071_026  1.000 -7.48  0.79  4.39  0.00 -2.30 0.503  00  +1E06AM000  1.000
LYS+1A0071_027  1.000 -6.88  2.77  4.24  0.00  0.12 0.503  00  +1E06EM000  1.000
LYS+1A0071_028  1.000 -9.18  0.59  3.80  0.00 -4.80 0.501  00  +1E072M000  1.000
LYS+1A0071_029  1.000 -9.80  2.03  6.85  0.00 -0.93 0.502  00  +1E080M000  1.000
LYS+1A0071_030  1.000 -8.49  5.59  1.21  0.00 -1.70 0.503  00  +1E095M000  1.000
LYS+1A0071_031  1.000 -9.08  1.51  3.94  0.00 -3.63 0.502  00  +1E09BM000  1.000
LYS+1A0071_032  1.000 -8.60  0.62  1.70  0.00 -6.27 0.502  00  +1E0A1M000  1.000
LYS+1A0071_033  1.000 -9.05  0.54  4.34  0.00 -4.18 0.502  00  +1E0CCM000  1.000
LYS+1A0071_034  1.000 -9.23  1.07  4.06  0.00 -4.09 0.502  00  +1E0D3M000  1.000
LYS+1A0071_035  1.000-10.23  0.61  1.50  0.00 -8.12 0.502  00  +1T010M000  1.000
LYS+1A0071_036  1.000-10.03  1.34  1.48  0.00 -7.21 0.501  00  +1T01EM000  1.000
LYS+1A0071_037  1.000-10.25  1.49  1.65  0.00 -7.12 0.502  00  +1T022M000  1.000
LYS+1A0071_038  1.000-10.48  2.38  4.11  0.00 -3.98 0.502  00  +1T05BM000  1.000
LYS+1A0071_039  1.000 -7.91  1.05  4.56  0.00 -2.29 0.501  00  +1T0ABM000  1.000
LYS+1A0071_040  1.000 -9.76  1.49  4.36  0.00 -3.91 0.502  00  +1T0D4M000  1.000
