   confID        vdw0    sas     sum
LYS01A0071_001   2.038 -12.363 -10.326
LYS01A0071_002   1.264 -12.437 -11.173
LYS01A0071_003   2.476 -12.614 -10.138
LYS01A0071_004   2.374 -12.566 -10.193
LYS01A0071_005   2.192 -12.648 -10.456
LYS01A0071_006   1.811 -12.664 -10.853
LYS01A0071_007   2.732 -12.450  -9.718
LYS01A0071_008   3.645 -12.107  -8.462
LYS01A0071_009   3.068 -12.160  -9.092
LYS01A0071_010   3.545 -11.927  -8.382
LYS01A0071_011   4.819 -12.702  -7.883
LYS01A0071_012   3.398 -12.438  -9.040
LYS01A0071_013   3.166 -12.518  -9.352
LYS01A0071_014   1.967 -12.228 -10.261
LYS01A0071_015   2.295 -11.967  -9.672
LYS01A0071_016   2.196 -12.923 -10.727
LYS01A0071_017   5.149 -12.598  -7.449
LYS01A0071_018   5.375 -12.273  -6.898
LYS01A0071_019   3.138 -12.315  -9.177
LYS01A0071_020   2.617 -12.267  -9.650
LYS+1A0071_021   1.989 -12.363 -10.375
LYS+1A0071_022   1.218 -12.437 -11.219
LYS+1A0071_023   2.259 -11.967  -9.708
LYS+1A0071_024   2.151 -12.975 -10.824
LYS+1A0071_025   1.705 -12.731 -11.026
LYS+1A0071_026   5.069 -12.560  -7.490
LYS+1A0071_027   5.323 -12.209  -6.886
LYS+1A0071_028   3.117 -12.299  -9.182
LYS+1A0071_029   2.692 -12.489  -9.797
LYS+1A0071_030   3.612 -12.107  -8.495
LYS+1A0071_031   3.111 -12.189  -9.078
LYS+1A0071_032   3.445 -12.043  -8.598
LYS+1A0071_033   3.341 -12.400  -9.059
LYS+1A0071_034   3.137 -12.363  -9.226
LYS+1A0071_035   1.930 -12.164 -10.234
LYS+1A0071_036   2.464 -12.498 -10.035
LYS+1A0071_037   2.312 -12.566 -10.254
LYS+1A0071_038   2.110 -12.580 -10.470
LYS+1A0071_039   4.742 -12.650  -7.909
LYS+1A0071_040   2.568 -12.331  -9.763
