CONFORMER         crg  vdw0  vdw1  tors  epol  self   occ  Hb     history    ASA
ARG01A0081_001  0.000-13.63  0.98  0.84  0.00-11.81 0.502  00  01O000M000  1.000
ARG01A0081_002  0.000-13.23  1.54  6.53  0.00 -5.16 0.502  00  01E03EM000  1.000
ARG01A0081_003  0.000-12.43  1.96  1.42  0.00 -9.06 0.502  00  01E057M000  1.000
ARG01A0081_004  0.000-11.83  5.54  1.39  0.00 -4.91 0.501  00  01E05FM000  1.000
ARG01A0081_005  0.000-12.08  1.16  3.67  0.00 -7.25 0.502  00  01E068M000  1.000
ARG01A0081_006  0.000-11.38  1.60  1.32  0.00 -8.45 0.502  00  01E0B9M000  1.000
ARG01A0081_007  0.000-10.32  1.75  3.35  0.00 -5.23 0.502  00  01E0CBM000  1.000
ARG01A0081_008  0.000-11.23  4.90  1.34  0.00 -4.99 0.502  00  01E0D4M000  1.000
ARG01A0081_009  0.000-12.75  2.21  4.31  0.00 -6.22 0.502  00  01T00BM000  1.000
ARG01A0081_010  0.000-13.23  0.71  0.66  0.00-11.87 0.502  00  01T00FM000  1.000
ARG01A0081_011  0.000-13.75  1.52  6.22  0.00 -6.01 0.502  00  01T018M000  1.000
ARG01A0081_012  0.000-11.98  0.76  0.61  0.00-10.61 0.502  00  01T071M000  1.000
ARG01A0081_013  0.000 -8.64  0.79  2.76  0.00 -5.10 0.502  00  01T073M000  1.000
ARG01A0081_014  0.000-10.65  1.50  0.59  0.00 -8.55 0.502  00  01T083M000  1.000
ARG01A0081_015  0.000-11.82  1.21  2.86  0.00 -7.74 0.502  00  01T086M000  1.000
ARG01A0081_016  0.000-10.51  2.40  3.33  0.00 -4.78 0.502  00  01T0B1M000  1.000
ARG01A0081_017  0.000-10.72  1.57  1.20  0.00 -7.96 0.502  00  01T0C8M000  1.000
ARG01A0081_018  0.000-11.25  4.34  1.33  0.00 -5.58 0.503  00  01T0D0M000  1.000
ARG01A0081_019  0.000-11.17  1.38  6.02  0.00 -3.77 0.503  00  01T0DCM000  1.000
ARG01A0081_020  0.000-10.60  2.35  6.00  0.00 -2.24 0.503  00  01T0F2M000  1.000
ARG02A0081_021  0.000-13.06  1.37  5.02  0.00 -6.68 0.502  00  02E018M000  1.000
ARG02A0081_022  0.000-12.05  1.96  1.26  0.00 -8.82 0.502  00  02E057M000  1.000
ARG02A0081_023  0.000-11.19  1.22  2.68  0.00 -7.28 0.502  00  02E086M000  1.000
ARG02A0081_024  0.000-11.46  5.15  1.17  0.00 -5.14 0.503  00  02E0D0M000  1.000
ARG02A0081_025  0.000-11.00  1.42  5.96  0.00 -3.61 0.503  00  02E0DCM000  1.000
ARG02A0081_026  0.000-13.60  0.98  0.84  0.00-11.79 0.502  00  02O000M000  1.000
ARG02A0081_027  0.000-13.09  1.91  3.94  0.00 -7.24 0.502  00  02E00BM000  1.000
ARG02A0081_028  0.000-13.23  0.79  0.59  0.00-11.85 0.502  00  02E00FM000  1.000
ARG02A0081_029  0.000-13.48  1.34  5.58  0.00 -6.56 0.502  00  02E03EM000  1.000
ARG02A0081_030  0.000-10.40  2.44  3.28  0.00 -4.67 0.502  00  02E0B1M000  1.000
ARG02A0081_031  0.000-10.37  1.73  3.32  0.00 -5.32 0.502  00  02E0CBM000  1.000
ARG02A0081_032  0.000-12.19  1.16  3.67  0.00 -7.37 0.502  00  02T068M000  1.000
ARG02A0081_033  0.000-11.37  1.64  1.25  0.00 -8.48 0.502  00  02T0B9M000  1.000
ARG02A0081_034  0.000-10.52  4.48  1.20  0.00 -4.85 0.502  00  02T0D4M000  1.000
ARG02A0081_035  0.000-12.04  0.75  0.61  0.00-10.68 0.502  00  02T071M000  1.000
ARG02A0081_036  0.000-10.58  1.52  0.49  0.00 -8.57 0.502  00  02T083M000  1.000
ARG02A0081_037  0.000-10.63  2.35  6.01  0.00 -2.27 0.503  00  02T0F2M000  1.000
ARG02A0081_038  0.000 -8.66  0.80  2.72  0.00 -5.15 0.502  00  02T073M000  1.000
ARG02A0081_039  0.000-11.60  5.86  1.33  0.00 -4.41 0.501  00  02T05FM000  1.000
ARG02A0081_040  0.000-10.72  1.60  1.18  0.00 -7.95 0.502  00  02T0C8M000  1.000
ARG03A0081_041  0.000-11.21  1.22  2.69  0.00 -7.29 0.502  00  03E086M000  1.000
ARG03A0081_042  0.000-10.34  1.73  3.31  0.00 -5.31 0.502  00  03E0CBM000  1.000
ARG03A0081_043  0.000-13.67  0.98  0.84  0.00-11.85 0.502  00  03O000M000  1.000
ARG03A0081_044  0.000-12.16  0.75  0.61  0.00-10.80 0.502  00  03E071M000  1.000
ARG03A0081_045  0.000-10.50  2.45  3.26  0.00 -4.79 0.502  00  03E0B1M000  1.000
ARG03A0081_046  0.000-11.42  1.63  1.24  0.00 -8.55 0.502  00  03E0B9M000  1.000
ARG03A0081_047  0.000-13.26  1.37  4.94  0.00 -6.95 0.502  00  03T018M000  1.000
ARG03A0081_048  0.000-10.45  4.46  1.20  0.00 -4.79 0.502  00  03T0D4M000  1.000
ARG03A0081_049  0.000-11.56  5.82  1.34  0.00 -4.40 0.501  00  03T05FM000  1.000
ARG03A0081_050  0.000-13.23  1.92  3.93  0.00 -7.38 0.502  00  03T00BM000  1.000
ARG03A0081_051  0.000-13.27  0.79  0.58  0.00-11.90 0.502  00  03T00FM000  1.000
ARG03A0081_052  0.000-13.48  1.34  5.54  0.00 -6.61 0.502  00  03T03EM000  1.000
ARG03A0081_053  0.000-12.12  1.16  3.66  0.00 -7.30 0.502  00  03T068M000  1.000
ARG03A0081_054  0.000 -8.67  0.80  2.73  0.00 -5.14 0.502  00  03T073M000  1.000
ARG03A0081_055  0.000-10.53  1.53  0.48  0.00 -8.53 0.502  00  03T083M000  1.000
ARG03A0081_056  0.000-12.13  1.95  1.27  0.00 -8.91 0.502  00  03T057M000  1.000
ARG03A0081_057  0.000-10.69  1.59  1.17  0.00 -7.92 0.502  00  03T0C8M000  1.000
ARG03A0081_058  0.000-11.50  5.20  1.16  0.00 -5.14 0.503  00  03T0D0M000  1.000
ARG03A0081_059  0.000-11.13  1.44  6.00  0.00 -3.69 0.503  00  03T0DCM000  1.000
ARG03A0081_060  0.000-10.56  2.36  5.99  0.00 -2.21 0.503  00  03T0F2M000  1.000
ARG+1A0081_061  1.000-13.71  0.97  0.84  0.00-11.89 0.502  00  +1O000M000  1.000
ARG+1A0081_062  1.000-13.20  1.92  3.96  0.00 -7.33 0.502  00  +1E00BM000  1.000
ARG+1A0081_063  1.000-12.04  1.95  1.28  0.00 -8.81 0.502  00  +1E057M000  1.000
ARG+1A0081_064  1.000-11.59  5.85  1.34  0.00 -4.39 0.501  00  +1E05FM000  1.000
ARG+1A0081_065  1.000-12.09  0.75  0.61  0.00-10.72 0.502  00  +1E071M000  1.000
ARG+1A0081_066  1.000-10.54  1.52  0.50  0.00 -8.53 0.502  00  +1E083M000  1.000
ARG+1A0081_067  1.000-10.48  2.44  3.28  0.00 -4.76 0.502  00  +1E0B1M000  1.000
ARG+1A0081_068  1.000-11.54  1.63  1.26  0.00 -8.65 0.502  00  +1E0B9M000  1.000
ARG+1A0081_069  1.000-10.44  1.72  3.32  0.00 -5.40 0.502  00  +1E0CBM000  1.000
ARG+1A0081_070  1.000-10.67  2.36  6.01  0.00 -2.31 0.503  00  +1E0F2M000  1.000
ARG+1A0081_071  1.000-13.29  0.79  0.59  0.00-11.91 0.502  00  +1T00FM000  1.000
ARG+1A0081_072  1.000-13.22  1.37  5.02  0.00 -6.83 0.502  00  +1T018M000  1.000
ARG+1A0081_073  1.000-13.58  1.34  5.59  0.00 -6.65 0.502  00  +1T03EM000  1.000
ARG+1A0081_074  1.000-12.19  1.16  3.66  0.00 -7.36 0.502  00  +1T068M000  1.000
ARG+1A0081_075  1.000 -8.64  0.80  2.76  0.00 -5.09 0.502  00  +1T073M000  1.000
ARG+1A0081_076  1.000-11.40  1.23  2.70  0.00 -7.47 0.502  00  +1T086M000  1.000
ARG+1A0081_077  1.000-10.65  1.59  1.18  0.00 -7.87 0.502  00  +1T0C8M000  1.000
ARG+1A0081_078  1.000-11.59  5.21  1.17  0.00 -5.20 0.503  00  +1T0D0M000  1.000
ARG+1A0081_079  1.000-10.57  4.49  1.21  0.00 -4.87 0.502  00  +1T0D4M000  1.000
ARG+1A0081_080  1.000-10.97  1.43  6.00  0.00 -3.54 0.503  00  +1T0DCM000  1.000
