iConf CONFORMER     FL  occ    crg   Em0  pKa0 ne nH    vdw0    vdw1    tors    epol   dsolv   extra    history
00001 ARG01A0081_001 f 0.00  0.000     0  0.00  0  0 -13.628   1.080   0.842   0.008  -3.098   0.000 01O000M000t
00002 ARG01A0081_002 f 0.00  0.000     0  0.00  0  0 -13.230   1.537   6.524   0.030  -2.959   0.000 01E03EM000t
00003 ARG01A0081_003 f 0.00  0.000     0  0.00  0  0 -12.433   1.956   1.423   0.024  -2.895   0.000 01E057M000t
00004 ARG01A0081_004 f 0.00  0.000     0  0.00  0  0 -11.834   5.600   1.388   0.110  -2.833   0.000 01E05FM000t
00005 ARG01A0081_005 f 0.00  0.000     0  0.00  0  0 -12.089   1.161   3.669   0.053  -2.947   0.000 01E068M000t
00006 ARG01A0081_006 f 0.00  0.000     0  0.00  0  0 -11.376   1.607   1.322   0.030  -2.833   0.000 01E0B9M000t
00007 ARG01A0081_007 f 0.00  0.000     0  0.00  0  0 -10.321   1.747   3.349   0.037  -3.015   0.000 01E0CBM000t
00008 ARG01A0081_008 f 0.00  0.000     0  0.00  0  0 -11.220   4.969   1.341  -0.016  -2.916   0.000 01E0D4M000t
00009 ARG01A0081_009 f 0.00  0.000     0  0.00  0  0 -12.744   2.205   4.312   0.013  -2.910   0.000 01T00BM000t
00010 ARG01A0081_010 f 0.00  0.000     0  0.00  0  0 -13.232   0.810   0.659   0.000  -2.929   0.000 01T00FM000t
00011 ARG01A0081_011 f 0.00  0.000     0  0.00  0  0 -13.755   1.576   6.232   0.011  -3.125   0.000 01T018M000t
00012 ARG01A0081_012 f 0.00  0.000     0  0.00  0  0 -11.985   0.861   0.616   0.004  -2.902   0.000 01T071M000t
00013 ARG01A0081_013 f 0.00  0.000     0  0.00  0  0  -8.642   0.890   2.755  -0.000  -2.949   0.000 01T073M000t
00014 ARG01A0081_014 f 0.00  0.000     0  0.00  0  0 -10.639   1.556   0.593  -0.021  -2.895   0.000 01T083M000t
00015 ARG01A0081_015 f 0.00  0.000     0  0.00  0  0 -11.816   1.265   2.863  -0.007  -2.917   0.000 01T086M000t
00016 ARG01A0081_016 f 0.00  0.000     0  0.00  0  0 -10.512   2.454   3.330   0.034  -3.026   0.000 01T0B1M000t
00017 ARG01A0081_017 f 0.00  0.000     0  0.00  0  0 -10.725   1.574   1.199   0.031  -2.852   0.000 01T0C8M000t
00018 ARG01A0081_018 f 0.00  0.000     0  0.00  0  0 -11.253   4.413   1.334  -0.014  -3.057   0.000 01T0D0M000t
00019 ARG01A0081_019 f 0.00  0.000     0  0.00  0  0 -11.173   1.380   6.021   0.069  -2.860   0.000 01T0DCM000t
00020 ARG01A0081_020 f 0.00  0.000     0  0.00  0  0 -10.590   2.354   6.000   0.030  -2.964   0.000 01T0F2M000t
00021 ARG02A0081_021 f 0.00  0.000     0  0.00  0  0 -13.062   1.421   5.019   0.020  -2.440   0.000 02E018M000t
00022 ARG02A0081_022 f 0.00  0.000     0  0.00  0  0 -12.049   1.966   1.265   0.031  -2.659   0.000 02E057M000t
00023 ARG02A0081_023 f 0.00  0.000     0  0.00  0  0 -11.175   1.274   2.682  -0.005  -2.517   0.000 02E086M000t
00024 ARG02A0081_024 f 0.00  0.000     0  0.00  0  0 -11.470   5.217   1.172   0.025  -2.701   0.000 02E0D0M000t
00025 ARG02A0081_025 f 0.00  0.000     0  0.00  0  0 -11.005   1.418   5.962  -0.023  -2.566   0.000 02E0DCM000t
00026 ARG02A0081_026 f 0.00  0.000     0  0.00  0  0 -13.604   1.078   0.842   0.024  -2.877   0.000 02O000M000t
00027 ARG02A0081_027 f 0.00  0.000     0  0.00  0  0 -13.088   1.909   3.944   0.053  -2.783   0.000 02E00BM000t
00028 ARG02A0081_028 f 0.00  0.000     0  0.00  0  0 -13.242   0.891   0.591   0.018  -2.707   0.000 02E00FM000t
00029 ARG02A0081_029 f 0.00  0.000     0  0.00  0  0 -13.485   1.344   5.579   0.014  -2.885   0.000 02E03EM000t
00030 ARG02A0081_030 f 0.00  0.000     0  0.00  0  0 -10.398   2.493   3.285   0.022  -2.612   0.000 02E0B1M000t
00031 ARG02A0081_031 f 0.00  0.000     0  0.00  0  0 -10.371   1.724   3.325   0.044  -2.760   0.000 02E0CBM000t
00032 ARG02A0081_032 f 0.00  0.000     0  0.00  0  0 -12.192   1.155   3.666   0.063  -2.522   0.000 02T068M000t
00033 ARG02A0081_033 f 0.00  0.000     0  0.00  0  0 -11.366   1.637   1.249   0.020  -2.452   0.000 02T0B9M000t
00034 ARG02A0081_034 f 0.00  0.000     0  0.00  0  0 -10.526   4.540   1.196   0.012  -2.606   0.000 02T0D4M000t
00035 ARG02A0081_035 f 0.00  0.000     0  0.00  0  0 -12.081   0.856   0.612   0.009  -2.506   0.000 02T071M000t
00036 ARG02A0081_036 f 0.00  0.000     0  0.00  0  0 -10.576   1.577   0.487   0.004  -2.515   0.000 02T083M000t
00037 ARG02A0081_037 f 0.00  0.000     0  0.00  0  0 -10.633   2.353   6.007   0.027  -2.604   0.000 02T0F2M000t
00038 ARG02A0081_038 f 0.00  0.000     0  0.00  0  0  -8.660   0.899   2.720  -0.021  -2.568   0.000 02T073M000t
00039 ARG02A0081_039 f 0.00  0.000     0  0.00  0  0 -11.600   5.930   1.334   0.041  -2.710   0.000 02T05FM000t
00040 ARG02A0081_040 f 0.00  0.000     0  0.00  0  0 -10.722   1.599   1.174   0.028  -2.789   0.000 02T0C8M000t
00041 ARG03A0081_041 f 0.00  0.000     0  0.00  0  0 -11.259   1.276   2.695  -0.001  -2.661   0.000 03E086M000t
00042 ARG03A0081_042 f 0.00  0.000     0  0.00  0  0 -10.341   1.722   3.309   0.047  -2.563   0.000 03E0CBM000t
00043 ARG03A0081_043 f 0.00  0.000     0  0.00  0  0 -13.666   1.077   0.842   0.018  -2.657   0.000 03O000M000t
00044 ARG03A0081_044 f 0.00  0.000     0  0.00  0  0 -12.155   0.858   0.607   0.007  -2.717   0.000 03E071M000t
00045 ARG03A0081_045 f 0.00  0.000     0  0.00  0  0 -10.492   2.494   3.264   0.035  -2.570   0.000 03E0B1M000t
00046 ARG03A0081_046 f 0.00  0.000     0  0.00  0  0 -11.429   1.622   1.243   0.029  -2.530   0.000 03E0B9M000t
00047 ARG03A0081_047 f 0.00  0.000     0  0.00  0  0 -13.259   1.419   4.944   0.020  -2.605   0.000 03T018M000t
00048 ARG03A0081_048 f 0.00  0.000     0  0.00  0  0 -10.453   4.526   1.196   0.008  -2.609   0.000 03T0D4M000t
00049 ARG03A0081_049 f 0.00  0.000     0  0.00  0  0 -11.560   5.887   1.335   0.049  -2.424   0.000 03T05FM000t
00050 ARG03A0081_050 f 0.00  0.000     0  0.00  0  0 -13.231   1.909   3.935   0.013  -2.814   0.000 03T00BM000t
00051 ARG03A0081_051 f 0.00  0.000     0  0.00  0  0 -13.269   0.887   0.580   0.013  -2.606   0.000 03T00FM000t
00052 ARG03A0081_052 f 0.00  0.000     0  0.00  0  0 -13.480   1.333   5.534   0.035  -2.703   0.000 03T03EM000t
00053 ARG03A0081_053 f 0.00  0.000     0  0.00  0  0 -12.120   1.161   3.660   0.052  -2.528   0.000 03T068M000t
00054 ARG03A0081_054 f 0.00  0.000     0  0.00  0  0  -8.682   0.904   2.727  -0.002  -2.636   0.000 03T073M000t
00055 ARG03A0081_055 f 0.00  0.000     0  0.00  0  0 -10.540   1.586   0.478  -0.014  -2.557   0.000 03T083M000t
00056 ARG03A0081_056 f 0.00  0.000     0  0.00  0  0 -12.125   1.953   1.269   0.025  -2.750   0.000 03T057M000t
00057 ARG03A0081_057 f 0.00  0.000     0  0.00  0  0 -10.675   1.588   1.172   0.036  -2.773   0.000 03T0C8M000t
00058 ARG03A0081_058 f 0.00  0.000     0  0.00  0  0 -11.498   5.277   1.162   0.009  -2.664   0.000 03T0D0M000t
00059 ARG03A0081_059 f 0.00  0.000     0  0.00  0  0 -11.129   1.438   5.994   0.012  -2.547   0.000 03T0DCM000t
00060 ARG03A0081_060 f 0.00  0.000     0  0.00  0  0 -10.559   2.353   5.993   0.029  -2.639   0.000 03T0F2M000t
00061 ARG+1A0081_061 f 0.00  1.000     0 12.50  0  1 -13.708   1.077   0.842   0.074 -10.819   0.000 +1O000M000t
00062 ARG+1A0081_062 f 0.00  1.000     0 12.50  0  1 -13.196   1.912   3.956   0.008 -10.661   0.000 +1E00BM000t
00063 ARG+1A0081_063 f 0.00  1.000     0 12.50  0  1 -12.042   1.954   1.275   0.109 -10.733   0.000 +1E057M000t
00064 ARG+1A0081_064 f 0.00  1.000     0 12.50  0  1 -11.585   5.915   1.339  -0.130 -10.569   0.000 +1E05FM000t
00065 ARG+1A0081_065 f 0.00  1.000     0 12.50  0  1 -12.125   0.856   0.616   0.074 -10.640   0.000 +1E071M000t
00066 ARG+1A0081_066 f 0.00  1.000     0 12.50  0  1 -10.545   1.575   0.494   0.089 -10.704   0.000 +1E083M000t
00067 ARG+1A0081_067 f 0.00  1.000     0 12.50  0  1 -10.472   2.489   3.282   0.086 -10.731   0.000 +1E0B1M000t
00068 ARG+1A0081_068 f 0.00  1.000     0 12.50  0  1 -11.532   1.631   1.258   0.127 -10.542   0.000 +1E0B9M000t
00069 ARG+1A0081_069 f 0.00  1.000     0 12.50  0  1 -10.452   1.721   3.325   0.109 -10.727   0.000 +1E0CBM000t
00070 ARG+1A0081_070 f 0.00  1.000     0 12.50  0  1 -10.669   2.354   6.011   0.063 -10.726   0.000 +1E0F2M000t
00071 ARG+1A0081_071 f 0.00  1.000     0 12.50  0  1 -13.297   0.887   0.591   0.085 -10.649   0.000 +1T00FM000t
00072 ARG+1A0081_072 f 0.00  1.000     0 12.50  0  1 -13.220   1.421   5.020   0.051 -10.745   0.000 +1T018M000t
00073 ARG+1A0081_073 f 0.00  1.000     0 12.50  0  1 -13.582   1.341   5.594   0.138 -10.626   0.000 +1T03EM000t
00074 ARG+1A0081_074 f 0.00  1.000     0 12.50  0  1 -12.191   1.160   3.664   0.124 -10.684   0.000 +1T068M000t
00075 ARG+1A0081_075 f 0.00  1.000     0 12.50  0  1  -8.654   0.897   2.756   0.060 -10.571   0.000 +1T073M000t
00076 ARG+1A0081_076 f 0.00  1.000     0 12.50  0  1 -11.405   1.279   2.703   0.085 -10.728   0.000 +1T086M000t
00077 ARG+1A0081_077 f 0.00  1.000     0 12.50  0  1 -10.660   1.596   1.183   0.102 -10.580   0.000 +1T0C8M000t
00078 ARG+1A0081_078 f 0.00  1.000     0 12.50  0  1 -11.599   5.282   1.174   0.070 -10.606   0.000 +1T0D0M000t
00079 ARG+1A0081_079 f 0.00  1.000     0 12.50  0  1 -10.638   4.562   1.209   0.066 -10.783   0.000 +1T0D4M000t
00080 ARG+1A0081_080 f 0.00  1.000     0 12.50  0  1 -10.958   1.428   5.999  -0.092 -10.634   0.000 +1T0DCM000t
