   confID        vdw0    sas     sum
ARG01A0081_001   1.187 -14.814 -13.628
ARG01A0081_002   1.344 -14.574 -13.230
ARG01A0081_003   2.497 -14.930 -12.433
ARG01A0081_004   2.403 -14.238 -11.834
ARG01A0081_005   2.450 -14.539 -12.089
ARG01A0081_006   2.812 -14.188 -11.376
ARG01A0081_007   3.997 -14.318 -10.321
ARG01A0081_008   3.288 -14.508 -11.220
ARG01A0081_009   1.646 -14.390 -12.744
ARG01A0081_010   1.461 -14.692 -13.232
ARG01A0081_011   1.314 -15.069 -13.755
ARG01A0081_012   2.462 -14.447 -11.985
ARG01A0081_013   5.617 -14.260  -8.642
ARG01A0081_014   3.021 -13.661 -10.639
ARG01A0081_015   2.554 -14.370 -11.816
ARG01A0081_016   3.630 -14.142 -10.512
ARG01A0081_017   3.563 -14.288 -10.725
ARG01A0081_018   2.693 -13.946 -11.253
ARG01A0081_019   3.009 -14.182 -11.173
ARG01A0081_020   3.997 -14.587 -10.590
ARG02A0081_021   1.571 -14.633 -13.062
ARG02A0081_022   2.585 -14.634 -12.049
ARG02A0081_023   2.633 -13.808 -11.175
ARG02A0081_024   2.817 -14.287 -11.470
ARG02A0081_025   3.189 -14.194 -11.005
ARG02A0081_026   1.211 -14.814 -13.604
ARG02A0081_027   1.415 -14.504 -13.088
ARG02A0081_028   1.341 -14.583 -13.242
ARG02A0081_029   1.627 -15.113 -13.485
ARG02A0081_030   3.719 -14.117 -10.398
ARG02A0081_031   4.015 -14.386 -10.371
ARG02A0081_032   2.283 -14.475 -12.192
ARG02A0081_033   2.802 -14.168 -11.366
ARG02A0081_034   3.609 -14.135 -10.526
ARG02A0081_035   2.434 -14.515 -12.081
ARG02A0081_036   3.252 -13.828 -10.576
ARG02A0081_037   3.973 -14.607 -10.633
ARG02A0081_038   5.600 -14.260  -8.660
ARG02A0081_039   2.599 -14.199 -11.600
ARG02A0081_040   3.679 -14.400 -10.722
ARG03A0081_041   2.596 -13.856 -11.259
ARG03A0081_042   3.977 -14.318 -10.341
ARG03A0081_043   1.149 -14.814 -13.666
ARG03A0081_044   2.424 -14.579 -12.155
ARG03A0081_045   3.673 -14.165 -10.492
ARG03A0081_046   2.804 -14.232 -11.429
ARG03A0081_047   1.557 -14.816 -13.259
ARG03A0081_048   3.634 -14.087 -10.453
ARG03A0081_049   2.575 -14.135 -11.560
ARG03A0081_050   1.337 -14.568 -13.231
ARG03A0081_051   1.275 -14.544 -13.269
ARG03A0081_052   1.568 -15.048 -13.480
ARG03A0081_053   2.403 -14.523 -12.120
ARG03A0081_054   5.578 -14.260  -8.682
ARG03A0081_055   3.221 -13.761 -10.540
ARG03A0081_056   2.593 -14.718 -12.125
ARG03A0081_057   3.661 -14.336 -10.675
ARG03A0081_058   2.840 -14.338 -11.498
ARG03A0081_059   3.296 -14.425 -11.129
ARG03A0081_060   3.980 -14.539 -10.559
ARG+1A0081_061   1.106 -14.814 -13.708
ARG+1A0081_062   1.307 -14.504 -13.196
ARG+1A0081_063   2.544 -14.586 -12.042
ARG+1A0081_064   2.562 -14.147 -11.585
ARG+1A0081_065   2.390 -14.515 -12.125
ARG+1A0081_066   3.215 -13.761 -10.545
ARG+1A0081_067   3.645 -14.117 -10.472
ARG+1A0081_068   2.769 -14.300 -11.532
ARG+1A0081_069   3.934 -14.386 -10.452
ARG+1A0081_070   3.937 -14.607 -10.669
ARG+1A0081_071   1.234 -14.531 -13.297
ARG+1A0081_072   1.529 -14.749 -13.220
ARG+1A0081_073   1.531 -15.113 -13.582
ARG+1A0081_074   2.333 -14.523 -12.191
ARG+1A0081_075   5.606 -14.260  -8.654
ARG+1A0081_076   2.580 -13.984 -11.405
ARG+1A0081_077   3.628 -14.288 -10.660
ARG+1A0081_078   2.788 -14.386 -11.599
ARG+1A0081_079   3.609 -14.247 -10.638
ARG+1A0081_080   3.284 -14.242 -10.958
