iConf CONFORMER     FL  occ    crg   Em0  pKa0 ne nH    vdw0    vdw1    tors    epol   dsolv   extra    history
00001 TYR01A0093_001 f 0.00  0.000     0  0.00  0  0 -10.117   0.414   0.169   0.172  -1.767   0.000 01O000M000t
00002 TYR01A0093_002 f 0.00  0.000     0  0.00  0  0 -10.705   3.382   2.619   0.184  -1.701   0.000 01E001M000t
00003 TYR01A0093_003 f 0.00  0.000     0  0.00  0  0 -10.117   0.414   0.169   0.184  -1.729   0.000 01O000M000t
00004 TYR01A0093_004 f 0.00  0.000     0  0.00  0  0 -10.836   6.275   2.620   0.124  -1.701   0.000 01T003M000t
00005 TYR01A0093_005 f 0.00  0.000     0  0.00  0  0 -10.860   1.328   2.620   0.148  -1.785   0.000 01T005M000t
00006 TYR01A0093_006 f 0.00  0.000     0  0.00  0  0 -10.623   1.539   0.138   0.182  -1.583   0.000 01T006M000t
00007 TYR01A0093_007 f 0.00  0.000     0  0.00  0  0 -10.977   2.549   2.613   0.190  -1.718   0.000 01T008M000t
00008 TYR01A0093_008 f 0.00  0.000     0  0.00  0  0 -10.331   3.233   0.167   0.273  -1.697   0.000 01T002M000t
00009 TYR01A0093_009 f 0.00  0.000     0  0.00  0  0 -10.576   0.356   0.157   0.039  -1.732   0.000 01T004M000t
00010 TYR01A0093_010 f 0.00  0.000     0  0.00  0  0 -11.011   4.359   0.125   0.087  -1.750   0.000 01T007M000t
00011 TYR-1A0093_011 f 0.00 -1.000     0 10.20  0 -1 -10.117   0.414   0.169   0.039 -12.833   0.000 -1O000M000t
00012 TYR-1A0093_012 f 0.00 -1.000     0 10.20  0 -1 -10.319   3.322   0.168   0.361 -12.746   0.000 -1E002M000t
00013 TYR-1A0093_013 f 0.00 -1.000     0 10.20  0 -1 -10.680   6.282   2.618   0.026 -12.646   0.000 -1E003M000t
00014 TYR-1A0093_014 f 0.00 -1.000     0 10.20  0 -1 -10.646   0.352   0.154  -0.235 -12.751   0.000 -1E004M000t
00015 TYR-1A0093_015 f 0.00 -1.000     0 10.20  0 -1 -10.573   1.469   0.133   0.051 -12.790   0.000 -1E006M000t
00016 TYR-1A0093_016 f 0.00 -1.000     0 10.20  0 -1 -11.010   4.394   0.117  -0.190 -12.807   0.000 -1E007M000t
00017 TYR-1A0093_017 f 0.00 -1.000     0 10.20  0 -1 -11.112   2.613   2.607  -0.011 -12.805   0.000 -1E008M000t
00018 TYR-1A0093_018 f 0.00 -1.000     0 10.20  0 -1 -10.704   3.380   2.614   0.115 -12.830   0.000 -1T001M000t
00019 TYR-1A0093_019 f 0.00 -1.000     0 10.20  0 -1 -10.857   1.326   2.616  -0.030 -12.904   0.000 -1T005M000t
