   confID        vdw0    sas     sum
TYR01A0093_001   3.866 -13.983 -10.117
TYR01A0093_002   3.885 -14.590 -10.705
TYR01A0093_003   3.866 -13.983 -10.117
TYR01A0093_004   3.901 -14.737 -10.836
TYR01A0093_005   3.863 -14.722 -10.860
TYR01A0093_006   3.749 -14.372 -10.623
TYR01A0093_007   3.742 -14.719 -10.977
TYR01A0093_008   3.900 -14.230 -10.331
TYR01A0093_009   3.870 -14.445 -10.576
TYR01A0093_010   3.531 -14.543 -11.011
TYR-1A0093_011   3.866 -13.983 -10.117
TYR-1A0093_012   3.904 -14.223 -10.319
TYR-1A0093_013   3.896 -14.576 -10.680
TYR-1A0093_014   3.867 -14.513 -10.646
TYR-1A0093_015   3.749 -14.322 -10.573
TYR-1A0093_016   3.533 -14.543 -11.010
TYR-1A0093_017   3.742 -14.854 -11.112
TYR-1A0093_018   3.886 -14.590 -10.704
TYR-1A0093_019   3.865 -14.722 -10.857
