iConf CONFORMER     FL  occ    crg   Em0  pKa0 ne nH    vdw0    vdw1    tors    epol   dsolv   extra    history
00001 GLN01A0131_001 f 0.00  0.000     0  0.00  0  0  -4.899   0.107   3.773   0.047  -0.970   0.000 01O000M000t
00002 GLN01A0131_002 f 0.00  0.000     0  0.00  0  0  -4.963   0.287   3.772   0.045  -1.057   0.000 01R001M000t
00003 GLN01A0131_003 f 0.00  0.000     0  0.00  0  0  -4.711   0.182   1.324   0.017  -1.006   0.000 01E009M000t
00004 GLN01A0131_004 f 0.00  0.000     0  0.00  0  0  -4.438   0.211   4.145   0.008  -1.022   0.000 01E00AM000t
00005 GLN01A0131_005 f 0.00  0.000     0  0.00  0  0  -4.626   1.918   0.489   0.005  -0.982   0.000 01E015M000t
00006 GLN01A0131_006 f 0.00  0.000     0  0.00  0  0  -4.893   0.201   3.694   0.029  -1.004   0.000 01E01AM000t
00007 GLN01A0131_007 f 0.00  0.000     0  0.00  0  0  -4.478   0.578   4.139  -0.009  -1.014   0.000 01E022M000t
00008 GLN01A0131_008 f 0.00  0.000     0  0.00  0  0  -4.386   0.179   0.393   0.024  -1.007   0.000 01E031M000t
00009 GLN01A0131_009 f 0.00  0.000     0  0.00  0  0  -4.562   0.150   4.148   0.027  -0.989   0.000 01E033M000t
00010 GLN01A0131_010 f 0.00  0.000     0  0.00  0  0  -4.908  -0.407   1.377   0.104  -0.986   0.000 01E037M000t
00011 GLN01A0131_011 f 0.00  0.000     0  0.00  0  0  -3.865   0.327   3.283  -0.010  -1.026   0.000 01E043M000t
00012 GLN01A0131_012 f 0.00  0.000     0  0.00  0  0  -4.870   0.512   1.316   0.030  -1.066   0.000 01T007M000t
00013 GLN01A0131_013 f 0.00  0.000     0  0.00  0  0  -4.930   0.303   2.818  -0.065  -0.936   0.000 01T01CM000t
00014 GLN01A0131_014 f 0.00  0.000     0  0.00  0  0  -4.695   0.544   3.578   0.001  -1.000   0.000 01T01FM000t
00015 GLN01A0131_015 f 0.00  0.000     0  0.00  0  0  -3.643   0.035   3.230   0.030  -1.009   0.000 01T02CM000t
00016 GLN01A0131_016 f 0.00  0.000     0  0.00  0  0  -3.582   0.528   3.298  -0.010  -1.012   0.000 01T03CM000t
00017 GLN01A0131_017 f 0.00  0.000     0  0.00  0  0  -4.007   0.067   0.467   0.042  -0.993   0.000 01T03EM000t
00018 GLN01A0131_018 f 0.00  0.000     0  0.00  0  0  -4.865   0.088   1.331   0.022  -1.036   0.000 01T03FM000t
00019 GLN01A0131_019 f 0.00  0.000     0  0.00  0  0  -4.413   0.092   0.438  -0.008  -1.189   0.000 01T041M000t
