CONFORMER         crg  vdw0  vdw1  tors  epol  self   occ  Hb     history    ASA
GLN01A0131_001  0.000 -4.90  0.11  3.77  0.00 -1.02 0.506  00  01O000M000  1.005
GLN01A0131_002  0.000 -4.96  0.29  3.77  0.00 -0.90 0.507  00  01R001M000  1.013
GLN01A0131_003  0.000 -4.71  0.18  1.32  0.00 -3.21 0.507  00  01E009M000  1.000
GLN01A0131_004  0.000 -4.44  0.21  4.15  0.00 -0.08 0.508  00  01E00AM000  1.011
GLN01A0131_005  0.000 -4.63  1.92  0.49  0.00 -2.22 0.508  00  01E015M000  1.003
GLN01A0131_006  0.000 -4.89  0.20  3.69  0.00 -1.00 0.506  00  01E01AM000  1.013
GLN01A0131_007  0.000 -4.48  0.58  4.14  0.00  0.24 0.507  00  01E022M000  1.019
GLN01A0131_008  0.000 -4.38  0.18  0.39  0.00 -3.81 0.507  00  01E031M000  1.000
GLN01A0131_009  0.000 -4.56  0.15  4.15  0.00 -0.27 0.507  00  01E033M000  1.010
GLN01A0131_010  0.000 -4.91 -0.41  1.38  0.00 -3.94 0.508  00  01E037M000  1.054
GLN01A0131_011  0.000 -3.87  0.33  3.28  0.00 -0.25 0.508  00  01E043M000  1.050
GLN01A0131_012  0.000 -4.87  0.51  1.31  0.00 -3.05 0.507  00  01T007M000  1.010
GLN01A0131_013  0.000 -4.93  0.30  2.82  0.00 -1.81 0.507  00  01T01CM000  1.084
GLN01A0131_014  0.000 -4.69  0.55  3.58  0.00 -0.57 0.506  00  01T01FM000  1.000
GLN01A0131_015  0.000 -3.64  0.03  3.23  0.00 -0.38 0.506  00  01T02CM000  1.028
GLN01A0131_016  0.000 -3.58  0.53  3.30  0.00  0.25 0.507  00  01T03CM000  1.000
GLN01A0131_017  0.000 -4.00  0.07  0.47  0.00 -3.47 0.507  00  01T03EM000  1.030
GLN01A0131_018  0.000 -4.86  0.09  1.33  0.00 -3.45 0.507  00  01T03FM000  1.066
GLN01A0131_019  0.000 -4.41  0.09  0.44  0.00 -3.88 0.506  00  01T041M000  1.016
