   confID        vdw0    sas     sum
GLN01A0131_001   0.205  -5.104  -4.899
GLN01A0131_002   0.183  -5.147  -4.963
GLN01A0131_003   0.165  -4.876  -4.711
GLN01A0131_004   0.479  -4.917  -4.438
GLN01A0131_005   0.374  -5.000  -4.626
GLN01A0131_006   0.202  -5.095  -4.893
GLN01A0131_007   0.464  -4.942  -4.478
GLN01A0131_008   0.465  -4.850  -4.386
GLN01A0131_009   0.490  -5.051  -4.562
GLN01A0131_010   0.174  -5.082  -4.908
GLN01A0131_011   1.243  -5.108  -3.865
GLN01A0131_012   0.167  -5.037  -4.870
GLN01A0131_013   0.461  -5.391  -4.930
GLN01A0131_014   0.138  -4.833  -4.695
GLN01A0131_015   1.354  -4.997  -3.643
GLN01A0131_016   1.317  -4.899  -3.582
GLN01A0131_017   0.965  -4.972  -4.007
GLN01A0131_018   0.150  -5.015  -4.865
GLN01A0131_019   0.484  -4.897  -4.413
