iConf CONFORMER     FL  occ    crg   Em0  pKa0 ne nH    vdw0    vdw1    tors    epol   dsolv   extra    history
00001 TYR01A0054_001 f 0.00  0.000     0  0.00  0  0 -10.070   0.006   0.021   0.050  -0.786   0.000 01O000M000t
00002 TYR01A0054_002 f 0.00  0.000     0  0.00  0  0 -10.084   6.001   0.027   0.175  -0.726   0.000 01E00BM000t
00003 TYR01A0054_003 f 0.00  0.000     0  0.00  0  0 -10.351   2.457   2.777   0.058  -0.744   0.000 01T001M000t
00004 TYR01A0054_004 f 0.00  0.000     0  0.00  0  0  -9.850   0.188   0.021   0.052  -0.748   0.000 01T002M000t
00005 TYR01A0054_005 f 0.00  0.000     0  0.00  0  0  -9.498   5.784   2.781   0.107  -0.733   0.000 01T003M000t
00006 TYR01A0054_006 f 0.00  0.000     0  0.00  0  0  -9.142   0.651   2.777   0.043  -0.755   0.000 01T00EM000t
00007 TYR01A0054_007 f 0.00  0.000     0  0.00  0  0 -10.498   6.070   0.035   0.058  -0.793   0.000 01T005M000t
00008 TYR01A0054_008 f 0.00  0.000     0  0.00  0  0 -10.114   2.121   2.780   0.085  -0.747   0.000 01T00FM000t
00009 TYR01A0054_009 f 0.00  0.000     0  0.00  0  0 -10.510   2.422   2.778   0.059  -0.749   0.000 01T008M000t
00010 TYR01A0054_010 f 0.00  0.000     0  0.00  0  0  -9.458   5.601   2.780   0.107  -0.733   0.000 01T00AM000t
00011 TYR01A0054_011 f 0.00  0.000     0  0.00  0  0 -10.117   1.831   2.778   0.081  -0.770   0.000 01T00DM000t
00012 TYR01A0054_012 f 0.00  0.000     0  0.00  0  0  -9.436   0.557   2.776   0.043  -0.766   0.000 01T004M000t
00013 TYR01A0054_013 f 0.00  0.000     0  0.00  0  0  -9.871   0.013   0.021   0.052  -0.804   0.000 01T006M000t
00014 TYR01A0054_014 f 0.00  0.000     0  0.00  0  0 -10.311   7.498   0.029   0.065  -0.870   0.000 01T007M000t
00015 TYR01A0054_015 f 0.00  0.000     0  0.00  0  0 -10.197   0.224   0.020   0.054  -0.771   0.000 01T009M000t
00016 TYR01A0054_016 f 0.00  0.000     0  0.00  0  0 -10.067   6.561   0.021   0.174  -0.730   0.000 01T00CM000t
00017 TYR-1A0054_017 f 0.00 -1.000     0 10.20  0 -1 -10.070   0.006   0.021  -0.037  -5.783   0.000 -1O000M000t
00018 TYR-1A0054_018 f 0.00 -1.000     0 10.20  0 -1  -9.864   0.234   0.021  -0.028  -5.792   0.000 -1E002M000t
00019 TYR-1A0054_019 f 0.00 -1.000     0 10.20  0 -1  -9.438   5.749   2.781   0.131  -5.747   0.000 -1E003M000t
00020 TYR-1A0054_020 f 0.00 -1.000     0 10.20  0 -1 -10.604   5.895   0.037  -0.032  -5.817   0.000 -1E005M000t
00021 TYR-1A0054_021 f 0.00 -1.000     0 10.20  0 -1  -9.863   0.011   0.020  -0.042  -5.813   0.000 -1E006M000t
00022 TYR-1A0054_022 f 0.00 -1.000     0 10.20  0 -1 -10.556   7.520   0.029  -0.034  -5.797   0.000 -1E007M000t
00023 TYR-1A0054_023 f 0.00 -1.000     0 10.20  0 -1 -10.499   2.427   2.778  -0.040  -5.791   0.000 -1E008M000t
00024 TYR-1A0054_024 f 0.00 -1.000     0 10.20  0 -1  -9.506   5.586   2.781   0.133  -5.725   0.000 -1E00AM000t
00025 TYR-1A0054_025 f 0.00 -1.000     0 10.20  0 -1  -9.618   6.578   0.022   0.308  -5.766   0.000 -1E00CM000t
00026 TYR-1A0054_026 f 0.00 -1.000     0 10.20  0 -1  -9.140   0.649   2.776   0.011  -5.830   0.000 -1E00EM000t
00027 TYR-1A0054_027 f 0.00 -1.000     0 10.20  0 -1 -10.125   2.173   2.780   0.059  -5.819   0.000 -1E00FM000t
00028 TYR-1A0054_028 f 0.00 -1.000     0 10.20  0 -1 -10.341   2.460   2.777  -0.043  -5.777   0.000 -1T001M000t
00029 TYR-1A0054_029 f 0.00 -1.000     0 10.20  0 -1  -9.439   0.558   2.776   0.016  -5.838   0.000 -1T004M000t
00030 TYR-1A0054_030 f 0.00 -1.000     0 10.20  0 -1 -10.198   0.223   0.020  -0.027  -5.795   0.000 -1T009M000t
00031 TYR-1A0054_031 f 0.00 -1.000     0 10.20  0 -1 -10.317   5.871   0.026   0.305  -5.729   0.000 -1T00BM000t
00032 TYR-1A0054_032 f 0.00 -1.000     0 10.20  0 -1 -10.175   1.819   2.778   0.056  -5.799   0.000 -1T00DM000t
