   confID        vdw0    sas     sum
TYR01A0054_001   4.327 -14.397 -10.070
TYR01A0054_002   4.240 -14.324 -10.084
TYR01A0054_003   4.337 -14.688 -10.351
TYR01A0054_004   4.337 -14.187  -9.850
TYR01A0054_005   4.352 -13.850  -9.498
TYR01A0054_006   4.300 -13.442  -9.142
TYR01A0054_007   3.965 -14.463 -10.498
TYR01A0054_008   4.171 -14.285 -10.114
TYR01A0054_009   4.322 -14.832 -10.510
TYR01A0054_010   4.319 -13.776  -9.458
TYR01A0054_011   4.233 -14.350 -10.117
TYR01A0054_012   4.325 -13.761  -9.436
TYR01A0054_013   4.300 -14.171  -9.871
TYR01A0054_014   3.947 -14.258 -10.311
TYR01A0054_015   4.320 -14.518 -10.197
TYR01A0054_016   4.179 -14.246 -10.067
TYR-1A0054_017   4.327 -14.397 -10.070
TYR-1A0054_018   4.340 -14.204  -9.864
TYR-1A0054_019   4.362 -13.800  -9.438
TYR-1A0054_020   3.960 -14.564 -10.604
TYR-1A0054_021   4.307 -14.171  -9.863
TYR-1A0054_022   3.940 -14.495 -10.556
TYR-1A0054_023   4.317 -14.816 -10.499
TYR-1A0054_024   4.321 -13.827  -9.506
TYR-1A0054_025   4.180 -13.798  -9.618
TYR-1A0054_026   4.302 -13.442  -9.140
TYR-1A0054_027   4.160 -14.285 -10.125
TYR-1A0054_028   4.347 -14.688 -10.341
TYR-1A0054_029   4.322 -13.761  -9.439
TYR-1A0054_030   4.320 -14.518 -10.198
TYR-1A0054_031   4.244 -14.560 -10.317
TYR-1A0054_032   4.235 -14.411 -10.175
