iConf CONFORMER     FL  occ    crg   Em0  pKa0 ne nH    vdw0    vdw1    tors    epol   dsolv   extra    history
00001 LYS01A0133_001 f 0.00  0.000     0  0.00  0  0  -8.781   0.145   1.241  -0.006  -0.062   0.000 01O000M000t
00002 LYS01A0133_002 f 0.00  0.000     0  0.00  0  0  -9.893   0.060   0.843  -0.004  -0.062   0.000 01E00AM000t
00003 LYS01A0133_003 f 0.00  0.000     0  0.00  0  0 -10.445   0.734   1.644  -0.007  -0.063   0.000 01E01BM000t
00004 LYS01A0133_004 f 0.00  0.000     0  0.00  0  0 -10.452   0.770   1.816  -0.006  -0.062   0.000 01E01DM000t
00005 LYS01A0133_005 f 0.00  0.000     0  0.00  0  0 -11.841   0.216   1.286  -0.005  -0.063   0.000 01E041M000t
00006 LYS01A0133_006 f 0.00  0.000     0  0.00  0  0  -9.051   0.790   1.852  -0.006  -0.059   0.000 01E0ADM000t
00007 LYS01A0133_007 f 0.00  0.000     0  0.00  0  0 -10.060   0.759   1.355  -0.006  -0.071   0.000 01E0B0M000t
00008 LYS01A0133_008 f 0.00  0.000     0  0.00  0  0  -9.951   0.202   1.578   0.007  -0.055   0.000 01E0C8M000t
00009 LYS01A0133_009 f 0.00  0.000     0  0.00  0  0 -10.454   0.504   3.827  -0.002  -0.061   0.000 01E0D6M000t
00010 LYS01A0133_010 f 0.00  0.000     0  0.00  0  0 -10.887   0.908   3.792  -0.002  -0.060   0.000 01E102M000t
00011 LYS01A0133_011 f 0.00  0.000     0  0.00  0  0 -10.647   0.848   6.625  -0.004  -0.063   0.000 01E10BM000t
00012 LYS01A0133_012 f 0.00  0.000     0  0.00  0  0 -10.559   1.188   7.025  -0.014  -0.060   0.000 01E10FM000t
00013 LYS01A0133_013 f 0.00  0.000     0  0.00  0  0 -10.373   4.113   4.264  -0.029  -0.063   0.000 01E1A1M000t
00014 LYS01A0133_014 f 0.00  0.000     0  0.00  0  0 -10.103   3.560   4.140  -0.008  -0.058   0.000 01E1A7M000t
00015 LYS01A0133_015 f 0.00  0.000     0  0.00  0  0 -11.974   2.191   1.129  -0.006  -0.063   0.000 01T04AM000t
00016 LYS01A0133_016 f 0.00  0.000     0  0.00  0  0 -11.468   1.980   1.265  -0.009  -0.063   0.000 01T04DM000t
00017 LYS01A0133_017 f 0.00  0.000     0  0.00  0  0  -9.084   1.261   3.926  -0.007  -0.063   0.000 01T085M000t
00018 LYS01A0133_018 f 0.00  0.000     0  0.00  0  0  -9.899   0.704   4.281  -0.007  -0.062   0.000 01T0B6M000t
00019 LYS01A0133_019 f 0.00  0.000     0  0.00  0  0 -10.019   0.153   1.523  -0.034  -0.054   0.000 01T0F7M000t
00020 LYS01A0133_020 f 0.00  0.000     0  0.00  0  0 -10.181   0.905   6.932  -0.003  -0.065   0.000 01T0FFM000t
00021 LYS+1A0133_021 f 0.00  1.000     0 10.40  0  1  -8.831   0.144   1.241   0.043  -1.009   0.000 +1O000M000t
00022 LYS+1A0133_022 f 0.00  1.000     0 10.40  0  1  -9.825   0.055   0.845   0.034  -1.006   0.000 +1E00AM000t
00023 LYS+1A0133_023 f 0.00  1.000     0 10.40  0  1 -10.408   0.718   1.649   0.057  -1.011   0.000 +1E01BM000t
00024 LYS+1A0133_024 f 0.00  1.000     0 10.40  0  1 -11.516   1.958   1.267   0.075  -1.011   0.000 +1E04DM000t
00025 LYS+1A0133_025 f 0.00  1.000     0 10.40  0  1  -9.165   1.239   3.965   0.030  -1.000   0.000 +1E085M000t
00026 LYS+1A0133_026 f 0.00  1.000     0 10.40  0  1 -10.130   0.763   1.362   0.046  -1.006   0.000 +1E0B0M000t
00027 LYS+1A0133_027 f 0.00  1.000     0 10.40  0  1  -9.658   0.689   4.335   0.074  -0.998   0.000 +1E0B6M000t
00028 LYS+1A0133_028 f 0.00  1.000     0 10.40  0  1 -10.111   0.183   1.583   0.109  -0.961   0.000 +1E0C8M000t
00029 LYS+1A0133_029 f 0.00  1.000     0 10.40  0  1 -10.103   0.098   1.525  -0.145  -0.936   0.000 +1E0F7M000t
00030 LYS+1A0133_030 f 0.00  1.000     0 10.40  0  1 -10.642   0.849   6.643   0.052  -0.999   0.000 +1E10BM000t
00031 LYS+1A0133_031 f 0.00  1.000     0 10.40  0  1 -10.473   1.188   7.032  -0.032  -0.994   0.000 +1E10FM000t
00032 LYS+1A0133_032 f 0.00  1.000     0 10.40  0  1 -10.443   4.011   4.280   0.119  -0.975   0.000 +1E1A1M000t
00033 LYS+1A0133_033 f 0.00  1.000     0 10.40  0  1 -10.191   3.564   4.143   0.027  -0.988   0.000 +1E1A7M000t
00034 LYS+1A0133_034 f 0.00  1.000     0 10.40  0  1 -10.479   0.767   1.821   0.039  -1.011   0.000 +1T01DM000t
00035 LYS+1A0133_035 f 0.00  1.000     0 10.40  0  1 -11.889   0.213   1.287   0.039  -1.012   0.000 +1T041M000t
00036 LYS+1A0133_036 f 0.00  1.000     0 10.40  0  1 -12.021   2.200   1.131   0.037  -1.015   0.000 +1T04AM000t
00037 LYS+1A0133_037 f 0.00  1.000     0 10.40  0  1  -9.121   0.783   1.856   0.047  -0.994   0.000 +1T0ADM000t
00038 LYS+1A0133_038 f 0.00  1.000     0 10.40  0  1 -10.453   0.511   3.889   0.029  -1.010   0.000 +1T0D6M000t
00039 LYS+1A0133_039 f 0.00  1.000     0 10.40  0  1 -10.219   0.907   6.960   0.015  -1.010   0.000 +1T0FFM000t
00040 LYS+1A0133_040 f 0.00  1.000     0 10.40  0  1 -10.988   0.905   3.795   0.026  -0.994   0.000 +1T102M000t
