CONFORMER         crg  vdw0  vdw1  tors  epol  self   occ  Hb     history    ASA
LYS01A0133_001  0.000 -8.78  0.14  1.24  0.00 -7.40 0.501  00  01O000M000  1.000
LYS01A0133_002  0.000 -9.88  0.06  0.84  0.00 -8.98 0.502  00  01E00AM000  1.000
LYS01A0133_003  0.000-10.37  0.73  1.64  0.00 -7.99 0.501  00  01E01BM000  1.000
LYS01A0133_004  0.000-10.45  0.77  1.82  0.00 -7.87 0.501  00  01E01DM000  1.000
LYS01A0133_005  0.000-11.84  0.21  1.29  0.00-10.34 0.501  00  01E041M000  1.000
LYS01A0133_006  0.000 -9.00  0.79  1.85  0.00 -6.36 0.501  00  01E0ADM000  1.000
LYS01A0133_007  0.000-10.07  0.76  1.36  0.00 -7.95 0.501  00  01E0B0M000  1.000
LYS01A0133_008  0.000 -9.95  0.20  1.58  0.00 -8.17 0.501  00  01E0C8M000  1.000
LYS01A0133_009  0.000-10.45  0.50  3.83  0.00 -6.13 0.501  00  01E0D6M000  1.000
LYS01A0133_010  0.000-10.89  0.91  3.79  0.00 -6.19 0.502  00  01E102M000  1.000
LYS01A0133_011  0.000-10.64  0.85  6.62  0.00 -3.17 0.501  00  01E10BM000  1.000
LYS01A0133_012  0.000-10.56  1.19  7.02  0.00 -2.34 0.501  00  01E10FM000  1.000
LYS01A0133_013  0.000-10.37  4.12  4.26  0.00 -1.99 0.501  00  01E1A1M000  1.000
LYS01A0133_014  0.000-10.10  3.56  4.14  0.00 -2.40 0.501  00  01E1A7M000  1.000
LYS01A0133_015  0.000-11.97  2.19  1.13  0.00 -8.65 0.501  00  01T04AM000  1.000
LYS01A0133_016  0.000-11.47  1.98  1.26  0.00 -8.22 0.501  00  01T04DM000  1.000
LYS01A0133_017  0.000 -9.07  1.26  3.93  0.00 -3.88 0.501  00  01T085M000  1.000
LYS01A0133_018  0.000 -9.90  0.70  4.28  0.00 -4.91 0.501  00  01T0B6M000  1.000
LYS01A0133_019  0.000-10.06  0.15  1.52  0.00 -8.38 0.501  00  01T0F7M000  1.000
LYS01A0133_020  0.000-10.18  0.91  6.93  0.00 -2.34 0.501  00  01T0FFM000  1.000
LYS+1A0133_021  1.000 -8.83  0.14  1.24  0.00 -7.45 0.501  00  +1O000M000  1.000
LYS+1A0133_022  1.000 -9.86  0.05  0.85  0.00 -8.96 0.502  00  +1E00AM000  1.000
LYS+1A0133_023  1.000-10.41  0.72  1.65  0.00 -8.04 0.501  00  +1E01BM000  1.000
LYS+1A0133_024  1.000-11.52  1.95  1.27  0.00 -8.30 0.501  00  +1E04DM000  1.000
LYS+1A0133_025  1.000 -9.17  1.23  3.96  0.00 -3.97 0.501  00  +1E085M000  1.000
LYS+1A0133_026  1.000-10.14  0.76  1.36  0.00 -8.01 0.501  00  +1E0B0M000  1.000
LYS+1A0133_027  1.000 -9.66  0.69  4.33  0.00 -4.64 0.501  00  +1E0B6M000  1.000
LYS+1A0133_028  1.000-10.11  0.19  1.58  0.00 -8.34 0.501  00  +1E0C8M000  1.000
LYS+1A0133_029  1.000-10.10  0.10  1.53  0.00 -8.48 0.501  00  +1E0F7M000  1.000
LYS+1A0133_030  1.000-10.64  0.85  6.64  0.00 -3.15 0.501  00  +1E10BM000  1.000
LYS+1A0133_031  1.000-10.47  1.19  7.03  0.00 -2.25 0.501  00  +1E10FM000  1.000
LYS+1A0133_032  1.000-10.44  4.01  4.28  0.00 -2.15 0.501  00  +1E1A1M000  1.000
LYS+1A0133_033  1.000-10.19  3.56  4.14  0.00 -2.49 0.501  00  +1E1A7M000  1.000
LYS+1A0133_034  1.000-10.48  0.77  1.82  0.00 -7.89 0.501  00  +1T01DM000  1.000
LYS+1A0133_035  1.000-11.89  0.21  1.29  0.00-10.39 0.501  00  +1T041M000  1.000
LYS+1A0133_036  1.000-12.02  2.20  1.13  0.00 -8.69 0.501  00  +1T04AM000  1.000
LYS+1A0133_037  1.000 -9.07  0.78  1.86  0.00 -6.44 0.501  00  +1T0ADM000  1.000
LYS+1A0133_038  1.000-10.46  0.51  3.89  0.00 -6.06 0.501  00  +1T0D6M000  1.000
LYS+1A0133_039  1.000-10.22  0.91  6.96  0.00 -2.35 0.501  00  +1T0FFM000  1.000
LYS+1A0133_040  1.000-10.99  0.91  3.80  0.00 -6.29 0.502  00  +1T102M000  1.000
