   confID        vdw0    sas     sum
LYS01A0133_001   3.280 -12.061  -8.781
LYS01A0133_002   3.039 -12.933  -9.893
LYS01A0133_003   2.404 -12.849 -10.445
LYS01A0133_004   2.255 -12.708 -10.452
LYS01A0133_005   1.244 -13.085 -11.841
LYS01A0133_006   3.274 -12.326  -9.051
LYS01A0133_007   2.308 -12.368 -10.060
LYS01A0133_008   2.370 -12.320  -9.951
LYS01A0133_009   2.070 -12.524 -10.454
LYS01A0133_010   1.452 -12.339 -10.887
LYS01A0133_011   1.675 -12.322 -10.647
LYS01A0133_012   2.076 -12.634 -10.559
LYS01A0133_013   2.165 -12.539 -10.373
LYS01A0133_014   2.055 -12.158 -10.103
LYS01A0133_015   1.001 -12.975 -11.974
LYS01A0133_016   1.118 -12.585 -11.468
LYS01A0133_017   3.473 -12.556  -9.084
LYS01A0133_018   3.259 -13.159  -9.899
LYS01A0133_019   2.042 -12.061 -10.019
LYS01A0133_020   2.057 -12.238 -10.181
LYS+1A0133_021   3.229 -12.061  -8.831
LYS+1A0133_022   3.069 -12.894  -9.825
LYS+1A0133_023   2.360 -12.769 -10.408
LYS+1A0133_024   1.069 -12.585 -11.516
LYS+1A0133_025   3.391 -12.556  -9.165
LYS+1A0133_026   2.289 -12.419 -10.130
LYS+1A0133_027   3.246 -12.905  -9.658
LYS+1A0133_028   2.326 -12.436 -10.111
LYS+1A0133_029   1.958 -12.061 -10.103
LYS+1A0133_030   1.612 -12.254 -10.642
LYS+1A0133_031   2.030 -12.502 -10.473
LYS+1A0133_032   2.111 -12.555 -10.443
LYS+1A0133_033   1.967 -12.158 -10.191
LYS+1A0133_034   2.229 -12.708 -10.479
LYS+1A0133_035   1.195 -13.085 -11.889
LYS+1A0133_036   0.954 -12.975 -12.021
LYS+1A0133_037   3.204 -12.326  -9.121
LYS+1A0133_038   2.058 -12.511 -10.453
LYS+1A0133_039   2.019 -12.238 -10.219
LYS+1A0133_040   1.350 -12.339 -10.988
