iConf CONFORMER     FL  occ    crg   Em0  pKa0 ne nH    vdw0    vdw1    tors    epol   dsolv   extra    history
00001 TYR01A0093_001 f 0.00  0.000     0  0.00  0  0 -10.117   0.414   0.169   0.045  -0.376   0.000 01O000M000t
00002 TYR01A0093_002 f 0.00  0.000     0  0.00  0  0 -10.648   0.356   0.157  -0.017  -0.371   0.000 01E004M000t
00003 TYR01A0093_003 f 0.00  0.000     0  0.00  0  0 -11.019   4.384   0.125   0.036  -0.377   0.000 01E007M000t
00004 TYR01A0093_004 f 0.00  0.000     0  0.00  0  0 -10.117   0.414   0.169   0.049  -0.375   0.000 01O000M000t
00005 TYR01A0093_005 f 0.00  0.000     0  0.00  0  0 -10.700   3.376   2.619   0.052  -0.368   0.000 01T001M000t
00006 TYR01A0093_006 f 0.00  0.000     0  0.00  0  0 -10.632   1.537   0.138   0.048  -0.339   0.000 01T006M000t
00007 TYR01A0093_007 f 0.00  0.000     0  0.00  0  0 -10.860   1.328   2.620   0.036  -0.373   0.000 01T005M000t
00008 TYR01A0093_008 f 0.00  0.000     0  0.00  0  0 -10.331   3.233   0.167   0.110  -0.366   0.000 01T002M000t
00009 TYR01A0093_009 f 0.00  0.000     0  0.00  0  0 -10.845   6.272   2.620   0.072  -0.366   0.000 01T003M000t
00010 TYR01A0093_010 f 0.00  0.000     0  0.00  0  0 -10.912   2.549   2.613   0.049  -0.395   0.000 01T008M000t
00011 TYR-1A0093_011 f 0.00 -1.000     0 10.20  0 -1 -10.117   0.414   0.169  -0.038  -3.035   0.000 -1O000M000t
00012 TYR-1A0093_012 f 0.00 -1.000     0 10.20  0 -1 -10.856   1.326   2.616  -0.069  -3.038   0.000 -1E005M000t
00013 TYR-1A0093_013 f 0.00 -1.000     0 10.20  0 -1 -10.573   1.469   0.133  -0.034  -3.024   0.000 -1E006M000t
00014 TYR-1A0093_014 f 0.00 -1.000     0 10.20  0 -1 -11.010   4.394   0.117  -0.100  -3.033   0.000 -1E007M000t
00015 TYR-1A0093_015 f 0.00 -1.000     0 10.20  0 -1 -11.112   2.613   2.607  -0.058  -3.034   0.000 -1E008M000t
00016 TYR-1A0093_016 f 0.00 -1.000     0 10.20  0 -1 -10.704   3.380   2.614   0.016  -3.023   0.000 -1T001M000t
00017 TYR-1A0093_017 f 0.00 -1.000     0 10.20  0 -1 -10.330   3.240   0.168   0.195  -3.009   0.000 -1T002M000t
00018 TYR-1A0093_018 f 0.00 -1.000     0 10.20  0 -1 -10.830   6.275   2.618   0.059  -2.988   0.000 -1T003M000t
00019 TYR-1A0093_019 f 0.00 -1.000     0 10.20  0 -1 -10.574   0.351   0.154  -0.133  -3.014   0.000 -1T004M000t
