   confID        vdw0    sas     sum
TYR01A0093_001   3.866 -13.983 -10.117
TYR01A0093_002   3.865 -14.513 -10.648
TYR01A0093_003   3.524 -14.543 -11.019
TYR01A0093_004   3.866 -13.983 -10.117
TYR01A0093_005   3.890 -14.590 -10.700
TYR01A0093_006   3.741 -14.372 -10.632
TYR01A0093_007   3.863 -14.722 -10.860
TYR01A0093_008   3.900 -14.230 -10.331
TYR01A0093_009   3.892 -14.737 -10.845
TYR01A0093_010   3.739 -14.651 -10.912
TYR-1A0093_011   3.866 -13.983 -10.117
TYR-1A0093_012   3.866 -14.722 -10.856
TYR-1A0093_013   3.749 -14.322 -10.573
TYR-1A0093_014   3.533 -14.543 -11.010
TYR-1A0093_015   3.742 -14.854 -11.112
TYR-1A0093_016   3.886 -14.590 -10.704
TYR-1A0093_017   3.900 -14.230 -10.330
TYR-1A0093_018   3.907 -14.737 -10.830
TYR-1A0093_019   3.871 -14.445 -10.574
