iConf CONFORMER     FL  occ    crg   Em0  pKa0 ne nH    vdw0    vdw1    tors    epol   dsolv   extra    history
00001 LYS01A0116_001 f 0.00  0.000     0  0.00  0  0 -11.980   0.742   3.590  -0.010  -0.936   0.000 01O000M000t
00002 LYS01A0116_002 f 0.00  0.000     0  0.00  0  0 -10.337  -0.353   3.241  -0.028  -0.938   0.000 01E0A0M000t
00003 LYS01A0116_003 f 0.00  0.000     0  0.00  0  0 -11.982   3.344   3.401  -0.020  -0.939   0.000 01E0B8M000t
00004 LYS01A0116_004 f 0.00  0.000     0  0.00  0  0 -10.812   0.010   3.655  -0.011  -0.860   0.000 01E180M000t
00005 LYS01A0116_005 f 0.00  0.000     0  0.00  0  0 -12.086   0.297   3.360  -0.006  -0.998   0.000 01T003M000t
00006 LYS01A0116_006 f 0.00  0.000     0  0.00  0  0 -11.736   0.640   2.639  -0.011  -0.970   0.000 01T017M000t
00007 LYS01A0116_007 f 0.00  0.000     0  0.00  0  0 -10.209   0.495   3.591  -0.012  -1.057   0.000 01T064M000t
00008 LYS01A0116_008 f 0.00  0.000     0  0.00  0  0 -11.802   3.186   3.514  -0.017  -1.038   0.000 01T09AM000t
00009 LYS01A0116_009 f 0.00  0.000     0  0.00  0  0 -10.788   0.411   3.934  -0.011  -0.930   0.000 01T0BBM000t
00010 LYS01A0116_010 f 0.00  0.000     0  0.00  0  0  -6.564   0.543   1.805  -0.014  -0.969   0.000 01T0D7M000t
00011 LYS01A0116_011 f 0.00  0.000     0  0.00  0  0 -11.200   0.501   2.134  -0.013  -0.962   0.000 01T0DDM000t
00012 LYS01A0116_012 f 0.00  0.000     0  0.00  0  0 -10.685   1.301   3.017  -0.015  -0.951   0.000 01T0EBM000t
00013 LYS01A0116_013 f 0.00  0.000     0  0.00  0  0 -12.318  -0.069   2.302  -0.009  -0.882   0.000 01T0F3M000t
00014 LYS01A0116_014 f 0.00  0.000     0  0.00  0  0 -11.059   0.159   3.522  -0.017  -0.983   0.000 01T111M000t
00015 LYS01A0116_015 f 0.00  0.000     0  0.00  0  0 -10.342   1.892   3.150   0.013  -0.886   0.000 01T137M000t
00016 LYS01A0116_016 f 0.00  0.000     0  0.00  0  0 -11.672   0.466   2.477  -0.007  -0.988   0.000 01T13FM000t
00017 LYS01A0116_017 f 0.00  0.000     0  0.00  0  0 -12.042   6.295   3.673  -0.012  -1.007   0.000 01T16AM000t
00018 LYS01A0116_018 f 0.00  0.000     0  0.00  0  0 -10.376   0.257   2.330  -0.018  -0.873   0.000 01T18FM000t
00019 LYS01A0116_019 f 0.00  0.000     0  0.00  0  0 -12.155  -0.123   2.505  -0.007  -0.973   0.000 01T19DM000t
00020 LYS01A0116_020 f 0.00  0.000     0  0.00  0  0 -11.254   1.252   2.351  -0.026  -0.932   0.000 01T207M000t
00021 LYS+1A0116_021 f 0.00  1.000     0 10.40  0  1 -12.025   0.741   3.590   0.059 -13.131   0.000 +1O000M000t
00022 LYS+1A0116_022 f 0.00  1.000     0 10.40  0  1 -12.062   0.302   3.444   0.038 -12.960   0.000 +1E003M000t
00023 LYS+1A0116_023 f 0.00  1.000     0 10.40  0  1 -11.861   3.237   3.586   0.015 -13.020   0.000 +1E09AM000t
00024 LYS+1A0116_024 f 0.00  1.000     0 10.40  0  1 -10.538  -0.357   3.324   0.040 -12.798   0.000 +1E0A0M000t
00025 LYS+1A0116_025 f 0.00  1.000     0 10.40  0  1 -10.990   0.413   4.035   0.048 -12.844   0.000 +1E0BBM000t
00026 LYS+1A0116_026 f 0.00  1.000     0 10.40  0  1  -6.445   0.567   1.859   0.074 -12.932   0.000 +1E0D7M000t
00027 LYS+1A0116_027 f 0.00  1.000     0 10.40  0  1 -12.082   6.323   3.711   0.083 -12.958   0.000 +1E16AM000t
00028 LYS+1A0116_028 f 0.00  1.000     0 10.40  0  1 -10.158   0.231   2.417   0.083 -12.827   0.000 +1E18FM000t
00029 LYS+1A0116_029 f 0.00  1.000     0 10.40  0  1 -11.345   1.231   2.405   0.095 -12.693   0.000 +1E207M000t
00030 LYS+1A0116_030 f 0.00  1.000     0 10.40  0  1 -11.776   0.636   2.705   0.054 -12.979   0.000 +1T017M000t
00031 LYS+1A0116_031 f 0.00  1.000     0 10.40  0  1 -10.372   0.501   3.639   0.077 -13.069   0.000 +1T064M000t
00032 LYS+1A0116_032 f 0.00  1.000     0 10.40  0  1 -11.945   3.370   3.480   0.083 -12.873   0.000 +1T0B8M000t
00033 LYS+1A0116_033 f 0.00  1.000     0 10.40  0  1 -11.314   0.485   2.182   0.090 -12.930   0.000 +1T0DDM000t
00034 LYS+1A0116_034 f 0.00  1.000     0 10.40  0  1 -10.405   1.305   3.103   0.082 -12.903   0.000 +1T0EBM000t
00035 LYS+1A0116_035 f 0.00  1.000     0 10.40  0  1 -12.240  -0.066   2.458   0.028 -12.891   0.000 +1T0F3M000t
00036 LYS+1A0116_036 f 0.00  1.000     0 10.40  0  1 -11.382   0.157   3.613   0.110 -12.685   0.000 +1T111M000t
00037 LYS+1A0116_037 f 0.00  1.000     0 10.40  0  1 -10.385   1.900   3.222   0.169 -12.526   0.000 +1T137M000t
00038 LYS+1A0116_038 f 0.00  1.000     0 10.40  0  1 -11.742   0.463   2.501   0.097 -12.753   0.000 +1T13FM000t
00039 LYS+1A0116_039 f 0.00  1.000     0 10.40  0  1 -10.830   0.004   3.719   0.063 -12.832   0.000 +1T180M000t
00040 LYS+1A0116_040 f 0.00  1.000     0 10.40  0  1 -12.293  -0.123   2.527   0.011 -13.144   0.000 +1T19DM000t
