CONFORMER         crg  vdw0  vdw1  tors  epol  self   occ  Hb     history    ASA
LYS01A0116_001  0.000-11.98  0.69  3.59  0.00 -7.70 0.501  00  01O000M000  1.000
LYS01A0116_002  0.000-10.34 -0.35  3.24  0.00 -7.45 0.501  00  01E0A0M000  1.000
LYS01A0116_003  0.000-11.98  3.34  3.40  0.00 -5.24 0.501  00  01E0B8M000  1.000
LYS01A0116_004  0.000-10.88  0.01  3.65  0.00 -7.22 0.501  00  01E180M000  1.000
LYS01A0116_005  0.000-12.09  0.25  3.36  0.00 -8.48 0.501  00  01T003M000  1.000
LYS01A0116_006  0.000-11.74  0.59  2.64  0.00 -8.50 0.501  00  01T017M000  1.000
LYS01A0116_007  0.000-10.21  0.49  3.59  0.00 -6.13 0.501  00  01T064M000  1.000
LYS01A0116_008  0.000-11.80  3.19  3.51  0.00 -5.10 0.500  00  01T09AM000  1.000
LYS01A0116_009  0.000-10.79  0.41  3.93  0.00 -6.44 0.500  00  01T0BBM000  1.000
LYS01A0116_010  0.000 -6.57  0.49  1.81  0.00 -4.27 0.501  00  01T0D7M000  1.000
LYS01A0116_011  0.000-11.20  0.45  2.13  0.00 -8.61 0.501  00  01T0DDM000  1.000
LYS01A0116_012  0.000-10.68  1.25  3.02  0.00 -6.41 0.501  00  01T0EBM000  1.000
LYS01A0116_013  0.000-12.32 -0.12  2.30  0.00-10.14 0.501  00  01T0F3M000  1.000
LYS01A0116_014  0.000-11.10  0.11  3.52  0.00 -7.47 0.501  00  01T111M000  1.000
LYS01A0116_015  0.000-10.35  1.84  3.15  0.00 -5.35 0.501  00  01T137M000  1.000
LYS01A0116_016  0.000-11.67  0.47  2.48  0.00 -8.73 0.501  00  01T13FM000  1.000
LYS01A0116_017  0.000-12.04  6.29  3.67  0.00 -2.08 0.502  00  01T16AM000  1.000
LYS01A0116_018  0.000-10.38  0.26  2.33  0.00 -7.79 0.501  00  01T18FM000  1.000
LYS01A0116_019  0.000-12.15 -0.12  2.50  0.00 -9.77 0.501  00  01T19DM000  1.000
LYS01A0116_020  0.000-11.25  1.25  2.35  0.00 -7.65 0.501  00  01T207M000  1.000
LYS+1A0116_021  1.000-12.03  0.69  3.59  0.00 -7.74 0.501  00  +1O000M000  1.000
LYS+1A0116_022  1.000-12.06  0.25  3.44  0.00 -8.37 0.501  00  +1E003M000  1.000
LYS+1A0116_023  1.000-11.86  3.24  3.59  0.00 -5.04 0.500  00  +1E09AM000  1.000
LYS+1A0116_024  1.000-10.50 -0.36  3.32  0.00 -7.53 0.501  00  +1E0A0M000  1.000
LYS+1A0116_025  1.000-10.99  0.41  4.03  0.00 -6.54 0.500  00  +1E0BBM000  1.000
LYS+1A0116_026  1.000 -6.45  0.52  1.86  0.00 -4.07 0.501  00  +1E0D7M000  1.000
LYS+1A0116_027  1.000-12.08  6.33  3.71  0.00 -2.04 0.502  00  +1E16AM000  1.000
LYS+1A0116_028  1.000-10.15  0.23  2.41  0.00 -7.50 0.501  00  +1E18FM000  1.000
LYS+1A0116_029  1.000-11.35  1.23  2.40  0.00 -7.72 0.501  00  +1E207M000  1.000
LYS+1A0116_030  1.000-11.77  0.59  2.70  0.00 -8.48 0.501  00  +1T017M000  1.000
LYS+1A0116_031  1.000-10.37  0.50  3.64  0.00 -6.23 0.501  00  +1T064M000  1.000
LYS+1A0116_032  1.000-11.94  3.37  3.48  0.00 -5.09 0.501  00  +1T0B8M000  1.000
LYS+1A0116_033  1.000-11.32  0.44  2.18  0.00 -8.70 0.501  00  +1T0DDM000  1.000
LYS+1A0116_034  1.000-10.40  1.25  3.10  0.00 -6.05 0.501  00  +1T0EBM000  1.000
LYS+1A0116_035  1.000-12.24 -0.12  2.45  0.00 -9.90 0.501  00  +1T0F3M000  1.000
LYS+1A0116_036  1.000-11.38  0.10  3.61  0.00 -7.66 0.501  00  +1T111M000  1.000
LYS+1A0116_037  1.000-10.35  1.85  3.22  0.00 -5.27 0.501  00  +1T137M000  1.000
LYS+1A0116_038  1.000-11.74  0.46  2.50  0.00 -8.78 0.501  00  +1T13FM000  1.000
LYS+1A0116_039  1.000-10.83  0.00  3.72  0.00 -7.11 0.501  00  +1T180M000  1.000
LYS+1A0116_040  1.000-12.29 -0.12  2.53  0.00 -9.89 0.501  00  +1T19DM000  1.000
