   confID        vdw0    sas     sum
LYS01A0116_001   0.985 -12.965 -11.980
LYS01A0116_002   1.966 -12.303 -10.337
LYS01A0116_003   0.903 -12.885 -11.982
LYS01A0116_004   1.791 -12.602 -10.812
LYS01A0116_005   0.776 -12.862 -12.086
LYS01A0116_006   0.930 -12.666 -11.736
LYS01A0116_007   2.303 -12.511 -10.209
LYS01A0116_008   0.770 -12.572 -11.802
LYS01A0116_009   1.808 -12.596 -10.788
LYS01A0116_010   5.693 -12.257  -6.564
LYS01A0116_011   0.772 -11.972 -11.200
LYS01A0116_012   2.100 -12.784 -10.685
LYS01A0116_013   0.345 -12.663 -12.318
LYS01A0116_014   1.033 -12.092 -11.059
LYS01A0116_015   2.159 -12.500 -10.342
LYS01A0116_016   0.956 -12.628 -11.672
LYS01A0116_017   0.716 -12.759 -12.042
LYS01A0116_018   2.435 -12.812 -10.376
LYS01A0116_019   0.749 -12.904 -12.155
LYS01A0116_020   1.278 -12.532 -11.254
LYS+1A0116_021   0.940 -12.965 -12.025
LYS+1A0116_022   0.755 -12.817 -12.062
LYS+1A0116_023   0.728 -12.588 -11.861
LYS+1A0116_024   1.880 -12.419 -10.538
LYS+1A0116_025   1.703 -12.693 -10.990
LYS+1A0116_026   5.850 -12.295  -6.445
LYS+1A0116_027   0.677 -12.759 -12.082
LYS+1A0116_028   2.538 -12.696 -10.158
LYS+1A0116_029   1.225 -12.571 -11.345
LYS+1A0116_030   0.893 -12.669 -11.776
LYS+1A0116_031   2.153 -12.524 -10.372
LYS+1A0116_032   0.824 -12.769 -11.945
LYS+1A0116_033   0.722 -12.036 -11.314
LYS+1A0116_034   2.241 -12.646 -10.405
LYS+1A0116_035   0.282 -12.521 -12.240
LYS+1A0116_036   0.851 -12.233 -11.382
LYS+1A0116_037   2.154 -12.539 -10.385
LYS+1A0116_038   0.886 -12.628 -11.742
LYS+1A0116_039   1.704 -12.534 -10.830
LYS+1A0116_040   0.714 -13.007 -12.293
