CONFORMER         crg  vdw0  vdw1  tors  epol  self   occ  Hb     history    ASA
HIS01A0121_001  0.000-11.61  0.91  0.02  0.00-10.69 0.521  00  01O000M000  1.000
HIS01A0121_002  0.000-12.00  0.96  0.02  0.00-11.03 0.520  00  01R001M000  1.000
HIS01A0121_003  0.000-11.92  2.66  0.01  0.00 -9.25 0.519  00  01E005M000  1.000
HIS01A0121_004  0.000-11.80  3.07  0.01  0.00 -8.73 0.521  00  01E00DM000  1.000
HIS01A0121_005  0.000-11.64  1.88  2.77  0.00 -6.99 0.520  00  01E015M000  1.000
HIS01A0121_006  0.000-11.18  1.88  2.77  0.00 -6.53 0.522  00  01E016M000  1.000
HIS01A0121_007  0.000-12.08  3.05  2.74  0.00 -6.28 0.522  00  01E017M000  1.000
HIS01A0121_008  0.000-11.47  5.43  2.77  0.00 -3.27 0.520  00  01T002M000  1.000
HIS01A0121_009  0.000-12.10  1.26  0.02  0.00-10.82 0.516  00  01T006M000  1.000
HIS01A0121_010  0.000-12.43  1.77  0.00  0.00-10.66 0.520  00  01T008M000  1.000
HIS01A0121_011  0.000-11.65  0.90  0.02  0.00-10.74 0.517  00  01T009M000  1.000
HIS01A0121_012  0.000-11.43  4.31  2.77  0.00 -4.35 0.521  00  01T00AM000  1.000
HIS01A0121_013  0.000-11.47  1.50  0.01  0.00 -9.96 0.518  00  01T00FM000  1.000
HIS01A0121_014  0.000-11.83  0.76  0.02  0.00-11.05 0.520  00  01T011M000  1.000
HIS01A0121_015  0.000-11.95  4.64  0.01  0.00 -7.29 0.520  00  01T012M000  1.000
HIS01A0121_016  0.000-11.49  4.38  0.01  0.00 -7.10 0.520  00  01T013M000  1.000
HIS01A0121_017  0.000-11.83  3.94  2.71  0.00 -5.18 0.520  00  01T014M000  1.000
HIS01A0121_018  0.000-11.49  1.80  2.77  0.00 -6.92 0.519  00  01T018M000  1.000
HIS02A0121_019  0.000-11.63  0.87  0.02  0.00-10.74 0.521  00  02O000M000  1.000
HIS02A0121_020  0.000-12.02  0.95  0.02  0.00-11.05 0.520  00  02R001M000  1.000
HIS02A0121_021  0.000-12.00  2.54  0.01  0.00 -9.44 0.519  00  02E005M000  1.000
HIS02A0121_022  0.000-12.45  1.77  0.00  0.00-10.68 0.520  00  02E008M000  1.000
HIS02A0121_023  0.000-11.68  3.00  0.01  0.00 -8.67 0.521  00  02E00DM000  1.000
HIS02A0121_024  0.000-11.86  4.57  0.01  0.00 -7.28 0.520  00  02E012M000  1.000
HIS02A0121_025  0.000-12.09  3.88  2.71  0.00 -5.50 0.520  00  02E014M000  1.000
HIS02A0121_026  0.000-12.12  3.11  2.75  0.00 -6.26 0.522  00  02E017M000  1.000
HIS02A0121_027  0.000-11.51  1.77  2.77  0.00 -6.97 0.519  00  02E018M000  1.000
HIS02A0121_028  0.000-11.59  5.54  2.77  0.00 -3.27 0.520  00  02T002M000  1.000
HIS02A0121_029  0.000-12.19  1.23  0.02  0.00-10.94 0.516  00  02T006M000  1.000
HIS02A0121_030  0.000-11.67  0.88  0.02  0.00-10.77 0.517  00  02T009M000  1.000
HIS02A0121_031  0.000-11.84  4.94  2.78  0.00 -4.12 0.522  00  02T00BM000  1.000
HIS02A0121_032  0.000-11.47  1.47  0.01  0.00 -9.99 0.518  00  02T00FM000  1.000
HIS02A0121_033  0.000-11.91  0.75  0.02  0.00-11.15 0.520  00  02T011M000  1.000
HIS02A0121_034  0.000-11.45  4.39  0.01  0.00 -7.05 0.520  00  02T013M000  1.000
HIS02A0121_035  0.000-11.54  1.84  2.77  0.00 -6.92 0.520  00  02T015M000  1.000
HIS02A0121_036  0.000-11.04  1.87  2.77  0.00 -6.40 0.522  00  02T016M000  1.000
HIS+1A0121_037  1.000-11.66  0.86  0.02  0.00-10.77 0.521  00  +1O000M000  1.000
HIS+1A0121_038  1.000-12.23  2.54  0.01  0.00 -9.68 0.519  00  +1E005M000  1.000
HIS+1A0121_039  1.000-11.59  4.38  2.77  0.00 -4.43 0.521  00  +1E00AM000  1.000
HIS+1A0121_040  1.000-11.70  3.00  0.01  0.00 -8.70 0.521  00  +1E00DM000  1.000
HIS+1A0121_041  1.000-11.83  0.75  0.02  0.00-11.06 0.520  00  +1E011M000  1.000
HIS+1A0121_042  1.000-11.48  4.46  0.01  0.00 -7.00 0.520  00  +1E013M000  1.000
HIS+1A0121_043  1.000-11.50  1.84  2.77  0.00 -6.88 0.520  00  +1E015M000  1.000
HIS+1A0121_044  1.000-12.14  3.10  2.75  0.00 -6.29 0.522  00  +1E017M000  1.000
HIS+1A0121_045  1.000-11.61  5.55  2.78  0.00 -3.29 0.520  00  +1T002M000  1.000
HIS+1A0121_046  1.000-12.21  1.22  0.02  0.00-10.98 0.516  00  +1T006M000  1.000
HIS+1A0121_047  1.000-11.66  0.70  0.02  0.00-10.94 0.519  00  +1T007M000  1.000
HIS+1A0121_048  1.000-12.48  1.76  0.00  0.00-10.72 0.520  00  +1T008M000  1.000
HIS+1A0121_049  1.000-11.70  0.88  0.02  0.00-10.80 0.517  00  +1T009M000  1.000
HIS+1A0121_050  1.000-11.52  1.48  0.01  0.00-10.02 0.518  00  +1T00FM000  1.000
HIS+1A0121_051  1.000-11.99  4.65  0.01  0.00 -7.33 0.520  00  +1T012M000  1.000
HIS+1A0121_052  1.000-11.93  3.88  2.71  0.00 -5.34 0.520  00  +1T014M000  1.000
HIS+1A0121_053  1.000-11.07  1.87  2.77  0.00 -6.42 0.522  00  +1T016M000  1.000
HIS+1A0121_054  1.000-11.54  1.78  2.77  0.00 -6.99 0.519  00  +1T018M000  1.000
