iConf CONFORMER     FL  occ    crg   Em0  pKa0 ne nH    vdw0    vdw1    tors    epol   dsolv   extra    history
00001 HIS01A0121_001 f 0.00  0.000     0  0.00  0  0 -11.613   0.950   0.020   0.086  -1.223   0.000 01O000M000t
00002 HIS01A0121_002 f 0.00  0.000     0  0.00  0  0 -12.004   1.000   0.020   0.122  -1.353   0.000 01R001M000t
00003 HIS01A0121_003 f 0.00  0.000     0  0.00  0  0 -11.920   2.757   0.013   0.001  -1.273   0.000 01E005M000t
00004 HIS01A0121_004 f 0.00  0.000     0  0.00  0  0 -11.799   3.120   0.006   0.031  -1.192   0.000 01E00DM000t
00005 HIS01A0121_005 f 0.00  0.000     0  0.00  0  0 -11.592   1.875   2.775   0.075  -1.250   0.000 01E015M000t
00006 HIS01A0121_006 f 0.00  0.000     0  0.00  0  0 -11.183   1.880   2.773   0.104  -1.261   0.000 01E016M000t
00007 HIS01A0121_007 f 0.00  0.000     0  0.00  0  0 -12.079   3.121   2.745   0.166  -1.268   0.000 01E017M000t
00008 HIS01A0121_008 f 0.00  0.000     0  0.00  0  0 -11.472   5.433   2.773  -0.017  -1.203   0.000 01T002M000t
00009 HIS01A0121_009 f 0.00  0.000     0  0.00  0  0 -12.102   1.304   0.019   0.028  -1.205   0.000 01T006M000t
00010 HIS01A0121_010 f 0.00  0.000     0  0.00  0  0 -12.431   1.877   0.003   0.175  -1.279   0.000 01T008M000t
00011 HIS01A0121_011 f 0.00  0.000     0  0.00  0  0 -11.653   0.939   0.018   0.153  -1.282   0.000 01T009M000t
00012 HIS01A0121_012 f 0.00  0.000     0  0.00  0  0 -11.428   4.313   2.774   0.117  -1.209   0.000 01T00AM000t
00013 HIS01A0121_013 f 0.00  0.000     0  0.00  0  0 -11.471   1.498   0.012   0.162  -1.235   0.000 01T00FM000t
00014 HIS01A0121_014 f 0.00  0.000     0  0.00  0  0 -11.827   0.763   0.018   0.088  -1.279   0.000 01T011M000t
00015 HIS01A0121_015 f 0.00  0.000     0  0.00  0  0 -11.945   4.693   0.010   0.195  -1.211   0.000 01T012M000t
00016 HIS01A0121_016 f 0.00  0.000     0  0.00  0  0 -11.485   4.437   0.011   0.276  -1.228   0.000 01T013M000t
00017 HIS01A0121_017 f 0.00  0.000     0  0.00  0  0 -11.830   3.992   2.710   0.081  -1.228   0.000 01T014M000t
00018 HIS01A0121_018 f 0.00  0.000     0  0.00  0  0 -11.490   1.796   2.775   0.187  -1.272   0.000 01T018M000t
00019 HIS02A0121_019 f 0.00  0.000     0  0.00  0  0 -11.628   0.909   0.020   0.080  -1.341   0.000 02O000M000t
00020 HIS02A0121_020 f 0.00  0.000     0  0.00  0  0 -12.018   0.994   0.020   0.074  -1.321   0.000 02R001M000t
00021 HIS02A0121_021 f 0.00  0.000     0  0.00  0  0 -11.997   2.632   0.013   0.192  -1.261   0.000 02E005M000t
00022 HIS02A0121_022 f 0.00  0.000     0  0.00  0  0 -12.450   1.881   0.003   0.128  -1.315   0.000 02E008M000t
00023 HIS02A0121_023 f 0.00  0.000     0  0.00  0  0 -11.677   3.046   0.007   0.195  -1.255   0.000 02E00DM000t
00024 HIS02A0121_024 f 0.00  0.000     0  0.00  0  0 -11.915   4.635   0.010   0.218  -1.266   0.000 02E012M000t
00025 HIS02A0121_025 f 0.00  0.000     0  0.00  0  0 -12.089   3.932   2.711   0.133  -1.310   0.000 02E014M000t
00026 HIS02A0121_026 f 0.00  0.000     0  0.00  0  0 -12.115   3.168   2.753   0.119  -1.290   0.000 02E017M000t
00027 HIS02A0121_027 f 0.00  0.000     0  0.00  0  0 -11.511   1.770   2.774   0.083  -1.308   0.000 02E018M000t
00028 HIS02A0121_028 f 0.00  0.000     0  0.00  0  0 -11.585   5.547   2.774   0.163  -1.242   0.000 02T002M000t
00029 HIS02A0121_029 f 0.00  0.000     0  0.00  0  0 -12.122   1.271   0.018   0.124  -1.262   0.000 02T006M000t
00030 HIS02A0121_030 f 0.00  0.000     0  0.00  0  0 -11.676   0.929   0.017   0.085  -1.319   0.000 02T009M000t
00031 HIS02A0121_031 f 0.00  0.000     0  0.00  0  0 -11.835   4.949   2.777   0.126  -1.307   0.000 02T00BM000t
00032 HIS02A0121_032 f 0.00  0.000     0  0.00  0  0 -11.472   1.468   0.010   0.057  -1.285   0.000 02T00FM000t
00033 HIS02A0121_033 f 0.00  0.000     0  0.00  0  0 -11.912   0.752   0.017   0.094  -1.365   0.000 02T011M000t
00034 HIS02A0121_034 f 0.00  0.000     0  0.00  0  0 -11.448   4.457   0.010   0.220  -1.290   0.000 02T013M000t
00035 HIS02A0121_035 f 0.00  0.000     0  0.00  0  0 -11.541   1.840   2.774   0.103  -1.307   0.000 02T015M000t
00036 HIS02A0121_036 f 0.00  0.000     0  0.00  0  0 -11.041   1.880   2.772   0.096  -1.365   0.000 02T016M000t
00037 HIS+1A0121_037 f 0.00  1.000     0  6.98  0  1 -11.655   0.907   0.020   0.227  -6.002   0.000 +1O000M000t
00038 HIS+1A0121_038 f 0.00  1.000     0  6.98  0  1 -12.091   2.629   0.014   0.363  -5.873   0.000 +1E005M000t
00039 HIS+1A0121_039 f 0.00  1.000     0  6.98  0  1 -11.588   4.392   2.773   0.214  -5.995   0.000 +1E00AM000t
00040 HIS+1A0121_040 f 0.00  1.000     0  6.98  0  1 -11.704   3.052   0.008   0.339  -5.812   0.000 +1E00DM000t
00041 HIS+1A0121_041 f 0.00  1.000     0  6.98  0  1 -11.827   0.751   0.018   0.197  -5.949   0.000 +1E011M000t
00042 HIS+1A0121_042 f 0.00  1.000     0  6.98  0  1 -11.478   4.521   0.012   0.072  -6.039   0.000 +1E013M000t
00043 HIS+1A0121_043 f 0.00  1.000     0  6.98  0  1 -11.500   1.843   2.774   0.181  -5.985   0.000 +1E015M000t
00044 HIS+1A0121_044 f 0.00  1.000     0  6.98  0  1 -12.142   3.173   2.753   0.211  -6.027   0.000 +1E017M000t
00045 HIS+1A0121_045 f 0.00  1.000     0  6.98  0  1 -11.611   5.544   2.775   0.309  -5.966   0.000 +1T002M000t
00046 HIS+1A0121_046 f 0.00  1.000     0  6.98  0  1 -12.215   1.268   0.019   0.298  -5.924   0.000 +1T006M000t
00047 HIS+1A0121_047 f 0.00  1.000     0  6.98  0  1 -11.659   0.744   0.016   0.232  -6.017   0.000 +1T007M000t
00048 HIS+1A0121_048 f 0.00  1.000     0  6.98  0  1 -12.477   1.863   0.004   0.294  -5.992   0.000 +1T008M000t
00049 HIS+1A0121_049 f 0.00  1.000     0  6.98  0  1 -11.699   0.923   0.018   0.253  -6.072   0.000 +1T009M000t
00050 HIS+1A0121_050 f 0.00  1.000     0  6.98  0  1 -11.570   1.487   0.012   0.153  -5.964   0.000 +1T00FM000t
00051 HIS+1A0121_051 f 0.00  1.000     0  6.98  0  1 -11.921   4.713   0.011   0.051  -6.020   0.000 +1T012M000t
00052 HIS+1A0121_052 f 0.00  1.000     0  6.98  0  1 -11.934   3.939   2.711   0.214  -5.978   0.000 +1T014M000t
00053 HIS+1A0121_053 f 0.00  1.000     0  6.98  0  1 -11.069   1.876   2.774   0.182  -6.005   0.000 +1T016M000t
00054 HIS+1A0121_054 f 0.00  1.000     0  6.98  0  1 -11.537   1.775   2.775   0.142  -5.978   0.000 +1T018M000t
