   confID        vdw0    sas     sum
HIS01A0121_001  -0.243 -11.370 -11.613
HIS01A0121_002  -0.218 -11.786 -12.004
HIS01A0121_003  -0.345 -11.574 -11.920
HIS01A0121_004  -0.344 -11.455 -11.799
HIS01A0121_005  -0.207 -11.385 -11.592
HIS01A0121_006  -0.115 -11.068 -11.183
HIS01A0121_007  -0.269 -11.809 -12.079
HIS01A0121_008  -0.228 -11.244 -11.472
HIS01A0121_009  -0.202 -11.900 -12.102
HIS01A0121_010  -0.269 -12.162 -12.431
HIS01A0121_011  -0.096 -11.558 -11.653
HIS01A0121_012  -0.195 -11.233 -11.428
HIS01A0121_013  -0.114 -11.357 -11.471
HIS01A0121_014  -0.095 -11.732 -11.827
HIS01A0121_015  -0.210 -11.736 -11.945
HIS01A0121_016  -0.094 -11.390 -11.485
HIS01A0121_017  -0.346 -11.484 -11.830
HIS01A0121_018  -0.096 -11.394 -11.490
HIS02A0121_019  -0.258 -11.370 -11.628
HIS02A0121_020  -0.232 -11.786 -12.018
HIS02A0121_021  -0.358 -11.638 -11.997
HIS02A0121_022  -0.288 -12.162 -12.450
HIS02A0121_023  -0.357 -11.320 -11.677
HIS02A0121_024  -0.226 -11.689 -11.915
HIS02A0121_025  -0.359 -11.731 -12.089
HIS02A0121_026  -0.290 -11.825 -12.115
HIS02A0121_027  -0.116 -11.394 -11.511
HIS02A0121_028  -0.246 -11.339 -11.585
HIS02A0121_029  -0.222 -11.900 -12.122
HIS02A0121_030  -0.118 -11.558 -11.676
HIS02A0121_031  -0.133 -11.702 -11.835
HIS02A0121_032  -0.135 -11.337 -11.472
HIS02A0121_033  -0.116 -11.796 -11.912
HIS02A0121_034  -0.115 -11.333 -11.448
HIS02A0121_035  -0.223 -11.318 -11.541
HIS02A0121_036  -0.136 -10.905 -11.041
HIS+1A0121_037  -0.285 -11.370 -11.655
HIS+1A0121_038  -0.385 -11.706 -12.091
HIS+1A0121_039  -0.242 -11.346 -11.588
HIS+1A0121_040  -0.384 -11.320 -11.704
HIS+1A0121_041  -0.143 -11.683 -11.827
HIS+1A0121_042  -0.142 -11.336 -11.478
HIS+1A0121_043  -0.250 -11.250 -11.500
HIS+1A0121_044  -0.317 -11.825 -12.142
HIS+1A0121_045  -0.272 -11.339 -11.611
HIS+1A0121_046  -0.247 -11.968 -12.215
HIS+1A0121_047  -0.163 -11.497 -11.659
HIS+1A0121_048  -0.315 -12.162 -12.477
HIS+1A0121_049  -0.141 -11.558 -11.699
HIS+1A0121_050  -0.162 -11.409 -11.570
HIS+1A0121_051  -0.252 -11.668 -11.921
HIS+1A0121_052  -0.386 -11.548 -11.934
HIS+1A0121_053  -0.164 -10.905 -11.069
HIS+1A0121_054  -0.143 -11.394 -11.537
