iConf CONFORMER     FL  occ    crg   Em0  pKa0 ne nH    vdw0    vdw1    tors    epol   dsolv   extra    history
00001 LYS01A0097_001 f 0.00  0.000     0  0.00  0  0 -11.774   0.857   2.318   0.001  -0.417   0.000 01O000M000t
00002 LYS01A0097_002 f 0.00  0.000     0  0.00  0  0 -12.251   4.015   1.397  -0.014  -0.406   0.000 01E005M000t
00003 LYS01A0097_003 f 0.00  0.000     0  0.00  0  0 -10.250   0.719   1.996   0.028  -0.383   0.000 01E01FM000t
00004 LYS01A0097_004 f 0.00  0.000     0  0.00  0  0 -11.674   8.158   4.260   0.000  -0.405   0.000 01E038M000t
00005 LYS01A0097_005 f 0.00  0.000     0  0.00  0  0 -11.651   3.791   1.405   0.004  -0.410   0.000 01E03CM000t
00006 LYS01A0097_006 f 0.00  0.000     0  0.00  0  0 -11.715   1.521   1.326  -0.006  -0.444   0.000 01E040M000t
00007 LYS01A0097_007 f 0.00  0.000     0  0.00  0  0  -8.348   0.638   1.502  -0.017  -0.358   0.000 01E07FM000t
00008 LYS01A0097_008 f 0.00  0.000     0  0.00  0  0 -11.284   0.802   1.544  -0.005  -0.413   0.000 01E083M000t
00009 LYS01A0097_009 f 0.00  0.000     0  0.00  0  0 -10.816   3.521   1.666   0.001  -0.410   0.000 01E09CM000t
00010 LYS01A0097_010 f 0.00  0.000     0  0.00  0  0 -10.166   1.655   1.974  -0.004  -0.383   0.000 01E0A0M000t
00011 LYS01A0097_011 f 0.00  0.000     0  0.00  0  0 -10.360   1.269   2.620  -0.006  -0.430   0.000 01E0C8M000t
00012 LYS01A0097_012 f 0.00  0.000     0  0.00  0  0 -10.385   1.300   2.607  -0.006  -0.424   0.000 01E0DFM000t
00013 LYS01A0097_013 f 0.00  0.000     0  0.00  0  0 -10.386   1.628   2.637  -0.005  -0.426   0.000 01E0EFM000t
00014 LYS01A0097_014 f 0.00  0.000     0  0.00  0  0 -10.543   0.955   2.107  -0.009  -0.408   0.000 01E10FM000t
00015 LYS01A0097_015 f 0.00  0.000     0  0.00  0  0 -10.020   2.502   5.289  -0.006  -0.440   0.000 01E11CM000t
00016 LYS01A0097_016 f 0.00  0.000     0  0.00  0  0 -10.955   3.578   5.023  -0.020  -0.340   0.000 01E127M000t
00017 LYS01A0097_017 f 0.00  0.000     0  0.00  0  0 -13.205   4.224   1.297  -0.010  -0.435   0.000 01T050M000t
00018 LYS01A0097_018 f 0.00  0.000     0  0.00  0  0 -10.111   3.489   1.620  -0.005  -0.406   0.000 01T093M000t
00019 LYS01A0097_019 f 0.00  0.000     0  0.00  0  0 -10.993   2.130   2.163  -0.011  -0.374   0.000 01T101M000t
00020 LYS01A0097_020 f 0.00  0.000     0  0.00  0  0 -11.302   1.868   2.003  -0.009  -0.409   0.000 01T104M000t
00021 LYS+1A0097_021 f 0.00  1.000     0 10.40  0  1 -11.834   0.855   2.318   0.053  -5.859   0.000 +1O000M000t
00022 LYS+1A0097_022 f 0.00  1.000     0 10.40  0  1 -12.293   4.000   1.445   0.072  -5.817   0.000 +1E005M000t
00023 LYS+1A0097_023 f 0.00  1.000     0 10.40  0  1 -11.747   3.817   1.446  -0.024  -5.919   0.000 +1E03CM000t
00024 LYS+1A0097_024 f 0.00  1.000     0 10.40  0  1 -13.131   4.156   1.343   0.084  -5.929   0.000 +1E050M000t
00025 LYS+1A0097_025 f 0.00  1.000     0 10.40  0  1 -10.178   3.489   1.696   0.037  -5.925   0.000 +1E093M000t
00026 LYS+1A0097_026 f 0.00  1.000     0 10.40  0  1 -10.919   3.528   1.760  -0.059  -5.871   0.000 +1E09CM000t
00027 LYS+1A0097_027 f 0.00  1.000     0 10.40  0  1 -10.462   1.645   2.706  -0.039  -5.920   0.000 +1E0EFM000t
00028 LYS+1A0097_028 f 0.00  1.000     0 10.40  0  1 -11.348   1.874   2.037   0.077  -5.908   0.000 +1E104M000t
00029 LYS+1A0097_029 f 0.00  1.000     0 10.40  0  1 -10.590   0.957   2.169   0.021  -5.869   0.000 +1E10FM000t
00030 LYS+1A0097_030 f 0.00  1.000     0 10.40  0  1 -10.352   0.705   1.999   0.113  -5.770   0.000 +1T01FM000t
00031 LYS+1A0097_031 f 0.00  1.000     0 10.40  0  1 -11.709   8.210   4.291   0.009  -5.933   0.000 +1T038M000t
00032 LYS+1A0097_032 f 0.00  1.000     0 10.40  0  1 -11.791   1.547   1.392   0.025  -5.917   0.000 +1T040M000t
00033 LYS+1A0097_033 f 0.00  1.000     0 10.40  0  1  -8.886   0.633   1.590   0.038  -5.766   0.000 +1T07FM000t
00034 LYS+1A0097_034 f 0.00  1.000     0 10.40  0  1 -11.381   0.797   1.574   0.107  -5.776   0.000 +1T083M000t
00035 LYS+1A0097_035 f 0.00  1.000     0 10.40  0  1 -10.137   1.667   2.005   0.073  -5.758   0.000 +1T0A0M000t
00036 LYS+1A0097_036 f 0.00  1.000     0 10.40  0  1 -10.497   1.278   2.670   0.056  -5.969   0.000 +1T0C8M000t
00037 LYS+1A0097_037 f 0.00  1.000     0 10.40  0  1 -10.194   1.288   2.655  -0.012  -5.888   0.000 +1T0DFM000t
00038 LYS+1A0097_038 f 0.00  1.000     0 10.40  0  1 -10.937   2.138   2.231   0.118  -5.763   0.000 +1T101M000t
00039 LYS+1A0097_039 f 0.00  1.000     0 10.40  0  1 -10.065   2.502   5.309   0.046  -5.886   0.000 +1T11CM000t
00040 LYS+1A0097_040 f 0.00  1.000     0 10.40  0  1 -10.925   3.382   5.119   0.283  -5.564   0.000 +1T127M000t
