CONFORMER         crg  vdw0  vdw1  tors  epol  self   occ  Hb     history    ASA
LYS01A0097_001  0.000-11.78  0.75  2.32  0.00 -8.70 0.501  00  01O000M000  1.000
LYS01A0097_002  0.000-12.25  3.96  1.40  0.00 -6.89 0.502  00  01E005M000  1.000
LYS01A0097_003  0.000-10.25  0.62  2.00  0.00 -7.63 0.502  00  01E01FM000  1.000
LYS01A0097_004  0.000-11.67  8.10  4.26  0.00  0.69 0.501  00  01E038M000  1.000
LYS01A0097_005  0.000-11.65  3.73  1.40  0.00 -6.52 0.502  00  01E03CM000  1.000
LYS01A0097_006  0.000-11.78  1.40  1.32  0.00 -9.06 0.501  00  01E040M000  1.000
LYS01A0097_007  0.000 -8.34  0.53  1.50  0.00 -6.30 0.501  00  01E07FM000  1.000
LYS01A0097_008  0.000-11.29  0.70  1.54  0.00 -9.04 0.501  00  01E083M000  1.000
LYS01A0097_009  0.000-10.86  3.46  1.66  0.00 -5.73 0.502  00  01E09CM000  1.000
LYS01A0097_010  0.000-10.17  1.54  1.97  0.00 -6.65 0.501  00  01E0A0M000  1.000
LYS01A0097_011  0.000-10.36  1.22  2.62  0.00 -6.51 0.501  00  01E0C8M000  1.000
LYS01A0097_012  0.000-10.34  1.20  2.61  0.00 -6.53 0.502  00  01E0DFM000  1.000
LYS01A0097_013  0.000-10.38  1.56  2.64  0.00 -6.19 0.501  00  01E0EFM000  1.000
LYS01A0097_014  0.000-10.54  0.83  2.10  0.00 -7.60 0.502  00  01E10FM000  1.000
LYS01A0097_015  0.000-10.02  2.50  5.29  0.00 -2.23 0.501  00  01E11CM000  1.000
LYS01A0097_016  0.000-10.96  3.57  5.02  0.00 -2.36 0.502  00  01E127M000  1.000
LYS01A0097_017  0.000-13.20  4.17  1.30  0.00 -7.73 0.501  00  01T050M000  1.000
LYS01A0097_018  0.000-10.15  3.44  1.62  0.00 -5.09 0.502  00  01T093M000  1.000
LYS01A0097_019  0.000-10.99  2.07  2.16  0.00 -6.77 0.502  00  01T101M000  1.000
LYS01A0097_020  0.000-11.31  1.80  2.00  0.00 -7.50 0.502  00  01T104M000  1.000
LYS+1A0097_021  1.000-11.84  0.75  2.32  0.00 -8.77 0.501  00  +1O000M000  1.000
LYS+1A0097_022  1.000-12.29  3.95  1.45  0.00 -6.89 0.502  00  +1E005M000  1.000
LYS+1A0097_023  1.000-11.75  3.76  1.44  0.00 -6.54 0.502  00  +1E03CM000  1.000
LYS+1A0097_024  1.000-13.13  4.11  1.34  0.00 -7.67 0.501  00  +1E050M000  1.000
LYS+1A0097_025  1.000-10.11  3.43  1.69  0.00 -4.98 0.502  00  +1E093M000  1.000
LYS+1A0097_026  1.000-10.93  3.47  1.76  0.00 -5.70 0.502  00  +1E09CM000  1.000
LYS+1A0097_027  1.000-10.46  1.58  2.71  0.00 -6.18 0.501  00  +1E0EFM000  1.000
LYS+1A0097_028  1.000-11.28  1.81  2.04  0.00 -7.44 0.502  00  +1E104M000  1.000
LYS+1A0097_029  1.000-10.53  0.84  2.17  0.00 -7.52 0.502  00  +1E10FM000  1.000
LYS+1A0097_030  1.000-10.35  0.60  2.00  0.00 -7.75 0.502  00  +1T01FM000  1.000
LYS+1A0097_031  1.000-11.71  8.15  4.29  0.00  0.73 0.501  00  +1T038M000  1.000
LYS+1A0097_032  1.000-11.79  1.43  1.39  0.00 -8.97 0.501  00  +1T040M000  1.000
LYS+1A0097_033  1.000 -8.88  0.53  1.59  0.00 -6.76 0.501  00  +1T07FM000  1.000
LYS+1A0097_034  1.000-11.38  0.69  1.57  0.00 -9.12 0.501  00  +1T083M000  1.000
LYS+1A0097_035  1.000-10.14  1.55  2.00  0.00 -6.59 0.501  00  +1T0A0M000  1.000
LYS+1A0097_036  1.000-10.50  1.23  2.67  0.00 -6.59 0.501  00  +1T0C8M000  1.000
LYS+1A0097_037  1.000-10.20  1.19  2.66  0.00 -6.35 0.502  00  +1T0DFM000  1.000
LYS+1A0097_038  1.000-10.94  2.06  2.23  0.00 -6.64 0.502  00  +1T101M000  1.000
LYS+1A0097_039  1.000-10.10  2.50  5.31  0.00 -2.29 0.501  00  +1T11CM000  1.000
LYS+1A0097_040  1.000-10.93  3.38  5.12  0.00 -2.43 0.502  00  +1T127M000  1.000
