   confID        vdw0    sas     sum
LYS01A0097_001   1.027 -12.801 -11.774
LYS01A0097_002   0.541 -12.792 -12.251
LYS01A0097_003   2.021 -12.271 -10.250
LYS01A0097_004   0.727 -12.402 -11.674
LYS01A0097_005   0.766 -12.417 -11.651
LYS01A0097_006   0.631 -12.347 -11.715
LYS01A0097_007   3.576 -11.924  -8.348
LYS01A0097_008   1.145 -12.428 -11.284
LYS01A0097_009   1.596 -12.412 -10.816
LYS01A0097_010   1.822 -11.988 -10.166
LYS01A0097_011   2.231 -12.591 -10.360
LYS01A0097_012   2.399 -12.784 -10.385
LYS01A0097_013   2.237 -12.623 -10.386
LYS01A0097_014   2.111 -12.653 -10.543
LYS01A0097_015   2.376 -12.395 -10.020
LYS01A0097_016   1.691 -12.646 -10.955
LYS01A0097_017   0.352 -13.557 -13.205
LYS01A0097_018   2.097 -12.208 -10.111
LYS01A0097_019   1.285 -12.277 -10.993
LYS01A0097_020   1.483 -12.784 -11.302
LYS+1A0097_021   0.967 -12.801 -11.834
LYS+1A0097_022   0.499 -12.792 -12.293
LYS+1A0097_023   0.722 -12.469 -11.747
LYS+1A0097_024   0.323 -13.454 -13.131
LYS+1A0097_025   2.149 -12.327 -10.178
LYS+1A0097_026   1.560 -12.479 -10.919
LYS+1A0097_027   2.152 -12.614 -10.462
LYS+1A0097_028   1.440 -12.788 -11.348
LYS+1A0097_029   2.047 -12.637 -10.590
LYS+1A0097_030   1.970 -12.323 -10.352
LYS+1A0097_031   0.693 -12.402 -11.709
LYS+1A0097_032   0.620 -12.411 -11.791
LYS+1A0097_033   3.238 -12.124  -8.886
LYS+1A0097_034   1.086 -12.467 -11.381
LYS+1A0097_035   1.745 -11.882 -10.137
LYS+1A0097_036   2.158 -12.656 -10.497
LYS+1A0097_037   2.313 -12.507 -10.194
LYS+1A0097_038   1.157 -12.094 -10.937
LYS+1A0097_039   2.356 -12.421 -10.065
LYS+1A0097_040   1.659 -12.585 -10.925
