CONFORMER         crg  vdw0  vdw1  tors  epol  self   occ  Hb     history    ASA
LYS01A0024_001  0.000-10.17  0.59  1.49  0.00 -8.10 0.502  00  01O000M000  1.000
LYS01A0024_002  0.000 -8.49  1.19  1.74  0.00 -5.55 0.502  00  01E009M000  1.000
LYS01A0024_003  0.000-10.20  4.12  3.84  0.00 -2.24 0.501  00  01E038M000  1.000
LYS01A0024_004  0.000 -9.22  0.57  1.47  0.00 -7.18 0.502  00  01E03EM000  1.000
LYS01A0024_005  0.000 -8.27  0.04  1.86  0.00 -6.36 0.502  00  01E051M000  1.000
LYS01A0024_006  0.000-10.09  2.02  1.40  0.00 -6.67 0.502  00  01E075M000  1.000
LYS01A0024_007  0.000 -7.42  0.16  2.07  0.00 -5.19 0.502  00  01E09FM000  1.000
LYS01A0024_008  0.000 -9.27  1.06  7.26  0.00 -0.95 0.503  00  01E0BBM000  1.000
LYS01A0024_009  0.000 -9.27  0.41  1.40  0.00 -7.46 0.502  00  01E0D2M000  1.000
LYS01A0024_010  0.000 -8.60  1.21  1.64  0.00 -5.75 0.502  00  01E0DBM000  1.000
LYS01A0024_011  0.000-10.36  4.01  3.62  0.00 -2.72 0.502  00  01E0E9M000  1.000
LYS01A0024_012  0.000 -9.85  1.09  1.71  0.00 -7.05 0.502  00  01T02CM000  1.000
LYS01A0024_013  0.000 -8.61  1.25  2.05  0.00 -5.31 0.502  00  01T032M000  1.000
LYS01A0024_014  0.000 -9.66  1.10  1.85  0.00 -6.71 0.502  00  01T033M000  1.000
LYS01A0024_015  0.000-12.15  2.39  0.95  0.00 -8.80 0.502  00  01T034M000  1.000
LYS01A0024_016  0.000-10.60  0.25  3.85  0.00 -6.50 0.502  00  01T091M000  1.000
LYS01A0024_017  0.000 -6.89  1.31  4.64  0.00 -0.93 0.502  00  01T0A8M000  1.000
LYS01A0024_018  0.000 -9.06  1.29  7.24  0.00 -0.54 0.502  00  01T0BDM000  1.000
LYS01A0024_019  0.000 -8.48  0.67  4.56  0.00 -3.24 0.502  00  01T0C4M000  1.000
LYS01A0024_020  0.000 -8.73  2.60  1.40  0.00 -4.73 0.502  00  01T0F4M000  1.000
LYS+1A0024_021  1.000-10.22  0.59  1.49  0.00 -8.15 0.502  00  +1O000M000  1.000
LYS+1A0024_022  1.000 -9.91  1.08  1.72  0.00 -7.11 0.502  00  +1E02CM000  1.000
LYS+1A0024_023  1.000 -8.61  1.25  2.05  0.00 -5.32 0.502  00  +1E032M000  1.000
LYS+1A0024_024  1.000 -9.67  1.09  1.86  0.00 -6.72 0.502  00  +1E033M000  1.000
LYS+1A0024_025  1.000-10.69  0.24  3.85  0.00 -6.59 0.502  00  +1E091M000  1.000
LYS+1A0024_026  1.000 -7.00  1.24  4.64  0.00 -1.12 0.502  00  +1E0A8M000  1.000
LYS+1A0024_027  1.000 -9.18  1.04  7.26  0.00 -0.87 0.503  00  +1E0BBM000  1.000
LYS+1A0024_028  1.000 -9.33  0.41  1.40  0.00 -7.52 0.502  00  +1E0D2M000  1.000
LYS+1A0024_029  1.000 -8.56  1.21  1.64  0.00 -5.71 0.502  00  +1E0DBM000  1.000
LYS+1A0024_030  1.000 -8.50  1.21  1.75  0.00 -5.55 0.502  00  +1T009M000  1.000
LYS+1A0024_031  1.000-12.19  2.38  0.96  0.00 -8.85 0.502  00  +1T034M000  1.000
LYS+1A0024_032  1.000-10.24  4.12  3.84  0.00 -2.28 0.501  00  +1T038M000  1.000
LYS+1A0024_033  1.000 -9.21  0.57  1.47  0.00 -7.16 0.502  00  +1T03EM000  1.000
LYS+1A0024_034  1.000 -8.33  0.04  1.87  0.00 -6.42 0.502  00  +1T051M000  1.000
LYS+1A0024_035  1.000-10.11  2.00  1.40  0.00 -6.70 0.502  00  +1T075M000  1.000
LYS+1A0024_036  1.000 -7.38  0.16  2.07  0.00 -5.15 0.502  00  +1T09FM000  1.000
LYS+1A0024_037  1.000 -9.17  1.29  7.25  0.00 -0.63 0.502  00  +1T0BDM000  1.000
LYS+1A0024_038  1.000 -8.46  0.67  4.57  0.00 -3.22 0.502  00  +1T0C4M000  1.000
LYS+1A0024_039  1.000-10.49  4.02  3.63  0.00 -2.84 0.502  00  +1T0E9M000  1.000
LYS+1A0024_040  1.000 -8.78  2.60  1.40  0.00 -4.78 0.502  00  +1T0F4M000  1.000
