iConf CONFORMER     FL  occ    crg   Em0  pKa0 ne nH    vdw0    vdw1    tors    epol   dsolv   extra    history
00001 LYS01A0024_001 f 0.00  0.000     0  0.00  0  0 -10.176   0.588   1.486  -0.005  -0.062   0.000 01O000M000t
00002 LYS01A0024_002 f 0.00  0.000     0  0.00  0  0  -8.502   1.194   1.744  -0.004  -0.064   0.000 01E009M000t
00003 LYS01A0024_003 f 0.00  0.000     0  0.00  0  0 -10.197   4.130   3.838  -0.004  -0.065   0.000 01E038M000t
00004 LYS01A0024_004 f 0.00  0.000     0  0.00  0  0  -9.217   0.575   1.470  -0.008  -0.060   0.000 01E03EM000t
00005 LYS01A0024_005 f 0.00  0.000     0  0.00  0  0  -8.286   0.047   1.865  -0.004  -0.058   0.000 01E051M000t
00006 LYS01A0024_006 f 0.00  0.000     0  0.00  0  0 -10.092   2.017   1.400  -0.010  -0.061   0.000 01E075M000t
00007 LYS01A0024_007 f 0.00  0.000     0  0.00  0  0  -7.429   0.159   2.066   0.002  -0.062   0.000 01E09FM000t
00008 LYS01A0024_008 f 0.00  0.000     0  0.00  0  0  -9.269   1.055   7.256  -0.020  -0.057   0.000 01E0BBM000t
00009 LYS01A0024_009 f 0.00  0.000     0  0.00  0  0  -9.267   0.408   1.401   0.002  -0.062   0.000 01E0D2M000t
00010 LYS01A0024_010 f 0.00  0.000     0  0.00  0  0  -8.600   1.210   1.638  -0.006  -0.058   0.000 01E0DBM000t
00011 LYS01A0024_011 f 0.00  0.000     0  0.00  0  0 -10.436   4.011   3.624   0.000  -0.061   0.000 01E0E9M000t
00012 LYS01A0024_012 f 0.00  0.000     0  0.00  0  0  -9.856   1.087   1.711  -0.004  -0.063   0.000 01T02CM000t
00013 LYS01A0024_013 f 0.00  0.000     0  0.00  0  0  -8.606   1.251   2.047  -0.004  -0.071   0.000 01T032M000t
00014 LYS01A0024_014 f 0.00  0.000     0  0.00  0  0  -9.662   1.101   1.849  -0.010  -0.067   0.000 01T033M000t
00015 LYS01A0024_015 f 0.00  0.000     0  0.00  0  0 -12.147   2.393   0.955  -0.005  -0.065   0.000 01T034M000t
00016 LYS01A0024_016 f 0.00  0.000     0  0.00  0  0 -10.600   0.247   3.848  -0.003  -0.063   0.000 01T091M000t
00017 LYS01A0024_017 f 0.00  0.000     0  0.00  0  0  -6.892   1.313   4.640   0.001  -0.054   0.000 01T0A8M000t
00018 LYS01A0024_018 f 0.00  0.000     0  0.00  0  0  -9.062   1.288   7.239  -0.012  -0.063   0.000 01T0BDM000t
00019 LYS01A0024_019 f 0.00  0.000     0  0.00  0  0  -8.480   0.669   4.564  -0.002  -0.062   0.000 01T0C4M000t
00020 LYS01A0024_020 f 0.00  0.000     0  0.00  0  0  -8.729   2.598   1.399  -0.013  -0.061   0.000 01T0F4M000t
00021 LYS+1A0024_021 f 0.00  1.000     0 10.40  0  1 -10.219   0.587   1.486   0.061  -1.012   0.000 +1O000M000t
00022 LYS+1A0024_022 f 0.00  1.000     0 10.40  0  1  -9.920   1.084   1.721  -0.003  -1.008   0.000 +1E02CM000t
00023 LYS+1A0024_023 f 0.00  1.000     0 10.40  0  1  -8.610   1.250   2.050   0.040  -1.014   0.000 +1E032M000t
00024 LYS+1A0024_024 f 0.00  1.000     0 10.40  0  1  -9.670   1.095   1.857   0.079  -1.004   0.000 +1E033M000t
00025 LYS+1A0024_025 f 0.00  1.000     0 10.40  0  1 -10.694   0.244   3.852   0.030  -1.009   0.000 +1E091M000t
00026 LYS+1A0024_026 f 0.00  1.000     0 10.40  0  1  -7.009   1.251   4.642   0.167  -0.931   0.000 +1E0A8M000t
00027 LYS+1A0024_027 f 0.00  1.000     0 10.40  0  1  -9.181   1.041   7.265   0.112  -0.969   0.000 +1E0BBM000t
00028 LYS+1A0024_028 f 0.00  1.000     0 10.40  0  1  -9.323   0.406   1.403   0.018  -0.989   0.000 +1E0D2M000t
00029 LYS+1A0024_029 f 0.00  1.000     0 10.40  0  1  -8.574   1.210   1.641   0.031  -0.993   0.000 +1E0DBM000t
00030 LYS+1A0024_030 f 0.00  1.000     0 10.40  0  1  -8.431   1.208   1.748   0.011  -1.014   0.000 +1T009M000t
00031 LYS+1A0024_031 f 0.00  1.000     0 10.40  0  1 -12.185   2.375   0.957   0.070  -1.010   0.000 +1T034M000t
00032 LYS+1A0024_032 f 0.00  1.000     0 10.40  0  1 -10.239   4.118   3.843   0.030  -1.010   0.000 +1T038M000t
00033 LYS+1A0024_033 f 0.00  1.000     0 10.40  0  1  -9.206   0.574   1.474   0.050  -0.991   0.000 +1T03EM000t
00034 LYS+1A0024_034 f 0.00  1.000     0 10.40  0  1  -8.314   0.041   1.865   0.046  -0.989   0.000 +1T051M000t
00035 LYS+1A0024_035 f 0.00  1.000     0 10.40  0  1 -10.112   2.006   1.402   0.053  -0.991   0.000 +1T075M000t
00036 LYS+1A0024_036 f 0.00  1.000     0 10.40  0  1  -7.376   0.155   2.070   0.018  -0.996   0.000 +1T09FM000t
00037 LYS+1A0024_037 f 0.00  1.000     0 10.40  0  1  -9.165   1.287   7.251   0.091  -1.001   0.000 +1T0BDM000t
00038 LYS+1A0024_038 f 0.00  1.000     0 10.40  0  1  -8.465   0.667   4.566   0.019  -1.008   0.000 +1T0C4M000t
00039 LYS+1A0024_039 f 0.00  1.000     0 10.40  0  1 -10.493   4.032   3.629   0.002  -1.001   0.000 +1T0E9M000t
00040 LYS+1A0024_040 f 0.00  1.000     0 10.40  0  1  -8.783   2.603   1.403  -0.050  -0.993   0.000 +1T0F4M000t
