   confID        vdw0    sas     sum
LYS01A0024_001   2.290 -12.466 -10.176
LYS01A0024_002   4.067 -12.569  -8.502
LYS01A0024_003   1.676 -11.874 -10.197
LYS01A0024_004   3.002 -12.219  -9.217
LYS01A0024_005   4.206 -12.493  -8.286
LYS01A0024_006   2.208 -12.300 -10.092
LYS01A0024_007   4.707 -12.135  -7.429
LYS01A0024_008   3.334 -12.603  -9.269
LYS01A0024_009   3.064 -12.332  -9.267
LYS01A0024_010   3.947 -12.547  -8.600
LYS01A0024_011   1.583 -12.019 -10.436
LYS01A0024_012   3.041 -12.897  -9.856
LYS01A0024_013   3.863 -12.469  -8.606
LYS01A0024_014   3.074 -12.736  -9.662
LYS01A0024_015   0.934 -13.081 -12.147
LYS01A0024_016   1.828 -12.428 -10.600
LYS01A0024_017   5.001 -11.893  -6.892
LYS01A0024_018   3.400 -12.463  -9.062
LYS01A0024_019   4.037 -12.517  -8.480
LYS01A0024_020   3.094 -11.823  -8.729
LYS+1A0024_021   2.247 -12.466 -10.219
LYS+1A0024_022   3.028 -12.948  -9.920
LYS+1A0024_023   3.846 -12.456  -8.610
LYS+1A0024_024   3.066 -12.736  -9.670
LYS+1A0024_025   1.785 -12.479 -10.694
LYS+1A0024_026   4.885 -11.893  -7.009
LYS+1A0024_027   3.303 -12.484  -9.181
LYS+1A0024_028   3.009 -12.332  -9.323
LYS+1A0024_029   3.905 -12.480  -8.574
LYS+1A0024_030   4.074 -12.505  -8.431
LYS+1A0024_031   0.896 -13.081 -12.185
LYS+1A0024_032   1.635 -11.874 -10.239
LYS+1A0024_033   2.962 -12.168  -9.206
LYS+1A0024_034   4.179 -12.493  -8.314
LYS+1A0024_035   2.136 -12.248 -10.112
LYS+1A0024_036   4.734 -12.110  -7.376
LYS+1A0024_037   3.401 -12.566  -9.165
LYS+1A0024_038   4.001 -12.466  -8.465
LYS+1A0024_039   1.526 -12.019 -10.493
LYS+1A0024_040   3.041 -11.823  -8.783
