CONFORMER         crg  vdw0  vdw1  tors  epol  self   occ  Hb     history    ASA
ARG01A0081_001  0.000-13.56  0.98  0.84  0.00-11.74 0.502  00  01O000M000  1.000
ARG01A0081_002  0.000-13.45  7.53  0.94  0.00 -4.98 0.502  00  01E007M000  1.000
ARG01A0081_003  0.000-11.94  1.61  0.66  0.00 -9.67 0.502  00  01E080M000  1.000
ARG01A0081_004  0.000 -8.76  0.37  3.32  0.00 -5.07 0.501  00  01E090M000  1.000
ARG01A0081_005  0.000-12.32  1.20  4.99  0.00 -6.13 0.502  00  01E093M000  1.000
ARG01A0081_006  0.000-11.51  2.15  1.32  0.00 -8.04 0.501  00  01E09AM000  1.000
ARG01A0081_007  0.000-13.64  1.16  3.55  0.00 -8.93 0.502  00  01T002M000  1.000
ARG01A0081_008  0.000-11.84  1.75  1.15  0.00 -8.94 0.502  00  01T053M000  1.000
ARG01A0081_009  0.000-12.00  4.74  1.17  0.00 -6.09 0.502  00  01T059M000  1.000
ARG01A0081_010  0.000 -9.94  0.95  2.84  0.00 -6.15 0.502  00  01T06EM000  1.000
ARG01A0081_011  0.000-11.97  0.87  2.89  0.00 -8.21 0.502  00  01T06FM000  1.000
ARG01A0081_012  0.000-11.43  1.70  0.63  0.00 -9.10 0.502  00  01T07FM000  1.000
ARG01A0081_013  0.000 -8.48  1.32  2.75  0.00 -4.41 0.503  00  01T081M000  1.000
ARG01A0081_014  0.000-12.05  3.32  2.60  0.00 -6.13 0.502  00  01T0A1M000  1.000
ARG01A0081_015  0.000-10.76  2.45  3.36  0.00 -4.95 0.502  00  01T0B2M000  1.000
ARG01A0081_016  0.000-11.37  1.61  1.32  0.00 -8.45 0.502  00  01T0B9M000  1.000
ARG01A0081_017  0.000-10.72  2.34  3.41  0.00 -4.96 0.503  00  01T0BCM000  1.000
ARG01A0081_018  0.000-10.32  1.22  1.10  0.00 -7.99 0.502  00  01T0C6M000  1.000
ARG01A0081_019  0.000-11.53  1.09  5.85  0.00 -4.58 0.502  00  01T0E5M000  1.000
ARG01A0081_020  0.000-11.30  1.99  3.92  0.00 -5.39 0.502  00  01T0ECM000  1.000
ARG02A0081_021  0.000-13.60  0.97  0.84  0.00-11.78 0.502  00  02O000M000  1.000
ARG02A0081_022  0.000-11.76  0.85  2.86  0.00 -8.05 0.502  00  02E06FM000  1.000
ARG02A0081_023  0.000-11.37  1.64  1.25  0.00 -8.48 0.502  00  02E0B9M000  1.000
ARG02A0081_024  0.000-13.39  6.88  0.94  0.00 -5.56 0.502  00  02E007M000  1.000
ARG02A0081_025  0.000-12.20  1.12  4.87  0.00 -6.20 0.502  00  02E093M000  1.000
ARG02A0081_026  0.000-10.51  0.98  2.83  0.00 -6.71 0.502  00  02T06EM000  1.000
ARG02A0081_027  0.000-12.17  3.48  2.51  0.00 -6.18 0.502  00  02T0A1M000  1.000
ARG02A0081_028  0.000-11.54  1.10  5.77  0.00 -4.67 0.502  00  02T0E5M000  1.000
ARG02A0081_029  0.000-11.35  1.95  3.86  0.00 -5.54 0.502  00  02T0ECM000  1.000
ARG02A0081_030  0.000-11.50  2.04  1.13  0.00 -8.33 0.502  00  02T053M000  1.000
ARG02A0081_031  0.000-11.94  5.87  1.02  0.00 -5.05 0.502  00  02T059M000  1.000
ARG02A0081_032  0.000-11.73  1.62  0.57  0.00 -9.54 0.502  00  02T080M000  1.000
ARG02A0081_033  0.000 -8.57  1.30  2.71  0.00 -4.56 0.503  00  02T081M000  1.000
ARG02A0081_034  0.000-11.42  2.26  1.25  0.00 -7.91 0.501  00  02T09AM000  1.000
ARG02A0081_035  0.000-10.61  2.47  3.32  0.00 -4.83 0.502  00  02T0B2M000  1.000
ARG02A0081_036  0.000-10.22  1.25  1.11  0.00 -7.86 0.502  00  02T0C6M000  1.000
ARG02A0081_037  0.000-13.81  1.21  3.35  0.00 -9.24 0.502  00  02T002M000  1.000
ARG02A0081_038  0.000-11.43  1.69  0.63  0.00 -9.11 0.502  00  02T07FM000  1.000
ARG02A0081_039  0.000 -9.20  0.40  3.33  0.00 -5.46 0.501  00  02T090M000  1.000
ARG02A0081_040  0.000-10.43  2.08  3.40  0.00 -4.96 0.503  00  02T0BCM000  1.000
ARG03A0081_041  0.000-13.60  0.98  0.84  0.00-11.78 0.502  00  03O000M000  1.000
ARG03A0081_042  0.000-13.63  6.81  0.96  0.00 -5.86 0.502  00  03E007M000  1.000
ARG03A0081_043  0.000-10.29  0.98  2.82  0.00 -6.49 0.502  00  03E06EM000  1.000
ARG03A0081_044  0.000-11.86  0.83  2.88  0.00 -8.15 0.502  00  03E06FM000  1.000
ARG03A0081_045  0.000-11.46  1.69  0.63  0.00 -9.14 0.502  00  03E07FM000  1.000
ARG03A0081_046  0.000 -8.44  1.30  2.73  0.00 -4.41 0.503  00  03E081M000  1.000
ARG03A0081_047  0.000-11.29  2.24  1.24  0.00 -7.81 0.501  00  03E09AM000  1.000
ARG03A0081_048  0.000-10.58  2.09  3.40  0.00 -5.09 0.503  00  03E0BCM000  1.000
ARG03A0081_049  0.000-13.88  1.21  3.35  0.00 -9.32 0.502  00  03T002M000  1.000
ARG03A0081_050  0.000-10.33  1.25  1.10  0.00 -7.98 0.502  00  03T0C6M000  1.000
ARG03A0081_051  0.000 -9.02  0.38  3.33  0.00 -5.31 0.501  00  03T090M000  1.000
ARG03A0081_052  0.000-11.42  1.63  1.24  0.00 -8.55 0.502  00  03T0B9M000  1.000
ARG03A0081_053  0.000-11.88  6.03  1.02  0.00 -4.84 0.502  00  03T059M000  1.000
ARG03A0081_054  0.000-10.28  2.43  3.34  0.00 -4.51 0.502  00  03T0B2M000  1.000
ARG03A0081_055  0.000-11.24  2.03  1.13  0.00 -8.08 0.502  00  03T053M000  1.000
ARG03A0081_056  0.000-11.72  1.62  0.55  0.00 -9.55 0.502  00  03T080M000  1.000
ARG03A0081_057  0.000-12.29  1.11  4.81  0.00 -6.37 0.502  00  03T093M000  1.000
ARG03A0081_058  0.000-12.23  3.44  2.52  0.00 -6.27 0.502  00  03T0A1M000  1.000
ARG03A0081_059  0.000-11.53  1.10  5.77  0.00 -4.65 0.502  00  03T0E5M000  1.000
ARG03A0081_060  0.000-11.35  1.95  3.86  0.00 -5.55 0.502  00  03T0ECM000  1.000
ARG+1A0081_061  1.000-13.64  0.97  0.84  0.00-11.83 0.502  00  +1O000M000  1.000
ARG+1A0081_062  1.000-13.54  6.84  0.95  0.00 -5.74 0.502  00  +1E007M000  1.000
ARG+1A0081_063  1.000-11.39  2.04  1.14  0.00 -8.21 0.502  00  +1E053M000  1.000
ARG+1A0081_064  1.000-10.26  0.97  2.84  0.00 -6.45 0.502  00  +1E06EM000  1.000
ARG+1A0081_065  1.000-11.88  0.83  2.88  0.00 -8.16 0.502  00  +1E06FM000  1.000
ARG+1A0081_066  1.000-11.57  1.69  0.63  0.00 -9.25 0.502  00  +1E07FM000  1.000
ARG+1A0081_067  1.000-11.78  1.62  0.57  0.00 -9.59 0.502  00  +1E080M000  1.000
ARG+1A0081_068  1.000 -9.07  0.38  3.33  0.00 -5.36 0.501  00  +1E090M000  1.000
ARG+1A0081_069  1.000-10.59  2.07  3.42  0.00 -5.09 0.503  00  +1E0BCM000  1.000
ARG+1A0081_070  1.000-11.63  1.10  5.78  0.00 -4.75 0.502  00  +1E0E5M000  1.000
ARG+1A0081_071  1.000-13.97  1.21  3.37  0.00 -9.39 0.502  00  +1T002M000  1.000
ARG+1A0081_072  1.000-11.95  5.93  1.02  0.00 -4.99 0.502  00  +1T059M000  1.000
ARG+1A0081_073  1.000 -8.43  1.30  2.75  0.00 -4.39 0.503  00  +1T081M000  1.000
ARG+1A0081_074  1.000-11.96  1.11  4.91  0.00 -5.94 0.502  00  +1T093M000  1.000
ARG+1A0081_075  1.000-11.36  2.25  1.26  0.00 -7.85 0.501  00  +1T09AM000  1.000
ARG+1A0081_076  1.000-12.27  3.49  2.54  0.00 -6.23 0.502  00  +1T0A1M000  1.000
ARG+1A0081_077  1.000-10.41  2.45  3.34  0.00 -4.62 0.502  00  +1T0B2M000  1.000
ARG+1A0081_078  1.000-11.54  1.64  1.26  0.00 -8.64 0.502  00  +1T0B9M000  1.000
ARG+1A0081_079  1.000-10.32  1.24  1.11  0.00 -7.97 0.502  00  +1T0C6M000  1.000
ARG+1A0081_080  1.000-11.46  1.94  3.87  0.00 -5.65 0.502  00  +1T0ECM000  1.000
