iConf CONFORMER     FL  occ    crg   Em0  pKa0 ne nH    vdw0    vdw1    tors    epol   dsolv   extra    history
00001 ARG01A0081_001 f 0.00  0.000     0  0.00  0  0 -13.561   1.080   0.842  -0.003  -0.657   0.000 01O000M000t
00002 ARG01A0081_002 f 0.00  0.000     0  0.00  0  0 -13.453   7.534   0.945   0.023  -0.633   0.000 01E007M000t
00003 ARG01A0081_003 f 0.00  0.000     0  0.00  0  0 -11.934   1.664   0.662   0.015  -0.611   0.000 01E080M000t
00004 ARG01A0081_004 f 0.00  0.000     0  0.00  0  0  -8.756   0.424   3.322   0.002  -0.585   0.000 01E090M000t
00005 ARG01A0081_005 f 0.00  0.000     0  0.00  0  0 -12.319   1.254   4.985   0.033  -0.627   0.000 01E093M000t
00006 ARG01A0081_006 f 0.00  0.000     0  0.00  0  0 -11.511   2.200   1.319   0.005  -0.615   0.000 01E09AM000t
00007 ARG01A0081_007 f 0.00  0.000     0  0.00  0  0 -13.682   1.213   3.553   0.011  -0.641   0.000 01T002M000t
00008 ARG01A0081_008 f 0.00  0.000     0  0.00  0  0 -11.838   1.798   1.150   0.038  -0.607   0.000 01T053M000t
00009 ARG01A0081_009 f 0.00  0.000     0  0.00  0  0 -11.935   4.746   1.165   0.066  -0.648   0.000 01T059M000t
00010 ARG01A0081_010 f 0.00  0.000     0  0.00  0  0  -9.949   1.058   2.836   0.005  -0.620   0.000 01T06EM000t
00011 ARG01A0081_011 f 0.00  0.000     0  0.00  0  0 -11.962   0.973   2.887   0.001  -0.633   0.000 01T06FM000t
00012 ARG01A0081_012 f 0.00  0.000     0  0.00  0  0 -11.483   1.758   0.632   0.012  -0.629   0.000 01T07FM000t
00013 ARG01A0081_013 f 0.00  0.000     0  0.00  0  0  -8.424   1.379   2.747  -0.007  -0.592   0.000 01T081M000t
00014 ARG01A0081_014 f 0.00  0.000     0  0.00  0  0 -12.048   3.370   2.595   0.039  -0.632   0.000 01T0A1M000t
00015 ARG01A0081_015 f 0.00  0.000     0  0.00  0  0 -10.764   2.498   3.370   0.021  -0.629   0.000 01T0B2M000t
00016 ARG01A0081_016 f 0.00  0.000     0  0.00  0  0 -11.375   1.608   1.321   0.015  -0.590   0.000 01T0B9M000t
00017 ARG01A0081_017 f 0.00  0.000     0  0.00  0  0 -10.726   2.342   3.408  -0.014  -0.605   0.000 01T0BCM000t
00018 ARG01A0081_018 f 0.00  0.000     0  0.00  0  0 -10.319   1.223   1.096  -0.019  -0.603   0.000 01T0C6M000t
00019 ARG01A0081_019 f 0.00  0.000     0  0.00  0  0 -11.520   1.092   5.852   0.046  -0.615   0.000 01T0E5M000t
00020 ARG01A0081_020 f 0.00  0.000     0  0.00  0  0 -11.298   1.987   3.921  -0.037  -0.594   0.000 01T0ECM000t
00021 ARG02A0081_021 f 0.00  0.000     0  0.00  0  0 -13.598   1.077   0.842   0.012  -0.547   0.000 02O000M000t
00022 ARG02A0081_022 f 0.00  0.000     0  0.00  0  0 -11.752   0.953   2.857  -0.001  -0.521   0.000 02E06FM000t
00023 ARG02A0081_023 f 0.00  0.000     0  0.00  0  0 -11.365   1.637   1.249   0.007  -0.528   0.000 02E0B9M000t
00024 ARG02A0081_024 f 0.00  0.000     0  0.00  0  0 -13.384   6.879   0.944   0.050  -0.600   0.000 02E007M000t
00025 ARG02A0081_025 f 0.00  0.000     0  0.00  0  0 -12.194   1.174   4.871   0.017  -0.582   0.000 02E093M000t
00026 ARG02A0081_026 f 0.00  0.000     0  0.00  0  0 -10.511   1.078   2.833  -0.001  -0.537   0.000 02T06EM000t
00027 ARG02A0081_027 f 0.00  0.000     0  0.00  0  0 -12.183   3.524   2.511   0.032  -0.528   0.000 02T0A1M000t
00028 ARG02A0081_028 f 0.00  0.000     0  0.00  0  0 -11.536   1.096   5.770   0.035  -0.509   0.000 02T0E5M000t
00029 ARG02A0081_029 f 0.00  0.000     0  0.00  0  0 -11.351   1.948   3.858  -0.022  -0.506   0.000 02T0ECM000t
00030 ARG02A0081_030 f 0.00  0.000     0  0.00  0  0 -11.498   2.092   1.130   0.027  -0.518   0.000 02T053M000t
00031 ARG02A0081_031 f 0.00  0.000     0  0.00  0  0 -11.942   5.879   1.020   0.017  -0.593   0.000 02T059M000t
00032 ARG02A0081_032 f 0.00  0.000     0  0.00  0  0 -11.729   1.674   0.566  -0.005  -0.573   0.000 02T080M000t
00033 ARG02A0081_033 f 0.00  0.000     0  0.00  0  0  -8.566   1.352   2.708   0.009  -0.545   0.000 02T081M000t
00034 ARG02A0081_034 f 0.00  0.000     0  0.00  0  0 -11.415   2.299   1.248   0.017  -0.578   0.000 02T09AM000t
00035 ARG02A0081_035 f 0.00  0.000     0  0.00  0  0 -10.603   2.510   3.315   0.003  -0.587   0.000 02T0B2M000t
00036 ARG02A0081_036 f 0.00  0.000     0  0.00  0  0 -10.217   1.258   1.110   0.021  -0.565   0.000 02T0C6M000t
00037 ARG02A0081_037 f 0.00  0.000     0  0.00  0  0 -13.808   1.268   3.354   0.013  -0.600   0.000 02T002M000t
00038 ARG02A0081_038 f 0.00  0.000     0  0.00  0  0 -11.431   1.738   0.632   0.003  -0.541   0.000 02T07FM000t
00039 ARG02A0081_039 f 0.00  0.000     0  0.00  0  0  -9.212   0.457   3.333   0.016  -0.531   0.000 02T090M000t
00040 ARG02A0081_040 f 0.00  0.000     0  0.00  0  0 -10.429   2.081   3.398  -0.050  -0.513   0.000 02T0BCM000t
00041 ARG03A0081_041 f 0.00  0.000     0  0.00  0  0 -13.599   1.077   0.842   0.006  -0.570   0.000 03O000M000t
00042 ARG03A0081_042 f 0.00  0.000     0  0.00  0  0 -13.626   6.809   0.957   0.027  -0.557   0.000 03E007M000t
00043 ARG03A0081_043 f 0.00  0.000     0  0.00  0  0 -10.291   1.081   2.823   0.003  -0.543   0.000 03E06EM000t
00044 ARG03A0081_044 f 0.00  0.000     0  0.00  0  0 -11.860   0.933   2.879   0.001  -0.533   0.000 03E06FM000t
00045 ARG03A0081_045 f 0.00  0.000     0  0.00  0  0 -11.462   1.742   0.626   0.015  -0.555   0.000 03E07FM000t
00046 ARG03A0081_046 f 0.00  0.000     0  0.00  0  0  -8.450   1.350   2.727   0.005  -0.531   0.000 03E081M000t
00047 ARG03A0081_047 f 0.00  0.000     0  0.00  0  0 -11.253   2.282   1.243   0.009  -0.585   0.000 03E09AM000t
00048 ARG03A0081_048 f 0.00  0.000     0  0.00  0  0 -10.581   2.094   3.401  -0.004  -0.529   0.000 03E0BCM000t
00049 ARG03A0081_049 f 0.00  0.000     0  0.00  0  0 -13.882   1.263   3.345   0.012  -0.542   0.000 03T002M000t
00050 ARG03A0081_050 f 0.00  0.000     0  0.00  0  0 -10.326   1.246   1.102  -0.004  -0.506   0.000 03T0C6M000t
00051 ARG03A0081_051 f 0.00  0.000     0  0.00  0  0  -9.025   0.436   3.329   0.029  -0.495   0.000 03T090M000t
00052 ARG03A0081_052 f 0.00  0.000     0  0.00  0  0 -11.424   1.628   1.242   0.011  -0.525   0.000 03T0B9M000t
00053 ARG03A0081_053 f 0.00  0.000     0  0.00  0  0 -11.869   6.016   1.014   0.055  -0.542   0.000 03T059M000t
00054 ARG03A0081_054 f 0.00  0.000     0  0.00  0  0 -10.281   2.478   3.339   0.022  -0.560   0.000 03T0B2M000t
00055 ARG03A0081_055 f 0.00  0.000     0  0.00  0  0 -11.281   2.079   1.127   0.037  -0.562   0.000 03T053M000t
00056 ARG03A0081_056 f 0.00  0.000     0  0.00  0  0 -11.712   1.672   0.549   0.015  -0.555   0.000 03T080M000t
00057 ARG03A0081_057 f 0.00  0.000     0  0.00  0  0 -12.292   1.167   4.816   0.034  -0.554   0.000 03T093M000t
00058 ARG03A0081_058 f 0.00  0.000     0  0.00  0  0 -12.232   3.488   2.515   0.036  -0.546   0.000 03T0A1M000t
00059 ARG03A0081_059 f 0.00  0.000     0  0.00  0  0 -11.536   1.102   5.775   0.042  -0.531   0.000 03T0E5M000t
00060 ARG03A0081_060 f 0.00  0.000     0  0.00  0  0 -11.351   1.943   3.860  -0.034  -0.535   0.000 03T0ECM000t
00061 ARG+1A0081_061 f 0.00  1.000     0 12.50  0  1 -13.641   1.077   0.842   0.048  -2.570   0.000 +1O000M000t
00062 ARG+1A0081_062 f 0.00  1.000     0 12.50  0  1 -13.538   6.854   0.953   0.082  -2.516   0.000 +1E007M000t
00063 ARG+1A0081_063 f 0.00  1.000     0 12.50  0  1 -11.380   2.087   1.139   0.100  -2.535   0.000 +1E053M000t
00064 ARG+1A0081_064 f 0.00  1.000     0 12.50  0  1 -10.254   1.068   2.843   0.057  -2.538   0.000 +1E06EM000t
00065 ARG+1A0081_065 f 0.00  1.000     0 12.50  0  1 -11.945   0.932   2.884   0.052  -2.532   0.000 +1E06FM000t
00066 ARG+1A0081_066 f 0.00  1.000     0 12.50  0  1 -11.574   1.737   0.631   0.026  -2.512   0.000 +1E07FM000t
00067 ARG+1A0081_067 f 0.00  1.000     0 12.50  0  1 -11.775   1.669   0.571   0.026  -2.547   0.000 +1E080M000t
00068 ARG+1A0081_068 f 0.00  1.000     0 12.50  0  1  -9.017   0.431   3.331  -0.012  -2.547   0.000 +1E090M000t
00069 ARG+1A0081_069 f 0.00  1.000     0 12.50  0  1 -10.647   2.068   3.425   0.085  -2.526   0.000 +1E0BCM000t
00070 ARG+1A0081_070 f 0.00  1.000     0 12.50  0  1 -11.638   1.097   5.781   0.110  -2.507   0.000 +1E0E5M000t
00071 ARG+1A0081_071 f 0.00  1.000     0 12.50  0  1 -13.967   1.268   3.366   0.010  -2.559   0.000 +1T002M000t
00072 ARG+1A0081_072 f 0.00  1.000     0 12.50  0  1 -11.948   5.949   1.024   0.122  -2.515   0.000 +1T059M000t
00073 ARG+1A0081_073 f 0.00  1.000     0 12.50  0  1  -8.424   1.353   2.748   0.047  -2.517   0.000 +1T081M000t
00074 ARG+1A0081_074 f 0.00  1.000     0 12.50  0  1 -11.967   1.161   4.912  -0.007  -2.553   0.000 +1T093M000t
00075 ARG+1A0081_075 f 0.00  1.000     0 12.50  0  1 -11.351   2.302   1.258   0.024  -2.583   0.000 +1T09AM000t
00076 ARG+1A0081_076 f 0.00  1.000     0 12.50  0  1 -12.266   3.531   2.541   0.091  -2.540   0.000 +1T0A1M000t
00077 ARG+1A0081_077 f 0.00  1.000     0 12.50  0  1 -10.410   2.496   3.340   0.060  -2.555   0.000 +1T0B2M000t
00078 ARG+1A0081_078 f 0.00  1.000     0 12.50  0  1 -11.533   1.632   1.258   0.077  -2.520   0.000 +1T0B9M000t
00079 ARG+1A0081_079 f 0.00  1.000     0 12.50  0  1 -10.318   1.238   1.113   0.008  -2.526   0.000 +1T0C6M000t
00080 ARG+1A0081_080 f 0.00  1.000     0 12.50  0  1 -11.467   1.945   3.868   0.080  -2.533   0.000 +1T0ECM000t
