   confID        vdw0    sas     sum
ARG01A0081_001   1.253 -14.814 -13.561
ARG01A0081_002   1.238 -14.691 -13.453
ARG01A0081_003   2.268 -14.202 -11.934
ARG01A0081_004   4.744 -13.500  -8.756
ARG01A0081_005   1.916 -14.235 -12.319
ARG01A0081_006   2.792 -14.303 -11.511
ARG01A0081_007   1.299 -14.982 -13.682
ARG01A0081_008   2.095 -13.933 -11.838
ARG01A0081_009   2.071 -14.005 -11.935
ARG01A0081_010   4.056 -14.005  -9.949
ARG01A0081_011   2.268 -14.231 -11.962
ARG01A0081_012   2.465 -13.949 -11.483
ARG01A0081_013   5.571 -13.996  -8.424
ARG01A0081_014   2.553 -14.601 -12.048
ARG01A0081_015   3.300 -14.064 -10.764
ARG01A0081_016   2.813 -14.188 -11.375
ARG01A0081_017   3.575 -14.300 -10.726
ARG01A0081_018   3.788 -14.107 -10.319
ARG01A0081_019   2.650 -14.170 -11.520
ARG01A0081_020   2.872 -14.170 -11.298
ARG02A0081_021   1.217 -14.814 -13.598
ARG02A0081_022   2.279 -14.031 -11.752
ARG02A0081_023   2.803 -14.168 -11.365
ARG02A0081_024   1.250 -14.634 -13.384
ARG02A0081_025   2.269 -14.462 -12.194
ARG02A0081_026   3.729 -14.240 -10.511
ARG02A0081_027   2.486 -14.669 -12.183
ARG02A0081_028   2.621 -14.158 -11.536
ARG02A0081_029   2.867 -14.218 -11.351
ARG02A0081_030   2.353 -13.851 -11.498
ARG02A0081_031   2.292 -14.233 -11.942
ARG02A0081_032   2.305 -14.035 -11.729
ARG02A0081_033   5.549 -14.115  -8.566
ARG02A0081_034   2.820 -14.235 -11.415
ARG02A0081_035   3.574 -14.176 -10.603
ARG02A0081_036   3.883 -14.100 -10.217
ARG02A0081_037   1.143 -14.950 -13.808
ARG02A0081_038   2.450 -13.881 -11.431
ARG02A0081_039   4.336 -13.548  -9.212
ARG02A0081_040   3.786 -14.215 -10.429
ARG03A0081_041   1.215 -14.814 -13.599
ARG03A0081_042   1.185 -14.810 -13.626
ARG03A0081_043   3.885 -14.176 -10.291
ARG03A0081_044   2.367 -14.227 -11.860
ARG03A0081_045   2.419 -13.881 -11.462
ARG03A0081_046   5.553 -14.002  -8.450
ARG03A0081_047   2.793 -14.046 -11.253
ARG03A0081_048   3.717 -14.299 -10.581
ARG03A0081_049   1.052 -14.934 -13.882
ARG03A0081_050   3.774 -14.100 -10.326
ARG03A0081_051   4.475 -13.500  -9.025
ARG03A0081_052   2.808 -14.232 -11.424
ARG03A0081_053   2.364 -14.233 -11.869
ARG03A0081_054   3.609 -13.890 -10.281
ARG03A0081_055   2.442 -13.723 -11.281
ARG03A0081_056   2.287 -13.999 -11.712
ARG03A0081_057   2.237 -14.530 -12.292
ARG03A0081_058   2.501 -14.733 -12.232
ARG03A0081_059   2.622 -14.158 -11.536
ARG03A0081_060   2.867 -14.218 -11.351
ARG+1A0081_061   1.173 -14.814 -13.641
ARG+1A0081_062   1.144 -14.682 -13.538
ARG+1A0081_063   2.424 -13.803 -11.380
ARG+1A0081_064   3.857 -14.112 -10.254
ARG+1A0081_065   2.350 -14.295 -11.945
ARG+1A0081_066   2.375 -13.949 -11.574
ARG+1A0081_067   2.240 -14.015 -11.775
ARG+1A0081_068   4.483 -13.500  -9.017
ARG+1A0081_069   3.696 -14.343 -10.647
ARG+1A0081_070   2.583 -14.222 -11.638
ARG+1A0081_071   1.031 -14.998 -13.967
ARG+1A0081_072   2.285 -14.233 -11.948
ARG+1A0081_073   5.579 -14.002  -8.424
ARG+1A0081_074   2.235 -14.202 -11.967
ARG+1A0081_075   2.759 -14.110 -11.351
ARG+1A0081_076   2.467 -14.733 -12.266
ARG+1A0081_077   3.548 -13.958 -10.410
ARG+1A0081_078   2.767 -14.300 -11.533
ARG+1A0081_079   3.782 -14.100 -10.318
ARG+1A0081_080   2.816 -14.282 -11.467
