CONFORMER         crg  vdw0  vdw1  tors  epol  self   occ  Hb     history    ASA
ARG01A0126_001  0.000-13.05  0.07  1.02  0.00-11.96 0.501  00  01O000M000  1.000
ARG01A0126_002  0.000-12.78  3.94  3.21  0.00 -5.63 0.502  00  01E001M000  1.000
ARG01A0126_003  0.000-12.28  3.18  4.70  0.00 -4.40 0.502  00  01E018M000  1.000
ARG01A0126_004  0.000-11.70  1.52  5.90  0.00 -4.28 0.502  00  01E03FM000  1.000
ARG01A0126_005  0.000-13.15  3.90  1.16  0.00 -8.09 0.502  00  01E069M000  1.000
ARG01A0126_006  0.000-12.48  2.03  4.22  0.00 -6.23 0.502  00  01E0ABM000  1.000
ARG01A0126_007  0.000-11.14 -0.20  3.66  0.00 -7.68 0.501  00  01E0DFM000  1.000
ARG01A0126_008  0.000 -6.83  0.42  3.84  0.00 -2.57 0.501  00  01E0E8M000  1.000
ARG01A0126_009  0.000-12.39  3.20  1.03  0.00 -8.17 0.501  00  01E118M000  1.000
ARG01A0126_010  0.000-12.77  1.56  6.18  0.00 -5.03 0.501  00  01E138M000  1.000
ARG01A0126_011  0.000-13.00  2.68  3.14  0.00 -7.18 0.501  00  01T010M000  1.000
ARG01A0126_012  0.000-11.66  3.24  0.58  0.00 -7.83 0.501  00  01T020M000  1.000
ARG01A0126_013  0.000-13.17  2.48  3.47  0.00 -7.22 0.502  00  01T04AM000  1.000
ARG01A0126_014  0.000-13.49  3.48  4.59  0.00 -5.41 0.501  00  01T091M000  1.000
ARG01A0126_015  0.000-11.69  0.35  4.72  0.00 -6.62 0.502  00  01T0BEM000  1.000
ARG01A0126_016  0.000-11.85  0.05  1.37  0.00-10.43 0.502  00  01T0D0M000  1.000
ARG01A0126_017  0.000-11.28  0.29  3.50  0.00 -7.49 0.502  00  01T0E1M000  1.000
ARG01A0126_018  0.000-13.32  3.89  3.14  0.00 -6.29 0.502  00  01T0F9M000  1.000
ARG01A0126_019  0.000-12.27  0.99  1.35  0.00 -9.94 0.502  00  01T109M000  1.000
ARG01A0126_020  0.000-11.80  0.98  1.34  0.00 -9.48 0.501  00  01T10AM000  1.000
ARG02A0126_021  0.000-13.06  0.07  1.02  0.00-11.97 0.501  00  02O000M000  1.000
ARG02A0126_022  0.000-11.81  3.24  0.59  0.00 -7.98 0.501  00  02E020M000  1.000
ARG02A0126_023  0.000-11.55  1.70  6.01  0.00 -3.84 0.502  00  02E03FM000  1.000
ARG02A0126_024  0.000 -8.81  0.44  3.75  0.00 -4.62 0.501  00  02E0E8M000  1.000
ARG02A0126_025  0.000-13.14  2.23  3.08  0.00 -7.83 0.502  00  02E0F9M000  1.000
ARG02A0126_026  0.000-13.35  3.23  4.07  0.00 -6.06 0.501  00  02E091M000  1.000
ARG02A0126_027  0.000-12.38  3.17  4.63  0.00 -4.58 0.502  00  02T018M000  1.000
ARG02A0126_028  0.000-11.52  0.26  3.51  0.00 -7.75 0.502  00  02T0E1M000  1.000
ARG02A0126_029  0.000-12.57  3.24  1.02  0.00 -8.31 0.501  00  02T118M000  1.000
ARG02A0126_030  0.000-13.21  2.88  3.20  0.00 -7.12 0.502  00  02T04AM000  1.000
ARG02A0126_031  0.000-12.17  2.11  4.42  0.00 -5.64 0.502  00  02T0ABM000  1.000
ARG02A0126_032  0.000-12.89  3.19  3.05  0.00 -6.65 0.501  00  02T010M000  1.000
ARG02A0126_033  0.000-13.01  3.33  0.93  0.00 -8.75 0.502  00  02T069M000  1.000
ARG02A0126_034  0.000-11.85  0.04  1.28  0.00-10.53 0.502  00  02T0D0M000  1.000
ARG02A0126_035  0.000-10.92 -0.22  3.62  0.00 -7.52 0.501  00  02T0DFM000  1.000
ARG02A0126_036  0.000-12.74  1.23  1.32  0.00-10.19 0.502  00  02T109M000  1.000
ARG02A0126_037  0.000-12.13  1.16  1.30  0.00 -9.67 0.501  00  02T10AM000  1.000
ARG02A0126_038  0.000-12.68  3.87  3.21  0.00 -5.61 0.502  00  02T001M000  1.000
ARG02A0126_039  0.000-11.76  0.35  4.72  0.00 -6.70 0.502  00  02T0BEM000  1.000
ARG02A0126_040  0.000-12.40  1.42  5.21  0.00 -5.77 0.501  00  02T138M000  1.000
ARG03A0126_041  0.000-13.07  0.07  1.02  0.00-11.98 0.501  00  03O000M000  1.000
ARG03A0126_042  0.000-12.94  3.18  3.06  0.00 -6.70 0.501  00  03E010M000  1.000
ARG03A0126_043  0.000-10.90 -0.21  3.61  0.00 -7.50 0.501  00  03E0DFM000  1.000
ARG03A0126_044  0.000-11.99  1.13  1.26  0.00 -9.60 0.501  00  03E10AM000  1.000
ARG03A0126_045  0.000-12.67  3.87  3.20  0.00 -5.59 0.502  00  03E001M000  1.000
ARG03A0126_046  0.000-11.88  2.09  4.34  0.00 -5.44 0.502  00  03E0ABM000  1.000
ARG03A0126_047  0.000-13.02  2.24  3.04  0.00 -7.74 0.502  00  03E0F9M000  1.000
ARG03A0126_048  0.000-12.46  3.22  0.98  0.00 -8.25 0.501  00  03E118M000  1.000
ARG03A0126_049  0.000-11.61  3.24  0.59  0.00 -7.79 0.501  00  03T020M000  1.000
ARG03A0126_050  0.000 -8.49  0.44  3.72  0.00 -4.33 0.501  00  03T0E8M000  1.000
ARG03A0126_051  0.000-12.94  3.36  0.93  0.00 -8.65 0.502  00  03T069M000  1.000
ARG03A0126_052  0.000-11.73  0.34  4.64  0.00 -6.75 0.502  00  03T0BEM000  1.000
ARG03A0126_053  0.000-13.37  2.87  3.17  0.00 -7.32 0.502  00  03T04AM000  1.000
ARG03A0126_054  0.000-12.41  3.19  4.71  0.00 -4.51 0.502  00  03T018M000  1.000
ARG03A0126_055  0.000-11.43  1.69  5.97  0.00 -3.77 0.502  00  03T03FM000  1.000
ARG03A0126_056  0.000-13.32  3.18  3.96  0.00 -6.18 0.501  00  03T091M000  1.000
ARG03A0126_057  0.000-11.80  0.05  1.28  0.00-10.47 0.502  00  03T0D0M000  1.000
ARG03A0126_058  0.000-11.34  0.26  3.50  0.00 -7.59 0.502  00  03T0E1M000  1.000
ARG03A0126_059  0.000-12.64  1.24  1.28  0.00-10.11 0.502  00  03T109M000  1.000
ARG03A0126_060  0.000-12.49  1.41  5.15  0.00 -5.93 0.501  00  03T138M000  1.000
ARG+1A0126_061  1.000-13.11  0.07  1.02  0.00-12.02 0.501  00  +1O000M000  1.000
ARG+1A0126_062  1.000-12.66  3.86  3.21  0.00 -5.58 0.502  00  +1E001M000  1.000
ARG+1A0126_063  1.000-11.53  1.71  6.03  0.00 -3.80 0.502  00  +1E03FM000  1.000
ARG+1A0126_064  1.000-13.33  2.88  3.22  0.00 -7.23 0.502  00  +1E04AM000  1.000
ARG+1A0126_065  1.000-12.97  3.31  0.95  0.00 -8.71 0.502  00  +1E069M000  1.000
ARG+1A0126_066  1.000-12.02  2.14  4.49  0.00 -5.39 0.502  00  +1E0ABM000  1.000
ARG+1A0126_067  1.000-11.76  0.35  4.73  0.00 -6.67 0.502  00  +1E0BEM000  1.000
ARG+1A0126_068  1.000-11.83  0.04  1.28  0.00-10.50 0.502  00  +1E0D0M000  1.000
ARG+1A0126_069  1.000-10.94 -0.22  3.62  0.00 -7.54 0.501  00  +1E0DFM000  1.000
ARG+1A0126_070  1.000-11.42  0.26  3.51  0.00 -7.65 0.502  00  +1E0E1M000  1.000
ARG+1A0126_071  1.000-13.18  2.22  3.08  0.00 -7.88 0.502  00  +1E0F9M000  1.000
ARG+1A0126_072  1.000-12.82  1.24  1.33  0.00-10.26 0.502  00  +1E109M000  1.000
ARG+1A0126_073  1.000-12.15  1.16  1.32  0.00 -9.67 0.501  00  +1E10AM000  1.000
ARG+1A0126_074  1.000-12.64  3.21  1.04  0.00 -8.39 0.501  00  +1E118M000  1.000
ARG+1A0126_075  1.000-13.06  3.24  3.05  0.00 -6.77 0.501  00  +1T010M000  1.000
ARG+1A0126_076  1.000-12.41  3.18  4.70  0.00 -4.53 0.502  00  +1T018M000  1.000
ARG+1A0126_077  1.000-11.71  3.27  0.58  0.00 -7.86 0.501  00  +1T020M000  1.000
ARG+1A0126_078  1.000-13.52  3.23  4.08  0.00 -6.21 0.501  00  +1T091M000  1.000
ARG+1A0126_079  1.000 -8.58  0.44  3.74  0.00 -4.40 0.501  00  +1T0E8M000  1.000
ARG+1A0126_080  1.000-12.49  1.42  5.25  0.00 -5.81 0.501  00  +1T138M000  1.000
