iConf CONFORMER     FL  occ    crg   Em0  pKa0 ne nH    vdw0    vdw1    tors    epol   dsolv   extra    history
00001 ARG01A0126_001 f 0.00  0.000     0  0.00  0  0 -13.046   0.174   1.015  -0.001  -1.301   0.000 01O000M000t
00002 ARG01A0126_002 f 0.00  0.000     0  0.00  0  0 -12.778   3.999   3.209   0.011  -1.332   0.000 01E001M000t
00003 ARG01A0126_003 f 0.00  0.000     0  0.00  0  0 -12.275   3.227   4.694   0.002  -1.251   0.000 01E018M000t
00004 ARG01A0126_004 f 0.00  0.000     0  0.00  0  0 -11.737   1.517   5.899   0.029  -1.250   0.000 01E03FM000t
00005 ARG01A0126_005 f 0.00  0.000     0  0.00  0  0 -13.084   3.907   1.160   0.071  -1.286   0.000 01E069M000t
00006 ARG01A0126_006 f 0.00  0.000     0  0.00  0  0 -12.474   2.083   4.220   0.001  -1.275   0.000 01E0ABM000t
00007 ARG01A0126_007 f 0.00  0.000     0  0.00  0  0 -11.140  -0.155   3.663  -0.042  -1.212   0.000 01E0DFM000t
00008 ARG01A0126_008 f 0.00  0.000     0  0.00  0  0  -6.815   0.469   3.838   0.028  -1.228   0.000 01E0E8M000t
00009 ARG01A0126_009 f 0.00  0.000     0  0.00  0  0 -12.389   3.190   1.024  -0.029  -1.324   0.000 01E118M000t
00010 ARG01A0126_010 f 0.00  0.000     0  0.00  0  0 -12.773   1.561   6.175  -0.020  -1.287   0.000 01E138M000t
00011 ARG01A0126_011 f 0.00  0.000     0  0.00  0  0 -13.010   2.677   3.139   0.039  -1.229   0.000 01T010M000t
00012 ARG01A0126_012 f 0.00  0.000     0  0.00  0  0 -11.658   3.238   0.583  -0.017  -1.217   0.000 01T020M000t
00013 ARG01A0126_013 f 0.00  0.000     0  0.00  0  0 -13.166   2.480   3.476   0.020  -1.263   0.000 01T04AM000t
00014 ARG01A0126_014 f 0.00  0.000     0  0.00  0  0 -13.491   3.537   4.602  -0.001  -1.288   0.000 01T091M000t
00015 ARG01A0126_015 f 0.00  0.000     0  0.00  0  0 -11.691   0.409   4.719  -0.007  -1.297   0.000 01T0BEM000t
00016 ARG01A0126_016 f 0.00  0.000     0  0.00  0  0 -11.904   0.100   1.370  -0.002  -1.207   0.000 01T0D0M000t
00017 ARG01A0126_017 f 0.00  0.000     0  0.00  0  0 -11.285   0.336   3.504  -0.034  -1.248   0.000 01T0E1M000t
00018 ARG01A0126_018 f 0.00  0.000     0  0.00  0  0 -13.313   3.894   3.143  -0.172  -1.143   0.000 01T0F9M000t
00019 ARG01A0126_019 f 0.00  0.000     0  0.00  0  0 -12.269   0.988   1.350   0.024  -1.285   0.000 01T109M000t
00020 ARG01A0126_020 f 0.00  0.000     0  0.00  0  0 -11.788   0.975   1.338   0.011  -1.241   0.000 01T10AM000t
00021 ARG02A0126_021 f 0.00  0.000     0  0.00  0  0 -13.059   0.174   1.015   0.007  -1.070   0.000 02O000M000t
00022 ARG02A0126_022 f 0.00  0.000     0  0.00  0  0 -11.806   3.241   0.586  -0.000  -1.051   0.000 02E020M000t
00023 ARG02A0126_023 f 0.00  0.000     0  0.00  0  0 -11.504   1.699   6.011   0.028  -1.069   0.000 02E03FM000t
00024 ARG02A0126_024 f 0.00  0.000     0  0.00  0  0  -8.811   0.491   3.748   0.028  -1.097   0.000 02E0E8M000t
00025 ARG02A0126_025 f 0.00  0.000     0  0.00  0  0 -13.140   2.229   3.083  -0.076  -1.063   0.000 02E0F9M000t
00026 ARG02A0126_026 f 0.00  0.000     0  0.00  0  0 -13.356   3.274   4.064   0.014  -1.221   0.000 02E091M000t
00027 ARG02A0126_027 f 0.00  0.000     0  0.00  0  0 -12.373   3.226   4.632   0.008  -1.053   0.000 02T018M000t
00028 ARG02A0126_028 f 0.00  0.000     0  0.00  0  0 -11.529   0.311   3.510   0.029  -1.140   0.000 02T0E1M000t
00029 ARG02A0126_029 f 0.00  0.000     0  0.00  0  0 -12.644   3.238   1.027  -0.025  -1.080   0.000 02T118M000t
00030 ARG02A0126_030 f 0.00  0.000     0  0.00  0  0 -13.209   2.940   3.204   0.025  -1.104   0.000 02T04AM000t
00031 ARG02A0126_031 f 0.00  0.000     0  0.00  0  0 -12.170   2.161   4.423   0.015  -1.111   0.000 02T0ABM000t
00032 ARG02A0126_032 f 0.00  0.000     0  0.00  0  0 -12.891   3.188   3.050   0.016  -1.183   0.000 02T010M000t
00033 ARG02A0126_033 f 0.00  0.000     0  0.00  0  0 -12.960   3.330   0.933   0.015  -1.174   0.000 02T069M000t
00034 ARG02A0126_034 f 0.00  0.000     0  0.00  0  0 -11.850   0.089   1.281  -0.026  -1.175   0.000 02T0D0M000t
00035 ARG02A0126_035 f 0.00  0.000     0  0.00  0  0 -10.916  -0.168   3.616  -0.052  -1.139   0.000 02T0DFM000t
00036 ARG02A0126_036 f 0.00  0.000     0  0.00  0  0 -12.742   1.225   1.317   0.024  -1.070   0.000 02T109M000t
00037 ARG02A0126_037 f 0.00  0.000     0  0.00  0  0 -12.130   1.157   1.302   0.022  -1.168   0.000 02T10AM000t
00038 ARG02A0126_038 f 0.00  0.000     0  0.00  0  0 -12.685   3.919   3.205  -0.009  -1.172   0.000 02T001M000t
00039 ARG02A0126_039 f 0.00  0.000     0  0.00  0  0 -11.763   0.402   4.718   0.016  -1.200   0.000 02T0BEM000t
00040 ARG02A0126_040 f 0.00  0.000     0  0.00  0  0 -12.401   1.421   5.213  -0.008  -1.238   0.000 02T138M000t
00041 ARG03A0126_041 f 0.00  0.000     0  0.00  0  0 -13.067   0.173   1.015   0.005  -1.078   0.000 03O000M000t
00042 ARG03A0126_042 f 0.00  0.000     0  0.00  0  0 -12.946   3.179   3.061   0.027  -1.104   0.000 03E010M000t
00043 ARG03A0126_043 f 0.00  0.000     0  0.00  0  0 -10.895  -0.163   3.614  -0.037  -1.049   0.000 03E0DFM000t
00044 ARG03A0126_044 f 0.00  0.000     0  0.00  0  0 -11.995   1.129   1.255   0.022  -1.078   0.000 03E10AM000t
00045 ARG03A0126_045 f 0.00  0.000     0  0.00  0  0 -12.671   3.921   3.203   0.011  -1.147   0.000 03E001M000t
00046 ARG03A0126_046 f 0.00  0.000     0  0.00  0  0 -11.883   2.149   4.344   0.006  -1.119   0.000 03E0ABM000t
00047 ARG03A0126_047 f 0.00  0.000     0  0.00  0  0 -13.022   2.243   3.042  -0.098  -1.076   0.000 03E0F9M000t
00048 ARG03A0126_048 f 0.00  0.000     0  0.00  0  0 -12.452   3.216   0.984  -0.030  -1.109   0.000 03E118M000t
00049 ARG03A0126_049 f 0.00  0.000     0  0.00  0  0 -11.618   3.237   0.590  -0.006  -1.075   0.000 03T020M000t
00050 ARG03A0126_050 f 0.00  0.000     0  0.00  0  0  -8.487   0.490   3.721   0.030  -1.062   0.000 03T0E8M000t
00051 ARG03A0126_051 f 0.00  0.000     0  0.00  0  0 -12.945   3.358   0.925   0.024  -1.105   0.000 03T069M000t
00052 ARG03A0126_052 f 0.00  0.000     0  0.00  0  0 -11.732   0.393   4.641   0.013  -1.118   0.000 03T0BEM000t
00053 ARG03A0126_053 f 0.00  0.000     0  0.00  0  0 -13.308   2.923   3.172   0.026  -1.209   0.000 03T04AM000t
00054 ARG03A0126_054 f 0.00  0.000     0  0.00  0  0 -12.408   3.240   4.709   0.002  -1.128   0.000 03T018M000t
00055 ARG03A0126_055 f 0.00  0.000     0  0.00  0  0 -11.424   1.690   5.974   0.030  -1.122   0.000 03T03FM000t
00056 ARG03A0126_056 f 0.00  0.000     0  0.00  0  0 -13.307   3.236   3.956   0.012  -1.141   0.000 03T091M000t
00057 ARG03A0126_057 f 0.00  0.000     0  0.00  0  0 -11.787   0.098   1.279   0.004  -1.146   0.000 03T0D0M000t
00058 ARG03A0126_058 f 0.00  0.000     0  0.00  0  0 -11.344   0.308   3.493   0.016  -1.139   0.000 03T0E1M000t
00059 ARG03A0126_059 f 0.00  0.000     0  0.00  0  0 -12.646   1.239   1.284   0.025  -1.154   0.000 03T109M000t
00060 ARG03A0126_060 f 0.00  0.000     0  0.00  0  0 -12.490   1.407   5.147  -0.007  -1.161   0.000 03T138M000t
00061 ARG+1A0126_061 f 0.00  1.000     0 12.50  0  1 -13.106   0.173   1.015   0.049  -4.888   0.000 +1O000M000t
00062 ARG+1A0126_062 f 0.00  1.000     0 12.50  0  1 -12.583   3.910   3.213   0.076  -4.928   0.000 +1E001M000t
00063 ARG+1A0126_063 f 0.00  1.000     0 12.50  0  1 -11.475   1.703   6.025   0.057  -4.846   0.000 +1E03FM000t
00064 ARG+1A0126_064 f 0.00  1.000     0 12.50  0  1 -13.334   2.930   3.223   0.058  -4.863   0.000 +1E04AM000t
00065 ARG+1A0126_065 f 0.00  1.000     0 12.50  0  1 -12.976   3.305   0.946  -0.059  -4.864   0.000 +1E069M000t
00066 ARG+1A0126_066 f 0.00  1.000     0 12.50  0  1 -11.927   2.194   4.495   0.066  -4.922   0.000 +1E0ABM000t
00067 ARG+1A0126_067 f 0.00  1.000     0 12.50  0  1 -11.765   0.408   4.734   0.051  -4.957   0.000 +1E0BEM000t
00068 ARG+1A0126_068 f 0.00  1.000     0 12.50  0  1 -11.822   0.090   1.285   0.026  -4.811   0.000 +1E0D0M000t
00069 ARG+1A0126_069 f 0.00  1.000     0 12.50  0  1 -10.948  -0.169   3.618   0.103  -4.839   0.000 +1E0DFM000t
00070 ARG+1A0126_070 f 0.00  1.000     0 12.50  0  1 -11.424   0.306   3.508   0.154  -4.774   0.000 +1E0E1M000t
00071 ARG+1A0126_071 f 0.00  1.000     0 12.50  0  1 -13.187   2.216   3.083   0.205  -4.762   0.000 +1E0F9M000t
00072 ARG+1A0126_072 f 0.00  1.000     0 12.50  0  1 -12.823   1.241   1.331   0.082  -4.813   0.000 +1E109M000t
00073 ARG+1A0126_073 f 0.00  1.000     0 12.50  0  1 -12.151   1.159   1.322   0.071  -4.895   0.000 +1E10AM000t
00074 ARG+1A0126_074 f 0.00  1.000     0 12.50  0  1 -12.631   3.219   1.039   0.010  -4.839   0.000 +1E118M000t
00075 ARG+1A0126_075 f 0.00  1.000     0 12.50  0  1 -13.055   3.239   3.051  -0.002  -4.821   0.000 +1T010M000t
00076 ARG+1A0126_076 f 0.00  1.000     0 12.50  0  1 -12.414   3.236   4.694   0.068  -4.885   0.000 +1T018M000t
00077 ARG+1A0126_077 f 0.00  1.000     0 12.50  0  1 -11.703   3.259   0.585   0.047  -4.830   0.000 +1T020M000t
00078 ARG+1A0126_078 f 0.00  1.000     0 12.50  0  1 -13.516   3.275   4.080   0.074  -4.874   0.000 +1T091M000t
00079 ARG+1A0126_079 f 0.00  1.000     0 12.50  0  1  -8.590   0.490   3.742   0.082  -4.857   0.000 +1T0E8M000t
00080 ARG+1A0126_080 f 0.00  1.000     0 12.50  0  1 -12.489   1.423   5.255   0.068  -4.901   0.000 +1T138M000t
