   confID        vdw0    sas     sum
ARG01A0126_001   1.407 -14.453 -13.046
ARG01A0126_002   1.402 -14.180 -12.778
ARG01A0126_003   2.052 -14.327 -12.275
ARG01A0126_004   2.764 -14.501 -11.737
ARG01A0126_005   1.787 -14.870 -13.084
ARG01A0126_006   2.161 -14.635 -12.474
ARG01A0126_007   3.346 -14.486 -11.140
ARG01A0126_008   7.222 -14.037  -6.815
ARG01A0126_009   2.042 -14.431 -12.389
ARG01A0126_010   1.778 -14.552 -12.773
ARG01A0126_011   1.331 -14.341 -13.010
ARG01A0126_012   1.909 -13.567 -11.658
ARG01A0126_013   1.382 -14.548 -13.166
ARG01A0126_014   1.376 -14.867 -13.491
ARG01A0126_015   2.578 -14.269 -11.691
ARG01A0126_016   2.594 -14.499 -11.904
ARG01A0126_017   3.448 -14.732 -11.285
ARG01A0126_018   1.266 -14.580 -13.313
ARG01A0126_019   2.083 -14.352 -12.269
ARG01A0126_020   2.309 -14.097 -11.788
ARG02A0126_021   1.395 -14.453 -13.059
ARG02A0126_022   1.828 -13.634 -11.806
ARG02A0126_023   2.839 -14.343 -11.504
ARG02A0126_024   5.574 -14.385  -8.811
ARG02A0126_025   1.556 -14.696 -13.140
ARG02A0126_026   1.598 -14.953 -13.356
ARG02A0126_027   1.893 -14.266 -12.373
ARG02A0126_028   3.447 -14.976 -11.529
ARG02A0126_029   1.987 -14.631 -12.644
ARG02A0126_030   1.063 -14.273 -13.209
ARG02A0126_031   2.231 -14.400 -12.170
ARG02A0126_032   1.463 -14.354 -12.891
ARG02A0126_033   2.017 -14.977 -12.960
ARG02A0126_034   2.648 -14.499 -11.850
ARG02A0126_035   3.387 -14.303 -10.916
ARG02A0126_036   1.806 -14.548 -12.742
ARG02A0126_037   2.410 -14.540 -12.130
ARG02A0126_038   1.479 -14.164 -12.685
ARG02A0126_039   2.570 -14.333 -11.763
ARG02A0126_040   2.339 -14.741 -12.401
ARG03A0126_041   1.386 -14.453 -13.067
ARG03A0126_042   1.420 -14.367 -12.946
ARG03A0126_043   3.360 -14.255 -10.895
ARG03A0126_044   2.433 -14.428 -11.995
ARG03A0126_045   1.441 -14.112 -12.671
ARG03A0126_046   2.270 -14.153 -11.883
ARG03A0126_047   1.546 -14.568 -13.022
ARG03A0126_048   2.063 -14.515 -12.452
ARG03A0126_049   1.897 -13.515 -11.618
ARG03A0126_050   5.833 -14.320  -8.487
ARG03A0126_051   2.003 -14.948 -12.945
ARG03A0126_052   2.546 -14.278 -11.732
ARG03A0126_053   1.029 -14.337 -13.308
ARG03A0126_054   1.970 -14.378 -12.408
ARG03A0126_055   2.851 -14.275 -11.424
ARG03A0126_056   1.530 -14.838 -13.307
ARG03A0126_057   2.664 -14.451 -11.787
ARG03A0126_058   3.449 -14.793 -11.344
ARG03A0126_059   1.722 -14.368 -12.646
ARG03A0126_060   2.248 -14.737 -12.490
ARG+1A0126_061   1.347 -14.453 -13.106
ARG+1A0126_062   1.397 -13.980 -12.583
ARG+1A0126_063   2.852 -14.327 -11.475
ARG+1A0126_064   1.006 -14.340 -13.334
ARG+1A0126_065   1.985 -14.961 -12.976
ARG+1A0126_066   2.258 -14.185 -11.927
ARG+1A0126_067   2.504 -14.269 -11.765
ARG+1A0126_068   2.628 -14.451 -11.822
ARG+1A0126_069   3.306 -14.255 -10.948
ARG+1A0126_070   3.421 -14.844 -11.424
ARG+1A0126_071   1.513 -14.700 -13.187
ARG+1A0126_072   1.677 -14.500 -12.823
ARG+1A0126_073   2.386 -14.537 -12.151
ARG+1A0126_074   1.996 -14.627 -12.631
ARG+1A0126_075   1.363 -14.418 -13.055
ARG+1A0126_076   1.965 -14.378 -12.414
ARG+1A0126_077   1.864 -13.567 -11.703
ARG+1A0126_078   1.505 -15.021 -13.516
ARG+1A0126_079   5.930 -14.520  -8.590
ARG+1A0126_080   2.251 -14.741 -12.489
