CONFORMER         crg  vdw0  vdw1  tors  epol  self   occ  Hb     history    ASA
GLU01A0043_001  0.000 -3.78  0.25  3.47  0.00 -0.06 0.516  00  01O000M000  1.018
GLU01A0043_002  0.000 -2.93  0.25  5.32  0.00  2.63 0.515  00  01E004M000  1.003
GLU01A0043_003  0.000 -4.48 -0.01  6.28  0.00  1.79 0.515  00  01E016M000  1.121
GLU01A0043_004  0.000 -3.83  0.25  0.75  0.00 -2.83 0.516  00  01O000M000  1.028
GLU01A0043_005  0.000 -3.54  0.48  0.42  0.00 -2.64 0.515  00  01E013M000  1.036
GLU01A0043_006  0.000 -4.07  0.34  3.57  0.00 -0.17 0.516  00  01E015M000  1.000
GLU01A0043_007  0.000 -4.30  0.40  1.23  0.00 -2.67 0.514  00  01E018M000  1.021
GLU01A0043_008  0.000 -3.66  0.56  5.93  0.00  2.84 0.516  00  01T003M000  1.000
GLU01A0043_009  0.000 -3.05  0.19  5.31  0.00  2.46 0.513  00  01T00CM000  1.040
GLU01A0043_010  0.000 -4.33  1.80  4.12  0.00  1.58 0.516  00  01T00FM000  1.008
GLU01A0043_011  0.000 -4.29  1.69  4.13  0.00  1.54 0.515  00  01T010M000  1.011
GLU01A0043_012  0.000 -3.93  0.33  6.29  0.00  2.69 0.516  00  01T019M000  1.000
GLU01A0043_013  0.000 -2.91  0.25  5.37  0.00  2.71 0.515  00  01T007M000  1.022
GLU01A0043_014  0.000 -2.71  0.37  5.36  0.00  3.02 0.515  00  01T009M000  1.000
GLU01A0043_015  0.000 -3.54  0.48  3.13  0.00  0.07 0.515  00  01T013M000  1.036
GLU01A0043_016  0.000 -4.07  0.34  6.27  0.00  2.54 0.516  00  01T015M000  1.000
GLU01A0043_017  0.000 -4.30  0.40  3.95  0.00  0.05 0.514  00  01T018M000  1.021
GLU01A0043_018  0.000 -3.96  0.14  6.29  0.00  2.47 0.514  00  01T01CM000  1.005
GLU01A0043_019  0.000 -4.14  0.11  6.29  0.00  2.26 0.514  00  01T01FM000  1.046
GLU01A0043_020  0.000 -3.66  0.56  3.21  0.00  0.12 0.516  00  01T003M000  1.000
GLU01A0043_021  0.000 -2.66  0.37  2.58  0.00  0.29 0.515  00  01T009M000  1.000
GLU01A0043_022  0.000 -4.27  1.69  1.41  0.00 -1.17 0.515  00  01T010M000  1.008
GLU01A0043_023  0.000 -4.48 -0.01  3.55  0.00 -0.94 0.515  00  01T016M000  1.121
GLU01A0043_024  0.000 -4.16  0.13  3.57  0.00 -0.46 0.514  00  01T01FM000  1.030
GLU01A0043_025  0.000 -2.92  0.23  2.65  0.00 -0.04 0.515  00  01T004M000  1.003
GLU01A0043_026  0.000 -4.35  1.53  1.41  0.00 -1.41 0.516  00  01T00FM000  1.008
GLU01A0043_027  0.000 -3.81  0.71  0.33  0.00 -2.77 0.515  00  01T01AM000  1.003
GLU01A0043_028  0.000 -3.96  0.14  3.57  0.00 -0.25 0.514  00  01T01CM000  1.005
GLU02A0043_029  0.000 -4.04  0.24  3.47  0.00 -0.34 0.516  00  02O000M000  1.021
GLU02A0043_030  0.000 -3.13  0.37  5.31  0.00  2.54 0.515  00  02E009M000  1.000
GLU02A0043_031  0.000 -4.37  0.38  3.98  0.00 -0.01 0.514  00  02E018M000  1.016
GLU02A0043_032  0.000 -3.89  0.34  6.27  0.00  2.73 0.516  00  02E019M000  1.000
GLU02A0043_033  0.000 -4.08  0.24  0.75  0.00 -3.09 0.516  00  02O000M000  1.029
GLU02A0043_034  0.000 -3.05  0.09  2.65  0.00 -0.31 0.515  00  02E004M000  1.010
GLU02A0043_035  0.000 -3.90  0.46  0.53  0.00 -2.91 0.515  00  02E005M000  1.050
GLU02A0043_036  0.000 -3.10  0.18  2.66  0.00 -0.25 0.513  00  02E00CM000  1.056
GLU02A0043_037  0.000 -3.66  0.34  3.26  0.00 -0.06 0.516  00  02T008M000  1.031
GLU02A0043_038  0.000 -4.45  0.00  6.30  0.00  1.85 0.515  00  02T016M000  1.111
GLU02A0043_039  0.000 -4.14  0.15  6.29  0.00  2.29 0.514  00  02T01FM000  1.022
GLU02A0043_040  0.000 -3.93  0.55  5.92  0.00  2.55 0.516  00  02T003M000  1.000
GLU02A0043_041  0.000 -3.10  0.10  5.33  0.00  2.32 0.515  00  02T004M000  1.021
GLU02A0043_042  0.000 -3.80  0.47  3.25  0.00 -0.08 0.515  00  02T005M000  1.028
GLU02A0043_043  0.000 -3.03  0.13  5.33  0.00  2.43 0.515  00  02T007M000  1.022
GLU02A0043_044  0.000 -3.09  0.18  5.36  0.00  2.45 0.513  00  02T00CM000  1.056
GLU02A0043_045  0.000 -4.42  1.28  4.13  0.00  0.98 0.516  00  02T00FM000  1.015
GLU02A0043_046  0.000 -4.36  1.26  4.13  0.00  1.04 0.515  00  02T010M000  1.000
GLU02A0043_047  0.000 -4.05  0.33  6.28  0.00  2.57 0.516  00  02T015M000  1.007
GLU02A0043_048  0.000 -4.41 -0.27  3.68  0.00 -1.00 0.516  00  02T01BM000  1.003
GLU02A0043_049  0.000 -3.96  0.12  6.28  0.00  2.44 0.514  00  02T01CM000  1.000
GLU02A0043_050  0.000 -4.03  0.55  3.22  0.00 -0.26 0.516  00  02T003M000  1.005
GLU02A0043_051  0.000 -3.21  0.20  2.55  0.00 -0.46 0.515  00  02T007M000  1.017
GLU02A0043_052  0.000 -3.13  0.37  2.58  0.00 -0.18 0.515  00  02T009M000  1.000
GLU02A0043_053  0.000 -4.37  1.51  1.39  0.00 -1.48 0.516  00  02T00FM000  1.015
GLU02A0043_054  0.000 -4.36  1.47  1.40  0.00 -1.49 0.515  00  02T010M000  1.003
GLU02A0043_055  0.000 -4.37  0.38  1.24  0.00 -2.74 0.514  00  02T018M000  1.016
GLU02A0043_056  0.000 -4.01  0.33  3.56  0.00 -0.12 0.516  00  02T015M000  1.000
GLU02A0043_057  0.000 -4.47 -0.27  0.96  0.00 -3.78 0.516  00  02T01BM000  1.016
GLU02A0043_058  0.000 -3.98  0.12  3.56  0.00 -0.30 0.514  00  02T01CM000  1.005
GLU-1A0043_059 -1.000 -3.97  0.26  0.75  0.00 -2.96 0.516  00  -1O000M000  1.014
GLU-1A0043_060 -1.000 -3.77  0.57  3.18  0.00 -0.02 0.516  00  -1E003M000  1.000
GLU-1A0043_061 -1.000 -3.17  0.18  2.54  0.00 -0.46 0.515  00  -1E004M000  1.003
GLU-1A0043_062 -1.000 -3.85  0.45  0.50  0.00 -2.90 0.515  00  -1E005M000  1.042
GLU-1A0043_063 -1.000 -3.66  0.34  0.51  0.00 -2.82 0.516  00  -1E008M000  1.031
GLU-1A0043_064 -1.000 -4.43  1.52  1.37  0.00 -1.53 0.516  00  -1E00FM000  1.007
GLU-1A0043_065 -1.000 -4.21  1.55  1.37  0.00 -1.28 0.515  00  -1E010M000  1.003
GLU-1A0043_066 -1.000 -4.08  0.32  3.48  0.00 -0.28 0.516  00  -1E015M000  1.000
GLU-1A0043_067 -1.000 -4.41 -0.01  3.49  0.00 -0.93 0.515  00  -1E016M000  1.110
GLU-1A0043_068 -1.000 -3.88  0.35  3.48  0.00 -0.06 0.516  00  -1E019M000  1.000
GLU-1A0043_069 -1.000 -3.79  0.70  0.29  0.00 -2.80 0.515  00  -1E01AM000  1.000
GLU-1A0043_070 -1.000 -4.04  0.13  3.49  0.00 -0.42 0.514  00  -1E01CM000  1.003
GLU-1A0043_071 -1.000 -4.09  0.16  3.50  0.00 -0.43 0.514  00  -1E01FM000  1.023
