iConf CONFORMER     FL  occ    crg   Em0  pKa0 ne nH    vdw0    vdw1    tors    epol   dsolv   extra    history
00001 GLU01A0043_001 f 0.00  0.000     0  0.00  0  0  -3.792   0.250   3.467   0.051  -0.489   0.000 01O000M000t
00002 GLU01A0043_002 f 0.00  0.000     0  0.00  0  0  -2.930   0.250   5.323   0.010  -0.432   0.000 01E004M000t
00003 GLU01A0043_003 f 0.00  0.000     0  0.00  0  0  -4.449  -0.013   6.281   0.052  -0.511   0.000 01E016M000t
00004 GLU01A0043_004 f 0.00  0.000     0  0.00  0  0  -3.844   0.250   0.747   0.013  -0.354   0.000 01O000M000t
00005 GLU01A0043_005 f 0.00  0.000     0  0.00  0  0  -3.538   0.481   0.420   0.007  -0.357   0.000 01E013M000t
00006 GLU01A0043_006 f 0.00  0.000     0  0.00  0  0  -4.072   0.335   3.569   0.013  -0.379   0.000 01E015M000t
00007 GLU01A0043_007 f 0.00  0.000     0  0.00  0  0  -4.297   0.395   1.233   0.007  -0.388   0.000 01E018M000t
00008 GLU01A0043_008 f 0.00  0.000     0  0.00  0  0  -3.657   0.560   5.933   0.088  -0.481   0.000 01T003M000t
00009 GLU01A0043_009 f 0.00  0.000     0  0.00  0  0  -3.054   0.193   5.312   0.042  -0.480   0.000 01T00CM000t
00010 GLU01A0043_010 f 0.00  0.000     0  0.00  0  0  -4.333   1.795   4.117  -0.128  -0.439   0.000 01T00FM000t
00011 GLU01A0043_011 f 0.00  0.000     0  0.00  0  0  -4.287   1.690   4.133   0.213  -0.473   0.000 01T010M000t
00012 GLU01A0043_012 f 0.00  0.000     0  0.00  0  0  -3.931   0.329   6.288   0.001  -0.512   0.000 01T019M000t
00013 GLU01A0043_013 f 0.00  0.000     0  0.00  0  0  -2.926   0.252   5.371   0.229  -0.413   0.000 01T007M000t
00014 GLU01A0043_014 f 0.00  0.000     0  0.00  0  0  -2.715   0.376   5.357   0.044  -0.485   0.000 01T009M000t
00015 GLU01A0043_015 f 0.00  0.000     0  0.00  0  0  -3.538   0.481   3.132   0.038  -0.484   0.000 01T013M000t
00016 GLU01A0043_016 f 0.00  0.000     0  0.00  0  0  -4.072   0.335   6.275   0.049  -0.519   0.000 01T015M000t
00017 GLU01A0043_017 f 0.00  0.000     0  0.00  0  0  -4.297   0.397   3.948   0.020  -0.522   0.000 01T018M000t
00018 GLU01A0043_018 f 0.00  0.000     0  0.00  0  0  -3.959   0.134   6.291   0.020  -0.511   0.000 01T01CM000t
00019 GLU01A0043_019 f 0.00  0.000     0  0.00  0  0  -4.141   0.115   6.290   0.088  -0.490   0.000 01T01FM000t
00020 GLU01A0043_020 f 0.00  0.000     0  0.00  0  0  -3.657   0.560   3.213   0.020  -0.383   0.000 01T003M000t
00021 GLU01A0043_021 f 0.00  0.000     0  0.00  0  0  -2.663   0.371   2.584   0.016  -0.360   0.000 01T009M000t
00022 GLU01A0043_022 f 0.00  0.000     0  0.00  0  0  -4.274   1.690   1.413   0.019  -0.357   0.000 01T010M000t
00023 GLU01A0043_023 f 0.00  0.000     0  0.00  0  0  -4.449  -0.009   3.552   0.038  -0.360   0.000 01T016M000t
00024 GLU01A0043_024 f 0.00  0.000     0  0.00  0  0  -4.160   0.128   3.569   0.017  -0.355   0.000 01T01FM000t
00025 GLU01A0043_025 f 0.00  0.000     0  0.00  0  0  -2.919   0.229   2.648   0.017  -0.398   0.000 01T004M000t
00026 GLU01A0043_026 f 0.00  0.000     0  0.00  0  0  -4.345   1.536   1.407   0.030  -0.362   0.000 01T00FM000t
00027 GLU01A0043_027 f 0.00  0.000     0  0.00  0  0  -3.847   0.716   0.327   0.029  -0.376   0.000 01T01AM000t
00028 GLU01A0043_028 f 0.00  0.000     0  0.00  0  0  -3.959   0.134   3.571   0.012  -0.360   0.000 01T01CM000t
00029 GLU02A0043_029 f 0.00  0.000     0  0.00  0  0  -4.057   0.239   3.467   0.023  -0.510   0.000 02O000M000t
00030 GLU02A0043_030 f 0.00  0.000     0  0.00  0  0  -3.133   0.368   5.310  -0.026  -0.518   0.000 02E009M000t
00031 GLU02A0043_031 f 0.00  0.000     0  0.00  0  0  -4.366   0.380   3.978   0.017  -0.514   0.000 02E018M000t
00032 GLU02A0043_032 f 0.00  0.000     0  0.00  0  0  -3.888   0.343   6.276   0.019  -0.515   0.000 02E019M000t
00033 GLU02A0043_033 f 0.00  0.000     0  0.00  0  0  -4.095   0.239   0.747   0.004  -0.346   0.000 02O000M000t
00034 GLU02A0043_034 f 0.00  0.000     0  0.00  0  0  -3.056   0.094   2.647   0.024  -0.354   0.000 02E004M000t
00035 GLU02A0043_035 f 0.00  0.000     0  0.00  0  0  -3.900   0.465   0.530   0.013  -0.353   0.000 02E005M000t
00036 GLU02A0043_036 f 0.00  0.000     0  0.00  0  0  -3.101   0.182   2.660   0.023  -0.331   0.000 02E00CM000t
00037 GLU02A0043_037 f 0.00  0.000     0  0.00  0  0  -3.665   0.341   3.260  -0.015  -0.508   0.000 02T008M000t
00038 GLU02A0043_038 f 0.00  0.000     0  0.00  0  0  -4.411   0.003   6.300  -0.033  -0.462   0.000 02T016M000t
00039 GLU02A0043_039 f 0.00  0.000     0  0.00  0  0  -4.144   0.146   6.288   0.033  -0.545   0.000 02T01FM000t
00040 GLU02A0043_040 f 0.00  0.000     0  0.00  0  0  -3.924   0.550   5.922   0.001  -0.511   0.000 02T003M000t
00041 GLU02A0043_041 f 0.00  0.000     0  0.00  0  0  -3.103   0.095   5.334   0.035  -0.518   0.000 02T004M000t
00042 GLU02A0043_042 f 0.00  0.000     0  0.00  0  0  -3.796   0.465   3.250   0.028  -0.514   0.000 02T005M000t
00043 GLU02A0043_043 f 0.00  0.000     0  0.00  0  0  -3.031   0.136   5.334  -0.040  -0.498   0.000 02T007M000t
00044 GLU02A0043_044 f 0.00  0.000     0  0.00  0  0  -3.094   0.179   5.364   0.054  -0.532   0.000 02T00CM000t
00045 GLU02A0043_045 f 0.00  0.000     0  0.00  0  0  -4.420   1.275   4.127   0.099  -0.497   0.000 02T00FM000t
00046 GLU02A0043_046 f 0.00  0.000     0  0.00  0  0  -4.359   1.261   4.135  -0.019  -0.504   0.000 02T010M000t
00047 GLU02A0043_047 f 0.00  0.000     0  0.00  0  0  -4.045   0.328   6.286   0.004  -0.515   0.000 02T015M000t
00048 GLU02A0043_048 f 0.00  0.000     0  0.00  0  0  -4.407  -0.266   3.678   0.088  -0.481   0.000 02T01BM000t
00049 GLU02A0043_049 f 0.00  0.000     0  0.00  0  0  -3.955   0.121   6.276   0.067  -0.498   0.000 02T01CM000t
00050 GLU02A0043_050 f 0.00  0.000     0  0.00  0  0  -4.024   0.553   3.215   0.000  -0.348   0.000 02T003M000t
00051 GLU02A0043_051 f 0.00  0.000     0  0.00  0  0  -3.207   0.194   2.555  -0.035  -0.357   0.000 02T007M000t
00052 GLU02A0043_052 f 0.00  0.000     0  0.00  0  0  -3.133   0.368   2.583   0.001  -0.359   0.000 02T009M000t
00053 GLU02A0043_053 f 0.00  0.000     0  0.00  0  0  -4.373   1.507   1.394   0.076  -0.335   0.000 02T00FM000t
00054 GLU02A0043_054 f 0.00  0.000     0  0.00  0  0  -4.357   1.471   1.399  -0.022  -0.350   0.000 02T010M000t
00055 GLU02A0043_055 f 0.00  0.000     0  0.00  0  0  -4.368   0.382   1.244   0.006  -0.351   0.000 02T018M000t
00056 GLU02A0043_056 f 0.00  0.000     0  0.00  0  0  -4.010   0.328   3.566   0.003  -0.354   0.000 02T015M000t
00057 GLU02A0043_057 f 0.00  0.000     0  0.00  0  0  -4.472  -0.266   0.958   0.025  -0.340   0.000 02T01BM000t
00058 GLU02A0043_058 f 0.00  0.000     0  0.00  0  0  -3.980   0.121   3.556   0.021  -0.351   0.000 02T01CM000t
00059 GLU-1A0043_059 f 0.00 -1.000     0  4.75  0 -1  -3.988   0.262   0.747  -0.135  -3.127   0.000 -1O000M000t
00060 GLU-1A0043_060 f 0.00 -1.000     0  4.75  0 -1  -3.765   0.567   3.182  -0.181  -3.125   0.000 -1E003M000t
00061 GLU-1A0043_061 f 0.00 -1.000     0  4.75  0 -1  -3.141   0.176   2.536  -0.047  -3.120   0.000 -1E004M000t
00062 GLU-1A0043_062 f 0.00 -1.000     0  4.75  0 -1  -3.849   0.448   0.501  -0.051  -3.174   0.000 -1E005M000t
00063 GLU-1A0043_063 f 0.00 -1.000     0  4.75  0 -1  -3.665   0.339   0.508  -0.047  -3.159   0.000 -1E008M000t
00064 GLU-1A0043_064 f 0.00 -1.000     0  4.75  0 -1  -4.427   1.525   1.371   0.115  -3.081   0.000 -1E00FM000t
00065 GLU-1A0043_065 f 0.00 -1.000     0  4.75  0 -1  -4.206   1.549   1.373  -0.259  -3.096   0.000 -1E010M000t
00066 GLU-1A0043_066 f 0.00 -1.000     0  4.75  0 -1  -4.077   0.323   3.476  -0.083  -3.168   0.000 -1E015M000t
00067 GLU-1A0043_067 f 0.00 -1.000     0  4.75  0 -1  -4.407  -0.015   3.486  -0.043  -3.118   0.000 -1E016M000t
00068 GLU-1A0043_068 f 0.00 -1.000     0  4.75  0 -1  -3.883   0.353   3.476  -0.025  -3.160   0.000 -1E019M000t
00069 GLU-1A0043_069 f 0.00 -1.000     0  4.75  0 -1  -3.788   0.700   0.287  -0.189  -3.117   0.000 -1E01AM000t
00070 GLU-1A0043_070 f 0.00 -1.000     0  4.75  0 -1  -4.040   0.133   3.489  -0.113  -3.160   0.000 -1E01CM000t
00071 GLU-1A0043_071 f 0.00 -1.000     0  4.75  0 -1  -4.084   0.160   3.497  -0.081  -3.162   0.000 -1E01FM000t
