   confID        vdw0    sas     sum
GLU01A0043_001   1.159  -4.951  -3.792
GLU01A0043_002   1.743  -4.673  -2.930
GLU01A0043_003   0.723  -5.172  -4.449
GLU01A0043_004   1.159  -5.002  -3.844
GLU01A0043_005   1.255  -4.792  -3.538
GLU01A0043_006   0.723  -4.794  -4.072
GLU01A0043_007   0.413  -4.710  -4.297
GLU01A0043_008   1.080  -4.737  -3.657
GLU01A0043_009   1.797  -4.851  -3.054
GLU01A0043_010   0.404  -4.737  -4.333
GLU01A0043_011   0.405  -4.692  -4.287
GLU01A0043_012   0.697  -4.628  -3.931
GLU01A0043_013   1.713  -4.639  -2.926
GLU01A0043_014   1.803  -4.518  -2.715
GLU01A0043_015   1.255  -4.792  -3.538
GLU01A0043_016   0.723  -4.794  -4.072
GLU01A0043_017   0.413  -4.710  -4.297
GLU01A0043_018   0.755  -4.714  -3.959
GLU01A0043_019   0.727  -4.869  -4.141
GLU01A0043_020   1.080  -4.737  -3.657
GLU01A0043_021   1.806  -4.469  -2.663
GLU01A0043_022   0.405  -4.679  -4.274
GLU01A0043_023   0.723  -5.172  -4.449
GLU01A0043_024   0.696  -4.856  -4.160
GLU01A0043_025   1.707  -4.626  -2.919
GLU01A0043_026   0.409  -4.755  -4.345
GLU01A0043_027   1.052  -4.899  -3.847
GLU01A0043_028   0.755  -4.714  -3.959
GLU02A0043_029   0.970  -5.027  -4.057
GLU02A0043_030   1.503  -4.636  -3.133
GLU02A0043_031   0.386  -4.752  -4.366
GLU02A0043_032   0.671  -4.558  -3.888
GLU02A0043_033   0.970  -5.065  -4.095
GLU02A0043_034   1.636  -4.692  -3.056
GLU02A0043_035   0.996  -4.897  -3.900
GLU02A0043_036   1.659  -4.760  -3.101
GLU02A0043_037   0.981  -4.646  -3.665
GLU02A0043_038   0.700  -5.111  -4.411
GLU02A0043_039   0.671  -4.815  -4.144
GLU02A0043_040   0.937  -4.862  -3.924
GLU02A0043_041   1.640  -4.744  -3.103
GLU02A0043_042   0.997  -4.794  -3.796
GLU02A0043_043   1.643  -4.674  -3.031
GLU02A0043_044   1.666  -4.760  -3.094
GLU02A0043_045   0.399  -4.819  -4.420
GLU02A0043_046   0.398  -4.757  -4.359
GLU02A0043_047   0.684  -4.728  -4.045
GLU02A0043_048   0.457  -4.865  -4.407
GLU02A0043_049   0.732  -4.687  -3.955
GLU02A0043_050   0.932  -4.956  -4.024
GLU02A0043_051   1.457  -4.664  -3.207
GLU02A0043_052   1.503  -4.636  -3.133
GLU02A0043_053   0.398  -4.772  -4.373
GLU02A0043_054   0.400  -4.757  -4.357
GLU02A0043_055   0.384  -4.752  -4.368
GLU02A0043_056   0.684  -4.694  -4.010
GLU02A0043_057   0.457  -4.929  -4.472
GLU02A0043_058   0.732  -4.713  -3.980
GLU-1A0043_059   0.881  -4.869  -3.988
GLU-1A0043_060   0.850  -4.615  -3.765
GLU-1A0043_061   1.401  -4.542  -3.141
GLU-1A0043_062   0.904  -4.753  -3.849
GLU-1A0043_063   0.900  -4.564  -3.665
GLU-1A0043_064   0.304  -4.731  -4.427
GLU-1A0043_065   0.301  -4.507  -4.206
GLU-1A0043_066   0.573  -4.650  -4.077
GLU-1A0043_067   0.604  -5.010  -4.407
GLU-1A0043_068   0.574  -4.456  -3.883
GLU-1A0043_069   0.840  -4.628  -3.788
GLU-1A0043_070   0.602  -4.641  -4.040
GLU-1A0043_071   0.578  -4.663  -4.084
