CONFORMER         crg  vdw0  vdw1  tors  epol  self   occ  Hb     history    ASA
LYS01A0116_001  0.000-11.98  0.69  3.59  0.00 -7.70 0.501  00  01O000M000  1.000
LYS01A0116_002  0.000-11.29 -0.49  1.83  0.00 -9.95 0.501  00  01E04FM000  1.000
LYS01A0116_003  0.000-12.33  0.05  2.53  0.00 -9.75 0.501  00  01E050M000  1.000
LYS01A0116_004  0.000-10.38  1.24  3.10  0.00 -6.05 0.501  00  01E07CM000  1.000
LYS01A0116_005  0.000 -7.92 -0.30  1.91  0.00 -6.31 0.501  00  01E0FEM000  1.000
LYS01A0116_006  0.000 -9.87  0.10  3.18  0.00 -6.59 0.501  00  01E110M000  1.000
LYS01A0116_007  0.000-12.09  1.71  2.85  0.00 -7.52 0.501  00  01E133M000  1.000
LYS01A0116_008  0.000-11.94  2.77  2.33  0.00 -6.84 0.501  00  01E158M000  1.000
LYS01A0116_009  0.000 -9.94  0.45  3.23  0.00 -6.26 0.501  00  01E166M000  1.000
LYS01A0116_010  0.000-11.20 -0.08  2.73  0.00 -8.55 0.501  00  01E182M000  1.000
LYS01A0116_011  0.000 -9.11  0.49  3.77  0.00 -4.85 0.501  00  01E1C4M000  1.000
LYS01A0116_012  0.000-11.41  2.07  2.44  0.00 -6.89 0.502  00  01E1FAM000  1.000
LYS01A0116_013  0.000-12.39  2.06  2.33  0.00 -8.00 0.501  00  01T03AM000  1.000
LYS01A0116_014  0.000-11.96  7.00  3.20  0.00 -1.75 0.500  00  01T042M000  1.000
LYS01A0116_015  0.000-12.02  0.36  2.35  0.00 -9.31 0.501  00  01T0D3M000  1.000
LYS01A0116_016  0.000-11.48 -0.26  2.14  0.00 -9.60 0.502  00  01T103M000  1.000
LYS01A0116_017  0.000-12.14  0.27  3.69  0.00 -8.18 0.501  00  01T10EM000  1.000
LYS01A0116_018  0.000-10.90  0.91  3.65  0.00 -6.34 0.501  00  01T145M000  1.000
LYS01A0116_019  0.000-11.59  6.89  3.46  0.00 -1.24 0.500  00  01T173M000  1.000
LYS01A0116_020  0.000-10.94 -0.15  3.50  0.00 -7.59 0.501  00  01T1B0M000  1.000
LYS+1A0116_021  1.000-12.03  0.69  3.59  0.00 -7.74 0.501  00  +1O000M000  1.000
LYS+1A0116_022  1.000-12.13  7.02  3.24  0.00 -1.87 0.500  00  +1E042M000  1.000
LYS+1A0116_023  1.000 -8.05 -0.30  1.97  0.00 -6.38 0.501  00  +1E0FEM000  1.000
LYS+1A0116_024  1.000-12.04  0.27  3.78  0.00 -7.99 0.501  00  +1E10EM000  1.000
LYS+1A0116_025  1.000 -9.81  0.09  3.27  0.00 -6.44 0.501  00  +1E110M000  1.000
LYS+1A0116_026  1.000-10.27  0.35  3.39  0.00 -6.53 0.501  00  +1E166M000  1.000
LYS+1A0116_027  1.000-11.47  6.87  3.50  0.00 -1.10 0.500  00  +1E173M000  1.000
LYS+1A0116_028  1.000-11.05 -0.15  3.63  0.00 -7.57 0.501  00  +1E1B0M000  1.000
LYS+1A0116_029  1.000-11.54  2.08  2.47  0.00 -6.99 0.502  00  +1E1FAM000  1.000
LYS+1A0116_030  1.000-12.36  1.97  2.37  0.00 -8.02 0.501  00  +1T03AM000  1.000
LYS+1A0116_031  1.000-11.31 -0.49  1.85  0.00 -9.95 0.501  00  +1T04FM000  1.000
LYS+1A0116_032  1.000-12.53  0.05  2.55  0.00 -9.93 0.501  00  +1T050M000  1.000
LYS+1A0116_033  1.000-10.58  1.24  3.13  0.00 -6.21 0.501  00  +1T07CM000  1.000
LYS+1A0116_034  1.000-12.06  0.36  2.40  0.00 -9.29 0.501  00  +1T0D3M000  1.000
LYS+1A0116_035  1.000-11.43 -0.26  2.19  0.00 -9.51 0.502  00  +1T103M000  1.000
LYS+1A0116_036  1.000-12.09  1.72  2.89  0.00 -7.49 0.501  00  +1T133M000  1.000
LYS+1A0116_037  1.000-10.90  0.89  3.72  0.00 -6.29 0.501  00  +1T145M000  1.000
LYS+1A0116_038  1.000-12.00  2.87  2.34  0.00 -6.79 0.501  00  +1T158M000  1.000
LYS+1A0116_039  1.000-11.26 -0.08  2.75  0.00 -8.58 0.501  00  +1T182M000  1.000
LYS+1A0116_040  1.000 -8.99  0.48  3.80  0.00 -4.71 0.501  00  +1T1C4M000  1.000
