iConf CONFORMER     FL  occ    crg   Em0  pKa0 ne nH    vdw0    vdw1    tors    epol   dsolv   extra    history
00001 LYS01A0116_001 f 0.00  0.000     0  0.00  0  0 -11.980   0.742   3.590  -0.008  -0.517   0.000 01O000M000t
00002 LYS01A0116_002 f 0.00  0.000     0  0.00  0  0 -11.290  -0.490   1.834  -0.021  -0.535   0.000 01E04FM000t
00003 LYS01A0116_003 f 0.00  0.000     0  0.00  0  0 -12.325   0.049   2.532  -0.003  -0.507   0.000 01E050M000t
00004 LYS01A0116_004 f 0.00  0.000     0  0.00  0  0 -10.457   1.288   3.097   0.002  -0.471   0.000 01E07CM000t
00005 LYS01A0116_005 f 0.00  0.000     0  0.00  0  0  -7.920  -0.251   1.915  -0.004  -0.491   0.000 01E0FEM000t
00006 LYS01A0116_006 f 0.00  0.000     0  0.00  0  0  -9.862   0.149   3.178   0.016  -0.440   0.000 01E110M000t
00007 LYS01A0116_007 f 0.00  0.000     0  0.00  0  0 -12.093   1.764   2.856  -0.006  -0.488   0.000 01E133M000t
00008 LYS01A0116_008 f 0.00  0.000     0  0.00  0  0 -11.938   2.769   2.327  -0.014  -0.492   0.000 01E158M000t
00009 LYS01A0116_009 f 0.00  0.000     0  0.00  0  0  -9.942   0.455   3.225  -0.205  -0.465   0.000 01E166M000t
00010 LYS01A0116_010 f 0.00  0.000     0  0.00  0  0 -11.200  -0.081   2.728  -0.010  -0.498   0.000 01E182M000t
00011 LYS01A0116_011 f 0.00  0.000     0  0.00  0  0  -9.108   0.486   3.775  -0.005  -0.448   0.000 01E1C4M000t
00012 LYS01A0116_012 f 0.00  0.000     0  0.00  0  0 -11.405   2.116   2.441   0.001  -0.506   0.000 01E1FAM000t
00013 LYS01A0116_013 f 0.00  0.000     0  0.00  0  0 -12.393   2.065   2.332  -0.007  -0.514   0.000 01T03AM000t
00014 LYS01A0116_014 f 0.00  0.000     0  0.00  0  0 -11.955   7.019   3.199   0.013  -0.488   0.000 01T042M000t
00015 LYS01A0116_015 f 0.00  0.000     0  0.00  0  0 -12.021   0.407   2.356  -0.011  -0.515   0.000 01T0D3M000t
00016 LYS01A0116_016 f 0.00  0.000     0  0.00  0  0 -11.420  -0.204   2.139  -0.013  -0.513   0.000 01T103M000t
00017 LYS01A0116_017 f 0.00  0.000     0  0.00  0  0 -12.135   0.315   3.694  -0.009  -0.515   0.000 01T10EM000t
00018 LYS01A0116_018 f 0.00  0.000     0  0.00  0  0 -10.902   0.911   3.646  -0.010  -0.490   0.000 01T145M000t
00019 LYS01A0116_019 f 0.00  0.000     0  0.00  0  0 -11.586   6.887   3.463  -0.005  -0.507   0.000 01T173M000t
00020 LYS01A0116_020 f 0.00  0.000     0  0.00  0  0 -10.946  -0.150   3.505  -0.014  -0.493   0.000 01T1B0M000t
00021 LYS+1A0116_021 f 0.00  1.000     0 10.40  0  1 -12.025   0.741   3.590   0.052  -7.393   0.000 +1O000M000t
00022 LYS+1A0116_022 f 0.00  1.000     0 10.40  0  1 -12.133   7.027   3.241  -0.162  -7.260   0.000 +1E042M000t
00023 LYS+1A0116_023 f 0.00  1.000     0 10.40  0  1  -8.061  -0.249   1.969   0.108  -7.173   0.000 +1E0FEM000t
00024 LYS+1A0116_024 f 0.00  1.000     0 10.40  0  1 -12.035   0.320   3.777   0.058  -7.306   0.000 +1E10EM000t
00025 LYS+1A0116_025 f 0.00  1.000     0 10.40  0  1  -9.798   0.143   3.272   0.132  -7.053   0.000 +1E110M000t
00026 LYS+1A0116_026 f 0.00  1.000     0 10.40  0  1 -10.271   0.347   3.393   0.262  -6.877   0.000 +1E166M000t
00027 LYS+1A0116_027 f 0.00  1.000     0 10.40  0  1 -11.476   6.863   3.499   0.049  -7.281   0.000 +1E173M000t
00028 LYS+1A0116_028 f 0.00  1.000     0 10.40  0  1 -11.045  -0.149   3.635   0.034  -7.185   0.000 +1E1B0M000t
00029 LYS+1A0116_029 f 0.00  1.000     0 10.40  0  1 -11.547   2.133   2.472   0.081  -7.223   0.000 +1E1FAM000t
00030 LYS+1A0116_030 f 0.00  1.000     0 10.40  0  1 -12.361   1.972   2.370   0.080  -7.260   0.000 +1T03AM000t
00031 LYS+1A0116_031 f 0.00  1.000     0 10.40  0  1 -11.308  -0.491   1.851   0.075  -7.340   0.000 +1T04FM000t
00032 LYS+1A0116_032 f 0.00  1.000     0 10.40  0  1 -12.530   0.049   2.548   0.023  -7.328   0.000 +1T050M000t
00033 LYS+1A0116_033 f 0.00  1.000     0 10.40  0  1 -10.581   1.288   3.132   0.139  -7.117   0.000 +1T07CM000t
00034 LYS+1A0116_034 f 0.00  1.000     0 10.40  0  1 -12.058   0.410   2.408   0.057  -7.311   0.000 +1T0D3M000t
00035 LYS+1A0116_035 f 0.00  1.000     0 10.40  0  1 -11.429  -0.211   2.187   0.074  -7.323   0.000 +1T103M000t
00036 LYS+1A0116_036 f 0.00  1.000     0 10.40  0  1 -12.093   1.767   2.885   0.061  -7.300   0.000 +1T133M000t
00037 LYS+1A0116_037 f 0.00  1.000     0 10.40  0  1 -10.899   0.891   3.718   0.059  -7.277   0.000 +1T145M000t
00038 LYS+1A0116_038 f 0.00  1.000     0 10.40  0  1 -11.997   2.866   2.345   0.078  -7.234   0.000 +1T158M000t
00039 LYS+1A0116_039 f 0.00  1.000     0 10.40  0  1 -11.254  -0.084   2.754   0.059  -7.257   0.000 +1T182M000t
00040 LYS+1A0116_040 f 0.00  1.000     0 10.40  0  1  -8.990   0.476   3.804   0.105  -6.999   0.000 +1T1C4M000t
