   confID        vdw0    sas     sum
LYS01A0116_001   0.985 -12.965 -11.980
LYS01A0116_002   1.456 -12.746 -11.290
LYS01A0116_003   0.668 -12.994 -12.325
LYS01A0116_004   2.028 -12.485 -10.457
LYS01A0116_005   4.119 -12.040  -7.920
LYS01A0116_006   2.150 -12.011  -9.862
LYS01A0116_007   0.715 -12.808 -12.093
LYS01A0116_008   0.542 -12.480 -11.938
LYS01A0116_009   2.055 -11.997  -9.942
LYS01A0116_010   0.884 -12.084 -11.200
LYS01A0116_011   3.328 -12.437  -9.108
LYS01A0116_012   0.965 -12.370 -11.405
LYS01A0116_013   0.340 -12.733 -12.393
LYS01A0116_014   0.779 -12.734 -11.955
LYS01A0116_015   0.535 -12.556 -12.021
LYS01A0116_016   0.776 -12.197 -11.420
LYS01A0116_017   0.457 -12.592 -12.135
LYS01A0116_018   1.790 -12.692 -10.902
LYS01A0116_019   0.980 -12.567 -11.586
LYS01A0116_020   1.863 -12.808 -10.946
LYS+1A0116_021   0.940 -12.965 -12.025
LYS+1A0116_022   0.743 -12.876 -12.133
LYS+1A0116_023   4.030 -12.091  -8.061
LYS+1A0116_024   0.424 -12.460 -12.035
LYS+1A0116_025   2.146 -11.944  -9.798
LYS+1A0116_026   1.681 -11.951 -10.271
LYS+1A0116_027   0.907 -12.383 -11.476
LYS+1A0116_028   1.764 -12.808 -11.045
LYS+1A0116_029   0.891 -12.438 -11.547
LYS+1A0116_030   0.308 -12.669 -12.361
LYS+1A0116_031   1.374 -12.682 -11.308
LYS+1A0116_032   0.618 -13.148 -12.530
LYS+1A0116_033   2.020 -12.600 -10.581
LYS+1A0116_034   0.498 -12.556 -12.058
LYS+1A0116_035   0.726 -12.155 -11.429
LYS+1A0116_036   0.660 -12.753 -12.093
LYS+1A0116_037   1.699 -12.599 -10.899
LYS+1A0116_038   0.480 -12.476 -11.997
LYS+1A0116_039   0.830 -12.084 -11.254
LYS+1A0116_040   3.370 -12.360  -8.990
