iConf CONFORMER     FL  occ    crg   Em0  pKa0 ne nH    vdw0    vdw1    tors    epol   dsolv   extra    history
00001 ASP01A0077_001 f 0.00  0.000     0  0.00  0  0  -4.457   1.200   4.487   0.417  -0.934   0.000 01O000M000t
00002 ASP01A0077_002 f 0.00  0.000     0  0.00  0  0  -4.167   0.018   4.727   0.128  -1.042   0.000 01E003M000t
00003 ASP01A0077_003 f 0.00  0.000     0  0.00  0  0  -4.457   1.200   1.767   0.054  -0.706   0.000 01O000M000t
00004 ASP01A0077_004 f 0.00  0.000     0  0.00  0  0  -4.219   0.616   1.984   0.018  -0.698   0.000 01E007M000t
00005 ASP01A0077_005 f 0.00  0.000     0  0.00  0  0  -4.503   0.067   4.641   0.145  -0.982   0.000 01T005M000t
00006 ASP01A0077_006 f 0.00  0.000     0  0.00  0  0  -4.218   1.174   4.709   0.059  -1.017   0.000 01T006M000t
00007 ASP01A0077_007 f 0.00  0.000     0  0.00  0  0  -4.219   0.616   4.704   0.174  -0.977   0.000 01T007M000t
00008 ASP01A0077_008 f 0.00  0.000     0  0.00  0  0  -4.324   0.344   4.695   0.241  -1.015   0.000 01T009M000t
00009 ASP01A0077_009 f 0.00  0.000     0  0.00  0  0  -4.205   0.019   2.006   0.089  -0.691   0.000 01T003M000t
00010 ASP01A0077_010 f 0.00  0.000     0  0.00  0  0  -4.503   0.067   1.921   0.051  -0.707   0.000 01T005M000t
00011 ASP01A0077_011 f 0.00  0.000     0  0.00  0  0  -4.330   0.313   1.898   0.152  -0.680   0.000 01T009M000t
00012 ASP01A0077_012 f 0.00  0.000     0  0.00  0  0  -4.202   0.588   2.067   0.110  -0.706   0.000 01T008M000t
00013 ASP02A0077_013 f 0.00  0.000     0  0.00  0  0  -4.324   0.898   4.487   0.039  -1.039   0.000 02O000M000t
00014 ASP02A0077_014 f 0.00  0.000     0  0.00  0  0  -4.289   0.898   1.767   0.020  -0.693   0.000 02O000M000t
00015 ASP02A0077_015 f 0.00  0.000     0  0.00  0  0  -4.473   1.250   1.247   0.046  -0.679   0.000 02E001M000t
00016 ASP02A0077_016 f 0.00  0.000     0  0.00  0  0  -4.338   1.066   2.067   0.077  -0.685   0.000 02E006M000t
00017 ASP02A0077_017 f 0.00  0.000     0  0.00  0  0  -4.578  -0.005   4.642   0.090  -1.051   0.000 02T005M000t
00018 ASP02A0077_018 f 0.00  0.000     0  0.00  0  0  -4.473   1.251   3.960   0.053  -1.037   0.000 02T001M000t
00019 ASP02A0077_019 f 0.00  0.000     0  0.00  0  0  -4.338   0.472   4.794   0.092  -1.016   0.000 02T008M000t
00020 ASP02A0077_020 f 0.00  0.000     0  0.00  0  0  -4.245   0.335   4.683   0.185  -1.011   0.000 02T009M000t
00021 ASP02A0077_021 f 0.00  0.000     0  0.00  0  0  -4.252  -0.010   2.019   0.095  -0.686   0.000 02T003M000t
00022 ASP02A0077_022 f 0.00  0.000     0  0.00  0  0  -4.289   0.603   1.965   0.027  -0.683   0.000 02T007M000t
00023 ASP02A0077_023 f 0.00  0.000     0  0.00  0  0  -4.338   0.472   2.074   0.070  -0.687   0.000 02T008M000t
00024 ASP02A0077_024 f 0.00  0.000     0  0.00  0  0  -4.245   0.335   1.963   0.139  -0.697   0.000 02T009M000t
00025 ASP-1A0077_025 f 0.00 -1.000     0  4.75  0 -1  -4.243   0.915   1.767  -0.301  -6.002   0.000 -1O000M000t
00026 ASP-1A0077_026 f 0.00 -1.000     0  4.75  0 -1  -4.425  -0.000   1.777  -0.195  -6.015   0.000 -1E005M000t
00027 ASP-1A0077_027 f 0.00 -1.000     0  4.75  0 -1  -4.156   0.339   1.888  -0.255  -5.985   0.000 -1E008M000t
00028 ASP-1A0077_028 f 0.00 -1.000     0  4.75  0 -1  -4.185   0.210   1.756  -0.350  -6.051   0.000 -1E009M000t
