   confID        vdw0    sas     sum
ASP01A0077_001   0.070  -4.527  -4.457
ASP01A0077_002   0.286  -4.453  -4.167
ASP01A0077_003   0.070  -4.527  -4.457
ASP01A0077_004   0.253  -4.471  -4.219
ASP01A0077_005   0.236  -4.740  -4.503
ASP01A0077_006   0.309  -4.527  -4.218
ASP01A0077_007   0.253  -4.471  -4.219
ASP01A0077_008   0.240  -4.564  -4.324
ASP01A0077_009   0.287  -4.491  -4.205
ASP01A0077_010   0.236  -4.740  -4.503
ASP01A0077_011   0.234  -4.564  -4.330
ASP01A0077_012   0.303  -4.505  -4.202
ASP02A0077_013   0.118  -4.442  -4.324
ASP02A0077_014   0.118  -4.407  -4.289
ASP02A0077_015   0.097  -4.570  -4.473
ASP02A0077_016   0.285  -4.623  -4.338
ASP02A0077_017   0.241  -4.819  -4.578
ASP02A0077_018   0.097  -4.570  -4.473
ASP02A0077_019   0.281  -4.619  -4.338
ASP02A0077_020   0.236  -4.480  -4.245
ASP02A0077_021   0.274  -4.525  -4.252
ASP02A0077_022   0.243  -4.533  -4.289
ASP02A0077_023   0.281  -4.619  -4.338
ASP02A0077_024   0.236  -4.480  -4.245
ASP-1A0077_025   0.059  -4.302  -4.243
ASP-1A0077_026   0.178  -4.603  -4.425
ASP-1A0077_027   0.232  -4.388  -4.156
ASP-1A0077_028   0.177  -4.362  -4.185
