CONFORMER         crg  vdw0  vdw1  tors  epol  self   occ  Hb     history    ASA
LYS01A0116_001  0.000-11.98  0.74  3.59  0.00 -7.65 0.501  00  01O000M000  1.000
LYS01A0116_002  0.000-11.96  1.50  1.93  0.00 -8.54 0.501  00  01E02EM000  1.000
LYS01A0116_003  0.000-10.69  3.11  2.85  0.00 -4.72 0.501  00  01E068M000  1.000
LYS01A0116_004  0.000 -9.78  2.30  2.36  0.00 -5.13 0.501  00  01E06FM000  1.000
LYS01A0116_005  0.000-11.86  1.54  2.84  0.00 -7.48 0.500  00  01E0E5M000  1.000
LYS01A0116_006  0.000 -9.48  1.45  2.12  0.00 -5.90 0.501  00  01E12AM000  1.000
LYS01A0116_007  0.000-11.47  5.46  3.48  0.00 -2.54 0.501  00  01E176M000  1.000
LYS01A0116_008  0.000-10.48  0.21  3.78  0.00 -6.49 0.501  00  01E1C8M000  1.000
LYS01A0116_009  0.000 -8.95  2.69  2.62  0.00 -3.63 0.501  00  01E206M000  1.000
LYS01A0116_010  0.000-11.81  2.13  2.74  0.00 -6.94 0.501  00  01E218M000  1.000
LYS01A0116_011  0.000-11.79  7.18  3.91  0.00 -0.70 0.501  00  01T040M000  1.000
LYS01A0116_012  0.000-12.35  0.21  3.55  0.00 -8.59 0.501  00  01T063M000  1.000
LYS01A0116_013  0.000-12.18  1.86  2.49  0.00 -7.83 0.501  00  01T06CM000  1.000
LYS01A0116_014  0.000-10.62  0.83  4.06  0.00 -5.73 0.501  00  01T099M000  1.000
LYS01A0116_015  0.000-11.61  0.60  2.78  0.00 -8.23 0.500  00  01T0CFM000  1.000
LYS01A0116_016  0.000 -9.41  1.36  1.70  0.00 -6.34 0.501  00  01T12BM000  1.000
LYS01A0116_017  0.000-10.94 -0.15  3.50  0.00 -7.59 0.501  00  01T1B0M000  1.000
LYS01A0116_018  0.000-11.00  1.74  2.69  0.00 -6.58 0.501  00  01T1FFM000  1.000
LYS01A0116_019  0.000-12.17  3.14  3.58  0.00 -5.45 0.501  00  01T201M000  1.000
LYS01A0116_020  0.000-11.53  5.46  3.43  0.00 -2.64 0.501  00  01T230M000  1.000
LYS+1A0116_021  1.000-12.03  0.74  3.59  0.00 -7.69 0.501  00  +1O000M000  1.000
LYS+1A0116_022  1.000-10.76  3.14  2.91  0.00 -4.70 0.501  00  +1E068M000  1.000
LYS+1A0116_023  1.000-10.05  2.28  2.37  0.00 -5.40 0.501  00  +1E06FM000  1.000
LYS+1A0116_024  1.000-11.84  0.60  2.86  0.00 -8.37 0.500  00  +1E0CFM000  1.000
LYS+1A0116_025  1.000-11.84  1.53  2.87  0.00 -7.43 0.500  00  +1E0E5M000  1.000
LYS+1A0116_026  1.000 -9.46  1.36  1.76  0.00 -6.34 0.501  00  +1E12BM000  1.000
LYS+1A0116_027  1.000-11.05 -0.15  3.63  0.00 -7.57 0.501  00  +1E1B0M000  1.000
LYS+1A0116_028  1.000-10.39  0.21  3.87  0.00 -6.31 0.501  00  +1E1C8M000  1.000
LYS+1A0116_029  1.000-11.06  1.75  2.72  0.00 -6.59 0.501  00  +1E1FFM000  1.000
LYS+1A0116_030  1.000-11.83  2.16  2.79  0.00 -6.88 0.501  00  +1E218M000  1.000
LYS+1A0116_031  1.000-11.66  5.42  3.45  0.00 -2.78 0.501  00  +1E230M000  1.000
LYS+1A0116_032  1.000-12.23  1.52  1.98  0.00 -8.74 0.501  00  +1T02EM000  1.000
LYS+1A0116_033  1.000-11.83  7.17  3.95  0.00 -0.71 0.501  00  +1T040M000  1.000
LYS+1A0116_034  1.000-12.28  0.22  3.60  0.00 -8.46 0.501  00  +1T063M000  1.000
LYS+1A0116_035  1.000-12.30  1.88  2.51  0.00 -7.92 0.501  00  +1T06CM000  1.000
LYS+1A0116_036  1.000-10.83  0.82  4.15  0.00 -5.85 0.501  00  +1T099M000  1.000
LYS+1A0116_037  1.000 -9.57  1.46  2.16  0.00 -5.95 0.501  00  +1T12AM000  1.000
LYS+1A0116_038  1.000-11.41  5.44  3.49  0.00 -2.49 0.501  00  +1T176M000  1.000
LYS+1A0116_039  1.000-12.21  3.16  3.64  0.00 -5.41 0.501  00  +1T201M000  1.000
LYS+1A0116_040  1.000 -8.87  2.71  2.66  0.00 -3.50 0.501  00  +1T206M000  1.000
