iConf CONFORMER     FL  occ    crg   Em0  pKa0 ne nH    vdw0    vdw1    tors    epol   dsolv   extra    history
00001 LYS01A0116_001 f 0.00  0.000     0  0.00  0  0 -11.980   0.742   3.590  -0.008  -0.413   0.000 01O000M000t
00002 LYS01A0116_002 f 0.00  0.000     0  0.00  0  0 -11.966   1.500   1.926  -0.007  -0.432   0.000 01E02EM000t
00003 LYS01A0116_003 f 0.00  0.000     0  0.00  0  0 -10.685   3.109   2.854  -0.009  -0.422   0.000 01E068M000t
00004 LYS01A0116_004 f 0.00  0.000     0  0.00  0  0  -9.789   2.291   2.359  -0.010  -0.417   0.000 01E06FM000t
00005 LYS01A0116_005 f 0.00  0.000     0  0.00  0  0 -11.862   1.541   2.845  -0.010  -0.379   0.000 01E0E5M000t
00006 LYS01A0116_006 f 0.00  0.000     0  0.00  0  0  -9.474   1.451   2.124   0.007  -0.366   0.000 01E12AM000t
00007 LYS01A0116_007 f 0.00  0.000     0  0.00  0  0 -11.469   5.460   3.477  -0.032  -0.370   0.000 01E176M000t
00008 LYS01A0116_008 f 0.00  0.000     0  0.00  0  0 -10.481   0.213   3.782  -0.033  -0.405   0.000 01E1C8M000t
00009 LYS01A0116_009 f 0.00  0.000     0  0.00  0  0  -8.954   2.693   2.626  -0.030  -0.383   0.000 01E206M000t
00010 LYS01A0116_010 f 0.00  0.000     0  0.00  0  0 -11.811   2.120   2.743  -0.009  -0.438   0.000 01E218M000t
00011 LYS01A0116_011 f 0.00  0.000     0  0.00  0  0 -11.786   7.194   3.906  -0.010  -0.418   0.000 01T040M000t
00012 LYS01A0116_012 f 0.00  0.000     0  0.00  0  0 -12.350   0.207   3.556  -0.026  -0.408   0.000 01T063M000t
00013 LYS01A0116_013 f 0.00  0.000     0  0.00  0  0 -12.184   1.864   2.490  -0.008  -0.424   0.000 01T06CM000t
00014 LYS01A0116_014 f 0.00  0.000     0  0.00  0  0 -10.630   0.834   4.063  -0.010  -0.392   0.000 01T099M000t
00015 LYS01A0116_015 f 0.00  0.000     0  0.00  0  0 -11.612   0.604   2.790  -0.006  -0.434   0.000 01T0CFM000t
00016 LYS01A0116_016 f 0.00  0.000     0  0.00  0  0  -9.413   1.365   1.704  -0.017  -0.382   0.000 01T12BM000t
00017 LYS01A0116_017 f 0.00  0.000     0  0.00  0  0 -10.946  -0.150   3.505  -0.012  -0.393   0.000 01T1B0M000t
00018 LYS01A0116_018 f 0.00  0.000     0  0.00  0  0 -10.961   1.742   2.688  -0.002  -0.395   0.000 01T1FFM000t
00019 LYS01A0116_019 f 0.00  0.000     0  0.00  0  0 -12.174   3.154   3.576  -0.007  -0.409   0.000 01T201M000t
00020 LYS01A0116_020 f 0.00  0.000     0  0.00  0  0 -11.529   5.452   3.432  -0.032  -0.390   0.000 01T230M000t
00021 LYS+1A0116_021 f 0.00  1.000     0 10.40  0  1 -12.025   0.741   3.590   0.051  -5.963   0.000 +1O000M000t
00022 LYS+1A0116_022 f 0.00  1.000     0 10.40  0  1 -10.757   3.141   2.917   0.052  -5.901   0.000 +1E068M000t
00023 LYS+1A0116_023 f 0.00  1.000     0 10.40  0  1 -10.042   2.279   2.371   0.067  -5.900   0.000 +1E06FM000t
00024 LYS+1A0116_024 f 0.00  1.000     0 10.40  0  1 -11.838   0.600   2.861   0.063  -5.867   0.000 +1E0CFM000t
00025 LYS+1A0116_025 f 0.00  1.000     0 10.40  0  1 -11.843   1.538   2.877   0.028  -5.847   0.000 +1E0E5M000t
00026 LYS+1A0116_026 f 0.00  1.000     0 10.40  0  1  -9.460   1.357   1.764   0.066  -5.697   0.000 +1E12BM000t
00027 LYS+1A0116_027 f 0.00  1.000     0 10.40  0  1 -11.045  -0.149   3.635   0.031  -5.797   0.000 +1E1B0M000t
00028 LYS+1A0116_028 f 0.00  1.000     0 10.40  0  1 -10.386   0.207   3.870   0.012  -5.755   0.000 +1E1C8M000t
00029 LYS+1A0116_029 f 0.00  1.000     0 10.40  0  1 -11.063   1.751   2.718   0.063  -5.846   0.000 +1E1FFM000t
00030 LYS+1A0116_030 f 0.00  1.000     0 10.40  0  1 -11.831   2.158   2.792   0.059  -5.929   0.000 +1E218M000t
00031 LYS+1A0116_031 f 0.00  1.000     0 10.40  0  1 -11.659   5.419   3.452   0.133  -5.799   0.000 +1E230M000t
00032 LYS+1A0116_032 f 0.00  1.000     0 10.40  0  1 -12.232   1.513   1.978   0.047  -5.898   0.000 +1T02EM000t
00033 LYS+1A0116_033 f 0.00  1.000     0 10.40  0  1 -11.825   7.161   3.946   0.069  -5.888   0.000 +1T040M000t
00034 LYS+1A0116_034 f 0.00  1.000     0 10.40  0  1 -12.227   0.216   3.601   0.144  -5.921   0.000 +1T063M000t
00035 LYS+1A0116_035 f 0.00  1.000     0 10.40  0  1 -12.300   1.875   2.506   0.061  -5.924   0.000 +1T06CM000t
00036 LYS+1A0116_036 f 0.00  1.000     0 10.40  0  1 -10.825   0.822   4.151   0.061  -5.876   0.000 +1T099M000t
00037 LYS+1A0116_037 f 0.00  1.000     0 10.40  0  1  -9.567   1.458   2.163   0.091  -5.714   0.000 +1T12AM000t
00038 LYS+1A0116_038 f 0.00  1.000     0 10.40  0  1 -11.409   5.449   3.486  -0.039  -5.742   0.000 +1T176M000t
00039 LYS+1A0116_039 f 0.00  1.000     0 10.40  0  1 -12.208   3.152   3.636   0.044  -5.948   0.000 +1T201M000t
00040 LYS+1A0116_040 f 0.00  1.000     0 10.40  0  1  -8.878   2.714   2.659   0.144  -5.579   0.000 +1T206M000t
