   confID        vdw0    sas     sum
LYS01A0116_001   0.985 -12.965 -11.980
LYS01A0116_002   0.780 -12.746 -11.966
LYS01A0116_003   1.981 -12.666 -10.685
LYS01A0116_004   2.771 -12.560  -9.789
LYS01A0116_005   0.840 -12.702 -11.862
LYS01A0116_006   2.698 -12.172  -9.474
LYS01A0116_007   1.116 -12.584 -11.469
LYS01A0116_008   2.074 -12.555 -10.481
LYS01A0116_009   3.827 -12.781  -8.954
LYS01A0116_010   0.982 -12.792 -11.811
LYS01A0116_011   0.681 -12.466 -11.786
LYS01A0116_012   0.714 -13.064 -12.350
LYS01A0116_013   0.668 -12.852 -12.184
LYS01A0116_014   1.721 -12.351 -10.630
LYS01A0116_015   0.948 -12.560 -11.612
LYS01A0116_016   2.512 -11.924  -9.413
LYS01A0116_017   1.863 -12.808 -10.946
LYS01A0116_018   1.638 -12.599 -10.961
LYS01A0116_019   0.752 -12.926 -12.174
LYS01A0116_020   1.151 -12.680 -11.529
LYS+1A0116_021   0.940 -12.965 -12.025
LYS+1A0116_022   1.880 -12.637 -10.757
LYS+1A0116_023   2.649 -12.691 -10.042
LYS+1A0116_024   0.889 -12.727 -11.838
LYS+1A0116_025   0.744 -12.586 -11.843
LYS+1A0116_026   2.535 -11.995  -9.460
LYS+1A0116_027   1.764 -12.808 -11.045
LYS+1A0116_028   2.081 -12.468 -10.386
LYS+1A0116_029   1.574 -12.638 -11.063
LYS+1A0116_030   0.910 -12.741 -11.831
LYS+1A0116_031   1.098 -12.757 -11.659
LYS+1A0116_032   0.698 -12.930 -12.232
LYS+1A0116_033   0.641 -12.466 -11.825
LYS+1A0116_034   0.667 -12.894 -12.227
LYS+1A0116_035   0.621 -12.920 -12.300
LYS+1A0116_036   1.645 -12.470 -10.825
LYS+1A0116_037   2.515 -12.082  -9.567
LYS+1A0116_038   1.069 -12.478 -11.409
LYS+1A0116_039   0.718 -12.926 -12.208
LYS+1A0116_040   3.768 -12.646  -8.878
