CONFORMER         crg  vdw0  vdw1  tors  epol  self   occ  Hb     history    ASA
ARG01A0126_001  0.000-13.11  0.07  1.02  0.00-12.03 0.502  00  01O000M000  1.000
ARG01A0126_002  0.000-12.98  2.54  0.54  0.00 -9.90 0.501  00  01E004M000  1.000
ARG01A0126_003  0.000-13.26  3.39  0.98  0.00 -8.89 0.501  00  01E00DM000  1.000
ARG01A0126_004  0.000-12.07  3.64  1.16  0.00 -7.27 0.501  00  01E00EM000  1.000
ARG01A0126_005  0.000-11.91  1.09  0.57  0.00-10.25 0.501  00  01E01AM000  1.000
ARG01A0126_006  0.000-12.69  3.24  0.62  0.00 -8.83 0.502  00  01E04EM000  1.000
ARG01A0126_007  0.000-13.12  0.54  3.24  0.00 -9.34 0.502  00  01E051M000  1.000
ARG01A0126_008  0.000-12.94  3.24  0.83  0.00 -8.87 0.501  00  01E055M000  1.000
ARG01A0126_009  0.000-13.34  2.51  1.17  0.00 -9.67 0.502  00  01E057M000  1.000
ARG01A0126_010  0.000-11.73  1.20  0.71  0.00 -9.82 0.501  00  01E095M000  1.000
ARG01A0126_011  0.000-12.26  2.95  3.37  0.00 -5.94 0.502  00  01E0A7M000  1.000
ARG01A0126_012  0.000-11.94  2.27  3.84  0.00 -5.83 0.501  00  01E129M000  1.000
ARG01A0126_013  0.000-11.71  0.02  3.08  0.00 -8.61 0.502  00  01T079M000  1.000
ARG01A0126_014  0.000-12.05  0.01  0.59  0.00-11.45 0.502  00  01T082M000  1.000
ARG01A0126_015  0.000-12.17  1.24  0.66  0.00-10.27 0.501  00  01T09DM000  1.000
ARG01A0126_016  0.000-12.90  0.46  4.12  0.00 -8.32 0.501  00  01T0D5M000  1.000
ARG01A0126_017  0.000-13.66  5.21  3.04  0.00 -5.42 0.502  00  01T0D9M000  1.000
ARG01A0126_018  0.000-11.39  2.38  3.22  0.00 -5.78 0.502  00  01T0FAM000  1.000
ARG01A0126_019  0.000-10.71  1.13  3.53  0.00 -6.05 0.502  00  01T104M000  1.000
ARG01A0126_020  0.000-10.67  0.67  1.29  0.00 -8.71 0.501  00  01T107M000  1.000
ARG02A0126_021  0.000-13.13  0.07  1.02  0.00-12.04 0.502  00  02O000M000  1.000
ARG02A0126_022  0.000-12.88  0.37  3.52  0.00 -8.99 0.501  00  02E0D5M000  1.000
ARG02A0126_023  0.000-13.27  2.37  3.13  0.00 -7.76 0.502  00  02E0D9M000  1.000
ARG02A0126_024  0.000-11.63  0.01  3.08  0.00 -8.53 0.502  00  02T079M000  1.000
ARG02A0126_025  0.000-11.59  1.08  0.63  0.00 -9.88 0.501  00  02T095M000  1.000
ARG02A0126_026  0.000-12.08  1.16  0.61  0.00-10.30 0.501  00  02T09DM000  1.000
ARG02A0126_027  0.000-10.92  1.20  3.52  0.00 -6.20 0.502  00  02T104M000  1.000
ARG02A0126_028  0.000-11.93  1.09  0.58  0.00-10.26 0.501  00  02T01AM000  1.000
ARG02A0126_029  0.000-12.89  2.75  0.57  0.00 -9.57 0.501  00  02T004M000  1.000
ARG02A0126_030  0.000-12.73  2.92  0.58  0.00 -9.23 0.502  00  02T04EM000  1.000
ARG02A0126_031  0.000-12.99  0.52  3.21  0.00 -9.26 0.502  00  02T051M000  1.000
ARG02A0126_032  0.000-11.48  2.34  3.23  0.00 -5.91 0.502  00  02T0FAM000  1.000
ARG02A0126_033  0.000-10.70  0.40  1.05  0.00 -9.24 0.501  00  02T107M000  1.000
ARG02A0126_034  0.000-13.31  3.18  0.91  0.00 -9.22 0.501  00  02T00DM000  1.000
ARG02A0126_035  0.000-11.94  4.05  1.17  0.00 -6.71 0.501  00  02T00EM000  1.000
ARG02A0126_036  0.000-12.83  2.59  0.83  0.00 -9.42 0.501  00  02T055M000  1.000
ARG02A0126_037  0.000-12.95  2.69  0.81  0.00 -9.44 0.502  00  02T057M000  1.000
ARG02A0126_038  0.000-11.99  0.00  0.60  0.00-11.39 0.502  00  02T082M000  1.000
ARG02A0126_039  0.000-11.84  2.73  3.22  0.00 -5.88 0.502  00  02T0A7M000  1.000
ARG02A0126_040  0.000-12.00  1.72  3.84  0.00 -6.43 0.501  00  02T129M000  1.000
ARG03A0126_041  0.000-12.06  1.84  3.84  0.00 -6.38 0.501  00  03E129M000  1.000
ARG03A0126_042  0.000-13.13  0.07  1.02  0.00-12.04 0.502  00  03O000M000  1.000
ARG03A0126_043  0.000-10.95  1.21  3.51  0.00 -6.23 0.502  00  03E104M000  1.000
ARG03A0126_044  0.000-10.73  0.40  1.05  0.00 -9.29 0.501  00  03E107M000  1.000
ARG03A0126_045  0.000-11.50  2.35  3.23  0.00 -5.92 0.502  00  03T0FAM000  1.000
ARG03A0126_046  0.000-12.84  2.68  0.82  0.00 -9.34 0.501  00  03T055M000  1.000
ARG03A0126_047  0.000-13.15  2.62  0.78  0.00 -9.75 0.502  00  03T057M000  1.000
ARG03A0126_048  0.000-11.71  0.01  3.08  0.00 -8.62 0.502  00  03T079M000  1.000
ARG03A0126_049  0.000-12.97  2.75  0.56  0.00 -9.66 0.501  00  03T004M000  1.000
ARG03A0126_050  0.000-12.60  2.88  0.55  0.00 -9.17 0.502  00  03T04EM000  1.000
ARG03A0126_051  0.000-12.09  0.00  0.59  0.00-11.49 0.502  00  03T082M000  1.000
ARG03A0126_052  0.000-11.87  1.11  0.60  0.00-10.16 0.501  00  03T095M000  1.000
ARG03A0126_053  0.000-11.91  2.73  3.21  0.00 -5.96 0.502  00  03T0A7M000  1.000
ARG03A0126_054  0.000-13.35  3.21  0.93  0.00 -9.21 0.501  00  03T00DM000  1.000
ARG03A0126_055  0.000-12.02  4.06  1.18  0.00 -6.78 0.501  00  03T00EM000  1.000
ARG03A0126_056  0.000-11.89  1.09  0.58  0.00-10.21 0.501  00  03T01AM000  1.000
ARG03A0126_057  0.000-12.90  0.52  3.19  0.00 -9.19 0.502  00  03T051M000  1.000
ARG03A0126_058  0.000-12.29  1.17  0.58  0.00-10.54 0.501  00  03T09DM000  1.000
ARG03A0126_059  0.000-12.78  0.38  3.47  0.00 -8.93 0.501  00  03T0D5M000  1.000
ARG03A0126_060  0.000-13.35  2.42  3.10  0.00 -7.82 0.502  00  03T0D9M000  1.000
ARG+1A0126_061  1.000-13.17  0.07  1.02  0.00-12.09 0.502  00  +1O000M000  1.000
ARG+1A0126_062  1.000-13.05  2.78  0.59  0.00 -9.68 0.501  00  +1E004M000  1.000
ARG+1A0126_063  1.000-12.07  4.02  1.17  0.00 -6.88 0.501  00  +1E00EM000  1.000
ARG+1A0126_064  1.000-12.70  2.93  0.60  0.00 -9.16 0.502  00  +1E04EM000  1.000
ARG+1A0126_065  1.000-12.94  0.52  3.23  0.00 -9.20 0.502  00  +1E051M000  1.000
ARG+1A0126_066  1.000-13.25  2.71  0.83  0.00 -9.71 0.502  00  +1E057M000  1.000
ARG+1A0126_067  1.000-12.24  0.00  0.60  0.00-11.64 0.502  00  +1E082M000  1.000
ARG+1A0126_068  1.000-11.82  1.09  0.64  0.00-10.09 0.501  00  +1E095M000  1.000
ARG+1A0126_069  1.000-11.79  2.76  3.24  0.00 -5.79 0.502  00  +1E0A7M000  1.000
ARG+1A0126_070  1.000-11.53  2.32  3.23  0.00 -5.98 0.502  00  +1E0FAM000  1.000
ARG+1A0126_071  1.000-11.02  1.18  3.52  0.00 -6.32 0.502  00  +1E104M000  1.000
ARG+1A0126_072  1.000-10.60  0.38  1.05  0.00 -9.17 0.501  00  +1E107M000  1.000
ARG+1A0126_073  1.000-13.41  3.19  0.92  0.00 -9.31 0.501  00  +1T00DM000  1.000
ARG+1A0126_074  1.000-11.97  1.09  0.58  0.00-10.30 0.501  00  +1T01AM000  1.000
ARG+1A0126_075  1.000-12.83  2.54  0.83  0.00 -9.46 0.501  00  +1T055M000  1.000
ARG+1A0126_076  1.000-11.81  0.01  3.07  0.00 -8.73 0.502  00  +1T079M000  1.000
ARG+1A0126_077  1.000-12.03  1.16  0.63  0.00-10.25 0.501  00  +1T09DM000  1.000
ARG+1A0126_078  1.000-12.86  0.37  3.52  0.00 -8.97 0.501  00  +1T0D5M000  1.000
ARG+1A0126_079  1.000-13.31  2.36  3.13  0.00 -7.82 0.502  00  +1T0D9M000  1.000
ARG+1A0126_080  1.000-12.12  1.71  3.87  0.00 -6.55 0.501  00  +1T129M000  1.000
