iConf CONFORMER     FL  occ    crg   Em0  pKa0 ne nH    vdw0    vdw1    tors    epol   dsolv   extra    history
00001 ARG01A0126_001 f 0.00  0.000     0  0.00  0  0 -13.113   0.174   1.015   0.001  -1.648   0.000 01O000M000t
00002 ARG01A0126_002 f 0.00  0.000     0  0.00  0  0 -12.980   2.655   0.543   0.039  -1.651   0.000 01E004M000t
00003 ARG01A0126_003 f 0.00  0.000     0  0.00  0  0 -13.313   3.453   0.977   0.079  -1.602   0.000 01E00DM000t
00004 ARG01A0126_004 f 0.00  0.000     0  0.00  0  0 -12.073   3.703   1.165   0.043  -1.580   0.000 01E00EM000t
00005 ARG01A0126_005 f 0.00  0.000     0  0.00  0  0 -11.900   1.140   0.573   0.008  -1.527   0.000 01E01AM000t
00006 ARG01A0126_006 f 0.00  0.000     0  0.00  0  0 -12.695   3.363   0.626   0.037  -1.582   0.000 01E04EM000t
00007 ARG01A0126_007 f 0.00  0.000     0  0.00  0  0 -13.114   0.591   3.242   0.017  -1.600   0.000 01E051M000t
00008 ARG01A0126_008 f 0.00  0.000     0  0.00  0  0 -12.948   3.295   0.835   0.025  -1.605   0.000 01E055M000t
00009 ARG01A0126_009 f 0.00  0.000     0  0.00  0  0 -13.350   2.561   1.178   0.036  -1.677   0.000 01E057M000t
00010 ARG01A0126_010 f 0.00  0.000     0  0.00  0  0 -11.734   1.255   0.716   0.013  -1.585   0.000 01E095M000t
00011 ARG01A0126_011 f 0.00  0.000     0  0.00  0  0 -12.259   3.009   3.371   0.014  -1.547   0.000 01E0A7M000t
00012 ARG01A0126_012 f 0.00  0.000     0  0.00  0  0 -11.942   2.273   3.840   0.188  -1.411   0.000 01E129M000t
00013 ARG01A0126_013 f 0.00  0.000     0  0.00  0  0 -11.712   0.117   3.083  -0.005  -1.598   0.000 01T079M000t
00014 ARG01A0126_014 f 0.00  0.000     0  0.00  0  0 -12.049   0.111   0.595   0.013  -1.592   0.000 01T082M000t
00015 ARG01A0126_015 f 0.00  0.000     0  0.00  0  0 -12.181   1.293   0.662  -0.013  -1.578   0.000 01T09DM000t
00016 ARG01A0126_016 f 0.00  0.000     0  0.00  0  0 -12.903   0.512   4.122   0.005  -1.601   0.000 01T0D5M000t
00017 ARG01A0126_017 f 0.00  0.000     0  0.00  0  0 -13.662   5.256   3.038  -0.338  -1.520   0.000 01T0D9M000t
00018 ARG01A0126_018 f 0.00  0.000     0  0.00  0  0 -11.387   2.392   3.220  -0.067  -1.541   0.000 01T0FAM000t
00019 ARG01A0126_019 f 0.00  0.000     0  0.00  0  0 -10.725   1.135   3.528  -0.010  -1.607   0.000 01T104M000t
00020 ARG01A0126_020 f 0.00  0.000     0  0.00  0  0 -10.651   0.664   1.287  -0.063  -1.479   0.000 01T107M000t
00021 ARG02A0126_021 f 0.00  0.000     0  0.00  0  0 -13.125   0.174   1.015   0.008  -1.344   0.000 02O000M000t
00022 ARG02A0126_022 f 0.00  0.000     0  0.00  0  0 -12.832   0.421   3.521   0.025  -1.358   0.000 02E0D5M000t
00023 ARG02A0126_023 f 0.00  0.000     0  0.00  0  0 -13.264   2.423   3.128  -0.191  -1.389   0.000 02E0D9M000t
00024 ARG02A0126_024 f 0.00  0.000     0  0.00  0  0 -11.635   0.115   3.086   0.001  -1.409   0.000 02T079M000t
00025 ARG02A0126_025 f 0.00  0.000     0  0.00  0  0 -11.605   1.136   0.632   0.010  -1.336   0.000 02T095M000t
00026 ARG02A0126_026 f 0.00  0.000     0  0.00  0  0 -12.073   1.219   0.614   0.011  -1.455   0.000 02T09DM000t
00027 ARG02A0126_027 f 0.00  0.000     0  0.00  0  0 -10.924   1.200   3.521   0.039  -1.411   0.000 02T104M000t
00028 ARG02A0126_028 f 0.00  0.000     0  0.00  0  0 -11.933   1.152   0.579   0.014  -1.351   0.000 02T01AM000t
00029 ARG02A0126_029 f 0.00  0.000     0  0.00  0  0 -12.890   2.867   0.573   0.026  -1.478   0.000 02T004M000t
00030 ARG02A0126_030 f 0.00  0.000     0  0.00  0  0 -12.736   3.036   0.580   0.013  -1.595   0.000 02T04EM000t
00031 ARG02A0126_031 f 0.00  0.000     0  0.00  0  0 -12.979   0.575   3.211   0.022  -1.514   0.000 02T051M000t
00032 ARG02A0126_032 f 0.00  0.000     0  0.00  0  0 -11.468   2.345   3.229   0.048  -1.466   0.000 02T0FAM000t
00033 ARG02A0126_033 f 0.00  0.000     0  0.00  0  0 -10.698   0.403   1.052  -0.041  -1.483   0.000 02T107M000t
00034 ARG02A0126_034 f 0.00  0.000     0  0.00  0  0 -13.304   3.248   0.912   0.012  -1.520   0.000 02T00DM000t
00035 ARG02A0126_035 f 0.00  0.000     0  0.00  0  0 -11.942   4.126   1.173   0.018  -1.458   0.000 02T00EM000t
00036 ARG02A0126_036 f 0.00  0.000     0  0.00  0  0 -12.826   2.647   0.827   0.046  -1.493   0.000 02T055M000t
00037 ARG02A0126_037 f 0.00  0.000     0  0.00  0  0 -12.951   2.749   0.813   0.024  -1.542   0.000 02T057M000t
00038 ARG02A0126_038 f 0.00  0.000     0  0.00  0  0 -11.994   0.105   0.598   0.002  -1.494   0.000 02T082M000t
00039 ARG02A0126_039 f 0.00  0.000     0  0.00  0  0 -11.829   2.795   3.221   0.023  -1.464   0.000 02T0A7M000t
00040 ARG02A0126_040 f 0.00  0.000     0  0.00  0  0 -11.996   1.722   3.845   0.032  -1.345   0.000 02T129M000t
00041 ARG03A0126_041 f 0.00  0.000     0  0.00  0  0 -12.050   1.839   3.838   0.031  -1.261   0.000 03E129M000t
00042 ARG03A0126_042 f 0.00  0.000     0  0.00  0  0 -13.130   0.173   1.015   0.003  -1.396   0.000 03O000M000t
00043 ARG03A0126_043 f 0.00  0.000     0  0.00  0  0 -10.945   1.215   3.509   0.033  -1.456   0.000 03E104M000t
00044 ARG03A0126_044 f 0.00  0.000     0  0.00  0  0 -10.731   0.399   1.045   0.001  -1.385   0.000 03E107M000t
00045 ARG03A0126_045 f 0.00  0.000     0  0.00  0  0 -11.497   2.344   3.226   0.065  -1.369   0.000 03T0FAM000t
00046 ARG03A0126_046 f 0.00  0.000     0  0.00  0  0 -12.846   2.737   0.825   0.039  -1.366   0.000 03T055M000t
00047 ARG03A0126_047 f 0.00  0.000     0  0.00  0  0 -13.148   2.672   0.783   0.039  -1.453   0.000 03T057M000t
00048 ARG03A0126_048 f 0.00  0.000     0  0.00  0  0 -11.706   0.116   3.078  -0.001  -1.425   0.000 03T079M000t
00049 ARG03A0126_049 f 0.00  0.000     0  0.00  0  0 -12.976   2.866   0.563   0.040  -1.434   0.000 03T004M000t
00050 ARG03A0126_050 f 0.00  0.000     0  0.00  0  0 -12.606   2.997   0.554   0.032  -1.367   0.000 03T04EM000t
00051 ARG03A0126_051 f 0.00  0.000     0  0.00  0  0 -12.098   0.105   0.594   0.017  -1.453   0.000 03T082M000t
00052 ARG03A0126_052 f 0.00  0.000     0  0.00  0  0 -11.878   1.164   0.602   0.014  -1.406   0.000 03T095M000t
00053 ARG03A0126_053 f 0.00  0.000     0  0.00  0  0 -11.907   2.775   3.213   0.024  -1.392   0.000 03T0A7M000t
00054 ARG03A0126_054 f 0.00  0.000     0  0.00  0  0 -13.340   3.281   0.925   0.046  -1.418   0.000 03T00DM000t
00055 ARG03A0126_055 f 0.00  0.000     0  0.00  0  0 -12.022   4.116   1.178   0.040  -1.384   0.000 03T00EM000t
00056 ARG03A0126_056 f 0.00  0.000     0  0.00  0  0 -11.887   1.149   0.580   0.011  -1.365   0.000 03T01AM000t
00057 ARG03A0126_057 f 0.00  0.000     0  0.00  0  0 -12.900   0.572   3.189   0.020  -1.459   0.000 03T051M000t
00058 ARG03A0126_058 f 0.00  0.000     0  0.00  0  0 -12.242   1.223   0.585  -0.002  -1.422   0.000 03T09DM000t
00059 ARG03A0126_059 f 0.00  0.000     0  0.00  0  0 -12.732   0.422   3.475   0.020  -1.389   0.000 03T0D5M000t
00060 ARG03A0126_060 f 0.00  0.000     0  0.00  0  0 -13.340   2.470   3.097  -0.234  -1.334   0.000 03T0D9M000t
00061 ARG+1A0126_061 f 0.00  1.000     0 12.50  0  1 -13.172   0.173   1.015   0.052  -6.064   0.000 +1O000M000t
00062 ARG+1A0126_062 f 0.00  1.000     0 12.50  0  1 -13.054   2.904   0.589   0.038  -6.064   0.000 +1E004M000t
00063 ARG+1A0126_063 f 0.00  1.000     0 12.50  0  1 -12.078   4.087   1.173   0.020  -6.018   0.000 +1E00EM000t
00064 ARG+1A0126_064 f 0.00  1.000     0 12.50  0  1 -12.687   3.053   0.602   0.029  -6.070   0.000 +1E04EM000t
00065 ARG+1A0126_065 f 0.00  1.000     0 12.50  0  1 -12.946   0.571   3.228   0.035  -6.040   0.000 +1E051M000t
00066 ARG+1A0126_066 f 0.00  1.000     0 12.50  0  1 -13.250   2.765   0.831   0.105  -6.052   0.000 +1E057M000t
00067 ARG+1A0126_067 f 0.00  1.000     0 12.50  0  1 -12.241   0.103   0.600   0.040  -6.094   0.000 +1E082M000t
00068 ARG+1A0126_068 f 0.00  1.000     0 12.50  0  1 -11.810   1.145   0.646   0.066  -6.136   0.000 +1E095M000t
00069 ARG+1A0126_069 f 0.00  1.000     0 12.50  0  1 -11.789   2.814   3.236   0.077  -5.963   0.000 +1E0A7M000t
00070 ARG+1A0126_070 f 0.00  1.000     0 12.50  0  1 -11.520   2.319   3.229   0.361  -5.825   0.000 +1E0FAM000t
00071 ARG+1A0126_071 f 0.00  1.000     0 12.50  0  1 -11.017   1.177   3.520   0.141  -6.032   0.000 +1E104M000t
00072 ARG+1A0126_072 f 0.00  1.000     0 12.50  0  1 -10.604   0.383   1.047   0.108  -5.854   0.000 +1E107M000t
00073 ARG+1A0126_073 f 0.00  1.000     0 12.50  0  1 -13.413   3.253   0.920  -0.044  -6.018   0.000 +1T00DM000t
00074 ARG+1A0126_074 f 0.00  1.000     0 12.50  0  1 -11.978   1.151   0.576   0.066  -6.034   0.000 +1T01AM000t
00075 ARG+1A0126_075 f 0.00  1.000     0 12.50  0  1 -12.901   2.585   0.832   0.097  -6.086   0.000 +1T055M000t
00076 ARG+1A0126_076 f 0.00  1.000     0 12.50  0  1 -11.817   0.115   3.073   0.065  -6.069   0.000 +1T079M000t
00077 ARG+1A0126_077 f 0.00  1.000     0 12.50  0  1 -12.036   1.207   0.625   0.092  -6.005   0.000 +1T09DM000t
00078 ARG+1A0126_078 f 0.00  1.000     0 12.50  0  1 -12.862   0.421   3.516   0.060  -6.079   0.000 +1T0D5M000t
00079 ARG+1A0126_079 f 0.00  1.000     0 12.50  0  1 -13.311   2.406   3.126   0.241  -5.956   0.000 +1T0D9M000t
00080 ARG+1A0126_080 f 0.00  1.000     0 12.50  0  1 -12.119   1.709   3.869  -0.201  -5.847   0.000 +1T129M000t
