   confID        vdw0    sas     sum
ARG01A0126_001   1.340 -14.453 -13.113
ARG01A0126_002   1.228 -14.208 -12.980
ARG01A0126_003   1.273 -14.586 -13.313
ARG01A0126_004   1.974 -14.047 -12.073
ARG01A0126_005   1.981 -13.882 -11.900
ARG01A0126_006   1.792 -14.487 -12.695
ARG01A0126_007   1.904 -15.018 -13.114
ARG01A0126_008   1.595 -14.543 -12.948
ARG01A0126_009   1.291 -14.640 -13.350
ARG01A0126_010   2.199 -13.933 -11.734
ARG01A0126_011   2.394 -14.653 -12.259
ARG01A0126_012   2.413 -14.355 -11.942
ARG01A0126_013   2.317 -14.029 -11.712
ARG01A0126_014   2.353 -14.403 -12.049
ARG01A0126_015   2.347 -14.528 -12.181
ARG01A0126_016   2.106 -15.009 -12.903
ARG01A0126_017   1.371 -15.033 -13.662
ARG01A0126_018   2.718 -14.105 -11.387
ARG01A0126_019   3.477 -14.203 -10.725
ARG01A0126_020   3.662 -14.312 -10.651
ARG02A0126_021   1.328 -14.453 -13.125
ARG02A0126_022   2.540 -15.372 -12.832
ARG02A0126_023   1.598 -14.862 -13.264
ARG02A0126_024   2.279 -13.913 -11.635
ARG02A0126_025   2.329 -13.933 -11.605
ARG02A0126_026   2.194 -14.267 -12.073
ARG02A0126_027   3.487 -14.411 -10.924
ARG02A0126_028   1.872 -13.805 -11.933
ARG02A0126_029   1.318 -14.208 -12.890
ARG02A0126_030   1.880 -14.616 -12.736
ARG02A0126_031   1.962 -14.941 -12.979
ARG02A0126_032   2.701 -14.170 -11.468
ARG02A0126_033   3.688 -14.386 -10.698
ARG02A0126_034   1.526 -14.830 -13.304
ARG02A0126_035   2.006 -13.948 -11.942
ARG02A0126_036   1.749 -14.575 -12.826
ARG02A0126_037   1.849 -14.800 -12.951
ARG02A0126_038   2.393 -14.386 -11.994
ARG02A0126_039   2.645 -14.473 -11.829
ARG02A0126_040   2.511 -14.507 -11.996
ARG03A0126_041   2.518 -14.568 -12.050
ARG03A0126_042   1.324 -14.453 -13.130
ARG03A0126_043   3.482 -14.427 -10.945
ARG03A0126_044   3.626 -14.358 -10.731
ARG03A0126_045   2.673 -14.170 -11.497
ARG03A0126_046   1.709 -14.556 -12.846
ARG03A0126_047   1.832 -14.980 -13.148
ARG03A0126_048   2.324 -14.029 -11.706
ARG03A0126_049   1.296 -14.272 -12.976
ARG03A0126_050   1.946 -14.551 -12.606
ARG03A0126_051   2.369 -14.467 -12.098
ARG03A0126_052   2.271 -14.148 -11.878
ARG03A0126_053   2.647 -14.554 -11.907
ARG03A0126_054   1.470 -14.810 -13.340
ARG03A0126_055   1.926 -13.948 -12.022
ARG03A0126_056   1.930 -13.817 -11.887
ARG03A0126_057   1.973 -14.873 -12.900
ARG03A0126_058   2.295 -14.537 -12.242
ARG03A0126_059   2.512 -15.244 -12.732
ARG03A0126_060   1.590 -14.930 -13.340
ARG+1A0126_061   1.281 -14.453 -13.172
ARG+1A0126_062   1.215 -14.269 -13.054
ARG+1A0126_063   1.869 -13.948 -12.078
ARG+1A0126_064   1.881 -14.568 -12.687
ARG+1A0126_065   1.931 -14.877 -12.946
ARG+1A0126_066   1.810 -15.061 -13.250
ARG+1A0126_067   2.328 -14.570 -12.241
ARG+1A0126_068   2.303 -14.113 -11.810
ARG+1A0126_069   2.600 -14.390 -11.789
ARG+1A0126_070   2.650 -14.170 -11.520
ARG+1A0126_071   3.458 -14.475 -11.017
ARG+1A0126_072   3.638 -14.242 -10.604
ARG+1A0126_073   1.398 -14.810 -13.413
ARG+1A0126_074   1.904 -13.882 -11.978
ARG+1A0126_075   1.706 -14.607 -12.901
ARG+1A0126_076   2.277 -14.093 -11.817
ARG+1A0126_077   2.180 -14.216 -12.036
ARG+1A0126_078   2.497 -15.360 -12.862
ARG+1A0126_079   1.551 -14.862 -13.311
ARG+1A0126_080   2.465 -14.584 -12.119
