iConf CONFORMER     FL  occ    crg   Em0  pKa0 ne nH    vdw0    vdw1    tors    epol   dsolv   extra    history
00001 GLU01A0067_001 f 0.00  0.000     0  0.00  0  0  -2.948   0.274   4.538   0.048  -0.946   0.000 01O000M000t
00002 GLU01A0067_002 f 0.00  0.000     0  0.00  0  0  -2.951   1.226   3.886   0.067  -0.945   0.000 01E003M000t
00003 GLU01A0067_003 f 0.00  0.000     0  0.00  0  0  -4.132   1.300   4.363   0.036  -1.067   0.000 01E00AM000t
00004 GLU01A0067_004 f 0.00  0.000     0  0.00  0  0  -4.272  -0.166   4.507   0.100  -0.986   0.000 01E018M000t
00005 GLU01A0067_005 f 0.00  0.000     0  0.00  0  0  -2.948   0.274   1.818   0.014  -0.707   0.000 01O000M000t
00006 GLU01A0067_006 f 0.00  0.000     0  0.00  0  0  -4.072   1.371   1.543   0.001  -0.653   0.000 01E017M000t
00007 GLU01A0067_007 f 0.00  0.000     0  0.00  0  0  -2.780   1.168   3.941   0.048  -0.949   0.000 01T002M000t
00008 GLU01A0067_008 f 0.00  0.000     0  0.00  0  0  -3.889   0.189   4.349   0.011  -1.064   0.000 01T006M000t
00009 GLU01A0067_009 f 0.00  0.000     0  0.00  0  0  -3.661   1.220   3.914   0.045  -1.044   0.000 01T00CM000t
00010 GLU01A0067_010 f 0.00  0.000     0  0.00  0  0  -3.978   1.754   4.300   0.029  -1.058   0.000 01T00EM000t
00011 GLU01A0067_011 f 0.00  0.000     0  0.00  0  0  -3.502  -0.055   3.935   0.000  -1.053   0.000 01T010M000t
00012 GLU01A0067_012 f 0.00  0.000     0  0.00  0  0  -3.724  -0.048   4.547   0.075  -1.036   0.000 01T012M000t
00013 GLU01A0067_013 f 0.00  0.000     0  0.00  0  0  -4.264   0.144   5.147   0.054  -0.992   0.000 01T013M000t
00014 GLU01A0067_014 f 0.00  0.000     0  0.00  0  0  -3.975   0.943   4.117   0.087  -1.007   0.000 01T015M000t
00015 GLU01A0067_015 f 0.00  0.000     0  0.00  0  0  -3.916   1.391   4.154   0.096  -1.010   0.000 01T016M000t
00016 GLU01A0067_016 f 0.00  0.000     0  0.00  0  0  -4.009   1.372   4.263   0.041  -1.031   0.000 01T017M000t
00017 GLU01A0067_017 f 0.00  0.000     0  0.00  0  0  -2.780   1.168   1.221   0.018  -0.679   0.000 01T002M000t
00018 GLU01A0067_018 f 0.00  0.000     0  0.00  0  0  -4.256   1.615   1.690   0.030  -0.708   0.000 01T00DM000t
00019 GLU01A0067_019 f 0.00  0.000     0  0.00  0  0  -3.932   1.369   1.439   0.066  -0.660   0.000 01T016M000t
00020 GLU01A0067_020 f 0.00  0.000     0  0.00  0  0  -3.000   1.264   1.179   0.027  -0.701   0.000 01T003M000t
00021 GLU01A0067_021 f 0.00  0.000     0  0.00  0  0  -4.185   1.512   2.018   0.016  -0.714   0.000 01T007M000t
00022 GLU01A0067_022 f 0.00  0.000     0  0.00  0  0  -3.502  -0.055   1.215   0.012  -0.668   0.000 01T010M000t
00023 GLU01A0067_023 f 0.00  0.000     0  0.00  0  0  -3.724  -0.048   1.827   0.044  -0.665   0.000 01T012M000t
00024 GLU01A0067_024 f 0.00  0.000     0  0.00  0  0  -4.264   0.144   2.427   0.049  -0.662   0.000 01T013M000t
00025 GLU01A0067_025 f 0.00  0.000     0  0.00  0  0  -3.988   0.943   1.397   0.036  -0.669   0.000 01T015M000t
00026 GLU01A0067_026 f 0.00  0.000     0  0.00  0  0  -4.212  -0.183   1.736   0.061  -0.682   0.000 01T018M000t
00027 GLU02A0067_027 f 0.00  0.000     0  0.00  0  0  -3.340   0.282   4.538   0.019  -1.053   0.000 02O000M000t
00028 GLU02A0067_028 f 0.00  0.000     0  0.00  0  0  -3.308  -0.048   3.927   0.004  -1.046   0.000 02E004M000t
00029 GLU02A0067_029 f 0.00  0.000     0  0.00  0  0  -3.342  -0.059   3.963   0.060  -0.975   0.000 02E010M000t
00030 GLU02A0067_030 f 0.00  0.000     0  0.00  0  0  -3.910   1.504   4.147   0.099  -0.955   0.000 02E016M000t
00031 GLU02A0067_031 f 0.00  0.000     0  0.00  0  0  -3.340   0.282   1.818   0.010  -0.685   0.000 02O000M000t
00032 GLU02A0067_032 f 0.00  0.000     0  0.00  0  0  -4.352  -0.176   1.719   0.036  -0.677   0.000 02E018M000t
00033 GLU02A0067_033 f 0.00  0.000     0  0.00  0  0  -3.190   1.181   3.938   0.028  -1.033   0.000 02T002M000t
00034 GLU02A0067_034 f 0.00  0.000     0  0.00  0  0  -3.669   0.176   4.341   0.052  -0.974   0.000 02T006M000t
00035 GLU02A0067_035 f 0.00  0.000     0  0.00  0  0  -3.285   1.327   3.924   0.053  -0.994   0.000 02T008M000t
00036 GLU02A0067_036 f 0.00  0.000     0  0.00  0  0  -3.866   1.293   4.340   0.049  -0.968   0.000 02T00AM000t
00037 GLU02A0067_037 f 0.00  0.000     0  0.00  0  0  -3.517   1.197   3.922   0.052  -0.966   0.000 02T00CM000t
00038 GLU02A0067_038 f 0.00  0.000     0  0.00  0  0  -4.305   0.113   5.217   0.014  -1.019   0.000 02T013M000t
00039 GLU02A0067_039 f 0.00  0.000     0  0.00  0  0  -3.212   1.268   3.888   0.037  -1.068   0.000 02T003M000t
00040 GLU02A0067_040 f 0.00  0.000     0  0.00  0  0  -3.570  -0.029   4.523   0.081  -0.913   0.000 02T012M000t
00041 GLU02A0067_041 f 0.00  0.000     0  0.00  0  0  -3.817   1.009   4.089   0.052  -0.979   0.000 02T015M000t
00042 GLU02A0067_042 f 0.00  0.000     0  0.00  0  0  -3.971   1.531   4.280   0.196  -0.948   0.000 02T017M000t
00043 GLU02A0067_043 f 0.00  0.000     0  0.00  0  0  -4.262  -0.176   4.387   0.000  -0.974   0.000 02T018M000t
00044 GLU02A0067_044 f 0.00  0.000     0  0.00  0  0  -3.953   0.926   1.377   0.018  -0.681   0.000 02T015M000t
00045 GLU02A0067_045 f 0.00  0.000     0  0.00  0  0  -3.911   1.506   1.420   0.056  -0.671   0.000 02T016M000t
00046 GLU02A0067_046 f 0.00  0.000     0  0.00  0  0  -3.959   1.507   1.547   0.010  -0.674   0.000 02T017M000t
00047 GLU02A0067_047 f 0.00  0.000     0  0.00  0  0  -3.167  -0.046   1.200   0.009  -0.678   0.000 02T004M000t
00048 GLU02A0067_048 f 0.00  0.000     0  0.00  0  0  -3.154   1.355   1.189   0.015  -0.709   0.000 02T008M000t
00049 GLU02A0067_049 f 0.00  0.000     0  0.00  0  0  -3.841   1.289   1.554   0.016  -0.682   0.000 02T00AM000t
00050 GLU02A0067_050 f 0.00  0.000     0  0.00  0  0  -3.621  -0.029   1.803   0.025  -0.672   0.000 02T012M000t
00051 GLU02A0067_051 f 0.00  0.000     0  0.00  0  0  -4.590   0.127   2.379   0.029  -0.662   0.000 02T013M000t
00052 GLU-1A0067_052 f 0.00 -1.000     0  4.75  0 -1  -3.198   0.291   1.818  -0.061  -6.041   0.000 -1O000M000t
00053 GLU-1A0067_053 f 0.00 -1.000     0  4.75  0 -1  -3.168   1.192   1.217  -0.069  -6.025   0.000 -1E002M000t
00054 GLU-1A0067_054 f 0.00 -1.000     0  4.75  0 -1  -3.163   1.251   1.166  -0.066  -6.036   0.000 -1E003M000t
00055 GLU-1A0067_055 f 0.00 -1.000     0  4.75  0 -1  -3.425   1.310   1.164  -0.070  -6.046   0.000 -1E008M000t
00056 GLU-1A0067_056 f 0.00 -1.000     0  4.75  0 -1  -4.268   1.606   1.646  -0.053  -6.046   0.000 -1E00DM000t
00057 GLU-1A0067_057 f 0.00 -1.000     0  4.75  0 -1  -3.808  -0.030   1.753  -0.034  -5.951   0.000 -1E012M000t
00058 GLU-1A0067_058 f 0.00 -1.000     0  4.75  0 -1  -4.406   0.109   2.369  -0.193  -5.934   0.000 -1E013M000t
00059 GLU-1A0067_059 f 0.00 -1.000     0  4.75  0 -1  -3.991   0.931   1.353  -0.158  -5.956   0.000 -1E015M000t
00060 GLU-1A0067_060 f 0.00 -1.000     0  4.75  0 -1  -3.991   1.432   1.389  -0.154  -5.912   0.000 -1E016M000t
00061 GLU-1A0067_061 f 0.00 -1.000     0  4.75  0 -1  -4.060   1.341   1.514   0.067  -5.859   0.000 -1E017M000t
00062 GLU-1A0067_062 f 0.00 -1.000     0  4.75  0 -1  -4.308  -0.186   1.698  -0.046  -5.932   0.000 -1E018M000t
