   confID        vdw0    sas     sum
GLU01A0067_001   1.668  -4.616  -2.948
GLU01A0067_002   1.618  -4.569  -2.951
GLU01A0067_003   0.794  -4.926  -4.132
GLU01A0067_004   0.529  -4.801  -4.272
GLU01A0067_005   1.668  -4.616  -2.948
GLU01A0067_006   0.793  -4.865  -4.072
GLU01A0067_007   1.777  -4.556  -2.780
GLU01A0067_008   0.789  -4.678  -3.889
GLU01A0067_009   1.080  -4.740  -3.661
GLU01A0067_010   0.915  -4.893  -3.978
GLU01A0067_011   1.112  -4.614  -3.502
GLU01A0067_012   1.095  -4.819  -3.724
GLU01A0067_013   0.405  -4.669  -4.264
GLU01A0067_014   0.777  -4.752  -3.975
GLU01A0067_015   0.763  -4.679  -3.916
GLU01A0067_016   0.792  -4.801  -4.009
GLU01A0067_017   1.777  -4.556  -2.780
GLU01A0067_018   0.620  -4.876  -4.256
GLU01A0067_019   0.760  -4.692  -3.932
GLU01A0067_020   1.560  -4.561  -3.000
GLU01A0067_021   0.437  -4.622  -4.185
GLU01A0067_022   1.112  -4.614  -3.502
GLU01A0067_023   1.095  -4.819  -3.724
GLU01A0067_024   0.405  -4.669  -4.264
GLU01A0067_025   0.777  -4.765  -3.988
GLU01A0067_026   0.555  -4.767  -4.212
GLU02A0067_027   1.312  -4.652  -3.340
GLU02A0067_028   1.269  -4.577  -3.308
GLU02A0067_029   1.304  -4.647  -3.342
GLU02A0067_030   0.882  -4.792  -3.910
GLU02A0067_031   1.312  -4.652  -3.340
GLU02A0067_032   0.571  -4.923  -4.352
GLU02A0067_033   1.384  -4.573  -3.190
GLU02A0067_034   0.980  -4.649  -3.669
GLU02A0067_035   1.287  -4.572  -3.285
GLU02A0067_036   1.008  -4.874  -3.866
GLU02A0067_037   1.293  -4.810  -3.517
GLU02A0067_038   0.360  -4.665  -4.305
GLU02A0067_039   1.294  -4.506  -3.212
GLU02A0067_040   1.219  -4.788  -3.570
GLU02A0067_041   0.994  -4.810  -3.817
GLU02A0067_042   0.933  -4.904  -3.971
GLU02A0067_043   0.571  -4.832  -4.262
GLU02A0067_044   0.891  -4.845  -3.953
GLU02A0067_045   0.880  -4.792  -3.911
GLU02A0067_046   0.919  -4.878  -3.959
GLU02A0067_047   1.293  -4.461  -3.167
GLU02A0067_048   1.394  -4.549  -3.154
GLU02A0067_049   0.997  -4.838  -3.841
GLU02A0067_050   1.219  -4.840  -3.621
GLU02A0067_051   0.403  -4.993  -4.590
GLU-1A0067_052   1.255  -4.453  -3.198
GLU-1A0067_053   1.332  -4.500  -3.168
GLU-1A0067_054   1.212  -4.375  -3.163
GLU-1A0067_055   1.010  -4.435  -3.425
GLU-1A0067_056   0.468  -4.737  -4.268
GLU-1A0067_057   0.931  -4.739  -3.808
GLU-1A0067_058   0.294  -4.700  -4.406
GLU-1A0067_059   0.697  -4.688  -3.991
GLU-1A0067_060   0.684  -4.675  -3.991
GLU-1A0067_061   0.714  -4.774  -4.060
GLU-1A0067_062   0.427  -4.735  -4.308
