CONFORMER         crg  vdw0  vdw1  tors  epol  self   occ  Hb     history    ASA
ARG01A0087_001  0.000-11.52  0.09  0.48  0.00-10.95 0.502  00  01O000M000  1.000
ARG01A0087_002  0.000-12.37  1.77  3.28  0.00 -7.31 0.502  00  01E00EM000  1.000
ARG01A0087_003  0.000-10.80  0.73  3.20  0.00 -6.87 0.502  00  01E05BM000  1.000
ARG01A0087_004  0.000-10.04  0.12  1.09  0.00 -8.83 0.502  00  01E066M000  1.000
ARG01A0087_005  0.000 -9.80  1.03  3.84  0.00 -4.94 0.502  00  01E06EM000  1.000
ARG01A0087_006  0.000-10.13  0.78  3.82  0.00 -5.53 0.501  00  01E06FM000  1.000
ARG01A0087_007  0.000-10.71  0.10  0.46  0.00-10.15 0.501  00  01E072M000  1.000
ARG01A0087_008  0.000-10.90  1.05  3.22  0.00 -6.63 0.501  00  01E088M000  1.000
ARG01A0087_009  0.000-10.14 -0.14  0.41  0.00 -9.87 0.502  00  01E094M000  1.000
ARG01A0087_010  0.000-10.95  0.87  5.90  0.00 -4.18 0.501  00  01E0A5M000  1.000
ARG01A0087_011  0.000-11.18  1.68  6.04  0.00 -3.46 0.502  00  01E108M000  1.000
ARG01A0087_012  0.000-11.36  0.99  0.46  0.00 -9.91 0.502  00  01T002M000  1.000
ARG01A0087_013  0.000-11.40  1.31  0.50  0.00 -9.59 0.502  00  01T05EM000  1.000
ARG01A0087_014  0.000-11.28  0.91  6.00  0.00 -4.37 0.502  00  01T0ACM000  1.000
ARG01A0087_015  0.000 -8.38  0.23  1.05  0.00 -7.10 0.501  00  01T0C3M000  1.000
ARG01A0087_016  0.000 -9.01  1.06  1.05  0.00 -6.90 0.502  00  01T0CDM000  1.000
ARG01A0087_017  0.000-11.49  1.44  1.13  0.00 -8.91 0.502  00  01T0DCM000  1.000
ARG01A0087_018  0.000-11.51  1.52  6.09  0.00 -3.90 0.502  00  01T111M000  1.000
ARG01A0087_019  0.000-12.74  1.75  3.34  0.00 -7.66 0.501  00  01T116M000  1.000
ARG01A0087_020  0.000 -8.39  1.16  3.81  0.00 -3.42 0.502  00  01T119M000  1.000
ARG02A0087_021  0.000-11.60  0.07  0.48  0.00-11.04 0.502  00  02O000M000  1.000
ARG02A0087_022  0.000-10.77  0.73  3.18  0.00 -6.86 0.502  00  02E05BM000  1.000
ARG02A0087_023  0.000-13.07  1.87  3.26  0.00 -7.94 0.501  00  02E116M000  1.000
ARG02A0087_024  0.000-10.67  0.07  0.40  0.00-10.20 0.501  00  02E072M000  1.000
ARG02A0087_025  0.000-11.12  1.65  6.04  0.00 -3.44 0.502  00  02E108M000  1.000
ARG02A0087_026  0.000-10.14  0.98  3.81  0.00 -5.35 0.502  00  02T06EM000  1.000
ARG02A0087_027  0.000-10.96  1.05  3.21  0.00 -6.70 0.501  00  02T088M000  1.000
ARG02A0087_028  0.000 -8.74  0.23  1.05  0.00 -7.46 0.501  00  02T0C3M000  1.000
ARG02A0087_029  0.000-11.63  1.41  0.48  0.00 -9.73 0.502  00  02T05EM000  1.000
ARG02A0087_030  0.000-10.17 -0.14  0.41  0.00 -9.90 0.502  00  02T094M000  1.000
ARG02A0087_031  0.000-11.24  0.91  5.89  0.00 -4.44 0.502  00  02T0ACM000  1.000
ARG02A0087_032  0.000 -9.08  1.03  1.05  0.00 -7.00 0.502  00  02T0CDM000  1.000
ARG02A0087_033  0.000-11.35  1.59  1.05  0.00 -8.71 0.502  00  02T0DCM000  1.000
ARG02A0087_034  0.000-12.40  1.91  3.25  0.00 -7.23 0.502  00  02T00EM000  1.000
ARG02A0087_035  0.000-10.95  0.87  5.88  0.00 -4.19 0.501  00  02T0A5M000  1.000
ARG02A0087_036  0.000-11.68  1.62  6.05  0.00 -4.00 0.502  00  02T111M000  1.000
ARG02A0087_037  0.000 -8.67  1.19  3.81  0.00 -3.67 0.502  00  02T119M000  1.000
ARG02A0087_038  0.000-11.37  0.94  0.42  0.00-10.01 0.502  00  02T002M000  1.000
ARG02A0087_039  0.000-10.08  0.13  1.06  0.00 -8.89 0.502  00  02T066M000  1.000
ARG02A0087_040  0.000-10.14  0.75  3.82  0.00 -5.57 0.501  00  02T06FM000  1.000
ARG03A0087_041  0.000-11.60  0.07  0.48  0.00-11.04 0.502  00  03O000M000  1.000
ARG03A0087_042  0.000-10.85  0.73  3.18  0.00 -6.93 0.502  00  03E05BM000  1.000
ARG03A0087_043  0.000-10.93  1.03  3.22  0.00 -6.68 0.501  00  03E088M000  1.000
ARG03A0087_044  0.000-10.19  0.76  3.82  0.00 -5.61 0.501  00  03E06FM000  1.000
ARG03A0087_045  0.000-13.20  1.87  3.26  0.00 -8.07 0.501  00  03E116M000  1.000
ARG03A0087_046  0.000-11.26  1.62  1.05  0.00 -8.59 0.502  00  03T0DCM000  1.000
ARG03A0087_047  0.000-12.36  1.92  3.25  0.00 -7.19 0.502  00  03T00EM000  1.000
ARG03A0087_048  0.000-10.65  0.07  0.41  0.00-10.18 0.501  00  03T072M000  1.000
ARG03A0087_049  0.000-10.89  0.87  5.88  0.00 -4.14 0.501  00  03T0A5M000  1.000
ARG03A0087_050  0.000-11.47  0.94  0.42  0.00-10.11 0.502  00  03T002M000  1.000
ARG03A0087_051  0.000-10.14  0.12  1.06  0.00 -8.95 0.502  00  03T066M000  1.000
ARG03A0087_052  0.000-10.21  0.98  3.81  0.00 -5.42 0.502  00  03T06EM000  1.000
ARG03A0087_053  0.000-10.15 -0.15  0.41  0.00 -9.88 0.502  00  03T094M000  1.000
ARG03A0087_054  0.000 -8.45  0.23  1.05  0.00 -7.17 0.501  00  03T0C3M000  1.000
ARG03A0087_055  0.000 -9.00  1.06  1.05  0.00 -6.89 0.502  00  03T0CDM000  1.000
ARG03A0087_056  0.000-11.10  1.65  6.03  0.00 -3.41 0.502  00  03T108M000  1.000
ARG03A0087_057  0.000 -8.39  1.15  3.81  0.00 -3.43 0.502  00  03T119M000  1.000
ARG03A0087_058  0.000-11.63  1.40  0.48  0.00 -9.74 0.502  00  03T05EM000  1.000
ARG03A0087_059  0.000-11.35  0.91  5.91  0.00 -4.53 0.502  00  03T0ACM000  1.000
ARG03A0087_060  0.000-11.62  1.61  6.05  0.00 -3.96 0.502  00  03T111M000  1.000
ARG+1A0087_061  1.000-11.64  0.07  0.48  0.00-11.08 0.502  00  +1O000M000  1.000
ARG+1A0087_062  1.000-11.42  0.94  0.42  0.00-10.06 0.502  00  +1E002M000  1.000
ARG+1A0087_063  1.000-10.80  0.73  3.18  0.00 -6.89 0.502  00  +1E05BM000  1.000
ARG+1A0087_064  1.000-10.11  0.12  1.06  0.00 -8.93 0.502  00  +1E066M000  1.000
ARG+1A0087_065  1.000-10.24  0.97  3.81  0.00 -5.46 0.502  00  +1E06EM000  1.000
ARG+1A0087_066  1.000-10.23 -0.15  0.41  0.00 -9.97 0.502  00  +1E094M000  1.000
ARG+1A0087_067  1.000-11.53  0.91  5.91  0.00 -4.71 0.502  00  +1E0ACM000  1.000
ARG+1A0087_068  1.000 -8.48  0.23  1.05  0.00 -7.21 0.501  00  +1E0C3M000  1.000
ARG+1A0087_069  1.000 -9.11  1.01  1.05  0.00 -7.05 0.502  00  +1E0CDM000  1.000
ARG+1A0087_070  1.000-11.22  1.65  6.04  0.00 -3.54 0.502  00  +1E108M000  1.000
ARG+1A0087_071  1.000-13.24  1.86  3.26  0.00 -8.11 0.501  00  +1E116M000  1.000
ARG+1A0087_072  1.000 -8.44  1.15  3.81  0.00 -3.48 0.502  00  +1E119M000  1.000
ARG+1A0087_073  1.000-12.32  1.92  3.25  0.00 -7.16 0.502  00  +1T00EM000  1.000
ARG+1A0087_074  1.000-11.68  1.41  0.48  0.00 -9.79 0.502  00  +1T05EM000  1.000
ARG+1A0087_075  1.000-10.16  0.75  3.82  0.00 -5.60 0.501  00  +1T06FM000  1.000
ARG+1A0087_076  1.000-10.80  0.07  0.41  0.00-10.33 0.501  00  +1T072M000  1.000
ARG+1A0087_077  1.000-11.10  1.04  3.21  0.00 -6.85 0.501  00  +1T088M000  1.000
ARG+1A0087_078  1.000-10.98  0.87  5.89  0.00 -4.22 0.501  00  +1T0A5M000  1.000
ARG+1A0087_079  1.000-11.47  1.60  1.05  0.00 -8.82 0.502  00  +1T0DCM000  1.000
ARG+1A0087_080  1.000-11.80  1.61  6.05  0.00 -4.14 0.502  00  +1T111M000  1.000
