iConf CONFORMER     FL  occ    crg   Em0  pKa0 ne nH    vdw0    vdw1    tors    epol   dsolv   extra    history
00001 ARG01A0087_001 f 0.00  0.000     0  0.00  0  0 -11.514   0.188   0.484   0.012  -3.005   0.000 01O000M000t
00002 ARG01A0087_002 f 0.00  0.000     0  0.00  0  0 -12.361   1.769   3.284  -0.074  -2.906   0.000 01E00EM000t
00003 ARG01A0087_003 f 0.00  0.000     0  0.00  0  0 -10.796   0.783   3.201   0.002  -2.806   0.000 01E05BM000t
00004 ARG01A0087_004 f 0.00  0.000     0  0.00  0  0 -10.039   0.180   1.092   0.055  -2.827   0.000 01E066M000t
00005 ARG01A0087_005 f 0.00  0.000     0  0.00  0  0  -9.816   1.034   3.837  -0.092  -2.916   0.000 01E06EM000t
00006 ARG01A0087_006 f 0.00  0.000     0  0.00  0  0 -10.127   0.777   3.819  -0.125  -2.696   0.000 01E06FM000t
00007 ARG01A0087_007 f 0.00  0.000     0  0.00  0  0 -10.670   0.202   0.458  -0.018  -2.968   0.000 01E072M000t
00008 ARG01A0087_008 f 0.00  0.000     0  0.00  0  0 -10.897   1.101   3.223   0.021  -2.901   0.000 01E088M000t
00009 ARG01A0087_009 f 0.00  0.000     0  0.00  0  0 -10.142  -0.024   0.414   0.022  -3.025   0.000 01E094M000t
00010 ARG01A0087_010 f 0.00  0.000     0  0.00  0  0 -10.946   0.926   5.897   0.007  -2.802   0.000 01E0A5M000t
00011 ARG01A0087_011 f 0.00  0.000     0  0.00  0  0 -11.174   1.678   6.036   0.022  -2.875   0.000 01E108M000t
00012 ARG01A0087_012 f 0.00  0.000     0  0.00  0  0 -11.361   1.041   0.459  -0.020  -2.903   0.000 01T002M000t
00013 ARG01A0087_013 f 0.00  0.000     0  0.00  0  0 -11.454   1.351   0.500  -0.023  -2.897   0.000 01T05EM000t
00014 ARG01A0087_014 f 0.00  0.000     0  0.00  0  0 -11.278   0.964   5.992   0.006  -2.969   0.000 01T0ACM000t
00015 ARG01A0087_015 f 0.00  0.000     0  0.00  0  0  -8.380   0.281   1.046   0.022  -3.043   0.000 01T0C3M000t
00016 ARG01A0087_016 f 0.00  0.000     0  0.00  0  0  -9.001   1.062   1.050  -0.091  -2.820   0.000 01T0CDM000t
00017 ARG01A0087_017 f 0.00  0.000     0  0.00  0  0 -11.435   1.446   1.127   0.068  -3.061   0.000 01T0DCM000t
00018 ARG01A0087_018 f 0.00  0.000     0  0.00  0  0 -11.493   1.521   6.089   0.109  -2.755   0.000 01T111M000t
00019 ARG01A0087_019 f 0.00  0.000     0  0.00  0  0 -12.746   1.745   3.340   0.063  -2.883   0.000 01T116M000t
00020 ARG01A0087_020 f 0.00  0.000     0  0.00  0  0  -8.403   1.158   3.808   0.033  -2.890   0.000 01T119M000t
00021 ARG02A0087_021 f 0.00  0.000     0  0.00  0  0 -11.590   0.173   0.484   0.007  -2.577   0.000 02O000M000t
00022 ARG02A0087_022 f 0.00  0.000     0  0.00  0  0 -10.774   0.784   3.183   0.029  -2.445   0.000 02E05BM000t
00023 ARG02A0087_023 f 0.00  0.000     0  0.00  0  0 -13.068   1.869   3.258   0.064  -2.637   0.000 02E116M000t
00024 ARG02A0087_024 f 0.00  0.000     0  0.00  0  0 -10.682   0.173   0.405   0.015  -2.810   0.000 02E072M000t
00025 ARG02A0087_025 f 0.00  0.000     0  0.00  0  0 -11.111   1.643   6.035   0.052  -2.684   0.000 02E108M000t
00026 ARG02A0087_026 f 0.00  0.000     0  0.00  0  0 -10.136   0.978   3.813   0.027  -2.408   0.000 02T06EM000t
00027 ARG02A0087_027 f 0.00  0.000     0  0.00  0  0 -11.000   1.100   3.212   0.033  -2.488   0.000 02T088M000t
00028 ARG02A0087_028 f 0.00  0.000     0  0.00  0  0  -8.737   0.282   1.047  -0.004  -2.639   0.000 02T0C3M000t
00029 ARG02A0087_029 f 0.00  0.000     0  0.00  0  0 -11.624   1.450   0.484   0.061  -2.540   0.000 02T05EM000t
00030 ARG02A0087_030 f 0.00  0.000     0  0.00  0  0 -10.166  -0.022   0.414   0.007  -2.422   0.000 02T094M000t
00031 ARG02A0087_031 f 0.00  0.000     0  0.00  0  0 -11.242   0.959   5.893   0.020  -2.689   0.000 02T0ACM000t
00032 ARG02A0087_032 f 0.00  0.000     0  0.00  0  0  -9.081   1.035   1.050  -0.152  -2.312   0.000 02T0CDM000t
00033 ARG02A0087_033 f 0.00  0.000     0  0.00  0  0 -11.361   1.592   1.050   0.026  -2.664   0.000 02T0DCM000t
00034 ARG02A0087_034 f 0.00  0.000     0  0.00  0  0 -12.401   1.918   3.249  -0.050  -2.670   0.000 02T00EM000t
00035 ARG02A0087_035 f 0.00  0.000     0  0.00  0  0 -10.950   0.928   5.881  -0.013  -2.716   0.000 02T0A5M000t
00036 ARG02A0087_036 f 0.00  0.000     0  0.00  0  0 -11.667   1.620   6.052   0.020  -2.587   0.000 02T111M000t
00037 ARG02A0087_037 f 0.00  0.000     0  0.00  0  0  -8.676   1.182   3.807  -0.010  -2.525   0.000 02T119M000t
00038 ARG02A0087_038 f 0.00  0.000     0  0.00  0  0 -11.370   0.991   0.420   0.028  -2.705   0.000 02T002M000t
00039 ARG02A0087_039 f 0.00  0.000     0  0.00  0  0 -10.072   0.195   1.062   0.042  -2.685   0.000 02T066M000t
00040 ARG02A0087_040 f 0.00  0.000     0  0.00  0  0 -10.135   0.756   3.816  -0.072  -2.596   0.000 02T06FM000t
00041 ARG03A0087_041 f 0.00  0.000     0  0.00  0  0 -11.594   0.173   0.484   0.007  -2.596   0.000 03O000M000t
00042 ARG03A0087_042 f 0.00  0.000     0  0.00  0  0 -10.849   0.785   3.183   0.024  -2.462   0.000 03E05BM000t
00043 ARG03A0087_043 f 0.00  0.000     0  0.00  0  0 -10.926   1.090   3.215   0.033  -2.564   0.000 03E088M000t
00044 ARG03A0087_044 f 0.00  0.000     0  0.00  0  0 -10.114   0.761   3.817  -0.110  -2.391   0.000 03E06FM000t
00045 ARG03A0087_045 f 0.00  0.000     0  0.00  0  0 -13.200   1.864   3.261   0.062  -2.693   0.000 03E116M000t
00046 ARG03A0087_046 f 0.00  0.000     0  0.00  0  0 -11.259   1.617   1.052   0.025  -2.650   0.000 03T0DCM000t
00047 ARG03A0087_047 f 0.00  0.000     0  0.00  0  0 -12.358   1.924   3.247  -0.025  -2.740   0.000 03T00EM000t
00048 ARG03A0087_048 f 0.00  0.000     0  0.00  0  0 -10.657   0.172   0.406   0.016  -2.488   0.000 03T072M000t
00049 ARG03A0087_049 f 0.00  0.000     0  0.00  0  0 -10.893   0.925   5.878   0.003  -2.455   0.000 03T0A5M000t
00050 ARG03A0087_050 f 0.00  0.000     0  0.00  0  0 -11.462   0.991   0.419   0.015  -2.607   0.000 03T002M000t
00051 ARG03A0087_051 f 0.00  0.000     0  0.00  0  0 -10.147   0.188   1.064   0.056  -2.560   0.000 03T066M000t
00052 ARG03A0087_052 f 0.00  0.000     0  0.00  0  0 -10.151   0.977   3.811  -0.016  -2.788   0.000 03T06EM000t
00053 ARG03A0087_053 f 0.00  0.000     0  0.00  0  0 -10.157  -0.030   0.414   0.019  -2.552   0.000 03T094M000t
00054 ARG03A0087_054 f 0.00  0.000     0  0.00  0  0  -8.447   0.276   1.047   0.006  -2.556   0.000 03T0C3M000t
00055 ARG03A0087_055 f 0.00  0.000     0  0.00  0  0  -8.983   1.059   1.049  -0.146  -2.354   0.000 03T0CDM000t
00056 ARG03A0087_056 f 0.00  0.000     0  0.00  0  0 -11.173   1.653   6.034   0.051  -2.785   0.000 03T108M000t
00057 ARG03A0087_057 f 0.00  0.000     0  0.00  0  0  -8.390   1.150   3.807   0.034  -2.679   0.000 03T119M000t
00058 ARG03A0087_058 f 0.00  0.000     0  0.00  0  0 -11.625   1.449   0.483   0.053  -2.532   0.000 03T05EM000t
00059 ARG03A0087_059 f 0.00  0.000     0  0.00  0  0 -11.349   0.961   5.913   0.011  -2.591   0.000 03T0ACM000t
00060 ARG03A0087_060 f 0.00  0.000     0  0.00  0  0 -11.625   1.610   6.049   0.104  -2.532   0.000 03T111M000t
00061 ARG+1A0087_061 f 0.00  1.000     0 12.50  0  1 -11.633   0.172   0.484   0.046 -10.572   0.000 +1O000M000t
00062 ARG+1A0087_062 f 0.00  1.000     0 12.50  0  1 -11.416   0.992   0.420   0.110 -10.524   0.000 +1E002M000t
00063 ARG+1A0087_063 f 0.00  1.000     0 12.50  0  1 -10.793   0.784   3.181   0.094 -10.710   0.000 +1E05BM000t
00064 ARG+1A0087_064 f 0.00  1.000     0 12.50  0  1 -10.125   0.188   1.064   0.151 -10.567   0.000 +1E066M000t
00065 ARG+1A0087_065 f 0.00  1.000     0 12.50  0  1 -10.195   0.972   3.813   0.259 -10.415   0.000 +1E06EM000t
00066 ARG+1A0087_066 f 0.00  1.000     0 12.50  0  1 -10.236  -0.029   0.415   0.083 -10.935   0.000 +1E094M000t
00067 ARG+1A0087_067 f 0.00  1.000     0 12.50  0  1 -11.531   0.961   5.913   0.092 -10.869   0.000 +1E0ACM000t
00068 ARG+1A0087_068 f 0.00  1.000     0 12.50  0  1  -8.493   0.277   1.048   0.055 -10.831   0.000 +1E0C3M000t
00069 ARG+1A0087_069 f 0.00  1.000     0 12.50  0  1  -9.110   1.019   1.051   0.022 -10.544   0.000 +1E0CDM000t
00070 ARG+1A0087_070 f 0.00  1.000     0 12.50  0  1 -11.226   1.644   6.035   0.329 -10.593   0.000 +1E108M000t
00071 ARG+1A0087_071 f 0.00  1.000     0 12.50  0  1 -13.239   1.864   3.262   0.191 -10.772   0.000 +1E116M000t
00072 ARG+1A0087_072 f 0.00  1.000     0 12.50  0  1  -8.440   1.152   3.809   0.116 -10.851   0.000 +1E119M000t
00073 ARG+1A0087_073 f 0.00  1.000     0 12.50  0  1 -12.327   1.916   3.247   0.341 -10.641   0.000 +1T00EM000t
00074 ARG+1A0087_074 f 0.00  1.000     0 12.50  0  1 -11.672   1.451   0.484   0.285 -10.601   0.000 +1T05EM000t
00075 ARG+1A0087_075 f 0.00  1.000     0 12.50  0  1 -10.160   0.750   3.816   0.180 -10.549   0.000 +1T06FM000t
00076 ARG+1A0087_076 f 0.00  1.000     0 12.50  0  1 -10.798   0.170   0.406   0.123 -10.812   0.000 +1T072M000t
00077 ARG+1A0087_077 f 0.00  1.000     0 12.50  0  1 -11.111   1.097   3.214   0.046 -10.662   0.000 +1T088M000t
00078 ARG+1A0087_078 f 0.00  1.000     0 12.50  0  1 -10.987   0.925   5.890   0.107 -10.672   0.000 +1T0A5M000t
00079 ARG+1A0087_079 f 0.00  1.000     0 12.50  0  1 -11.477   1.607   1.051   0.006 -10.823   0.000 +1T0DCM000t
00080 ARG+1A0087_080 f 0.00  1.000     0 12.50  0  1 -11.791   1.613   6.048   0.232 -10.509   0.000 +1T111M000t
