   confID        vdw0    sas     sum
ARG01A0087_001   2.825 -14.339 -11.514
ARG01A0087_002   2.672 -15.033 -12.361
ARG01A0087_003   3.296 -14.092 -10.796
ARG01A0087_004   4.321 -14.360 -10.039
ARG01A0087_005   4.252 -14.068  -9.816
ARG01A0087_006   4.156 -14.283 -10.127
ARG01A0087_007   3.852 -14.522 -10.670
ARG01A0087_008   3.385 -14.282 -10.897
ARG01A0087_009   3.654 -13.796 -10.142
ARG01A0087_010   3.482 -14.427 -10.946
ARG01A0087_011   3.244 -14.418 -11.174
ARG01A0087_012   2.723 -14.083 -11.361
ARG01A0087_013   3.347 -14.801 -11.454
ARG01A0087_014   3.229 -14.506 -11.278
ARG01A0087_015   5.558 -13.938  -8.380
ARG01A0087_016   4.995 -13.996  -9.001
ARG01A0087_017   2.787 -14.222 -11.435
ARG01A0087_018   2.952 -14.444 -11.493
ARG01A0087_019   1.896 -14.642 -12.746
ARG01A0087_020   5.551 -13.955  -8.403
ARG02A0087_021   2.748 -14.339 -11.590
ARG02A0087_022   3.257 -14.031 -10.774
ARG02A0087_023   1.854 -14.922 -13.068
ARG02A0087_024   3.827 -14.509 -10.682
ARG02A0087_025   3.306 -14.418 -11.111
ARG02A0087_026   4.071 -14.207 -10.136
ARG02A0087_027   3.346 -14.346 -11.000
ARG02A0087_028   5.317 -14.054  -8.737
ARG02A0087_029   3.129 -14.753 -11.624
ARG02A0087_030   3.630 -13.796 -10.166
ARG02A0087_031   3.216 -14.458 -11.242
ARG02A0087_032   4.851 -13.932  -9.081
ARG02A0087_033   2.733 -14.094 -11.361
ARG02A0087_034   2.564 -14.965 -12.401
ARG02A0087_035   3.602 -14.552 -10.950
ARG02A0087_036   2.948 -14.615 -11.667
ARG02A0087_037   5.343 -14.019  -8.676
ARG02A0087_038   2.778 -14.147 -11.370
ARG02A0087_039   4.292 -14.363 -10.072
ARG02A0087_040   4.148 -14.283 -10.135
ARG03A0087_041   2.744 -14.339 -11.594
ARG03A0087_042   3.247 -14.095 -10.849
ARG03A0087_043   3.333 -14.259 -10.926
ARG03A0087_044   4.092 -14.206 -10.114
ARG03A0087_045   1.841 -15.041 -13.200
ARG03A0087_046   2.719 -13.978 -11.259
ARG03A0087_047   2.543 -14.901 -12.358
ARG03A0087_048   3.771 -14.429 -10.657
ARG03A0087_049   3.543 -14.437 -10.893
ARG03A0087_050   2.805 -14.267 -11.462
ARG03A0087_051   4.219 -14.367 -10.147
ARG03A0087_052   4.056 -14.207 -10.151
ARG03A0087_053   3.639 -13.796 -10.157
ARG03A0087_054   5.492 -13.938  -8.447
ARG03A0087_055   5.013 -13.996  -8.983
ARG03A0087_056   3.245 -14.418 -11.173
ARG03A0087_057   5.565 -13.955  -8.390
ARG03A0087_058   3.128 -14.753 -11.625
ARG03A0087_059   3.208 -14.558 -11.349
ARG03A0087_060   2.858 -14.483 -11.625
ARG+1A0087_061   2.705 -14.339 -11.633
ARG+1A0087_062   2.731 -14.147 -11.416
ARG+1A0087_063   3.238 -14.031 -10.793
ARG+1A0087_064   4.174 -14.299 -10.125
ARG+1A0087_065   4.012 -14.207 -10.195
ARG+1A0087_066   3.560 -13.796 -10.236
ARG+1A0087_067   3.159 -14.690 -11.531
ARG+1A0087_068   5.445 -13.938  -8.493
ARG+1A0087_069   4.887 -13.996  -9.110
ARG+1A0087_070   3.192 -14.418 -11.226
ARG+1A0087_071   1.798 -15.038 -13.239
ARG+1A0087_072   5.447 -13.887  -8.440
ARG+1A0087_073   2.510 -14.837 -12.327
ARG+1A0087_074   3.081 -14.753 -11.672
ARG+1A0087_075   4.059 -14.219 -10.160
ARG+1A0087_076   3.762 -14.560 -10.798
ARG+1A0087_077   3.283 -14.394 -11.111
ARG+1A0087_078   3.517 -14.504 -10.987
ARG+1A0087_079   2.681 -14.158 -11.477
ARG+1A0087_080   2.824 -14.615 -11.791
