iConf CONFORMER     FL  occ    crg   Em0  pKa0 ne nH    vdw0    vdw1    tors    epol   dsolv   extra    history
00001 LYS01A0028_001 f 0.00  0.000     0  0.00  0  0 -11.251   1.154   2.668  -0.005  -1.010   0.000 01O000M000t
00002 LYS01A0028_002 f 0.00  0.000     0  0.00  0  0  -9.777   1.130   1.899  -0.007  -0.982   0.000 01E004M000t
00003 LYS01A0028_003 f 0.00  0.000     0  0.00  0  0  -9.383   1.424   2.643  -0.003  -0.940   0.000 01E013M000t
00004 LYS01A0028_004 f 0.00  0.000     0  0.00  0  0 -10.705   4.562   4.704   0.085  -0.928   0.000 01E022M000t
00005 LYS01A0028_005 f 0.00  0.000     0  0.00  0  0 -10.010   2.928   3.880  -0.000  -0.863   0.000 01E034M000t
00006 LYS01A0028_006 f 0.00  0.000     0  0.00  0  0 -11.596   5.216   1.166  -0.009  -1.089   0.000 01E03BM000t
00007 LYS01A0028_007 f 0.00  0.000     0  0.00  0  0 -10.146   1.378   1.680   0.001  -0.965   0.000 01E045M000t
00008 LYS01A0028_008 f 0.00  0.000     0  0.00  0  0 -10.040   4.034   4.430  -0.005  -0.913   0.000 01E059M000t
00009 LYS01A0028_009 f 0.00  0.000     0  0.00  0  0  -9.757   3.446   4.431  -0.004  -0.893   0.000 01E07BM000t
00010 LYS01A0028_010 f 0.00  0.000     0  0.00  0  0  -6.138   0.767   2.760   0.003  -0.866   0.000 01E088M000t
00011 LYS01A0028_011 f 0.00  0.000     0  0.00  0  0  -9.696   2.054   2.036  -0.043  -0.977   0.000 01E098M000t
00012 LYS01A0028_012 f 0.00  0.000     0  0.00  0  0 -10.166   1.692   2.351  -0.007  -1.007   0.000 01T01AM000t
00013 LYS01A0028_013 f 0.00  0.000     0  0.00  0  0 -10.526   3.769   2.245  -0.019  -1.056   0.000 01T01BM000t
00014 LYS01A0028_014 f 0.00  0.000     0  0.00  0  0  -8.929   1.306   2.425   0.007  -0.898   0.000 01T076M000t
00015 LYS01A0028_015 f 0.00  0.000     0  0.00  0  0  -9.856   3.329   4.550  -0.005  -0.959   0.000 01T079M000t
00016 LYS01A0028_016 f 0.00  0.000     0  0.00  0  0  -9.821   4.035   2.696   0.012  -0.806   0.000 01T093M000t
00017 LYS01A0028_017 f 0.00  0.000     0  0.00  0  0  -3.192   1.318   2.299  -0.004  -1.042   0.000 01T09DM000t
00018 LYS01A0028_018 f 0.00  0.000     0  0.00  0  0  -4.357   1.180   2.207  -0.008  -0.915   0.000 01T0A1M000t
00019 LYS01A0028_019 f 0.00  0.000     0  0.00  0  0 -10.523   5.530   4.551  -0.016  -0.894   0.000 01T0A8M000t
00020 LYS01A0028_020 f 0.00  0.000     0  0.00  0  0  -9.022   3.651   5.268  -0.027  -0.929   0.000 01T0AEM000t
00021 LYS+1A0028_021 f 0.00  1.000     0 10.40  0  1 -11.295   1.153   2.668   0.021 -12.908   0.000 +1O000M000t
00022 LYS+1A0028_022 f 0.00  1.000     0 10.40  0  1 -10.378   1.720   2.447   0.031 -12.974   0.000 +1E01AM000t
00023 LYS+1A0028_023 f 0.00  1.000     0 10.40  0  1 -10.000   2.910   3.944   0.024 -12.862   0.000 +1E034M000t
00024 LYS+1A0028_024 f 0.00  1.000     0 10.40  0  1 -11.639   5.299   1.181   0.073 -13.072   0.000 +1E03BM000t
00025 LYS+1A0028_025 f 0.00  1.000     0 10.40  0  1 -10.175   1.369   1.692   0.021 -12.918   0.000 +1E045M000t
00026 LYS+1A0028_026 f 0.00  1.000     0 10.40  0  1 -10.296   4.057   4.480   0.052 -12.791   0.000 +1E059M000t
00027 LYS+1A0028_027 f 0.00  1.000     0 10.40  0  1  -9.821   3.495   4.465   0.064 -12.721   0.000 +1E07BM000t
00028 LYS+1A0028_028 f 0.00  1.000     0 10.40  0  1  -9.885   4.098   2.765   0.321 -12.258   0.000 +1E093M000t
00029 LYS+1A0028_029 f 0.00  1.000     0 10.40  0  1  -4.633   1.171   2.245   0.056 -12.606   0.000 +1E0A1M000t
00030 LYS+1A0028_030 f 0.00  1.000     0 10.40  0  1 -10.416   5.579   4.595  -0.093 -12.704   0.000 +1E0A8M000t
00031 LYS+1A0028_031 f 0.00  1.000     0 10.40  0  1  -9.109   3.649   5.322   0.140 -12.751   0.000 +1E0AEM000t
00032 LYS+1A0028_032 f 0.00  1.000     0 10.40  0  1  -9.803   1.132   1.924   0.018 -12.930   0.000 +1T004M000t
00033 LYS+1A0028_033 f 0.00  1.000     0 10.40  0  1  -9.531   1.421   2.719  -0.001 -12.990   0.000 +1T013M000t
00034 LYS+1A0028_034 f 0.00  1.000     0 10.40  0  1 -10.427   3.683   2.320   0.062 -12.868   0.000 +1T01BM000t
00035 LYS+1A0028_035 f 0.00  1.000     0 10.40  0  1 -10.526   4.532   4.799  -0.454 -12.789   0.000 +1T022M000t
00036 LYS+1A0028_036 f 0.00  1.000     0 10.40  0  1  -9.091   1.302   2.478   0.045 -12.726   0.000 +1T076M000t
00037 LYS+1A0028_037 f 0.00  1.000     0 10.40  0  1  -9.833   3.308   4.607   0.015 -12.952   0.000 +1T079M000t
00038 LYS+1A0028_038 f 0.00  1.000     0 10.40  0  1  -5.989   0.771   2.849   0.076 -12.606   0.000 +1T088M000t
00039 LYS+1A0028_039 f 0.00  1.000     0 10.40  0  1  -9.726   2.084   2.061   0.189 -12.882   0.000 +1T098M000t
00040 LYS+1A0028_040 f 0.00  1.000     0 10.40  0  1  -3.386   1.320   2.346  -0.017 -12.979   0.000 +1T09DM000t
