CONFORMER         crg  vdw0  vdw1  tors  epol  self   occ  Hb     history    ASA
LYS01A0028_001  0.000-11.25  1.05  2.67  0.00 -7.53 0.503  00  01O000M000  1.000
LYS01A0028_002  0.000 -9.78  1.08  1.90  0.00 -6.80 0.502  00  01E004M000  1.000
LYS01A0028_003  0.000 -9.38  1.37  2.64  0.00 -5.37 0.502  00  01E013M000  1.000
LYS01A0028_004  0.000-10.71  4.56  4.70  0.00 -1.45 0.502  00  01E022M000  1.000
LYS01A0028_005  0.000-10.01  2.87  3.88  0.00 -3.26 0.502  00  01E034M000  1.000
LYS01A0028_006  0.000-11.60  5.17  1.17  0.00 -5.26 0.503  00  01E03BM000  1.000
LYS01A0028_007  0.000-10.14  1.38  1.68  0.00 -7.08 0.504  00  01E045M000  1.000
LYS01A0028_008  0.000-10.04  4.03  4.43  0.00 -1.58 0.503  00  01E059M000  1.000
LYS01A0028_009  0.000 -9.70  3.39  4.43  0.00 -1.87 0.503  00  01E07BM000  1.000
LYS01A0028_010  0.000 -6.14  0.72  2.76  0.00 -2.66 0.504  00  01E088M000  1.000
LYS01A0028_011  0.000 -9.69  2.01  2.04  0.00 -5.65 0.502  00  01E098M000  1.000
LYS01A0028_012  0.000-10.16  1.64  2.35  0.00 -6.17 0.503  00  01T01AM000  1.000
LYS01A0028_013  0.000-10.53  3.72  2.25  0.00 -4.56 0.503  00  01T01BM000  1.000
LYS01A0028_014  0.000 -8.93  1.25  2.42  0.00 -5.25 0.503  00  01T076M000  1.000
LYS01A0028_015  0.000 -9.85  3.28  4.55  0.00 -2.02 0.503  00  01T079M000  1.000
LYS01A0028_016  0.000 -9.82  3.98  2.70  0.00 -3.14 0.503  00  01T093M000  1.000
LYS01A0028_017  0.000 -3.20  1.32  2.30  0.00  0.42 0.502  00  01T09DM000  1.000
LYS01A0028_018  0.000 -4.37  1.18  2.20  0.00 -0.98 0.503  00  01T0A1M000  1.000
LYS01A0028_019  0.000-10.53  5.54  4.55  0.00 -0.43 0.502  00  01T0A8M000  1.000
LYS01A0028_020  0.000 -9.02  3.65  5.27  0.00 -0.10 0.503  00  01T0AEM000  1.000
LYS+1A0028_021  1.000-11.30  1.05  2.67  0.00 -7.58 0.503  00  +1O000M000  1.000
LYS+1A0028_022  1.000-10.31  1.68  2.45  0.00 -6.19 0.503  00  +1E01AM000  1.000
LYS+1A0028_023  1.000-10.00  2.85  3.94  0.00 -3.21 0.502  00  +1E034M000  1.000
LYS+1A0028_024  1.000-11.64  5.25  1.18  0.00 -5.20 0.503  00  +1E03BM000  1.000
LYS+1A0028_025  1.000-10.18  1.37  1.69  0.00 -7.12 0.504  00  +1E045M000  1.000
LYS+1A0028_026  1.000-10.36  4.04  4.48  0.00 -1.84 0.503  00  +1E059M000  1.000
LYS+1A0028_027  1.000 -9.82  3.43  4.47  0.00 -1.93 0.503  00  +1E07BM000  1.000
LYS+1A0028_028  1.000 -9.89  4.04  2.77  0.00 -3.09 0.503  00  +1E093M000  1.000
LYS+1A0028_029  1.000 -4.63  1.17  2.24  0.00 -1.22 0.503  00  +1E0A1M000  1.000
LYS+1A0028_030  1.000-10.42  5.57  4.60  0.00 -0.25 0.502  00  +1E0A8M000  1.000
LYS+1A0028_031  1.000 -9.11  3.65  5.32  0.00 -0.14 0.503  00  +1E0AEM000  1.000
LYS+1A0028_032  1.000 -9.80  1.08  1.92  0.00 -6.79 0.502  00  +1T004M000  1.000
LYS+1A0028_033  1.000 -9.53  1.37  2.72  0.00 -5.45 0.502  00  +1T013M000  1.000
LYS+1A0028_034  1.000-10.42  3.63  2.32  0.00 -4.47 0.503  00  +1T01BM000  1.000
LYS+1A0028_035  1.000-10.53  4.53  4.80  0.00 -1.20 0.502  00  +1T022M000  1.000
LYS+1A0028_036  1.000 -9.09  1.25  2.48  0.00 -5.37 0.503  00  +1T076M000  1.000
LYS+1A0028_037  1.000 -9.87  3.25  4.61  0.00 -2.01 0.503  00  +1T079M000  1.000
LYS+1A0028_038  1.000 -5.99  0.72  2.85  0.00 -2.42 0.504  00  +1T088M000  1.000
LYS+1A0028_039  1.000 -9.73  2.04  2.06  0.00 -5.63 0.502  00  +1T098M000  1.000
LYS+1A0028_040  1.000 -3.43  1.32  2.35  0.00  0.23 0.502  00  +1T09DM000  1.000
