   confID        vdw0    sas     sum
LYS01A0028_001   1.208 -12.459 -11.251
LYS01A0028_002   2.618 -12.395  -9.777
LYS01A0028_003   2.623 -12.005  -9.383
LYS01A0028_004   1.737 -12.442 -10.705
LYS01A0028_005   1.874 -11.884 -10.010
LYS01A0028_006   0.619 -12.215 -11.596
LYS01A0028_007   2.175 -12.321 -10.146
LYS01A0028_008   2.337 -12.377 -10.040
LYS01A0028_009   2.504 -12.261  -9.757
LYS01A0028_010   6.233 -12.371  -6.138
LYS01A0028_011   2.728 -12.424  -9.696
LYS01A0028_012   2.400 -12.566 -10.166
LYS01A0028_013   2.374 -12.901 -10.526
LYS01A0028_014   2.708 -11.637  -8.929
LYS01A0028_015   2.465 -12.321  -9.856
LYS01A0028_016   2.541 -12.363  -9.821
LYS01A0028_017   8.506 -11.698  -3.192
LYS01A0028_018   7.152 -11.509  -4.357
LYS01A0028_019   2.143 -12.667 -10.523
LYS01A0028_020   3.036 -12.058  -9.022
LYS+1A0028_021   1.164 -12.459 -11.295
LYS+1A0028_022   2.362 -12.740 -10.378
LYS+1A0028_023   1.855 -11.855 -10.000
LYS+1A0028_024   0.576 -12.215 -11.639
LYS+1A0028_025   2.146 -12.321 -10.175
LYS+1A0028_026   2.268 -12.563 -10.296
LYS+1A0028_027   2.401 -12.222  -9.821
LYS+1A0028_028   2.491 -12.376  -9.885
LYS+1A0028_029   6.927 -11.560  -4.633
LYS+1A0028_030   2.042 -12.457 -10.416
LYS+1A0028_031   3.001 -12.110  -9.109
LYS+1A0028_032   2.541 -12.344  -9.803
LYS+1A0028_033   2.610 -12.141  -9.531
LYS+1A0028_034   2.423 -12.849 -10.427
LYS+1A0028_035   1.796 -12.322 -10.526
LYS+1A0028_036   2.662 -11.753  -9.091
LYS+1A0028_037   2.463 -12.295  -9.833
LYS+1A0028_038   6.382 -12.371  -5.989
LYS+1A0028_039   2.697 -12.424  -9.726
LYS+1A0028_040   8.376 -11.762  -3.386
