iConf CONFORMER     FL  occ    crg   Em0  pKa0 ne nH    vdw0    vdw1    tors    epol   dsolv   extra    history
00001 LYS01A0070_001 f 0.00  0.000     0  0.00  0  0  -9.162   0.826   1.592  -0.015  -0.512   0.000 01O000M000t
00002 LYS01A0070_002 f 0.00  0.000     0  0.00  0  0  -9.096   0.411   2.090  -0.025  -0.516   0.000 01E008M000t
00003 LYS01A0070_003 f 0.00  0.000     0  0.00  0  0 -11.236   5.577   2.860  -0.011  -0.508   0.000 01E076M000t
00004 LYS01A0070_004 f 0.00  0.000     0  0.00  0  0  -9.104   2.993   5.387  -0.008  -0.522   0.000 01E096M000t
00005 LYS01A0070_005 f 0.00  0.000     0  0.00  0  0  -9.451   0.181   4.610  -0.003  -0.531   0.000 01E0A6M000t
00006 LYS01A0070_006 f 0.00  0.000     0  0.00  0  0  -9.784   0.512   3.282  -0.007  -0.513   0.000 01E0ABM000t
00007 LYS01A0070_007 f 0.00  0.000     0  0.00  0  0 -10.060   6.139   3.735  -0.017  -0.515   0.000 01E0EFM000t
00008 LYS01A0070_008 f 0.00  0.000     0  0.00  0  0  -9.364   1.633   3.659   0.000  -0.445   0.000 01E121M000t
00009 LYS01A0070_009 f 0.00  0.000     0  0.00  0  0  -6.618   1.354   2.442  -0.006  -0.520   0.000 01E130M000t
00010 LYS01A0070_010 f 0.00  0.000     0  0.00  0  0  -6.893   1.657   2.725  -0.026  -0.535   0.000 01E145M000t
00011 LYS01A0070_011 f 0.00  0.000     0  0.00  0  0  -8.488   1.614   1.538  -0.011  -0.483   0.000 01T01FM000t
00012 LYS01A0070_012 f 0.00  0.000     0  0.00  0  0  -9.372   2.042   2.199  -0.033  -0.519   0.000 01T03EM000t
00013 LYS01A0070_013 f 0.00  0.000     0  0.00  0  0 -11.224   0.762   1.428  -0.005  -0.575   0.000 01T042M000t
00014 LYS01A0070_014 f 0.00  0.000     0  0.00  0  0 -11.001   0.198   1.440  -0.001  -0.542   0.000 01T04AM000t
00015 LYS01A0070_015 f 0.00  0.000     0  0.00  0  0  -9.882   0.716   4.692   0.001  -0.520   0.000 01T065M000t
00016 LYS01A0070_016 f 0.00  0.000     0  0.00  0  0 -10.368   1.061   3.127   0.001  -0.523   0.000 01T074M000t
00017 LYS01A0070_017 f 0.00  0.000     0  0.00  0  0  -8.079   0.518   4.631  -0.009  -0.580   0.000 01T0D3M000t
00018 LYS01A0070_018 f 0.00  0.000     0  0.00  0  0  -9.346   0.276   2.142  -0.004  -0.515   0.000 01T0F9M000t
00019 LYS01A0070_019 f 0.00  0.000     0  0.00  0  0  -8.731   1.253   6.201  -0.006  -0.506   0.000 01T12DM000t
00020 LYS01A0070_020 f 0.00  0.000     0  0.00  0  0  -8.108   3.949   2.120  -0.017  -0.584   0.000 01T147M000t
00021 LYS+1A0070_021 f 0.00  1.000     0 10.40  0  1  -9.237   0.818   1.592   0.032  -7.204   0.000 +1O000M000t
00022 LYS+1A0070_022 f 0.00  1.000     0 10.40  0  1 -11.304   0.765   1.440   0.023  -7.339   0.000 +1E042M000t
00023 LYS+1A0070_023 f 0.00  1.000     0 10.40  0  1  -9.948   0.714   4.708   0.000  -7.334   0.000 +1E065M000t
00024 LYS+1A0070_024 f 0.00  1.000     0 10.40  0  1 -10.442   1.060   3.135   0.030  -7.211   0.000 +1E074M000t
00025 LYS+1A0070_025 f 0.00  1.000     0 10.40  0  1  -9.202   3.010   5.412   0.044  -7.371   0.000 +1E096M000t
00026 LYS+1A0070_026 f 0.00  1.000     0 10.40  0  1  -8.210   0.522   4.651   0.045  -7.300   0.000 +1E0D3M000t
00027 LYS+1A0070_027 f 0.00  1.000     0 10.40  0  1 -10.100   6.195   3.738   0.069  -7.316   0.000 +1E0EFM000t
00028 LYS+1A0070_028 f 0.00  1.000     0 10.40  0  1  -9.417   0.263   2.154   0.012  -7.272   0.000 +1E0F9M000t
00029 LYS+1A0070_029 f 0.00  1.000     0 10.40  0  1  -9.431   1.684   3.667   0.069  -6.923   0.000 +1E121M000t
00030 LYS+1A0070_030 f 0.00  1.000     0 10.40  0  1  -8.686   1.252   6.227   0.095  -7.195   0.000 +1E12DM000t
00031 LYS+1A0070_031 f 0.00  1.000     0 10.40  0  1  -6.685   1.365   2.443   0.027  -7.372   0.000 +1E130M000t
00032 LYS+1A0070_032 f 0.00  1.000     0 10.40  0  1  -9.152   0.401   2.089   0.099  -7.110   0.000 +1T008M000t
00033 LYS+1A0070_033 f 0.00  1.000     0 10.40  0  1  -8.551   1.633   1.554   0.034  -7.159   0.000 +1T01FM000t
00034 LYS+1A0070_034 f 0.00  1.000     0 10.40  0  1  -9.491   2.053   2.206   0.153  -7.214   0.000 +1T03EM000t
00035 LYS+1A0070_035 f 0.00  1.000     0 10.40  0  1 -11.046   0.198   1.452   0.006  -7.358   0.000 +1T04AM000t
00036 LYS+1A0070_036 f 0.00  1.000     0 10.40  0  1 -11.245   5.623   2.867   0.052  -7.192   0.000 +1T076M000t
00037 LYS+1A0070_037 f 0.00  1.000     0 10.40  0  1  -9.499   0.179   4.619  -0.006  -7.354   0.000 +1T0A6M000t
00038 LYS+1A0070_038 f 0.00  1.000     0 10.40  0  1  -9.976   0.512   3.289   0.045  -7.300   0.000 +1T0ABM000t
00039 LYS+1A0070_039 f 0.00  1.000     0 10.40  0  1  -6.829   1.677   2.730   0.146  -7.370   0.000 +1T145M000t
00040 LYS+1A0070_040 f 0.00  1.000     0 10.40  0  1  -8.085   4.047   2.131   0.103  -7.271   0.000 +1T147M000t
