CONFORMER         crg  vdw0  vdw1  tors  epol  self   occ  Hb     history    ASA
LYS01A0070_001  0.000 -9.15  0.82  1.59  0.00 -6.74 0.502  00  01O000M000  1.000
LYS01A0070_002  0.000 -9.10  0.41  2.09  0.00 -6.59 0.501  00  01E008M000  1.000
LYS01A0070_003  0.000-11.24  5.58  2.86  0.00 -2.80 0.502  00  01E076M000  1.000
LYS01A0070_004  0.000 -9.11  2.99  5.39  0.00 -0.73 0.501  00  01E096M000  1.000
LYS01A0070_005  0.000 -9.45  0.18  4.61  0.00 -4.66 0.502  00  01E0A6M000  1.000
LYS01A0070_006  0.000 -9.83  0.51  3.28  0.00 -6.04 0.502  00  01E0ABM000  1.000
LYS01A0070_007  0.000-10.06  6.15  3.73  0.00 -0.18 0.501  00  01E0EFM000  1.000
LYS01A0070_008  0.000 -9.36  1.64  3.66  0.00 -4.07 0.502  00  01E121M000  1.000
LYS01A0070_009  0.000 -6.61  1.36  2.44  0.00 -2.81 0.501  00  01E130M000  1.000
LYS01A0070_010  0.000 -6.88  1.66  2.72  0.00 -2.50 0.501  00  01E145M000  1.000
LYS01A0070_011  0.000 -8.49  1.62  1.54  0.00 -5.34 0.501  00  01T01FM000  1.000
LYS01A0070_012  0.000 -9.37  2.04  2.20  0.00 -5.12 0.502  00  01T03EM000  1.000
LYS01A0070_013  0.000-11.22  0.76  1.43  0.00 -9.03 0.502  00  01T042M000  1.000
LYS01A0070_014  0.000-11.00  0.20  1.44  0.00 -9.36 0.502  00  01T04AM000  1.000
LYS01A0070_015  0.000 -9.88  0.72  4.69  0.00 -4.47 0.502  00  01T065M000  1.000
LYS01A0070_016  0.000-10.37  1.06  3.13  0.00 -6.18 0.501  00  01T074M000  1.000
LYS01A0070_017  0.000 -8.03  0.52  4.63  0.00 -2.88 0.501  00  01T0D3M000  1.000
LYS01A0070_018  0.000 -9.35  0.28  2.14  0.00 -6.93 0.501  00  01T0F9M000  1.000
LYS01A0070_019  0.000 -8.73  1.26  6.20  0.00 -1.27 0.501  00  01T12DM000  1.000
LYS01A0070_020  0.000 -8.05  3.95  2.12  0.00 -1.99 0.501  00  01T147M000  1.000
LYS+1A0070_021  1.000 -9.23  0.81  1.59  0.00 -6.82 0.502  00  +1O000M000  1.000
LYS+1A0070_022  1.000-11.31  0.77  1.44  0.00 -9.10 0.502  00  +1E042M000  1.000
LYS+1A0070_023  1.000 -9.88  0.72  4.71  0.00 -4.46 0.502  00  +1E065M000  1.000
LYS+1A0070_024  1.000-10.44  1.06  3.13  0.00 -6.25 0.501  00  +1E074M000  1.000
LYS+1A0070_025  1.000 -9.15  3.01  5.41  0.00 -0.73 0.501  00  +1E096M000  1.000
LYS+1A0070_026  1.000 -8.20  0.52  4.65  0.00 -3.03 0.501  00  +1E0D3M000  1.000
LYS+1A0070_027  1.000-10.10  6.19  3.74  0.00 -0.18 0.501  00  +1E0EFM000  1.000
LYS+1A0070_028  1.000 -9.42  0.26  2.15  0.00 -7.00 0.501  00  +1E0F9M000  1.000
LYS+1A0070_029  1.000 -9.43  1.68  3.67  0.00 -4.08 0.502  00  +1E121M000  1.000
LYS+1A0070_030  1.000 -8.70  1.26  6.23  0.00 -1.21 0.501  00  +1E12DM000  1.000
LYS+1A0070_031  1.000 -6.64  1.37  2.45  0.00 -2.83 0.501  00  +1E130M000  1.000
LYS+1A0070_032  1.000 -9.15  0.40  2.09  0.00 -6.67 0.501  00  +1T008M000  1.000
LYS+1A0070_033  1.000 -8.55  1.63  1.55  0.00 -5.37 0.501  00  +1T01FM000  1.000
LYS+1A0070_034  1.000 -9.42  2.05  2.21  0.00 -5.16 0.502  00  +1T03EM000  1.000
LYS+1A0070_035  1.000-11.04  0.20  1.45  0.00 -9.40 0.502  00  +1T04AM000  1.000
LYS+1A0070_036  1.000-11.24  5.62  2.87  0.00 -2.76 0.502  00  +1T076M000  1.000
LYS+1A0070_037  1.000 -9.50  0.18  4.62  0.00 -4.70 0.502  00  +1T0A6M000  1.000
LYS+1A0070_038  1.000 -9.98  0.51  3.29  0.00 -6.18 0.502  00  +1T0ABM000  1.000
LYS+1A0070_039  1.000 -6.85  1.68  2.73  0.00 -2.44 0.501  00  +1T145M000  1.000
LYS+1A0070_040  1.000 -8.04  4.05  2.13  0.00 -1.86 0.501  00  +1T147M000  1.000
