   confID        vdw0    sas     sum
LYS01A0070_001   2.793 -11.955  -9.162
LYS01A0070_002   2.930 -12.027  -9.096
LYS01A0070_003   1.383 -12.618 -11.236
LYS01A0070_004   2.977 -12.080  -9.104
LYS01A0070_005   3.054 -12.505  -9.451
LYS01A0070_006   2.411 -12.196  -9.784
LYS01A0070_007   2.120 -12.179 -10.060
LYS01A0070_008   3.121 -12.485  -9.364
LYS01A0070_009   5.555 -12.173  -6.618
LYS01A0070_010   5.586 -12.479  -6.893
LYS01A0070_011   3.108 -11.595  -8.488
LYS01A0070_012   3.185 -12.557  -9.372
LYS01A0070_013   1.329 -12.553 -11.224
LYS01A0070_014   1.320 -12.321 -11.001
LYS01A0070_015   2.394 -12.276  -9.882
LYS01A0070_016   1.774 -12.142 -10.368
LYS01A0070_017   4.220 -12.298  -8.079
LYS01A0070_018   2.952 -12.298  -9.346
LYS01A0070_019   3.366 -12.097  -8.731
LYS01A0070_020   4.197 -12.305  -8.108
LYS+1A0070_021   2.719 -11.955  -9.237
LYS+1A0070_022   1.288 -12.592 -11.304
LYS+1A0070_023   2.328 -12.276  -9.948
LYS+1A0070_024   1.700 -12.142 -10.442
LYS+1A0070_025   2.904 -12.106  -9.202
LYS+1A0070_026   4.153 -12.363  -8.210
LYS+1A0070_027   2.066 -12.167 -10.100
LYS+1A0070_028   2.881 -12.298  -9.417
LYS+1A0070_029   3.054 -12.485  -9.431
LYS+1A0070_030   3.312 -11.997  -8.686
LYS+1A0070_031   5.540 -12.225  -6.685
LYS+1A0070_032   2.875 -12.027  -9.152
LYS+1A0070_033   3.044 -11.595  -8.551
LYS+1A0070_034   3.118 -12.609  -9.491
LYS+1A0070_035   1.275 -12.321 -11.046
LYS+1A0070_036   1.306 -12.551 -11.245
LYS+1A0070_037   3.022 -12.521  -9.499
LYS+1A0070_038   2.374 -12.350  -9.976
LYS+1A0070_039   5.599 -12.428  -6.829
LYS+1A0070_040   4.117 -12.202  -8.085
