CONFORMER         crg  vdw0  vdw1  tors  epol  self   occ  Hb     history    ASA
GLU01A0129_001  0.000 -4.02  0.61  4.10  0.00  0.69 0.537  00  01O000M000  1.000
GLU01A0129_002  0.000 -4.17  0.54  3.91  0.00  0.28 0.534  00  01E003M000  1.027
GLU01A0129_003  0.000 -4.07  1.03  6.23  0.00  3.19 0.539  00  01E004M000  1.000
GLU01A0129_004  0.000 -4.50  2.76  4.04  0.00  2.31 0.534  00  01E005M000  1.055
GLU01A0129_005  0.000 -2.58  1.30  3.10  0.00  1.81 0.537  00  01E00BM000  1.023
GLU01A0129_006  0.000 -4.02  0.61  1.38  0.00 -2.03 0.537  00  01O000M000  1.000
GLU01A0129_007  0.000 -4.17  1.32  3.94  0.00  1.10 0.532  00  01T002M000  1.033
GLU01A0129_008  0.000 -2.46  0.66  3.11  0.00  1.32 0.537  00  01T007M000  1.003
GLU01A0129_009  0.000 -2.48  1.16  3.09  0.00  1.77 0.536  00  01T009M000  1.000
GLU01A0129_010  0.000 -2.99  1.34  3.19  0.00  1.54 0.536  00  01T00CM000  1.029
GLU01A0129_011  0.000 -4.07  1.03  3.49  0.00  0.45 0.539  00  01T004M000  1.000
GLU01A0129_012  0.000 -2.92  1.08  0.42  0.00 -1.42 0.535  00  01T008M000  1.008
GLU01A0129_013  0.000 -2.96  1.41  0.46  0.00 -1.08 0.536  00  01T00CM000  1.030
GLU01A0129_014  0.000 -4.19  1.33  1.21  0.00 -1.65 0.532  00  01T002M000  1.051
GLU01A0129_015  0.000 -4.06  0.53  1.11  0.00 -2.43 0.534  00  01T003M000  1.027
GLU01A0129_016  0.000 -3.48  1.51  0.58  0.00 -1.39 0.536  00  01T00DM000  1.019
GLU02A0129_017  0.000 -4.02  0.61  4.10  0.00  0.69 0.537  00  02O000M000  1.000
GLU02A0129_018  0.000 -4.10  1.23  4.01  0.00  1.14 0.536  00  02E001M000  1.028
GLU02A0129_019  0.000 -4.31  1.33  4.01  0.00  1.03 0.532  00  02E002M000  1.050
GLU02A0129_020  0.000 -1.92  0.65  3.11  0.00  1.85 0.537  00  02E007M000  1.009
GLU02A0129_021  0.000 -3.42  1.55  3.32  0.00  1.44 0.536  00  02E00DM000  1.034
GLU02A0129_022  0.000 -4.02  0.61  1.38  0.00 -2.03 0.537  00  02O000M000  1.000
GLU02A0129_023  0.000 -2.04  1.29  0.37  0.00 -0.38 0.537  00  02E00BM000  1.000
GLU02A0129_024  0.000 -4.18  0.59  3.87  0.00  0.29 0.534  00  02T003M000  1.008
GLU02A0129_025  0.000 -2.05  1.16  3.09  0.00  2.19 0.536  00  02T009M000  1.000
GLU02A0129_026  0.000 -4.15  1.06  6.17  0.00  3.08 0.539  00  02T004M000  1.000
GLU02A0129_027  0.000 -2.04  1.29  3.09  0.00  2.34 0.537  00  02T00BM000  1.000
GLU02A0129_028  0.000 -2.45  1.48  3.19  0.00  2.22 0.536  00  02T00CM000  1.036
GLU02A0129_029  0.000 -3.96  1.09  3.52  0.00  0.66 0.539  00  02T004M000  1.000
GLU02A0129_030  0.000 -2.05  1.16  0.37  0.00 -0.53 0.536  00  02T009M000  1.000
GLU02A0129_031  0.000 -2.31  1.60  0.46  0.00 -0.25 0.536  00  02T00CM000  1.036
GLU02A0129_032  0.000 -3.42  1.55  0.60  0.00 -1.27 0.536  00  02T00DM000  1.034
GLU02A0129_033  0.000 -4.06  0.53  1.07  0.00 -2.45 0.534  00  02T003M000  1.008
GLU-1A0129_034 -1.000 -3.92  0.62  1.38  0.00 -1.91 0.537  00  -1O000M000  1.000
GLU-1A0129_035 -1.000 -4.20  0.55  1.11  0.00 -2.54 0.534  00  -1E003M000  1.017
GLU-1A0129_036 -1.000 -4.05  1.04  3.46  0.00  0.45 0.539  00  -1E004M000  1.000
GLU-1A0129_037 -1.000 -2.91  1.08  0.41  0.00 -1.42 0.535  00  -1E008M000  1.000
GLU-1A0129_038 -1.000 -3.05  1.25  0.41  0.00 -1.38 0.534  00  -1E00AM000  1.040
GLU-1A0129_039 -1.000 -3.52  1.49  0.58  0.00 -1.46 0.536  00  -1E00DM000  1.017
