iConf CONFORMER     FL  occ    crg   Em0  pKa0 ne nH    vdw0    vdw1    tors    epol   dsolv   extra    history
00001 GLU01A0129_001 f 0.00  0.000     0  0.00  0  0  -4.018   0.607   4.103   0.055  -1.268   0.000 01O000M000t
00002 GLU01A0129_002 f 0.00  0.000     0  0.00  0  0  -4.167   0.538   3.906   0.127  -1.245   0.000 01E003M000t
00003 GLU01A0129_003 f 0.00  0.000     0  0.00  0  0  -4.067   1.029   6.227   0.064  -1.243   0.000 01E004M000t
00004 GLU01A0129_004 f 0.00  0.000     0  0.00  0  0  -4.497   2.760   4.042   0.332  -1.151   0.000 01E005M000t
00005 GLU01A0129_005 f 0.00  0.000     0  0.00  0  0  -2.578   1.302   3.098   0.044  -1.302   0.000 01E00BM000t
00006 GLU01A0129_006 f 0.00  0.000     0  0.00  0  0  -4.018   0.607   1.383   0.025  -0.874   0.000 01O000M000t
00007 GLU01A0129_007 f 0.00  0.000     0  0.00  0  0  -4.170   1.327   3.944   0.072  -1.249   0.000 01T002M000t
00008 GLU01A0129_008 f 0.00  0.000     0  0.00  0  0  -2.459   0.663   3.112   0.008  -1.310   0.000 01T007M000t
00009 GLU01A0129_009 f 0.00  0.000     0  0.00  0  0  -2.482   1.160   3.089   0.037  -1.303   0.000 01T009M000t
00010 GLU01A0129_010 f 0.00  0.000     0  0.00  0  0  -2.988   1.340   3.186  -0.003  -1.298   0.000 01T00CM000t
00011 GLU01A0129_011 f 0.00  0.000     0  0.00  0  0  -4.067   1.031   3.491   0.053  -0.860   0.000 01T004M000t
00012 GLU01A0129_012 f 0.00  0.000     0  0.00  0  0  -2.922   1.084   0.420   0.013  -0.866   0.000 01T008M000t
00013 GLU01A0129_013 f 0.00  0.000     0  0.00  0  0  -2.963   1.412   0.461   0.016  -0.844   0.000 01T00CM000t
00014 GLU01A0129_014 f 0.00  0.000     0  0.00  0  0  -4.188   1.330   1.211   0.036  -0.878   0.000 01T002M000t
00015 GLU01A0129_015 f 0.00  0.000     0  0.00  0  0  -4.062   0.534   1.108   0.094  -0.849   0.000 01T003M000t
00016 GLU01A0129_016 f 0.00  0.000     0  0.00  0  0  -3.481   1.513   0.584   0.039  -0.875   0.000 01T00DM000t
00017 GLU02A0129_017 f 0.00  0.000     0  0.00  0  0  -4.020   0.612   4.103   0.035  -1.287   0.000 02O000M000t
00018 GLU02A0129_018 f 0.00  0.000     0  0.00  0  0  -4.100   1.231   4.007   0.047  -1.298   0.000 02E001M000t
00019 GLU02A0129_019 f 0.00  0.000     0  0.00  0  0  -4.308   1.330   4.012   0.047  -1.292   0.000 02E002M000t
00020 GLU02A0129_020 f 0.00  0.000     0  0.00  0  0  -1.915   0.656   3.109   0.087  -1.160   0.000 02E007M000t
00021 GLU02A0129_021 f 0.00  0.000     0  0.00  0  0  -3.418   1.552   3.317   0.081  -1.196   0.000 02E00DM000t
00022 GLU02A0129_022 f 0.00  0.000     0  0.00  0  0  -4.020   0.612   1.383   0.021  -0.886   0.000 02O000M000t
00023 GLU02A0129_023 f 0.00  0.000     0  0.00  0  0  -2.046   1.295   0.372   0.030  -0.885   0.000 02E00BM000t
00024 GLU02A0129_024 f 0.00  0.000     0  0.00  0  0  -4.177   0.585   3.875  -0.037  -1.192   0.000 02T003M000t
00025 GLU02A0129_025 f 0.00  0.000     0  0.00  0  0  -2.045   1.160   3.088   0.052  -1.159   0.000 02T009M000t
00026 GLU02A0129_026 f 0.00  0.000     0  0.00  0  0  -4.153   1.055   6.173   0.028  -1.270   0.000 02T004M000t
00027 GLU02A0129_027 f 0.00  0.000     0  0.00  0  0  -2.046   1.295   3.092   0.081  -1.154   0.000 02T00BM000t
00028 GLU02A0129_028 f 0.00  0.000     0  0.00  0  0  -2.451   1.475   3.193   0.178  -1.097   0.000 02T00CM000t
00029 GLU02A0129_029 f 0.00  0.000     0  0.00  0  0  -3.956   1.088   3.521   0.037  -0.864   0.000 02T004M000t
00030 GLU02A0129_030 f 0.00  0.000     0  0.00  0  0  -2.045   1.160   0.368   0.015  -0.875   0.000 02T009M000t
00031 GLU02A0129_031 f 0.00  0.000     0  0.00  0  0  -2.309   1.596   0.457   0.046  -0.844   0.000 02T00CM000t
00032 GLU02A0129_032 f 0.00  0.000     0  0.00  0  0  -3.417   1.554   0.596   0.028  -0.839   0.000 02T00DM000t
00033 GLU02A0129_033 f 0.00  0.000     0  0.00  0  0  -4.057   0.527   1.075   0.061  -0.868   0.000 02T003M000t
00034 GLU-1A0129_034 f 0.00 -1.000     0  4.75  0 -1  -3.917   0.624   1.383  -0.060  -7.467   0.000 -1O000M000t
00035 GLU-1A0129_035 f 0.00 -1.000     0  4.75  0 -1  -4.202   0.553   1.114  -0.004  -7.330   0.000 -1E003M000t
00036 GLU-1A0129_036 f 0.00 -1.000     0  4.75  0 -1  -4.048   1.034   3.463  -0.173  -7.338   0.000 -1E004M000t
00037 GLU-1A0129_037 f 0.00 -1.000     0  4.75  0 -1  -2.911   1.077   0.410  -0.072  -7.437   0.000 -1E008M000t
00038 GLU-1A0129_038 f 0.00 -1.000     0  4.75  0 -1  -3.049   1.251   0.414  -0.079  -7.442   0.000 -1E00AM000t
00039 GLU-1A0129_039 f 0.00 -1.000     0  4.75  0 -1  -3.521   1.480   0.580  -0.147  -7.364   0.000 -1E00DM000t
