   confID        vdw0    sas     sum
GLU01A0129_001   0.576  -4.594  -4.018
GLU01A0129_002   0.696  -4.862  -4.167
GLU01A0129_003   0.575  -4.642  -4.067
GLU01A0129_004   0.469  -4.966  -4.497
GLU01A0129_005   2.042  -4.620  -2.578
GLU01A0129_006   0.576  -4.594  -4.018
GLU01A0129_007   0.632  -4.802  -4.170
GLU01A0129_008   2.037  -4.495  -2.459
GLU01A0129_009   2.062  -4.545  -2.482
GLU01A0129_010   1.986  -4.975  -2.988
GLU01A0129_011   0.575  -4.642  -4.067
GLU01A0129_012   1.630  -4.551  -2.922
GLU01A0129_013   1.977  -4.940  -2.963
GLU01A0129_014   0.650  -4.838  -4.188
GLU01A0129_015   0.765  -4.828  -4.062
GLU01A0129_016   1.286  -4.767  -3.481
GLU02A0129_017   0.578  -4.598  -4.020
GLU02A0129_018   0.604  -4.703  -4.100
GLU02A0129_019   0.603  -4.911  -4.308
GLU02A0129_020   2.565  -4.480  -1.915
GLU02A0129_021   1.512  -4.931  -3.418
GLU02A0129_022   0.578  -4.598  -4.020
GLU02A0129_023   2.549  -4.595  -2.046
GLU02A0129_024   0.676  -4.853  -4.177
GLU02A0129_025   2.574  -4.619  -2.045
GLU02A0129_026   0.606  -4.759  -4.153
GLU02A0129_027   2.549  -4.595  -2.046
GLU02A0129_028   2.390  -4.841  -2.451
GLU02A0129_029   0.575  -4.531  -3.956
GLU02A0129_030   2.574  -4.619  -2.045
GLU02A0129_031   2.519  -4.828  -2.309
GLU02A0129_032   1.513  -4.931  -3.417
GLU02A0129_033   0.765  -4.822  -4.057
GLU-1A0129_034   0.454  -4.371  -3.917
GLU-1A0129_035   0.589  -4.791  -4.202
GLU-1A0129_036   0.467  -4.515  -4.048
GLU-1A0129_037   1.581  -4.491  -2.911
GLU-1A0129_038   1.576  -4.625  -3.049
GLU-1A0129_039   1.183  -4.705  -3.521
