iConf CONFORMER     FL  occ    crg   Em0  pKa0 ne nH    vdw0    vdw1    tors    epol   dsolv   extra    history
00001 LYS01A0070_001 f 0.00  0.000     0  0.00  0  0  -9.162   0.826   1.592  -0.021  -0.945   0.000 01O000M000t
00002 LYS01A0070_002 f 0.00  0.000     0  0.00  0  0  -8.442   1.803   2.616  -0.012  -0.964   0.000 01E022M000t
00003 LYS01A0070_003 f 0.00  0.000     0  0.00  0  0  -5.632   0.404   2.606  -0.016  -0.969   0.000 01E02AM000t
00004 LYS01A0070_004 f 0.00  0.000     0  0.00  0  0  -9.117   0.626   3.640  -0.010  -0.947   0.000 01E035M000t
00005 LYS01A0070_005 f 0.00  0.000     0  0.00  0  0 -10.236   1.577   6.120  -0.004  -0.994   0.000 01E06DM000t
00006 LYS01A0070_006 f 0.00  0.000     0  0.00  0  0 -10.127   1.605   4.737  -0.007  -0.946   0.000 01E07DM000t
00007 LYS01A0070_007 f 0.00  0.000     0  0.00  0  0  -9.357   0.611   4.303  -0.015  -0.970   0.000 01E08FM000t
00008 LYS01A0070_008 f 0.00  0.000     0  0.00  0  0  -6.229   0.014   4.225  -0.013  -0.915   0.000 01E09FM000t
00009 LYS01A0070_009 f 0.00  0.000     0  0.00  0  0 -10.592   1.642   1.772  -0.006  -1.052   0.000 01E0C1M000t
00010 LYS01A0070_010 f 0.00  0.000     0  0.00  0  0 -10.384   0.620   3.642  -0.019  -0.952   0.000 01E11FM000t
00011 LYS01A0070_011 f 0.00  0.000     0  0.00  0  0  -9.642   5.719   3.526  -0.027  -0.937   0.000 01E123M000t
00012 LYS01A0070_012 f 0.00  0.000     0  0.00  0  0 -10.638   0.690   4.095  -0.006  -1.018   0.000 01T043M000t
00013 LYS01A0070_013 f 0.00  0.000     0  0.00  0  0 -10.959   2.663   4.392  -0.010  -0.962   0.000 01T05FM000t
00014 LYS01A0070_014 f 0.00  0.000     0  0.00  0  0 -10.362   0.636   1.519  -0.012  -0.941   0.000 01T08EM000t
00015 LYS01A0070_015 f 0.00  0.000     0  0.00  0  0 -10.179   2.994   2.628  -0.011  -1.034   0.000 01T097M000t
00016 LYS01A0070_016 f 0.00  0.000     0  0.00  0  0 -10.518   0.160   1.989  -0.005  -0.857   0.000 01T09CM000t
00017 LYS01A0070_017 f 0.00  0.000     0  0.00  0  0  -9.730   0.420   5.430  -0.009  -0.989   0.000 01T0B0M000t
00018 LYS01A0070_018 f 0.00  0.000     0  0.00  0  0  -6.438   0.431   2.732  -0.036  -1.068   0.000 01T0E6M000t
00019 LYS01A0070_019 f 0.00  0.000     0  0.00  0  0  -7.307   0.569   4.730  -0.019  -0.937   0.000 01T0F4M000t
00020 LYS01A0070_020 f 0.00  0.000     0  0.00  0  0  -9.294   0.436   4.616  -0.021  -0.968   0.000 01T0F8M000t
00021 LYS+1A0070_021 f 0.00  1.000     0 10.40  0  1  -9.237   0.818   1.592   0.043 -12.775   0.000 +1O000M000t
00022 LYS+1A0070_022 f 0.00  1.000     0 10.40  0  1  -5.700   0.401   2.605   0.064 -12.831   0.000 +1E02AM000t
00023 LYS+1A0070_023 f 0.00  1.000     0 10.40  0  1  -9.240   0.627   3.643   0.053 -12.753   0.000 +1E035M000t
00024 LYS+1A0070_024 f 0.00  1.000     0 10.40  0  1 -10.279   1.620   4.747   0.048 -12.937   0.000 +1E07DM000t
00025 LYS+1A0070_025 f 0.00  1.000     0 10.40  0  1  -9.420   0.606   4.311   0.058 -12.928   0.000 +1E08FM000t
00026 LYS+1A0070_026 f 0.00  1.000     0 10.40  0  1 -10.149   3.025   2.651   0.055 -12.915   0.000 +1E097M000t
00027 LYS+1A0070_027 f 0.00  1.000     0 10.40  0  1 -10.569   0.162   1.997   0.031 -12.840   0.000 +1E09CM000t
00028 LYS+1A0070_028 f 0.00  1.000     0 10.40  0  1  -6.349   0.009   4.244   0.087 -12.781   0.000 +1E09FM000t
00029 LYS+1A0070_029 f 0.00  1.000     0 10.40  0  1  -9.855   0.424   5.457   0.019 -12.928   0.000 +1E0B0M000t
00030 LYS+1A0070_030 f 0.00  1.000     0 10.40  0  1  -7.281   0.546   4.737   0.095 -12.795   0.000 +1E0F4M000t
00031 LYS+1A0070_031 f 0.00  1.000     0 10.40  0  1  -9.276   0.429   4.641  -0.042 -12.774   0.000 +1E0F8M000t
00032 LYS+1A0070_032 f 0.00  1.000     0 10.40  0  1  -9.668   5.720   3.529   0.067 -12.794   0.000 +1E123M000t
00033 LYS+1A0070_033 f 0.00  1.000     0 10.40  0  1  -8.532   1.820   2.646   0.093 -12.713   0.000 +1T022M000t
00034 LYS+1A0070_034 f 0.00  1.000     0 10.40  0  1 -10.687   0.692   4.099   0.043 -12.944   0.000 +1T043M000t
00035 LYS+1A0070_035 f 0.00  1.000     0 10.40  0  1 -11.048   2.611   4.417   0.084 -12.912   0.000 +1T05FM000t
00036 LYS+1A0070_036 f 0.00  1.000     0 10.40  0  1 -10.230   1.585   6.139   0.022 -12.915   0.000 +1T06DM000t
00037 LYS+1A0070_037 f 0.00  1.000     0 10.40  0  1 -10.359   0.642   1.525   0.049 -12.942   0.000 +1T08EM000t
00038 LYS+1A0070_038 f 0.00  1.000     0 10.40  0  1 -10.578   1.663   1.774   0.034 -12.955   0.000 +1T0C1M000t
00039 LYS+1A0070_039 f 0.00  1.000     0 10.40  0  1  -6.480   0.439   2.738   0.049 -12.907   0.000 +1T0E6M000t
00040 LYS+1A0070_040 f 0.00  1.000     0 10.40  0  1 -10.487   0.616   3.649  -0.010 -12.891   0.000 +1T11FM000t
