CONFORMER         crg  vdw0  vdw1  tors  epol  self   occ  Hb     history    ASA
LYS01A0070_001  0.000 -9.15  0.82  1.59  0.00 -6.74 0.501  00  01O000M000  1.000
LYS01A0070_002  0.000 -8.44  1.80  2.61  0.00 -4.03 0.501  00  01E022M000  1.000
LYS01A0070_003  0.000 -5.64  0.40  2.60  0.00 -2.63 0.501  00  01E02AM000  1.000
LYS01A0070_004  0.000 -9.11  0.63  3.64  0.00 -4.84 0.502  00  01E035M000  1.000
LYS01A0070_005  0.000-10.23  1.58  6.12  0.00 -2.53 0.502  00  01E06DM000  1.000
LYS01A0070_006  0.000-10.12  1.61  4.74  0.00 -3.78 0.501  00  01E07DM000  1.000
LYS01A0070_007  0.000 -9.36  0.61  4.30  0.00 -4.44 0.501  00  01E08FM000  1.000
LYS01A0070_008  0.000 -6.23  0.01  4.22  0.00 -1.99 0.502  00  01E09FM000  1.000
LYS01A0070_009  0.000-10.59  1.64  1.77  0.00 -7.18 0.501  00  01E0C1M000  1.000
LYS01A0070_010  0.000-10.38  0.62  3.64  0.00 -6.12 0.502  00  01E11FM000  1.000
LYS01A0070_011  0.000 -9.64  5.72  3.53  0.00 -0.40 0.502  00  01E123M000  1.000
LYS01A0070_012  0.000-10.64  0.69  4.09  0.00 -5.86 0.501  00  01T043M000  1.000
LYS01A0070_013  0.000-10.96  2.66  4.39  0.00 -3.91 0.501  00  01T05FM000  1.000
LYS01A0070_014  0.000-10.37  0.64  1.52  0.00 -8.21 0.501  00  01T08EM000  1.000
LYS01A0070_015  0.000-10.18  3.00  2.63  0.00 -4.55 0.501  00  01T097M000  1.000
LYS01A0070_016  0.000-10.52  0.16  1.99  0.00 -8.36 0.501  00  01T09CM000  1.000
LYS01A0070_017  0.000 -9.73  0.42  5.43  0.00 -3.87 0.501  00  01T0B0M000  1.000
LYS01A0070_018  0.000 -6.39  0.43  2.73  0.00 -3.23 0.502  00  01T0E6M000  1.000
LYS01A0070_019  0.000 -7.30  0.57  4.73  0.00 -2.00 0.502  00  01T0F4M000  1.000
LYS01A0070_020  0.000 -9.29  0.44  4.61  0.00 -4.24 0.501  00  01T0F8M000  1.000
LYS+1A0070_021  1.000 -9.23  0.81  1.59  0.00 -6.82 0.501  00  +1O000M000  1.000
LYS+1A0070_022  1.000 -5.70  0.40  2.61  0.00 -2.69 0.501  00  +1E02AM000  1.000
LYS+1A0070_023  1.000 -9.24  0.63  3.64  0.00 -4.97 0.502  00  +1E035M000  1.000
LYS+1A0070_024  1.000-10.28  1.62  4.75  0.00 -3.91 0.501  00  +1E07DM000  1.000
LYS+1A0070_025  1.000 -9.42  0.61  4.31  0.00 -4.50 0.501  00  +1E08FM000  1.000
LYS+1A0070_026  1.000-10.15  3.03  2.65  0.00 -4.47 0.501  00  +1E097M000  1.000
LYS+1A0070_027  1.000-10.57  0.16  2.00  0.00 -8.41 0.501  00  +1E09CM000  1.000
LYS+1A0070_028  1.000 -6.38  0.01  4.24  0.00 -2.13 0.502  00  +1E09FM000  1.000
LYS+1A0070_029  1.000 -9.85  0.42  5.46  0.00 -3.97 0.501  00  +1E0B0M000  1.000
LYS+1A0070_030  1.000 -7.28  0.55  4.74  0.00 -1.99 0.502  00  +1E0F4M000  1.000
LYS+1A0070_031  1.000 -9.27  0.43  4.64  0.00 -4.21 0.501  00  +1E0F8M000  1.000
LYS+1A0070_032  1.000 -9.67  5.73  3.53  0.00 -0.41 0.502  00  +1E123M000  1.000
LYS+1A0070_033  1.000 -8.52  1.82  2.64  0.00 -4.07 0.501  00  +1T022M000  1.000
LYS+1A0070_034  1.000-10.69  0.69  4.10  0.00 -5.90 0.501  00  +1T043M000  1.000
LYS+1A0070_035  1.000-11.05  2.61  4.42  0.00 -4.02 0.501  00  +1T05FM000  1.000
LYS+1A0070_036  1.000-10.18  1.59  6.14  0.00 -2.45 0.502  00  +1T06DM000  1.000
LYS+1A0070_037  1.000-10.36  0.64  1.52  0.00 -8.19 0.501  00  +1T08EM000  1.000
LYS+1A0070_038  1.000-10.58  1.66  1.77  0.00 -7.15 0.501  00  +1T0C1M000  1.000
LYS+1A0070_039  1.000 -6.50  0.44  2.74  0.00 -3.32 0.502  00  +1T0E6M000  1.000
LYS+1A0070_040  1.000-10.49  0.62  3.65  0.00 -6.22 0.502  00  +1T11FM000  1.000
