   confID        vdw0    sas     sum
LYS01A0070_001   2.793 -11.955  -9.162
LYS01A0070_002   3.379 -11.820  -8.442
LYS01A0070_003   6.294 -11.926  -5.632
LYS01A0070_004   3.060 -12.177  -9.117
LYS01A0070_005   2.394 -12.631 -10.236
LYS01A0070_006   2.381 -12.508 -10.127
LYS01A0070_007   2.292 -11.649  -9.357
LYS01A0070_008   5.639 -11.868  -6.229
LYS01A0070_009   2.215 -12.807 -10.592
LYS01A0070_010   2.237 -12.621 -10.384
LYS01A0070_011   2.839 -12.480  -9.642
LYS01A0070_012   1.802 -12.440 -10.638
LYS01A0070_013   1.555 -12.514 -10.959
LYS01A0070_014   1.833 -12.195 -10.362
LYS01A0070_015   2.190 -12.369 -10.179
LYS01A0070_016   2.183 -12.701 -10.518
LYS01A0070_017   2.894 -12.624  -9.730
LYS01A0070_018   5.632 -12.070  -6.438
LYS01A0070_019   4.622 -11.929  -7.307
LYS01A0070_020   3.073 -12.367  -9.294
LYS+1A0070_021   2.719 -11.955  -9.237
LYS+1A0070_022   6.226 -11.926  -5.700
LYS+1A0070_023   2.989 -12.229  -9.240
LYS+1A0070_024   2.332 -12.611 -10.279
LYS+1A0070_025   2.229 -11.649  -9.420
LYS+1A0070_026   2.089 -12.237 -10.149
LYS+1A0070_027   2.132 -12.701 -10.569
LYS+1A0070_028   5.481 -11.830  -6.349
LYS+1A0070_029   2.834 -12.688  -9.855
LYS+1A0070_030   4.597 -11.878  -7.281
LYS+1A0070_031   3.023 -12.299  -9.276
LYS+1A0070_032   2.774 -12.442  -9.668
LYS+1A0070_033   3.237 -11.769  -8.532
LYS+1A0070_034   1.754 -12.440 -10.687
LYS+1A0070_035   1.518 -12.566 -11.048
LYS+1A0070_036   2.349 -12.579 -10.230
LYS+1A0070_037   1.772 -12.131 -10.359
LYS+1A0070_038   2.177 -12.755 -10.578
LYS+1A0070_039   5.603 -12.083  -6.480
LYS+1A0070_040   2.198 -12.685 -10.487
