CONFORMER         crg  vdw0  vdw1  tors  epol  self   occ  Hb     history    ASA
ARG01A0035_001  0.000-13.39  0.13  0.68  0.00-12.58 0.501  00  01O000M000  1.000
ARG01A0035_002  0.000-12.60  0.32  1.25  0.00-11.03 0.501  00  01E003M000  1.000
ARG01A0035_003  0.000-12.55  1.82  1.24  0.00 -9.48 0.502  00  01E012M000  1.000
ARG01A0035_004  0.000-10.24  1.69  1.22  0.00 -7.33 0.501  00  01E044M000  1.000
ARG01A0035_005  0.000-13.18  2.17  0.56  0.00-10.45 0.501  00  01E083M000  1.000
ARG01A0035_006  0.000-12.91  0.96  5.66  0.00 -6.28 0.501  00  01E09EM000  1.000
ARG01A0035_007  0.000-12.71  0.14  0.65  0.00-11.92 0.501  00  01E0B0M000  1.000
ARG01A0035_008  0.000-12.51  1.10  5.70  0.00 -5.72 0.502  00  01E0EEM000  1.000
ARG01A0035_009  0.000-12.74  2.82  3.24  0.00 -6.67 0.501  00  01E128M000  1.000
ARG01A0035_010  0.000-10.88  1.73  3.61  0.00 -5.55 0.502  00  01E13AM000  1.000
ARG01A0035_011  0.000-10.73  1.99  2.09  0.00 -6.65 0.501  00  01E141M000  1.000
ARG01A0035_012  0.000-12.23  2.78  5.54  0.00 -3.91 0.501  00  01T043M000  1.000
ARG01A0035_013  0.000-13.51  0.55  0.68  0.00-12.28 0.501  00  01T051M000  1.000
ARG01A0035_014  0.000-12.66  1.51  3.96  0.00 -7.20 0.502  00  01T06DM000  1.000
ARG01A0035_015  0.000-14.17  0.41  0.89  0.00-12.88 0.501  00  01T07AM000  1.000
ARG01A0035_016  0.000-13.18  2.05  0.57  0.00-10.56 0.502  00  01T085M000  1.000
ARG01A0035_017  0.000-12.79  0.07  1.26  0.00-11.47 0.501  00  01T0A4M000  1.000
ARG01A0035_018  0.000-12.90  0.14  2.70  0.00-10.07 0.501  00  01T0ADM000  1.000
ARG01A0035_019  0.000-13.66 -0.01  3.58  0.00-10.10 0.501  00  01T123M000  1.000
ARG01A0035_020  0.000-12.06  2.89  3.22  0.00 -5.94 0.502  00  01T127M000  1.000
ARG02A0035_021  0.000-13.41  0.13  0.68  0.00-12.60 0.501  00  02O000M000  1.000
ARG02A0035_022  0.000-13.27  2.04  0.53  0.00-10.70 0.501  00  02E083M000  1.000
ARG02A0035_023  0.000-12.73  2.84  3.21  0.00 -6.68 0.501  00  02E128M000  1.000
ARG02A0035_024  0.000-13.73  0.33  0.55  0.00-12.85 0.501  00  02T051M000  1.000
ARG02A0035_025  0.000-12.15  2.77  5.46  0.00 -3.93 0.501  00  02T043M000  1.000
ARG02A0035_026  0.000-13.12  2.03  0.57  0.00-10.53 0.502  00  02T085M000  1.000
ARG02A0035_027  0.000-12.71  1.11  5.61  0.00 -6.00 0.501  00  02T09EM000  1.000
ARG02A0035_028  0.000-12.74  0.06  1.17  0.00-11.51 0.501  00  02T0A4M000  1.000
ARG02A0035_029  0.000-13.27  0.12  0.55  0.00-12.59 0.501  00  02T0B0M000  1.000
ARG02A0035_030  0.000-12.54  1.07  5.68  0.00 -5.79 0.502  00  02T0EEM000  1.000
ARG02A0035_031  0.000-13.28 -0.31  2.91  0.00-10.68 0.501  00  02T123M000  1.000
ARG02A0035_032  0.000-10.85  1.72  3.61  0.00 -5.51 0.502  00  02T13AM000  1.000
ARG02A0035_033  0.000-12.51  0.31  1.24  0.00-10.97 0.501  00  02T003M000  1.000
ARG02A0035_034  0.000-13.43  0.54  0.62  0.00-12.27 0.501  00  02T07AM000  1.000
ARG02A0035_035  0.000-12.78  0.12  2.43  0.00-10.23 0.501  00  02T0ADM000  1.000
ARG02A0035_036  0.000-12.34  1.89  1.22  0.00 -9.23 0.502  00  02T012M000  1.000
ARG02A0035_037  0.000-10.13  1.69  1.20  0.00 -7.24 0.501  00  02T044M000  1.000
ARG02A0035_038  0.000-12.35  1.53  3.92  0.00 -6.91 0.502  00  02T06DM000  1.000
ARG02A0035_039  0.000-12.12  2.87  3.18  0.00 -6.07 0.502  00  02T127M000  1.000
ARG02A0035_040  0.000-10.29  1.86  1.97  0.00 -6.46 0.501  00  02T141M000  1.000
ARG03A0035_041  0.000-13.41  0.12  0.68  0.00-12.61 0.501  00  03O000M000  1.000
ARG03A0035_042  0.000-13.20  2.04  0.57  0.00-10.59 0.502  00  03E085M000  1.000
ARG03A0035_043  0.000-13.27 -0.32  2.90  0.00-10.70 0.501  00  03E123M000  1.000
ARG03A0035_044  0.000-12.43  1.53  3.91  0.00 -6.99 0.502  00  03T06DM000  1.000
ARG03A0035_045  0.000-12.66  1.07  5.68  0.00 -5.90 0.502  00  03T0EEM000  1.000
ARG03A0035_046  0.000-12.84  2.85  3.20  0.00 -6.79 0.501  00  03T128M000  1.000
ARG03A0035_047  0.000-10.81  1.73  3.60  0.00 -5.48 0.502  00  03T13AM000  1.000
ARG03A0035_048  0.000-12.68  0.31  1.24  0.00-11.13 0.501  00  03T003M000  1.000
ARG03A0035_049  0.000-10.22  1.69  1.20  0.00 -7.33 0.501  00  03T044M000  1.000
ARG03A0035_050  0.000-13.42  0.54  0.62  0.00-12.26 0.501  00  03T07AM000  1.000
ARG03A0035_051  0.000-12.85  0.06  1.16  0.00-11.63 0.501  00  03T0A4M000  1.000
ARG03A0035_052  0.000-12.16  2.87  3.18  0.00 -6.11 0.502  00  03T127M000  1.000
ARG03A0035_053  0.000-10.42  1.86  1.85  0.00 -6.70 0.501  00  03T141M000  1.000
ARG03A0035_054  0.000-12.44  1.90  1.21  0.00 -9.33 0.502  00  03T012M000  1.000
ARG03A0035_055  0.000-13.76  0.33  0.54  0.00-12.89 0.501  00  03T051M000  1.000
ARG03A0035_056  0.000-13.11  2.04  0.53  0.00-10.54 0.501  00  03T083M000  1.000
ARG03A0035_057  0.000-12.72  1.11  5.61  0.00 -6.00 0.501  00  03T09EM000  1.000
ARG03A0035_058  0.000-12.16  2.76  5.43  0.00 -3.97 0.501  00  03T043M000  1.000
ARG03A0035_059  0.000-12.82  0.12  2.38  0.00-10.32 0.501  00  03T0ADM000  1.000
ARG03A0035_060  0.000-13.27  0.12  0.55  0.00-12.59 0.501  00  03T0B0M000  1.000
ARG+1A0035_061  1.000-13.45  0.12  0.68  0.00-12.65 0.501  00  +1O000M000  1.000
ARG+1A0035_062  1.000-12.83  0.30  1.24  0.00-11.28 0.501  00  +1E003M000  1.000
ARG+1A0035_063  1.000-12.48  1.90  1.22  0.00 -9.36 0.502  00  +1E012M000  1.000
ARG+1A0035_064  1.000-12.20  2.77  5.46  0.00 -3.97 0.501  00  +1E043M000  1.000
ARG+1A0035_065  1.000-13.79  0.33  0.55  0.00-12.91 0.501  00  +1E051M000  1.000
ARG+1A0035_066  1.000-13.38  0.54  0.63  0.00-12.21 0.501  00  +1E07AM000  1.000
ARG+1A0035_067  1.000-12.65  1.10  5.63  0.00 -5.92 0.501  00  +1E09EM000  1.000
ARG+1A0035_068  1.000-13.32  0.12  0.56  0.00-12.64 0.501  00  +1E0B0M000  1.000
ARG+1A0035_069  1.000-12.69  1.07  5.70  0.00 -5.92 0.502  00  +1E0EEM000  1.000
ARG+1A0035_070  1.000-13.32 -0.32  2.92  0.00-10.71 0.501  00  +1E123M000  1.000
ARG+1A0035_071  1.000-10.96  1.72  3.61  0.00 -5.63 0.502  00  +1E13AM000  1.000
ARG+1A0035_072  1.000-10.20  1.69  1.20  0.00 -7.31 0.501  00  +1T044M000  1.000
ARG+1A0035_073  1.000-12.47  1.52  3.92  0.00 -7.03 0.502  00  +1T06DM000  1.000
ARG+1A0035_074  1.000-13.28  2.04  0.53  0.00-10.71 0.501  00  +1T083M000  1.000
ARG+1A0035_075  1.000-13.24  2.05  0.57  0.00-10.62 0.502  00  +1T085M000  1.000
ARG+1A0035_076  1.000-12.77  0.06  1.17  0.00-11.54 0.501  00  +1T0A4M000  1.000
ARG+1A0035_077  1.000-12.96  0.12  2.45  0.00-10.39 0.501  00  +1T0ADM000  1.000
ARG+1A0035_078  1.000-12.27  2.86  3.19  0.00 -6.22 0.502  00  +1T127M000  1.000
ARG+1A0035_079  1.000-12.89  2.84  3.21  0.00 -6.83 0.501  00  +1T128M000  1.000
ARG+1A0035_080  1.000-10.46  1.88  2.00  0.00 -6.58 0.501  00  +1T141M000  1.000
