iConf CONFORMER     FL  occ    crg   Em0  pKa0 ne nH    vdw0    vdw1    tors    epol   dsolv   extra    history
00001 ARG01A0035_001 f 0.00  0.000     0  0.00  0  0 -13.389   0.125   0.683   0.058  -0.611   0.000 01O000M000t
00002 ARG01A0035_002 f 0.00  0.000     0  0.00  0  0 -12.544   0.317   1.253   0.028  -0.624   0.000 01E003M000t
00003 ARG01A0035_003 f 0.00  0.000     0  0.00  0  0 -12.548   1.826   1.241   0.030  -0.626   0.000 01E012M000t
00004 ARG01A0035_004 f 0.00  0.000     0  0.00  0  0 -10.248   1.685   1.218  -0.038  -0.601   0.000 01E044M000t
00005 ARG01A0035_005 f 0.00  0.000     0  0.00  0  0 -13.179   2.162   0.563   0.025  -0.644   0.000 01E083M000t
00006 ARG01A0035_006 f 0.00  0.000     0  0.00  0  0 -12.908   0.959   5.666   0.067  -0.589   0.000 01E09EM000t
00007 ARG01A0035_007 f 0.00  0.000     0  0.00  0  0 -12.707   0.144   0.648  -0.012  -0.646   0.000 01E0B0M000t
00008 ARG01A0035_008 f 0.00  0.000     0  0.00  0  0 -12.516   1.094   5.699   0.041  -0.630   0.000 01E0EEM000t
00009 ARG01A0035_009 f 0.00  0.000     0  0.00  0  0 -12.734   2.826   3.245   0.019  -0.612   0.000 01E128M000t
00010 ARG01A0035_010 f 0.00  0.000     0  0.00  0  0 -10.878   1.730   3.606   0.008  -0.617   0.000 01E13AM000t
00011 ARG01A0035_011 f 0.00  0.000     0  0.00  0  0 -10.738   1.989   2.090  -0.022  -0.599   0.000 01E141M000t
00012 ARG01A0035_012 f 0.00  0.000     0  0.00  0  0 -12.225   2.778   5.542  -0.020  -0.614   0.000 01T043M000t
00013 ARG01A0035_013 f 0.00  0.000     0  0.00  0  0 -13.515   0.552   0.684   0.031  -0.629   0.000 01T051M000t
00014 ARG01A0035_014 f 0.00  0.000     0  0.00  0  0 -12.654   1.499   3.956   0.024  -0.613   0.000 01T06DM000t
00015 ARG01A0035_015 f 0.00  0.000     0  0.00  0  0 -14.178   0.404   0.883   0.013  -0.632   0.000 01T07AM000t
00016 ARG01A0035_016 f 0.00  0.000     0  0.00  0  0 -13.184   2.049   0.571   0.030  -0.625   0.000 01T085M000t
00017 ARG01A0035_017 f 0.00  0.000     0  0.00  0  0 -12.738   0.064   1.256  -0.041  -0.639   0.000 01T0A4M000t
00018 ARG01A0035_018 f 0.00  0.000     0  0.00  0  0 -12.907   0.134   2.694  -0.009  -0.633   0.000 01T0ADM000t
00019 ARG01A0035_019 f 0.00  0.000     0  0.00  0  0 -13.668  -0.017   3.588  -0.042  -0.593   0.000 01T123M000t
00020 ARG01A0035_020 f 0.00  0.000     0  0.00  0  0 -12.070   2.887   3.223   0.021  -0.610   0.000 01T127M000t
00021 ARG02A0035_021 f 0.00  0.000     0  0.00  0  0 -13.405   0.125   0.683   0.060  -0.543   0.000 02O000M000t
00022 ARG02A0035_022 f 0.00  0.000     0  0.00  0  0 -13.268   2.041   0.527   0.012  -0.556   0.000 02E083M000t
00023 ARG02A0035_023 f 0.00  0.000     0  0.00  0  0 -12.727   2.843   3.211  -0.007  -0.591   0.000 02E128M000t
00024 ARG02A0035_024 f 0.00  0.000     0  0.00  0  0 -13.733   0.333   0.547   0.040  -0.561   0.000 02T051M000t
00025 ARG02A0035_025 f 0.00  0.000     0  0.00  0  0 -12.152   2.758   5.457  -0.008  -0.527   0.000 02T043M000t
00026 ARG02A0035_026 f 0.00  0.000     0  0.00  0  0 -13.120   2.031   0.566   0.012  -0.522   0.000 02T085M000t
00027 ARG02A0035_027 f 0.00  0.000     0  0.00  0  0 -12.709   1.107   5.605   0.061  -0.493   0.000 02T09EM000t
00028 ARG02A0035_028 f 0.00  0.000     0  0.00  0  0 -12.736   0.060   1.165   0.003  -0.541   0.000 02T0A4M000t
00029 ARG02A0035_029 f 0.00  0.000     0  0.00  0  0 -13.264   0.122   0.554   0.012  -0.600   0.000 02T0B0M000t
00030 ARG02A0035_030 f 0.00  0.000     0  0.00  0  0 -12.479   1.072   5.680   0.040  -0.553   0.000 02T0EEM000t
00031 ARG02A0035_031 f 0.00  0.000     0  0.00  0  0 -13.285  -0.314   2.914  -0.001  -0.542   0.000 02T123M000t
00032 ARG02A0035_032 f 0.00  0.000     0  0.00  0  0 -10.846   1.721   3.610  -0.009  -0.526   0.000 02T13AM000t
00033 ARG02A0035_033 f 0.00  0.000     0  0.00  0  0 -12.518   0.311   1.236  -0.013  -0.577   0.000 02T003M000t
00034 ARG02A0035_034 f 0.00  0.000     0  0.00  0  0 -13.380   0.542   0.623   0.009  -0.594   0.000 02T07AM000t
00035 ARG02A0035_035 f 0.00  0.000     0  0.00  0  0 -12.782   0.123   2.428   0.012  -0.609   0.000 02T0ADM000t
00036 ARG02A0035_036 f 0.00  0.000     0  0.00  0  0 -12.344   1.891   1.217   0.012  -0.586   0.000 02T012M000t
00037 ARG02A0035_037 f 0.00  0.000     0  0.00  0  0 -10.108   1.691   1.197  -0.010  -0.575   0.000 02T044M000t
00038 ARG02A0035_038 f 0.00  0.000     0  0.00  0  0 -12.358   1.531   3.916  -0.015  -0.585   0.000 02T06DM000t
00039 ARG02A0035_039 f 0.00  0.000     0  0.00  0  0 -12.184   2.858   3.183  -0.021  -0.588   0.000 02T127M000t
00040 ARG02A0035_040 f 0.00  0.000     0  0.00  0  0 -10.289   1.862   1.973   0.001  -0.558   0.000 02T141M000t
00041 ARG03A0035_041 f 0.00  0.000     0  0.00  0  0 -13.413   0.123   0.683   0.057  -0.533   0.000 03O000M000t
00042 ARG03A0035_042 f 0.00  0.000     0  0.00  0  0 -13.197   2.042   0.568   0.015  -0.534   0.000 03E085M000t
00043 ARG03A0035_043 f 0.00  0.000     0  0.00  0  0 -13.274  -0.326   2.897   0.000  -0.538   0.000 03E123M000t
00044 ARG03A0035_044 f 0.00  0.000     0  0.00  0  0 -12.431   1.523   3.911   0.018  -0.533   0.000 03T06DM000t
00045 ARG03A0035_045 f 0.00  0.000     0  0.00  0  0 -12.599   1.069   5.683   0.042  -0.541   0.000 03T0EEM000t
00046 ARG03A0035_046 f 0.00  0.000     0  0.00  0  0 -12.887   2.843   3.201  -0.001  -0.553   0.000 03T128M000t
00047 ARG03A0035_047 f 0.00  0.000     0  0.00  0  0 -10.808   1.727   3.602  -0.007  -0.524   0.000 03T13AM000t
00048 ARG03A0035_048 f 0.00  0.000     0  0.00  0  0 -12.670   0.306   1.238   0.023  -0.536   0.000 03T003M000t
00049 ARG03A0035_049 f 0.00  0.000     0  0.00  0  0 -10.228   1.689   1.202  -0.020  -0.516   0.000 03T044M000t
00050 ARG03A0035_050 f 0.00  0.000     0  0.00  0  0 -13.415   0.535   0.618   0.023  -0.557   0.000 03T07AM000t
00051 ARG03A0035_051 f 0.00  0.000     0  0.00  0  0 -12.844   0.057   1.162   0.003  -0.551   0.000 03T0A4M000t
00052 ARG03A0035_052 f 0.00  0.000     0  0.00  0  0 -12.161   2.866   3.178  -0.013  -0.537   0.000 03T127M000t
00053 ARG03A0035_053 f 0.00  0.000     0  0.00  0  0 -10.415   1.862   1.856  -0.003  -0.543   0.000 03T141M000t
00054 ARG03A0035_054 f 0.00  0.000     0  0.00  0  0 -12.442   1.895   1.215   0.025  -0.555   0.000 03T012M000t
00055 ARG03A0035_055 f 0.00  0.000     0  0.00  0  0 -13.762   0.334   0.540   0.040  -0.578   0.000 03T051M000t
00056 ARG03A0035_056 f 0.00  0.000     0  0.00  0  0 -13.110   2.040   0.528   0.019  -0.569   0.000 03T083M000t
00057 ARG03A0035_057 f 0.00  0.000     0  0.00  0  0 -12.718   1.102   5.611   0.064  -0.527   0.000 03T09EM000t
00058 ARG03A0035_058 f 0.00  0.000     0  0.00  0  0 -12.163   2.764   5.427  -0.015  -0.546   0.000 03T043M000t
00059 ARG03A0035_059 f 0.00  0.000     0  0.00  0  0 -12.823   0.121   2.383   0.003  -0.568   0.000 03T0ADM000t
00060 ARG03A0035_060 f 0.00  0.000     0  0.00  0  0 -13.265   0.125   0.548   0.003  -0.574   0.000 03T0B0M000t
00061 ARG+1A0035_061 f 0.00  1.000     0 12.50  0  1 -13.451   0.123   0.683   0.156  -2.526   0.000 +1O000M000t
00062 ARG+1A0035_062 f 0.00  1.000     0 12.50  0  1 -12.826   0.303   1.243   0.089  -2.556   0.000 +1E003M000t
00063 ARG+1A0035_063 f 0.00  1.000     0 12.50  0  1 -12.488   1.897   1.221  -0.026  -2.545   0.000 +1E012M000t
00064 ARG+1A0035_064 f 0.00  1.000     0 12.50  0  1 -12.198   2.766   5.458   0.028  -2.572   0.000 +1E043M000t
00065 ARG+1A0035_065 f 0.00  1.000     0 12.50  0  1 -13.796   0.331   0.548   0.135  -2.554   0.000 +1E051M000t
00066 ARG+1A0035_066 f 0.00  1.000     0 12.50  0  1 -13.387   0.543   0.627   0.105  -2.535   0.000 +1E07AM000t
00067 ARG+1A0035_067 f 0.00  1.000     0 12.50  0  1 -12.702   1.102   5.626   0.152  -2.480   0.000 +1E09EM000t
00068 ARG+1A0035_068 f 0.00  1.000     0 12.50  0  1 -13.320   0.122   0.555   0.067  -2.515   0.000 +1E0B0M000t
00069 ARG+1A0035_069 f 0.00  1.000     0 12.50  0  1 -12.678   1.070   5.701   0.125  -2.531   0.000 +1E0EEM000t
00070 ARG+1A0035_070 f 0.00  1.000     0 12.50  0  1 -13.317  -0.316   2.927   0.141  -2.522   0.000 +1E123M000t
00071 ARG+1A0035_071 f 0.00  1.000     0 12.50  0  1 -10.969   1.731   3.612  -0.007  -2.499   0.000 +1E13AM000t
00072 ARG+1A0035_072 f 0.00  1.000     0 12.50  0  1 -10.247   1.684   1.204   0.002  -2.516   0.000 +1T044M000t
00073 ARG+1A0035_073 f 0.00  1.000     0 12.50  0  1 -12.407   1.526   3.918   0.096  -2.531   0.000 +1T06DM000t
00074 ARG+1A0035_074 f 0.00  1.000     0 12.50  0  1 -13.287   2.052   0.531  -0.021  -2.549   0.000 +1T083M000t
00075 ARG+1A0035_075 f 0.00  1.000     0 12.50  0  1 -13.237   2.047   0.570  -0.017  -2.561   0.000 +1T085M000t
00076 ARG+1A0035_076 f 0.00  1.000     0 12.50  0  1 -12.769   0.058   1.173   0.132  -2.548   0.000 +1T0A4M000t
00077 ARG+1A0035_077 f 0.00  1.000     0 12.50  0  1 -12.955   0.120   2.442   0.056  -2.557   0.000 +1T0ADM000t
00078 ARG+1A0035_078 f 0.00  1.000     0 12.50  0  1 -12.267   2.865   3.187  -0.030  -2.523   0.000 +1T127M000t
00079 ARG+1A0035_079 f 0.00  1.000     0 12.50  0  1 -12.881   2.846   3.213  -0.025  -2.494   0.000 +1T128M000t
00080 ARG+1A0035_080 f 0.00  1.000     0 12.50  0  1 -10.448   1.882   1.994   0.036  -2.484   0.000 +1T141M000t
