CONFORMER         crg  vdw0  vdw1  tors  epol  self   occ  Hb     history    ASA
GLN01A0030_001  0.000 -4.48  0.15  0.37  0.00 -3.96 0.509  00  01O000M000  1.026
GLN01A0030_002  0.000 -3.07  0.13  2.98  0.00  0.04 0.508  00  01E003M000  1.055
GLN01A0030_003  0.000 -4.87  1.44  1.29  0.00 -2.13 0.508  00  01E015M000  1.013
GLN01A0030_004  0.000 -4.36  0.12  3.91  0.00 -0.34 0.510  00  01E018M000  1.030
GLN01A0030_005  0.000 -3.14 -0.03  0.37  0.00 -2.79 0.508  00  01E01CM000  1.076
GLN01A0030_006  0.000 -4.99 -0.01  1.20  0.00 -3.80 0.508  00  01E01DM000  1.074
GLN01A0030_007  0.000 -4.21  0.71  0.37  0.00 -3.13 0.508  00  01E021M000  1.011
GLN01A0030_008  0.000 -3.15  0.64  0.29  0.00 -2.23 0.508  00  01E023M000  1.000
GLN01A0030_009  0.000 -4.14  0.13  3.90  0.00 -0.10 0.507  00  01E02CM000  1.008
GLN01A0030_010  0.000 -4.77  0.85  4.00  0.00  0.09 0.507  00  01E039M000  1.059
GLN01A0030_011  0.000 -2.76  0.10  2.97  0.00  0.31 0.508  00  01T008M000  1.000
GLN01A0030_012  0.000 -4.02  0.18  0.28  0.00 -3.55 0.508  00  01T009M000  1.028
GLN01A0030_013  0.000 -4.77  1.68  1.21  0.00 -1.88 0.508  00  01T00FM000  1.034
GLN01A0030_014  0.000 -4.36  0.05  3.90  0.00 -0.41 0.510  00  01T017M000  1.027
GLN01A0030_015  0.000 -4.55  0.20  1.20  0.00 -3.15 0.508  00  01T02EM000  1.019
GLN01A0030_016  0.000 -3.50 -0.31  3.00  0.00 -0.81 0.509  00  01T032M000  1.052
GLN01A0030_017  0.000 -4.77 -0.25  3.90  0.00 -1.11 0.509  00  01T033M000  1.130
GLN01A0030_018  0.000 -4.73  0.76  3.97  0.00  0.00 0.511  00  01T036M000  1.003
GLN01A0030_019  0.000 -4.34  0.83  3.09  0.00 -0.42 0.508  00  01T038M000  1.045
