iConf CONFORMER     FL  occ    crg   Em0  pKa0 ne nH    vdw0    vdw1    tors    epol   dsolv   extra    history
00001 GLN01A0030_001 f 0.00  0.000     0  0.00  0  0  -4.478   0.149   0.372  -0.019  -0.506   0.000 01O000M000t
00002 GLN01A0030_002 f 0.00  0.000     0  0.00  0  0  -3.061   0.135   2.977   0.035  -0.520   0.000 01E003M000t
00003 GLN01A0030_003 f 0.00  0.000     0  0.00  0  0  -4.873   1.441   1.293  -0.114  -0.502   0.000 01E015M000t
00004 GLN01A0030_004 f 0.00  0.000     0  0.00  0  0  -4.359   0.117   3.906   0.014  -0.542   0.000 01E018M000t
00005 GLN01A0030_005 f 0.00  0.000     0  0.00  0  0  -3.139  -0.025   0.372   0.025  -0.511   0.000 01E01CM000t
00006 GLN01A0030_006 f 0.00  0.000     0  0.00  0  0  -4.987  -0.008   1.201   0.028  -0.516   0.000 01E01DM000t
00007 GLN01A0030_007 f 0.00  0.000     0  0.00  0  0  -4.206   0.708   0.367  -0.024  -0.524   0.000 01E021M000t
00008 GLN01A0030_008 f 0.00  0.000     0  0.00  0  0  -3.151   0.639   0.288   0.031  -0.512   0.000 01E023M000t
00009 GLN01A0030_009 f 0.00  0.000     0  0.00  0  0  -4.138   0.131   3.906  -0.005  -0.519   0.000 01E02CM000t
00010 GLN01A0030_010 f 0.00  0.000     0  0.00  0  0  -4.766   0.855   4.005   0.013  -0.532   0.000 01E039M000t
00011 GLN01A0030_011 f 0.00  0.000     0  0.00  0  0  -2.797   0.100   2.973   0.000  -0.515   0.000 01T008M000t
00012 GLN01A0030_012 f 0.00  0.000     0  0.00  0  0  -4.015   0.184   0.285   0.019  -0.525   0.000 01T009M000t
00013 GLN01A0030_013 f 0.00  0.000     0  0.00  0  0  -4.768   1.680   1.214   0.115  -0.499   0.000 01T00FM000t
00014 GLN01A0030_014 f 0.00  0.000     0  0.00  0  0  -4.360   0.053   3.899   0.029  -0.517   0.000 01T017M000t
00015 GLN01A0030_015 f 0.00  0.000     0  0.00  0  0  -4.551   0.195   1.204   0.034  -0.527   0.000 01T02EM000t
00016 GLN01A0030_016 f 0.00  0.000     0  0.00  0  0  -3.503  -0.305   3.003   0.045  -0.503   0.000 01T032M000t
00017 GLN01A0030_017 f 0.00  0.000     0  0.00  0  0  -4.768  -0.249   3.902   0.019  -0.508   0.000 01T033M000t
00018 GLN01A0030_018 f 0.00  0.000     0  0.00  0  0  -4.715   0.757   3.975   0.038  -0.511   0.000 01T036M000t
00019 GLN01A0030_019 f 0.00  0.000     0  0.00  0  0  -4.338   0.834   3.089   0.018  -0.512   0.000 01T038M000t
