   confID        vdw0    sas     sum
GLN01A0030_001   0.661  -5.139  -4.478
GLN01A0030_002   2.083  -5.144  -3.061
GLN01A0030_003   0.309  -5.182  -4.873
GLN01A0030_004   0.618  -4.977  -4.359
GLN01A0030_005   1.901  -5.040  -3.139
GLN01A0030_006   0.293  -5.280  -4.987
GLN01A0030_007   0.723  -4.928  -4.206
GLN01A0030_008   1.670  -4.821  -3.151
GLN01A0030_009   0.618  -4.756  -4.138
GLN01A0030_010   0.291  -5.057  -4.766
GLN01A0030_011   2.075  -4.872  -2.797
GLN01A0030_012   0.765  -4.780  -4.015
GLN01A0030_013   0.288  -5.056  -4.768
GLN01A0030_014   0.638  -4.998  -4.360
GLN01A0030_015   0.287  -4.838  -4.551
GLN01A0030_016   1.533  -5.036  -3.503
GLN01A0030_017   0.647  -5.415  -4.768
GLN01A0030_018   0.290  -5.005  -4.715
GLN01A0030_019   0.755  -5.093  -4.338
