iConf CONFORMER     FL  occ    crg   Em0  pKa0 ne nH    vdw0    vdw1    tors    epol   dsolv   extra    history
00001 ASP01A0083_001 f 0.00  0.000     0  0.00  0  0  -4.372   3.137   2.970   0.126  -0.412   0.000 01O000M000t
00002 ASP01A0083_002 f 0.00  0.000     0  0.00  0  0  -4.388   0.899   3.462   0.166  -0.543   0.000 01E004M000t
00003 ASP01A0083_003 f 0.00  0.000     0  0.00  0  0  -4.372   3.137   0.250   0.046  -0.354   0.000 01O000M000t
00004 ASP01A0083_004 f 0.00  0.000     0  0.00  0  0  -4.396   0.849   2.953   0.035  -0.357   0.000 01E007M000t
00005 ASP01A0083_005 f 0.00  0.000     0  0.00  0  0  -4.111  -0.064   3.590   0.126  -0.505   0.000 01T005M000t
00006 ASP01A0083_006 f 0.00  0.000     0  0.00  0  0  -4.460   1.169   5.712   0.032  -0.538   0.000 01T008M000t
00007 ASP01A0083_007 f 0.00  0.000     0  0.00  0  0  -4.416   1.396   3.636   0.098  -0.478   0.000 01T009M000t
00008 ASP01A0083_008 f 0.00  0.000     0  0.00  0  0  -4.562   2.764   2.796   0.176  -0.453   0.000 01T002M000t
00009 ASP01A0083_009 f 0.00  0.000     0  0.00  0  0  -4.360   1.351   3.433  -0.013  -0.523   0.000 01T006M000t
00010 ASP01A0083_010 f 0.00  0.000     0  0.00  0  0  -4.345   0.852   5.673   0.106  -0.489   0.000 01T007M000t
00011 ASP01A0083_011 f 0.00  0.000     0  0.00  0  0  -4.669   0.555   3.388   0.015  -0.531   0.000 01T00AM000t
00012 ASP01A0083_012 f 0.00  0.000     0  0.00  0  0  -4.382   1.396   0.916   0.022  -0.354   0.000 01T009M000t
00013 ASP01A0083_013 f 0.00  0.000     0  0.00  0  0  -4.360   1.351   0.713  -0.026  -0.348   0.000 01T006M000t
00014 ASP02A0083_014 f 0.00  0.000     0  0.00  0  0  -4.136   2.259   2.970   0.087  -0.505   0.000 02O000M000t
00015 ASP02A0083_015 f 0.00  0.000     0  0.00  0  0  -4.338   0.838   2.827   0.005  -0.519   0.000 02E001M000t
00016 ASP02A0083_016 f 0.00  0.000     0  0.00  0  0  -4.614   1.560   3.515   0.355  -0.463   0.000 02E006M000t
00017 ASP02A0083_017 f 0.00  0.000     0  0.00  0  0  -4.664   0.638   3.458   0.108  -0.502   0.000 02E00AM000t
00018 ASP02A0083_018 f 0.00  0.000     0  0.00  0  0  -4.136   2.259   0.250   0.074  -0.341   0.000 02O000M000t
00019 ASP02A0083_019 f 0.00  0.000     0  0.00  0  0  -4.689   0.705   0.685   0.037  -0.360   0.000 02E00AM000t
00020 ASP02A0083_020 f 0.00  0.000     0  0.00  0  0  -4.371   1.441   3.473   0.012  -0.436   0.000 02T004M000t
00021 ASP02A0083_021 f 0.00  0.000     0  0.00  0  0  -4.441   1.371   5.695   0.148  -0.480   0.000 02T008M000t
00022 ASP02A0083_022 f 0.00  0.000     0  0.00  0  0  -4.455   2.366   2.789   0.001  -0.524   0.000 02T002M000t
00023 ASP02A0083_023 f 0.00  0.000     0  0.00  0  0  -4.161   0.763   5.646   0.065  -0.536   0.000 02T007M000t
00024 ASP02A0083_024 f 0.00  0.000     0  0.00  0  0  -4.337   0.837   0.106   0.005  -0.352   0.000 02T001M000t
00025 ASP02A0083_025 f 0.00  0.000     0  0.00  0  0  -4.371   1.441   0.753   0.080  -0.345   0.000 02T004M000t
00026 ASP02A0083_026 f 0.00  0.000     0  0.00  0  0  -4.455   2.366   0.069  -0.012  -0.353   0.000 02T002M000t
00027 ASP02A0083_027 f 0.00  0.000     0  0.00  0  0  -4.479   1.550   0.714   0.010  -0.363   0.000 02T006M000t
00028 ASP02A0083_028 f 0.00  0.000     0  0.00  0  0  -4.161   0.763   2.926   0.031  -0.358   0.000 02T007M000t
00029 ASP-1A0083_029 f 0.00 -1.000     0  4.75  0 -1  -4.147   2.282   0.250  -0.125  -3.094   0.000 -1O000M000t
00030 ASP-1A0083_030 f 0.00 -1.000     0  4.75  0 -1  -4.449   2.230   0.057  -0.205  -3.121   0.000 -1E002M000t
00031 ASP-1A0083_031 f 0.00 -1.000     0  4.75  0 -1  -4.094  -0.136   0.835  -0.235  -3.153   0.000 -1E005M000t
00032 ASP-1A0083_032 f 0.00 -1.000     0  4.75  0 -1  -4.330   1.216   2.909  -0.184  -3.159   0.000 -1E008M000t
00033 ASP-1A0083_033 f 0.00 -1.000     0  4.75  0 -1  -4.591   0.476   0.655  -0.173  -3.135   0.000 -1E00AM000t
