CONFORMER         crg  vdw0  vdw1  tors  epol  self   occ  Hb     history    ASA
LYS01A0024_001  0.000-10.17  0.59  1.49  0.00 -8.10 0.502  00  01O000M000  1.000
LYS01A0024_002  0.000-12.15  2.39  0.96  0.00 -8.80 0.502  00  01E034M000  1.000
LYS01A0024_003  0.000-10.20  4.12  3.84  0.00 -2.24 0.501  00  01E038M000  1.000
LYS01A0024_004  0.000 -7.96  1.65  4.44  0.00 -1.87 0.502  00  01E053M000  1.000
LYS01A0024_005  0.000-10.61  1.95  3.97  0.00 -4.69 0.502  00  01E06DM000  1.000
LYS01A0024_006  0.000-11.00  1.65  6.88  0.00 -2.47 0.501  00  01E07EM000  1.000
LYS01A0024_007  0.000-10.60  0.25  3.85  0.00 -6.51 0.501  00  01E091M000  1.000
LYS01A0024_008  0.000 -8.52  1.04  4.14  0.00 -3.34 0.501  00  01E0B1M000  1.000
LYS01A0024_009  0.000 -9.98  0.47  1.26  0.00 -8.25 0.501  00  01E0D7M000  1.000
LYS01A0024_010  0.000-11.50  8.03  0.99  0.00 -2.48 0.502  00  01T01EM000  1.000
LYS01A0024_011  0.000 -9.85  1.09  1.71  0.00 -7.05 0.502  00  01T02CM000  1.000
LYS01A0024_012  0.000 -9.04  0.44  1.19  0.00 -7.40 0.502  00  01T060M000  1.000
LYS01A0024_013  0.000-11.17  2.38  1.24  0.00 -7.55 0.502  00  01T06EM000  1.000
LYS01A0024_014  0.000 -9.62  0.18  4.19  0.00 -5.25 0.502  00  01T095M000  1.000
LYS01A0024_015  0.000-11.00  1.20  6.39  0.00 -3.41 0.502  00  01T0AEM000  1.000
LYS01A0024_016  0.000 -8.51  1.02  1.56  0.00 -5.94 0.502  00  01T0C2M000  1.000
LYS01A0024_017  0.000-10.57  0.51  4.04  0.00 -6.02 0.502  00  01T0D8M000  1.000
LYS01A0024_018  0.000 -8.96  1.01  4.64  0.00 -3.31 0.502  00  01T0E3M000  1.000
LYS01A0024_019  0.000 -9.05  3.93  4.15  0.00 -0.96 0.502  00  01T0ECM000  1.000
LYS01A0024_020  0.000 -9.84  2.63  4.05  0.00 -3.16 0.502  00  01T0F8M000  1.000
LYS+1A0024_021  1.000-10.22  0.59  1.49  0.00 -8.15 0.502  00  +1O000M000  1.000
LYS+1A0024_022  1.000-11.54  8.26  0.99  0.00 -2.30 0.502  00  +1E01EM000  1.000
LYS+1A0024_023  1.000 -9.91  1.08  1.72  0.00 -7.11 0.502  00  +1E02CM000  1.000
LYS+1A0024_024  1.000-12.19  2.37  0.96  0.00 -8.86 0.502  00  +1E034M000  1.000
LYS+1A0024_025  1.000 -9.07  0.44  1.20  0.00 -7.42 0.502  00  +1E060M000  1.000
LYS+1A0024_026  1.000 -8.49  0.99  1.56  0.00 -5.94 0.502  00  +1E0C2M000  1.000
LYS+1A0024_027  1.000 -9.10  1.00  4.64  0.00 -3.46 0.502  00  +1E0E3M000  1.000
LYS+1A0024_028  1.000 -9.16  3.94  4.15  0.00 -1.06 0.502  00  +1E0ECM000  1.000
LYS+1A0024_029  1.000-10.02  2.62  4.05  0.00 -3.35 0.502  00  +1E0F8M000  1.000
LYS+1A0024_030  1.000-10.24  4.12  3.84  0.00 -2.28 0.501  00  +1T038M000  1.000
LYS+1A0024_031  1.000 -7.80  1.65  4.44  0.00 -1.71 0.502  00  +1T053M000  1.000
LYS+1A0024_032  1.000-10.65  1.95  3.97  0.00 -4.73 0.502  00  +1T06DM000  1.000
LYS+1A0024_033  1.000-11.12  2.37  1.24  0.00 -7.51 0.502  00  +1T06EM000  1.000
LYS+1A0024_034  1.000-11.11  1.63  6.89  0.00 -2.59 0.501  00  +1T07EM000  1.000
LYS+1A0024_035  1.000-10.69  0.24  3.85  0.00 -6.59 0.501  00  +1T091M000  1.000
LYS+1A0024_036  1.000 -9.62  0.18  4.20  0.00 -5.24 0.502  00  +1T095M000  1.000
LYS+1A0024_037  1.000-11.10  1.20  6.39  0.00 -3.51 0.502  00  +1T0AEM000  1.000
LYS+1A0024_038  1.000 -8.57  1.03  4.14  0.00 -3.40 0.501  00  +1T0B1M000  1.000
LYS+1A0024_039  1.000-10.11  0.47  1.27  0.00 -8.37 0.501  00  +1T0D7M000  1.000
LYS+1A0024_040  1.000-10.62  0.51  4.05  0.00 -6.07 0.502  00  +1T0D8M000  1.000
