iConf CONFORMER     FL  occ    crg   Em0  pKa0 ne nH    vdw0    vdw1    tors    epol   dsolv   extra    history
00001 LYS01A0024_001 f 0.00  0.000     0  0.00  0  0 -10.176   0.588   1.486  -0.008  -0.404   0.000 01O000M000t
00002 LYS01A0024_002 f 0.00  0.000     0  0.00  0  0 -12.150   2.390   0.956  -0.008  -0.447   0.000 01E034M000t
00003 LYS01A0024_003 f 0.00  0.000     0  0.00  0  0 -10.197   4.130   3.838  -0.006  -0.444   0.000 01E038M000t
00004 LYS01A0024_004 f 0.00  0.000     0  0.00  0  0  -7.973   1.653   4.438  -0.005  -0.405   0.000 01E053M000t
00005 LYS01A0024_005 f 0.00  0.000     0  0.00  0  0 -10.614   1.956   3.969  -0.014  -0.428   0.000 01E06DM000t
00006 LYS01A0024_006 f 0.00  0.000     0  0.00  0  0 -10.998   1.652   6.884  -0.004  -0.383   0.000 01E07EM000t
00007 LYS01A0024_007 f 0.00  0.000     0  0.00  0  0 -10.601   0.245   3.848  -0.005  -0.429   0.000 01E091M000t
00008 LYS01A0024_008 f 0.00  0.000     0  0.00  0  0  -8.526   1.043   4.137  -0.013  -0.393   0.000 01E0B1M000t
00009 LYS01A0024_009 f 0.00  0.000     0  0.00  0  0 -10.053   0.469   1.265  -0.005  -0.374   0.000 01E0D7M000t
00010 LYS01A0024_010 f 0.00  0.000     0  0.00  0  0 -11.496   8.035   0.991  -0.014  -0.432   0.000 01T01EM000t
00011 LYS01A0024_011 f 0.00  0.000     0  0.00  0  0  -9.856   1.087   1.711  -0.006  -0.416   0.000 01T02CM000t
00012 LYS01A0024_012 f 0.00  0.000     0  0.00  0  0  -9.041   0.439   1.194  -0.002  -0.393   0.000 01T060M000t
00013 LYS01A0024_013 f 0.00  0.000     0  0.00  0  0 -11.169   2.386   1.236  -0.018  -0.417   0.000 01T06EM000t
00014 LYS01A0024_014 f 0.00  0.000     0  0.00  0  0  -9.617   0.184   4.190  -0.007  -0.389   0.000 01T095M000t
00015 LYS01A0024_015 f 0.00  0.000     0  0.00  0  0 -11.047   1.198   6.392  -0.006  -0.417   0.000 01T0AEM000t
00016 LYS01A0024_016 f 0.00  0.000     0  0.00  0  0  -8.518   1.018   1.557  -0.011  -0.381   0.000 01T0C2M000t
00017 LYS01A0024_017 f 0.00  0.000     0  0.00  0  0 -10.574   0.507   4.043  -0.007  -0.445   0.000 01T0D8M000t
00018 LYS01A0024_018 f 0.00  0.000     0  0.00  0  0  -8.967   1.016   4.640  -0.015  -0.404   0.000 01T0E3M000t
00019 LYS01A0024_019 f 0.00  0.000     0  0.00  0  0  -9.047   3.934   4.149  -0.011  -0.389   0.000 01T0ECM000t
00020 LYS01A0024_020 f 0.00  0.000     0  0.00  0  0  -9.838   2.634   4.047   0.003  -0.431   0.000 01T0F8M000t
00021 LYS+1A0024_021 f 0.00  1.000     0 10.40  0  1 -10.219   0.587   1.486   0.075  -5.899   0.000 +1O000M000t
00022 LYS+1A0024_022 f 0.00  1.000     0 10.40  0  1 -11.541   8.242   0.988   0.059  -5.883   0.000 +1E01EM000t
00023 LYS+1A0024_023 f 0.00  1.000     0 10.40  0  1  -9.920   1.084   1.721  -0.008  -5.902   0.000 +1E02CM000t
00024 LYS+1A0024_024 f 0.00  1.000     0 10.40  0  1 -12.185   2.375   0.958   0.084  -5.896   0.000 +1E034M000t
00025 LYS+1A0024_025 f 0.00  1.000     0 10.40  0  1  -9.073   0.446   1.205   0.073  -5.845   0.000 +1E060M000t
00026 LYS+1A0024_026 f 0.00  1.000     0 10.40  0  1  -8.486   0.993   1.559   0.078  -5.730   0.000 +1E0C2M000t
00027 LYS+1A0024_027 f 0.00  1.000     0 10.40  0  1  -9.095   0.999   4.641   0.102  -5.859   0.000 +1E0E3M000t
00028 LYS+1A0024_028 f 0.00  1.000     0 10.40  0  1  -9.155   3.938   4.154  -0.058  -5.787   0.000 +1E0ECM000t
00029 LYS+1A0024_029 f 0.00  1.000     0 10.40  0  1 -10.016   2.618   4.053   0.032  -5.879   0.000 +1E0F8M000t
00030 LYS+1A0024_030 f 0.00  1.000     0 10.40  0  1 -10.239   4.118   3.843   0.035  -5.892   0.000 +1T038M000t
00031 LYS+1A0024_031 f 0.00  1.000     0 10.40  0  1  -7.796   1.650   4.443   0.033  -5.837   0.000 +1T053M000t
00032 LYS+1A0024_032 f 0.00  1.000     0 10.40  0  1 -10.655   1.956   3.971   0.078  -5.889   0.000 +1T06DM000t
00033 LYS+1A0024_033 f 0.00  1.000     0 10.40  0  1 -11.126   2.376   1.241   0.075  -5.818   0.000 +1T06EM000t
00034 LYS+1A0024_034 f 0.00  1.000     0 10.40  0  1 -11.111   1.627   6.889   0.123  -5.719   0.000 +1T07EM000t
00035 LYS+1A0024_035 f 0.00  1.000     0 10.40  0  1 -10.690   0.245   3.852   0.036  -5.927   0.000 +1T091M000t
00036 LYS+1A0024_036 f 0.00  1.000     0 10.40  0  1  -9.618   0.182   4.197   0.033  -5.826   0.000 +1T095M000t
00037 LYS+1A0024_037 f 0.00  1.000     0 10.40  0  1 -11.097   1.201   6.395   0.033  -5.881   0.000 +1T0AEM000t
00038 LYS+1A0024_038 f 0.00  1.000     0 10.40  0  1  -8.570   1.030   4.138   0.033  -5.680   0.000 +1T0B1M000t
00039 LYS+1A0024_039 f 0.00  1.000     0 10.40  0  1 -10.107   0.470   1.269   0.080  -5.796   0.000 +1T0D7M000t
00040 LYS+1A0024_040 f 0.00  1.000     0 10.40  0  1 -10.628   0.509   4.046   0.051  -5.872   0.000 +1T0D8M000t
