   confID        vdw0    sas     sum
LYS01A0024_001   2.290 -12.466 -10.176
LYS01A0024_002   0.931 -13.081 -12.150
LYS01A0024_003   1.676 -11.874 -10.197
LYS01A0024_004   4.671 -12.644  -7.973
LYS01A0024_005   1.653 -12.266 -10.614
LYS01A0024_006   1.704 -12.702 -10.998
LYS01A0024_007   1.826 -12.428 -10.601
LYS01A0024_008   3.562 -12.088  -8.526
LYS01A0024_009   2.526 -12.580 -10.053
LYS01A0024_010   0.944 -12.440 -11.496
LYS01A0024_011   3.041 -12.897  -9.856
LYS01A0024_012   3.178 -12.219  -9.041
LYS01A0024_013   1.427 -12.596 -11.169
LYS01A0024_014   2.708 -12.325  -9.617
LYS01A0024_015   1.744 -12.791 -11.047
LYS01A0024_016   4.011 -12.529  -8.518
LYS01A0024_017   2.018 -12.592 -10.574
LYS01A0024_018   3.666 -12.633  -8.967
LYS01A0024_019   3.147 -12.194  -9.047
LYS01A0024_020   1.949 -11.788  -9.838
LYS+1A0024_021   2.247 -12.466 -10.219
LYS+1A0024_022   0.899 -12.440 -11.541
LYS+1A0024_023   3.028 -12.948  -9.920
LYS+1A0024_024   0.896 -13.081 -12.185
LYS+1A0024_025   3.146 -12.219  -9.073
LYS+1A0024_026   3.979 -12.465  -8.486
LYS+1A0024_027   3.658 -12.753  -9.095
LYS+1A0024_028   3.103 -12.258  -9.155
LYS+1A0024_029   1.891 -11.907 -10.016
LYS+1A0024_030   1.635 -11.874 -10.239
LYS+1A0024_031   4.716 -12.512  -7.796
LYS+1A0024_032   1.612 -12.266 -10.655
LYS+1A0024_033   1.363 -12.489 -11.126
LYS+1A0024_034   1.656 -12.767 -11.111
LYS+1A0024_035   1.789 -12.479 -10.690
LYS+1A0024_036   2.656 -12.274  -9.618
LYS+1A0024_037   1.707 -12.804 -11.097
LYS+1A0024_038   3.479 -12.049  -8.570
LYS+1A0024_039   2.472 -12.580 -10.107
LYS+1A0024_040   1.964 -12.592 -10.628
