iConf CONFORMER     FL  occ    crg   Em0  pKa0 ne nH    vdw0    vdw1    tors    epol   dsolv   extra    history
00001 GLU01A0010_001 f 0.00  0.000     0  0.00  0  0  -3.382   0.775   3.392   0.089  -2.248   0.000 01O000M000t
00002 GLU01A0010_002 f 0.00  0.000     0  0.00  0  0  -3.227   1.119   3.251   0.099  -2.164   0.000 01E002M000t
00003 GLU01A0010_003 f 0.00  0.000     0  0.00  0  0  -3.148   0.766   2.928   0.048  -2.363   0.000 01E005M000t
00004 GLU01A0010_004 f 0.00  0.000     0  0.00  0  0  -2.775   1.194   2.925   0.092  -2.364   0.000 01E009M000t
00005 GLU01A0010_005 f 0.00  0.000     0  0.00  0  0  -4.054   0.835   3.485   0.135  -2.198   0.000 01E00AM000t
00006 GLU01A0010_006 f 0.00  0.000     0  0.00  0  0  -3.382   0.775   0.672   0.028  -1.628   0.000 01O000M000t
00007 GLU01A0010_007 f 0.00  0.000     0  0.00  0  0  -2.974   1.125   0.477   0.057  -1.617   0.000 01E002M000t
00008 GLU01A0010_008 f 0.00  0.000     0  0.00  0  0  -3.471   1.338   3.288   0.225  -2.174   0.000 01T003M000t
00009 GLU01A0010_009 f 0.00  0.000     0  0.00  0  0  -2.678   2.490   2.928  -0.021  -2.303   0.000 01T007M000t
00010 GLU01A0010_010 f 0.00  0.000     0  0.00  0  0  -3.471   1.338   0.568   0.137  -1.619   0.000 01T003M000t
00011 GLU01A0010_011 f 0.00  0.000     0  0.00  0  0  -2.678   2.490   0.208   0.009  -1.615   0.000 01T007M000t
00012 GLU01A0010_012 f 0.00  0.000     0  0.00  0  0  -2.774   1.193   0.205   0.058  -1.613   0.000 01T009M000t
00013 GLU01A0010_013 f 0.00  0.000     0  0.00  0  0  -3.803   0.831   0.711   0.051  -1.613   0.000 01T00AM000t
00014 GLU02A0010_014 f 0.00  0.000     0  0.00  0  0  -3.544   0.779   3.392   0.035  -2.328   0.000 02O000M000t
00015 GLU02A0010_015 f 0.00  0.000     0  0.00  0  0  -2.674   0.753   2.928   0.069  -2.148   0.000 02E005M000t
00016 GLU02A0010_016 f 0.00  0.000     0  0.00  0  0  -3.544   0.779   0.672   0.019  -1.600   0.000 02O000M000t
00017 GLU02A0010_017 f 0.00  0.000     0  0.00  0  0  -4.010   0.853   0.681   0.068  -1.614   0.000 02E00AM000t
00018 GLU02A0010_018 f 0.00  0.000     0  0.00  0  0  -3.398   2.514   3.241  -0.005  -2.382   0.000 02T001M000t
00019 GLU02A0010_019 f 0.00  0.000     0  0.00  0  0  -3.399   1.138   3.229   0.097  -2.356   0.000 02T002M000t
00020 GLU02A0010_020 f 0.00  0.000     0  0.00  0  0  -3.747   1.332   3.278   0.213  -2.336   0.000 02T003M000t
00021 GLU02A0010_021 f 0.00  0.000     0  0.00  0  0  -2.133   2.491   2.928   0.097  -2.138   0.000 02T007M000t
00022 GLU02A0010_022 f 0.00  0.000     0  0.00  0  0  -2.334   1.192   2.926   0.113  -2.104   0.000 02T009M000t
00023 GLU02A0010_023 f 0.00  0.000     0  0.00  0  0  -3.919   0.854   3.395   0.125  -2.207   0.000 02T00AM000t
00024 GLU02A0010_024 f 0.00  0.000     0  0.00  0  0  -2.152   2.486   0.208   0.029  -1.591   0.000 02T007M000t
00025 GLU02A0010_025 f 0.00  0.000     0  0.00  0  0  -3.679   1.336   0.509   0.148  -1.577   0.000 02T003M000t
00026 GLU02A0010_026 f 0.00  0.000     0  0.00  0  0  -2.334   1.192   0.206   0.056  -1.618   0.000 02T009M000t
00027 GLU-1A0010_027 f 0.00 -1.000     0  4.75  0 -1  -3.573   0.791   0.672  -0.077 -13.167   0.000 -1O000M000t
00028 GLU-1A0010_028 f 0.00 -1.000     0  4.75  0 -1  -3.415   1.132   0.479  -0.093 -13.154   0.000 -1E002M000t
00029 GLU-1A0010_029 f 0.00 -1.000     0  4.75  0 -1  -3.593   1.349   0.530  -0.347 -13.018   0.000 -1E003M000t
00030 GLU-1A0010_030 f 0.00 -1.000     0  4.75  0 -1  -2.650   2.512   0.208  -0.044 -13.140   0.000 -1E007M000t
00031 GLU-1A0010_031 f 0.00 -1.000     0  4.75  0 -1  -4.060   0.849   0.731  -0.229 -13.019   0.000 -1E00AM000t
