CONFORMER         crg  vdw0  vdw1  tors  epol  self   occ  Hb     history    ASA
GLU01A0010_001  0.000 -3.38  0.78  3.39  0.00  0.79 0.544  00  01O000M000  1.003
GLU01A0010_002  0.000 -3.23  1.12  3.25  0.00  1.14 0.546  00  01E002M000  1.046
GLU01A0010_003  0.000 -3.15  0.77  2.93  0.00  0.55 0.545  00  01E005M000  1.089
GLU01A0010_004  0.000 -2.78  1.19  2.93  0.00  1.34 0.545  00  01E009M000  1.038
GLU01A0010_005  0.000 -4.05  0.84  3.49  0.00  0.27 0.547  00  01E00AM000  1.013
GLU01A0010_006  0.000 -3.38  0.78  0.67  0.00 -1.93 0.544  00  01O000M000  1.003
GLU01A0010_007  0.000 -2.98  1.13  0.48  0.00 -1.37 0.546  00  01E002M000  1.038
GLU01A0010_008  0.000 -3.47  1.34  3.29  0.00  1.15 0.545  00  01T003M000  1.024
GLU01A0010_009  0.000 -2.67  2.49  2.93  0.00  2.74 0.545  00  01T007M000  1.015
GLU01A0010_010  0.000 -3.47  1.34  0.57  0.00 -1.57 0.545  00  01T003M000  1.024
GLU01A0010_011  0.000 -2.67  2.49  0.21  0.00  0.02 0.545  00  01T007M000  1.015
GLU01A0010_012  0.000 -2.78  1.20  0.21  0.00 -1.38 0.545  00  01T009M000  1.038
GLU01A0010_013  0.000 -3.80  0.83  0.71  0.00 -2.26 0.547  00  01T00AM000  1.014
GLU02A0010_014  0.000 -3.55  0.78  3.39  0.00  0.63 0.544  00  02O000M000  1.008
GLU02A0010_015  0.000 -2.70  0.75  2.93  0.00  0.98 0.545  00  02E005M000  1.115
GLU02A0010_016  0.000 -3.55  0.78  0.67  0.00 -2.09 0.544  00  02O000M000  1.008
GLU02A0010_017  0.000 -4.01  0.85  0.68  0.00 -2.47 0.547  00  02E00AM000  1.032
GLU02A0010_018  0.000 -3.40  2.52  3.24  0.00  2.36 0.548  00  02T001M000  1.046
GLU02A0010_019  0.000 -3.40  1.14  3.23  0.00  0.97 0.546  00  02T002M000  1.046
GLU02A0010_020  0.000 -3.75  1.33  3.28  0.00  0.86 0.545  00  02T003M000  1.033
GLU02A0010_021  0.000 -2.13  2.49  2.93  0.00  3.29 0.545  00  02T007M000  1.032
GLU02A0010_022  0.000 -2.34  1.19  2.93  0.00  1.78 0.545  00  02T009M000  1.048
GLU02A0010_023  0.000 -3.92  0.85  3.40  0.00  0.33 0.547  00  02T00AM000  1.013
GLU02A0010_024  0.000 -2.16  2.48  0.21  0.00  0.54 0.545  00  02T007M000  1.038
GLU02A0010_025  0.000 -3.68  1.33  0.51  0.00 -1.84 0.545  00  02T003M000  1.031
GLU02A0010_026  0.000 -2.34  1.19  0.21  0.00 -0.94 0.545  00  02T009M000  1.048
GLU-1A0010_027 -1.000 -3.57  0.79  0.67  0.00 -2.11 0.544  00  -1O000M000  1.003
GLU-1A0010_028 -1.000 -3.41  1.13  0.48  0.00 -1.80 0.546  00  -1E002M000  1.046
GLU-1A0010_029 -1.000 -3.59  1.35  0.53  0.00 -1.72 0.545  00  -1E003M000  1.005
GLU-1A0010_030 -1.000 -2.65  2.51  0.21  0.00  0.06 0.545  00  -1E007M000  1.016
GLU-1A0010_031 -1.000 -4.06  0.85  0.73  0.00 -2.48 0.547  00  -1E00AM000  1.013
