   confID        vdw0    sas     sum
GLU01A0010_001   1.271  -4.653  -3.382
GLU01A0010_002   1.623  -4.850  -3.227
GLU01A0010_003   1.917  -5.066  -3.148
GLU01A0010_004   1.938  -4.713  -2.775
GLU01A0010_005   0.881  -4.935  -4.054
GLU01A0010_006   1.271  -4.653  -3.382
GLU01A0010_007   1.778  -4.752  -2.974
GLU01A0010_008   1.390  -4.862  -3.471
GLU01A0010_009   1.904  -4.582  -2.678
GLU01A0010_010   1.390  -4.862  -3.471
GLU01A0010_011   1.904  -4.582  -2.678
GLU01A0010_012   1.939  -4.713  -2.774
GLU01A0010_013   1.016  -4.819  -3.803
GLU02A0010_014   1.083  -4.627  -3.544
GLU02A0010_015   2.372  -5.046  -2.674
GLU02A0010_016   1.083  -4.627  -3.544
GLU02A0010_017   0.996  -5.005  -4.010
GLU02A0010_018   1.367  -4.764  -3.398
GLU02A0010_019   1.379  -4.778  -3.399
GLU02A0010_020   1.202  -4.949  -3.747
GLU02A0010_021   2.376  -4.509  -2.133
GLU02A0010_022   2.408  -4.742  -2.334
GLU02A0010_023   0.996  -4.915  -3.919
GLU02A0010_024   2.383  -4.535  -2.152
GLU02A0010_025   1.262  -4.941  -3.679
GLU02A0010_026   2.408  -4.742  -2.334
GLU-1A0010_027   0.983  -4.556  -3.573
GLU-1A0010_028   1.335  -4.750  -3.415
GLU-1A0010_029   1.142  -4.735  -3.593
GLU-1A0010_030   1.837  -4.487  -2.650
GLU-1A0010_031   0.825  -4.886  -4.060
