iConf CONFORMER     FL  occ    crg   Em0  pKa0 ne nH    vdw0    vdw1    tors    epol   dsolv   extra    history
00001 ARG01A0126_001 f 0.00  0.000     0  0.00  0  0 -13.046   0.174   1.015  -0.004  -0.183   0.000 01O000M000t
00002 ARG01A0126_002 f 0.00  0.000     0  0.00  0  0 -12.677   3.500   4.908   0.002  -0.181   0.000 01E016M000t
00003 ARG01A0126_003 f 0.00  0.000     0  0.00  0  0 -11.891   3.050   3.164   0.027  -0.178   0.000 01E021M000t
00004 ARG01A0126_004 f 0.00  0.000     0  0.00  0  0 -12.651   2.121   3.343   0.025  -0.180   0.000 01E02AM000t
00005 ARG01A0126_005 f 0.00  0.000     0  0.00  0  0 -13.639   0.262   0.870  -0.001  -0.186   0.000 01E041M000t
00006 ARG01A0126_006 f 0.00  0.000     0  0.00  0  0 -12.112   0.221   3.070  -0.008  -0.183   0.000 01E07BM000t
00007 ARG01A0126_007 f 0.00  0.000     0  0.00  0  0 -11.539   3.869   3.197  -0.005  -0.171   0.000 01E08BM000t
00008 ARG01A0126_008 f 0.00  0.000     0  0.00  0  0 -13.097   1.669   3.250  -0.004  -0.191   0.000 01E0A0M000t
00009 ARG01A0126_009 f 0.00  0.000     0  0.00  0  0 -11.175   1.235   3.731  -0.008  -0.180   0.000 01E0F6M000t
00010 ARG01A0126_010 f 0.00  0.000     0  0.00  0  0 -12.801   1.365   6.224  -0.016  -0.184   0.000 01E122M000t
00011 ARG01A0126_011 f 0.00  0.000     0  0.00  0  0 -11.645   1.270   5.404  -0.014  -0.180   0.000 01T03DM000t
00012 ARG01A0126_012 f 0.00  0.000     0  0.00  0  0 -13.047   1.387   1.735   0.007  -0.194   0.000 01T05CM000t
00013 ARG01A0126_013 f 0.00  0.000     0  0.00  0  0 -12.843   5.935   1.013   0.045  -0.175   0.000 01T05EM000t
00014 ARG01A0126_014 f 0.00  0.000     0  0.00  0  0 -13.486   4.943   3.007   0.005  -0.187   0.000 01T070M000t
00015 ARG01A0126_015 f 0.00  0.000     0  0.00  0  0 -13.153   0.447   4.712   0.014  -0.187   0.000 01T0C8M000t
00016 ARG01A0126_016 f 0.00  0.000     0  0.00  0  0 -12.204   1.126   4.117  -0.004  -0.183   0.000 01T0F7M000t
00017 ARG01A0126_017 f 0.00  0.000     0  0.00  0  0 -10.786   1.233   3.543   0.001  -0.183   0.000 01T10EM000t
00018 ARG01A0126_018 f 0.00  0.000     0  0.00  0  0 -11.662   3.686   1.357  -0.010  -0.179   0.000 01T120M000t
00019 ARG01A0126_019 f 0.00  0.000     0  0.00  0  0  -9.914   1.239   3.708  -0.024  -0.173   0.000 01T13AM000t
00020 ARG01A0126_020 f 0.00  0.000     0  0.00  0  0 -11.951   1.451   3.873  -0.022  -0.176   0.000 01T13BM000t
00021 ARG02A0126_021 f 0.00  0.000     0  0.00  0  0 -11.789   3.025   3.148   0.015  -0.153   0.000 02E021M000t
00022 ARG02A0126_022 f 0.00  0.000     0  0.00  0  0 -12.659   0.386   4.150   0.002  -0.169   0.000 02E0C8M000t
00023 ARG02A0126_023 f 0.00  0.000     0  0.00  0  0 -10.871   1.227   3.534   0.011  -0.161   0.000 02E10EM000t
00024 ARG02A0126_024 f 0.00  0.000     0  0.00  0  0 -12.048   1.517   3.693   0.016  -0.166   0.000 02E13BM000t
00025 ARG02A0126_025 f 0.00  0.000     0  0.00  0  0 -12.955   0.177   1.015  -0.001  -0.166   0.000 02O000M000t
00026 ARG02A0126_026 f 0.00  0.000     0  0.00  0  0 -12.352   3.313   4.704  -0.009  -0.157   0.000 02E016M000t
00027 ARG02A0126_027 f 0.00  0.000     0  0.00  0  0 -13.097   1.408   1.450   0.003  -0.177   0.000 02E05CM000t
00028 ARG02A0126_028 f 0.00  0.000     0  0.00  0  0 -11.073   1.101   3.721   0.005  -0.168   0.000 02E0F6M000t
00029 ARG02A0126_029 f 0.00  0.000     0  0.00  0  0 -12.516   2.524   3.159   0.029  -0.154   0.000 02T02AM000t
00030 ARG02A0126_030 f 0.00  0.000     0  0.00  0  0 -11.639   1.377   5.493   0.008  -0.159   0.000 02T03DM000t
00031 ARG02A0126_031 f 0.00  0.000     0  0.00  0  0 -13.094   1.950   2.881   0.008  -0.166   0.000 02T0A0M000t
00032 ARG02A0126_032 f 0.00  0.000     0  0.00  0  0 -12.165   1.178   3.522   0.001  -0.158   0.000 02T0F7M000t
00033 ARG02A0126_033 f 0.00  0.000     0  0.00  0  0 -11.669   4.657   1.254  -0.005  -0.158   0.000 02T120M000t
00034 ARG02A0126_034 f 0.00  0.000     0  0.00  0  0 -12.487   1.546   5.924  -0.001  -0.167   0.000 02T122M000t
00035 ARG02A0126_035 f 0.00  0.000     0  0.00  0  0 -12.978   5.079   0.998  -0.003  -0.167   0.000 02T05EM000t
00036 ARG02A0126_036 f 0.00  0.000     0  0.00  0  0 -12.902   2.956   3.105   0.017  -0.175   0.000 02T070M000t
00037 ARG02A0126_037 f 0.00  0.000     0  0.00  0  0 -13.589   0.253   0.607   0.004  -0.183   0.000 02T041M000t
00038 ARG02A0126_038 f 0.00  0.000     0  0.00  0  0 -12.250   0.217   3.081   0.003  -0.174   0.000 02T07BM000t
00039 ARG02A0126_039 f 0.00  0.000     0  0.00  0  0 -11.280   3.770   3.200  -0.004  -0.161   0.000 02T08BM000t
00040 ARG02A0126_040 f 0.00  0.000     0  0.00  0  0  -9.561   1.276   3.683  -0.015  -0.167   0.000 02T13AM000t
00041 ARG03A0126_041 f 0.00  0.000     0  0.00  0  0  -9.849   1.291   3.644  -0.018  -0.149   0.000 03E13AM000t
00042 ARG03A0126_042 f 0.00  0.000     0  0.00  0  0 -13.063   0.173   1.015  -0.001  -0.156   0.000 03O000M000t
00043 ARG03A0126_043 f 0.00  0.000     0  0.00  0  0 -13.114   1.406   1.413   0.012  -0.168   0.000 03E05CM000t
00044 ARG03A0126_044 f 0.00  0.000     0  0.00  0  0 -12.967   5.105   0.986   0.042  -0.155   0.000 03E05EM000t
00045 ARG03A0126_045 f 0.00  0.000     0  0.00  0  0 -12.327   0.218   3.070  -0.001  -0.163   0.000 03E07BM000t
00046 ARG03A0126_046 f 0.00  0.000     0  0.00  0  0 -11.124   1.108   3.711   0.004  -0.159   0.000 03E0F6M000t
00047 ARG03A0126_047 f 0.00  0.000     0  0.00  0  0 -11.520   3.817   3.181   0.006  -0.153   0.000 03T08BM000t
00048 ARG03A0126_048 f 0.00  0.000     0  0.00  0  0 -12.853   0.379   4.054   0.003  -0.165   0.000 03T0C8M000t
00049 ARG03A0126_049 f 0.00  0.000     0  0.00  0  0 -12.046   1.186   3.498  -0.001  -0.162   0.000 03T0F7M000t
00050 ARG03A0126_050 f 0.00  0.000     0  0.00  0  0 -11.023   1.235   3.537   0.010  -0.160   0.000 03T10EM000t
00051 ARG03A0126_051 f 0.00  0.000     0  0.00  0  0 -11.596   4.561   1.204  -0.007  -0.160   0.000 03T120M000t
00052 ARG03A0126_052 f 0.00  0.000     0  0.00  0  0 -12.565   3.287   4.575   0.003  -0.145   0.000 03T016M000t
00053 ARG03A0126_053 f 0.00  0.000     0  0.00  0  0 -12.616   3.057   3.080   0.002  -0.164   0.000 03T070M000t
00054 ARG03A0126_054 f 0.00  0.000     0  0.00  0  0 -13.032   1.961   2.860   0.002  -0.168   0.000 03T0A0M000t
00055 ARG03A0126_055 f 0.00  0.000     0  0.00  0  0 -11.941   3.014   3.149   0.026  -0.156   0.000 03T021M000t
00056 ARG03A0126_056 f 0.00  0.000     0  0.00  0  0 -12.424   2.512   3.172   0.028  -0.155   0.000 03T02AM000t
00057 ARG03A0126_057 f 0.00  0.000     0  0.00  0  0 -11.644   1.357   5.440  -0.003  -0.156   0.000 03T03DM000t
00058 ARG03A0126_058 f 0.00  0.000     0  0.00  0  0 -13.879   0.254   0.602   0.003  -0.165   0.000 03T041M000t
00059 ARG03A0126_059 f 0.00  0.000     0  0.00  0  0 -12.565   1.541   5.886  -0.008  -0.162   0.000 03T122M000t
00060 ARG03A0126_060 f 0.00  0.000     0  0.00  0  0 -11.984   1.524   3.634  -0.001  -0.169   0.000 03T13BM000t
00061 ARG+1A0126_061 f 0.00  1.000     0 12.50  0  1 -13.106   0.173   1.015   0.039  -0.830   0.000 +1O000M000t
00062 ARG+1A0126_062 f 0.00  1.000     0 12.50  0  1 -12.492   3.339   4.778   0.057  -0.832   0.000 +1E016M000t
00063 ARG+1A0126_063 f 0.00  1.000     0 12.50  0  1 -11.668   1.383   5.541   0.046  -0.827   0.000 +1E03DM000t
00064 ARG+1A0126_064 f 0.00  1.000     0 12.50  0  1 -12.187   0.219   3.072   0.050  -0.827   0.000 +1E07BM000t
00065 ARG+1A0126_065 f 0.00  1.000     0 12.50  0  1 -11.496   3.758   3.215   0.045  -0.831   0.000 +1E08BM000t
00066 ARG+1A0126_066 f 0.00  1.000     0 12.50  0  1 -13.139   1.953   2.876   0.057  -0.830   0.000 +1E0A0M000t
00067 ARG+1A0126_067 f 0.00  1.000     0 12.50  0  1 -11.264   1.084   3.715   0.079  -0.813   0.000 +1E0F6M000t
00068 ARG+1A0126_068 f 0.00  1.000     0 12.50  0  1 -10.798   1.238   3.534   0.049  -0.826   0.000 +1E10EM000t
00069 ARG+1A0126_069 f 0.00  1.000     0 12.50  0  1 -11.582   4.753   1.287   0.027  -0.828   0.000 +1E120M000t
00070 ARG+1A0126_070 f 0.00  1.000     0 12.50  0  1 -12.009   1.517   3.706   0.090  -0.799   0.000 +1E13BM000t
00071 ARG+1A0126_071 f 0.00  1.000     0 12.50  0  1 -11.959   2.990   3.156   0.033  -0.820   0.000 +1T021M000t
00072 ARG+1A0126_072 f 0.00  1.000     0 12.50  0  1 -12.532   2.637   3.167   0.108  -0.819   0.000 +1T02AM000t
00073 ARG+1A0126_073 f 0.00  1.000     0 12.50  0  1 -13.822   0.250   0.624   0.044  -0.830   0.000 +1T041M000t
00074 ARG+1A0126_074 f 0.00  1.000     0 12.50  0  1 -13.328   1.399   1.465   0.068  -0.823   0.000 +1T05CM000t
00075 ARG+1A0126_075 f 0.00  1.000     0 12.50  0  1 -12.862   5.010   1.015   0.126  -0.809   0.000 +1T05EM000t
00076 ARG+1A0126_076 f 0.00  1.000     0 12.50  0  1 -12.772   2.898   3.128  -0.039  -0.834   0.000 +1T070M000t
00077 ARG+1A0126_077 f 0.00  1.000     0 12.50  0  1 -12.969   0.384   4.155   0.001  -0.829   0.000 +1T0C8M000t
00078 ARG+1A0126_078 f 0.00  1.000     0 12.50  0  1 -12.216   1.178   3.521   0.072  -0.816   0.000 +1T0F7M000t
00079 ARG+1A0126_079 f 0.00  1.000     0 12.50  0  1 -12.468   1.547   5.920   0.001  -0.822   0.000 +1T122M000t
00080 ARG+1A0126_080 f 0.00  1.000     0 12.50  0  1  -9.735   1.277   3.692   0.068  -0.823   0.000 +1T13AM000t
