CONFORMER         crg  vdw0  vdw1  tors  epol  self   occ  Hb     history    ASA
ARG01A0126_001  0.000-13.05  0.07  1.02  0.00-11.96 0.502  00  01O000M000  1.000
ARG01A0126_002  0.000-12.68  3.44  4.91  0.00 -4.33 0.502  00  01E016M000  1.000
ARG01A0126_003  0.000-11.89  3.00  3.17  0.00 -5.73 0.502  00  01E021M000  1.000
ARG01A0126_004  0.000-12.65  2.07  3.35  0.00 -7.22 0.502  00  01E02AM000  1.000
ARG01A0126_005  0.000-13.63  0.16  0.87  0.00-12.60 0.501  00  01E041M000  1.000
ARG01A0126_006  0.000-12.13  0.12  3.07  0.00 -8.94 0.502  00  01E07BM000  1.000
ARG01A0126_007  0.000-11.54  3.82  3.20  0.00 -4.52 0.502  00  01E08BM000  1.000
ARG01A0126_008  0.000-13.09  1.62  3.24  0.00 -8.23 0.501  00  01E0A0M000  1.000
ARG01A0126_009  0.000-11.17  1.23  3.73  0.00 -6.21 0.502  00  01E0F6M000  1.000
ARG01A0126_010  0.000-12.80  1.36  6.22  0.00 -5.22 0.502  00  01E122M000  1.000
ARG01A0126_011  0.000-11.65  1.27  5.40  0.00 -4.97 0.501  00  01T03DM000  1.000
ARG01A0126_012  0.000-13.00  1.38  1.73  0.00 -9.89 0.501  00  01T05CM000  1.000
ARG01A0126_013  0.000-12.84  5.94  1.01  0.00 -5.89 0.502  00  01T05EM000  1.000
ARG01A0126_014  0.000-13.41  4.95  3.01  0.00 -5.45 0.502  00  01T070M000  1.000
ARG01A0126_015  0.000-13.15  0.39  4.71  0.00 -8.05 0.501  00  01T0C8M000  1.000
ARG01A0126_016  0.000-12.20  1.13  4.11  0.00 -6.97 0.502  00  01T0F7M000  1.000
ARG01A0126_017  0.000-10.79  1.23  3.54  0.00 -6.01 0.502  00  01T10EM000  1.000
ARG01A0126_018  0.000-11.66  3.68  1.36  0.00 -6.63 0.501  00  01T120M000  1.000
ARG01A0126_019  0.000 -9.91  1.24  3.71  0.00 -4.97 0.501  00  01T13AM000  1.000
ARG01A0126_020  0.000-11.95  1.45  3.88  0.00 -6.62 0.502  00  01T13BM000  1.000
ARG02A0126_021  0.000-11.79  2.97  3.15  0.00 -5.67 0.502  00  02E021M000  1.000
ARG02A0126_022  0.000-12.66  0.33  4.15  0.00 -8.18 0.501  00  02E0C8M000  1.000
ARG02A0126_023  0.000-10.86  1.23  3.53  0.00 -6.10 0.502  00  02E10EM000  1.000
ARG02A0126_024  0.000-12.04  1.51  3.69  0.00 -6.83 0.502  00  02E13BM000  1.000
ARG02A0126_025  0.000-12.96  0.08  1.02  0.00-11.87 0.502  00  02O000M000  1.000
ARG02A0126_026  0.000-12.40  3.25  4.70  0.00 -4.44 0.502  00  02E016M000  1.000
ARG02A0126_027  0.000-13.09  1.41  1.45  0.00-10.23 0.501  00  02E05CM000  1.000
ARG02A0126_028  0.000-11.08  1.10  3.72  0.00 -6.26 0.502  00  02E0F6M000  1.000
ARG02A0126_029  0.000-12.51  2.48  3.16  0.00 -6.88 0.502  00  02T02AM000  1.000
ARG02A0126_030  0.000-11.64  1.38  5.49  0.00 -4.77 0.501  00  02T03DM000  1.000
ARG02A0126_031  0.000-13.10  1.89  2.88  0.00 -8.32 0.501  00  02T0A0M000  1.000
ARG02A0126_032  0.000-12.17  1.18  3.52  0.00 -7.47 0.502  00  02T0F7M000  1.000
ARG02A0126_033  0.000-11.66  4.65  1.26  0.00 -5.76 0.501  00  02T120M000  1.000
ARG02A0126_034  0.000-12.49  1.54  5.92  0.00 -5.02 0.502  00  02T122M000  1.000
ARG02A0126_035  0.000-12.97  5.08  1.00  0.00 -6.90 0.502  00  02T05EM000  1.000
ARG02A0126_036  0.000-12.90  2.96  3.11  0.00 -6.84 0.502  00  02T070M000  1.000
ARG02A0126_037  0.000-13.59  0.15  0.61  0.00-12.83 0.501  00  02T041M000  1.000
ARG02A0126_038  0.000-12.25  0.12  3.08  0.00 -9.05 0.502  00  02T07BM000  1.000
ARG02A0126_039  0.000-11.28  3.72  3.20  0.00 -4.37 0.502  00  02T08BM000  1.000
ARG02A0126_040  0.000 -9.56  1.27  3.68  0.00 -4.60 0.501  00  02T13AM000  1.000
ARG03A0126_041  0.000 -9.86  1.28  3.64  0.00 -4.93 0.501  00  03E13AM000  1.000
ARG03A0126_042  0.000-13.06  0.07  1.02  0.00-11.98 0.502  00  03O000M000  1.000
ARG03A0126_043  0.000-13.11  1.40  1.41  0.00-10.29 0.501  00  03E05CM000  1.000
ARG03A0126_044  0.000-12.97  5.11  0.99  0.00 -6.87 0.502  00  03E05EM000  1.000
ARG03A0126_045  0.000-12.32  0.11  3.07  0.00 -9.13 0.502  00  03E07BM000  1.000
ARG03A0126_046  0.000-11.11  1.11  3.71  0.00 -6.29 0.502  00  03E0F6M000  1.000
ARG03A0126_047  0.000-11.59  3.76  3.18  0.00 -4.64 0.502  00  03T08BM000  1.000
ARG03A0126_048  0.000-12.85  0.32  4.06  0.00 -8.47 0.501  00  03T0C8M000  1.000
ARG03A0126_049  0.000-12.05  1.18  3.50  0.00 -7.36 0.502  00  03T0F7M000  1.000
ARG03A0126_050  0.000-11.03  1.24  3.54  0.00 -6.25 0.502  00  03T10EM000  1.000
ARG03A0126_051  0.000-11.59  4.56  1.21  0.00 -5.83 0.501  00  03T120M000  1.000
ARG03A0126_052  0.000-12.63  3.22  4.57  0.00 -4.83 0.502  00  03T016M000  1.000
ARG03A0126_053  0.000-12.61  3.06  3.08  0.00 -6.47 0.502  00  03T070M000  1.000
ARG03A0126_054  0.000-13.03  1.91  2.86  0.00 -8.26 0.501  00  03T0A0M000  1.000
ARG03A0126_055  0.000-11.95  2.97  3.15  0.00 -5.83 0.502  00  03T021M000  1.000
ARG03A0126_056  0.000-12.43  2.46  3.17  0.00 -6.80 0.502  00  03T02AM000  1.000
ARG03A0126_057  0.000-11.64  1.36  5.44  0.00 -4.84 0.501  00  03T03DM000  1.000
ARG03A0126_058  0.000-13.88  0.15  0.60  0.00-13.13 0.501  00  03T041M000  1.000
ARG03A0126_059  0.000-12.56  1.54  5.89  0.00 -5.14 0.502  00  03T122M000  1.000
ARG03A0126_060  0.000-11.98  1.52  3.63  0.00 -6.83 0.502  00  03T13BM000  1.000
ARG+1A0126_061  1.000-13.11  0.07  1.02  0.00-12.02 0.502  00  +1O000M000  1.000
ARG+1A0126_062  1.000-12.49  3.28  4.78  0.00 -4.42 0.502  00  +1E016M000  1.000
ARG+1A0126_063  1.000-11.67  1.38  5.54  0.00 -4.74 0.501  00  +1E03DM000  1.000
ARG+1A0126_064  1.000-12.19  0.12  3.07  0.00 -9.00 0.502  00  +1E07BM000  1.000
ARG+1A0126_065  1.000-11.50  3.71  3.22  0.00 -4.58 0.502  00  +1E08BM000  1.000
ARG+1A0126_066  1.000-13.14  1.90  2.88  0.00 -8.36 0.501  00  +1E0A0M000  1.000
ARG+1A0126_067  1.000-11.27  1.09  3.71  0.00 -6.47 0.502  00  +1E0F6M000  1.000
ARG+1A0126_068  1.000-10.79  1.23  3.53  0.00 -6.02 0.502  00  +1E10EM000  1.000
ARG+1A0126_069  1.000-11.59  4.76  1.29  0.00 -5.54 0.501  00  +1E120M000  1.000
ARG+1A0126_070  1.000-12.07  1.52  3.71  0.00 -6.85 0.502  00  +1E13BM000  1.000
ARG+1A0126_071  1.000-11.96  2.93  3.16  0.00 -5.86 0.502  00  +1T021M000  1.000
ARG+1A0126_072  1.000-12.54  2.59  3.17  0.00 -6.78 0.502  00  +1T02AM000  1.000
ARG+1A0126_073  1.000-13.82  0.15  0.62  0.00-13.04 0.501  00  +1T041M000  1.000
ARG+1A0126_074  1.000-13.33  1.40  1.47  0.00-10.46 0.501  00  +1T05CM000  1.000
ARG+1A0126_075  1.000-12.86  5.01  1.02  0.00 -6.83 0.502  00  +1T05EM000  1.000
ARG+1A0126_076  1.000-12.77  2.90  3.13  0.00 -6.75 0.502  00  +1T070M000  1.000
ARG+1A0126_077  1.000-12.97  0.33  4.16  0.00 -8.48 0.501  00  +1T0C8M000  1.000
ARG+1A0126_078  1.000-12.22  1.18  3.52  0.00 -7.52 0.502  00  +1T0F7M000  1.000
ARG+1A0126_079  1.000-12.47  1.54  5.92  0.00 -5.01 0.502  00  +1T122M000  1.000
ARG+1A0126_080  1.000 -9.73  1.27  3.69  0.00 -4.77 0.501  00  +1T13AM000  1.000
