   confID        vdw0    sas     sum
ARG01A0126_001   1.407 -14.453 -13.046
ARG01A0126_002   1.572 -14.248 -12.677
ARG01A0126_003   1.764 -13.656 -11.891
ARG01A0126_004   1.664 -14.315 -12.651
ARG01A0126_005   1.263 -14.901 -13.639
ARG01A0126_006   2.713 -14.825 -12.112
ARG01A0126_007   2.408 -13.947 -11.539
ARG01A0126_008   1.464 -14.561 -13.097
ARG01A0126_009   3.394 -14.569 -11.175
ARG01A0126_010   1.924 -14.724 -12.801
ARG01A0126_011   2.599 -14.245 -11.645
ARG01A0126_012   1.818 -14.866 -13.047
ARG01A0126_013   1.661 -14.504 -12.843
ARG01A0126_014   1.364 -14.850 -13.486
ARG01A0126_015   1.376 -14.530 -13.153
ARG01A0126_016   2.125 -14.329 -12.204
ARG01A0126_017   3.663 -14.449 -10.786
ARG01A0126_018   2.264 -13.926 -11.662
ARG01A0126_019   4.416 -14.330  -9.914
ARG01A0126_020   2.673 -14.624 -11.951
ARG02A0126_021   1.751 -13.540 -11.789
ARG02A0126_022   1.537 -14.195 -12.659
ARG02A0126_023   3.601 -14.472 -10.871
ARG02A0126_024   2.907 -14.955 -12.048
ARG02A0126_025   1.498 -14.453 -12.955
ARG02A0126_026   1.854 -14.205 -12.352
ARG02A0126_027   1.711 -14.808 -13.097
ARG02A0126_028   3.551 -14.624 -11.073
ARG02A0126_029   1.641 -14.157 -12.516
ARG02A0126_030   2.611 -14.250 -11.639
ARG02A0126_031   1.679 -14.774 -13.094
ARG02A0126_032   2.555 -14.720 -12.165
ARG02A0126_033   2.337 -14.006 -11.669
ARG02A0126_034   2.511 -14.997 -12.487
ARG02A0126_035   1.845 -14.823 -12.978
ARG02A0126_036   1.756 -14.658 -12.902
ARG02A0126_037   1.084 -14.673 -13.589
ARG02A0126_038   2.694 -14.944 -12.250
ARG02A0126_039   2.592 -13.873 -11.280
ARG02A0126_040   4.772 -14.333  -9.561
ARG03A0126_041   4.429 -14.278  -9.849
ARG03A0126_042   1.390 -14.453 -13.063
ARG03A0126_043   1.623 -14.737 -13.114
ARG03A0126_044   1.853 -14.819 -12.967
ARG03A0126_045   2.665 -14.992 -12.327
ARG03A0126_046   3.500 -14.624 -11.124
ARG03A0126_047   2.475 -13.995 -11.520
ARG03A0126_048   1.534 -14.388 -12.853
ARG03A0126_049   2.546 -14.592 -12.046
ARG03A0126_050   3.642 -14.664 -11.023
ARG03A0126_051   2.411 -14.006 -11.596
ARG03A0126_052   1.823 -14.389 -12.565
ARG03A0126_053   1.784 -14.401 -12.616
ARG03A0126_054   1.677 -14.710 -13.032
ARG03A0126_055   1.795 -13.736 -11.941
ARG03A0126_056   1.682 -14.106 -12.424
ARG03A0126_057   2.590 -14.234 -11.644
ARG03A0126_058   1.013 -14.892 -13.879
ARG03A0126_059   2.481 -15.046 -12.565
ARG03A0126_060   2.708 -14.691 -11.984
ARG+1A0126_061   1.347 -14.453 -13.106
ARG+1A0126_062   1.777 -14.270 -12.492
ARG+1A0126_063   2.579 -14.247 -11.668
ARG+1A0126_064   2.638 -14.825 -12.187
ARG+1A0126_065   2.492 -13.988 -11.496
ARG+1A0126_066   1.634 -14.774 -13.139
ARG+1A0126_067   3.476 -14.740 -11.264
ARG+1A0126_068   3.606 -14.404 -10.798
ARG+1A0126_069   2.360 -13.942 -11.582
ARG+1A0126_070   2.879 -14.888 -12.009
ARG+1A0126_071   1.761 -13.720 -11.959
ARG+1A0126_072   1.638 -14.170 -12.532
ARG+1A0126_073   0.963 -14.786 -13.822
ARG+1A0126_074   1.609 -14.937 -13.328
ARG+1A0126_075   1.829 -14.691 -12.862
ARG+1A0126_076   1.745 -14.516 -12.772
ARG+1A0126_077   1.519 -14.488 -12.969
ARG+1A0126_078   2.504 -14.720 -12.216
ARG+1A0126_079   2.465 -14.933 -12.468
ARG+1A0126_080   4.663 -14.397  -9.735
