iConf CONFORMER     FL  occ    crg   Em0  pKa0 ne nH    vdw0    vdw1    tors    epol   dsolv   extra    history
00001 TYR01A0054_001 f 0.00  0.000     0  0.00  0  0 -10.070   0.006   0.021   0.004  -0.113   0.000 01O000M000t
00002 TYR01A0054_002 f 0.00  0.000     0  0.00  0  0 -10.606   5.934   0.035   0.012  -0.114   0.000 01E005M000t
00003 TYR01A0054_003 f 0.00  0.000     0  0.00  0  0  -9.873   0.010   0.020   0.006  -0.110   0.000 01E006M000t
00004 TYR01A0054_004 f 0.00  0.000     0  0.00  0  0 -10.301   0.276   0.020   0.006  -0.106   0.000 01E009M000t
00005 TYR01A0054_005 f 0.00  0.000     0  0.00  0  0 -10.084   6.001   0.027   0.074  -0.105   0.000 01E00BM000t
00006 TYR01A0054_006 f 0.00  0.000     0  0.00  0  0  -9.693   6.656   0.022   0.080  -0.105   0.000 01E00CM000t
00007 TYR01A0054_007 f 0.00  0.000     0  0.00  0  0  -9.141   0.653   2.777   0.010  -0.110   0.000 01E00EM000t
00008 TYR01A0054_008 f 0.00  0.000     0  0.00  0  0 -10.070   0.006   0.021   0.006  -0.111   0.000 01O000M000t
00009 TYR01A0054_009 f 0.00  0.000     0  0.00  0  0  -9.498   5.784   2.781   0.050  -0.107   0.000 01T003M000t
00010 TYR01A0054_010 f 0.00  0.000     0  0.00  0  0 -10.510   2.422   2.778   0.010  -0.108   0.000 01T008M000t
00011 TYR01A0054_011 f 0.00  0.000     0  0.00  0  0  -9.436   0.557   2.776   0.004  -0.110   0.000 01T004M000t
00012 TYR01A0054_012 f 0.00  0.000     0  0.00  0  0 -10.351   2.457   2.777   0.010  -0.108   0.000 01T001M000t
00013 TYR01A0054_013 f 0.00  0.000     0  0.00  0  0  -9.850   0.188   0.021   0.007  -0.107   0.000 01T002M000t
00014 TYR01A0054_014 f 0.00  0.000     0  0.00  0  0 -10.316   7.509   0.029   0.013  -0.124   0.000 01T007M000t
00015 TYR01A0054_015 f 0.00  0.000     0  0.00  0  0 -10.111   2.120   2.780   0.035  -0.115   0.000 01T00FM000t
00016 TYR01A0054_016 f 0.00  0.000     0  0.00  0  0  -9.389   5.617   2.780   0.050  -0.107   0.000 01T00AM000t
00017 TYR01A0054_017 f 0.00  0.000     0  0.00  0  0 -10.127   1.827   2.778   0.030  -0.111   0.000 01T00DM000t
00018 TYR-1A0054_018 f 0.00 -1.000     0 10.20  0 -1 -10.070   0.006   0.021  -0.057  -0.976   0.000 -1O000M000t
00019 TYR-1A0054_019 f 0.00 -1.000     0 10.20  0 -1  -9.438   0.566   2.776   0.001  -0.984   0.000 -1E004M000t
00020 TYR-1A0054_020 f 0.00 -1.000     0 10.20  0 -1 -10.604   5.895   0.037  -0.053  -0.982   0.000 -1E005M000t
00021 TYR-1A0054_021 f 0.00 -1.000     0 10.20  0 -1  -9.863   0.011   0.020  -0.057  -0.978   0.000 -1E006M000t
00022 TYR-1A0054_022 f 0.00 -1.000     0 10.20  0 -1 -10.499   2.427   2.778  -0.057  -0.974   0.000 -1E008M000t
00023 TYR-1A0054_023 f 0.00 -1.000     0 10.20  0 -1 -10.017   5.946   0.026   0.167  -0.967   0.000 -1E00BM000t
00024 TYR-1A0054_024 f 0.00 -1.000     0 10.20  0 -1 -10.183   1.887   2.778   0.025  -0.980   0.000 -1E00DM000t
00025 TYR-1A0054_025 f 0.00 -1.000     0 10.20  0 -1  -9.140   0.649   2.776   0.001  -0.982   0.000 -1E00EM000t
00026 TYR-1A0054_026 f 0.00 -1.000     0 10.20  0 -1 -10.125   2.173   2.780   0.026  -0.983   0.000 -1E00FM000t
00027 TYR-1A0054_027 f 0.00 -1.000     0 10.20  0 -1 -10.341   2.460   2.777  -0.058  -0.974   0.000 -1T001M000t
00028 TYR-1A0054_028 f 0.00 -1.000     0 10.20  0 -1  -9.847   0.191   0.021  -0.031  -0.977   0.000 -1T002M000t
00029 TYR-1A0054_029 f 0.00 -1.000     0 10.20  0 -1  -9.486   5.751   2.781   0.088  -0.965   0.000 -1T003M000t
00030 TYR-1A0054_030 f 0.00 -1.000     0 10.20  0 -1 -10.420   7.482   0.029  -0.053  -0.979   0.000 -1T007M000t
00031 TYR-1A0054_031 f 0.00 -1.000     0 10.20  0 -1 -10.198   0.223   0.020  -0.030  -0.976   0.000 -1T009M000t
00032 TYR-1A0054_032 f 0.00 -1.000     0 10.20  0 -1  -9.450   5.586   2.781   0.086  -0.962   0.000 -1T00AM000t
00033 TYR-1A0054_033 f 0.00 -1.000     0 10.20  0 -1 -10.000   6.487   0.022   0.170  -0.964   0.000 -1T00CM000t
