CONFORMER         crg  vdw0  vdw1  tors  epol  self   occ  Hb     history    ASA
TYR01A0054_001  0.000-10.07  0.01  0.02  0.00-10.04 0.532  00  01O000M000  1.000
TYR01A0054_002  0.000-10.60  5.92  0.04  0.00 -4.64 0.533  00  01E005M000  1.000
TYR01A0054_003  0.000 -9.87  0.01  0.02  0.00 -9.84 0.532  00  01E006M000  1.000
TYR01A0054_004  0.000-10.20  0.27  0.02  0.00 -9.91 0.530  00  01E009M000  1.000
TYR01A0054_005  0.000-10.08  6.00  0.03  0.00 -4.06 0.530  00  01E00BM000  1.000
TYR01A0054_006  0.000 -9.69  6.64  0.02  0.00 -3.03 0.533  00  01E00CM000  1.000
TYR01A0054_007  0.000 -9.14  0.65  2.78  0.00 -5.71 0.530  00  01E00EM000  1.000
TYR01A0054_008  0.000-10.07  0.01  0.02  0.00-10.04 0.532  00  01O000M000  1.000
TYR01A0054_009  0.000 -9.49  5.78  2.78  0.00 -0.94 0.530  00  01T003M000  1.000
TYR01A0054_010  0.000-10.51  2.43  2.78  0.00 -5.31 0.529  00  01T008M000  1.000
TYR01A0054_011  0.000 -9.43  0.56  2.78  0.00 -6.10 0.529  00  01T004M000  1.000
TYR01A0054_012  0.000-10.35  2.45  2.78  0.00 -5.12 0.530  00  01T001M000  1.000
TYR01A0054_013  0.000 -9.85  0.19  0.02  0.00 -9.64 0.532  00  01T002M000  1.000
TYR01A0054_014  0.000-10.37  7.51  0.03  0.00 -2.83 0.530  00  01T007M000  1.000
TYR01A0054_015  0.000-10.12  2.11  2.78  0.00 -5.22 0.533  00  01T00FM000  1.000
TYR01A0054_016  0.000 -9.45  5.60  2.78  0.00 -1.07 0.532  00  01T00AM000  1.000
TYR01A0054_017  0.000-10.05  1.82  2.78  0.00 -5.45 0.533  00  01T00DM000  1.000
TYR-1A0054_018 -1.000-10.07  0.01  0.02  0.00-10.04 0.532  00  -1O000M000  1.000
TYR-1A0054_019 -1.000 -9.43  0.56  2.78  0.00 -6.10 0.529  00  -1E004M000  1.000
TYR-1A0054_020 -1.000-10.60  5.90  0.04  0.00 -4.66 0.533  00  -1E005M000  1.000
TYR-1A0054_021 -1.000 -9.87  0.01  0.02  0.00 -9.84 0.532  00  -1E006M000  1.000
TYR-1A0054_022 -1.000-10.50  2.43  2.78  0.00 -5.29 0.529  00  -1E008M000  1.000
TYR-1A0054_023 -1.000-10.01  5.94  0.03  0.00 -4.05 0.530  00  -1E00BM000  1.000
TYR-1A0054_024 -1.000-10.19  1.89  2.78  0.00 -5.52 0.533  00  -1E00DM000  1.000
TYR-1A0054_025 -1.000 -9.14  0.65  2.78  0.00 -5.71 0.530  00  -1E00EM000  1.000
TYR-1A0054_026 -1.000-10.17  2.17  2.78  0.00 -5.23 0.533  00  -1E00FM000  1.000
TYR-1A0054_027 -1.000-10.35  2.46  2.78  0.00 -5.11 0.530  00  -1T001M000  1.000
TYR-1A0054_028 -1.000 -9.85  0.19  0.02  0.00 -9.64 0.532  00  -1T002M000  1.000
TYR-1A0054_029 -1.000 -9.49  5.76  2.78  0.00 -0.95 0.530  00  -1T003M000  1.000
TYR-1A0054_030 -1.000-10.31  7.49  0.03  0.00 -2.79 0.530  00  -1T007M000  1.000
TYR-1A0054_031 -1.000-10.20  0.23  0.02  0.00 -9.95 0.530  00  -1T009M000  1.000
TYR-1A0054_032 -1.000 -9.45  5.58  2.78  0.00 -1.09 0.532  00  -1T00AM000  1.000
TYR-1A0054_033 -1.000-10.00  6.50  0.02  0.00 -3.49 0.533  00  -1T00CM000  1.000
