   confID        vdw0    sas     sum
TYR01A0054_001   4.327 -14.397 -10.070
TYR01A0054_002   3.958 -14.564 -10.606
TYR01A0054_003   4.298 -14.171  -9.873
TYR01A0054_004   4.318 -14.619 -10.301
TYR01A0054_005   4.240 -14.324 -10.084
TYR01A0054_006   4.172 -13.865  -9.693
TYR01A0054_007   4.301 -13.442  -9.141
TYR01A0054_008   4.327 -14.397 -10.070
TYR01A0054_009   4.352 -13.850  -9.498
TYR01A0054_010   4.322 -14.832 -10.510
TYR01A0054_011   4.325 -13.761  -9.436
TYR01A0054_012   4.337 -14.688 -10.351
TYR01A0054_013   4.337 -14.187  -9.850
TYR01A0054_014   3.942 -14.258 -10.316
TYR01A0054_015   4.174 -14.285 -10.111
TYR01A0054_016   4.319 -13.709  -9.389
TYR01A0054_017   4.224 -14.350 -10.127
TYR-1A0054_018   4.327 -14.397 -10.070
TYR-1A0054_019   4.323 -13.761  -9.438
TYR-1A0054_020   3.960 -14.564 -10.604
TYR-1A0054_021   4.307 -14.171  -9.863
TYR-1A0054_022   4.317 -14.816 -10.499
TYR-1A0054_023   4.240 -14.256 -10.017
TYR-1A0054_024   4.235 -14.418 -10.183
TYR-1A0054_025   4.302 -13.442  -9.140
TYR-1A0054_026   4.160 -14.285 -10.125
TYR-1A0054_027   4.347 -14.688 -10.341
TYR-1A0054_028   4.340 -14.187  -9.847
TYR-1A0054_029   4.364 -13.850  -9.486
TYR-1A0054_030   3.941 -14.361 -10.420
TYR-1A0054_031   4.320 -14.518 -10.198
TYR-1A0054_032   4.326 -13.776  -9.450
TYR-1A0054_033   4.186 -14.185 -10.000
