CONFORMER         crg  vdw0  vdw1  tors  epol  self   occ  Hb     history    ASA
GLU01A0067_001  0.000 -2.95  0.28  4.54  0.00  1.87 0.520  00  01O000M000  1.006
GLU01A0067_002  0.000 -2.78  1.17  3.94  0.00  2.33 0.520  00  01E002M000  1.008
GLU01A0067_003  0.000 -2.95  0.28  1.82  0.00 -0.85 0.520  00  01O000M000  1.006
GLU01A0067_004  0.000 -3.65  1.22  1.18  0.00 -1.25 0.520  00  01E00CM000  1.046
GLU01A0067_005  0.000 -3.00  1.36  3.88  0.00  2.24 0.518  00  01T001M000  1.006
GLU01A0067_006  0.000 -3.89  0.19  4.35  0.00  0.65 0.518  00  01T006M000  1.003
GLU01A0067_007  0.000 -4.34  1.55  5.22  0.00  2.43 0.522  00  01T011M000  1.000
GLU01A0067_008  0.000 -4.31  0.11  5.12  0.00  0.92 0.521  00  01T013M000  1.003
GLU01A0067_009  0.000 -4.02  0.94  4.13  0.00  1.06 0.520  00  01T015M000  1.000
GLU01A0067_010  0.000 -3.37  1.35  3.91  0.00  1.88 0.521  00  01T008M000  1.018
GLU01A0067_011  0.000 -3.65  1.22  3.90  0.00  1.48 0.520  00  01T00CM000  1.046
GLU01A0067_012  0.000 -4.38  2.52  4.65  0.00  2.79 0.520  00  01T014M000  1.008
GLU01A0067_013  0.000 -3.92  1.39  4.15  0.00  1.63 0.520  00  01T016M000  1.011
GLU01A0067_014  0.000 -4.01  1.37  4.26  0.00  1.62 0.519  00  01T017M000  1.003
GLU01A0067_015  0.000 -4.21 -0.18  4.46  0.00  0.06 0.523  00  01T018M000  1.034
GLU01A0067_016  0.000 -2.78  1.17  1.22  0.00 -0.39 0.520  00  01T002M000  1.008
GLU01A0067_017  0.000 -4.34  1.55  2.50  0.00 -0.29 0.522  00  01T011M000  1.000
GLU01A0067_018  0.000 -3.93  1.37  1.44  0.00 -1.12 0.520  00  01T016M000  1.014
GLU01A0067_019  0.000 -3.37  1.35  1.19  0.00 -0.84 0.521  00  01T008M000  1.018
GLU01A0067_020  0.000 -3.98  1.76  1.58  0.00 -0.64 0.520  00  01T00EM000  1.062
GLU01A0067_021  0.000 -4.26  0.14  2.43  0.00 -1.69 0.521  00  01T013M000  1.003
GLU01A0067_022  0.000 -4.47  2.52  1.93  0.00 -0.02 0.520  00  01T014M000  1.027
GLU01A0067_023  0.000 -4.07  1.37  1.54  0.00 -1.16 0.519  00  01T017M000  1.016
GLU01A0067_024  0.000 -4.21 -0.18  1.74  0.00 -2.66 0.523  00  01T018M000  1.034
GLU02A0067_025  0.000 -3.34  0.28  4.54  0.00  1.48 0.520  00  02O000M000  1.019
GLU02A0067_026  0.000 -3.52  1.20  3.94  0.00  1.61 0.520  00  02E00CM000  1.062
GLU02A0067_027  0.000 -3.76  1.76  4.36  0.00  2.36 0.520  00  02E00EM000  1.050
GLU02A0067_028  0.000 -3.96  1.51  4.27  0.00  1.81 0.519  00  02E017M000  1.003
GLU02A0067_029  0.000 -3.34  0.28  1.82  0.00 -1.24 0.520  00  02O000M000  1.019
GLU02A0067_030  0.000 -3.15  1.36  1.20  0.00 -0.60 0.521  00  02E008M000  1.014
GLU02A0067_031  0.000 -3.67  0.18  4.34  0.00  0.85 0.518  00  02T006M000  1.003
GLU02A0067_032  0.000 -3.28  1.32  3.92  0.00  1.96 0.521  00  02T008M000  1.014
GLU02A0067_033  0.000 -4.01  1.17  4.48  0.00  1.64 0.520  00  02T009M000  1.000
GLU02A0067_034  0.000 -3.64 -0.04  4.53  0.00  0.86 0.521  00  02T012M000  1.017
GLU02A0067_035  0.000 -3.91  1.51  4.14  0.00  1.73 0.520  00  02T016M000  1.008
GLU02A0067_036  0.000 -4.38 -0.21  4.44  0.00 -0.15 0.523  00  02T018M000  1.026
GLU02A0067_037  0.000 -4.22  1.39  4.70  0.00  1.87 0.520  00  02T00BM000  1.031
GLU02A0067_038  0.000 -4.17  1.59  4.32  0.00  1.74 0.517  00  02T00DM000  1.062
GLU02A0067_039  0.000 -4.54 -0.01  4.73  0.00  0.17 0.517  00  02T00FM000  1.072
GLU02A0067_040  0.000 -4.33  1.71  5.15  0.00  2.53 0.522  00  02T011M000  1.000
GLU02A0067_041  0.000 -4.51  0.13  5.10  0.00  0.72 0.521  00  02T013M000  1.003
GLU02A0067_042  0.000 -3.82  1.01  4.09  0.00  1.28 0.520  00  02T015M000  1.003
GLU02A0067_043  0.000 -4.68 -0.01  2.08  0.00 -2.61 0.517  00  02T00FM000  1.098
GLU02A0067_044  0.000 -3.67 -0.04  1.81  0.00 -1.90 0.521  00  02T012M000  1.025
GLU02A0067_045  0.000 -3.91  1.51  1.42  0.00 -0.99 0.520  00  02T016M000  1.008
GLU02A0067_046  0.000 -3.19  1.18  1.22  0.00 -0.79 0.520  00  02T002M000  1.008
GLU02A0067_047  0.000 -4.22  1.39  1.98  0.00 -0.85 0.520  00  02T00BM000  1.031
GLU02A0067_048  0.000 -4.17  1.59  1.60  0.00 -0.98 0.517  00  02T00DM000  1.062
GLU02A0067_049  0.000 -4.59  0.13  2.38  0.00 -2.08 0.521  00  02T013M000  1.018
GLU02A0067_050  0.000 -3.82  1.01  1.37  0.00 -1.44 0.520  00  02T015M000  1.003
GLU02A0067_051  0.000 -3.97  1.54  1.56  0.00 -0.88 0.519  00  02T017M000  1.003
GLU02A0067_052  0.000 -4.35 -0.17  1.67  0.00 -2.86 0.523  00  02T018M000  1.043
GLU-1A0067_053 -1.000 -3.20  0.29  1.82  0.00 -1.09 0.520  00  -1O000M000  1.006
GLU-1A0067_054 -1.000 -3.16  1.25  1.16  0.00 -0.75 0.520  00  -1E003M000  1.000
GLU-1A0067_055 -1.000 -3.42  1.31  1.16  0.00 -0.95 0.521  00  -1E008M000  1.015
GLU-1A0067_056 -1.000 -4.27  1.61  1.64  0.00 -1.02 0.517  00  -1E00DM000  1.054
GLU-1A0067_057 -1.000 -4.52 -0.01  2.01  0.00 -2.51 0.517  00  -1E00FM000  1.076
GLU-1A0067_058 -1.000 -4.22  1.47  2.44  0.00 -0.32 0.522  00  -1E011M000  1.000
GLU-1A0067_059 -1.000 -4.40  0.11  2.37  0.00 -1.92 0.521  00  -1E013M000  1.000
GLU-1A0067_060 -1.000 -4.50  2.09  1.91  0.00 -0.49 0.520  00  -1E014M000  1.013
GLU-1A0067_061 -1.000 -3.99  1.43  1.39  0.00 -1.17 0.520  00  -1E016M000  1.006
GLU-1A0067_062 -1.000 -4.06  1.34  1.51  0.00 -1.21 0.519  00  -1E017M000  1.003
GLU-1A0067_063 -1.000 -4.31 -0.18  1.70  0.00 -2.79 0.523  00  -1E018M000  1.033
