iConf CONFORMER     FL  occ    crg   Em0  pKa0 ne nH    vdw0    vdw1    tors    epol   dsolv   extra    history
00001 GLU01A0067_001 f 0.00  0.000     0  0.00  0  0  -2.948   0.274   4.538   0.078  -2.147   0.000 01O000M000t
00002 GLU01A0067_002 f 0.00  0.000     0  0.00  0  0  -2.779   1.166   3.941   0.077  -2.144   0.000 01E002M000t
00003 GLU01A0067_003 f 0.00  0.000     0  0.00  0  0  -2.948   0.274   1.818   0.026  -1.601   0.000 01O000M000t
00004 GLU01A0067_004 f 0.00  0.000     0  0.00  0  0  -3.651   1.219   1.185   0.053  -1.556   0.000 01E00CM000t
00005 GLU01A0067_005 f 0.00  0.000     0  0.00  0  0  -2.997   1.355   3.884   0.070  -2.146   0.000 01T001M000t
00006 GLU01A0067_006 f 0.00  0.000     0  0.00  0  0  -3.889   0.189   4.349   0.025  -2.404   0.000 01T006M000t
00007 GLU01A0067_007 f 0.00  0.000     0  0.00  0  0  -4.345   1.547   5.224   0.196  -2.125   0.000 01T011M000t
00008 GLU01A0067_008 f 0.00  0.000     0  0.00  0  0  -4.316   0.113   5.120   0.095  -2.244   0.000 01T013M000t
00009 GLU01A0067_009 f 0.00  0.000     0  0.00  0  0  -4.015   0.944   4.130   0.139  -2.295   0.000 01T015M000t
00010 GLU01A0067_010 f 0.00  0.000     0  0.00  0  0  -3.377   1.351   3.909   0.038  -2.398   0.000 01T008M000t
00011 GLU01A0067_011 f 0.00  0.000     0  0.00  0  0  -3.651   1.219   3.905   0.071  -2.381   0.000 01T00CM000t
00012 GLU01A0067_012 f 0.00  0.000     0  0.00  0  0  -4.376   2.527   4.647   0.583  -2.035   0.000 01T014M000t
00013 GLU01A0067_013 f 0.00  0.000     0  0.00  0  0  -3.916   1.391   4.154   0.183  -2.308   0.000 01T016M000t
00014 GLU01A0067_014 f 0.00  0.000     0  0.00  0  0  -4.009   1.372   4.263   0.072  -2.350   0.000 01T017M000t
00015 GLU01A0067_015 f 0.00  0.000     0  0.00  0  0  -4.212  -0.183   4.456   0.162  -2.235   0.000 01T018M000t
00016 GLU01A0067_016 f 0.00  0.000     0  0.00  0  0  -2.780   1.168   1.221   0.031  -1.525   0.000 01T002M000t
00017 GLU01A0067_017 f 0.00  0.000     0  0.00  0  0  -4.345   1.547   2.504   0.043  -1.558   0.000 01T011M000t
00018 GLU01A0067_018 f 0.00  0.000     0  0.00  0  0  -3.932   1.369   1.439   0.140  -1.494   0.000 01T016M000t
00019 GLU01A0067_019 f 0.00  0.000     0  0.00  0  0  -3.377   1.351   1.189   0.021  -1.551   0.000 01T008M000t
00020 GLU01A0067_020 f 0.00  0.000     0  0.00  0  0  -3.978   1.754   1.580   0.048  -1.563   0.000 01T00EM000t
00021 GLU01A0067_021 f 0.00  0.000     0  0.00  0  0  -4.264   0.144   2.427   0.088  -1.523   0.000 01T013M000t
00022 GLU01A0067_022 f 0.00  0.000     0  0.00  0  0  -4.466   2.527   1.927  -0.012  -1.603   0.000 01T014M000t
00023 GLU01A0067_023 f 0.00  0.000     0  0.00  0  0  -4.073   1.372   1.543   0.028  -1.483   0.000 01T017M000t
00024 GLU01A0067_024 f 0.00  0.000     0  0.00  0  0  -4.212  -0.183   1.736   0.099  -1.551   0.000 01T018M000t
00025 GLU02A0067_025 f 0.00  0.000     0  0.00  0  0  -3.340   0.282   4.538   0.033  -2.381   0.000 02O000M000t
00026 GLU02A0067_026 f 0.00  0.000     0  0.00  0  0  -3.517   1.197   3.936   0.092  -2.213   0.000 02E00CM000t
00027 GLU02A0067_027 f 0.00  0.000     0  0.00  0  0  -3.757   1.764   4.358   0.091  -2.236   0.000 02E00EM000t
00028 GLU02A0067_028 f 0.00  0.000     0  0.00  0  0  -3.961   1.506   4.267   0.304  -2.191   0.000 02E017M000t
00029 GLU02A0067_029 f 0.00  0.000     0  0.00  0  0  -3.340   0.282   1.818   0.021  -1.544   0.000 02O000M000t
00030 GLU02A0067_030 f 0.00  0.000     0  0.00  0  0  -3.151   1.353   1.198   0.026  -1.572   0.000 02E008M000t
00031 GLU02A0067_031 f 0.00  0.000     0  0.00  0  0  -3.669   0.176   4.341   0.076  -2.216   0.000 02T006M000t
00032 GLU02A0067_032 f 0.00  0.000     0  0.00  0  0  -3.285   1.327   3.924   0.079  -2.203   0.000 02T008M000t
00033 GLU02A0067_033 f 0.00  0.000     0  0.00  0  0  -4.016   1.166   4.484   0.054  -2.420   0.000 02T009M000t
00034 GLU02A0067_034 f 0.00  0.000     0  0.00  0  0  -3.633  -0.034   4.535   0.154  -2.099   0.000 02T012M000t
00035 GLU02A0067_035 f 0.00  0.000     0  0.00  0  0  -3.911   1.506   4.140   0.179  -2.194   0.000 02T016M000t
00036 GLU02A0067_036 f 0.00  0.000     0  0.00  0  0  -4.377  -0.215   4.443   0.039  -2.225   0.000 02T018M000t
00037 GLU02A0067_037 f 0.00  0.000     0  0.00  0  0  -4.222   1.388   4.700   0.070  -2.335   0.000 02T00BM000t
00038 GLU02A0067_038 f 0.00  0.000     0  0.00  0  0  -4.206   1.587   4.322   0.039  -2.343   0.000 02T00DM000t
00039 GLU02A0067_039 f 0.00  0.000     0  0.00  0  0  -4.540  -0.013   4.726   0.043  -2.437   0.000 02T00FM000t
00040 GLU02A0067_040 f 0.00  0.000     0  0.00  0  0  -4.326   1.707   5.149   0.072  -2.320   0.000 02T011M000t
00041 GLU02A0067_041 f 0.00  0.000     0  0.00  0  0  -4.513   0.127   5.099   0.043  -2.409   0.000 02T013M000t
00042 GLU02A0067_042 f 0.00  0.000     0  0.00  0  0  -3.817   1.009   4.089   0.109  -2.224   0.000 02T015M000t
00043 GLU02A0067_043 f 0.00  0.000     0  0.00  0  0  -4.676  -0.014   2.086   0.030  -1.578   0.000 02T00FM000t
00044 GLU02A0067_044 f 0.00  0.000     0  0.00  0  0  -3.672  -0.034   1.815   0.052  -1.523   0.000 02T012M000t
00045 GLU02A0067_045 f 0.00  0.000     0  0.00  0  0  -3.911   1.506   1.420   0.119  -1.510   0.000 02T016M000t
00046 GLU02A0067_046 f 0.00  0.000     0  0.00  0  0  -3.185   1.178   1.222   0.030  -1.541   0.000 02T002M000t
00047 GLU02A0067_047 f 0.00  0.000     0  0.00  0  0  -4.222   1.388   1.980   0.052  -1.532   0.000 02T00BM000t
00048 GLU02A0067_048 f 0.00  0.000     0  0.00  0  0  -4.206   1.587   1.602   0.046  -1.521   0.000 02T00DM000t
00049 GLU02A0067_049 f 0.00  0.000     0  0.00  0  0  -4.590   0.127   2.379   0.053  -1.515   0.000 02T013M000t
00050 GLU02A0067_050 f 0.00  0.000     0  0.00  0  0  -3.817   1.009   1.369   0.046  -1.515   0.000 02T015M000t
00051 GLU02A0067_051 f 0.00  0.000     0  0.00  0  0  -3.971   1.531   1.560   0.030  -1.510   0.000 02T017M000t
00052 GLU02A0067_052 f 0.00  0.000     0  0.00  0  0  -4.352  -0.176   1.667   0.074  -1.537   0.000 02T018M000t
00053 GLU-1A0067_053 f 0.00 -1.000     0  4.75  0 -1  -3.198   0.291   1.818  -0.074 -13.252   0.000 -1O000M000t
00054 GLU-1A0067_054 f 0.00 -1.000     0  4.75  0 -1  -3.163   1.251   1.166  -0.086 -13.241   0.000 -1E003M000t
00055 GLU-1A0067_055 f 0.00 -1.000     0  4.75  0 -1  -3.425   1.310   1.164  -0.083 -13.240   0.000 -1E008M000t
00056 GLU-1A0067_056 f 0.00 -1.000     0  4.75  0 -1  -4.268   1.606   1.646  -0.070 -13.254   0.000 -1E00DM000t
00057 GLU-1A0067_057 f 0.00 -1.000     0  4.75  0 -1  -4.519  -0.008   2.015  -0.070 -13.258   0.000 -1E00FM000t
00058 GLU-1A0067_058 f 0.00 -1.000     0  4.75  0 -1  -4.225   1.468   2.436  -0.094 -13.088   0.000 -1E011M000t
00059 GLU-1A0067_059 f 0.00 -1.000     0  4.75  0 -1  -4.406   0.109   2.369  -0.285 -12.978   0.000 -1E013M000t
00060 GLU-1A0067_060 f 0.00 -1.000     0  4.75  0 -1  -4.496   2.094   1.912  -0.301 -13.058   0.000 -1E014M000t
00061 GLU-1A0067_061 f 0.00 -1.000     0  4.75  0 -1  -3.991   1.432   1.389  -0.202 -12.994   0.000 -1E016M000t
00062 GLU-1A0067_062 f 0.00 -1.000     0  4.75  0 -1  -4.060   1.341   1.514   0.045 -12.892   0.000 -1E017M000t
00063 GLU-1A0067_063 f 0.00 -1.000     0  4.75  0 -1  -4.308  -0.186   1.698  -0.090 -13.037   0.000 -1E018M000t
