   confID        vdw0    sas     sum
GLU01A0067_001   1.668  -4.616  -2.948
GLU01A0067_002   1.777  -4.556  -2.779
GLU01A0067_003   1.668  -4.616  -2.948
GLU01A0067_004   1.102  -4.753  -3.651
GLU01A0067_005   1.622  -4.619  -2.997
GLU01A0067_006   0.789  -4.678  -3.889
GLU01A0067_007   0.343  -4.687  -4.345
GLU01A0067_008   0.396  -4.711  -4.316
GLU01A0067_009   0.772  -4.786  -4.015
GLU01A0067_010   1.102  -4.479  -3.377
GLU01A0067_011   1.102  -4.753  -3.651
GLU01A0067_012   0.374  -4.749  -4.376
GLU01A0067_013   0.763  -4.679  -3.916
GLU01A0067_014   0.792  -4.801  -4.009
GLU01A0067_015   0.555  -4.767  -4.212
GLU01A0067_016   1.777  -4.556  -2.780
GLU01A0067_017   0.343  -4.687  -4.345
GLU01A0067_018   0.760  -4.692  -3.932
GLU01A0067_019   1.102  -4.479  -3.377
GLU01A0067_020   0.915  -4.893  -3.978
GLU01A0067_021   0.405  -4.669  -4.264
GLU01A0067_022   0.374  -4.840  -4.466
GLU01A0067_023   0.792  -4.865  -4.073
GLU01A0067_024   0.555  -4.767  -4.212
GLU02A0067_025   1.312  -4.652  -3.340
GLU02A0067_026   1.293  -4.810  -3.517
GLU02A0067_027   1.022  -4.779  -3.757
GLU02A0067_028   0.917  -4.878  -3.961
GLU02A0067_029   1.312  -4.652  -3.340
GLU02A0067_030   1.397  -4.549  -3.151
GLU02A0067_031   0.980  -4.649  -3.669
GLU02A0067_032   1.287  -4.572  -3.285
GLU02A0067_033   0.504  -4.520  -4.016
GLU02A0067_034   1.228  -4.861  -3.633
GLU02A0067_035   0.880  -4.792  -3.911
GLU02A0067_036   0.488  -4.865  -4.377
GLU02A0067_037   0.429  -4.652  -4.222
GLU02A0067_038   0.593  -4.798  -4.206
GLU02A0067_039   0.430  -4.970  -4.540
GLU02A0067_040   0.360  -4.686  -4.326
GLU02A0067_041   0.403  -4.915  -4.513
GLU02A0067_042   0.994  -4.810  -3.817
GLU02A0067_043   0.389  -5.065  -4.676
GLU02A0067_044   1.228  -4.900  -3.672
GLU02A0067_045   0.880  -4.792  -3.911
GLU02A0067_046   1.388  -4.573  -3.185
GLU02A0067_047   0.429  -4.652  -4.222
GLU02A0067_048   0.593  -4.798  -4.206
GLU02A0067_049   0.403  -4.993  -4.590
GLU02A0067_050   0.994  -4.810  -3.817
GLU02A0067_051   0.933  -4.904  -3.971
GLU02A0067_052   0.571  -4.923  -4.352
GLU-1A0067_053   1.255  -4.453  -3.198
GLU-1A0067_054   1.212  -4.375  -3.163
GLU-1A0067_055   1.010  -4.435  -3.425
GLU-1A0067_056   0.468  -4.737  -4.268
GLU-1A0067_057   0.321  -4.840  -4.519
GLU-1A0067_058   0.260  -4.485  -4.225
GLU-1A0067_059   0.294  -4.700  -4.406
GLU-1A0067_060   0.269  -4.765  -4.496
GLU-1A0067_061   0.684  -4.675  -3.991
GLU-1A0067_062   0.714  -4.774  -4.060
GLU-1A0067_063   0.427  -4.735  -4.308
