CONFORMER         crg  vdw0  vdw1  tors  epol  self   occ  Hb     history    ASA
MET01A0026_001  0.000-10.99  1.39  2.39  0.00 -7.21 0.511  00  01O000M000  1.000
MET01A0026_002  0.000-10.49  3.00  0.95  0.00 -6.53 0.510  00  01R002M000  1.000
MET01A0026_003  0.000-10.49  6.28  1.93  0.00 -2.28 0.511  00  01R003M000  1.000
MET01A0026_004  0.000-10.97  1.98  4.44  0.00 -4.55 0.510  00  01R004M000  1.000
MET01A0026_005  0.000-11.82  1.42  2.39  0.00 -8.00 0.510  00  01R00CM000  1.000
MET01A0026_006  0.000-12.21  1.19  2.27  0.00 -8.75 0.510  00  01R00FM000  1.000
MET01A0026_007  0.000-11.40  1.19  2.93  0.00 -7.28 0.510  00  01R010M000  1.000
MET01A0026_008  0.000-11.11  3.85  2.80  0.00 -4.46 0.511  00  01R011M000  1.000
MET01A0026_009  0.000-11.70  5.21  2.02  0.00 -4.47 0.510  00  01R015M000  1.000
MET01A0026_010  0.000-11.55  1.67  3.05  0.00 -6.83 0.511  00  01R01EM000  1.000
MET01A0026_011  0.000-11.11  1.53  5.21  0.00 -4.37 0.511  00  01R022M000  1.000
MET01A0026_012  0.000-11.37  1.74  5.21  0.00 -4.43 0.511  00  01R024M000  1.000
MET01A0026_013  0.000-11.57  1.43  2.93  0.00 -7.21 0.510  00  01R029M000  1.000
MET01A0026_014  0.000-10.88  1.76  5.21  0.00 -3.91 0.510  00  01R02AM000  1.000
MET01A0026_015  0.000-11.45  1.79  4.55  0.00 -5.11 0.511  00  01R02BM000  1.000
MET01A0026_016  0.000-11.88  5.16  1.81  0.00 -4.90 0.510  00  01R02EM000  1.000
MET01A0026_017  0.000-10.55  3.11  4.80  0.00 -2.64 0.510  00  01T017M000  1.000
MET01A0026_018  0.000-11.42  1.99  3.84  0.00 -5.59 0.510  00  01T018M000  1.000
MET01A0026_019  0.000-11.02  1.94  4.66  0.00 -4.42 0.511  00  01T021M000  1.000
MET01A0026_020  0.000-11.92  4.02  2.63  0.00 -5.27 0.510  00  01T026M000  1.000
