iConf CONFORMER     FL  occ    crg   Em0  pKa0 ne nH    vdw0    vdw1    tors    epol   dsolv   extra    history
00001 MET01A0026_001 f 0.00  0.000     0  0.00  0  0 -10.992   1.468   2.392   0.010  -0.003   0.000 01O000M000t
00002 MET01A0026_002 f 0.00  0.000     0  0.00  0  0 -10.553   3.082   0.952   0.003  -0.003   0.000 01R002M000t
00003 MET01A0026_003 f 0.00  0.000     0  0.00  0  0 -10.490   6.345   1.926  -0.004  -0.003   0.000 01R003M000t
00004 MET01A0026_004 f 0.00  0.000     0  0.00  0  0 -10.968   1.976   4.436   0.005  -0.003   0.000 01R004M000t
00005 MET01A0026_005 f 0.00  0.000     0  0.00  0  0 -11.863   1.500   2.391   0.010  -0.003   0.000 01R00CM000t
00006 MET01A0026_006 f 0.00  0.000     0  0.00  0  0 -12.213   1.268   2.271   0.007  -0.003   0.000 01R00FM000t
00007 MET01A0026_007 f 0.00  0.000     0  0.00  0  0 -11.399   1.266   2.925   0.007  -0.003   0.000 01R010M000t
00008 MET01A0026_008 f 0.00  0.000     0  0.00  0  0 -11.108   3.918   2.801   0.007  -0.002   0.000 01R011M000t
00009 MET01A0026_009 f 0.00  0.000     0  0.00  0  0 -11.749   5.298   2.019  -0.002  -0.003   0.000 01R015M000t
00010 MET01A0026_010 f 0.00  0.000     0  0.00  0  0 -11.554   1.672   3.047   0.003  -0.003   0.000 01R01EM000t
00011 MET01A0026_011 f 0.00  0.000     0  0.00  0  0 -11.106   1.528   5.207   0.007  -0.003   0.000 01R022M000t
00012 MET01A0026_012 f 0.00  0.000     0  0.00  0  0 -11.375   1.739   5.206   0.002  -0.003   0.000 01R024M000t
00013 MET01A0026_013 f 0.00  0.000     0  0.00  0  0 -11.571   1.433   2.926  -0.001  -0.002   0.000 01R029M000t
00014 MET01A0026_014 f 0.00  0.000     0  0.00  0  0 -10.886   1.768   5.206   0.005  -0.003   0.000 01R02AM000t
00015 MET01A0026_015 f 0.00  0.000     0  0.00  0  0 -11.449   1.792   4.553   0.006  -0.003   0.000 01R02BM000t
00016 MET01A0026_016 f 0.00  0.000     0  0.00  0  0 -11.923   5.152   1.811  -0.010  -0.003   0.000 01R02EM000t
00017 MET01A0026_017 f 0.00  0.000     0  0.00  0  0 -10.555   3.119   4.803   0.014  -0.003   0.000 01T017M000t
00018 MET01A0026_018 f 0.00  0.000     0  0.00  0  0 -11.368   1.985   3.840   0.007  -0.003   0.000 01T018M000t
00019 MET01A0026_019 f 0.00  0.000     0  0.00  0  0 -11.018   1.936   4.667   0.010  -0.003   0.000 01T021M000t
00020 MET01A0026_020 f 0.00  0.000     0  0.00  0  0 -11.924   4.026   2.631  -0.005  -0.003   0.000 01T026M000t
