   confID        vdw0    sas     sum
MET01A0026_001   0.321 -11.313 -10.992
MET01A0026_002   0.878 -11.431 -10.553
MET01A0026_003   0.438 -10.928 -10.490
MET01A0026_004   0.556 -11.524 -10.968
MET01A0026_005   0.276 -12.139 -11.863
MET01A0026_006   0.273 -12.486 -12.213
MET01A0026_007   0.435 -11.834 -11.399
MET01A0026_008   0.374 -11.482 -11.108
MET01A0026_009   0.309 -12.058 -11.749
MET01A0026_010   0.436 -11.989 -11.554
MET01A0026_011   0.670 -11.776 -11.106
MET01A0026_012   0.722 -12.097 -11.375
MET01A0026_013   0.435 -12.006 -11.571
MET01A0026_014   0.625 -11.511 -10.886
MET01A0026_015   0.556 -12.005 -11.449
MET01A0026_016   0.165 -12.088 -11.923
MET01A0026_017   0.705 -11.260 -10.555
MET01A0026_018   0.449 -11.818 -11.368
MET01A0026_019   0.723 -11.741 -11.018
MET01A0026_020   0.350 -12.274 -11.924
