iConf CONFORMER     FL  occ    crg   Em0  pKa0 ne nH    vdw0    vdw1    tors    epol   dsolv   extra    history
00001 GLU01A0043_001 f 0.00  0.000     0  0.00  0  0  -3.792   0.250   3.467   0.072  -0.970   0.000 01O000M000t
00002 GLU01A0043_002 f 0.00  0.000     0  0.00  0  0  -3.657   0.560   5.950   0.120  -0.966   0.000 01E003M000t
00003 GLU01A0043_003 f 0.00  0.000     0  0.00  0  0  -3.054   0.194   5.312   0.057  -0.967   0.000 01E00CM000t
00004 GLU01A0043_004 f 0.00  0.000     0  0.00  0  0  -3.844   0.250   0.747   0.022  -0.696   0.000 01O000M000t
00005 GLU01A0043_005 f 0.00  0.000     0  0.00  0  0  -4.231   1.487   1.421   0.039  -0.704   0.000 01E010M000t
00006 GLU01A0043_006 f 0.00  0.000     0  0.00  0  0  -3.847   0.717   0.348   0.047  -0.699   0.000 01E01AM000t
00007 GLU01A0043_007 f 0.00  0.000     0  0.00  0  0  -4.287   1.690   4.133   0.321  -0.949   0.000 01T010M000t
00008 GLU01A0043_008 f 0.00  0.000     0  0.00  0  0  -4.591   1.182   6.642   0.149  -0.939   0.000 01T011M000t
00009 GLU01A0043_009 f 0.00  0.000     0  0.00  0  0  -4.020   0.009   6.262   0.015  -1.009   0.000 01T012M000t
00010 GLU01A0043_010 f 0.00  0.000     0  0.00  0  0  -4.053   0.329   6.280   0.059  -1.040   0.000 01T015M000t
00011 GLU01A0043_011 f 0.00  0.000     0  0.00  0  0  -3.732   0.493   3.252   0.147  -0.948   0.000 01T002M000t
00012 GLU01A0043_012 f 0.00  0.000     0  0.00  0  0  -2.919   0.229   5.368   0.020  -0.848   0.000 01T004M000t
00013 GLU01A0043_013 f 0.00  0.000     0  0.00  0  0  -3.403  -0.018   3.248   0.061  -0.985   0.000 01T00BM000t
00014 GLU01A0043_014 f 0.00  0.000     0  0.00  0  0  -4.345   1.536   4.127  -0.150  -0.885   0.000 01T00FM000t
00015 GLU01A0043_015 f 0.00  0.000     0  0.00  0  0  -3.538   0.481   3.132   0.050  -0.963   0.000 01T013M000t
00016 GLU01A0043_016 f 0.00  0.000     0  0.00  0  0  -4.297   0.397   3.948   0.029  -1.009   0.000 01T018M000t
00017 GLU01A0043_017 f 0.00  0.000     0  0.00  0  0  -3.934   0.331   6.277   0.009  -0.976   0.000 01T019M000t
00018 GLU01A0043_018 f 0.00  0.000     0  0.00  0  0  -3.834   0.716   3.047   0.143  -0.900   0.000 01T01AM000t
00019 GLU01A0043_019 f 0.00  0.000     0  0.00  0  0  -4.141   0.115   6.290   0.127  -0.927   0.000 01T01FM000t
00020 GLU01A0043_020 f 0.00  0.000     0  0.00  0  0  -3.931   0.329   3.568   0.010  -0.722   0.000 01T019M000t
00021 GLU01A0043_021 f 0.00  0.000     0  0.00  0  0  -3.495   0.566   3.187   0.032  -0.703   0.000 01T003M000t
00022 GLU01A0043_022 f 0.00  0.000     0  0.00  0  0  -2.919   0.229   2.648   0.021  -0.713   0.000 01T004M000t
00023 GLU01A0043_023 f 0.00  0.000     0  0.00  0  0  -3.416  -0.018   0.528   0.022  -0.716   0.000 01T00BM000t
00024 GLU01A0043_024 f 0.00  0.000     0  0.00  0  0  -4.345   1.536   1.407   0.040  -0.701   0.000 01T00FM000t
00025 GLU01A0043_025 f 0.00  0.000     0  0.00  0  0  -3.538   0.481   0.412   0.011  -0.707   0.000 01T013M000t
00026 GLU01A0043_026 f 0.00  0.000     0  0.00  0  0  -4.072   0.335   3.555   0.020  -0.703   0.000 01T015M000t
00027 GLU01A0043_027 f 0.00  0.000     0  0.00  0  0  -4.297   0.397   1.228   0.013  -0.710   0.000 01T018M000t
00028 GLU01A0043_028 f 0.00  0.000     0  0.00  0  0  -4.141   0.115   3.570   0.027  -0.683   0.000 01T01FM000t
00029 GLU02A0043_029 f 0.00  0.000     0  0.00  0  0  -4.057   0.239   3.467   0.035  -1.013   0.000 02O000M000t
00030 GLU02A0043_030 f 0.00  0.000     0  0.00  0  0  -3.999   0.551   5.941   0.010  -1.000   0.000 02E003M000t
00031 GLU02A0043_031 f 0.00  0.000     0  0.00  0  0  -4.373   1.504   4.123   0.116  -0.995   0.000 02E00FM000t
00032 GLU02A0043_032 f 0.00  0.000     0  0.00  0  0  -4.081   0.046   6.332   0.131  -0.938   0.000 02E012M000t
00033 GLU02A0043_033 f 0.00  0.000     0  0.00  0  0  -4.095   0.239   0.747   0.012  -0.683   0.000 02O000M000t
00034 GLU02A0043_034 f 0.00  0.000     0  0.00  0  0  -4.420   1.275   1.414   0.090  -0.662   0.000 02E00FM000t
00035 GLU02A0043_035 f 0.00  0.000     0  0.00  0  0  -4.513   1.062   3.878   0.002  -0.680   0.000 02E011M000t
00036 GLU02A0043_036 f 0.00  0.000     0  0.00  0  0  -3.873   0.345   3.567   0.012  -0.695   0.000 02E019M000t
00037 GLU02A0043_037 f 0.00  0.000     0  0.00  0  0  -3.824   0.283   3.263   0.114  -1.012   0.000 02T002M000t
00038 GLU02A0043_038 f 0.00  0.000     0  0.00  0  0  -3.269   0.188   5.310   0.071  -1.039   0.000 02T00CM000t
00039 GLU02A0043_039 f 0.00  0.000     0  0.00  0  0  -4.357   1.471   4.119  -0.006  -0.989   0.000 02T010M000t
00040 GLU02A0043_040 f 0.00  0.000     0  0.00  0  0  -4.487   1.000   6.627   0.003  -1.000   0.000 02T011M000t
00041 GLU02A0043_041 f 0.00  0.000     0  0.00  0  0  -4.076   0.326   6.265   0.010  -1.014   0.000 02T015M000t
00042 GLU02A0043_042 f 0.00  0.000     0  0.00  0  0  -3.712   0.337   3.109  -0.007  -1.043   0.000 02T017M000t
00043 GLU02A0043_043 f 0.00  0.000     0  0.00  0  0  -3.887   0.343   6.273   0.027  -1.044   0.000 02T019M000t
00044 GLU02A0043_044 f 0.00  0.000     0  0.00  0  0  -4.144   0.146   6.288   0.046  -1.084   0.000 02T01FM000t
00045 GLU02A0043_045 f 0.00  0.000     0  0.00  0  0  -3.103   0.095   5.334   0.040  -1.012   0.000 02T004M000t
00046 GLU02A0043_046 f 0.00  0.000     0  0.00  0  0  -3.922  -0.012   3.260   0.040  -1.033   0.000 02T00BM000t
00047 GLU02A0043_047 f 0.00  0.000     0  0.00  0  0  -3.692   0.489   3.121   0.023  -1.031   0.000 02T013M000t
00048 GLU02A0043_048 f 0.00  0.000     0  0.00  0  0  -4.407  -0.266   3.678   0.130  -0.949   0.000 02T01BM000t
00049 GLU02A0043_049 f 0.00  0.000     0  0.00  0  0  -3.244   0.159   2.554   0.028  -0.689   0.000 02T004M000t
00050 GLU02A0043_050 f 0.00  0.000     0  0.00  0  0  -4.505  -0.272   1.029   0.051  -0.679   0.000 02T01BM000t
00051 GLU02A0043_051 f 0.00  0.000     0  0.00  0  0  -4.144   0.146   3.568   0.024  -0.710   0.000 02T01FM000t
00052 GLU02A0043_052 f 0.00  0.000     0  0.00  0  0  -3.922  -0.012   0.540   0.021  -0.685   0.000 02T00BM000t
00053 GLU02A0043_053 f 0.00  0.000     0  0.00  0  0  -4.359   1.261   1.415  -0.011  -0.678   0.000 02T010M000t
00054 GLU02A0043_054 f 0.00  0.000     0  0.00  0  0  -3.653   0.489   0.401   0.008  -0.689   0.000 02T013M000t
00055 GLU02A0043_055 f 0.00  0.000     0  0.00  0  0  -4.010   0.328   3.566   0.009  -0.701   0.000 02T015M000t
00056 GLU02A0043_056 f 0.00  0.000     0  0.00  0  0  -3.680   0.351   0.404   0.007  -0.710   0.000 02T017M000t
00057 GLU-1A0043_057 f 0.00 -1.000     0  4.75  0 -1  -3.988   0.262   0.747  -0.152  -5.967   0.000 -1O000M000t
00058 GLU-1A0043_058 f 0.00 -1.000     0  4.75  0 -1  -3.141   0.176   2.536  -0.057  -5.949   0.000 -1E004M000t
00059 GLU-1A0043_059 f 0.00 -1.000     0  4.75  0 -1  -3.849   0.448   0.501  -0.055  -6.015   0.000 -1E005M000t
00060 GLU-1A0043_060 f 0.00 -1.000     0  4.75  0 -1  -3.800   0.000   0.515  -0.083  -6.027   0.000 -1E00BM000t
00061 GLU-1A0043_061 f 0.00 -1.000     0  4.75  0 -1  -4.427   1.525   1.371   0.138  -5.897   0.000 -1E00FM000t
00062 GLU-1A0043_062 f 0.00 -1.000     0  4.75  0 -1  -4.206   1.549   1.373  -0.344  -5.922   0.000 -1E010M000t
00063 GLU-1A0043_063 f 0.00 -1.000     0  4.75  0 -1  -4.387   1.143   3.848  -0.215  -5.953   0.000 -1E011M000t
00064 GLU-1A0043_064 f 0.00 -1.000     0  4.75  0 -1  -4.077   0.323   3.476  -0.088  -6.040   0.000 -1E015M000t
00065 GLU-1A0043_065 f 0.00 -1.000     0  4.75  0 -1  -4.391   0.378   1.166  -0.052  -6.039   0.000 -1E018M000t
00066 GLU-1A0043_066 f 0.00 -1.000     0  4.75  0 -1  -3.883   0.353   3.476  -0.028  -6.022   0.000 -1E019M000t
00067 GLU-1A0043_067 f 0.00 -1.000     0  4.75  0 -1  -4.388  -0.258   1.000  -0.228  -5.939   0.000 -1E01BM000t
00068 GLU-1A0043_068 f 0.00 -1.000     0  4.75  0 -1  -4.084   0.160   3.497  -0.095  -6.024   0.000 -1E01FM000t
