   confID        vdw0    sas     sum
GLU01A0043_001   1.159  -4.951  -3.792
GLU01A0043_002   1.080  -4.737  -3.657
GLU01A0043_003   1.797  -4.851  -3.054
GLU01A0043_004   1.159  -5.002  -3.844
GLU01A0043_005   0.409  -4.640  -4.231
GLU01A0043_006   1.052  -4.899  -3.847
GLU01A0043_007   0.405  -4.692  -4.287
GLU01A0043_008   0.390  -4.981  -4.591
GLU01A0043_009   0.725  -4.746  -4.020
GLU01A0043_010   0.692  -4.745  -4.053
GLU01A0043_011   1.123  -4.855  -3.732
GLU01A0043_012   1.707  -4.626  -2.919
GLU01A0043_013   1.278  -4.681  -3.403
GLU01A0043_014   0.409  -4.755  -4.345
GLU01A0043_015   1.255  -4.792  -3.538
GLU01A0043_016   0.413  -4.710  -4.297
GLU01A0043_017   0.725  -4.659  -3.934
GLU01A0043_018   1.052  -4.886  -3.834
GLU01A0043_019   0.727  -4.869  -4.141
GLU01A0043_020   0.697  -4.628  -3.931
GLU01A0043_021   1.195  -4.690  -3.495
GLU01A0043_022   1.707  -4.626  -2.919
GLU01A0043_023   1.278  -4.694  -3.416
GLU01A0043_024   0.409  -4.755  -4.345
GLU01A0043_025   1.255  -4.792  -3.538
GLU01A0043_026   0.723  -4.794  -4.072
GLU01A0043_027   0.413  -4.710  -4.297
GLU01A0043_028   0.727  -4.869  -4.141
GLU02A0043_029   0.970  -5.027  -4.057
GLU02A0043_030   0.931  -4.930  -3.999
GLU02A0043_031   0.399  -4.772  -4.373
GLU02A0043_032   0.705  -4.786  -4.081
GLU02A0043_033   0.970  -5.065  -4.095
GLU02A0043_034   0.399  -4.819  -4.420
GLU02A0043_035   0.411  -4.924  -4.513
GLU02A0043_036   0.685  -4.558  -3.873
GLU02A0043_037   0.890  -4.714  -3.824
GLU02A0043_038   1.502  -4.771  -3.269
GLU02A0043_039   0.400  -4.757  -4.357
GLU02A0043_040   0.398  -4.886  -4.487
GLU02A0043_041   0.667  -4.743  -4.076
GLU02A0043_042   1.015  -4.728  -3.712
GLU02A0043_043   0.671  -4.558  -3.887
GLU02A0043_044   0.671  -4.815  -4.144
GLU02A0043_045   1.640  -4.744  -3.103
GLU02A0043_046   1.002  -4.924  -3.922
GLU02A0043_047   1.048  -4.740  -3.692
GLU02A0043_048   0.457  -4.865  -4.407
GLU02A0043_049   1.447  -4.690  -3.244
GLU02A0043_050   0.422  -4.927  -4.505
GLU02A0043_051   0.671  -4.815  -4.144
GLU02A0043_052   1.002  -4.924  -3.922
GLU02A0043_053   0.398  -4.757  -4.359
GLU02A0043_054   1.048  -4.701  -3.653
GLU02A0043_055   0.684  -4.694  -4.010
GLU02A0043_056   1.047  -4.728  -3.680
GLU-1A0043_057   0.881  -4.869  -3.988
GLU-1A0043_058   1.401  -4.542  -3.141
GLU-1A0043_059   0.904  -4.753  -3.849
GLU-1A0043_060   0.903  -4.702  -3.800
GLU-1A0043_061   0.304  -4.731  -4.427
GLU-1A0043_062   0.301  -4.507  -4.206
GLU-1A0043_063   0.305  -4.692  -4.387
GLU-1A0043_064   0.573  -4.650  -4.077
GLU-1A0043_065   0.303  -4.693  -4.391
GLU-1A0043_066   0.574  -4.456  -3.883
GLU-1A0043_067   0.334  -4.722  -4.388
GLU-1A0043_068   0.578  -4.663  -4.084
