CONFORMER         crg  vdw0  vdw1  tors  epol  self   occ  Hb     history    ASA
LYS01A0053_001  0.000-11.27  0.44  1.21  0.00 -9.61 0.503  00  01O000M000  1.000
LYS01A0053_002  0.000-11.23  1.17  3.21  0.00 -6.85 0.502  00  01E001M000  1.000
LYS01A0053_003  0.000-11.80  5.80  1.04  0.00 -4.96 0.502  00  01E008M000  1.000
LYS01A0053_004  0.000 -9.78  4.60  1.66  0.00 -3.52 0.503  00  01E023M000  1.000
LYS01A0053_005  0.000-10.07  4.57  1.50  0.00 -4.00 0.502  00  01E026M000  1.000
LYS01A0053_006  0.000 -5.76  0.56  2.40  0.00 -2.80 0.503  00  01E031M000  1.000
LYS01A0053_007  0.000 -8.51  3.06  1.79  0.00 -3.66 0.502  00  01E047M000  1.000
LYS01A0053_008  0.000 -8.95  0.51  1.60  0.00 -6.84 0.502  00  01E061M000  1.000
LYS01A0053_009  0.000-10.99  3.67  5.55  0.00 -1.77 0.502  00  01E072M000  1.000
LYS01A0053_010  0.000 -8.24  0.90  5.71  0.00 -1.63 0.501  00  01E09BM000  1.000
LYS01A0053_011  0.000 -8.42  0.66  4.19  0.00 -3.57 0.502  00  01E0DAM000  1.000
LYS01A0053_012  0.000 -6.43  1.43  3.90  0.00 -1.11 0.503  00  01E0DFM000  1.000
LYS01A0053_013  0.000 -8.79  2.55  3.60  0.00 -2.64 0.502  00  01E0FEM000  1.000
LYS01A0053_014  0.000-11.31  4.43  3.18  0.00 -3.70 0.502  00  01T005M000  1.000
LYS01A0053_015  0.000 -9.55  2.10  3.96  0.00 -3.50 0.502  00  01T06CM000  1.000
LYS01A0053_016  0.000 -9.75  2.13  6.10  0.00 -1.51 0.502  00  01T06EM000  1.000
LYS01A0053_017  0.000 -9.75  2.37  3.49  0.00 -3.89 0.502  00  01T071M000  1.000
LYS01A0053_018  0.000 -9.40  1.95  1.73  0.00 -5.72 0.502  00  01T084M000  1.000
LYS01A0053_019  0.000 -7.69  0.28  1.78  0.00 -5.62 0.501  00  01T0D6M000  1.000
LYS01A0053_020  0.000 -9.36  1.31  3.66  0.00 -4.39 0.502  00  01T0F8M000  1.000
LYS+1A0053_021  1.000-11.32  0.44  1.21  0.00 -9.66 0.503  00  +1O000M000  1.000
LYS+1A0053_022  1.000 -5.74  0.56  2.41  0.00 -2.78 0.503  00  +1E031M000  1.000
LYS+1A0053_023  1.000 -8.58  3.07  1.79  0.00 -3.71 0.502  00  +1E047M000  1.000
LYS+1A0053_024  1.000 -9.78  2.35  3.49  0.00 -3.94 0.502  00  +1E071M000  1.000
LYS+1A0053_025  1.000-10.98  3.61  5.67  0.00 -1.70 0.502  00  +1E072M000  1.000
LYS+1A0053_026  1.000 -9.55  1.96  1.74  0.00 -5.84 0.502  00  +1E084M000  1.000
LYS+1A0053_027  1.000 -8.48  0.90  5.75  0.00 -1.83 0.501  00  +1E09BM000  1.000
LYS+1A0053_028  1.000-11.18  1.17  3.21  0.00 -6.80 0.502  00  +1T001M000  1.000
LYS+1A0053_029  1.000-11.36  4.44  3.19  0.00 -3.73 0.502  00  +1T005M000  1.000
LYS+1A0053_030  1.000-11.84  6.15  1.05  0.00 -4.63 0.502  00  +1T008M000  1.000
LYS+1A0053_031  1.000 -9.95  4.59  1.67  0.00 -3.69 0.503  00  +1T023M000  1.000
LYS+1A0053_032  1.000-10.17  4.61  1.49  0.00 -4.07 0.502  00  +1T026M000  1.000
LYS+1A0053_033  1.000 -8.99  0.51  1.61  0.00 -6.87 0.502  00  +1T061M000  1.000
LYS+1A0053_034  1.000 -9.63  2.10  3.97  0.00 -3.57 0.502  00  +1T06CM000  1.000
LYS+1A0053_035  1.000 -9.91  2.14  6.22  0.00 -1.56 0.502  00  +1T06EM000  1.000
LYS+1A0053_036  1.000 -7.80  0.27  1.78  0.00 -5.75 0.501  00  +1T0D6M000  1.000
LYS+1A0053_037  1.000 -8.49  0.65  4.24  0.00 -3.59 0.502  00  +1T0DAM000  1.000
LYS+1A0053_038  1.000 -6.45  1.39  3.89  0.00 -1.17 0.503  00  +1T0DFM000  1.000
LYS+1A0053_039  1.000 -9.30  1.32  3.73  0.00 -4.25 0.502  00  +1T0F8M000  1.000
LYS+1A0053_040  1.000 -8.59  2.55  3.63  0.00 -2.41 0.502  00  +1T0FEM000  1.000
