iConf CONFORMER     FL  occ    crg   Em0  pKa0 ne nH    vdw0    vdw1    tors    epol   dsolv   extra    history
00001 LYS01A0053_001 f 0.00  0.000     0  0.00  0  0 -11.266   0.445   1.213  -0.008  -0.407   0.000 01O000M000t
00002 LYS01A0053_002 f 0.00  0.000     0  0.00  0  0 -11.226   1.167   3.213  -0.007  -0.402   0.000 01E001M000t
00003 LYS01A0053_003 f 0.00  0.000     0  0.00  0  0 -11.803   5.810   1.038  -0.017  -0.418   0.000 01E008M000t
00004 LYS01A0053_004 f 0.00  0.000     0  0.00  0  0  -9.781   4.605   1.662  -0.001  -0.421   0.000 01E023M000t
00005 LYS01A0053_005 f 0.00  0.000     0  0.00  0  0 -10.066   4.579   1.496   0.001  -0.421   0.000 01E026M000t
00006 LYS01A0053_006 f 0.00  0.000     0  0.00  0  0  -5.773   0.565   2.396  -0.015  -0.418   0.000 01E031M000t
00007 LYS01A0053_007 f 0.00  0.000     0  0.00  0  0  -8.567   3.062   1.788   0.004  -0.405   0.000 01E047M000t
00008 LYS01A0053_008 f 0.00  0.000     0  0.00  0  0  -8.949   0.513   1.601   0.000  -0.398   0.000 01E061M000t
00009 LYS01A0053_009 f 0.00  0.000     0  0.00  0  0 -10.992   3.691   5.550  -0.013  -0.395   0.000 01E072M000t
00010 LYS01A0053_010 f 0.00  0.000     0  0.00  0  0  -8.236   0.903   5.708  -0.020  -0.368   0.000 01E09BM000t
00011 LYS01A0053_011 f 0.00  0.000     0  0.00  0  0  -8.416   0.657   4.189  -0.010  -0.404   0.000 01E0DAM000t
00012 LYS01A0053_012 f 0.00  0.000     0  0.00  0  0  -6.435   1.432   3.896  -0.024  -0.360   0.000 01E0DFM000t
00013 LYS01A0053_013 f 0.00  0.000     0  0.00  0  0  -8.786   2.557   3.597  -0.018  -0.402   0.000 01E0FEM000t
00014 LYS01A0053_014 f 0.00  0.000     0  0.00  0  0 -11.308   4.432   3.184  -0.004  -0.427   0.000 01T005M000t
00015 LYS01A0053_015 f 0.00  0.000     0  0.00  0  0  -9.551   2.099   3.959  -0.003  -0.407   0.000 01T06CM000t
00016 LYS01A0053_016 f 0.00  0.000     0  0.00  0  0  -9.744   2.132   6.105  -0.010  -0.398   0.000 01T06EM000t
00017 LYS01A0053_017 f 0.00  0.000     0  0.00  0  0  -9.747   2.370   3.488  -0.015  -0.379   0.000 01T071M000t
00018 LYS01A0053_018 f 0.00  0.000     0  0.00  0  0  -9.466   1.959   1.728  -0.004  -0.377   0.000 01T084M000t
00019 LYS01A0053_019 f 0.00  0.000     0  0.00  0  0  -7.683   0.286   1.779   0.003  -0.372   0.000 01T0D6M000t
00020 LYS01A0053_020 f 0.00  0.000     0  0.00  0  0  -9.353   1.306   3.656  -0.014  -0.432   0.000 01T0F8M000t
00021 LYS+1A0053_021 f 0.00  1.000     0 10.40  0  1 -11.316   0.444   1.213   0.039  -5.915   0.000 +1O000M000t
00022 LYS+1A0053_022 f 0.00  1.000     0 10.40  0  1  -5.794   0.563   2.407   0.095  -5.886   0.000 +1E031M000t
00023 LYS+1A0053_023 f 0.00  1.000     0 10.40  0  1  -8.568   3.066   1.793  -0.064  -5.859   0.000 +1E047M000t
00024 LYS+1A0053_024 f 0.00  1.000     0 10.40  0  1  -9.771   2.356   3.487   0.074  -5.795   0.000 +1E071M000t
00025 LYS+1A0053_025 f 0.00  1.000     0 10.40  0  1 -10.986   3.610   5.673   0.080  -5.889   0.000 +1E072M000t
00026 LYS+1A0053_026 f 0.00  1.000     0 10.40  0  1  -9.546   1.963   1.736   0.048  -5.798   0.000 +1E084M000t
00027 LYS+1A0053_027 f 0.00  1.000     0 10.40  0  1  -8.483   0.898   5.755   0.013  -5.834   0.000 +1E09BM000t
00028 LYS+1A0053_028 f 0.00  1.000     0 10.40  0  1 -11.183   1.166   3.216   0.038  -5.898   0.000 +1T001M000t
00029 LYS+1A0053_029 f 0.00  1.000     0 10.40  0  1 -11.354   4.435   3.188   0.021  -5.945   0.000 +1T005M000t
00030 LYS+1A0053_030 f 0.00  1.000     0 10.40  0  1 -11.840   6.175   1.053   0.110  -5.895   0.000 +1T008M000t
00031 LYS+1A0053_031 f 0.00  1.000     0 10.40  0  1  -9.953   4.595   1.669   0.010  -5.932   0.000 +1T023M000t
00032 LYS+1A0053_032 f 0.00  1.000     0 10.40  0  1 -10.168   4.612   1.494  -0.006  -5.921   0.000 +1T026M000t
00033 LYS+1A0053_033 f 0.00  1.000     0 10.40  0  1  -8.981   0.508   1.607   0.096  -5.810   0.000 +1T061M000t
00034 LYS+1A0053_034 f 0.00  1.000     0 10.40  0  1  -9.639   2.101   3.968   0.094  -5.808   0.000 +1T06CM000t
00035 LYS+1A0053_035 f 0.00  1.000     0 10.40  0  1  -9.915   2.140   6.220   0.047  -5.902   0.000 +1T06EM000t
00036 LYS+1A0053_036 f 0.00  1.000     0 10.40  0  1  -7.801   0.267   1.783   0.221  -5.670   0.000 +1T0D6M000t
00037 LYS+1A0053_037 f 0.00  1.000     0 10.40  0  1  -8.488   0.656   4.243   0.051  -5.856   0.000 +1T0DAM000t
00038 LYS+1A0053_038 f 0.00  1.000     0 10.40  0  1  -6.445   1.393   3.893   0.262  -5.643   0.000 +1T0DFM000t
00039 LYS+1A0053_039 f 0.00  1.000     0 10.40  0  1  -9.295   1.319   3.727   0.108  -5.836   0.000 +1T0F8M000t
00040 LYS+1A0053_040 f 0.00  1.000     0 10.40  0  1  -8.593   2.551   3.627   0.103  -5.876   0.000 +1T0FEM000t
