   confID        vdw0    sas     sum
LYS01A0053_001   1.201 -12.466 -11.266
LYS01A0053_002   1.131 -12.357 -11.226
LYS01A0053_003   0.792 -12.595 -11.803
LYS01A0053_004   2.161 -11.942  -9.781
LYS01A0053_005   2.159 -12.225 -10.066
LYS01A0053_006   6.333 -12.106  -5.773
LYS01A0053_007   3.957 -12.524  -8.567
LYS01A0053_008   2.933 -11.882  -8.949
LYS01A0053_009   1.478 -12.470 -10.992
LYS01A0053_010   3.543 -11.779  -8.236
LYS01A0053_011   3.433 -11.849  -8.416
LYS01A0053_012   5.235 -11.670  -6.435
LYS01A0053_013   3.684 -12.469  -8.786
LYS01A0053_014   1.129 -12.437 -11.308
LYS01A0053_015   2.852 -12.403  -9.551
LYS01A0053_016   2.701 -12.444  -9.744
LYS01A0053_017   2.485 -12.233  -9.747
LYS01A0053_018   2.808 -12.274  -9.466
LYS01A0053_019   4.621 -12.304  -7.683
LYS01A0053_020   3.117 -12.470  -9.353
LYS+1A0053_021   1.150 -12.466 -11.316
LYS+1A0053_022   6.273 -12.067  -5.794
LYS+1A0053_023   3.956 -12.524  -8.568
LYS+1A0053_024   2.462 -12.233  -9.771
LYS+1A0053_025   1.432 -12.419 -10.986
LYS+1A0053_026   2.725 -12.271  -9.546
LYS+1A0053_027   3.364 -11.847  -8.483
LYS+1A0053_028   1.084 -12.267 -11.183
LYS+1A0053_029   1.083 -12.437 -11.354
LYS+1A0053_030   0.742 -12.582 -11.840
LYS+1A0053_031   2.104 -12.057  -9.953
LYS+1A0053_032   2.108 -12.276 -10.168
LYS+1A0053_033   2.849 -11.830  -8.981
LYS+1A0053_034   2.764 -12.403  -9.639
LYS+1A0053_035   2.645 -12.560  -9.915
LYS+1A0053_036   4.571 -12.372  -7.801
LYS+1A0053_037   3.425 -11.913  -8.488
LYS+1A0053_038   5.187 -11.632  -6.445
LYS+1A0053_039   3.069 -12.364  -9.295
LYS+1A0053_040   3.693 -12.286  -8.593
