iConf CONFORMER     FL  occ    crg   Em0  pKa0 ne nH    vdw0    vdw1    tors    epol   dsolv   extra    history
00001 LYS01A0070_001 f 0.00  0.000     0  0.00  0  0  -9.162   0.826   1.592  -0.011  -0.201   0.000 01O000M000t
00002 LYS01A0070_002 f 0.00  0.000     0  0.00  0  0  -8.734   0.016   1.559  -0.010  -0.190   0.000 01E019M000t
00003 LYS01A0070_003 f 0.00  0.000     0  0.00  0  0 -10.573   1.675   4.752  -0.009  -0.204   0.000 01E085M000t
00004 LYS01A0070_004 f 0.00  0.000     0  0.00  0  0 -10.049   1.607   1.959  -0.007  -0.210   0.000 01E0B8M000t
00005 LYS01A0070_005 f 0.00  0.000     0  0.00  0  0  -5.075   0.538   2.479  -0.007  -0.194   0.000 01E0D0M000t
00006 LYS01A0070_006 f 0.00  0.000     0  0.00  0  0  -5.044   0.843   2.510  -0.003  -0.196   0.000 01E0F3M000t
00007 LYS01A0070_007 f 0.00  0.000     0  0.00  0  0  -6.454   0.841   2.619  -0.000  -0.206   0.000 01E10BM000t
00008 LYS01A0070_008 f 0.00  0.000     0  0.00  0  0  -9.467   0.819   6.448  -0.003  -0.201   0.000 01E11EM000t
00009 LYS01A0070_009 f 0.00  0.000     0  0.00  0  0  -8.862   1.805   1.545  -0.007  -0.205   0.000 01E13FM000t
00010 LYS01A0070_010 f 0.00  0.000     0  0.00  0  0  -9.486   4.961   3.009  -0.026  -0.200   0.000 01T036M000t
00011 LYS01A0070_011 f 0.00  0.000     0  0.00  0  0  -9.827   5.575   3.348  -0.012  -0.211   0.000 01T037M000t
00012 LYS01A0070_012 f 0.00  0.000     0  0.00  0  0 -10.726   1.561   3.343  -0.004  -0.213   0.000 01T06EM000t
00013 LYS01A0070_013 f 0.00  0.000     0  0.00  0  0  -9.935   1.459   3.470  -0.009  -0.207   0.000 01T07AM000t
00014 LYS01A0070_014 f 0.00  0.000     0  0.00  0  0  -5.212  -0.057   1.514  -0.004  -0.190   0.000 01T0A2M000t
00015 LYS01A0070_015 f 0.00  0.000     0  0.00  0  0  -6.107   1.671   1.496  -0.007  -0.213   0.000 01T0BBM000t
00016 LYS01A0070_016 f 0.00  0.000     0  0.00  0  0 -10.006   1.890   2.651  -0.006  -0.226   0.000 01T0C9M000t
00017 LYS01A0070_017 f 0.00  0.000     0  0.00  0  0  -9.395   4.361   5.081  -0.005  -0.201   0.000 01T0DCM000t
00018 LYS01A0070_018 f 0.00  0.000     0  0.00  0  0 -10.270   4.030   2.269  -0.007  -0.217   0.000 01T0DDM000t
00019 LYS01A0070_019 f 0.00  0.000     0  0.00  0  0  -8.686   0.763   2.174  -0.004  -0.209   0.000 01T108M000t
00020 LYS01A0070_020 f 0.00  0.000     0  0.00  0  0  -6.618   1.353   2.441  -0.005  -0.205   0.000 01T130M000t
00021 LYS+1A0070_021 f 0.00  1.000     0 10.40  0  1  -9.237   0.818   1.592   0.024  -3.043   0.000 +1O000M000t
00022 LYS+1A0070_022 f 0.00  1.000     0 10.40  0  1  -9.562   4.924   3.021   0.131  -3.016   0.000 +1E036M000t
00023 LYS+1A0070_023 f 0.00  1.000     0 10.40  0  1  -9.967   1.453   3.481   0.030  -3.045   0.000 +1E07AM000t
00024 LYS+1A0070_024 f 0.00  1.000     0 10.40  0  1 -10.629   1.687   4.760   0.056  -3.093   0.000 +1E085M000t
00025 LYS+1A0070_025 f 0.00  1.000     0 10.40  0  1  -5.250   0.538   2.485   0.031  -3.046   0.000 +1E0D0M000t
00026 LYS+1A0070_026 f 0.00  1.000     0 10.40  0  1  -9.479   4.415   5.085   0.078  -3.060   0.000 +1E0DCM000t
00027 LYS+1A0070_027 f 0.00  1.000     0 10.40  0  1 -10.297   4.142   2.270   0.062  -3.089   0.000 +1E0DDM000t
00028 LYS+1A0070_028 f 0.00  1.000     0 10.40  0  1  -5.103   0.833   2.518  -0.000  -3.040   0.000 +1E0F3M000t
00029 LYS+1A0070_029 f 0.00  1.000     0 10.40  0  1  -6.685   1.365   2.443   0.025  -3.114   0.000 +1E130M000t
00030 LYS+1A0070_030 f 0.00  1.000     0 10.40  0  1  -8.822   1.795   1.545   0.024  -3.079   0.000 +1E13FM000t
00031 LYS+1A0070_031 f 0.00  1.000     0 10.40  0  1  -8.781   0.000   1.576   0.009  -3.016   0.000 +1T019M000t
00032 LYS+1A0070_032 f 0.00  1.000     0 10.40  0  1  -9.949   5.530   3.356   0.047  -3.053   0.000 +1T037M000t
00033 LYS+1A0070_033 f 0.00  1.000     0 10.40  0  1 -10.771   1.575   3.363  -0.001  -3.108   0.000 +1T06EM000t
00034 LYS+1A0070_034 f 0.00  1.000     0 10.40  0  1  -5.215  -0.066   1.528   0.059  -3.007   0.000 +1T0A2M000t
00035 LYS+1A0070_035 f 0.00  1.000     0 10.40  0  1  -9.986   1.623   1.967   0.045  -3.102   0.000 +1T0B8M000t
00036 LYS+1A0070_036 f 0.00  1.000     0 10.40  0  1  -6.187   1.700   1.509   0.044  -3.090   0.000 +1T0BBM000t
00037 LYS+1A0070_037 f 0.00  1.000     0 10.40  0  1 -10.102   1.888   2.668   0.032  -3.095   0.000 +1T0C9M000t
00038 LYS+1A0070_038 f 0.00  1.000     0 10.40  0  1  -8.695   0.752   2.178   0.040  -3.091   0.000 +1T108M000t
00039 LYS+1A0070_039 f 0.00  1.000     0 10.40  0  1  -6.532   0.836   2.623   0.014  -3.101   0.000 +1T10BM000t
00040 LYS+1A0070_040 f 0.00  1.000     0 10.40  0  1  -9.522   0.794   6.462   0.001  -3.081   0.000 +1T11EM000t
