CONFORMER         crg  vdw0  vdw1  tors  epol  self   occ  Hb     history    ASA
LYS01A0070_001  0.000 -9.15  0.82  1.59  0.00 -6.74 0.501  00  01O000M000  1.000
LYS01A0070_002  0.000 -8.73  0.01  1.56  0.00 -7.16 0.501  00  01E019M000  1.000
LYS01A0070_003  0.000-10.58  1.63  4.75  0.00 -4.20 0.502  00  01E085M000  1.000
LYS01A0070_004  0.000-10.10  1.56  1.96  0.00 -6.58 0.501  00  01E0B8M000  1.000
LYS01A0070_005  0.000 -5.10  0.54  2.48  0.00 -2.08 0.501  00  01E0D0M000  1.000
LYS01A0070_006  0.000 -5.04  0.85  2.51  0.00 -1.68 0.502  00  01E0F3M000  1.000
LYS01A0070_007  0.000 -6.46  0.84  2.62  0.00 -2.99 0.502  00  01E10BM000  1.000
LYS01A0070_008  0.000 -9.47  0.82  6.45  0.00 -2.21 0.501  00  01E11EM000  1.000
LYS01A0070_009  0.000 -8.86  1.76  1.54  0.00 -5.56 0.502  00  01E13FM000  1.000
LYS01A0070_010  0.000 -9.48  4.97  3.01  0.00 -1.50 0.502  00  01T036M000  1.000
LYS01A0070_011  0.000 -9.82  5.58  3.35  0.00 -0.89 0.502  00  01T037M000  1.000
LYS01A0070_012  0.000-10.73  1.57  3.34  0.00 -5.82 0.502  00  01T06EM000  1.000
LYS01A0070_013  0.000 -9.95  1.46  3.47  0.00 -5.02 0.502  00  01T07AM000  1.000
LYS01A0070_014  0.000 -5.22 -0.06  1.52  0.00 -3.76 0.501  00  01T0A2M000  1.000
LYS01A0070_015  0.000 -6.11  1.62  1.50  0.00 -3.00 0.502  00  01T0BBM000  1.000
LYS01A0070_016  0.000-10.00  1.89  2.65  0.00 -5.46 0.502  00  01T0C9M000  1.000
LYS01A0070_017  0.000 -9.40  4.35  5.08  0.00  0.04 0.501  00  01T0DCM000  1.000
LYS01A0070_018  0.000-10.27  4.04  2.27  0.00 -3.96 0.501  00  01T0DDM000  1.000
LYS01A0070_019  0.000 -8.68  0.77  2.17  0.00 -5.74 0.501  00  01T108M000  1.000
LYS01A0070_020  0.000 -6.60  1.31  2.44  0.00 -2.85 0.501  00  01T130M000  1.000
LYS+1A0070_021  1.000 -9.23  0.81  1.59  0.00 -6.82 0.501  00  +1O000M000  1.000
LYS+1A0070_022  1.000 -9.57  4.93  3.02  0.00 -1.62 0.502  00  +1E036M000  1.000
LYS+1A0070_023  1.000 -9.97  1.46  3.48  0.00 -5.03 0.502  00  +1E07AM000  1.000
LYS+1A0070_024  1.000-10.63  1.64  4.76  0.00 -4.22 0.502  00  +1E085M000  1.000
LYS+1A0070_025  1.000 -5.17  0.54  2.49  0.00 -2.14 0.501  00  +1E0D0M000  1.000
LYS+1A0070_026  1.000 -9.48  4.41  5.09  0.00  0.02 0.501  00  +1E0DCM000  1.000
LYS+1A0070_027  1.000-10.30  4.14  2.27  0.00 -3.88 0.501  00  +1E0DDM000  1.000
LYS+1A0070_028  1.000 -5.11  0.84  2.52  0.00 -1.76 0.502  00  +1E0F3M000  1.000
LYS+1A0070_029  1.000 -6.64  1.32  2.45  0.00 -2.88 0.501  00  +1E130M000  1.000
LYS+1A0070_030  1.000 -8.84  1.75  1.54  0.00 -5.55 0.502  00  +1E13FM000  1.000
LYS+1A0070_031  1.000 -8.78  0.00  1.58  0.00 -7.21 0.501  00  +1T019M000  1.000
LYS+1A0070_032  1.000 -9.94  5.52  3.36  0.00 -1.06 0.502  00  +1T037M000  1.000
LYS+1A0070_033  1.000-10.77  1.58  3.36  0.00 -5.83 0.502  00  +1T06EM000  1.000
LYS+1A0070_034  1.000 -5.21 -0.06  1.53  0.00 -3.75 0.501  00  +1T0A2M000  1.000
LYS+1A0070_035  1.000-10.04  1.57  1.97  0.00 -6.50 0.501  00  +1T0B8M000  1.000
LYS+1A0070_036  1.000 -6.19  1.65  1.51  0.00 -3.02 0.502  00  +1T0BBM000  1.000
LYS+1A0070_037  1.000-10.10  1.89  2.67  0.00 -5.54 0.502  00  +1T0C9M000  1.000
LYS+1A0070_038  1.000 -8.70  0.76  2.18  0.00 -5.76 0.501  00  +1T108M000  1.000
LYS+1A0070_039  1.000 -6.53  0.84  2.62  0.00 -3.07 0.502  00  +1T10BM000  1.000
LYS+1A0070_040  1.000 -9.52  0.80  6.46  0.00 -2.26 0.501  00  +1T11EM000  1.000
