   confID        vdw0    sas     sum
LYS01A0070_001   2.793 -11.955  -9.162
LYS01A0070_002   3.099 -11.833  -8.734
LYS01A0070_003   2.386 -12.959 -10.573
LYS01A0070_004   2.157 -12.205 -10.049
LYS01A0070_005   6.861 -11.936  -5.075
LYS01A0070_006   6.827 -11.871  -5.044
LYS01A0070_007   5.532 -11.986  -6.454
LYS01A0070_008   3.037 -12.505  -9.467
LYS01A0070_009   3.485 -12.347  -8.862
LYS01A0070_010   2.593 -12.078  -9.486
LYS01A0070_011   2.766 -12.593  -9.827
LYS01A0070_012   1.847 -12.573 -10.726
LYS01A0070_013   2.641 -12.576  -9.935
LYS01A0070_014   6.531 -11.743  -5.212
LYS01A0070_015   6.001 -12.109  -6.107
LYS01A0070_016   2.161 -12.167 -10.006
LYS01A0070_017   3.005 -12.399  -9.395
LYS01A0070_018   2.232 -12.501 -10.270
LYS01A0070_019   3.397 -12.083  -8.686
LYS01A0070_020   5.556 -12.173  -6.618
LYS+1A0070_021   2.719 -11.955  -9.237
LYS+1A0070_022   2.516 -12.078  -9.562
LYS+1A0070_023   2.558 -12.525  -9.967
LYS+1A0070_024   2.330 -12.959 -10.629
LYS+1A0070_025   6.753 -12.004  -5.250
LYS+1A0070_026   2.920 -12.399  -9.479
LYS+1A0070_027   2.166 -12.463 -10.297
LYS+1A0070_028   6.769 -11.871  -5.103
LYS+1A0070_029   5.540 -12.225  -6.685
LYS+1A0070_030   3.525 -12.347  -8.822
LYS+1A0070_031   3.052 -11.833  -8.781
LYS+1A0070_032   2.695 -12.644  -9.949
LYS+1A0070_033   1.801 -12.573 -10.771
LYS+1A0070_034   6.528 -11.743  -5.215
LYS+1A0070_035   2.116 -12.102  -9.986
LYS+1A0070_036   6.079 -12.266  -6.187
LYS+1A0070_037   2.065 -12.167 -10.102
LYS+1A0070_038   3.388 -12.083  -8.695
LYS+1A0070_039   5.506 -12.038  -6.532
LYS+1A0070_040   3.005 -12.527  -9.522
