iConf CONFORMER     FL  occ    crg   Em0  pKa0 ne nH    vdw0    vdw1    tors    epol   dsolv   extra    history
00001 GLU01A0052_001 f 0.00  0.000     0  0.00  0  0  -3.756   1.135   3.493   0.027  -0.999   0.000 01O000M000t
00002 GLU01A0052_002 f 0.00  0.000     0  0.00  0  0  -4.190   1.009   3.854   0.052  -0.989   0.000 01E009M000t
00003 GLU01A0052_003 f 0.00  0.000     0  0.00  0  0  -4.277   0.234   3.867   0.051  -1.045   0.000 01E00DM000t
00004 GLU01A0052_004 f 0.00  0.000     0  0.00  0  0  -4.079   0.901   5.907   0.056  -1.024   0.000 01E00FM000t
00005 GLU01A0052_005 f 0.00  0.000     0  0.00  0  0  -3.807   2.698   3.112   0.199  -0.837   0.000 01E010M000t
00006 GLU01A0052_006 f 0.00  0.000     0  0.00  0  0  -3.847   0.402   6.507   0.161  -0.958   0.000 01E012M000t
00007 GLU01A0052_007 f 0.00  0.000     0  0.00  0  0  -3.928   0.486   6.468   0.037  -1.039   0.000 01E015M000t
00008 GLU01A0052_008 f 0.00  0.000     0  0.00  0  0  -3.651   1.135   0.773   0.017  -0.710   0.000 01O000M000t
00009 GLU01A0052_009 f 0.00  0.000     0  0.00  0  0  -3.813   0.962   5.752   0.042  -1.090   0.000 01T003M000t
00010 GLU01A0052_010 f 0.00  0.000     0  0.00  0  0  -4.195   0.731   5.815   0.143  -0.984   0.000 01T007M000t
00011 GLU01A0052_011 f 0.00  0.000     0  0.00  0  0  -4.234   0.905   3.836   0.040  -1.053   0.000 01T00BM000t
00012 GLU01A0052_012 f 0.00  0.000     0  0.00  0  0  -3.490   0.253   3.241   0.069  -1.011   0.000 01T002M000t
00013 GLU01A0052_013 f 0.00  0.000     0  0.00  0  0  -3.665   2.148   3.335   0.092  -1.002   0.000 01T005M000t
00014 GLU01A0052_014 f 0.00  0.000     0  0.00  0  0  -3.895   1.109   3.057   0.156  -0.966   0.000 01T013M000t
00015 GLU01A0052_015 f 0.00  0.000     0  0.00  0  0  -4.372   0.765   6.234   0.049  -0.981   0.000 01T016M000t
00016 GLU01A0052_016 f 0.00  0.000     0  0.00  0  0  -3.657   0.261   0.549   0.027  -0.699   0.000 01T002M000t
00017 GLU01A0052_017 f 0.00  0.000     0  0.00  0  0  -3.702   2.055   0.632   0.026  -0.725   0.000 01T005M000t
00018 GLU01A0052_018 f 0.00  0.000     0  0.00  0  0  -4.078   0.902   3.143   0.016  -0.692   0.000 01T00FM000t
00019 GLU01A0052_019 f 0.00  0.000     0  0.00  0  0  -3.806   2.698   0.384   0.015  -0.681   0.000 01T010M000t
00020 GLU01A0052_020 f 0.00  0.000     0  0.00  0  0  -3.899   0.489   3.731   0.025  -0.737   0.000 01T015M000t
00021 GLU01A0052_021 f 0.00  0.000     0  0.00  0  0  -4.016   0.733   3.062   0.040  -0.736   0.000 01T007M000t
00022 GLU01A0052_022 f 0.00  0.000     0  0.00  0  0  -4.205   0.915   1.073   0.021  -0.700   0.000 01T00BM000t
00023 GLU01A0052_023 f 0.00  0.000     0  0.00  0  0  -3.773   0.377   3.721   0.033  -0.669   0.000 01T012M000t
00024 GLU01A0052_024 f 0.00  0.000     0  0.00  0  0  -4.429   0.101   0.896   0.038  -0.704   0.000 01T014M000t
00025 GLU01A0052_025 f 0.00  0.000     0  0.00  0  0  -4.372   0.765   3.514   0.029  -0.684   0.000 01T016M000t
00026 GLU02A0052_026 f 0.00  0.000     0  0.00  0  0  -3.802   1.142   3.493   0.039  -1.040   0.000 02O000M000t
00027 GLU02A0052_027 f 0.00  0.000     0  0.00  0  0  -3.814   0.973   5.784   0.044  -1.030   0.000 02E003M000t
00028 GLU02A0052_028 f 0.00  0.000     0  0.00  0  0  -4.170   0.706   5.831   0.022  -1.047   0.000 02E007M000t
00029 GLU02A0052_029 f 0.00  0.000     0  0.00  0  0  -4.103   0.998   3.874   0.019  -1.099   0.000 02E009M000t
00030 GLU02A0052_030 f 0.00  0.000     0  0.00  0  0  -4.215   0.243   3.893   0.061  -1.029   0.000 02E00DM000t
00031 GLU02A0052_031 f 0.00  0.000     0  0.00  0  0  -3.655   0.407   6.511   0.050  -1.046   0.000 02E012M000t
00032 GLU02A0052_032 f 0.00  0.000     0  0.00  0  0  -3.765   1.142   0.773   0.022  -0.695   0.000 02O000M000t
00033 GLU02A0052_033 f 0.00  0.000     0  0.00  0  0  -3.768   0.263   3.267   0.048  -1.056   0.000 02T002M000t
00034 GLU02A0052_034 f 0.00  0.000     0  0.00  0  0  -3.680   0.827   3.087   0.005  -1.059   0.000 02T00AM000t
00035 GLU02A0052_035 f 0.00  0.000     0  0.00  0  0  -4.039   1.092   3.039   0.055  -1.033   0.000 02T013M000t
00036 GLU02A0052_036 f 0.00  0.000     0  0.00  0  0  -3.953   1.966   3.325  -0.015  -1.001   0.000 02T005M000t
00037 GLU02A0052_037 f 0.00  0.000     0  0.00  0  0  -4.062   0.898   5.778   0.034  -1.102   0.000 02T00FM000t
00038 GLU02A0052_038 f 0.00  0.000     0  0.00  0  0  -4.406   1.107   3.802   0.003  -1.071   0.000 02T011M000t
00039 GLU02A0052_039 f 0.00  0.000     0  0.00  0  0  -3.834   0.478   6.391   0.088  -1.038   0.000 02T015M000t
00040 GLU02A0052_040 f 0.00  0.000     0  0.00  0  0  -4.409   0.763   6.191   0.055  -1.001   0.000 02T016M000t
00041 GLU02A0052_041 f 0.00  0.000     0  0.00  0  0  -4.170   0.706   3.096   0.010  -0.667   0.000 02T007M000t
00042 GLU02A0052_042 f 0.00  0.000     0  0.00  0  0  -3.539   0.827   0.367   0.015  -0.704   0.000 02T00AM000t
00043 GLU02A0052_043 f 0.00  0.000     0  0.00  0  0  -4.107   0.914   3.226   0.015  -0.699   0.000 02T00FM000t
00044 GLU02A0052_044 f 0.00  0.000     0  0.00  0  0  -3.660   0.259   0.523   0.025  -0.739   0.000 02T002M000t
00045 GLU02A0052_045 f 0.00  0.000     0  0.00  0  0  -4.017   1.966   0.606  -0.011  -0.665   0.000 02T005M000t
00046 GLU02A0052_046 f 0.00  0.000     0  0.00  0  0  -4.406   1.107   1.082  -0.001  -0.680   0.000 02T011M000t
00047 GLU02A0052_047 f 0.00  0.000     0  0.00  0  0  -3.689   0.416   3.727   0.034  -0.691   0.000 02T012M000t
00048 GLU02A0052_048 f 0.00  0.000     0  0.00  0  0  -4.427   0.099   0.838   0.053  -0.684   0.000 02T014M000t
00049 GLU02A0052_049 f 0.00  0.000     0  0.00  0  0  -3.834   0.478   3.671   0.032  -0.690   0.000 02T015M000t
00050 GLU02A0052_050 f 0.00  0.000     0  0.00  0  0  -4.409   0.763   3.471   0.022  -0.772   0.000 02T016M000t
00051 GLU-1A0052_051 f 0.00 -1.000     0  4.75  0 -1  -3.776   1.152   0.773  -0.062  -6.056   0.000 -1O000M000t
00052 GLU-1A0052_052 f 0.00 -1.000     0  4.75  0 -1  -3.617   0.276   0.517  -0.094  -6.043   0.000 -1E002M000t
00053 GLU-1A0052_053 f 0.00 -1.000     0  4.75  0 -1  -4.127   0.522   0.530  -0.171  -6.006   0.000 -1E004M000t
00054 GLU-1A0052_054 f 0.00 -1.000     0  4.75  0 -1  -3.888   1.958   0.606   0.064  -5.902   0.000 -1E005M000t
00055 GLU-1A0052_055 f 0.00 -1.000     0  4.75  0 -1  -4.132   0.736   3.056  -0.236  -5.998   0.000 -1E007M000t
00056 GLU-1A0052_056 f 0.00 -1.000     0  4.75  0 -1  -4.245   0.891   1.043  -0.069  -6.086   0.000 -1E00BM000t
00057 GLU-1A0052_057 f 0.00 -1.000     0  4.75  0 -1  -4.100   0.911   3.099  -0.087  -6.085   0.000 -1E00FM000t
00058 GLU-1A0052_058 f 0.00 -1.000     0  4.75  0 -1  -3.774   0.430   3.721  -0.123  -6.027   0.000 -1E012M000t
00059 GLU-1A0052_059 f 0.00 -1.000     0  4.75  0 -1  -4.417   0.113   0.884  -0.247  -5.984   0.000 -1E014M000t
00060 GLU-1A0052_060 f 0.00 -1.000     0  4.75  0 -1  -3.864   0.512   3.676  -0.133  -6.044   0.000 -1E015M000t
00061 GLU-1A0052_061 f 0.00 -1.000     0  4.75  0 -1  -4.397   0.753   3.499  -0.176  -5.951   0.000 -1E016M000t
