   confID        vdw0    sas     sum
GLU01A0052_001   0.964  -4.720  -3.756
GLU01A0052_002   0.475  -4.665  -4.190
GLU01A0052_003   0.480  -4.757  -4.277
GLU01A0052_004   0.578  -4.657  -4.079
GLU01A0052_005   1.191  -4.998  -3.807
GLU01A0052_006   0.913  -4.760  -3.847
GLU01A0052_007   0.979  -4.907  -3.928
GLU01A0052_008   0.964  -4.615  -3.651
GLU01A0052_009   0.930  -4.743  -3.813
GLU01A0052_010   0.978  -5.173  -4.195
GLU01A0052_011   0.474  -4.708  -4.234
GLU01A0052_012   1.166  -4.657  -3.490
GLU01A0052_013   0.958  -4.623  -3.665
GLU01A0052_014   1.109  -5.004  -3.895
GLU01A0052_015   0.512  -4.883  -4.372
GLU01A0052_016   1.073  -4.730  -3.657
GLU01A0052_017   0.897  -4.600  -3.702
GLU01A0052_018   0.579  -4.657  -4.078
GLU01A0052_019   1.193  -4.998  -3.806
GLU01A0052_020   0.982  -4.881  -3.899
GLU01A0052_021   1.061  -5.076  -4.016
GLU01A0052_022   0.502  -4.706  -4.205
GLU01A0052_023   0.987  -4.760  -3.773
GLU01A0052_024   0.528  -4.957  -4.429
GLU01A0052_025   0.512  -4.883  -4.372
GLU02A0052_026   0.851  -4.652  -3.802
GLU02A0052_027   0.832  -4.646  -3.814
GLU02A0052_028   0.878  -5.049  -4.170
GLU02A0052_029   0.486  -4.589  -4.103
GLU02A0052_030   0.486  -4.701  -4.215
GLU02A0052_031   0.919  -4.574  -3.655
GLU02A0052_032   0.851  -4.616  -3.765
GLU02A0052_033   0.941  -4.710  -3.768
GLU02A0052_034   1.062  -4.743  -3.680
GLU02A0052_035   0.939  -4.978  -4.039
GLU02A0052_036   0.823  -4.776  -3.953
GLU02A0052_037   0.606  -4.668  -4.062
GLU02A0052_038   0.463  -4.869  -4.406
GLU02A0052_039   1.052  -4.885  -3.834
GLU02A0052_040   0.534  -4.943  -4.409
GLU02A0052_041   0.878  -5.049  -4.170
GLU02A0052_042   1.062  -4.601  -3.539
GLU02A0052_043   0.536  -4.642  -4.107
GLU02A0052_044   0.960  -4.620  -3.660
GLU02A0052_045   0.823  -4.840  -4.017
GLU02A0052_046   0.463  -4.869  -4.406
GLU02A0052_047   0.953  -4.642  -3.689
GLU02A0052_048   0.565  -4.991  -4.427
GLU02A0052_049   1.052  -4.885  -3.834
GLU02A0052_050   0.534  -4.943  -4.409
GLU-1A0052_051   0.745  -4.521  -3.776
GLU-1A0052_052   0.853  -4.470  -3.617
GLU-1A0052_053   0.711  -4.838  -4.127
GLU-1A0052_054   0.723  -4.610  -3.888
GLU-1A0052_055   0.784  -4.916  -4.132
GLU-1A0052_056   0.405  -4.650  -4.245
GLU-1A0052_057   0.464  -4.564  -4.100
GLU-1A0052_058   0.824  -4.598  -3.774
GLU-1A0052_059   0.422  -4.838  -4.417
GLU-1A0052_060   0.877  -4.740  -3.864
GLU-1A0052_061   0.398  -4.795  -4.397
