iConf CONFORMER     FL  occ    crg   Em0  pKa0 ne nH    vdw0    vdw1    tors    epol   dsolv   extra    history
00001 LYS01A0009_001 f 0.00  0.000     0  0.00  0  0 -10.576   0.880   1.549  -0.006  -0.407   0.000 01O000M000t
00002 LYS01A0009_002 f 0.00  0.000     0  0.00  0  0  -8.823   5.077   1.959  -0.010  -0.407   0.000 01E022M000t
00003 LYS01A0009_003 f 0.00  0.000     0  0.00  0  0  -9.528   0.969   3.521  -0.007  -0.422   0.000 01E030M000t
00004 LYS01A0009_004 f 0.00  0.000     0  0.00  0  0  -9.356   1.418   1.566  -0.010  -0.388   0.000 01E042M000t
00005 LYS01A0009_005 f 0.00  0.000     0  0.00  0  0  -9.180   1.666   3.773  -0.012  -0.393   0.000 01E045M000t
00006 LYS01A0009_006 f 0.00  0.000     0  0.00  0  0  -7.754   1.939   3.772  -0.010  -0.377   0.000 01E04DM000t
00007 LYS01A0009_007 f 0.00  0.000     0  0.00  0  0  -9.351   1.786   5.236  -0.009  -0.418   0.000 01E04EM000t
00008 LYS01A0009_008 f 0.00  0.000     0  0.00  0  0  -8.460   1.999   3.465  -0.023  -0.394   0.000 01E051M000t
00009 LYS01A0009_009 f 0.00  0.000     0  0.00  0  0  -8.030   0.854   1.427  -0.006  -0.384   0.000 01E05CM000t
00010 LYS01A0009_010 f 0.00  0.000     0  0.00  0  0  -7.425   2.713   1.808  -0.006  -0.365   0.000 01E063M000t
00011 LYS01A0009_011 f 0.00  0.000     0  0.00  0  0  -6.308   1.685   1.839  -0.000  -0.402   0.000 01E06CM000t
00012 LYS01A0009_012 f 0.00  0.000     0  0.00  0  0  -8.006   1.598   4.246  -0.010  -0.388   0.000 01E06EM000t
00013 LYS01A0009_013 f 0.00  0.000     0  0.00  0  0  -9.517   0.805   1.886  -0.006  -0.414   0.000 01T00EM000t
00014 LYS01A0009_014 f 0.00  0.000     0  0.00  0  0  -9.436   3.240   1.355  -0.004  -0.407   0.000 01T012M000t
00015 LYS01A0009_015 f 0.00  0.000     0  0.00  0  0 -10.154   2.084   1.954  -0.011  -0.421   0.000 01T01EM000t
00016 LYS01A0009_016 f 0.00  0.000     0  0.00  0  0  -9.346   3.584   4.052  -0.019  -0.407   0.000 01T028M000t
00017 LYS01A0009_017 f 0.00  0.000     0  0.00  0  0 -10.076   1.292   3.826  -0.009  -0.407   0.000 01T044M000t
00018 LYS01A0009_018 f 0.00  0.000     0  0.00  0  0  -7.024   0.555   1.800  -0.023  -0.355   0.000 01T059M000t
00019 LYS01A0009_019 f 0.00  0.000     0  0.00  0  0  -6.394   1.306   3.740  -0.011  -0.373   0.000 01T077M000t
00020 LYS01A0009_020 f 0.00  0.000     0  0.00  0  0  -7.013   1.982   2.079  -0.014  -0.371   0.000 01T086M000t
00021 LYS+1A0009_021 f 0.00  1.000     0 10.40  0  1 -10.626   0.879   1.549   0.034  -5.897   0.000 +1O000M000t
00022 LYS+1A0009_022 f 0.00  1.000     0 10.40  0  1  -9.490   3.245   1.356   0.027  -5.889   0.000 +1E012M000t
00023 LYS+1A0009_023 f 0.00  1.000     0 10.40  0  1  -8.998   5.143   1.979   0.057  -5.867   0.000 +1E022M000t
00024 LYS+1A0009_024 f 0.00  1.000     0 10.40  0  1  -9.501   0.958   3.622   0.034  -5.876   0.000 +1E030M000t
00025 LYS+1A0009_025 f 0.00  1.000     0 10.40  0  1  -7.788   1.936   3.774   0.058  -5.819   0.000 +1E04DM000t
00026 LYS+1A0009_026 f 0.00  1.000     0 10.40  0  1  -7.103   0.511   1.810   0.023  -5.632   0.000 +1E059M000t
00027 LYS+1A0009_027 f 0.00  1.000     0 10.40  0  1  -6.241   1.695   1.854   0.107  -5.786   0.000 +1E06CM000t
00028 LYS+1A0009_028 f 0.00  1.000     0 10.40  0  1  -7.985   1.614   4.294   0.075  -5.862   0.000 +1E06EM000t
00029 LYS+1A0009_029 f 0.00  1.000     0 10.40  0  1  -9.499   0.801   1.902   0.024  -5.896   0.000 +1T00EM000t
00030 LYS+1A0009_030 f 0.00  1.000     0 10.40  0  1 -10.203   2.077   1.962   0.111  -5.896   0.000 +1T01EM000t
00031 LYS+1A0009_031 f 0.00  1.000     0 10.40  0  1  -9.374   3.540   4.065   0.090  -5.871   0.000 +1T028M000t
00032 LYS+1A0009_032 f 0.00  1.000     0 10.40  0  1  -9.421   1.404   1.571   0.091  -5.805   0.000 +1T042M000t
00033 LYS+1A0009_033 f 0.00  1.000     0 10.40  0  1 -10.076   1.293   3.924   0.075  -5.892   0.000 +1T044M000t
00034 LYS+1A0009_034 f 0.00  1.000     0 10.40  0  1  -9.237   1.649   3.808   0.058  -5.891   0.000 +1T045M000t
00035 LYS+1A0009_035 f 0.00  1.000     0 10.40  0  1  -9.402   1.802   5.393   0.041  -5.905   0.000 +1T04EM000t
00036 LYS+1A0009_036 f 0.00  1.000     0 10.40  0  1  -8.480   1.997   3.471   0.075  -5.829   0.000 +1T051M000t
00037 LYS+1A0009_037 f 0.00  1.000     0 10.40  0  1  -8.191   0.841   1.453   0.076  -5.808   0.000 +1T05CM000t
00038 LYS+1A0009_038 f 0.00  1.000     0 10.40  0  1  -7.504   2.651   1.816  -0.006  -5.605   0.000 +1T063M000t
00039 LYS+1A0009_039 f 0.00  1.000     0 10.40  0  1  -6.660   1.296   3.762   0.115  -5.640   0.000 +1T077M000t
00040 LYS+1A0009_040 f 0.00  1.000     0 10.40  0  1  -7.085   1.982   2.087   0.121  -5.724   0.000 +1T086M000t
