CONFORMER         crg  vdw0  vdw1  tors  epol  self   occ  Hb     history    ASA
LYS01A0009_001  0.000-10.51  0.88  1.55  0.00 -8.08 0.504  00  01O000M000  1.000
LYS01A0009_002  0.000 -8.82  5.08  1.96  0.00 -1.78 0.503  00  01E022M000  1.000
LYS01A0009_003  0.000 -9.53  0.97  3.52  0.00 -5.04 0.502  00  01E030M000  1.000
LYS01A0009_004  0.000 -9.37  1.42  1.57  0.00 -6.38 0.504  00  01E042M000  1.000
LYS01A0009_005  0.000 -9.18  1.66  3.77  0.00 -3.75 0.504  00  01E045M000  1.000
LYS01A0009_006  0.000 -7.76  1.94  3.77  0.00 -2.05 0.503  00  01E04DM000  1.000
LYS01A0009_007  0.000 -9.41  1.79  5.23  0.00 -2.38 0.503  00  01E04EM000  1.000
LYS01A0009_008  0.000 -8.45  2.00  3.46  0.00 -2.99 0.503  00  01E051M000  1.000
LYS01A0009_009  0.000 -8.03  0.85  1.43  0.00 -5.75 0.503  00  01E05CM000  1.000
LYS01A0009_010  0.000 -7.43  2.71  1.81  0.00 -2.91 0.503  00  01E063M000  1.000
LYS01A0009_011  0.000 -6.31  1.68  1.84  0.00 -2.78 0.504  00  01E06CM000  1.000
LYS01A0009_012  0.000 -8.00  1.59  4.24  0.00 -2.16 0.503  00  01E06EM000  1.000
LYS01A0009_013  0.000 -9.52  0.80  1.89  0.00 -6.83 0.503  00  01T00EM000  1.000
LYS01A0009_014  0.000 -9.43  3.24  1.35  0.00 -4.84 0.504  00  01T012M000  1.000
LYS01A0009_015  0.000-10.15  2.08  1.95  0.00 -6.12 0.504  00  01T01EM000  1.000
LYS01A0009_016  0.000 -9.34  3.59  4.05  0.00 -1.71 0.504  00  01T028M000  1.000
LYS01A0009_017  0.000-10.07  1.29  3.83  0.00 -4.96 0.504  00  01T044M000  1.000
LYS01A0009_018  0.000 -7.03  0.55  1.80  0.00 -4.68 0.504  00  01T059M000  1.000
LYS01A0009_019  0.000 -6.40  1.31  3.74  0.00 -1.35 0.503  00  01T077M000  1.000
LYS01A0009_020  0.000 -6.97  1.98  2.08  0.00 -2.91 0.504  00  01T086M000  1.000
LYS+1A0009_021  1.000-10.56  0.88  1.55  0.00 -8.13 0.504  00  +1O000M000  1.000
LYS+1A0009_022  1.000 -9.49  3.24  1.36  0.00 -4.89 0.504  00  +1E012M000  1.000
LYS+1A0009_023  1.000 -8.99  5.13  1.98  0.00 -1.88 0.503  00  +1E022M000  1.000
LYS+1A0009_024  1.000 -9.51  0.96  3.62  0.00 -4.93 0.502  00  +1E030M000  1.000
LYS+1A0009_025  1.000 -7.85  1.93  3.77  0.00 -2.14 0.503  00  +1E04DM000  1.000
LYS+1A0009_026  1.000 -7.11  0.51  1.81  0.00 -4.79 0.504  00  +1E059M000  1.000
LYS+1A0009_027  1.000 -6.24  1.70  1.85  0.00 -2.69 0.504  00  +1E06CM000  1.000
LYS+1A0009_028  1.000 -7.99  1.61  4.29  0.00 -2.08 0.503  00  +1E06EM000  1.000
LYS+1A0009_029  1.000 -9.50  0.80  1.90  0.00 -6.80 0.503  00  +1T00EM000  1.000
LYS+1A0009_030  1.000-10.20  2.07  1.96  0.00 -6.16 0.504  00  +1T01EM000  1.000
LYS+1A0009_031  1.000 -9.38  3.54  4.06  0.00 -1.77 0.504  00  +1T028M000  1.000
LYS+1A0009_032  1.000 -9.43  1.40  1.57  0.00 -6.45 0.504  00  +1T042M000  1.000
LYS+1A0009_033  1.000-10.07  1.29  3.93  0.00 -4.86 0.504  00  +1T044M000  1.000
LYS+1A0009_034  1.000 -9.23  1.65  3.81  0.00 -3.77 0.504  00  +1T045M000  1.000
LYS+1A0009_035  1.000 -9.40  1.80  5.39  0.00 -2.20 0.503  00  +1T04EM000  1.000
LYS+1A0009_036  1.000 -8.47  1.99  3.47  0.00 -3.01 0.503  00  +1T051M000  1.000
LYS+1A0009_037  1.000 -8.19  0.84  1.45  0.00 -5.90 0.503  00  +1T05CM000  1.000
LYS+1A0009_038  1.000 -7.51  2.65  1.81  0.00 -3.04 0.503  00  +1T063M000  1.000
LYS+1A0009_039  1.000 -6.63  1.29  3.76  0.00 -1.57 0.503  00  +1T077M000  1.000
LYS+1A0009_040  1.000 -7.10  1.98  2.09  0.00 -3.03 0.504  00  +1T086M000  1.000
