   confID        vdw0    sas     sum
LYS01A0009_001   2.293 -12.869 -10.576
LYS01A0009_002   3.582 -12.405  -8.823
LYS01A0009_003   2.845 -12.373  -9.528
LYS01A0009_004   3.230 -12.587  -9.356
LYS01A0009_005   3.101 -12.280  -9.180
LYS01A0009_006   4.301 -12.055  -7.754
LYS01A0009_007   3.057 -12.408  -9.351
LYS01A0009_008   3.660 -12.120  -8.460
LYS01A0009_009   4.003 -12.033  -8.030
LYS01A0009_010   4.597 -12.022  -7.425
LYS01A0009_011   5.609 -11.917  -6.308
LYS01A0009_012   3.765 -11.771  -8.006
LYS01A0009_013   2.811 -12.328  -9.517
LYS01A0009_014   2.528 -11.964  -9.436
LYS01A0009_015   2.464 -12.618 -10.154
LYS01A0009_016   2.496 -11.842  -9.346
LYS01A0009_017   3.005 -13.081 -10.076
LYS01A0009_018   4.598 -11.622  -7.024
LYS01A0009_019   5.605 -11.998  -6.394
LYS01A0009_020   5.104 -12.117  -7.013
LYS+1A0009_021   2.243 -12.869 -10.626
LYS+1A0009_022   2.474 -11.964  -9.490
LYS+1A0009_023   3.526 -12.524  -8.998
LYS+1A0009_024   2.856 -12.357  -9.501
LYS+1A0009_025   4.203 -11.991  -7.788
LYS+1A0009_026   4.503 -11.606  -7.103
LYS+1A0009_027   5.676 -11.917  -6.241
LYS+1A0009_028   3.696 -11.681  -7.985
LYS+1A0009_029   2.778 -12.277  -9.499
LYS+1A0009_030   2.414 -12.618 -10.203
LYS+1A0009_031   2.468 -11.842  -9.374
LYS+1A0009_032   3.181 -12.603  -9.421
LYS+1A0009_033   3.005 -13.081 -10.076
LYS+1A0009_034   3.056 -12.293  -9.237
LYS+1A0009_035   3.096 -12.498  -9.402
LYS+1A0009_036   3.640 -12.120  -8.480
LYS+1A0009_037   3.894 -12.084  -8.191
LYS+1A0009_038   4.518 -12.022  -7.504
LYS+1A0009_039   5.377 -12.037  -6.660
LYS+1A0009_040   4.942 -12.027  -7.085
