iConf CONFORMER     FL  occ    crg   Em0  pKa0 ne nH    vdw0    vdw1    tors    epol   dsolv   extra    history
00001 LYS01A0028_001 f 0.00  0.000     0  0.00  0  0 -11.130   1.154   2.668  -0.004  -0.424   0.000 01O000M000t
00002 LYS01A0028_002 f 0.00  0.000     0  0.00  0  0 -10.538   3.772   2.250  -0.011  -0.411   0.000 01E01BM000t
00003 LYS01A0028_003 f 0.00  0.000     0  0.00  0  0 -10.897   1.454   1.064  -0.002  -0.410   0.000 01E030M000t
00004 LYS01A0028_004 f 0.00  0.000     0  0.00  0  0  -9.460   5.176   2.329   0.011  -0.405   0.000 01E04BM000t
00005 LYS01A0028_005 f 0.00  0.000     0  0.00  0  0  -9.035   2.294   1.596   0.011  -0.421   0.000 01E04CM000t
00006 LYS01A0028_006 f 0.00  0.000     0  0.00  0  0  -5.336   0.772   1.890  -0.019  -0.390   0.000 01E061M000t
00007 LYS01A0028_007 f 0.00  0.000     0  0.00  0  0  -9.447   1.079   2.437  -0.011  -0.404   0.000 01E066M000t
00008 LYS01A0028_008 f 0.00  0.000     0  0.00  0  0  -9.141   1.411   1.956  -0.002  -0.402   0.000 01E078M000t
00009 LYS01A0028_009 f 0.00  0.000     0  0.00  0  0  -5.002   0.862   2.204  -0.026  -0.360   0.000 01E086M000t
00010 LYS01A0028_010 f 0.00  0.000     0  0.00  0  0  -7.076   0.853   2.421  -0.013  -0.477   0.000 01E096M000t
00011 LYS01A0028_011 f 0.00  0.000     0  0.00  0  0  -4.776   1.323   2.180   0.001  -0.445   0.000 01E09CM000t
00012 LYS01A0028_012 f 0.00  0.000     0  0.00  0  0  -8.054   1.265   1.656  -0.018  -0.414   0.000 01E0A0M000t
00013 LYS01A0028_013 f 0.00  0.000     0  0.00  0  0  -9.540   3.903   4.710   0.003  -0.406   0.000 01E0A6M000t
00014 LYS01A0028_014 f 0.00  0.000     0  0.00  0  0 -10.805   5.289   4.504   0.024  -0.422   0.000 01E0AAM000t
00015 LYS01A0028_015 f 0.00  0.000     0  0.00  0  0 -11.435   4.018   4.419  -0.005  -0.418   0.000 01T00AM000t
00016 LYS01A0028_016 f 0.00  0.000     0  0.00  0  0  -9.144   1.563   2.612  -0.002  -0.413   0.000 01T01FM000t
00017 LYS01A0028_017 f 0.00  0.000     0  0.00  0  0 -11.541   5.215   1.166  -0.006  -0.467   0.000 01T03BM000t
00018 LYS01A0028_018 f 0.00  0.000     0  0.00  0  0  -9.985   4.037   4.428  -0.002  -0.398   0.000 01T059M000t
00019 LYS01A0028_019 f 0.00  0.000     0  0.00  0  0  -9.850   3.380   4.690  -0.001  -0.414   0.000 01T07DM000t
00020 LYS01A0028_020 f 0.00  0.000     0  0.00  0  0  -5.104   1.069   2.518  -0.010  -0.454   0.000 01T087M000t
00021 LYS+1A0028_021 f 0.00  1.000     0 10.40  0  1 -11.173   1.153   2.668   0.018  -5.891   0.000 +1O000M000t
00022 LYS+1A0028_022 f 0.00  1.000     0 10.40  0  1 -10.439   3.673   2.330   0.041  -5.842   0.000 +1E01BM000t
00023 LYS+1A0028_023 f 0.00  1.000     0 10.40  0  1 -10.829   1.458   1.125  -0.059  -5.837   0.000 +1E030M000t
00024 LYS+1A0028_024 f 0.00  1.000     0 10.40  0  1  -5.501   0.761   1.977  -0.027  -5.713   0.000 +1E061M000t
00025 LYS+1A0028_025 f 0.00  1.000     0 10.40  0  1  -9.554   1.081   2.493  -0.023  -5.789   0.000 +1E066M000t
00026 LYS+1A0028_026 f 0.00  1.000     0 10.40  0  1  -9.152   1.400   2.019   0.002  -5.922   0.000 +1E078M000t
00027 LYS+1A0028_027 f 0.00  1.000     0 10.40  0  1  -9.960   3.382   4.767   0.046  -5.842   0.000 +1E07DM000t
00028 LYS+1A0028_028 f 0.00  1.000     0 10.40  0  1  -5.291   0.850   2.247  -0.062  -5.690   0.000 +1E086M000t
00029 LYS+1A0028_029 f 0.00  1.000     0 10.40  0  1  -7.026   0.847   2.460   0.076  -5.897   0.000 +1E096M000t
00030 LYS+1A0028_030 f 0.00  1.000     0 10.40  0  1  -4.836   1.319   2.207   0.002  -5.891   0.000 +1E09CM000t
00031 LYS+1A0028_031 f 0.00  1.000     0 10.40  0  1 -11.520   4.005   4.455  -0.019  -5.886   0.000 +1T00AM000t
00032 LYS+1A0028_032 f 0.00  1.000     0 10.40  0  1  -9.162   1.545   2.683   0.029  -5.836   0.000 +1T01FM000t
00033 LYS+1A0028_033 f 0.00  1.000     0 10.40  0  1 -11.584   5.299   1.180   0.063  -5.919   0.000 +1T03BM000t
00034 LYS+1A0028_034 f 0.00  1.000     0 10.40  0  1  -9.418   5.245   2.379  -0.047  -5.846   0.000 +1T04BM000t
00035 LYS+1A0028_035 f 0.00  1.000     0 10.40  0  1  -9.045   2.318   1.615  -0.036  -5.763   0.000 +1T04CM000t
00036 LYS+1A0028_036 f 0.00  1.000     0 10.40  0  1 -10.236   4.050   4.476   0.044  -5.831   0.000 +1T059M000t
00037 LYS+1A0028_037 f 0.00  1.000     0 10.40  0  1  -5.059   1.062   2.550   0.020  -5.886   0.000 +1T087M000t
00038 LYS+1A0028_038 f 0.00  1.000     0 10.40  0  1  -8.161   1.265   1.680  -0.032  -5.750   0.000 +1T0A0M000t
00039 LYS+1A0028_039 f 0.00  1.000     0 10.40  0  1  -9.696   3.914   4.735  -0.040  -5.895   0.000 +1T0A6M000t
00040 LYS+1A0028_040 f 0.00  1.000     0 10.40  0  1 -10.952   5.353   4.523  -0.113  -5.817   0.000 +1T0AAM000t
