CONFORMER         crg  vdw0  vdw1  tors  epol  self   occ  Hb     history    ASA
LYS01A0028_001  0.000-11.13  1.05  2.67  0.00 -7.41 0.503  00  01O000M000  1.000
LYS01A0028_002  0.000-10.53  3.72  2.25  0.00 -4.57 0.502  00  01E01BM000  1.000
LYS01A0028_003  0.000-10.90  1.40  1.06  0.00 -8.43 0.502  00  01E030M000  1.000
LYS01A0028_004  0.000 -9.45  5.16  2.33  0.00 -1.96 0.503  00  01E04BM000  1.000
LYS01A0028_005  0.000 -9.04  2.29  1.59  0.00 -5.15 0.502  00  01E04CM000  1.000
LYS01A0028_006  0.000 -5.33  0.67  1.89  0.00 -2.77 0.502  00  01E061M000  1.000
LYS01A0028_007  0.000 -9.44  0.98  2.44  0.00 -6.03 0.503  00  01E066M000  1.000
LYS01A0028_008  0.000 -9.13  1.35  1.95  0.00 -5.83 0.502  00  01E078M000  1.000
LYS01A0028_009  0.000 -5.01  0.82  2.21  0.00 -1.98 0.502  00  01E086M000  1.000
LYS01A0028_010  0.000 -7.07  0.81  2.42  0.00 -3.84 0.502  00  01E096M000  1.000
LYS01A0028_011  0.000 -4.80  1.32  2.18  0.00 -1.30 0.503  00  01E09CM000  1.000
LYS01A0028_012  0.000 -8.05  1.26  1.65  0.00 -5.14 0.503  00  01E0A0M000  1.000
LYS01A0028_013  0.000 -9.54  3.91  4.71  0.00 -0.93 0.504  00  01E0A6M000  1.000
LYS01A0028_014  0.000-10.81  5.28  4.50  0.00 -1.02 0.503  00  01E0AAM000  1.000
LYS01A0028_015  0.000-11.43  4.02  4.42  0.00 -3.00 0.503  00  01T00AM000  1.000
LYS01A0028_016  0.000 -9.15  1.56  2.61  0.00 -4.97 0.503  00  01T01FM000  1.000
LYS01A0028_017  0.000-11.54  5.17  1.17  0.00 -5.20 0.503  00  01T03BM000  1.000
LYS01A0028_018  0.000 -9.99  4.04  4.43  0.00 -1.52 0.502  00  01T059M000  1.000
LYS01A0028_019  0.000 -9.85  3.33  4.69  0.00 -1.83 0.504  00  01T07DM000  1.000
LYS01A0028_020  0.000 -5.08  1.02  2.52  0.00 -1.54 0.504  00  01T087M000  1.000
LYS+1A0028_021  1.000-11.18  1.05  2.67  0.00 -7.45 0.503  00  +1O000M000  1.000
LYS+1A0028_022  1.000-10.43  3.63  2.33  0.00 -4.48 0.502  00  +1E01BM000  1.000
LYS+1A0028_023  1.000-10.83  1.40  1.12  0.00 -8.30 0.502  00  +1E030M000  1.000
LYS+1A0028_024  1.000 -5.49  0.66  1.98  0.00 -2.85 0.502  00  +1E061M000  1.000
LYS+1A0028_025  1.000 -9.55  0.98  2.50  0.00 -6.08 0.503  00  +1E066M000  1.000
LYS+1A0028_026  1.000 -9.15  1.35  2.02  0.00 -5.78 0.502  00  +1E078M000  1.000
LYS+1A0028_027  1.000 -9.97  3.34  4.76  0.00 -1.87 0.504  00  +1E07DM000  1.000
LYS+1A0028_028  1.000 -5.29  0.80  2.25  0.00 -2.24 0.502  00  +1E086M000  1.000
LYS+1A0028_029  1.000 -7.03  0.80  2.46  0.00 -3.77 0.502  00  +1E096M000  1.000
LYS+1A0028_030  1.000 -4.85  1.32  2.21  0.00 -1.33 0.503  00  +1E09CM000  1.000
LYS+1A0028_031  1.000-11.52  4.00  4.45  0.00 -3.07 0.503  00  +1T00AM000  1.000
LYS+1A0028_032  1.000 -9.17  1.55  2.68  0.00 -4.94 0.503  00  +1T01FM000  1.000
LYS+1A0028_033  1.000-11.58  5.26  1.18  0.00 -5.14 0.503  00  +1T03BM000  1.000
LYS+1A0028_034  1.000 -9.42  5.25  2.38  0.00 -1.79 0.503  00  +1T04BM000  1.000
LYS+1A0028_035  1.000 -9.05  2.32  1.61  0.00 -5.11 0.502  00  +1T04CM000  1.000
LYS+1A0028_036  1.000-10.30  4.05  4.47  0.00 -1.78 0.502  00  +1T059M000  1.000
LYS+1A0028_037  1.000 -5.05  1.02  2.55  0.00 -1.49 0.504  00  +1T087M000  1.000
LYS+1A0028_038  1.000 -8.17  1.26  1.68  0.00 -5.23 0.503  00  +1T0A0M000  1.000
LYS+1A0028_039  1.000 -9.69  3.91  4.74  0.00 -1.05 0.504  00  +1T0A6M000  1.000
LYS+1A0028_040  1.000-10.95  5.35  4.52  0.00 -1.07 0.503  00  +1T0AAM000  1.000
