   confID        vdw0    sas     sum
LYS01A0028_001   1.329 -12.459 -11.130
LYS01A0028_002   2.363 -12.901 -10.538
LYS01A0028_003   1.213 -12.109 -10.897
LYS01A0028_004   2.730 -12.190  -9.460
LYS01A0028_005   2.858 -11.894  -9.035
LYS01A0028_006   6.044 -11.380  -5.336
LYS01A0028_007   2.685 -12.132  -9.447
LYS01A0028_008   2.650 -11.791  -9.141
LYS01A0028_009   7.140 -12.143  -5.002
LYS01A0028_010   5.169 -12.244  -7.076
LYS01A0028_011   7.545 -12.321  -4.776
LYS01A0028_012   3.722 -11.776  -8.054
LYS01A0028_013   2.723 -12.263  -9.540
LYS01A0028_014   1.433 -12.238 -10.805
LYS01A0028_015   0.976 -12.411 -11.435
LYS01A0028_016   2.900 -12.045  -9.144
LYS01A0028_017   0.674 -12.215 -11.541
LYS01A0028_018   2.391 -12.377  -9.985
LYS01A0028_019   2.227 -12.077  -9.850
LYS01A0028_020   7.188 -12.292  -5.104
LYS+1A0028_021   1.286 -12.459 -11.173
LYS+1A0028_022   2.410 -12.849 -10.439
LYS+1A0028_023   1.138 -11.968 -10.829
LYS+1A0028_024   6.082 -11.583  -5.501
LYS+1A0028_025   2.643 -12.197  -9.554
LYS+1A0028_026   2.600 -11.752  -9.152
LYS+1A0028_027   2.139 -12.100  -9.960
LYS+1A0028_028   6.967 -12.259  -5.291
LYS+1A0028_029   5.179 -12.206  -7.026
LYS+1A0028_030   7.463 -12.299  -4.836
LYS+1A0028_031   0.942 -12.463 -11.520
LYS+1A0028_032   2.883 -12.045  -9.162
LYS+1A0028_033   0.631 -12.215 -11.584
LYS+1A0028_034   2.704 -12.122  -9.418
LYS+1A0028_035   2.848 -11.894  -9.045
LYS+1A0028_036   2.327 -12.563 -10.236
LYS+1A0028_037   7.182 -12.241  -5.059
LYS+1A0028_038   3.683 -11.843  -8.161
LYS+1A0028_039   2.683 -12.379  -9.696
LYS+1A0028_040   1.350 -12.302 -10.952
