iConf CONFORMER     FL  occ    crg   Em0  pKa0 ne nH    vdw0    vdw1    tors    epol   dsolv   extra    history
00001 ASP01A0019_001 f 0.00  0.000     0  0.00  0  0  -4.303   2.185   3.401   0.575  -1.905   0.000 01O000M000t
00002 ASP01A0019_002 f 0.00  0.000     0  0.00  0  0  -4.007  -0.152   3.960   0.392  -2.508   0.000 01E003M000t
00003 ASP01A0019_003 f 0.00  0.000     0  0.00  0  0  -4.360  -0.018   3.944   0.157  -2.360   0.000 01E009M000t
00004 ASP01A0019_004 f 0.00  0.000     0  0.00  0  0  -4.367   2.185   0.681   0.130  -1.568   0.000 01O000M000t
00005 ASP01A0019_005 f 0.00  0.000     0  0.00  0  0  -4.352   1.366   2.798   0.276  -1.587   0.000 01E004M000t
00006 ASP01A0019_006 f 0.00  0.000     0  0.00  0  0  -4.280   1.307   5.465   0.329  -2.383   0.000 01T004M000t
00007 ASP01A0019_007 f 0.00  0.000     0  0.00  0  0  -4.068   0.096   3.960   0.142  -2.372   0.000 01T006M000t
00008 ASP01A0019_008 f 0.00  0.000     0  0.00  0  0  -4.300   0.243   5.453   0.169  -2.314   0.000 01T008M000t
00009 ASP01A0019_009 f 0.00  0.000     0  0.00  0  0  -4.525   0.666   3.480   0.482  -2.233   0.000 01T005M000t
00010 ASP01A0019_010 f 0.00  0.000     0  0.00  0  0  -4.697   1.160   4.752   0.331  -2.030   0.000 01T007M000t
00011 ASP01A0019_011 f 0.00  0.000     0  0.00  0  0  -4.068   0.096   1.240   0.104  -1.561   0.000 01T006M000t
00012 ASP01A0019_012 f 0.00  0.000     0  0.00  0  0  -4.300   0.243   2.733   0.118  -1.605   0.000 01T008M000t
00013 ASP01A0019_013 f 0.00  0.000     0  0.00  0  0  -4.371   0.046   1.242   0.147  -1.587   0.000 01T009M000t
00014 ASP02A0019_014 f 0.00  0.000     0  0.00  0  0  -4.317   1.527   3.401   0.170  -2.316   0.000 02O000M000t
00015 ASP02A0019_015 f 0.00  0.000     0  0.00  0  0  -4.125   0.026   3.993   0.233  -2.006   0.000 02E003M000t
00016 ASP02A0019_016 f 0.00  0.000     0  0.00  0  0  -4.465   0.810   4.691   0.167  -2.295   0.000 02E007M000t
00017 ASP02A0019_017 f 0.00  0.000     0  0.00  0  0  -4.317   1.527   0.681   0.134  -1.548   0.000 02O000M000t
00018 ASP02A0019_018 f 0.00  0.000     0  0.00  0  0  -4.504   0.094   1.238   0.151  -1.622   0.000 02E009M000t
00019 ASP02A0019_019 f 0.00  0.000     0  0.00  0  0  -4.303   1.491   5.474   0.526  -2.194   0.000 02T004M000t
00020 ASP02A0019_020 f 0.00  0.000     0  0.00  0  0  -4.199   0.286   4.000   0.771  -2.109   0.000 02T006M000t
00021 ASP02A0019_021 f 0.00  0.000     0  0.00  0  0  -4.766   0.068   3.962   0.261  -2.235   0.000 02T009M000t
00022 ASP02A0019_022 f 0.00  0.000     0  0.00  0  0  -4.510   0.292   3.513   0.211  -2.395   0.000 02T005M000t
00023 ASP02A0019_023 f 0.00  0.000     0  0.00  0  0  -4.151   0.026   1.267   0.227  -1.467   0.000 02T003M000t
00024 ASP02A0019_024 f 0.00  0.000     0  0.00  0  0  -4.303   1.491   2.754   0.278  -1.578   0.000 02T004M000t
00025 ASP02A0019_025 f 0.00  0.000     0  0.00  0  0  -4.510   0.292   0.793   0.202  -1.602   0.000 02T005M000t
00026 ASP02A0019_026 f 0.00  0.000     0  0.00  0  0  -4.641   1.048   1.979   0.116  -1.589   0.000 02T007M000t
00027 ASP-1A0019_027 f 0.00 -1.000     0  4.75  0 -1  -4.216   1.548   0.681  -0.423 -12.994   0.000 -1O000M000t
00028 ASP-1A0019_028 f 0.00 -1.000     0  4.75  0 -1  -4.207   1.290   2.618  -0.587 -13.108   0.000 -1E004M000t
00029 ASP-1A0019_029 f 0.00 -1.000     0  4.75  0 -1  -4.361   0.273   0.741  -0.429 -13.170   0.000 -1E005M000t
00030 ASP-1A0019_030 f 0.00 -1.000     0  4.75  0 -1  -4.393  -0.022   1.145  -0.263 -13.121   0.000 -1E009M000t
