   confID        vdw0    sas     sum
ASP01A0019_001   0.102  -4.405  -4.303
ASP01A0019_002   0.360  -4.368  -4.007
ASP01A0019_003   0.353  -4.713  -4.360
ASP01A0019_004   0.102  -4.469  -4.367
ASP01A0019_005   0.390  -4.743  -4.352
ASP01A0019_006   0.392  -4.672  -4.280
ASP01A0019_007   0.357  -4.425  -4.068
ASP01A0019_008   0.388  -4.688  -4.300
ASP01A0019_009   0.216  -4.741  -4.525
ASP01A0019_010   0.232  -4.930  -4.697
ASP01A0019_011   0.357  -4.425  -4.068
ASP01A0019_012   0.388  -4.688  -4.300
ASP01A0019_013   0.344  -4.715  -4.371
ASP02A0019_014   0.181  -4.498  -4.317
ASP02A0019_015   0.305  -4.430  -4.125
ASP02A0019_016   0.338  -4.802  -4.465
ASP02A0019_017   0.181  -4.498  -4.317
ASP02A0019_018   0.302  -4.806  -4.504
ASP02A0019_019   0.368  -4.671  -4.303
ASP02A0019_020   0.307  -4.505  -4.199
ASP02A0019_021   0.301  -5.067  -4.766
ASP02A0019_022   0.337  -4.847  -4.510
ASP02A0019_023   0.305  -4.456  -4.151
ASP02A0019_024   0.368  -4.671  -4.303
ASP02A0019_025   0.337  -4.847  -4.510
ASP02A0019_026   0.303  -4.944  -4.641
ASP-1A0019_027   0.099  -4.315  -4.216
ASP-1A0019_028   0.305  -4.512  -4.207
ASP-1A0019_029   0.225  -4.586  -4.361
ASP-1A0019_030   0.254  -4.646  -4.393
