iConf CONFORMER     FL  occ    crg   Em0  pKa0 ne nH    vdw0    vdw1    tors    epol   dsolv   extra    history
00001 TYR01A0115_001 f 0.00  0.000     0  0.00  0  0 -10.933  -0.577   0.052   0.019  -0.108   0.000 01O000M000t
00002 TYR01A0115_002 f 0.00  0.000     0  0.00  0  0 -10.180   0.012   0.047  -0.006  -0.109   0.000 01E004M000t
00003 TYR01A0115_003 f 0.00  0.000     0  0.00  0  0 -11.442   0.941   2.739   0.012  -0.111   0.000 01E012M000t
00004 TYR01A0115_004 f 0.00  0.000     0  0.00  0  0 -11.477   1.311   0.028   0.027  -0.108   0.000 01T006M000t
00005 TYR01A0115_005 f 0.00  0.000     0  0.00  0  0 -10.475  -0.561   0.049   0.018  -0.108   0.000 01T008M000t
00006 TYR01A0115_006 f 0.00  0.000     0  0.00  0  0 -11.367   1.921   0.021   0.022  -0.109   0.000 01T009M000t
00007 TYR01A0115_007 f 0.00  0.000     0  0.00  0  0 -10.736   0.461   2.744   0.020  -0.110   0.000 01T005M000t
00008 TYR01A0115_008 f 0.00  0.000     0  0.00  0  0 -10.754   2.534   0.060   0.043  -0.097   0.000 01T007M000t
00009 TYR01A0115_009 f 0.00  0.000     0  0.00  0  0 -11.090   1.170   2.744   0.031  -0.110   0.000 01T00BM000t
00010 TYR01A0115_010 f 0.00  0.000     0  0.00  0  0 -10.614   1.085   2.744   0.030  -0.115   0.000 01T001M000t
00011 TYR01A0115_011 f 0.00  0.000     0  0.00  0  0 -10.569   1.292   2.744   0.025  -0.109   0.000 01T003M000t
00012 TYR01A0115_012 f 0.00  0.000     0  0.00  0  0 -11.136   3.312   0.060   0.044  -0.120   0.000 01T00AM000t
00013 TYR01A0115_013 f 0.00  0.000     0  0.00  0  0 -10.706  -0.296   0.047   0.069  -0.107   0.000 01T00CM000t
00014 TYR01A0115_014 f 0.00  0.000     0  0.00  0  0 -11.829   4.525   2.731   0.020  -0.112   0.000 01T011M000t
00015 TYR01A0115_015 f 0.00  0.000     0  0.00  0  0 -10.989   0.477   2.744   0.021  -0.109   0.000 01T013M000t
00016 TYR01A0115_016 f 0.00  0.000     0  0.00  0  0 -10.712  -0.434   0.047   0.067  -0.108   0.000 01T002M000t
00017 TYR01A0115_017 f 0.00  0.000     0  0.00  0  0 -11.036  -0.250   0.047   0.003  -0.112   0.000 01T00EM000t
00018 TYR01A0115_018 f 0.00  0.000     0  0.00  0  0 -10.185   0.109   0.046  -0.006  -0.113   0.000 01T00FM000t
00019 TYR01A0115_019 f 0.00  0.000     0  0.00  0  0 -10.967  -0.141   0.047   0.009  -0.113   0.000 01T010M000t
00020 TYR01A0115_020 f 0.00  0.000     0  0.00  0  0 -11.315   1.035   2.739   0.017  -0.121   0.000 01T014M000t
00021 TYR-1A0115_021 f 0.00 -1.000     0 10.20  0 -1 -10.933  -0.577   0.052  -0.048  -0.982   0.000 -1O000M000t
00022 TYR-1A0115_022 f 0.00 -1.000     0 10.20  0 -1 -10.748   1.085   2.742   0.007  -0.981   0.000 -1E001M000t
00023 TYR-1A0115_023 f 0.00 -1.000     0 10.20  0 -1 -10.540   1.307   2.744   0.018  -0.971   0.000 -1E003M000t
00024 TYR-1A0115_024 f 0.00 -1.000     0 10.20  0 -1 -10.190   0.011   0.046  -0.087  -0.983   0.000 -1E004M000t
00025 TYR-1A0115_025 f 0.00 -1.000     0 10.20  0 -1 -10.794   0.457   2.742  -0.060  -0.983   0.000 -1E005M000t
00026 TYR-1A0115_026 f 0.00 -1.000     0 10.20  0 -1 -11.588   1.300   0.027  -0.042  -0.984   0.000 -1E006M000t
00027 TYR-1A0115_027 f 0.00 -1.000     0 10.20  0 -1 -10.476  -0.562   0.048  -0.050  -0.981   0.000 -1E008M000t
00028 TYR-1A0115_028 f 0.00 -1.000     0 10.20  0 -1 -11.397   1.930   0.020  -0.044  -0.987   0.000 -1E009M000t
00029 TYR-1A0115_029 f 0.00 -1.000     0 10.20  0 -1 -11.187   2.869   0.062  -0.032  -0.981   0.000 -1E00AM000t
00030 TYR-1A0115_030 f 0.00 -1.000     0 10.20  0 -1 -11.165   1.169   2.742   0.006  -0.978   0.000 -1E00BM000t
00031 TYR-1A0115_031 f 0.00 -1.000     0 10.20  0 -1 -10.711  -0.247   0.045   0.108  -0.972   0.000 -1E00CM000t
00032 TYR-1A0115_032 f 0.00 -1.000     0 10.20  0 -1 -10.193   0.180   0.045  -0.088  -0.984   0.000 -1E00FM000t
00033 TYR-1A0115_033 f 0.00 -1.000     0 10.20  0 -1 -10.802   0.474   2.742  -0.061  -0.985   0.000 -1E013M000t
00034 TYR-1A0115_034 f 0.00 -1.000     0 10.20  0 -1 -10.663  -0.435   0.046   0.107  -0.968   0.000 -1T002M000t
00035 TYR-1A0115_035 f 0.00 -1.000     0 10.20  0 -1 -10.746   2.496   0.062  -0.030  -0.983   0.000 -1T007M000t
00036 TYR-1A0115_036 f 0.00 -1.000     0 10.20  0 -1 -11.027  -0.250   0.045  -0.079  -0.980   0.000 -1T00EM000t
00037 TYR-1A0115_037 f 0.00 -1.000     0 10.20  0 -1 -10.976  -0.137   0.046  -0.079  -0.983   0.000 -1T010M000t
00038 TYR-1A0115_038 f 0.00 -1.000     0 10.20  0 -1 -11.704   4.501   2.728  -0.059  -0.984   0.000 -1T011M000t
00039 TYR-1A0115_039 f 0.00 -1.000     0 10.20  0 -1 -11.396   0.915   2.737  -0.066  -0.990   0.000 -1T012M000t
00040 TYR-1A0115_040 f 0.00 -1.000     0 10.20  0 -1 -11.313   1.037   2.737  -0.066  -0.996   0.000 -1T014M000t
