   confID        vdw0    sas     sum
TYR01A0115_001   3.825 -14.758 -10.933
TYR01A0115_002   3.833 -14.012 -10.180
TYR01A0115_003   3.771 -15.213 -11.442
TYR01A0115_004   3.479 -14.956 -11.477
TYR01A0115_005   3.742 -14.218 -10.475
TYR01A0115_006   3.445 -14.812 -11.367
TYR01A0115_007   3.823 -14.559 -10.736
TYR01A0115_008   3.778 -14.532 -10.754
TYR01A0115_009   3.752 -14.841 -11.090
TYR01A0115_010   3.824 -14.439 -10.614
TYR01A0115_011   3.836 -14.404 -10.569
TYR01A0115_012   3.682 -14.818 -11.136
TYR01A0115_013   3.752 -14.459 -10.706
TYR01A0115_014   3.494 -15.323 -11.829
TYR01A0115_015   3.741 -14.730 -10.989
TYR01A0115_016   3.840 -14.552 -10.712
TYR01A0115_017   3.758 -14.794 -11.036
TYR01A0115_018   3.759 -13.944 -10.185
TYR01A0115_019   3.664 -14.630 -10.967
TYR01A0115_020   3.662 -14.977 -11.315
TYR-1A0115_021   3.825 -14.758 -10.933
TYR-1A0115_022   3.826 -14.574 -10.748
TYR-1A0115_023   3.831 -14.371 -10.540
TYR-1A0115_024   3.822 -14.012 -10.190
TYR-1A0115_025   3.825 -14.619 -10.794
TYR-1A0115_026   3.486 -15.074 -11.588
TYR-1A0115_027   3.741 -14.218 -10.476
TYR-1A0115_028   3.448 -14.845 -11.397
TYR-1A0115_029   3.675 -14.863 -11.187
TYR-1A0115_030   3.744 -14.909 -11.165
TYR-1A0115_031   3.748 -14.459 -10.711
TYR-1A0115_032   3.751 -13.944 -10.193
TYR-1A0115_033   3.743 -14.544 -10.802
TYR-1A0115_034   3.839 -14.502 -10.663
TYR-1A0115_035   3.786 -14.532 -10.746
TYR-1A0115_036   3.767 -14.794 -11.027
TYR-1A0115_037   3.655 -14.630 -10.976
TYR-1A0115_038   3.492 -15.195 -11.704
TYR-1A0115_039   3.767 -15.162 -11.396
TYR-1A0115_040   3.663 -14.977 -11.313
