CONFORMER         crg  vdw0  vdw1  tors  epol  self   occ  Hb     history    ASA
LYS01A0116_001  0.000-11.98  0.69  3.59  0.00 -7.70 0.501  00  01O000M000  1.000
LYS01A0116_002  0.000-12.39  0.53  1.64  0.00-10.23 0.501  00  01E016M000  1.000
LYS01A0116_003  0.000-11.74  0.59  2.65  0.00 -8.50 0.501  00  01E017M000  1.000
LYS01A0116_004  0.000-12.35  3.59  3.01  0.00 -5.74 0.501  00  01E05FM000  1.000
LYS01A0116_005  0.000-11.71 -0.11  2.79  0.00 -9.03 0.501  00  01E0F5M000  1.000
LYS01A0116_006  0.000-12.40  0.28  2.71  0.00 -9.41 0.501  00  01E104M000  1.000
LYS01A0116_007  0.000-10.35  1.84  3.17  0.00 -5.34 0.502  00  01E137M000  1.000
LYS01A0116_008  0.000-12.74  2.15  2.15  0.00 -8.44 0.501  00  01E14DM000  1.000
LYS01A0116_009  0.000-10.94  0.38  2.53  0.00 -8.03 0.501  00  01E15EM000  1.000
LYS01A0116_010  0.000-10.16 -0.02  3.10  0.00 -7.08 0.501  00  01E1B8M000  1.000
LYS01A0116_011  0.000 -6.83 -0.16  3.09  0.00 -3.90 0.501  00  01E1C7M000  1.000
LYS01A0116_012  0.000-11.61  2.03  2.43  0.00 -7.15 0.501  00  01E20BM000  1.000
LYS01A0116_013  0.000-12.42  0.72  2.37  0.00 -9.33 0.501  00  01T00CM000  1.000
LYS01A0116_014  0.000 -9.30 -0.22  2.44  0.00 -7.07 0.501  00  01T081M000  1.000
LYS01A0116_015  0.000-12.41  0.20  3.48  0.00 -8.73 0.501  00  01T083M000  1.000
LYS01A0116_016  0.000-11.36  1.68  2.43  0.00 -7.24 0.501  00  01T089M000  1.000
LYS01A0116_017  0.000-10.69  0.31  3.39  0.00 -6.99 0.501  00  01T090M000  1.000
LYS01A0116_018  0.000-11.87  0.16  2.83  0.00 -8.88 0.501  00  01T10DM000  1.000
LYS01A0116_019  0.000 -9.84  0.64  2.93  0.00 -6.26 0.501  00  01T148M000  1.000
LYS01A0116_020  0.000-10.43 -0.43  2.41  0.00 -8.45 0.501  00  01T1B3M000  1.000
LYS+1A0116_021  1.000-12.03  0.69  3.59  0.00 -7.74 0.501  00  +1O000M000  1.000
LYS+1A0116_022  1.000-12.37  0.73  2.41  0.00 -9.23 0.501  00  +1E00CM000  1.000
LYS+1A0116_023  1.000-11.77  0.58  2.72  0.00 -8.47 0.501  00  +1E017M000  1.000
LYS+1A0116_024  1.000 -9.15 -0.22  2.54  0.00 -6.83 0.501  00  +1E081M000  1.000
LYS+1A0116_025  1.000-11.42  1.69  2.47  0.00 -7.25 0.501  00  +1E089M000  1.000
LYS+1A0116_026  1.000-12.49  0.28  2.75  0.00 -9.46 0.501  00  +1E104M000  1.000
LYS+1A0116_027  1.000-11.94  0.15  2.87  0.00 -8.92 0.501  00  +1E10DM000  1.000
LYS+1A0116_028  1.000-12.93  2.12  2.19  0.00 -8.62 0.501  00  +1E14DM000  1.000
LYS+1A0116_029  1.000 -9.98 -0.02  3.19  0.00 -6.81 0.501  00  +1E1B8M000  1.000
LYS+1A0116_030  1.000 -6.89 -0.16  3.12  0.00 -3.94 0.501  00  +1E1C7M000  1.000
LYS+1A0116_031  1.000-11.71  2.05  2.50  0.00 -7.16 0.501  00  +1E20BM000  1.000
LYS+1A0116_032  1.000-12.57  0.53  1.65  0.00-10.39 0.501  00  +1T016M000  1.000
LYS+1A0116_033  1.000-12.31  3.58  3.05  0.00 -5.67 0.501  00  +1T05FM000  1.000
LYS+1A0116_034  1.000-12.45  0.20  3.52  0.00 -8.73 0.501  00  +1T083M000  1.000
LYS+1A0116_035  1.000-10.69  0.28  3.41  0.00 -7.00 0.501  00  +1T090M000  1.000
LYS+1A0116_036  1.000-11.69 -0.11  2.86  0.00 -8.94 0.501  00  +1T0F5M000  1.000
LYS+1A0116_037  1.000-10.35  1.85  3.22  0.00 -5.27 0.502  00  +1T137M000  1.000
LYS+1A0116_038  1.000 -9.90  0.64  2.99  0.00 -6.27 0.501  00  +1T148M000  1.000
LYS+1A0116_039  1.000-11.05  0.38  2.56  0.00 -8.11 0.501  00  +1T15EM000  1.000
LYS+1A0116_040  1.000-10.40 -0.41  2.43  0.00 -8.39 0.501  00  +1T1B3M000  1.000
