iConf CONFORMER     FL  occ    crg   Em0  pKa0 ne nH    vdw0    vdw1    tors    epol   dsolv   extra    history
00001 LYS01A0116_001 f 0.00  0.000     0  0.00  0  0 -11.980   0.742   3.590  -0.006  -0.063   0.000 01O000M000t
00002 LYS01A0116_002 f 0.00  0.000     0  0.00  0  0 -12.441   0.578   1.635  -0.006  -0.063   0.000 01E016M000t
00003 LYS01A0116_003 f 0.00  0.000     0  0.00  0  0 -11.738   0.640   2.644  -0.006  -0.064   0.000 01E017M000t
00004 LYS01A0116_004 f 0.00  0.000     0  0.00  0  0 -12.345   3.590   3.013  -0.008  -0.064   0.000 01E05FM000t
00005 LYS01A0116_005 f 0.00  0.000     0  0.00  0  0 -11.715  -0.059   2.797  -0.007  -0.061   0.000 01E0F5M000t
00006 LYS01A0116_006 f 0.00  0.000     0  0.00  0  0 -12.400   0.327   2.709  -0.004  -0.063   0.000 01E104M000t
00007 LYS01A0116_007 f 0.00  0.000     0  0.00  0  0 -10.352   1.893   3.164   0.009  -0.056   0.000 01E137M000t
00008 LYS01A0116_008 f 0.00  0.000     0  0.00  0  0 -12.738   2.145   2.154  -0.008  -0.062   0.000 01E14DM000t
00009 LYS01A0116_009 f 0.00  0.000     0  0.00  0  0 -10.937   0.377   2.534  -0.005  -0.060   0.000 01E15EM000t
00010 LYS01A0116_010 f 0.00  0.000     0  0.00  0  0 -10.040  -0.018   3.105  -0.007  -0.059   0.000 01E1B8M000t
00011 LYS01A0116_011 f 0.00  0.000     0  0.00  0  0  -6.827  -0.162   3.089  -0.051  -0.047   0.000 01E1C7M000t
00012 LYS01A0116_012 f 0.00  0.000     0  0.00  0  0 -11.607   2.036   2.432  -0.010  -0.057   0.000 01E20BM000t
00013 LYS01A0116_013 f 0.00  0.000     0  0.00  0  0 -12.417   0.719   2.374  -0.005  -0.068   0.000 01T00CM000t
00014 LYS01A0116_014 f 0.00  0.000     0  0.00  0  0  -9.301  -0.166   2.438  -0.009  -0.057   0.000 01T081M000t
00015 LYS01A0116_015 f 0.00  0.000     0  0.00  0  0 -12.407   0.255   3.476  -0.003  -0.063   0.000 01T083M000t
00016 LYS01A0116_016 f 0.00  0.000     0  0.00  0  0 -11.361   1.774   2.436  -0.005  -0.056   0.000 01T089M000t
00017 LYS01A0116_017 f 0.00  0.000     0  0.00  0  0 -10.698   0.311   3.385  -0.014  -0.056   0.000 01T090M000t
00018 LYS01A0116_018 f 0.00  0.000     0  0.00  0  0 -11.868   0.211   2.835  -0.002  -0.061   0.000 01T10DM000t
00019 LYS01A0116_019 f 0.00  0.000     0  0.00  0  0  -9.842   0.641   2.939  -0.006  -0.055   0.000 01T148M000t
00020 LYS01A0116_020 f 0.00  0.000     0  0.00  0  0 -10.433  -0.429   2.408  -0.016  -0.052   0.000 01T1B3M000t
00021 LYS+1A0116_021 f 0.00  1.000     0 10.40  0  1 -12.025   0.741   3.590   0.045  -1.015   0.000 +1O000M000t
00022 LYS+1A0116_022 f 0.00  1.000     0 10.40  0  1 -12.371   0.725   2.409   0.021  -1.012   0.000 +1E00CM000t
00023 LYS+1A0116_023 f 0.00  1.000     0 10.40  0  1 -11.776   0.634   2.716   0.039  -1.014   0.000 +1E017M000t
00024 LYS+1A0116_024 f 0.00  1.000     0 10.40  0  1  -9.094  -0.169   2.539   0.026  -0.984   0.000 +1E081M000t
00025 LYS+1A0116_025 f 0.00  1.000     0 10.40  0  1 -11.420   1.787   2.476   0.046  -0.985   0.000 +1E089M000t
00026 LYS+1A0116_026 f 0.00  1.000     0 10.40  0  1 -12.489   0.331   2.751   0.029  -1.015   0.000 +1E104M000t
00027 LYS+1A0116_027 f 0.00  1.000     0 10.40  0  1 -11.939   0.202   2.870   0.065  -0.998   0.000 +1E10DM000t
00028 LYS+1A0116_028 f 0.00  1.000     0 10.40  0  1 -12.910   2.121   2.190   0.064  -1.009   0.000 +1E14DM000t
00029 LYS+1A0116_029 f 0.00  1.000     0 10.40  0  1  -9.985  -0.022   3.196   0.053  -0.997   0.000 +1E1B8M000t
00030 LYS+1A0116_030 f 0.00  1.000     0 10.40  0  1  -6.884  -0.163   3.121   0.001  -0.907   0.000 +1E1C7M000t
00031 LYS+1A0116_031 f 0.00  1.000     0 10.40  0  1 -11.709   2.050   2.501   0.075  -0.989   0.000 +1E20BM000t
00032 LYS+1A0116_032 f 0.00  1.000     0 10.40  0  1 -12.565   0.582   1.648   0.041  -1.014   0.000 +1T016M000t
00033 LYS+1A0116_033 f 0.00  1.000     0 10.40  0  1 -12.308   3.578   3.056   0.053  -1.006   0.000 +1T05FM000t
00034 LYS+1A0116_034 f 0.00  1.000     0 10.40  0  1 -12.382   0.252   3.522   0.034  -1.014   0.000 +1T083M000t
00035 LYS+1A0116_035 f 0.00  1.000     0 10.40  0  1 -10.741   0.277   3.419   0.075  -0.949   0.000 +1T090M000t
00036 LYS+1A0116_036 f 0.00  1.000     0 10.40  0  1 -11.691  -0.058   2.866   0.016  -1.003   0.000 +1T0F5M000t
00037 LYS+1A0116_037 f 0.00  1.000     0 10.40  0  1 -10.385   1.900   3.222   0.099  -0.963   0.000 +1T137M000t
00038 LYS+1A0116_038 f 0.00  1.000     0 10.40  0  1  -9.894   0.640   2.985   0.061  -0.976   0.000 +1T148M000t
00039 LYS+1A0116_039 f 0.00  1.000     0 10.40  0  1 -11.005   0.376   2.560   0.066  -0.991   0.000 +1T15EM000t
00040 LYS+1A0116_040 f 0.00  1.000     0 10.40  0  1 -10.405  -0.413   2.428   0.033  -0.942   0.000 +1T1B3M000t
