   confID        vdw0    sas     sum
LYS01A0116_001   0.985 -12.965 -11.980
LYS01A0116_002   0.254 -12.695 -12.441
LYS01A0116_003   0.928 -12.666 -11.738
LYS01A0116_004   0.752 -13.097 -12.345
LYS01A0116_005   0.942 -12.657 -11.715
LYS01A0116_006   0.433 -12.833 -12.400
LYS01A0116_007   2.149 -12.500 -10.352
LYS01A0116_008   0.256 -12.994 -12.738
LYS01A0116_009   1.359 -12.296 -10.937
LYS01A0116_010   2.649 -12.689 -10.040
LYS01A0116_011   5.388 -12.216  -6.827
LYS01A0116_012   1.083 -12.690 -11.607
LYS01A0116_013   0.599 -13.017 -12.417
LYS01A0116_014   3.089 -12.390  -9.301
LYS01A0116_015   0.632 -13.039 -12.407
LYS01A0116_016   0.887 -12.249 -11.361
LYS01A0116_017   1.572 -12.270 -10.698
LYS01A0116_018   0.844 -12.712 -11.868
LYS01A0116_019   2.185 -12.027  -9.842
LYS01A0116_020   1.791 -12.224 -10.433
LYS+1A0116_021   0.940 -12.965 -12.025
LYS+1A0116_022   0.565 -12.936 -12.371
LYS+1A0116_023   0.893 -12.669 -11.776
LYS+1A0116_024   3.292 -12.387  -9.094
LYS+1A0116_025   0.816 -12.236 -11.420
LYS+1A0116_026   0.396 -12.885 -12.489
LYS+1A0116_027   0.747 -12.686 -11.939
LYS+1A0116_028   0.215 -13.125 -12.910
LYS+1A0116_029   2.795 -12.779  -9.985
LYS+1A0116_030   5.345 -12.229  -6.884
LYS+1A0116_031   1.048 -12.757 -11.709
LYS+1A0116_032   0.214 -12.778 -12.565
LYS+1A0116_033   0.721 -13.029 -12.308
LYS+1A0116_034   0.589 -12.971 -12.382
LYS+1A0116_035   1.513 -12.253 -10.741
LYS+1A0116_036   0.889 -12.580 -11.691
LYS+1A0116_037   2.154 -12.539 -10.385
LYS+1A0116_038   2.201 -12.095  -9.894
LYS+1A0116_039   1.318 -12.322 -11.005
LYS+1A0116_040   1.752 -12.156 -10.405
