CONFORMER         crg  vdw0  vdw1  tors  epol  self   occ  Hb     history    ASA
HIS01A0008_001  0.000-11.41 -0.89  0.39  0.00-11.91 0.515  00  01O000M000  1.000
HIS01A0008_002  0.000-11.94  0.11  2.36  0.00 -9.46 0.517  00  01E004M000  1.000
HIS01A0008_003  0.000-11.85 -0.39  0.34  0.00-11.90 0.515  00  01E005M000  1.000
HIS01A0008_004  0.000-11.98  1.54  0.24  0.00-10.20 0.517  00  01E007M000  1.000
HIS01A0008_005  0.000-11.45  2.65  0.29  0.00 -8.51 0.514  00  01E008M000  1.000
HIS01A0008_006  0.000-11.96  4.28  2.34  0.00 -5.34 0.516  00  01E00CM000  1.000
HIS01A0008_007  0.000-11.61  0.74  2.36  0.00 -8.50 0.515  00  01E00DM000  1.000
HIS01A0008_008  0.000-11.71 -0.57  0.34  0.00-11.94 0.514  00  01E011M000  1.000
HIS01A0008_009  0.000-12.36  0.76  0.23  0.00-11.37 0.516  00  01E01CM000  1.000
HIS01A0008_010  0.000-11.86  0.81  2.36  0.00 -8.69 0.516  00  01T002M000  1.000
HIS01A0008_011  0.000-11.47 -0.97  0.34  0.00-12.09 0.514  00  01T009M000  1.000
HIS01A0008_012  0.000-11.73 -0.03  0.30  0.00-11.46 0.514  00  01T010M000  1.000
HIS01A0008_013  0.000-11.42  0.85  0.25  0.00-10.32 0.516  00  01T012M000  1.000
HIS01A0008_014  0.000-12.04 -0.38  0.30  0.00-12.11 0.514  00  01T013M000  1.000
HIS01A0008_015  0.000-11.93  2.67  2.22  0.00 -7.04 0.514  00  01T014M000  1.000
HIS01A0008_016  0.000-11.76  0.79  2.31  0.00 -8.65 0.516  00  01T015M000  1.000
HIS01A0008_017  0.000-12.22 -0.39  0.34  0.00-12.27 0.514  00  01T01BM000  1.000
HIS01A0008_018  0.000-11.74  2.48  0.27  0.00 -8.99 0.517  00  01T01DM000  1.000
HIS02A0008_019  0.000-11.43 -0.92  0.39  0.00-11.96 0.515  00  02O000M000  1.000
HIS02A0008_020  0.000-11.54 -0.89  0.39  0.00-12.04 0.513  00  02R001M000  1.000
HIS02A0008_021  0.000-12.08  0.79  2.35  0.00 -8.93 0.516  00  02E002M000  1.000
HIS02A0008_022  0.000-12.02  0.09  2.35  0.00 -9.58 0.517  00  02E004M000  1.000
HIS02A0008_023  0.000-12.15  1.56  0.24  0.00-10.35 0.517  00  02E007M000  1.000
HIS02A0008_024  0.000-11.62  0.72  2.35  0.00 -8.55 0.515  00  02E00DM000  1.000
HIS02A0008_025  0.000-12.06 -0.39  0.29  0.00-12.15 0.514  00  02E013M000  1.000
HIS02A0008_026  0.000-11.84  2.54  2.25  0.00 -7.05 0.514  00  02E014M000  1.000
HIS02A0008_027  0.000-11.84  0.81  2.30  0.00 -8.73 0.516  00  02E015M000  1.000
HIS02A0008_028  0.000-11.71  2.56  0.27  0.00 -8.88 0.517  00  02E01DM000  1.000
HIS02A0008_029  0.000-11.98 -0.41  0.33  0.00-12.06 0.515  00  02T005M000  1.000
HIS02A0008_030  0.000-11.69  2.78  0.26  0.00 -8.65 0.514  00  02T008M000  1.000
HIS02A0008_031  0.000-11.65  0.61  0.25  0.00-10.80 0.516  00  02T00AM000  1.000
HIS02A0008_032  0.000-11.78  4.71  2.35  0.00 -4.72 0.516  00  02T00CM000  1.000
HIS02A0008_033  0.000-11.75 -0.09  0.29  0.00-11.55 0.514  00  02T010M000  1.000
HIS02A0008_034  0.000-11.66 -0.59  0.34  0.00-11.91 0.514  00  02T011M000  1.000
HIS02A0008_035  0.000-11.48  0.82  0.28  0.00-10.38 0.516  00  02T012M000  1.000
HIS02A0008_036  0.000-12.24 -0.42  0.33  0.00-12.32 0.514  00  02T01BM000  1.000
HIS02A0008_037  0.000-12.07  0.68  0.25  0.00-11.14 0.516  00  02T01CM000  1.000
HIS+1A0008_038  1.000-11.45 -0.93  0.39  0.00-11.99 0.515  00  +1O000M000  1.000
HIS+1A0008_039  1.000-11.96 -0.41  0.34  0.00-12.03 0.515  00  +1E005M000  1.000
HIS+1A0008_040  1.000-11.48  2.94  0.28  0.00 -8.27 0.514  00  +1E008M000  1.000
HIS+1A0008_041  1.000-11.54 -0.99  0.34  0.00-12.18 0.514  00  +1E009M000  1.000
HIS+1A0008_042  1.000-11.84  4.68  2.36  0.00 -4.79 0.516  00  +1E00CM000  1.000
HIS+1A0008_043  1.000-11.65  0.73  2.37  0.00 -8.56 0.515  00  +1E00DM000  1.000
HIS+1A0008_044  1.000-11.77 -0.08  0.30  0.00-11.55 0.514  00  +1E010M000  1.000
HIS+1A0008_045  1.000-11.44  0.78  0.29  0.00-10.37 0.516  00  +1E012M000  1.000
HIS+1A0008_046  1.000-11.92  0.80  2.32  0.00 -8.80 0.516  00  +1E015M000  1.000
HIS+1A0008_047  1.000-12.17  0.72  0.26  0.00-11.19 0.516  00  +1E01CM000  1.000
HIS+1A0008_048  1.000-12.07  0.80  2.37  0.00 -8.90 0.516  00  +1T002M000  1.000
HIS+1A0008_049  1.000-11.98  0.09  2.37  0.00 -9.52 0.517  00  +1T004M000  1.000
HIS+1A0008_050  1.000-12.18  1.57  0.25  0.00-10.36 0.517  00  +1T007M000  1.000
HIS+1A0008_051  1.000-11.61  0.61  0.25  0.00-10.75 0.516  00  +1T00AM000  1.000
HIS+1A0008_052  1.000-11.67 -0.59  0.35  0.00-11.91 0.514  00  +1T011M000  1.000
HIS+1A0008_053  1.000-12.08 -0.39  0.31  0.00-12.16 0.514  00  +1T013M000  1.000
HIS+1A0008_054  1.000-11.91  2.55  2.25  0.00 -7.11 0.514  00  +1T014M000  1.000
HIS+1A0008_055  1.000-12.26 -0.41  0.34  0.00-12.33 0.514  00  +1T01BM000  1.000
HIS+1A0008_056  1.000-11.89  2.79  0.29  0.00 -8.81 0.517  00  +1T01DM000  1.000
