iConf CONFORMER     FL  occ    crg   Em0  pKa0 ne nH    vdw0    vdw1    tors    epol   dsolv   extra    history
00001 HIS01A0008_001 f 0.00  0.000     0  0.00  0  0 -11.409  -0.886   0.388   0.202  -1.220   0.000 01O000M000t
00002 HIS01A0008_002 f 0.00  0.000     0  0.00  0  0 -11.935   0.112   2.364   0.099  -1.277   0.000 01E004M000t
00003 HIS01A0008_003 f 0.00  0.000     0  0.00  0  0 -11.850  -0.390   0.341   0.099  -1.239   0.000 01E005M000t
00004 HIS01A0008_004 f 0.00  0.000     0  0.00  0  0 -11.985   1.547   0.241   0.264  -1.175   0.000 01E007M000t
00005 HIS01A0008_005 f 0.00  0.000     0  0.00  0  0 -11.451   2.647   0.293   0.159  -1.179   0.000 01E008M000t
00006 HIS01A0008_006 f 0.00  0.000     0  0.00  0  0 -11.963   4.277   2.339  -0.164  -1.218   0.000 01E00CM000t
00007 HIS01A0008_007 f 0.00  0.000     0  0.00  0  0 -11.606   0.739   2.363   0.061  -1.257   0.000 01E00DM000t
00008 HIS01A0008_008 f 0.00  0.000     0  0.00  0  0 -11.646  -0.574   0.344   0.139  -1.281   0.000 01E011M000t
00009 HIS01A0008_009 f 0.00  0.000     0  0.00  0  0 -12.360   0.763   0.229   0.177  -1.325   0.000 01E01CM000t
00010 HIS01A0008_010 f 0.00  0.000     0  0.00  0  0 -11.858   0.805   2.363   0.139  -1.197   0.000 01T002M000t
00011 HIS01A0008_011 f 0.00  0.000     0  0.00  0  0 -11.539  -0.965   0.343   0.128  -1.224   0.000 01T009M000t
00012 HIS01A0008_012 f 0.00  0.000     0  0.00  0  0 -11.732  -0.030   0.301   0.039  -1.226   0.000 01T010M000t
00013 HIS01A0008_013 f 0.00  0.000     0  0.00  0  0 -11.416   0.845   0.253   0.222  -1.252   0.000 01T012M000t
00014 HIS01A0008_014 f 0.00  0.000     0  0.00  0  0 -12.036  -0.379   0.303   0.166  -1.321   0.000 01T013M000t
00015 HIS01A0008_015 f 0.00  0.000     0  0.00  0  0 -11.927   2.657   2.216   0.063  -1.264   0.000 01T014M000t
00016 HIS01A0008_016 f 0.00  0.000     0  0.00  0  0 -11.757   0.787   2.316   0.088  -1.229   0.000 01T015M000t
00017 HIS01A0008_017 f 0.00  0.000     0  0.00  0  0 -12.220  -0.395   0.341   0.144  -1.238   0.000 01T01BM000t
00018 HIS01A0008_018 f 0.00  0.000     0  0.00  0  0 -11.743   2.487   0.272   0.189  -1.271   0.000 01T01DM000t
00019 HIS02A0008_019 f 0.00  0.000     0  0.00  0  0 -11.428  -0.925   0.388   0.147  -1.266   0.000 02O000M000t
00020 HIS02A0008_020 f 0.00  0.000     0  0.00  0  0 -11.536  -0.893   0.388   0.143  -1.305   0.000 02R001M000t
00021 HIS02A0008_021 f 0.00  0.000     0  0.00  0  0 -12.015   0.795   2.353  -0.033  -1.275   0.000 02E002M000t
00022 HIS02A0008_022 f 0.00  0.000     0  0.00  0  0 -12.020   0.091   2.355   0.119  -1.365   0.000 02E004M000t
00023 HIS02A0008_023 f 0.00  0.000     0  0.00  0  0 -12.154   1.553   0.241  -0.102  -1.202   0.000 02E007M000t
00024 HIS02A0008_024 f 0.00  0.000     0  0.00  0  0 -11.625   0.722   2.353   0.039  -1.304   0.000 02E00DM000t
00025 HIS02A0008_025 f 0.00  0.000     0  0.00  0  0 -12.124  -0.390   0.295   0.089  -1.354   0.000 02E013M000t
00026 HIS02A0008_026 f 0.00  0.000     0  0.00  0  0 -11.839   2.536   2.246   0.145  -1.276   0.000 02E014M000t
00027 HIS02A0008_027 f 0.00  0.000     0  0.00  0  0 -11.843   0.807   2.302   0.131  -1.286   0.000 02E015M000t
00028 HIS02A0008_028 f 0.00  0.000     0  0.00  0  0 -11.712   2.566   0.271   0.217  -1.308   0.000 02E01DM000t
00029 HIS02A0008_029 f 0.00  0.000     0  0.00  0  0 -11.980  -0.412   0.335   0.096  -1.342   0.000 02T005M000t
00030 HIS02A0008_030 f 0.00  0.000     0  0.00  0  0 -11.643   2.787   0.263   0.010  -1.183   0.000 02T008M000t
00031 HIS02A0008_031 f 0.00  0.000     0  0.00  0  0 -11.584   0.606   0.250   0.058  -1.324   0.000 02T00AM000t
00032 HIS02A0008_032 f 0.00  0.000     0  0.00  0  0 -11.783   4.709   2.352   0.119  -1.248   0.000 02T00CM000t
00033 HIS02A0008_033 f 0.00  0.000     0  0.00  0  0 -11.747  -0.089   0.291   0.083  -1.266   0.000 02T010M000t
00034 HIS02A0008_034 f 0.00  0.000     0  0.00  0  0 -11.659  -0.589   0.337   0.093  -1.320   0.000 02T011M000t
00035 HIS02A0008_035 f 0.00  0.000     0  0.00  0  0 -11.527   0.814   0.283   0.180  -1.309   0.000 02T012M000t
00036 HIS02A0008_036 f 0.00  0.000     0  0.00  0  0 -12.238  -0.417   0.335   0.078  -1.300   0.000 02T01BM000t
00037 HIS02A0008_037 f 0.00  0.000     0  0.00  0  0 -12.073   0.681   0.250   0.136  -1.317   0.000 02T01CM000t
00038 HIS+1A0008_038 f 0.00  1.000     0  6.98  0  1 -11.454  -0.928   0.388   0.234  -5.940   0.000 +1O000M000t
00039 HIS+1A0008_039 f 0.00  1.000     0  6.98  0  1 -11.961  -0.412   0.346   0.297  -6.022   0.000 +1E005M000t
00040 HIS+1A0008_040 f 0.00  1.000     0  6.98  0  1 -11.484   2.927   0.278   0.147  -5.767   0.000 +1E008M000t
00041 HIS+1A0008_041 f 0.00  1.000     0  6.98  0  1 -11.541  -0.988   0.346   0.235  -6.040   0.000 +1E009M000t
00042 HIS+1A0008_042 f 0.00  1.000     0  6.98  0  1 -11.839   4.677   2.366   0.523  -5.992   0.000 +1E00CM000t
00043 HIS+1A0008_043 f 0.00  1.000     0  6.98  0  1 -11.651   0.724   2.368   0.329  -6.016   0.000 +1E00DM000t
00044 HIS+1A0008_044 f 0.00  1.000     0  6.98  0  1 -11.770  -0.085   0.305   0.387  -5.952   0.000 +1E010M000t
00045 HIS+1A0008_045 f 0.00  1.000     0  6.98  0  1 -11.386   0.783   0.287   0.507  -5.977   0.000 +1E012M000t
00046 HIS+1A0008_046 f 0.00  1.000     0  6.98  0  1 -11.869   0.798   2.324   0.329  -5.937   0.000 +1E015M000t
00047 HIS+1A0008_047 f 0.00  1.000     0  6.98  0  1 -12.167   0.722   0.256   0.345  -6.034   0.000 +1E01CM000t
00048 HIS+1A0008_048 f 0.00  1.000     0  6.98  0  1 -12.071   0.801   2.368   0.302  -5.979   0.000 +1T002M000t
00049 HIS+1A0008_049 f 0.00  1.000     0  6.98  0  1 -11.979   0.090   2.367   0.345  -5.982   0.000 +1T004M000t
00050 HIS+1A0008_050 f 0.00  1.000     0  6.98  0  1 -12.180   1.580   0.248  -0.051  -5.744   0.000 +1T007M000t
00051 HIS+1A0008_051 f 0.00  1.000     0  6.98  0  1 -11.609   0.608   0.255   0.120  -5.950   0.000 +1T00AM000t
00052 HIS+1A0008_052 f 0.00  1.000     0  6.98  0  1 -11.671  -0.592   0.348   0.402  -6.027   0.000 +1T011M000t
00053 HIS+1A0008_053 f 0.00  1.000     0  6.98  0  1 -12.084  -0.388   0.307   0.372  -5.999   0.000 +1T013M000t
00054 HIS+1A0008_054 f 0.00  1.000     0  6.98  0  1 -11.914   2.546   2.256   0.370  -5.950   0.000 +1T014M000t
00055 HIS+1A0008_055 f 0.00  1.000     0  6.98  0  1 -12.265  -0.416   0.346   0.268  -6.031   0.000 +1T01BM000t
00056 HIS+1A0008_056 f 0.00  1.000     0  6.98  0  1 -11.886   2.787   0.287   0.392  -6.000   0.000 +1T01DM000t
