   confID        vdw0    sas     sum
HIS01A0008_001  -0.165 -11.245 -11.409
HIS01A0008_002  -0.163 -11.772 -11.935
HIS01A0008_003  -0.171 -11.679 -11.850
HIS01A0008_004  -0.326 -11.658 -11.985
HIS01A0008_005  -0.262 -11.189 -11.451
HIS01A0008_006  -0.261 -11.702 -11.963
HIS01A0008_007  -0.110 -11.496 -11.606
HIS01A0008_008  -0.113 -11.532 -11.646
HIS01A0008_009  -0.235 -12.125 -12.360
HIS01A0008_010  -0.153 -11.705 -11.858
HIS01A0008_011  -0.109 -11.430 -11.539
HIS01A0008_012  -0.275 -11.457 -11.732
HIS01A0008_013  -0.240 -11.176 -11.416
HIS01A0008_014  -0.147 -11.889 -12.036
HIS01A0008_015  -0.332 -11.596 -11.927
HIS01A0008_016  -0.274 -11.483 -11.757
HIS01A0008_017  -0.113 -12.107 -12.220
HIS01A0008_018  -0.130 -11.613 -11.743
HIS02A0008_019  -0.183 -11.245 -11.428
HIS02A0008_020  -0.138 -11.398 -11.536
HIS02A0008_021  -0.174 -11.841 -12.015
HIS02A0008_022  -0.180 -11.840 -12.020
HIS02A0008_023  -0.344 -11.810 -12.154
HIS02A0008_024  -0.130 -11.496 -11.625
HIS02A0008_025  -0.167 -11.956 -12.124
HIS02A0008_026  -0.343 -11.495 -11.839
HIS02A0008_027  -0.292 -11.550 -11.843
HIS02A0008_028  -0.160 -11.553 -11.712
HIS02A0008_029  -0.188 -11.792 -11.980
HIS02A0008_030  -0.282 -11.361 -11.643
HIS02A0008_031  -0.251 -11.333 -11.584
HIS02A0008_032  -0.280 -11.503 -11.783
HIS02A0008_033  -0.290 -11.457 -11.747
HIS02A0008_034  -0.132 -11.528 -11.659
HIS02A0008_035  -0.254 -11.273 -11.527
HIS02A0008_036  -0.131 -12.107 -12.238
HIS02A0008_037  -0.251 -11.822 -12.073
HIS+1A0008_038  -0.209 -11.245 -11.454
HIS+1A0008_039  -0.214 -11.747 -11.961
HIS+1A0008_040  -0.309 -11.175 -11.484
HIS+1A0008_041  -0.158 -11.383 -11.541
HIS+1A0008_042  -0.307 -11.532 -11.839
HIS+1A0008_043  -0.155 -11.496 -11.651
HIS+1A0008_044  -0.316 -11.454 -11.770
HIS+1A0008_045  -0.281 -11.105 -11.386
HIS+1A0008_046  -0.319 -11.550 -11.869
HIS+1A0008_047  -0.277 -11.890 -12.167
HIS+1A0008_048  -0.201 -11.870 -12.071
HIS+1A0008_049  -0.207 -11.772 -11.979
HIS+1A0008_050  -0.370 -11.810 -12.180
HIS+1A0008_051  -0.276 -11.333 -11.609
HIS+1A0008_052  -0.159 -11.512 -11.671
HIS+1A0008_053  -0.195 -11.889 -12.084
HIS+1A0008_054  -0.370 -11.544 -11.914
HIS+1A0008_055  -0.158 -12.107 -12.265
HIS+1A0008_056  -0.186 -11.700 -11.886
