iConf CONFORMER     FL  occ    crg   Em0  pKa0 ne nH    vdw0    vdw1    tors    epol   dsolv   extra    history
00001 ARG01A0087_001 f 0.00  0.000     0  0.00  0  0 -11.514   0.188   0.484   0.008  -0.624   0.000 01O000M000t
00002 ARG01A0087_002 f 0.00  0.000     0  0.00  0  0 -11.214   0.239   1.072  -0.046  -0.594   0.000 01E026M000t
00003 ARG01A0087_003 f 0.00  0.000     0  0.00  0  0  -9.421   0.421   4.017   0.021  -0.639   0.000 01E042M000t
00004 ARG01A0087_004 f 0.00  0.000     0  0.00  0  0 -10.294   2.902   3.193   0.010  -0.622   0.000 01E053M000t
00005 ARG01A0087_005 f 0.00  0.000     0  0.00  0  0  -9.431   1.706   1.072  -0.039  -0.544   0.000 01E065M000t
00006 ARG01A0087_006 f 0.00  0.000     0  0.00  0  0  -9.796  -0.102   1.070  -0.001  -0.624   0.000 01E067M000t
00007 ARG01A0087_007 f 0.00  0.000     0  0.00  0  0 -10.149   0.890   0.412  -0.009  -0.597   0.000 01E083M000t
00008 ARG01A0087_008 f 0.00  0.000     0  0.00  0  0  -9.883   0.703   5.914   0.004  -0.599   0.000 01E0ABM000t
00009 ARG01A0087_009 f 0.00  0.000     0  0.00  0  0 -11.489   1.437   1.128   0.042  -0.643   0.000 01E0DCM000t
00010 ARG01A0087_010 f 0.00  0.000     0  0.00  0  0 -11.705   1.520   3.857   0.023  -0.633   0.000 01E105M000t
00011 ARG01A0087_011 f 0.00  0.000     0  0.00  0  0 -10.677   1.587   3.822   0.006  -0.636   0.000 01E106M000t
00012 ARG01A0087_012 f 0.00  0.000     0  0.00  0  0 -12.871   2.398   3.243   0.039  -0.642   0.000 01E10CM000t
00013 ARG01A0087_013 f 0.00  0.000     0  0.00  0  0 -12.442   1.907   6.166  -0.017  -0.603   0.000 01T047M000t
00014 ARG01A0087_014 f 0.00  0.000     0  0.00  0  0 -10.046   0.185   1.091   0.023  -0.604   0.000 01T066M000t
00015 ARG01A0087_015 f 0.00  0.000     0  0.00  0  0 -10.015   4.350   3.221   0.012  -0.608   0.000 01T090M000t
00016 ARG01A0087_016 f 0.00  0.000     0  0.00  0  0 -11.434   1.005   5.903   0.002  -0.637   0.000 01T0AAM000t
00017 ARG01A0087_017 f 0.00  0.000     0  0.00  0  0  -7.837   0.380   3.853  -0.019  -0.617   0.000 01T0B1M000t
00018 ARG01A0087_018 f 0.00  0.000     0  0.00  0  0  -8.088   0.428   3.838   0.013  -0.627   0.000 01T0C6M000t
00019 ARG01A0087_019 f 0.00  0.000     0  0.00  0  0 -11.751   1.894   6.101   0.057  -0.608   0.000 01T10EM000t
00020 ARG01A0087_020 f 0.00  0.000     0  0.00  0  0 -11.287   2.279   3.215  -0.026  -0.590   0.000 01T110M000t
00021 ARG02A0087_021 f 0.00  0.000     0  0.00  0  0 -10.239   4.374   3.186   0.024  -0.550   0.000 02E090M000t
00022 ARG02A0087_022 f 0.00  0.000     0  0.00  0  0 -10.916   1.857   3.224   0.018  -0.536   0.000 02E110M000t
00023 ARG02A0087_023 f 0.00  0.000     0  0.00  0  0 -11.532   0.173   0.484  -0.007  -0.599   0.000 02O000M000t
00024 ARG02A0087_024 f 0.00  0.000     0  0.00  0  0 -11.573   1.000   5.907   0.002  -0.584   0.000 02E0AAM000t
00025 ARG02A0087_025 f 0.00  0.000     0  0.00  0  0 -10.778   1.585   3.820   0.009  -0.586   0.000 02E106M000t
00026 ARG02A0087_026 f 0.00  0.000     0  0.00  0  0 -12.719   2.268   3.246   0.030  -0.601   0.000 02E10CM000t
00027 ARG02A0087_027 f 0.00  0.000     0  0.00  0  0  -8.061   0.420   3.835   0.008  -0.558   0.000 02T0C6M000t
00028 ARG02A0087_028 f 0.00  0.000     0  0.00  0  0 -11.184   0.178   1.054   0.015  -0.541   0.000 02T026M000t
00029 ARG02A0087_029 f 0.00  0.000     0  0.00  0  0 -12.639   1.567   6.025   0.005  -0.531   0.000 02T047M000t
00030 ARG02A0087_030 f 0.00  0.000     0  0.00  0  0  -9.751  -0.093   1.066   0.023  -0.522   0.000 02T067M000t
00031 ARG02A0087_031 f 0.00  0.000     0  0.00  0  0 -10.129   0.887   0.412  -0.013  -0.517   0.000 02T083M000t
00032 ARG02A0087_032 f 0.00  0.000     0  0.00  0  0  -7.952   0.380   3.852  -0.003  -0.555   0.000 02T0B1M000t
00033 ARG02A0087_033 f 0.00  0.000     0  0.00  0  0 -11.700   1.529   3.821   0.019  -0.538   0.000 02T105M000t
00034 ARG02A0087_034 f 0.00  0.000     0  0.00  0  0 -10.053   2.896   3.182  -0.024  -0.561   0.000 02T053M000t
00035 ARG02A0087_035 f 0.00  0.000     0  0.00  0  0  -9.492   1.642   1.056  -0.125  -0.535   0.000 02T065M000t
00036 ARG02A0087_036 f 0.00  0.000     0  0.00  0  0  -9.983   0.732   5.904  -0.009  -0.543   0.000 02T0ABM000t
00037 ARG02A0087_037 f 0.00  0.000     0  0.00  0  0 -11.563   1.765   6.031   0.001  -0.585   0.000 02T10EM000t
00038 ARG02A0087_038 f 0.00  0.000     0  0.00  0  0  -9.629   0.493   3.832   0.009  -0.617   0.000 02T042M000t
00039 ARG02A0087_039 f 0.00  0.000     0  0.00  0  0 -10.072   0.195   1.062   0.010  -0.605   0.000 02T066M000t
00040 ARG02A0087_040 f 0.00  0.000     0  0.00  0  0 -11.311   1.594   1.050  -0.004  -0.587   0.000 02T0DCM000t
00041 ARG03A0087_041 f 0.00  0.000     0  0.00  0  0 -11.594   0.173   0.484   0.000  -0.542   0.000 03O000M000t
00042 ARG03A0087_042 f 0.00  0.000     0  0.00  0  0 -12.686   1.572   6.038   0.007  -0.543   0.000 03E047M000t
00043 ARG03A0087_043 f 0.00  0.000     0  0.00  0  0 -11.566   1.001   5.903   0.011  -0.575   0.000 03E0AAM000t
00044 ARG03A0087_044 f 0.00  0.000     0  0.00  0  0 -11.265   1.621   1.053   0.006  -0.550   0.000 03E0DCM000t
00045 ARG03A0087_045 f 0.00  0.000     0  0.00  0  0 -11.479   1.529   3.821   0.021  -0.546   0.000 03E105M000t
00046 ARG03A0087_046 f 0.00  0.000     0  0.00  0  0 -10.601   1.578   3.818   0.017  -0.534   0.000 03T106M000t
00047 ARG03A0087_047 f 0.00  0.000     0  0.00  0  0  -9.965   0.703   5.914   0.005  -0.515   0.000 03T0ABM000t
00048 ARG03A0087_048 f 0.00  0.000     0  0.00  0  0  -8.021   0.422   3.836   0.008  -0.535   0.000 03T0C6M000t
00049 ARG03A0087_049 f 0.00  0.000     0  0.00  0  0 -10.992   1.831   3.226   0.021  -0.531   0.000 03T110M000t
00050 ARG03A0087_050 f 0.00  0.000     0  0.00  0  0 -11.183   0.182   1.055  -0.009  -0.559   0.000 03T026M000t
00051 ARG03A0087_051 f 0.00  0.000     0  0.00  0  0  -9.591   1.659   1.057  -0.114  -0.510   0.000 03T065M000t
00052 ARG03A0087_052 f 0.00  0.000     0  0.00  0  0 -10.295   4.389   3.184   0.021  -0.565   0.000 03T090M000t
00053 ARG03A0087_053 f 0.00  0.000     0  0.00  0  0 -12.771   2.257   3.248   0.042  -0.557   0.000 03T10CM000t
00054 ARG03A0087_054 f 0.00  0.000     0  0.00  0  0 -11.700   1.712   6.041   0.056  -0.562   0.000 03T10EM000t
00055 ARG03A0087_055 f 0.00  0.000     0  0.00  0  0  -9.476   0.490   3.841   0.021  -0.558   0.000 03T042M000t
00056 ARG03A0087_056 f 0.00  0.000     0  0.00  0  0 -10.088   2.898   3.179  -0.001  -0.561   0.000 03T053M000t
00057 ARG03A0087_057 f 0.00  0.000     0  0.00  0  0 -10.200   0.191   1.064   0.021  -0.548   0.000 03T066M000t
00058 ARG03A0087_058 f 0.00  0.000     0  0.00  0  0  -9.770  -0.093   1.066   0.004  -0.558   0.000 03T067M000t
00059 ARG03A0087_059 f 0.00  0.000     0  0.00  0  0 -10.181   0.888   0.411  -0.012  -0.522   0.000 03T083M000t
00060 ARG03A0087_060 f 0.00  0.000     0  0.00  0  0  -7.933   0.380   3.853  -0.010  -0.538   0.000 03T0B1M000t
00061 ARG+1A0087_061 f 0.00  1.000     0 12.50  0  1 -11.633   0.172   0.484   0.019  -2.502   0.000 +1O000M000t
00062 ARG+1A0087_062 f 0.00  1.000     0 12.50  0  1 -11.301   0.176   1.056   0.150  -2.482   0.000 +1E026M000t
00063 ARG+1A0087_063 f 0.00  1.000     0 12.50  0  1 -10.129   2.900   3.180   0.002  -2.542   0.000 +1E053M000t
00064 ARG+1A0087_064 f 0.00  1.000     0 12.50  0  1 -10.125   0.188   1.064   0.056  -2.504   0.000 +1E066M000t
00065 ARG+1A0087_065 f 0.00  1.000     0 12.50  0  1  -9.805  -0.099   1.066   0.041  -2.518   0.000 +1E067M000t
00066 ARG+1A0087_066 f 0.00  1.000     0 12.50  0  1  -9.955   0.699   5.914   0.070  -2.505   0.000 +1E0ABM000t
00067 ARG+1A0087_067 f 0.00  1.000     0 12.50  0  1 -12.768   2.258   3.247   0.152  -2.551   0.000 +1E10CM000t
00068 ARG+1A0087_068 f 0.00  1.000     0 12.50  0  1 -10.894   1.823   3.227   0.152  -2.458   0.000 +1E110M000t
00069 ARG+1A0087_069 f 0.00  1.000     0 12.50  0  1  -9.597   0.490   3.841   0.078  -2.543   0.000 +1T042M000t
00070 ARG+1A0087_070 f 0.00  1.000     0 12.50  0  1 -12.618   1.586   6.034   0.174  -2.514   0.000 +1T047M000t
00071 ARG+1A0087_071 f 0.00  1.000     0 12.50  0  1  -9.624   1.639   1.056  -0.071  -2.441   0.000 +1T065M000t
00072 ARG+1A0087_072 f 0.00  1.000     0 12.50  0  1 -10.174   0.886   0.413   0.040  -2.537   0.000 +1T083M000t
00073 ARG+1A0087_073 f 0.00  1.000     0 12.50  0  1 -10.326   4.395   3.185   0.032  -2.511   0.000 +1T090M000t
00074 ARG+1A0087_074 f 0.00  1.000     0 12.50  0  1 -11.538   1.000   5.905   0.069  -2.547   0.000 +1T0AAM000t
00075 ARG+1A0087_075 f 0.00  1.000     0 12.50  0  1  -7.938   0.370   3.854   0.094  -2.535   0.000 +1T0B1M000t
00076 ARG+1A0087_076 f 0.00  1.000     0 12.50  0  1  -8.108   0.424   3.837   0.051  -2.543   0.000 +1T0C6M000t
00077 ARG+1A0087_077 f 0.00  1.000     0 12.50  0  1 -11.477   1.607   1.051  -0.028  -2.553   0.000 +1T0DCM000t
00078 ARG+1A0087_078 f 0.00  1.000     0 12.50  0  1 -11.696   1.530   3.821   0.105  -2.547   0.000 +1T105M000t
00079 ARG+1A0087_079 f 0.00  1.000     0 12.50  0  1 -10.668   1.578   3.820   0.095  -2.539   0.000 +1T106M000t
00080 ARG+1A0087_080 f 0.00  1.000     0 12.50  0  1 -11.729   1.726   6.038   0.169  -2.518   0.000 +1T10EM000t
