CONFORMER         crg  vdw0  vdw1  tors  epol  self   occ  Hb     history    ASA
ARG01A0087_001  0.000-11.52  0.09  0.48  0.00-10.95 0.502  00  01O000M000  1.000
ARG01A0087_002  0.000-11.21  0.19  1.07  0.00 -9.95 0.502  00  01E026M000  1.000
ARG01A0087_003  0.000 -9.47  0.35  4.02  0.00 -5.10 0.502  00  01E042M000  1.000
ARG01A0087_004  0.000-10.30  2.85  3.20  0.00 -4.25 0.502  00  01E053M000  1.000
ARG01A0087_005  0.000 -9.43  1.70  1.07  0.00 -6.65 0.501  00  01E065M000  1.000
ARG01A0087_006  0.000 -9.79 -0.17  1.07  0.00 -8.89 0.501  00  01E067M000  1.000
ARG01A0087_007  0.000-10.16  0.83  0.41  0.00 -8.91 0.502  00  01E083M000  1.000
ARG01A0087_008  0.000 -9.89  0.65  5.91  0.00 -3.33 0.502  00  01E0ABM000  1.000
ARG01A0087_009  0.000-11.49  1.44  1.13  0.00 -8.92 0.502  00  01E0DCM000  1.000
ARG01A0087_010  0.000-11.72  1.52  3.86  0.00 -6.34 0.502  00  01E105M000  1.000
ARG01A0087_011  0.000-10.68  1.58  3.82  0.00 -5.27 0.502  00  01E106M000  1.000
ARG01A0087_012  0.000-12.87  2.40  3.24  0.00 -7.23 0.501  00  01E10CM000  1.000
ARG01A0087_013  0.000-12.44  1.90  6.17  0.00 -4.37 0.502  00  01T047M000  1.000
ARG01A0087_014  0.000-10.03  0.12  1.09  0.00 -8.83 0.502  00  01T066M000  1.000
ARG01A0087_015  0.000-10.02  4.29  3.22  0.00 -2.51 0.502  00  01T090M000  1.000
ARG01A0087_016  0.000-11.43  0.95  5.90  0.00 -4.59 0.502  00  01T0AAM000  1.000
ARG01A0087_017  0.000 -7.82  0.33  3.85  0.00 -3.64 0.502  00  01T0B1M000  1.000
ARG01A0087_018  0.000 -8.07  0.38  3.84  0.00 -3.85 0.502  00  01T0C6M000  1.000
ARG01A0087_019  0.000-11.75  1.89  6.10  0.00 -3.76 0.502  00  01T10EM000  1.000
ARG01A0087_020  0.000-11.28  2.28  3.22  0.00 -5.78 0.502  00  01T110M000  1.000
ARG02A0087_021  0.000-10.23  4.32  3.19  0.00 -2.72 0.502  00  02E090M000  1.000
ARG02A0087_022  0.000-10.92  1.86  3.22  0.00 -5.84 0.502  00  02E110M000  1.000
ARG02A0087_023  0.000-11.54  0.07  0.48  0.00-10.98 0.502  00  02O000M000  1.000
ARG02A0087_024  0.000-11.51  0.95  5.91  0.00 -4.66 0.502  00  02E0AAM000  1.000
ARG02A0087_025  0.000-10.78  1.58  3.82  0.00 -5.38 0.502  00  02E106M000  1.000
ARG02A0087_026  0.000-12.66  2.27  3.25  0.00 -7.15 0.501  00  02E10CM000  1.000
ARG02A0087_027  0.000 -8.06  0.37  3.84  0.00 -3.85 0.502  00  02T0C6M000  1.000
ARG02A0087_028  0.000-11.18  0.13  1.05  0.00-10.00 0.502  00  02T026M000  1.000
ARG02A0087_029  0.000-12.64  1.57  6.03  0.00 -5.05 0.502  00  02T047M000  1.000
ARG02A0087_030  0.000 -9.75 -0.16  1.07  0.00 -8.84 0.501  00  02T067M000  1.000
ARG02A0087_031  0.000-10.14  0.84  0.41  0.00 -8.89 0.502  00  02T083M000  1.000
ARG02A0087_032  0.000 -7.95  0.33  3.85  0.00 -3.77 0.502  00  02T0B1M000  1.000
ARG02A0087_033  0.000-11.70  1.53  3.82  0.00 -6.35 0.502  00  02T105M000  1.000
ARG02A0087_034  0.000-10.05  2.85  3.18  0.00 -4.03 0.502  00  02T053M000  1.000
ARG02A0087_035  0.000 -9.45  1.63  1.06  0.00 -6.76 0.501  00  02T065M000  1.000
ARG02A0087_036  0.000 -9.98  0.68  5.90  0.00 -3.40 0.502  00  02T0ABM000  1.000
ARG02A0087_037  0.000-11.57  1.77  6.03  0.00 -3.78 0.502  00  02T10EM000  1.000
ARG02A0087_038  0.000 -9.63  0.43  3.83  0.00 -5.37 0.502  00  02T042M000  1.000
ARG02A0087_039  0.000-10.08  0.13  1.06  0.00 -8.89 0.502  00  02T066M000  1.000
ARG02A0087_040  0.000-11.30  1.59  1.05  0.00 -8.66 0.502  00  02T0DCM000  1.000
ARG03A0087_041  0.000-11.60  0.07  0.48  0.00-11.04 0.502  00  03O000M000  1.000
ARG03A0087_042  0.000-12.65  1.57  6.04  0.00 -5.03 0.502  00  03E047M000  1.000
ARG03A0087_043  0.000-11.57  0.95  5.90  0.00 -4.72 0.502  00  03E0AAM000  1.000
ARG03A0087_044  0.000-11.26  1.62  1.05  0.00 -8.60 0.502  00  03E0DCM000  1.000
ARG03A0087_045  0.000-11.47  1.53  3.82  0.00 -6.13 0.502  00  03E105M000  1.000
ARG03A0087_046  0.000-10.61  1.58  3.82  0.00 -5.21 0.502  00  03T106M000  1.000
ARG03A0087_047  0.000 -9.96  0.65  5.91  0.00 -3.40 0.502  00  03T0ABM000  1.000
ARG03A0087_048  0.000 -8.01  0.38  3.84  0.00 -3.80 0.502  00  03T0C6M000  1.000
ARG03A0087_049  0.000-11.00  1.84  3.23  0.00 -5.94 0.502  00  03T110M000  1.000
ARG03A0087_050  0.000-11.18  0.13  1.05  0.00 -9.99 0.502  00  03T026M000  1.000
ARG03A0087_051  0.000 -9.59  1.66  1.06  0.00 -6.88 0.501  00  03T065M000  1.000
ARG03A0087_052  0.000-10.36  4.34  3.18  0.00 -2.83 0.502  00  03T090M000  1.000
ARG03A0087_053  0.000-12.77  2.26  3.25  0.00 -7.26 0.501  00  03T10CM000  1.000
ARG03A0087_054  0.000-11.70  1.72  6.04  0.00 -3.94 0.502  00  03T10EM000  1.000
ARG03A0087_055  0.000 -9.47  0.43  3.84  0.00 -5.20 0.502  00  03T042M000  1.000
ARG03A0087_056  0.000-10.10  2.85  3.18  0.00 -4.08 0.502  00  03T053M000  1.000
ARG03A0087_057  0.000-10.21  0.12  1.06  0.00 -9.02 0.502  00  03T066M000  1.000
ARG03A0087_058  0.000 -9.76 -0.16  1.07  0.00 -8.85 0.501  00  03T067M000  1.000
ARG03A0087_059  0.000-10.19  0.83  0.41  0.00 -8.95 0.502  00  03T083M000  1.000
ARG03A0087_060  0.000 -7.92  0.33  3.85  0.00 -3.74 0.502  00  03T0B1M000  1.000
ARG+1A0087_061  1.000-11.64  0.07  0.48  0.00-11.08 0.502  00  +1O000M000  1.000
ARG+1A0087_062  1.000-11.30  0.13  1.06  0.00-10.12 0.502  00  +1E026M000  1.000
ARG+1A0087_063  1.000-10.14  2.84  3.18  0.00 -4.12 0.502  00  +1E053M000  1.000
ARG+1A0087_064  1.000-10.11  0.12  1.06  0.00 -8.93 0.502  00  +1E066M000  1.000
ARG+1A0087_065  1.000 -9.80 -0.16  1.07  0.00 -8.90 0.501  00  +1E067M000  1.000
ARG+1A0087_066  1.000 -9.95  0.65  5.91  0.00 -3.39 0.502  00  +1E0ABM000  1.000
ARG+1A0087_067  1.000-12.82  2.26  3.25  0.00 -7.31 0.501  00  +1E10CM000  1.000
ARG+1A0087_068  1.000-10.89  1.82  3.23  0.00 -5.84 0.502  00  +1E110M000  1.000
ARG+1A0087_069  1.000 -9.58  0.42  3.84  0.00 -5.31 0.502  00  +1T042M000  1.000
ARG+1A0087_070  1.000-12.62  1.58  6.03  0.00 -5.00 0.502  00  +1T047M000  1.000
ARG+1A0087_071  1.000 -9.63  1.64  1.06  0.00 -6.93 0.501  00  +1T065M000  1.000
ARG+1A0087_072  1.000-10.19  0.83  0.41  0.00 -8.94 0.502  00  +1T083M000  1.000
ARG+1A0087_073  1.000-10.32  4.34  3.18  0.00 -2.80 0.502  00  +1T090M000  1.000
ARG+1A0087_074  1.000-11.53  0.95  5.90  0.00 -4.68 0.502  00  +1T0AAM000  1.000
ARG+1A0087_075  1.000 -7.95  0.33  3.85  0.00 -3.77 0.502  00  +1T0B1M000  1.000
ARG+1A0087_076  1.000 -8.11  0.37  3.84  0.00 -3.90 0.502  00  +1T0C6M000  1.000
ARG+1A0087_077  1.000-11.47  1.60  1.05  0.00 -8.82 0.502  00  +1T0DCM000  1.000
ARG+1A0087_078  1.000-11.70  1.53  3.82  0.00 -6.35 0.502  00  +1T105M000  1.000
ARG+1A0087_079  1.000-10.73  1.58  3.82  0.00 -5.33 0.502  00  +1T106M000  1.000
ARG+1A0087_080  1.000-11.73  1.73  6.04  0.00 -3.97 0.502  00  +1T10EM000  1.000
