   confID        vdw0    sas     sum
ARG01A0087_001   2.825 -14.339 -11.514
ARG01A0087_002   3.298 -14.512 -11.214
ARG01A0087_003   5.037 -14.458  -9.421
ARG01A0087_004   3.316 -13.609 -10.294
ARG01A0087_005   4.248 -13.679  -9.431
ARG01A0087_006   4.295 -14.092  -9.796
ARG01A0087_007   3.673 -13.822 -10.149
ARG01A0087_008   4.036 -13.919  -9.883
ARG01A0087_009   2.785 -14.274 -11.489
ARG01A0087_010   2.792 -14.497 -11.705
ARG01A0087_011   3.435 -14.112 -10.677
ARG01A0087_012   1.838 -14.710 -12.871
ARG01A0087_013   2.197 -14.639 -12.442
ARG01A0087_014   4.314 -14.360 -10.046
ARG01A0087_015   4.065 -14.081 -10.015
ARG01A0087_016   3.333 -14.767 -11.434
ARG01A0087_017   6.281 -14.119  -7.837
ARG01A0087_018   6.138 -14.226  -8.088
ARG01A0087_019   2.976 -14.727 -11.751
ARG01A0087_020   3.261 -14.548 -11.287
ARG02A0087_021   3.961 -14.200 -10.239
ARG02A0087_022   3.471 -14.387 -10.916
ARG02A0087_023   2.806 -14.339 -11.532
ARG02A0087_024   3.338 -14.911 -11.573
ARG02A0087_025   3.335 -14.112 -10.778
ARG02A0087_026   1.846 -14.565 -12.719
ARG02A0087_027   6.101 -14.161  -8.061
ARG02A0087_028   3.267 -14.451 -11.184
ARG02A0087_029   2.254 -14.892 -12.639
ARG02A0087_030   4.263 -14.015  -9.751
ARG02A0087_031   3.629 -13.757 -10.129
ARG02A0087_032   6.218 -14.170  -7.952
ARG02A0087_033   2.720 -14.419 -11.700
ARG02A0087_034   3.329 -13.381 -10.053
ARG02A0087_035   4.306 -13.798  -9.492
ARG02A0087_036   3.884 -13.867  -9.983
ARG02A0087_037   3.036 -14.599 -11.563
ARG02A0087_038   5.199 -14.828  -9.629
ARG02A0087_039   4.292 -14.363 -10.072
ARG02A0087_040   2.783 -14.094 -11.311
ARG03A0087_041   2.744 -14.339 -11.594
ARG03A0087_042   2.254 -14.940 -12.686
ARG03A0087_043   3.278 -14.844 -11.566
ARG03A0087_044   2.713 -13.978 -11.265
ARG03A0087_045   2.689 -14.168 -11.479
ARG03A0087_046   3.393 -13.993 -10.601
ARG03A0087_047   3.954 -13.919  -9.965
ARG03A0087_048   6.140 -14.161  -8.021
ARG03A0087_049   3.462 -14.455 -10.992
ARG03A0087_050   3.267 -14.451 -11.183
ARG03A0087_051   4.207 -13.798  -9.591
ARG03A0087_052   3.985 -14.280 -10.295
ARG03A0087_053   1.807 -14.578 -12.771
ARG03A0087_054   2.966 -14.666 -11.700
ARG03A0087_055   5.153 -14.629  -9.476
ARG03A0087_056   3.293 -13.381 -10.088
ARG03A0087_057   4.231 -14.431 -10.200
ARG03A0087_058   4.245 -14.015  -9.770
ARG03A0087_059   3.657 -13.838 -10.181
ARG03A0087_060   6.237 -14.170  -7.933
ARG+1A0087_061   2.705 -14.339 -11.633
ARG+1A0087_062   3.214 -14.515 -11.301
ARG+1A0087_063   3.253 -13.381 -10.129
ARG+1A0087_064   4.174 -14.299 -10.125
ARG+1A0087_065   4.210 -14.015  -9.805
ARG+1A0087_066   3.964 -13.919  -9.955
ARG+1A0087_067   1.746 -14.514 -12.768
ARG+1A0087_068   3.429 -14.323 -10.894
ARG+1A0087_069   5.099 -14.697  -9.597
ARG+1A0087_070   2.207 -14.825 -12.618
ARG+1A0087_071   4.190 -13.814  -9.624
ARG+1A0087_072   3.583 -13.757 -10.174
ARG+1A0087_073   3.942 -14.267 -10.326
ARG+1A0087_074   3.238 -14.776 -11.538
ARG+1A0087_075   6.232 -14.170  -7.938
ARG+1A0087_076   6.118 -14.226  -8.108
ARG+1A0087_077   2.681 -14.158 -11.477
ARG+1A0087_078   2.672 -14.368 -11.696
ARG+1A0087_079   3.326 -13.993 -10.668
ARG+1A0087_080   2.921 -14.650 -11.729
