CONFORMER         crg  vdw0  vdw1  tors  epol  self   occ  Hb     history    ASA
HIS01A0008_001  0.000-11.41 -0.89  0.39  0.00-11.91 0.516  00  01O000M000  1.000
HIS01A0008_002  0.000-11.98  1.54  0.24  0.00-10.20 0.516  00  01E007M000  1.000
HIS01A0008_003  0.000-11.42 -0.97  0.34  0.00-12.05 0.517  00  01E009M000  1.000
HIS01A0008_004  0.000-11.52  1.77  0.27  0.00 -9.47 0.516  00  01E00BM000  1.000
HIS01A0008_005  0.000-11.61  0.74  2.36  0.00 -8.50 0.515  00  01E00DM000  1.000
HIS01A0008_006  0.000-11.66 -0.03  0.30  0.00-11.39 0.514  00  01E010M000  1.000
HIS01A0008_007  0.000-12.10 -0.38  0.30  0.00-12.18 0.516  00  01E013M000  1.000
HIS01A0008_008  0.000-11.93  2.67  2.22  0.00 -7.04 0.513  00  01E014M000  1.000
HIS01A0008_009  0.000-11.73  1.37  2.21  0.00 -8.16 0.513  00  01E017M000  1.000
HIS01A0008_010  0.000-12.38  1.66  0.23  0.00-10.50 0.515  00  01E019M000  1.000
HIS01A0008_011  0.000-11.86  0.81  2.36  0.00 -8.69 0.515  00  01T002M000  1.000
HIS01A0008_012  0.000-12.15 -0.45  0.34  0.00-12.26 0.515  00  01T003M000  1.000
HIS01A0008_013  0.000-11.94  0.11  2.36  0.00 -9.46 0.512  00  01T004M000  1.000
HIS01A0008_014  0.000-11.57  3.07  2.34  0.00 -6.15 0.514  00  01T00EM000  1.000
HIS01A0008_015  0.000-11.61  1.65  0.26  0.00 -9.70 0.515  00  01T00FM000  1.000
HIS01A0008_016  0.000-12.00  0.08  2.36  0.00 -9.56 0.516  00  01T016M000  1.000
HIS01A0008_017  0.000-11.62  0.41  2.31  0.00 -8.90 0.515  00  01T018M000  1.000
HIS01A0008_018  0.000-11.56  3.90  0.28  0.00 -7.37 0.516  00  01T01AM000  1.000
HIS01A0008_019  0.000-12.22 -0.39  0.34  0.00-12.27 0.516  00  01T01BM000  1.000
HIS01A0008_020  0.000-11.74  2.48  0.27  0.00 -8.99 0.515  00  01T01DM000  1.000
HIS02A0008_021  0.000-11.43 -0.92  0.39  0.00-11.96 0.516  00  02O000M000  1.000
HIS02A0008_022  0.000-12.12 -0.49  0.34  0.00-12.28 0.515  00  02E003M000  1.000
HIS02A0008_023  0.000-11.35 -0.99  0.34  0.00-12.00 0.517  00  02E009M000  1.000
HIS02A0008_024  0.000-11.31  2.27  0.28  0.00 -8.77 0.516  00  02E00BM000  1.000
HIS02A0008_025  0.000-11.66  3.13  2.33  0.00 -6.20 0.514  00  02E00EM000  1.000
HIS02A0008_026  0.000-12.06 -0.39  0.29  0.00-12.15 0.516  00  02E013M000  1.000
HIS02A0008_027  0.000-12.02  0.06  2.35  0.00 -9.61 0.516  00  02E016M000  1.000
HIS02A0008_028  0.000-11.76  1.41  2.22  0.00 -8.12 0.513  00  02E017M000  1.000
HIS02A0008_029  0.000-12.33  1.68  0.23  0.00-10.42 0.515  00  02E019M000  1.000
HIS02A0008_030  0.000-11.71  2.56  0.27  0.00 -8.88 0.515  00  02E01DM000  1.000
HIS02A0008_031  0.000-12.22  0.80  2.35  0.00 -9.07 0.515  00  02T002M000  1.000
HIS02A0008_032  0.000-12.02  0.09  2.35  0.00 -9.58 0.512  00  02T004M000  1.000
HIS02A0008_033  0.000-12.15  1.57  0.24  0.00-10.34 0.516  00  02T007M000  1.000
HIS02A0008_034  0.000-11.61  0.72  2.35  0.00 -8.53 0.515  00  02T00DM000  1.000
HIS02A0008_035  0.000-11.62  1.57  0.26  0.00 -9.79 0.515  00  02T00FM000  1.000
HIS02A0008_036  0.000-11.75 -0.09  0.29  0.00-11.55 0.514  00  02T010M000  1.000
HIS02A0008_037  0.000-11.89  2.54  2.25  0.00 -7.10 0.513  00  02T014M000  1.000
HIS02A0008_038  0.000-11.59  0.41  2.29  0.00 -8.89 0.515  00  02T018M000  1.000
HIS02A0008_039  0.000-11.38  3.82  0.26  0.00 -7.30 0.516  00  02T01AM000  1.000
HIS02A0008_040  0.000-12.24 -0.42  0.33  0.00-12.32 0.516  00  02T01BM000  1.000
HIS+1A0008_041  1.000-11.45 -0.93  0.39  0.00-11.99 0.516  00  +1O000M000  1.000
HIS+1A0008_042  1.000-11.95  0.80  2.37  0.00 -8.78 0.515  00  +1E002M000  1.000
HIS+1A0008_043  1.000-12.20 -0.50  0.35  0.00-12.35 0.515  00  +1E003M000  1.000
HIS+1A0008_044  1.000-11.98  0.09  2.37  0.00 -9.52 0.512  00  +1E004M000  1.000
HIS+1A0008_045  1.000-12.18  1.57  0.25  0.00-10.37 0.516  00  +1E007M000  1.000
HIS+1A0008_046  1.000-11.68  1.55  0.27  0.00 -9.87 0.515  00  +1E00FM000  1.000
HIS+1A0008_047  1.000-11.77 -0.08  0.30  0.00-11.55 0.514  00  +1E010M000  1.000
HIS+1A0008_048  1.000-12.08 -0.39  0.31  0.00-12.16 0.516  00  +1E013M000  1.000
HIS+1A0008_049  1.000-11.91  2.55  2.25  0.00 -7.11 0.513  00  +1E014M000  1.000
HIS+1A0008_050  1.000-11.87  2.61  0.29  0.00 -8.97 0.515  00  +1E01DM000  1.000
HIS+1A0008_051  1.000-11.59 -0.99  0.34  0.00-12.23 0.517  00  +1T009M000  1.000
HIS+1A0008_052  1.000-11.16  2.63  0.29  0.00 -8.23 0.516  00  +1T00BM000  1.000
HIS+1A0008_053  1.000-11.63  0.73  2.37  0.00 -8.54 0.515  00  +1T00DM000  1.000
HIS+1A0008_054  1.000-11.67  3.12  2.35  0.00 -6.19 0.514  00  +1T00EM000  1.000
HIS+1A0008_055  1.000-12.05  0.06  2.37  0.00 -9.62 0.516  00  +1T016M000  1.000
HIS+1A0008_056  1.000-11.90  1.44  2.23  0.00 -8.22 0.513  00  +1T017M000  1.000
HIS+1A0008_057  1.000-11.67  0.40  2.31  0.00 -8.95 0.515  00  +1T018M000  1.000
HIS+1A0008_058  1.000-12.43  1.70  0.24  0.00-10.49 0.515  00  +1T019M000  1.000
HIS+1A0008_059  1.000-11.54  3.96  0.28  0.00 -7.30 0.516  00  +1T01AM000  1.000
HIS+1A0008_060  1.000-12.26 -0.41  0.34  0.00-12.33 0.516  00  +1T01BM000  1.000
