iConf CONFORMER     FL  occ    crg   Em0  pKa0 ne nH    vdw0    vdw1    tors    epol   dsolv   extra    history
00001 HIS01A0008_001 f 0.00  0.000     0  0.00  0  0 -11.409  -0.886   0.388   0.176  -0.966   0.000 01O000M000t
00002 HIS01A0008_002 f 0.00  0.000     0  0.00  0  0 -11.985   1.547   0.241   0.234  -0.933   0.000 01E007M000t
00003 HIS01A0008_003 f 0.00  0.000     0  0.00  0  0 -11.492  -0.965   0.343   0.107  -0.973   0.000 01E009M000t
00004 HIS01A0008_004 f 0.00  0.000     0  0.00  0  0 -11.470   1.766   0.274   0.133  -1.047   0.000 01E00BM000t
00005 HIS01A0008_005 f 0.00  0.000     0  0.00  0  0 -11.606   0.739   2.363   0.041  -1.003   0.000 01E00DM000t
00006 HIS01A0008_006 f 0.00  0.000     0  0.00  0  0 -11.665  -0.030   0.301   0.023  -0.979   0.000 01E010M000t
00007 HIS01A0008_007 f 0.00  0.000     0  0.00  0  0 -12.103  -0.381   0.303   0.138  -1.048   0.000 01E013M000t
00008 HIS01A0008_008 f 0.00  0.000     0  0.00  0  0 -11.927   2.657   2.216   0.043  -1.007   0.000 01E014M000t
00009 HIS01A0008_009 f 0.00  0.000     0  0.00  0  0 -11.735   1.366   2.215   0.141  -1.028   0.000 01E017M000t
00010 HIS01A0008_010 f 0.00  0.000     0  0.00  0  0 -12.385   1.659   0.233   0.002  -0.963   0.000 01E019M000t
00011 HIS01A0008_011 f 0.00  0.000     0  0.00  0  0 -11.858   0.805   2.363   0.122  -0.952   0.000 01T002M000t
00012 HIS01A0008_012 f 0.00  0.000     0  0.00  0  0 -12.154  -0.449   0.346   0.038  -0.987   0.000 01T003M000t
00013 HIS01A0008_013 f 0.00  0.000     0  0.00  0  0 -11.935   0.115   2.364   0.076  -1.022   0.000 01T004M000t
00014 HIS01A0008_014 f 0.00  0.000     0  0.00  0  0 -11.632   3.069   2.342   0.179  -1.008   0.000 01T00EM000t
00015 HIS01A0008_015 f 0.00  0.000     0  0.00  0  0 -11.607   1.655   0.258  -0.088  -0.972   0.000 01T00FM000t
00016 HIS01A0008_016 f 0.00  0.000     0  0.00  0  0 -11.999   0.077   2.364   0.116  -1.001   0.000 01T016M000t
00017 HIS01A0008_017 f 0.00  0.000     0  0.00  0  0 -11.620   0.414   2.307   0.119  -1.032   0.000 01T018M000t
00018 HIS01A0008_018 f 0.00  0.000     0  0.00  0  0 -11.511   3.898   0.283   0.001  -0.966   0.000 01T01AM000t
00019 HIS01A0008_019 f 0.00  0.000     0  0.00  0  0 -12.220  -0.395   0.341   0.120  -0.995   0.000 01T01BM000t
00020 HIS01A0008_020 f 0.00  0.000     0  0.00  0  0 -11.743   2.487   0.272   0.156  -1.005   0.000 01T01DM000t
00021 HIS02A0008_021 f 0.00  0.000     0  0.00  0  0 -11.428  -0.925   0.388   0.130  -1.009   0.000 02O000M000t
00022 HIS02A0008_022 f 0.00  0.000     0  0.00  0  0 -12.120  -0.494   0.337   0.052  -1.052   0.000 02E003M000t
00023 HIS02A0008_023 f 0.00  0.000     0  0.00  0  0 -11.398  -0.987   0.337   0.126  -1.008   0.000 02E009M000t
00024 HIS02A0008_024 f 0.00  0.000     0  0.00  0  0 -11.313   2.265   0.277   0.122  -1.055   0.000 02E00BM000t
00025 HIS02A0008_025 f 0.00  0.000     0  0.00  0  0 -11.660   3.125   2.331   0.147  -1.047   0.000 02E00EM000t
00026 HIS02A0008_026 f 0.00  0.000     0  0.00  0  0 -12.124  -0.390   0.295   0.072  -1.073   0.000 02E013M000t
00027 HIS02A0008_027 f 0.00  0.000     0  0.00  0  0 -12.088   0.058   2.355   0.096  -1.049   0.000 02E016M000t
00028 HIS02A0008_028 f 0.00  0.000     0  0.00  0  0 -11.808   1.413   2.220   0.100  -1.056   0.000 02E017M000t
00029 HIS02A0008_029 f 0.00  0.000     0  0.00  0  0 -12.332   1.677   0.231   0.130  -0.982   0.000 02E019M000t
00030 HIS02A0008_030 f 0.00  0.000     0  0.00  0  0 -11.712   2.566   0.271   0.183  -1.042   0.000 02E01DM000t
00031 HIS02A0008_031 f 0.00  0.000     0  0.00  0  0 -12.111   0.797   2.353  -0.032  -1.028   0.000 02T002M000t
00032 HIS02A0008_032 f 0.00  0.000     0  0.00  0  0 -12.021   0.091   2.355   0.104  -1.083   0.000 02T004M000t
00033 HIS02A0008_033 f 0.00  0.000     0  0.00  0  0 -12.154   1.559   0.241  -0.085  -0.959   0.000 02T007M000t
00034 HIS02A0008_034 f 0.00  0.000     0  0.00  0  0 -11.607   0.723   2.353   0.034  -1.038   0.000 02T00DM000t
00035 HIS02A0008_035 f 0.00  0.000     0  0.00  0  0 -11.617   1.567   0.266   0.263  -0.989   0.000 02T00FM000t
00036 HIS02A0008_036 f 0.00  0.000     0  0.00  0  0 -11.747  -0.089   0.291   0.070  -1.011   0.000 02T010M000t
00037 HIS02A0008_037 f 0.00  0.000     0  0.00  0  0 -11.888   2.539   2.246   0.125  -1.016   0.000 02T014M000t
00038 HIS02A0008_038 f 0.00  0.000     0  0.00  0  0 -11.642   0.407   2.292   0.094  -1.054   0.000 02T018M000t
00039 HIS02A0008_039 f 0.00  0.000     0  0.00  0  0 -11.378   3.813   0.260   0.336  -0.972   0.000 02T01AM000t
00040 HIS02A0008_040 f 0.00  0.000     0  0.00  0  0 -12.238  -0.417   0.335   0.063  -1.038   0.000 02T01BM000t
00041 HIS+1A0008_041 f 0.00  1.000     0  6.98  0  1 -11.454  -0.928   0.388   0.198  -4.796   0.000 +1O000M000t
00042 HIS+1A0008_042 f 0.00  1.000     0  6.98  0  1 -11.954   0.798   2.368   0.255  -4.824   0.000 +1E002M000t
00043 HIS+1A0008_043 f 0.00  1.000     0  6.98  0  1 -12.198  -0.501   0.348   0.338  -4.814   0.000 +1E003M000t
00044 HIS+1A0008_044 f 0.00  1.000     0  6.98  0  1 -11.980   0.092   2.367   0.308  -4.832   0.000 +1E004M000t
00045 HIS+1A0008_045 f 0.00  1.000     0  6.98  0  1 -12.180   1.574   0.248  -0.044  -4.654   0.000 +1E007M000t
00046 HIS+1A0008_046 f 0.00  1.000     0  6.98  0  1 -11.684   1.540   0.271   0.590  -4.710   0.000 +1E00FM000t
00047 HIS+1A0008_047 f 0.00  1.000     0  6.98  0  1 -11.770  -0.085   0.305   0.343  -4.807   0.000 +1E010M000t
00048 HIS+1A0008_048 f 0.00  1.000     0  6.98  0  1 -12.084  -0.389   0.307   0.327  -4.844   0.000 +1E013M000t
00049 HIS+1A0008_049 f 0.00  1.000     0  6.98  0  1 -11.914   2.547   2.256   0.327  -4.799   0.000 +1E014M000t
00050 HIS+1A0008_050 f 0.00  1.000     0  6.98  0  1 -11.866   2.600   0.287   0.343  -4.843   0.000 +1E01DM000t
00051 HIS+1A0008_051 f 0.00  1.000     0  6.98  0  1 -11.588  -0.988   0.346   0.199  -4.871   0.000 +1T009M000t
00052 HIS+1A0008_052 f 0.00  1.000     0  6.98  0  1 -11.107   2.635   0.290   0.186  -4.825   0.000 +1T00BM000t
00053 HIS+1A0008_053 f 0.00  1.000     0  6.98  0  1 -11.632   0.727   2.368   0.283  -4.856   0.000 +1T00DM000t
00054 HIS+1A0008_054 f 0.00  1.000     0  6.98  0  1 -11.615   3.128   2.346   0.399  -4.845   0.000 +1T00EM000t
00055 HIS+1A0008_055 f 0.00  1.000     0  6.98  0  1 -12.046   0.058   2.367   0.301  -4.866   0.000 +1T016M000t
00056 HIS+1A0008_056 f 0.00  1.000     0  6.98  0  1 -11.897   1.438   2.230   0.294  -4.865   0.000 +1T017M000t
00057 HIS+1A0008_057 f 0.00  1.000     0  6.98  0  1 -11.669   0.403   2.316   0.285  -4.847   0.000 +1T018M000t
00058 HIS+1A0008_058 f 0.00  1.000     0  6.98  0  1 -12.428   1.693   0.237   0.307  -4.754   0.000 +1T019M000t
00059 HIS+1A0008_059 f 0.00  1.000     0  6.98  0  1 -11.536   3.960   0.277   0.555  -4.735   0.000 +1T01AM000t
00060 HIS+1A0008_060 f 0.00  1.000     0  6.98  0  1 -12.265  -0.416   0.346   0.235  -4.865   0.000 +1T01BM000t
