   confID        vdw0    sas     sum
HIS01A0008_001  -0.165 -11.245 -11.409
HIS01A0008_002  -0.326 -11.658 -11.985
HIS01A0008_003  -0.109 -11.383 -11.492
HIS01A0008_004  -0.123 -11.347 -11.470
HIS01A0008_005  -0.110 -11.496 -11.606
HIS01A0008_006  -0.275 -11.390 -11.665
HIS01A0008_007  -0.147 -11.956 -12.103
HIS01A0008_008  -0.332 -11.596 -11.927
HIS01A0008_009  -0.231 -11.504 -11.735
HIS01A0008_010  -0.327 -12.058 -12.385
HIS01A0008_011  -0.153 -11.705 -11.858
HIS01A0008_012  -0.168 -11.986 -12.154
HIS01A0008_013  -0.162 -11.772 -11.935
HIS01A0008_014  -0.133 -11.499 -11.632
HIS01A0008_015  -0.331 -11.275 -11.607
HIS01A0008_016  -0.111 -11.887 -11.999
HIS01A0008_017  -0.145 -11.475 -11.620
HIS01A0008_018  -0.263 -11.248 -11.511
HIS01A0008_019  -0.113 -12.107 -12.220
HIS01A0008_020  -0.130 -11.613 -11.743
HIS02A0008_021  -0.183 -11.245 -11.428
HIS02A0008_022  -0.185 -11.935 -12.120
HIS02A0008_023  -0.132 -11.267 -11.398
HIS02A0008_024  -0.154 -11.159 -11.313
HIS02A0008_025  -0.157 -11.502 -11.660
HIS02A0008_026  -0.167 -11.956 -12.124
HIS02A0008_027  -0.133 -11.955 -12.088
HIS02A0008_028  -0.255 -11.553 -11.808
HIS02A0008_029  -0.342 -11.990 -12.332
HIS02A0008_030  -0.160 -11.553 -11.712
HIS02A0008_031  -0.174 -11.937 -12.111
HIS02A0008_032  -0.181 -11.840 -12.021
HIS02A0008_033  -0.344 -11.810 -12.154
HIS02A0008_034  -0.130 -11.477 -11.607
HIS02A0008_035  -0.345 -11.272 -11.617
HIS02A0008_036  -0.290 -11.457 -11.747
HIS02A0008_037  -0.343 -11.544 -11.888
HIS02A0008_038  -0.167 -11.475 -11.642
HIS02A0008_039  -0.280 -11.098 -11.378
HIS02A0008_040  -0.131 -12.107 -12.238
HIS+1A0008_041  -0.209 -11.245 -11.454
HIS+1A0008_042  -0.200 -11.754 -11.954
HIS+1A0008_043  -0.211 -11.986 -12.198
HIS+1A0008_044  -0.207 -11.772 -11.980
HIS+1A0008_045  -0.370 -11.810 -12.180
HIS+1A0008_046  -0.371 -11.313 -11.684
HIS+1A0008_047  -0.316 -11.454 -11.770
HIS+1A0008_048  -0.195 -11.889 -12.084
HIS+1A0008_049  -0.370 -11.544 -11.914
HIS+1A0008_050  -0.185 -11.681 -11.866
HIS+1A0008_051  -0.158 -11.430 -11.588
HIS+1A0008_052  -0.180 -10.928 -11.107
HIS+1A0008_053  -0.155 -11.477 -11.632
HIS+1A0008_054  -0.184 -11.430 -11.615
HIS+1A0008_055  -0.158 -11.887 -12.046
HIS+1A0008_056  -0.282 -11.614 -11.897
HIS+1A0008_057  -0.194 -11.475 -11.669
HIS+1A0008_058  -0.370 -12.058 -12.428
HIS+1A0008_059  -0.306 -11.229 -11.536
HIS+1A0008_060  -0.158 -12.107 -12.265
