iConf CONFORMER     FL  occ    crg   Em0  pKa0 ne nH    vdw0    vdw1    tors    epol   dsolv   extra    history
00001 GLU01A0057_001 f 0.00  0.000     0  0.00  0  0  -3.931   2.089   4.087   0.117  -1.104   0.000 01O000M000t
00002 GLU01A0057_002 f 0.00  0.000     0  0.00  0  0  -3.898   0.236   5.271   0.148  -1.123   0.000 01E001M000t
00003 GLU01A0057_003 f 0.00  0.000     0  0.00  0  0  -3.931   2.089   1.367  -0.019  -0.840   0.000 01O000M000t
00004 GLU01A0057_004 f 0.00  0.000     0  0.00  0  0  -3.018   0.032   2.587   0.021  -0.851   0.000 01E004M000t
00005 GLU01A0057_005 f 0.00  0.000     0  0.00  0  0  -3.235   0.286   4.863   0.057  -1.215   0.000 01T002M000t
00006 GLU01A0057_006 f 0.00  0.000     0  0.00  0  0  -4.229   0.262   5.591   0.008  -1.381   0.000 01T00AM000t
00007 GLU01A0057_007 f 0.00  0.000     0  0.00  0  0  -4.136   0.163   4.217   0.026  -1.252   0.000 01T00BM000t
00008 GLU01A0057_008 f 0.00  0.000     0  0.00  0  0  -3.958   0.160   5.846   0.056  -1.396   0.000 01T00EM000t
00009 GLU01A0057_009 f 0.00  0.000     0  0.00  0  0  -4.430   0.257   4.908   0.003  -1.338   0.000 01T011M000t
00010 GLU01A0057_010 f 0.00  0.000     0  0.00  0  0  -3.023   0.033   5.254   0.083  -1.160   0.000 01T004M000t
00011 GLU01A0057_011 f 0.00  0.000     0  0.00  0  0  -3.760   0.280   4.818   0.069  -1.218   0.000 01T005M000t
00012 GLU01A0057_012 f 0.00  0.000     0  0.00  0  0  -4.339   1.334   5.598  -0.009  -1.265   0.000 01T008M000t
00013 GLU01A0057_013 f 0.00  0.000     0  0.00  0  0  -4.239   0.352   3.539   0.075  -1.292   0.000 01T00FM000t
00014 GLU01A0057_014 f 0.00  0.000     0  0.00  0  0  -3.235   0.286   2.143   0.018  -0.868   0.000 01T002M000t
00015 GLU01A0057_015 f 0.00  0.000     0  0.00  0  0  -4.620  -0.031   1.464   0.047  -0.841   0.000 01T006M000t
00016 GLU01A0057_016 f 0.00  0.000     0  0.00  0  0  -4.306   1.498   2.898  -0.002  -0.802   0.000 01T008M000t
00017 GLU01A0057_017 f 0.00  0.000     0  0.00  0  0  -4.313   0.093   0.814   0.044  -0.820   0.000 01T00FM000t
00018 GLU01A0057_018 f 0.00  0.000     0  0.00  0  0  -4.455   0.257   2.188   0.015  -0.871   0.000 01T011M000t
00019 GLU01A0057_019 f 0.00  0.000     0  0.00  0  0  -3.760   0.280   2.098   0.024  -0.872   0.000 01T005M000t
00020 GLU01A0057_020 f 0.00  0.000     0  0.00  0  0  -4.173   0.261   2.865   0.006  -0.908   0.000 01T00AM000t
00021 GLU01A0057_021 f 0.00  0.000     0  0.00  0  0  -4.160   0.166   1.443   0.019  -0.829   0.000 01T00BM000t
00022 GLU02A0057_022 f 0.00  0.000     0  0.00  0  0  -3.940   1.545   4.087  -0.073  -1.279   0.000 02O000M000t
00023 GLU02A0057_023 f 0.00  0.000     0  0.00  0  0  -4.006   0.285   4.798   0.013  -1.287   0.000 02E005M000t
00024 GLU02A0057_024 f 0.00  0.000     0  0.00  0  0  -3.835   0.143   5.808   0.055  -1.185   0.000 02E00EM000t
00025 GLU02A0057_025 f 0.00  0.000     0  0.00  0  0  -4.225   0.241   4.921   0.065  -1.225   0.000 02E011M000t
00026 GLU02A0057_026 f 0.00  0.000     0  0.00  0  0  -3.940   1.545   1.367  -0.062  -0.822   0.000 02O000M000t
00027 GLU02A0057_027 f 0.00  0.000     0  0.00  0  0  -4.335   0.325   2.841   0.021  -0.876   0.000 02E009M000t
00028 GLU02A0057_028 f 0.00  0.000     0  0.00  0  0  -3.944   0.164   3.657   0.030  -1.334   0.000 02T003M000t
00029 GLU02A0057_029 f 0.00  0.000     0  0.00  0  0  -4.285   1.744   5.703   0.181  -1.104   0.000 02T008M000t
00030 GLU02A0057_030 f 0.00  0.000     0  0.00  0  0  -4.143   0.251   5.620   0.081  -1.162   0.000 02T00AM000t
00031 GLU02A0057_031 f 0.00  0.000     0  0.00  0  0  -4.039   0.289   3.592   0.083  -1.187   0.000 02T00FM000t
00032 GLU02A0057_032 f 0.00  0.000     0  0.00  0  0  -4.334   0.323   5.546   0.048  -1.304   0.000 02T009M000t
00033 GLU02A0057_033 f 0.00  0.000     0  0.00  0  0  -4.088   0.181   4.084   0.058  -1.234   0.000 02T00CM000t
00034 GLU02A0057_034 f 0.00  0.000     0  0.00  0  0  -4.123   0.062   5.617   0.050  -1.265   0.000 02T00DM000t
00035 GLU02A0057_035 f 0.00  0.000     0  0.00  0  0  -3.944   0.164   0.937   0.016  -0.837   0.000 02T003M000t
00036 GLU02A0057_036 f 0.00  0.000     0  0.00  0  0  -4.006   0.285   2.078   0.014  -0.855   0.000 02T005M000t
00037 GLU02A0057_037 f 0.00  0.000     0  0.00  0  0  -4.107   0.185   1.392   0.020  -0.851   0.000 02T00CM000t
00038 GLU02A0057_038 f 0.00  0.000     0  0.00  0  0  -4.226   0.242   2.173   0.028  -0.882   0.000 02T011M000t
00039 GLU02A0057_039 f 0.00  0.000     0  0.00  0  0  -4.341   1.760   2.930   0.010  -0.882   0.000 02T008M000t
00040 GLU02A0057_040 f 0.00  0.000     0  0.00  0  0  -4.123   0.062   2.897   0.033  -0.838   0.000 02T00DM000t
00041 GLU02A0057_041 f 0.00  0.000     0  0.00  0  0  -4.124   0.260   0.878   0.026  -0.862   0.000 02T00FM000t
00042 GLU-1A0057_042 f 0.00 -1.000     0  4.75  0 -1  -4.028   1.565   1.367  -0.316  -7.332   0.000 -1O000M000t
00043 GLU-1A0057_043 f 0.00 -1.000     0  4.75  0 -1  -4.282   1.555   2.872  -0.125  -7.360   0.000 -1E008M000t
00044 GLU-1A0057_044 f 0.00 -1.000     0  4.75  0 -1  -4.159   0.270   2.782  -0.093  -7.459   0.000 -1E00AM000t
00045 GLU-1A0057_045 f 0.00 -1.000     0  4.75  0 -1  -4.126   0.189   1.291  -0.056  -7.471   0.000 -1E00CM000t
00046 GLU-1A0057_046 f 0.00 -1.000     0  4.75  0 -1  -3.881   0.149   2.951  -0.041  -7.470   0.000 -1E00EM000t
00047 GLU-1A0057_047 f 0.00 -1.000     0  4.75  0 -1  -4.140   0.199   0.808  -0.097  -7.377   0.000 -1E00FM000t
00048 GLU-1A0057_048 f 0.00 -1.000     0  4.75  0 -1  -4.243   0.251   2.080  -0.047  -7.479   0.000 -1E011M000t
