   confID        vdw0    sas     sum
GLU01A0057_001   1.025  -4.955  -3.931
GLU01A0057_002   0.880  -4.778  -3.898
GLU01A0057_003   1.025  -4.955  -3.931
GLU01A0057_004   1.644  -4.661  -3.018
GLU01A0057_005   1.677  -4.911  -3.235
GLU01A0057_006   0.790  -5.018  -4.229
GLU01A0057_007   0.508  -4.645  -4.136
GLU01A0057_008   0.921  -4.878  -3.958
GLU01A0057_009   0.528  -4.957  -4.430
GLU01A0057_010   1.651  -4.674  -3.023
GLU01A0057_011   0.840  -4.600  -3.760
GLU01A0057_012   0.539  -4.878  -4.339
GLU01A0057_013   0.610  -4.850  -4.239
GLU01A0057_014   1.677  -4.911  -3.235
GLU01A0057_015   0.432  -5.052  -4.620
GLU01A0057_016   0.453  -4.759  -4.306
GLU01A0057_017   0.558  -4.871  -4.313
GLU01A0057_018   0.528  -4.983  -4.455
GLU01A0057_019   0.840  -4.600  -3.760
GLU01A0057_020   0.809  -4.982  -4.173
GLU01A0057_021   0.584  -4.743  -4.160
GLU02A0057_022   0.834  -4.774  -3.940
GLU02A0057_023   0.662  -4.668  -4.006
GLU02A0057_024   1.076  -4.911  -3.835
GLU02A0057_025   0.743  -4.968  -4.225
GLU02A0057_026   0.834  -4.774  -3.940
GLU02A0057_027   0.659  -4.994  -4.335
GLU02A0057_028   0.708  -4.652  -3.944
GLU02A0057_029   0.548  -4.833  -4.285
GLU02A0057_030   0.900  -5.043  -4.143
GLU02A0057_031   0.678  -4.717  -4.039
GLU02A0057_032   0.660  -4.994  -4.334
GLU02A0057_033   0.626  -4.713  -4.088
GLU02A0057_034   0.708  -4.831  -4.123
GLU02A0057_035   0.708  -4.652  -3.944
GLU02A0057_036   0.662  -4.668  -4.006
GLU02A0057_037   0.594  -4.701  -4.107
GLU02A0057_038   0.742  -4.968  -4.226
GLU02A0057_039   0.576  -4.917  -4.341
GLU02A0057_040   0.708  -4.831  -4.123
GLU02A0057_041   0.665  -4.790  -4.124
GLU-1A0057_042   0.763  -4.791  -4.028
GLU-1A0057_043   0.422  -4.705  -4.282
GLU-1A0057_044   0.744  -4.904  -4.159
GLU-1A0057_045   0.447  -4.573  -4.126
GLU-1A0057_046   0.872  -4.753  -3.881
GLU-1A0057_047   0.513  -4.653  -4.140
GLU-1A0057_048   0.532  -4.775  -4.243
