iConf CONFORMER     FL  occ    crg   Em0  pKa0 ne nH    vdw0    vdw1    tors    epol   dsolv   extra    history
00001 TYR01A0115_001 f 0.00  0.000     0  0.00  0  0 -10.933  -0.577   0.052   0.096  -0.954   0.000 01O000M000t
00002 TYR01A0115_002 f 0.00  0.000     0  0.00  0  0 -10.731   0.462   2.744   0.093  -0.953   0.000 01E005M000t
00003 TYR01A0115_003 f 0.00  0.000     0  0.00  0  0 -10.538   2.204   0.061   0.162  -0.953   0.000 01E007M000t
00004 TYR01A0115_004 f 0.00  0.000     0  0.00  0  0 -10.708  -0.238   0.047   0.168  -0.929   0.000 01E00CM000t
00005 TYR01A0115_005 f 0.00  0.000     0  0.00  0  0 -10.998   1.438   2.745   0.068  -0.952   0.000 01E00DM000t
00006 TYR01A0115_006 f 0.00  0.000     0  0.00  0  0 -11.032  -0.248   0.046   0.048  -0.946   0.000 01E00EM000t
00007 TYR01A0115_007 f 0.00  0.000     0  0.00  0  0 -10.933  -0.577   0.052   0.102  -0.959   0.000 01O000M000t
00008 TYR01A0115_008 f 0.00  0.000     0  0.00  0  0 -11.059   2.888   0.060   0.161  -1.040   0.000 01E00AM000t
00009 TYR01A0115_009 f 0.00  0.000     0  0.00  0  0 -11.722   4.120   2.733   0.098  -0.970   0.000 01E011M000t
00010 TYR01A0115_010 f 0.00  0.000     0  0.00  0  0 -11.315   1.057   2.739   0.091  -1.015   0.000 01E014M000t
00011 TYR01A0115_011 f 0.00  0.000     0  0.00  0  0 -10.569   1.292   2.744   0.052  -0.910   0.000 01T003M000t
00012 TYR01A0115_012 f 0.00  0.000     0  0.00  0  0 -11.089   1.170   2.744   0.118  -0.931   0.000 01T00BM000t
00013 TYR01A0115_013 f 0.00  0.000     0  0.00  0  0 -11.400   0.917   2.739   0.088  -0.995   0.000 01T012M000t
00014 TYR01A0115_014 f 0.00  0.000     0  0.00  0  0 -10.614   1.085   2.744   0.117  -0.982   0.000 01T001M000t
00015 TYR01A0115_015 f 0.00  0.000     0  0.00  0  0 -10.669  -0.431   0.047   0.168  -0.936   0.000 01T002M000t
00016 TYR01A0115_016 f 0.00  0.000     0  0.00  0  0 -10.180  -0.042   0.047   0.035  -0.998   0.000 01T004M000t
00017 TYR01A0115_017 f 0.00  0.000     0  0.00  0  0 -11.477   1.311   0.028   0.108  -0.934   0.000 01T006M000t
00018 TYR01A0115_018 f 0.00  0.000     0  0.00  0  0 -10.186   0.113   0.046   0.031  -0.972   0.000 01T00FM000t
00019 TYR01A0115_019 f 0.00  0.000     0  0.00  0  0 -10.474  -0.561   0.049   0.099  -0.982   0.000 01T008M000t
00020 TYR01A0115_020 f 0.00  0.000     0  0.00  0  0 -10.967  -0.141   0.047   0.052  -0.976   0.000 01T010M000t
00021 TYR01A0115_021 f 0.00  0.000     0  0.00  0  0 -10.867   0.479   2.744   0.095  -0.952   0.000 01T013M000t
00022 TYR-1A0115_022 f 0.00 -1.000     0 10.20  0 -1 -10.933  -0.577   0.052   0.004  -7.211   0.000 -1O000M000t
00023 TYR-1A0115_023 f 0.00 -1.000     0 10.20  0 -1 -10.751  -0.395   0.046   0.209  -7.169   0.000 -1E002M000t
00024 TYR-1A0115_024 f 0.00 -1.000     0 10.20  0 -1 -10.515   2.168   0.062   0.045  -7.249   0.000 -1E007M000t
00025 TYR-1A0115_025 f 0.00 -1.000     0 10.20  0 -1 -10.476  -0.562   0.048  -0.000  -7.235   0.000 -1E008M000t
00026 TYR-1A0115_026 f 0.00 -1.000     0 10.20  0 -1 -11.165   1.169   2.742   0.080  -7.182   0.000 -1E00BM000t
00027 TYR-1A0115_027 f 0.00 -1.000     0 10.20  0 -1 -10.711  -0.247   0.045   0.209  -7.173   0.000 -1E00CM000t
00028 TYR-1A0115_028 f 0.00 -1.000     0 10.20  0 -1 -11.118   1.431   2.745   0.009  -7.130   0.000 -1E00DM000t
00029 TYR-1A0115_029 f 0.00 -1.000     0 10.20  0 -1 -11.045  -0.130   0.046  -0.119  -7.231   0.000 -1E010M000t
00030 TYR-1A0115_030 f 0.00 -1.000     0 10.20  0 -1 -11.445   0.935   2.737  -0.035  -7.227   0.000 -1E012M000t
00031 TYR-1A0115_031 f 0.00 -1.000     0 10.20  0 -1 -10.802   0.474   2.742  -0.030  -7.292   0.000 -1E013M000t
00032 TYR-1A0115_032 f 0.00 -1.000     0 10.20  0 -1 -10.610   1.087   2.742   0.081  -7.209   0.000 -1T001M000t
00033 TYR-1A0115_033 f 0.00 -1.000     0 10.20  0 -1 -10.571   1.289   2.744   0.013  -7.139   0.000 -1T003M000t
00034 TYR-1A0115_034 f 0.00 -1.000     0 10.20  0 -1 -10.191  -0.043   0.046  -0.131  -7.263   0.000 -1T004M000t
00035 TYR-1A0115_035 f 0.00 -1.000     0 10.20  0 -1 -10.797   0.456   2.742  -0.028  -7.248   0.000 -1T005M000t
00036 TYR-1A0115_036 f 0.00 -1.000     0 10.20  0 -1 -11.537   1.309   0.027   0.020  -7.231   0.000 -1T006M000t
00037 TYR-1A0115_037 f 0.00 -1.000     0 10.20  0 -1 -11.267   3.289   0.062   0.043  -7.260   0.000 -1T00AM000t
00038 TYR-1A0115_038 f 0.00 -1.000     0 10.20  0 -1 -11.027  -0.250   0.045  -0.120  -7.203   0.000 -1T00EM000t
00039 TYR-1A0115_039 f 0.00 -1.000     0 10.20  0 -1 -10.194   0.106   0.045  -0.130  -7.237   0.000 -1T00FM000t
00040 TYR-1A0115_040 f 0.00 -1.000     0 10.20  0 -1 -11.704   4.501   2.728  -0.024  -7.252   0.000 -1T011M000t
00041 TYR-1A0115_041 f 0.00 -1.000     0 10.20  0 -1 -11.313   1.037   2.737  -0.036  -7.305   0.000 -1T014M000t
