CONFORMER         crg  vdw0  vdw1  tors  epol  self   occ  Hb     history    ASA
TYR01A0115_001  0.000-10.93 -0.58  0.05  0.00-11.46 0.523  00  01O000M000  1.000
TYR01A0115_002  0.000-10.74  0.46  2.74  0.00 -7.53 0.525  00  01E005M000  1.000
TYR01A0115_003  0.000-10.54  2.21  0.06  0.00 -8.27 0.526  00  01E007M000  1.000
TYR01A0115_004  0.000-10.70 -0.24  0.05  0.00-10.90 0.524  00  01E00CM000  1.000
TYR01A0115_005  0.000-11.06  1.44  2.74  0.00 -6.88 0.520  00  01E00DM000  1.000
TYR01A0115_006  0.000-11.03 -0.25  0.05  0.00-11.23 0.524  00  01E00EM000  1.000
TYR01A0115_007  0.000-10.93 -0.58  0.05  0.00-11.46 0.523  00  01O000M000  1.000
TYR01A0115_008  0.000-11.19  2.89  0.06  0.00 -8.24 0.523  00  01E00AM000  1.000
TYR01A0115_009  0.000-11.72  4.12  2.73  0.00 -4.87 0.522  00  01E011M000  1.000
TYR01A0115_010  0.000-11.32  1.06  2.74  0.00 -7.52 0.524  00  01E014M000  1.000
TYR01A0115_011  0.000-10.64  1.30  2.74  0.00 -6.60 0.524  00  01T003M000  1.000
TYR01A0115_012  0.000-11.09  1.17  2.74  0.00 -7.18 0.523  00  01T00BM000  1.000
TYR01A0115_013  0.000-11.40  0.92  2.74  0.00 -7.74 0.523  00  01T012M000  1.000
TYR01A0115_014  0.000-10.61  1.09  2.74  0.00 -6.78 0.525  00  01T001M000  1.000
TYR01A0115_015  0.000-10.73 -0.43  0.05  0.00-11.12 0.526  00  01T002M000  1.000
TYR01A0115_016  0.000-10.18 -0.04  0.05  0.00-10.17 0.527  00  01T004M000  1.000
TYR01A0115_017  0.000-11.47  1.31  0.03  0.00-10.14 0.522  00  01T006M000  1.000
TYR01A0115_018  0.000-10.19  0.11  0.05  0.00-10.03 0.523  00  01T00FM000  1.000
TYR01A0115_019  0.000-10.48 -0.56  0.05  0.00-10.99 0.524  00  01T008M000  1.000
TYR01A0115_020  0.000-10.97 -0.14  0.05  0.00-11.07 0.524  00  01T010M000  1.000
TYR01A0115_021  0.000-10.94  0.48  2.74  0.00 -7.72 0.524  00  01T013M000  1.000
TYR-1A0115_022 -1.000-10.93 -0.58  0.05  0.00-11.46 0.523  00  -1O000M000  1.000
TYR-1A0115_023 -1.000-10.75 -0.40  0.05  0.00-11.10 0.526  00  -1E002M000  1.000
TYR-1A0115_024 -1.000-10.52  2.17  0.06  0.00 -8.29 0.526  00  -1E007M000  1.000
TYR-1A0115_025 -1.000-10.48 -0.56  0.05  0.00-10.99 0.524  00  -1E008M000  1.000
TYR-1A0115_026 -1.000-11.16  1.17  2.74  0.00 -7.25 0.523  00  -1E00BM000  1.000
TYR-1A0115_027 -1.000-10.70 -0.25  0.05  0.00-10.90 0.524  00  -1E00CM000  1.000
TYR-1A0115_028 -1.000-11.06  1.44  2.74  0.00 -6.88 0.520  00  -1E00DM000  1.000
TYR-1A0115_029 -1.000-11.04 -0.13  0.05  0.00-11.13 0.524  00  -1E010M000  1.000
TYR-1A0115_030 -1.000-11.45  0.94  2.74  0.00 -7.77 0.523  00  -1E012M000  1.000
TYR-1A0115_031 -1.000-10.81  0.48  2.74  0.00 -7.59 0.524  00  -1E013M000  1.000
TYR-1A0115_032 -1.000-10.61  1.09  2.74  0.00 -6.78 0.525  00  -1T001M000  1.000
TYR-1A0115_033 -1.000-10.64  1.29  2.74  0.00 -6.60 0.524  00  -1T003M000  1.000
TYR-1A0115_034 -1.000-10.18 -0.04  0.05  0.00-10.18 0.527  00  -1T004M000  1.000
TYR-1A0115_035 -1.000-10.80  0.46  2.74  0.00 -7.60 0.525  00  -1T005M000  1.000
TYR-1A0115_036 -1.000-11.54  1.31  0.03  0.00-10.20 0.522  00  -1T006M000  1.000
TYR-1A0115_037 -1.000-11.21  3.29  0.06  0.00 -7.85 0.523  00  -1T00AM000  1.000
TYR-1A0115_038 -1.000-11.04 -0.25  0.05  0.00-11.24 0.524  00  -1T00EM000  1.000
TYR-1A0115_039 -1.000-10.19  0.11  0.04  0.00-10.04 0.523  00  -1T00FM000  1.000
TYR-1A0115_040 -1.000-11.70  4.49  2.73  0.00 -4.48 0.522  00  -1T011M000  1.000
TYR-1A0115_041 -1.000-11.32  1.03  2.74  0.00 -7.55 0.524  00  -1T014M000  1.000
