   confID        vdw0    sas     sum
TYR01A0115_001   3.825 -14.758 -10.933
TYR01A0115_002   3.828 -14.559 -10.731
TYR01A0115_003   3.774 -14.312 -10.538
TYR01A0115_004   3.750 -14.459 -10.708
TYR01A0115_005   3.755 -14.753 -10.998
TYR01A0115_006   3.762 -14.794 -11.032
TYR01A0115_007   3.825 -14.758 -10.933
TYR01A0115_008   3.675 -14.735 -11.059
TYR01A0115_009   3.490 -15.212 -11.722
TYR01A0115_010   3.662 -14.977 -11.315
TYR01A0115_011   3.836 -14.404 -10.569
TYR01A0115_012   3.752 -14.841 -11.089
TYR01A0115_013   3.763 -15.162 -11.400
TYR01A0115_014   3.824 -14.439 -10.614
TYR01A0115_015   3.833 -14.502 -10.669
TYR01A0115_016   3.833 -14.012 -10.180
TYR01A0115_017   3.479 -14.956 -11.477
TYR01A0115_018   3.758 -13.944 -10.186
TYR01A0115_019   3.744 -14.218 -10.474
TYR01A0115_020   3.664 -14.630 -10.967
TYR01A0115_021   3.745 -14.612 -10.867
TYR-1A0115_022   3.825 -14.758 -10.933
TYR-1A0115_023   3.835 -14.586 -10.751
TYR-1A0115_024   3.779 -14.295 -10.515
TYR-1A0115_025   3.741 -14.218 -10.476
TYR-1A0115_026   3.744 -14.909 -11.165
TYR-1A0115_027   3.748 -14.459 -10.711
TYR-1A0115_028   3.770 -14.888 -11.118
TYR-1A0115_029   3.653 -14.698 -11.045
TYR-1A0115_030   3.767 -15.213 -11.445
TYR-1A0115_031   3.743 -14.544 -10.802
TYR-1A0115_032   3.829 -14.439 -10.610
TYR-1A0115_033   3.834 -14.404 -10.571
TYR-1A0115_034   3.821 -14.012 -10.191
TYR-1A0115_035   3.822 -14.619 -10.797
TYR-1A0115_036   3.486 -15.024 -11.537
TYR-1A0115_037   3.680 -14.946 -11.267
TYR-1A0115_038   3.767 -14.794 -11.027
TYR-1A0115_039   3.750 -13.944 -10.194
TYR-1A0115_040   3.492 -15.195 -11.704
TYR-1A0115_041   3.663 -14.977 -11.313
