iConf CONFORMER     FL  occ    crg   Em0  pKa0 ne nH    vdw0    vdw1    tors    epol   dsolv   extra    history
00001 TYR01A0113_001 f 0.00  0.000     0  0.00  0  0  -9.793   0.598   0.066   0.044  -0.955   0.000 01O000M000t
00002 TYR01A0113_002 f 0.00  0.000     0  0.00  0  0  -9.810   0.573   0.061   0.042  -0.927   0.000 01E005M000t
00003 TYR01A0113_003 f 0.00  0.000     0  0.00  0  0  -9.500   2.342   2.729   0.035  -0.960   0.000 01E00CM000t
00004 TYR01A0113_004 f 0.00  0.000     0  0.00  0  0  -9.051   2.356   2.729   0.034  -0.965   0.000 01E003M000t
00005 TYR01A0113_005 f 0.00  0.000     0  0.00  0  0 -10.555   5.092   2.727   0.039  -0.968   0.000 01E007M000t
00006 TYR01A0113_006 f 0.00  0.000     0  0.00  0  0 -10.675   7.813   0.023   0.051  -1.022   0.000 01T004M000t
00007 TYR01A0113_007 f 0.00  0.000     0  0.00  0  0 -10.270   6.724   0.028   0.057  -0.902   0.000 01T006M000t
00008 TYR01A0113_008 f 0.00  0.000     0  0.00  0  0  -9.877   4.622   0.051   0.174  -0.916   0.000 01T009M000t
00009 TYR01A0113_009 f 0.00  0.000     0  0.00  0  0 -10.428   5.148   2.728   0.051  -1.013   0.000 01T001M000t
00010 TYR01A0113_010 f 0.00  0.000     0  0.00  0  0 -10.034   4.554   0.052   0.178  -0.967   0.000 01T00AM000t
00011 TYR01A0113_011 f 0.00  0.000     0  0.00  0  0  -9.842   3.609   2.721   0.054  -0.951   0.000 01T00DM000t
00012 TYR01A0113_012 f 0.00  0.000     0  0.00  0  0  -9.847   2.194   0.058   0.098  -0.950   0.000 01T002M000t
00013 TYR01A0113_013 f 0.00  0.000     0  0.00  0  0  -9.900   2.109   0.059   0.085  -0.953   0.000 01T008M000t
00014 TYR01A0113_014 f 0.00  0.000     0  0.00  0  0 -10.174   3.697   2.721   0.058  -1.032   0.000 01T00BM000t
00015 TYR-1A0113_015 f 0.00 -1.000     0 10.20  0 -1  -9.793   0.598   0.066  -0.053  -7.196   0.000 -1O000M000t
00016 TYR-1A0113_016 f 0.00 -1.000     0 10.20  0 -1 -10.426   5.129   2.726  -0.055  -7.245   0.000 -1E001M000t
00017 TYR-1A0113_017 f 0.00 -1.000     0 10.20  0 -1  -9.897   2.229   0.058   0.135  -7.233   0.000 -1E002M000t
00018 TYR-1A0113_018 f 0.00 -1.000     0 10.20  0 -1  -9.065   2.350   2.728  -0.021  -7.244   0.000 -1E003M000t
00019 TYR-1A0113_019 f 0.00 -1.000     0 10.20  0 -1 -10.221   6.733   0.025  -0.039  -7.215   0.000 -1E006M000t
00020 TYR-1A0113_020 f 0.00 -1.000     0 10.20  0 -1  -9.794   4.642   0.048   0.288  -7.105   0.000 -1E009M000t
00021 TYR-1A0113_021 f 0.00 -1.000     0 10.20  0 -1  -9.875   3.630   2.717  -0.001  -7.229   0.000 -1E00DM000t
00022 TYR-1A0113_022 f 0.00 -1.000     0 10.20  0 -1 -10.612   7.764   0.022  -0.039  -7.221   0.000 -1T004M000t
00023 TYR-1A0113_023 f 0.00 -1.000     0 10.20  0 -1  -9.882   0.572   0.060  -0.047  -7.201   0.000 -1T005M000t
00024 TYR-1A0113_024 f 0.00 -1.000     0 10.20  0 -1 -10.547   5.084   2.726  -0.054  -7.206   0.000 -1T007M000t
00025 TYR-1A0113_025 f 0.00 -1.000     0 10.20  0 -1  -9.903   2.101   0.058   0.131  -7.165   0.000 -1T008M000t
00026 TYR-1A0113_026 f 0.00 -1.000     0 10.20  0 -1 -10.030   4.501   0.048   0.290  -7.066   0.000 -1T00AM000t
00027 TYR-1A0113_027 f 0.00 -1.000     0 10.20  0 -1 -10.167   3.693   2.719   0.000  -7.228   0.000 -1T00BM000t
00028 TYR-1A0113_028 f 0.00 -1.000     0 10.20  0 -1  -9.329   2.342   2.727  -0.020  -7.234   0.000 -1T00CM000t
