   confID        vdw0    sas     sum
TYR01A0113_001   4.387 -14.180  -9.793
TYR01A0113_002   4.420 -14.230  -9.810
TYR01A0113_003   4.417 -13.917  -9.500
TYR01A0113_004   4.391 -13.442  -9.051
TYR01A0113_005   4.430 -14.985 -10.555
TYR01A0113_006   4.026 -14.701 -10.675
TYR01A0113_007   4.049 -14.319 -10.270
TYR01A0113_008   4.276 -14.153  -9.877
TYR01A0113_009   4.398 -14.826 -10.428
TYR01A0113_010   4.321 -14.355 -10.034
TYR01A0113_011   4.335 -14.177  -9.842
TYR01A0113_012   4.408 -14.256  -9.847
TYR01A0113_013   4.449 -14.349  -9.900
TYR01A0113_014   4.299 -14.473 -10.174
TYR-1A0113_015   4.387 -14.180  -9.793
TYR-1A0113_016   4.399 -14.826 -10.426
TYR-1A0113_017   4.409 -14.306  -9.897
TYR-1A0113_018   4.377 -13.442  -9.065
TYR-1A0113_019   4.047 -14.268 -10.221
TYR-1A0113_020   4.294 -14.088  -9.794
TYR-1A0113_021   4.335 -14.210  -9.875
TYR-1A0113_022   4.038 -14.650 -10.612
TYR-1A0113_023   4.415 -14.297  -9.882
TYR-1A0113_024   4.439 -14.985 -10.547
TYR-1A0113_025   4.446 -14.349  -9.903
TYR-1A0113_026   4.325 -14.355 -10.030
TYR-1A0113_027   4.306 -14.473 -10.167
TYR-1A0113_028   4.419 -13.748  -9.329
