iConf CONFORMER     FL  occ    crg   Em0  pKa0 ne nH    vdw0    vdw1    tors    epol   dsolv   extra    history
00001 LYS01A0136_001 f 0.00  0.000     0  0.00  0  0 -10.124   2.612   1.463  -0.008  -0.211   0.000 01O000M000t
00002 LYS01A0136_002 f 0.00  0.000     0  0.00  0  0  -9.969   2.684   3.308  -0.004  -0.212   0.000 01E025M000t
00003 LYS01A0136_003 f 0.00  0.000     0  0.00  0  0 -11.299   3.678   3.763  -0.024  -0.212   0.000 01E03BM000t
00004 LYS01A0136_004 f 0.00  0.000     0  0.00  0  0 -11.112   4.058   1.311  -0.013  -0.194   0.000 01E03DM000t
00005 LYS01A0136_005 f 0.00  0.000     0  0.00  0  0  -9.511   3.034   4.458  -0.019  -0.204   0.000 01E041M000t
00006 LYS01A0136_006 f 0.00  0.000     0  0.00  0  0 -10.446   2.484   3.744   0.001  -0.224   0.000 01E04FM000t
00007 LYS01A0136_007 f 0.00  0.000     0  0.00  0  0  -6.183   2.410   0.935   0.000  -0.205   0.000 01E050M000t
00008 LYS01A0136_008 f 0.00  0.000     0  0.00  0  0 -10.704   2.688   3.303  -0.003  -0.211   0.000 01E058M000t
00009 LYS01A0136_009 f 0.00  0.000     0  0.00  0  0 -11.201   2.594   1.175  -0.004  -0.221   0.000 01E059M000t
00010 LYS01A0136_010 f 0.00  0.000     0  0.00  0  0  -8.998   3.253   2.108   0.002  -0.193   0.000 01E077M000t
00011 LYS01A0136_011 f 0.00  0.000     0  0.00  0  0  -9.006   2.847   2.030  -0.006  -0.200   0.000 01E07BM000t
00012 LYS01A0136_012 f 0.00  0.000     0  0.00  0  0  -9.815   3.467   4.211  -0.005  -0.222   0.000 01E07CM000t
00013 LYS01A0136_013 f 0.00  0.000     0  0.00  0  0  -9.265   3.457   4.147   0.001  -0.212   0.000 01E080M000t
00014 LYS01A0136_014 f 0.00  0.000     0  0.00  0  0 -10.631   2.632   1.270  -0.009  -0.205   0.000 01T016M000t
00015 LYS01A0136_015 f 0.00  0.000     0  0.00  0  0  -9.930   2.502   1.234  -0.002  -0.216   0.000 01T020M000t
00016 LYS01A0136_016 f 0.00  0.000     0  0.00  0  0  -8.687   4.577   1.829   0.001  -0.183   0.000 01T028M000t
00017 LYS01A0136_017 f 0.00  0.000     0  0.00  0  0  -8.207   2.744   1.037  -0.009  -0.207   0.000 01T039M000t
00018 LYS01A0136_018 f 0.00  0.000     0  0.00  0  0 -10.059   2.506   3.710  -0.016  -0.200   0.000 01T056M000t
00019 LYS01A0136_019 f 0.00  0.000     0  0.00  0  0 -10.014   2.789   4.182  -0.007  -0.208   0.000 01T060M000t
00020 LYS01A0136_020 f 0.00  0.000     0  0.00  0  0  -9.660   2.791   1.783  -0.004  -0.202   0.000 01T063M000t
00021 LYS+1A0136_021 f 0.00  1.000     0 10.40  0  1 -10.192   2.609   1.463   0.060  -3.059   0.000 +1O000M000t
00022 LYS+1A0136_022 f 0.00  1.000     0 10.40  0  1 -10.721   2.627   1.271   0.025  -3.078   0.000 +1E016M000t
00023 LYS+1A0136_023 f 0.00  1.000     0 10.40  0  1 -11.268   3.587   3.823   0.138  -3.078   0.000 +1E03BM000t
00024 LYS+1A0136_024 f 0.00  1.000     0 10.40  0  1 -11.192   4.049   1.321   0.072  -3.042   0.000 +1E03DM000t
00025 LYS+1A0136_025 f 0.00  1.000     0 10.40  0  1  -9.657   3.024   4.500   0.061  -3.044   0.000 +1E041M000t
00026 LYS+1A0136_026 f 0.00  1.000     0 10.40  0  1 -10.409   2.485   3.794   0.025  -3.112   0.000 +1E04FM000t
00027 LYS+1A0136_027 f 0.00  1.000     0 10.40  0  1 -10.049   2.508   3.749  -0.037  -3.042   0.000 +1E056M000t
00028 LYS+1A0136_028 f 0.00  1.000     0 10.40  0  1 -11.233   2.600   1.185   0.011  -3.091   0.000 +1E059M000t
00029 LYS+1A0136_029 f 0.00  1.000     0 10.40  0  1  -9.622   2.785   1.794   0.054  -3.049   0.000 +1E063M000t
00030 LYS+1A0136_030 f 0.00  1.000     0 10.40  0  1  -9.862   3.455   4.281   0.018  -3.109   0.000 +1E07CM000t
00031 LYS+1A0136_031 f 0.00  1.000     0 10.40  0  1 -10.102   2.503   1.243   0.042  -3.057   0.000 +1T020M000t
00032 LYS+1A0136_032 f 0.00  1.000     0 10.40  0  1  -9.987   2.693   3.452   0.008  -3.099   0.000 +1T025M000t
00033 LYS+1A0136_033 f 0.00  1.000     0 10.40  0  1  -8.843   4.576   1.837  -0.239  -2.972   0.000 +1T028M000t
00034 LYS+1A0136_034 f 0.00  1.000     0 10.40  0  1  -8.075   2.729   1.046   0.064  -3.078   0.000 +1T039M000t
00035 LYS+1A0136_035 f 0.00  1.000     0 10.40  0  1  -6.118   2.416   0.934  -0.020  -3.088   0.000 +1T050M000t
00036 LYS+1A0136_036 f 0.00  1.000     0 10.40  0  1 -10.931   2.678   3.357   0.022  -3.103   0.000 +1T058M000t
00037 LYS+1A0136_037 f 0.00  1.000     0 10.40  0  1 -10.016   2.783   4.253   0.049  -3.086   0.000 +1T060M000t
00038 LYS+1A0136_038 f 0.00  1.000     0 10.40  0  1  -9.052   3.252   2.120  -0.010  -2.991   0.000 +1T077M000t
00039 LYS+1A0136_039 f 0.00  1.000     0 10.40  0  1  -9.075   2.833   2.034   0.005  -3.012   0.000 +1T07BM000t
00040 LYS+1A0136_040 f 0.00  1.000     0 10.40  0  1  -9.338   3.461   4.197  -0.014  -3.094   0.000 +1T080M000t
