CONFORMER         crg  vdw0  vdw1  tors  epol  self   occ  Hb     history    ASA
LYS01A0136_001  0.000-10.12  2.61  1.46  0.00 -6.05 0.504  00  01O000M000  1.000
LYS01A0136_002  0.000 -9.97  2.68  3.31  0.00 -3.98 0.504  00  01E025M000  1.000
LYS01A0136_003  0.000-11.30  3.68  3.76  0.00 -3.86 0.505  00  01E03BM000  1.000
LYS01A0136_004  0.000-11.11  4.05  1.31  0.00 -5.74 0.503  00  01E03DM000  1.000
LYS01A0136_005  0.000 -9.51  3.03  4.46  0.00 -2.02 0.504  00  01E041M000  1.000
LYS01A0136_006  0.000-10.45  2.44  3.74  0.00 -4.27 0.504  00  01E04FM000  1.000
LYS01A0136_007  0.000 -6.17  2.35  0.93  0.00 -2.89 0.503  00  01E050M000  1.000
LYS01A0136_008  0.000-10.77  2.63  3.30  0.00 -4.84 0.503  00  01E058M000  1.000
LYS01A0136_009  0.000-11.20  2.54  1.17  0.00 -7.49 0.504  00  01E059M000  1.000
LYS01A0136_010  0.000 -8.99  3.25  2.11  0.00 -3.63 0.505  00  01E077M000  1.000
LYS01A0136_011  0.000 -9.00  2.84  2.03  0.00 -4.13 0.504  00  01E07BM000  1.000
LYS01A0136_012  0.000 -9.81  3.46  4.21  0.00 -2.14 0.504  00  01E07CM000  1.000
LYS01A0136_013  0.000 -9.27  3.45  4.15  0.00 -1.66 0.503  00  01E080M000  1.000
LYS01A0136_014  0.000-10.63  2.63  1.27  0.00 -6.73 0.503  00  01T016M000  1.000
LYS01A0136_015  0.000 -9.93  2.45  1.23  0.00 -6.24 0.502  00  01T020M000  1.000
LYS01A0136_016  0.000 -8.74  4.57  1.83  0.00 -2.33 0.503  00  01T028M000  1.000
LYS01A0136_017  0.000 -8.17  2.75  1.04  0.00 -4.39 0.503  00  01T039M000  1.000
LYS01A0136_018  0.000-10.06  2.45  3.71  0.00 -3.90 0.504  00  01T056M000  1.000
LYS01A0136_019  0.000-10.02  2.79  4.18  0.00 -3.04 0.504  00  01T060M000  1.000
LYS01A0136_020  0.000 -9.66  2.79  1.78  0.00 -5.09 0.504  00  01T063M000  1.000
LYS+1A0136_021  1.000-10.19  2.61  1.46  0.00 -6.12 0.504  00  +1O000M000  1.000
LYS+1A0136_022  1.000-10.72  2.63  1.27  0.00 -6.82 0.503  00  +1E016M000  1.000
LYS+1A0136_023  1.000-11.27  3.59  3.82  0.00 -3.85 0.505  00  +1E03BM000  1.000
LYS+1A0136_024  1.000-11.19  4.04  1.32  0.00 -5.83 0.503  00  +1E03DM000  1.000
LYS+1A0136_025  1.000 -9.66  3.03  4.50  0.00 -2.13 0.504  00  +1E041M000  1.000
LYS+1A0136_026  1.000-10.41  2.43  3.79  0.00 -4.19 0.504  00  +1E04FM000  1.000
LYS+1A0136_027  1.000-10.05  2.45  3.75  0.00 -3.85 0.504  00  +1E056M000  1.000
LYS+1A0136_028  1.000-11.24  2.54  1.19  0.00 -7.51 0.504  00  +1E059M000  1.000
LYS+1A0136_029  1.000 -9.62  2.78  1.79  0.00 -5.04 0.504  00  +1E063M000  1.000
LYS+1A0136_030  1.000 -9.87  3.45  4.28  0.00 -2.14 0.504  00  +1E07CM000  1.000
LYS+1A0136_031  1.000-10.10  2.45  1.24  0.00 -6.42 0.502  00  +1T020M000  1.000
LYS+1A0136_032  1.000 -9.99  2.69  3.45  0.00 -3.85 0.504  00  +1T025M000  1.000
LYS+1A0136_033  1.000 -8.85  4.57  1.84  0.00 -2.44 0.503  00  +1T028M000  1.000
LYS+1A0136_034  1.000 -8.14  2.73  1.04  0.00 -4.37 0.503  00  +1T039M000  1.000
LYS+1A0136_035  1.000 -6.11  2.36  0.93  0.00 -2.82 0.503  00  +1T050M000  1.000
LYS+1A0136_036  1.000-10.93  2.62  3.36  0.00 -4.95 0.503  00  +1T058M000  1.000
LYS+1A0136_037  1.000-10.02  2.78  4.25  0.00 -2.99 0.504  00  +1T060M000  1.000
LYS+1A0136_038  1.000 -9.05  3.25  2.12  0.00 -3.68 0.505  00  +1T077M000  1.000
LYS+1A0136_039  1.000 -9.08  2.83  2.03  0.00 -4.22 0.504  00  +1T07BM000  1.000
LYS+1A0136_040  1.000 -9.33  3.46  4.20  0.00 -1.67 0.503  00  +1T080M000  1.000
