   confID        vdw0    sas     sum
LYS01A0136_001   2.002 -12.126 -10.124
LYS01A0136_002   2.227 -12.196  -9.969
LYS01A0136_003   1.553 -12.852 -11.299
LYS01A0136_004   1.484 -12.596 -11.112
LYS01A0136_005   2.894 -12.406  -9.511
LYS01A0136_006   1.621 -12.067 -10.446
LYS01A0136_007   5.916 -12.099  -6.183
LYS01A0136_008   1.488 -12.192 -10.704
LYS01A0136_009   1.230 -12.431 -11.201
LYS01A0136_010   3.119 -12.117  -8.998
LYS01A0136_011   3.236 -12.242  -9.006
LYS01A0136_012   2.377 -12.192  -9.815
LYS01A0136_013   3.114 -12.379  -9.265
LYS01A0136_014   2.068 -12.699 -10.631
LYS01A0136_015   2.190 -12.119  -9.930
LYS01A0136_016   3.443 -12.130  -8.687
LYS01A0136_017   4.535 -12.743  -8.207
LYS01A0136_018   1.662 -11.721 -10.059
LYS01A0136_019   2.358 -12.372 -10.014
LYS01A0136_020   2.739 -12.399  -9.660
LYS+1A0136_021   1.934 -12.126 -10.192
LYS+1A0136_022   1.978 -12.699 -10.721
LYS+1A0136_023   1.532 -12.801 -11.268
LYS+1A0136_024   1.404 -12.596 -11.192
LYS+1A0136_025   2.816 -12.473  -9.657
LYS+1A0136_026   1.594 -12.003 -10.409
LYS+1A0136_027   1.604 -11.653 -10.049
LYS+1A0136_028   1.197 -12.431 -11.233
LYS+1A0136_029   2.658 -12.280  -9.622
LYS+1A0136_030   2.382 -12.244  -9.862
LYS+1A0136_031   2.085 -12.187 -10.102
LYS+1A0136_032   2.273 -12.260  -9.987
LYS+1A0136_033   3.326 -12.169  -8.843
LYS+1A0136_034   4.510 -12.585  -8.075
LYS+1A0136_035   5.965 -12.083  -6.118
LYS+1A0136_036   1.448 -12.379 -10.931
LYS+1A0136_037   2.360 -12.376 -10.016
LYS+1A0136_038   3.001 -12.053  -9.052
LYS+1A0136_039   3.167 -12.242  -9.075
LYS+1A0136_040   3.057 -12.395  -9.338
