CONFORMER         crg  vdw0  vdw1  tors  epol  self   occ  Hb     history    ASA
LYS01A0133_001  0.000 -8.78  0.14  1.24  0.00 -7.40 0.501  00  01O000M000  1.000
LYS01A0133_002  0.000-11.19  0.87  4.48  0.00 -5.84 0.501  00  01E03AM000  1.000
LYS01A0133_003  0.000-10.33  0.04  4.28  0.00 -6.00 0.501  00  01E098M000  1.000
LYS01A0133_004  0.000-10.67  1.31  7.13  0.00 -2.23 0.501  00  01E0AAM000  1.000
LYS01A0133_005  0.000 -8.52  0.78  4.09  0.00 -3.65 0.501  00  01E10AM000  1.000
LYS01A0133_006  0.000-10.99  0.15  3.51  0.00 -7.32 0.501  00  01E133M000  1.000
LYS01A0133_007  0.000 -9.44  0.36  2.01  0.00 -7.06 0.501  00  01E144M000  1.000
LYS01A0133_008  0.000-10.15  0.52  1.51  0.00 -8.11 0.501  00  01E147M000  1.000
LYS01A0133_009  0.000-10.47  4.94  4.29  0.00 -1.24 0.502  00  01E16CM000  1.000
LYS01A0133_010  0.000-10.83  4.69  3.77  0.00 -2.38 0.501  00  01E16EM000  1.000
LYS01A0133_011  0.000-10.30  4.92  4.14  0.00 -1.23 0.501  00  01E170M000  1.000
LYS01A0133_012  0.000-10.07  0.71  1.80  0.00 -7.56 0.501  00  01T05EM000  1.000
LYS01A0133_013  0.000 -8.21  2.11  1.03  0.00 -5.07 0.501  00  01T08AM000  1.000
LYS01A0133_014  0.000 -9.26  0.23  4.51  0.00 -4.52 0.501  00  01T08FM000  1.000
LYS01A0133_015  0.000-10.23  0.26  4.09  0.00 -5.88 0.501  00  01T093M000  1.000
LYS01A0133_016  0.000-10.04  0.72  1.35  0.00 -7.97 0.501  00  01T0C0M000  1.000
LYS01A0133_017  0.000 -7.84  0.21  1.71  0.00 -5.92 0.502  00  01T0C9M000  1.000
LYS01A0133_018  0.000 -7.49  0.44  3.47  0.00 -3.58 0.501  00  01T0DBM000  1.000
LYS01A0133_019  0.000-10.43  0.31  3.81  0.00 -6.31 0.501  00  01T0F4M000  1.000
LYS01A0133_020  0.000 -9.94  0.82  1.73  0.00 -7.39 0.501  00  01T193M000  1.000
LYS+1A0133_021  1.000 -8.83  0.14  1.24  0.00 -7.45 0.501  00  +1O000M000  1.000
LYS+1A0133_022  1.000 -8.35  2.11  1.03  0.00 -5.21 0.501  00  +1E08AM000  1.000
LYS+1A0133_023  1.000-10.29  0.26  4.10  0.00 -5.94 0.501  00  +1E093M000  1.000
LYS+1A0133_024  1.000-10.86  1.31  7.14  0.00 -2.42 0.501  00  +1E0AAM000  1.000
LYS+1A0133_025  1.000 -7.47  0.44  3.49  0.00 -3.54 0.501  00  +1E0DBM000  1.000
LYS+1A0133_026  1.000-10.48  0.30  3.84  0.00 -6.33 0.501  00  +1E0F4M000  1.000
LYS+1A0133_027  1.000-11.12  0.15  3.52  0.00 -7.45 0.501  00  +1E133M000  1.000
LYS+1A0133_028  1.000 -9.52  0.36  2.01  0.00 -7.15 0.501  00  +1E144M000  1.000
LYS+1A0133_029  1.000-10.87  4.67  3.77  0.00 -2.43 0.501  00  +1E16EM000  1.000
LYS+1A0133_030  1.000 -9.91  0.82  1.74  0.00 -7.35 0.501  00  +1E193M000  1.000
LYS+1A0133_031  1.000-11.31  0.87  4.48  0.00 -5.96 0.501  00  +1T03AM000  1.000
LYS+1A0133_032  1.000-10.13  0.71  1.80  0.00 -7.62 0.501  00  +1T05EM000  1.000
LYS+1A0133_033  1.000 -9.29  0.23  4.54  0.00 -4.52 0.501  00  +1T08FM000  1.000
LYS+1A0133_034  1.000-10.38  0.04  4.29  0.00 -6.05 0.501  00  +1T098M000  1.000
LYS+1A0133_035  1.000-10.06  0.72  1.36  0.00 -7.98 0.501  00  +1T0C0M000  1.000
LYS+1A0133_036  1.000 -7.90  0.17  1.70  0.00 -6.02 0.502  00  +1T0C9M000  1.000
LYS+1A0133_037  1.000 -8.30  0.78  4.09  0.00 -3.43 0.501  00  +1T10AM000  1.000
LYS+1A0133_038  1.000-10.21  0.52  1.52  0.00 -8.18 0.501  00  +1T147M000  1.000
LYS+1A0133_039  1.000-10.54  4.95  4.29  0.00 -1.29 0.502  00  +1T16CM000  1.000
LYS+1A0133_040  1.000-10.32  4.94  4.15  0.00 -1.23 0.501  00  +1T170M000  1.000
