iConf CONFORMER     FL  occ    crg   Em0  pKa0 ne nH    vdw0    vdw1    tors    epol   dsolv   extra    history
00001 LYS01A0133_001 f 0.00  0.000     0  0.00  0  0  -8.781   0.145   1.241  -0.008  -0.206   0.000 01O000M000t
00002 LYS01A0133_002 f 0.00  0.000     0  0.00  0  0 -11.190   0.868   4.477  -0.004  -0.198   0.000 01E03AM000t
00003 LYS01A0133_003 f 0.00  0.000     0  0.00  0  0 -10.338   0.043   4.284  -0.009  -0.212   0.000 01E098M000t
00004 LYS01A0133_004 f 0.00  0.000     0  0.00  0  0 -10.679   1.314   7.129  -0.006  -0.193   0.000 01E0AAM000t
00005 LYS01A0133_005 f 0.00  0.000     0  0.00  0  0  -8.564   0.783   4.090  -0.003  -0.187   0.000 01E10AM000t
00006 LYS01A0133_006 f 0.00  0.000     0  0.00  0  0 -10.985   0.155   3.510  -0.006  -0.207   0.000 01E133M000t
00007 LYS01A0133_007 f 0.00  0.000     0  0.00  0  0  -9.438   0.364   2.010  -0.006  -0.192   0.000 01E144M000t
00008 LYS01A0133_008 f 0.00  0.000     0  0.00  0  0 -10.149   0.526   1.514   0.009  -0.225   0.000 01E147M000t
00009 LYS01A0133_009 f 0.00  0.000     0  0.00  0  0 -10.471   4.944   4.292  -0.004  -0.200   0.000 01E16CM000t
00010 LYS01A0133_010 f 0.00  0.000     0  0.00  0  0 -10.835   4.690   3.765  -0.006  -0.192   0.000 01E16EM000t
00011 LYS01A0133_011 f 0.00  0.000     0  0.00  0  0 -10.305   4.926   4.143  -0.006  -0.189   0.000 01E170M000t
00012 LYS01A0133_012 f 0.00  0.000     0  0.00  0  0 -10.072   0.711   1.799  -0.006  -0.205   0.000 01T05EM000t
00013 LYS01A0133_013 f 0.00  0.000     0  0.00  0  0  -8.219   2.119   1.027  -0.028  -0.196   0.000 01T08AM000t
00014 LYS01A0133_014 f 0.00  0.000     0  0.00  0  0  -9.263   0.231   4.513  -0.006  -0.202   0.000 01T08FM000t
00015 LYS01A0133_015 f 0.00  0.000     0  0.00  0  0 -10.233   0.261   4.085  -0.004  -0.207   0.000 01T093M000t
00016 LYS01A0133_016 f 0.00  0.000     0  0.00  0  0 -10.044   0.717   1.354  -0.004  -0.199   0.000 01T0C0M000t
00017 LYS01A0133_017 f 0.00  0.000     0  0.00  0  0  -7.768   0.208   1.706  -0.053  -0.171   0.000 01T0C9M000t
00018 LYS01A0133_018 f 0.00  0.000     0  0.00  0  0  -7.488   0.440   3.470  -0.009  -0.201   0.000 01T0DBM000t
00019 LYS01A0133_019 f 0.00  0.000     0  0.00  0  0 -10.428   0.309   3.809  -0.005  -0.211   0.000 01T0F4M000t
00020 LYS01A0133_020 f 0.00  0.000     0  0.00  0  0  -9.934   0.816   1.732  -0.008  -0.192   0.000 01T193M000t
00021 LYS+1A0133_021 f 0.00  1.000     0 10.40  0  1  -8.831   0.144   1.241   0.048  -3.090   0.000 +1O000M000t
00022 LYS+1A0133_022 f 0.00  1.000     0 10.40  0  1  -8.343   2.115   1.026   0.114  -2.986   0.000 +1E08AM000t
00023 LYS+1A0133_023 f 0.00  1.000     0 10.40  0  1 -10.297   0.253   4.102   0.007  -3.104   0.000 +1E093M000t
00024 LYS+1A0133_024 f 0.00  1.000     0 10.40  0  1 -10.859   1.311   7.136   0.089  -3.060   0.000 +1E0AAM000t
00025 LYS+1A0133_025 f 0.00  1.000     0 10.40  0  1  -7.462   0.437   3.487   0.058  -3.067   0.000 +1E0DBM000t
00026 LYS+1A0133_026 f 0.00  1.000     0 10.40  0  1 -10.412   0.304   3.844  -0.027  -3.082   0.000 +1E0F4M000t
00027 LYS+1A0133_027 f 0.00  1.000     0 10.40  0  1 -11.121   0.152   3.520   0.033  -3.091   0.000 +1E133M000t
00028 LYS+1A0133_028 f 0.00  1.000     0 10.40  0  1  -9.536   0.357   2.012   0.078  -3.016   0.000 +1E144M000t
00029 LYS+1A0133_029 f 0.00  1.000     0 10.40  0  1 -10.867   4.661   3.770   0.067  -3.038   0.000 +1E16EM000t
00030 LYS+1A0133_030 f 0.00  1.000     0 10.40  0  1  -9.904   0.814   1.738   0.060  -3.051   0.000 +1E193M000t
00031 LYS+1A0133_031 f 0.00  1.000     0 10.40  0  1 -11.345   0.869   4.478   0.067  -3.100   0.000 +1T03AM000t
00032 LYS+1A0133_032 f 0.00  1.000     0 10.40  0  1 -10.120   0.710   1.799   0.057  -3.103   0.000 +1T05EM000t
00033 LYS+1A0133_033 f 0.00  1.000     0 10.40  0  1  -9.283   0.227   4.542   0.025  -3.091   0.000 +1T08FM000t
00034 LYS+1A0133_034 f 0.00  1.000     0 10.40  0  1 -10.380   0.043   4.291   0.013  -3.080   0.000 +1T098M000t
00035 LYS+1A0133_035 f 0.00  1.000     0 10.40  0  1 -10.056   0.717   1.359   0.063  -3.048   0.000 +1T0C0M000t
00036 LYS+1A0133_036 f 0.00  1.000     0 10.40  0  1  -7.881   0.168   1.703   0.183  -2.822   0.000 +1T0C9M000t
00037 LYS+1A0133_037 f 0.00  1.000     0 10.40  0  1  -8.295   0.775   4.095   0.092  -2.957   0.000 +1T10AM000t
00038 LYS+1A0133_038 f 0.00  1.000     0 10.40  0  1 -10.209   0.517   1.519   0.076  -3.053   0.000 +1T147M000t
00039 LYS+1A0133_039 f 0.00  1.000     0 10.40  0  1 -10.536   4.948   4.292   0.089  -3.035   0.000 +1T16CM000t
00040 LYS+1A0133_040 f 0.00  1.000     0 10.40  0  1 -10.319   4.936   4.147   0.069  -3.031   0.000 +1T170M000t
