   confID        vdw0    sas     sum
LYS01A0133_001   3.280 -12.061  -8.781
LYS01A0133_002   1.148 -12.338 -11.190
LYS01A0133_003   2.080 -12.418 -10.338
LYS01A0133_004   2.052 -12.731 -10.679
LYS01A0133_005   3.444 -12.008  -8.564
LYS01A0133_006   1.704 -12.689 -10.985
LYS01A0133_007   3.290 -12.728  -9.438
LYS01A0133_008   2.323 -12.471 -10.149
LYS01A0133_009   2.212 -12.683 -10.471
LYS01A0133_010   1.410 -12.245 -10.835
LYS01A0133_011   2.034 -12.339 -10.305
LYS01A0133_012   2.407 -12.479 -10.072
LYS01A0133_013   3.897 -12.117  -8.219
LYS01A0133_014   3.238 -12.501  -9.263
LYS01A0133_015   2.130 -12.363 -10.233
LYS01A0133_016   2.291 -12.335 -10.044
LYS01A0133_017   4.297 -12.065  -7.768
LYS01A0133_018   4.682 -12.171  -7.488
LYS01A0133_019   1.874 -12.302 -10.428
LYS01A0133_020   2.405 -12.338  -9.934
LYS+1A0133_021   3.229 -12.061  -8.831
LYS+1A0133_022   3.774 -12.117  -8.343
LYS+1A0133_023   2.066 -12.363 -10.297
LYS+1A0133_024   1.991 -12.850 -10.859
LYS+1A0133_025   4.709 -12.171  -7.462
LYS+1A0133_026   1.822 -12.235 -10.412
LYS+1A0133_027   1.648 -12.769 -11.121
LYS+1A0133_028   3.192 -12.728  -9.536
LYS+1A0133_029   1.314 -12.181 -10.867
LYS+1A0133_030   2.370 -12.274  -9.904
LYS+1A0133_031   1.099 -12.444 -11.345
LYS+1A0133_032   2.359 -12.479 -10.120
LYS+1A0133_033   3.219 -12.501  -9.283
LYS+1A0133_034   2.038 -12.418 -10.380
LYS+1A0133_035   2.280 -12.335 -10.056
LYS+1A0133_036   4.251 -12.132  -7.881
LYS+1A0133_037   3.610 -11.905  -8.295
LYS+1A0133_038   2.314 -12.523 -10.209
LYS+1A0133_039   2.147 -12.683 -10.536
LYS+1A0133_040   1.942 -12.261 -10.319
