CONFORMER         crg  vdw0  vdw1  tors  epol  self   occ  Hb     history    ASA
LYS01A0024_001  0.000-10.17  0.59  1.49  0.00 -8.10 0.502  00  01O000M000  1.000
LYS01A0024_002  0.000-10.17  4.04  3.95  0.00 -2.18 0.502  00  01E00CM000  1.000
LYS01A0024_003  0.000-10.66  1.03  1.65  0.00 -7.98 0.502  00  01E00FM000  1.000
LYS01A0024_004  0.000-10.89  2.88  1.04  0.00 -6.97 0.503  00  01E039M000  1.000
LYS01A0024_005  0.000 -9.52  0.58  4.24  0.00 -4.71 0.502  00  01E040M000  1.000
LYS01A0024_006  0.000 -9.02  0.08  1.20  0.00 -7.74 0.502  00  01E04CM000  1.000
LYS01A0024_007  0.000 -6.47  0.02  0.86  0.00 -5.60 0.502  00  01E096M000  1.000
LYS01A0024_008  0.000-10.84  0.59  3.84  0.00 -6.41 0.503  00  01E0CCM000  1.000
LYS01A0024_009  0.000 -8.29  0.37  1.75  0.00 -6.17 0.501  00  01T003M000  1.000
LYS01A0024_010  0.000 -8.90  0.05  1.83  0.00 -7.01 0.502  00  01T005M000  1.000
LYS01A0024_011  0.000-10.42  0.49  1.16  0.00 -8.77 0.502  00  01T00AM000  1.000
LYS01A0024_012  0.000 -9.72  0.58  4.26  0.00 -4.89 0.502  00  01T03DM000  1.000
LYS01A0024_013  0.000 -9.69  1.23  6.76  0.00 -1.71 0.503  00  01T055M000  1.000
LYS01A0024_014  0.000 -9.61  0.48  3.97  0.00 -5.16 0.502  00  01T05FM000  1.000
LYS01A0024_015  0.000 -8.61  0.28  1.56  0.00 -6.78 0.502  00  01T083M000  1.000
LYS01A0024_016  0.000 -7.82  0.18  4.86  0.00 -2.79 0.502  00  01T09EM000  1.000
LYS01A0024_017  0.000 -8.52  1.60  4.18  0.00 -2.74 0.502  00  01T0A6M000  1.000
LYS01A0024_018  0.000 -9.09  1.66  4.31  0.00 -3.12 0.502  00  01T0B7M000  1.000
LYS01A0024_019  0.000-10.79  0.57  3.85  0.00 -6.37 0.502  00  01T0D0M000  1.000
LYS01A0024_020  0.000-11.26  2.41  0.96  0.00 -7.90 0.503  00  01T0E5M000  1.000
LYS+1A0024_021  1.000-10.22  0.59  1.49  0.00 -8.15 0.502  00  +1O000M000  1.000
LYS+1A0024_022  1.000-10.44  0.49  1.17  0.00 -8.77 0.502  00  +1E00AM000  1.000
LYS+1A0024_023  1.000-10.13  4.06  3.96  0.00 -2.11 0.502  00  +1E00CM000  1.000
LYS+1A0024_024  1.000-10.92  2.86  1.04  0.00 -7.01 0.503  00  +1E039M000  1.000
LYS+1A0024_025  1.000 -9.77  0.58  4.26  0.00 -4.94 0.502  00  +1E03DM000  1.000
LYS+1A0024_026  1.000 -9.54  0.58  4.25  0.00 -4.71 0.502  00  +1E040M000  1.000
LYS+1A0024_027  1.000 -8.68  0.27  1.56  0.00 -6.85 0.502  00  +1E083M000  1.000
LYS+1A0024_028  1.000 -7.86  0.17  4.86  0.00 -2.83 0.502  00  +1E09EM000  1.000
LYS+1A0024_029  1.000 -8.36  1.60  4.19  0.00 -2.57 0.502  00  +1E0A6M000  1.000
LYS+1A0024_030  1.000 -9.02  1.66  4.32  0.00 -3.04 0.502  00  +1E0B7M000  1.000
LYS+1A0024_031  1.000-10.80  0.59  3.85  0.00 -6.36 0.503  00  +1E0CCM000  1.000
LYS+1A0024_032  1.000 -8.17  0.37  1.75  0.00 -6.05 0.501  00  +1T003M000  1.000
LYS+1A0024_033  1.000 -9.02  0.05  1.83  0.00 -7.14 0.502  00  +1T005M000  1.000
LYS+1A0024_034  1.000-10.68  1.04  1.65  0.00 -8.00 0.502  00  +1T00FM000  1.000
LYS+1A0024_035  1.000 -9.04  0.07  1.21  0.00 -7.75 0.502  00  +1T04CM000  1.000
LYS+1A0024_036  1.000 -9.81  1.22  6.76  0.00 -1.83 0.503  00  +1T055M000  1.000
LYS+1A0024_037  1.000 -9.66  0.48  3.98  0.00 -5.21 0.502  00  +1T05FM000  1.000
LYS+1A0024_038  1.000 -6.37  0.01  0.86  0.00 -5.51 0.502  00  +1T096M000  1.000
LYS+1A0024_039  1.000-10.77  0.57  3.85  0.00 -6.35 0.502  00  +1T0D0M000  1.000
LYS+1A0024_040  1.000-11.25  2.39  0.96  0.00 -7.89 0.503  00  +1T0E5M000  1.000
