iConf CONFORMER     FL  occ    crg   Em0  pKa0 ne nH    vdw0    vdw1    tors    epol   dsolv   extra    history
00001 LYS01A0024_001 f 0.00  0.000     0  0.00  0  0 -10.176   0.588   1.486  -0.007  -0.204   0.000 01O000M000t
00002 LYS01A0024_002 f 0.00  0.000     0  0.00  0  0 -10.170   4.041   3.955  -0.001  -0.208   0.000 01E00CM000t
00003 LYS01A0024_003 f 0.00  0.000     0  0.00  0  0 -10.657   1.035   1.647  -0.022  -0.211   0.000 01E00FM000t
00004 LYS01A0024_004 f 0.00  0.000     0  0.00  0  0 -10.935   2.880   1.038   0.005  -0.216   0.000 01E039M000t
00005 LYS01A0024_005 f 0.00  0.000     0  0.00  0  0  -9.526   0.578   4.237  -0.008  -0.206   0.000 01E040M000t
00006 LYS01A0024_006 f 0.00  0.000     0  0.00  0  0  -9.026   0.081   1.201  -0.005  -0.200   0.000 01E04CM000t
00007 LYS01A0024_007 f 0.00  0.000     0  0.00  0  0  -6.478   0.021   0.856   0.004  -0.200   0.000 01E096M000t
00008 LYS01A0024_008 f 0.00  0.000     0  0.00  0  0 -10.840   0.595   3.844  -0.002  -0.206   0.000 01E0CCM000t
00009 LYS01A0024_009 f 0.00  0.000     0  0.00  0  0  -8.293   0.373   1.745  -0.004  -0.211   0.000 01T003M000t
00010 LYS01A0024_010 f 0.00  0.000     0  0.00  0  0  -8.894   0.053   1.832  -0.014  -0.220   0.000 01T005M000t
00011 LYS01A0024_011 f 0.00  0.000     0  0.00  0  0 -10.423   0.490   1.163  -0.005  -0.215   0.000 01T00AM000t
00012 LYS01A0024_012 f 0.00  0.000     0  0.00  0  0  -9.671   0.577   4.257  -0.008  -0.214   0.000 01T03DM000t
00013 LYS01A0024_013 f 0.00  0.000     0  0.00  0  0  -9.691   1.227   6.758  -0.005  -0.208   0.000 01T055M000t
00014 LYS01A0024_014 f 0.00  0.000     0  0.00  0  0  -9.607   0.473   3.974  -0.002  -0.208   0.000 01T05FM000t
00015 LYS01A0024_015 f 0.00  0.000     0  0.00  0  0  -8.624   0.280   1.557  -0.003  -0.200   0.000 01T083M000t
00016 LYS01A0024_016 f 0.00  0.000     0  0.00  0  0  -7.819   0.175   4.855  -0.000  -0.209   0.000 01T09EM000t
00017 LYS01A0024_017 f 0.00  0.000     0  0.00  0  0  -8.523   1.599   4.180  -0.001  -0.195   0.000 01T0A6M000t
00018 LYS01A0024_018 f 0.00  0.000     0  0.00  0  0  -9.100   1.659   4.314  -0.003  -0.199   0.000 01T0B7M000t
00019 LYS01A0024_019 f 0.00  0.000     0  0.00  0  0 -10.790   0.571   3.847  -0.004  -0.211   0.000 01T0D0M000t
00020 LYS01A0024_020 f 0.00  0.000     0  0.00  0  0 -11.264   2.411   0.956  -0.013  -0.198   0.000 01T0E5M000t
00021 LYS+1A0024_021 f 0.00  1.000     0 10.40  0  1 -10.219   0.587   1.486   0.068  -3.095   0.000 +1O000M000t
00022 LYS+1A0024_022 f 0.00  1.000     0 10.40  0  1 -10.493   0.493   1.175   0.030  -3.103   0.000 +1E00AM000t
00023 LYS+1A0024_023 f 0.00  1.000     0 10.40  0  1 -10.072   4.050   3.961   0.016  -3.091   0.000 +1E00CM000t
00024 LYS+1A0024_024 f 0.00  1.000     0 10.40  0  1 -10.914   2.866   1.043  -0.022  -3.099   0.000 +1E039M000t
00025 LYS+1A0024_025 f 0.00  1.000     0 10.40  0  1  -9.770   0.580   4.260   0.065  -3.085   0.000 +1E03DM000t
00026 LYS+1A0024_026 f 0.00  1.000     0 10.40  0  1  -9.548   0.580   4.252   0.070  -3.084   0.000 +1E040M000t
00027 LYS+1A0024_027 f 0.00  1.000     0 10.40  0  1  -8.647   0.269   1.558   0.095  -3.055   0.000 +1E083M000t
00028 LYS+1A0024_028 f 0.00  1.000     0 10.40  0  1  -7.861   0.175   4.858   0.005  -3.082   0.000 +1E09EM000t
00029 LYS+1A0024_029 f 0.00  1.000     0 10.40  0  1  -8.358   1.602   4.188   0.087  -3.030   0.000 +1E0A6M000t
00030 LYS+1A0024_030 f 0.00  1.000     0 10.40  0  1  -9.017   1.657   4.320   0.067  -3.056   0.000 +1E0B7M000t
00031 LYS+1A0024_031 f 0.00  1.000     0 10.40  0  1 -10.799   0.594   3.846   0.032  -3.083   0.000 +1E0CCM000t
00032 LYS+1A0024_032 f 0.00  1.000     0 10.40  0  1  -8.173   0.375   1.751   0.033  -3.101   0.000 +1T003M000t
00033 LYS+1A0024_033 f 0.00  1.000     0 10.40  0  1  -9.008   0.050   1.832   0.001  -3.083   0.000 +1T005M000t
00034 LYS+1A0024_034 f 0.00  1.000     0 10.40  0  1 -10.690   1.041   1.650   0.142  -3.077   0.000 +1T00FM000t
00035 LYS+1A0024_035 f 0.00  1.000     0 10.40  0  1  -9.035   0.069   1.211  -0.008  -3.007   0.000 +1T04CM000t
00036 LYS+1A0024_036 f 0.00  1.000     0 10.40  0  1  -9.814   1.224   6.764   0.038  -3.078   0.000 +1T055M000t
00037 LYS+1A0024_037 f 0.00  1.000     0 10.40  0  1  -9.668   0.478   3.978   0.046  -3.081   0.000 +1T05FM000t
00038 LYS+1A0024_038 f 0.00  1.000     0 10.40  0  1  -6.359   0.013   0.856   0.063  -3.000   0.000 +1T096M000t
00039 LYS+1A0024_039 f 0.00  1.000     0 10.40  0  1 -10.768   0.568   3.850   0.008  -3.090   0.000 +1T0D0M000t
00040 LYS+1A0024_040 f 0.00  1.000     0 10.40  0  1 -11.250   2.397   0.963   0.075  -3.043   0.000 +1T0E5M000t
