   confID        vdw0    sas     sum
LYS01A0024_001   2.290 -12.466 -10.176
LYS01A0024_002   2.387 -12.556 -10.170
LYS01A0024_003   2.228 -12.885 -10.657
LYS01A0024_004   1.383 -12.318 -10.935
LYS01A0024_005   2.763 -12.289  -9.526
LYS01A0024_006   3.175 -12.201  -9.026
LYS01A0024_007   5.230 -11.708  -6.478
LYS01A0024_008   1.845 -12.685 -10.840
LYS01A0024_009   4.050 -12.343  -8.293
LYS01A0024_010   3.646 -12.540  -8.894
LYS01A0024_011   2.252 -12.675 -10.423
LYS01A0024_012   2.751 -12.421  -9.671
LYS01A0024_013   2.978 -12.669  -9.691
LYS01A0024_014   2.785 -12.392  -9.607
LYS01A0024_015   3.992 -12.615  -8.624
LYS01A0024_016   4.447 -12.267  -7.819
LYS01A0024_017   3.876 -12.399  -8.523
LYS01A0024_018   3.503 -12.602  -9.100
LYS01A0024_019   1.837 -12.627 -10.790
LYS01A0024_020   1.254 -12.519 -11.264
LYS+1A0024_021   2.247 -12.466 -10.219
LYS+1A0024_022   2.233 -12.726 -10.493
LYS+1A0024_023   2.368 -12.440 -10.072
LYS+1A0024_024   1.352 -12.266 -10.914
LYS+1A0024_025   2.702 -12.473  -9.770
LYS+1A0024_026   2.725 -12.273  -9.548
LYS+1A0024_027   3.968 -12.615  -8.647
LYS+1A0024_028   4.405 -12.267  -7.861
LYS+1A0024_029   3.858 -12.216  -8.358
LYS+1A0024_030   3.482 -12.499  -9.017
LYS+1A0024_031   1.806 -12.605 -10.799
LYS+1A0024_032   4.038 -12.212  -8.173
LYS+1A0024_033   3.622 -12.630  -9.008
LYS+1A0024_034   2.195 -12.885 -10.690
LYS+1A0024_035   3.165 -12.201  -9.035
LYS+1A0024_036   2.923 -12.737  -9.814
LYS+1A0024_037   2.725 -12.392  -9.668
LYS+1A0024_038   5.285 -11.644  -6.359
LYS+1A0024_039   1.795 -12.563 -10.768
LYS+1A0024_040   1.201 -12.451 -11.250
