iConf CONFORMER     FL  occ    crg   Em0  pKa0 ne nH    vdw0    vdw1    tors    epol   dsolv   extra    history
00001 ASP01A0077_001 f 0.00  0.000     0  0.00  0  0  -4.457   1.200   4.487   0.168  -0.141   0.000 01O000M000t
00002 ASP01A0077_002 f 0.00  0.000     0  0.00  0  0  -4.457   1.200   1.767   0.016  -0.109   0.000 01O000M000t
00003 ASP01A0077_003 f 0.00  0.000     0  0.00  0  0  -4.218   1.174   4.709   0.013  -0.153   0.000 01T006M000t
00004 ASP01A0077_004 f 0.00  0.000     0  0.00  0  0  -4.208   0.599   4.628   0.074  -0.147   0.000 01T007M000t
00005 ASP01A0077_005 f 0.00  0.000     0  0.00  0  0  -4.461   0.071   4.713   0.062  -0.149   0.000 01T005M000t
00006 ASP01A0077_006 f 0.00  0.000     0  0.00  0  0  -4.202   0.588   4.787   0.134  -0.153   0.000 01T008M000t
00007 ASP01A0077_007 f 0.00  0.000     0  0.00  0  0  -4.324   0.344   4.695   0.086  -0.153   0.000 01T009M000t
00008 ASP01A0077_008 f 0.00  0.000     0  0.00  0  0  -4.205   0.019   2.006   0.023  -0.107   0.000 01T003M000t
00009 ASP01A0077_009 f 0.00  0.000     0  0.00  0  0  -4.661   1.972   0.814   0.015  -0.108   0.000 01T004M000t
00010 ASP01A0077_010 f 0.00  0.000     0  0.00  0  0  -4.181   1.200   2.061   0.022  -0.109   0.000 01T006M000t
00011 ASP01A0077_011 f 0.00  0.000     0  0.00  0  0  -4.219   0.616   1.984  -0.001  -0.107   0.000 01T007M000t
00012 ASP01A0077_012 f 0.00  0.000     0  0.00  0  0  -4.202   0.588   2.067   0.036  -0.109   0.000 01T008M000t
00013 ASP01A0077_013 f 0.00  0.000     0  0.00  0  0  -4.324   0.344   1.975   0.046  -0.106   0.000 01T009M000t
00014 ASP02A0077_014 f 0.00  0.000     0  0.00  0  0  -4.324   0.898   4.487   0.002  -0.157   0.000 02O000M000t
00015 ASP02A0077_015 f 0.00  0.000     0  0.00  0  0  -4.472   1.213   3.932   0.016  -0.156   0.000 02E001M000t
00016 ASP02A0077_016 f 0.00  0.000     0  0.00  0  0  -4.252  -0.010   4.739   0.079  -0.153   0.000 02E003M000t
00017 ASP02A0077_017 f 0.00  0.000     0  0.00  0  0  -4.289   0.898   1.767  -0.007  -0.106   0.000 02O000M000t
00018 ASP02A0077_018 f 0.00  0.000     0  0.00  0  0  -4.289   0.603   1.969   0.007  -0.105   0.000 02E007M000t
00019 ASP02A0077_019 f 0.00  0.000     0  0.00  0  0  -4.338   1.066   4.786   0.047  -0.151   0.000 02T006M000t
00020 ASP02A0077_020 f 0.00  0.000     0  0.00  0  0  -4.338   0.472   4.794   0.018  -0.152   0.000 02T008M000t
00021 ASP02A0077_021 f 0.00  0.000     0  0.00  0  0  -4.473   1.216   1.210   0.012  -0.102   0.000 02T001M000t
00022 ASP02A0077_022 f 0.00  0.000     0  0.00  0  0  -4.252  -0.010   2.019   0.029  -0.107   0.000 02T003M000t
00023 ASP02A0077_023 f 0.00  0.000     0  0.00  0  0  -4.338   1.066   2.066   0.029  -0.105   0.000 02T006M000t
00024 ASP02A0077_024 f 0.00  0.000     0  0.00  0  0  -4.338   0.472   2.074   0.008  -0.105   0.000 02T008M000t
00025 ASP02A0077_025 f 0.00  0.000     0  0.00  0  0  -4.245   0.335   1.963   0.037  -0.106   0.000 02T009M000t
00026 ASP-1A0077_026 f 0.00 -1.000     0  4.75  0 -1  -4.243   0.915   1.767  -0.196  -1.027   0.000 -1O000M000t
00027 ASP-1A0077_027 f 0.00 -1.000     0  4.75  0 -1  -4.538   1.197   1.118  -0.140  -1.031   0.000 -1E001M000t
00028 ASP-1A0077_028 f 0.00 -1.000     0  4.75  0 -1  -4.268   0.871   1.858  -0.119  -1.026   0.000 -1E006M000t
00029 ASP-1A0077_029 f 0.00 -1.000     0  4.75  0 -1  -4.261   0.428   1.759  -0.083  -1.016   0.000 -1E007M000t
00030 ASP-1A0077_030 f 0.00 -1.000     0  4.75  0 -1  -4.185   0.210   1.756  -0.214  -1.034   0.000 -1E009M000t
