   confID        vdw0    sas     sum
ASP01A0077_001   0.070  -4.527  -4.457
ASP01A0077_002   0.070  -4.527  -4.457
ASP01A0077_003   0.309  -4.527  -4.218
ASP01A0077_004   0.240  -4.448  -4.208
ASP01A0077_005   0.244  -4.705  -4.461
ASP01A0077_006   0.303  -4.505  -4.202
ASP01A0077_007   0.240  -4.564  -4.324
ASP01A0077_008   0.287  -4.491  -4.205
ASP01A0077_009  -0.002  -4.658  -4.661
ASP01A0077_010   0.312  -4.492  -4.181
ASP01A0077_011   0.253  -4.471  -4.219
ASP01A0077_012   0.303  -4.505  -4.202
ASP01A0077_013   0.240  -4.564  -4.324
ASP02A0077_014   0.118  -4.442  -4.324
ASP02A0077_015   0.098  -4.570  -4.472
ASP02A0077_016   0.274  -4.525  -4.252
ASP02A0077_017   0.118  -4.407  -4.289
ASP02A0077_018   0.243  -4.533  -4.289
ASP02A0077_019   0.285  -4.623  -4.338
ASP02A0077_020   0.281  -4.619  -4.338
ASP02A0077_021   0.097  -4.570  -4.473
ASP02A0077_022   0.274  -4.525  -4.252
ASP02A0077_023   0.285  -4.623  -4.338
ASP02A0077_024   0.281  -4.619  -4.338
ASP02A0077_025   0.236  -4.480  -4.245
ASP-1A0077_026   0.059  -4.302  -4.243
ASP-1A0077_027   0.040  -4.577  -4.538
ASP-1A0077_028   0.236  -4.504  -4.268
ASP-1A0077_029   0.182  -4.443  -4.261
ASP-1A0077_030   0.177  -4.362  -4.185
