iConf CONFORMER     FL  occ    crg   Em0  pKa0 ne nH    vdw0    vdw1    tors    epol   dsolv   extra    history
00001 GLU01A0122_001 f 0.00  0.000     0  0.00  0  0  -3.749   1.857   2.952   0.076  -0.944   0.000 01O000M000t
00002 GLU01A0122_002 f 0.00  0.000     0  0.00  0  0  -3.464   1.501   2.934   0.060  -0.942   0.000 01E003M000t
00003 GLU01A0122_003 f 0.00  0.000     0  0.00  0  0  -3.889   1.512   3.208   0.041  -1.037   0.000 01E00CM000t
00004 GLU01A0122_004 f 0.00  0.000     0  0.00  0  0  -4.015   1.102   3.462   0.142  -0.981   0.000 01E00DM000t
00005 GLU01A0122_005 f 0.00  0.000     0  0.00  0  0  -4.212   0.617   6.230   0.073  -0.974   0.000 01E00FM000t
00006 GLU01A0122_006 f 0.00  0.000     0  0.00  0  0  -3.775   1.857   0.232   0.031  -0.742   0.000 01O000M000t
00007 GLU01A0122_007 f 0.00  0.000     0  0.00  0  0  -3.793   0.937   3.280   0.009  -0.716   0.000 01E008M000t
00008 GLU01A0122_008 f 0.00  0.000     0  0.00  0  0  -4.117   0.788   0.536   0.034  -0.700   0.000 01E010M000t
00009 GLU01A0122_009 f 0.00  0.000     0  0.00  0  0  -3.788   1.875   3.200   0.018  -1.048   0.000 01T006M000t
00010 GLU01A0122_010 f 0.00  0.000     0  0.00  0  0  -3.926   0.960   6.135   0.036  -1.012   0.000 01T007M000t
00011 GLU01A0122_011 f 0.00  0.000     0  0.00  0  0  -3.792   0.939   5.990   0.003  -1.059   0.000 01T008M000t
00012 GLU01A0122_012 f 0.00  0.000     0  0.00  0  0  -3.776   0.868   3.162   0.019  -1.047   0.000 01T00AM000t
00013 GLU01A0122_013 f 0.00  0.000     0  0.00  0  0  -3.905   0.572   5.978   0.083  -1.022   0.000 01T00EM000t
00014 GLU01A0122_014 f 0.00  0.000     0  0.00  0  0  -4.116   0.792   3.246   0.092  -1.004   0.000 01T010M000t
00015 GLU01A0122_015 f 0.00  0.000     0  0.00  0  0  -3.788   1.875   0.480   0.021  -0.718   0.000 01T006M000t
00016 GLU01A0122_016 f 0.00  0.000     0  0.00  0  0  -3.902   0.872   0.458   0.011  -0.725   0.000 01T00AM000t
00017 GLU01A0122_017 f 0.00  0.000     0  0.00  0  0  -3.982   0.458   3.299   0.041  -0.689   0.000 01T00EM000t
00018 GLU01A0122_018 f 0.00  0.000     0  0.00  0  0  -4.212   0.618   3.479   0.042  -0.719   0.000 01T00FM000t
00019 GLU01A0122_019 f 0.00  0.000     0  0.00  0  0  -4.023   1.499   0.692   0.024  -0.719   0.000 01T00BM000t
00020 GLU01A0122_020 f 0.00  0.000     0  0.00  0  0  -4.216   1.093   0.702   0.083  -0.726   0.000 01T00DM000t
00021 GLU02A0122_021 f 0.00  0.000     0  0.00  0  0  -4.043   1.861   2.952   0.006  -1.045   0.000 02O000M000t
00022 GLU02A0122_022 f 0.00  0.000     0  0.00  0  0  -3.653   0.930   6.079   0.061  -0.988   0.000 02E008M000t
00023 GLU02A0122_023 f 0.00  0.000     0  0.00  0  0  -4.061   1.009   3.550   0.047  -1.024   0.000 02E009M000t
00024 GLU02A0122_024 f 0.00  0.000     0  0.00  0  0  -3.960   1.502   3.558   0.049  -1.050   0.000 02E00BM000t
00025 GLU02A0122_025 f 0.00  0.000     0  0.00  0  0  -3.965   0.779   3.331   0.055  -0.970   0.000 02E010M000t
00026 GLU02A0122_026 f 0.00  0.000     0  0.00  0  0  -4.043   1.861   0.232   0.019  -0.735   0.000 02O000M000t
00027 GLU02A0122_027 f 0.00  0.000     0  0.00  0  0  -3.825   0.953   2.982   0.010  -0.722   0.000 02E001M000t
00028 GLU02A0122_028 f 0.00  0.000     0  0.00  0  0  -3.841   1.503   0.639   0.022  -0.733   0.000 02E00BM000t
00029 GLU02A0122_029 f 0.00  0.000     0  0.00  0  0  -3.872   0.574   3.287   0.020  -0.709   0.000 02E00EM000t
00030 GLU02A0122_030 f 0.00  0.000     0  0.00  0  0  -3.829   0.954   5.702   0.012  -1.016   0.000 02T001M000t
00031 GLU02A0122_031 f 0.00  0.000     0  0.00  0  0  -3.931   2.191   2.949   0.018  -1.015   0.000 02T004M000t
00032 GLU02A0122_032 f 0.00  0.000     0  0.00  0  0  -3.500   1.860   3.255   0.062  -0.947   0.000 02T006M000t
00033 GLU02A0122_033 f 0.00  0.000     0  0.00  0  0  -3.898   0.566   6.049   0.147  -0.918   0.000 02T00EM000t
00034 GLU02A0122_034 f 0.00  0.000     0  0.00  0  0  -4.127   0.639   6.265   0.006  -1.028   0.000 02T00FM000t
00035 GLU02A0122_035 f 0.00  0.000     0  0.00  0  0  -3.630   0.855   3.136   0.056  -0.946   0.000 02T00AM000t
00036 GLU02A0122_036 f 0.00  0.000     0  0.00  0  0  -3.931   2.191   0.229   0.016  -0.694   0.000 02T004M000t
00037 GLU02A0122_037 f 0.00  0.000     0  0.00  0  0  -3.500   1.860   0.535   0.029  -0.726   0.000 02T006M000t
00038 GLU02A0122_038 f 0.00  0.000     0  0.00  0  0  -3.732   0.934   3.340   0.021  -0.748   0.000 02T008M000t
00039 GLU02A0122_039 f 0.00  0.000     0  0.00  0  0  -3.964   0.779   0.598   0.019  -0.717   0.000 02T010M000t
00040 GLU02A0122_040 f 0.00  0.000     0  0.00  0  0  -3.656   0.855   0.416   0.017  -0.722   0.000 02T00AM000t
00041 GLU02A0122_041 f 0.00  0.000     0  0.00  0  0  -4.172   0.612   3.388   0.016  -0.717   0.000 02T00FM000t
00042 GLU-1A0122_042 f 0.00 -1.000     0  4.75  0 -1  -3.975   1.874   0.232  -0.056  -5.977   0.000 -1O000M000t
00043 GLU-1A0122_043 f 0.00 -1.000     0  4.75  0 -1  -3.737   0.946   3.274  -0.056  -5.997   0.000 -1E008M000t
00044 GLU-1A0122_044 f 0.00 -1.000     0  4.75  0 -1  -3.838   0.876   0.438  -0.071  -5.979   0.000 -1E00AM000t
00045 GLU-1A0122_045 f 0.00 -1.000     0  4.75  0 -1  -4.119   1.510   0.684  -0.084  -5.992   0.000 -1E00BM000t
00046 GLU-1A0122_046 f 0.00 -1.000     0  4.75  0 -1  -4.086   1.113   0.689   0.025  -5.877   0.000 -1E00DM000t
00047 GLU-1A0122_047 f 0.00 -1.000     0  4.75  0 -1  -3.915   0.526   3.284  -0.006  -5.855   0.000 -1E00EM000t
00048 GLU-1A0122_048 f 0.00 -1.000     0  4.75  0 -1  -4.089   0.628   3.441  -0.120  -5.910   0.000 -1E00FM000t
00049 GLU-1A0122_049 f 0.00 -1.000     0  4.75  0 -1  -4.084   0.789   0.546  -0.116  -5.900   0.000 -1E010M000t
