   confID        vdw0    sas     sum
GLU01A0122_001   1.154  -4.904  -3.749
GLU01A0122_002   1.118  -4.582  -3.464
GLU01A0122_003   0.753  -4.641  -3.889
GLU01A0122_004   0.719  -4.734  -4.015
GLU01A0122_005   0.719  -4.931  -4.212
GLU01A0122_006   1.154  -4.929  -3.775
GLU01A0122_007   0.909  -4.702  -3.793
GLU01A0122_008   0.883  -5.000  -4.117
GLU01A0122_009   0.780  -4.567  -3.788
GLU01A0122_010   0.730  -4.656  -3.926
GLU01A0122_011   0.910  -4.702  -3.792
GLU01A0122_012   0.902  -4.678  -3.776
GLU01A0122_013   0.923  -4.828  -3.905
GLU01A0122_014   0.884  -5.000  -4.116
GLU01A0122_015   0.780  -4.567  -3.788
GLU01A0122_016   0.753  -4.654  -3.902
GLU01A0122_017   0.842  -4.824  -3.982
GLU01A0122_018   0.719  -4.931  -4.212
GLU01A0122_019   0.704  -4.727  -4.023
GLU01A0122_020   0.707  -4.923  -4.216
GLU02A0122_021   0.955  -4.998  -4.043
GLU02A0122_022   0.989  -4.642  -3.653
GLU02A0122_023   0.710  -4.771  -4.061
GLU02A0122_024   0.710  -4.671  -3.960
GLU02A0122_025   0.940  -4.905  -3.965
GLU02A0122_026   0.955  -4.998  -4.043
GLU02A0122_027   0.935  -4.760  -3.825
GLU02A0122_028   0.786  -4.628  -3.841
GLU02A0122_029   1.026  -4.897  -3.872
GLU02A0122_030   0.930  -4.760  -3.829
GLU02A0122_031   0.906  -4.837  -3.931
GLU02A0122_032   1.020  -4.520  -3.500
GLU02A0122_033   0.982  -4.880  -3.898
GLU02A0122_034   0.735  -4.862  -4.127
GLU02A0122_035   0.963  -4.594  -3.630
GLU02A0122_036   0.906  -4.837  -3.931
GLU02A0122_037   1.020  -4.520  -3.500
GLU02A0122_038   0.988  -4.719  -3.732
GLU02A0122_039   0.941  -4.905  -3.964
GLU02A0122_040   0.963  -4.619  -3.656
GLU02A0122_041   0.809  -4.980  -4.172
GLU-1A0122_042   0.861  -4.836  -3.975
GLU-1A0122_043   0.754  -4.491  -3.737
GLU-1A0122_044   0.735  -4.573  -3.838
GLU-1A0122_045   0.583  -4.702  -4.119
GLU-1A0122_046   0.597  -4.683  -4.086
GLU-1A0122_047   0.798  -4.713  -3.915
GLU-1A0122_048   0.607  -4.696  -4.089
GLU-1A0122_049   0.746  -4.830  -4.084
