iConf CONFORMER     FL  occ    crg   Em0  pKa0 ne nH    vdw0    vdw1    tors    epol   dsolv   extra    history
00001 GLU01A0057_001 f 0.00  0.000     0  0.00  0  0  -3.931   2.089   4.087   0.181  -2.006   0.000 01O000M000t
00002 GLU01A0057_002 f 0.00  0.000     0  0.00  0  0  -4.619  -0.031   4.232   0.093  -2.276   0.000 01E006M000t
00003 GLU01A0057_003 f 0.00  0.000     0  0.00  0  0  -4.306   1.498   5.666   0.005  -2.361   0.000 01E008M000t
00004 GLU01A0057_004 f 0.00  0.000     0  0.00  0  0  -4.166   0.184   4.130   0.031  -2.376   0.000 01E00CM000t
00005 GLU01A0057_005 f 0.00  0.000     0  0.00  0  0  -3.958   0.160   5.864   0.074  -2.407   0.000 01E00EM000t
00006 GLU01A0057_006 f 0.00  0.000     0  0.00  0  0  -3.931   2.089   1.367  -0.036  -1.514   0.000 01O000M000t
00007 GLU01A0057_007 f 0.00  0.000     0  0.00  0  0  -4.160   0.167   1.464   0.027  -1.546   0.000 01E00BM000t
00008 GLU01A0057_008 f 0.00  0.000     0  0.00  0  0  -3.183   0.016   5.124   0.137  -2.088   0.000 01T004M000t
00009 GLU01A0057_009 f 0.00  0.000     0  0.00  0  0  -4.229   0.262   5.591   0.019  -2.307   0.000 01T00AM000t
00010 GLU01A0057_010 f 0.00  0.000     0  0.00  0  0  -4.313   0.093   3.534   0.106  -2.333   0.000 01T00FM000t
00011 GLU01A0057_011 f 0.00  0.000     0  0.00  0  0  -4.081   0.254   5.309   0.223  -1.974   0.000 01T001M000t
00012 GLU01A0057_012 f 0.00  0.000     0  0.00  0  0  -4.082   0.166   4.163   0.046  -2.227   0.000 01T00BM000t
00013 GLU01A0057_013 f 0.00  0.000     0  0.00  0  0  -4.296   0.321   5.592   0.068  -2.309   0.000 01T010M000t
00014 GLU01A0057_014 f 0.00  0.000     0  0.00  0  0  -3.196   0.016   2.404   0.031  -1.579   0.000 01T004M000t
00015 GLU01A0057_015 f 0.00  0.000     0  0.00  0  0  -4.337   0.323   2.983   0.034  -1.559   0.000 01T010M000t
00016 GLU01A0057_016 f 0.00  0.000     0  0.00  0  0  -4.081   0.254   2.589   0.041  -1.520   0.000 01T001M000t
00017 GLU01A0057_017 f 0.00  0.000     0  0.00  0  0  -4.516  -0.014   1.353   0.112  -1.526   0.000 01T006M000t
00018 GLU01A0057_018 f 0.00  0.000     0  0.00  0  0  -4.173   0.261   2.865   0.015  -1.698   0.000 01T00AM000t
00019 GLU01A0057_019 f 0.00  0.000     0  0.00  0  0  -3.894   0.158   3.106   0.041  -1.593   0.000 01T00EM000t
00020 GLU01A0057_020 f 0.00  0.000     0  0.00  0  0  -4.239   0.352   0.819   0.052  -1.544   0.000 01T00FM000t
00021 GLU02A0057_021 f 0.00  0.000     0  0.00  0  0  -3.940   1.545   4.087  -0.101  -2.324   0.000 02O000M000t
00022 GLU02A0057_022 f 0.00  0.000     0  0.00  0  0  -4.219   0.194   5.276   0.005  -2.436   0.000 02E001M000t
00023 GLU02A0057_023 f 0.00  0.000     0  0.00  0  0  -4.143   0.250   5.650   0.111  -2.227   0.000 02E00AM000t
00024 GLU02A0057_024 f 0.00  0.000     0  0.00  0  0  -4.225   0.241   4.921   0.089  -2.265   0.000 02E011M000t
00025 GLU02A0057_025 f 0.00  0.000     0  0.00  0  0  -3.940   1.545   1.367  -0.089  -1.488   0.000 02O000M000t
00026 GLU02A0057_026 f 0.00  0.000     0  0.00  0  0  -4.335   0.325   2.841   0.031  -1.563   0.000 02E009M000t
00027 GLU02A0057_027 f 0.00  0.000     0  0.00  0  0  -4.087   0.181   1.364   0.030  -1.562   0.000 02E00CM000t
00028 GLU02A0057_028 f 0.00  0.000     0  0.00  0  0  -3.712   0.159   3.102   0.040  -1.564   0.000 02E00EM000t
00029 GLU02A0057_029 f 0.00  0.000     0  0.00  0  0  -4.285   1.744   5.703   0.291  -1.872   0.000 02T008M000t
00030 GLU02A0057_030 f 0.00  0.000     0  0.00  0  0  -3.836   0.146   5.789   0.081  -2.212   0.000 02T00EM000t
00031 GLU02A0057_031 f 0.00  0.000     0  0.00  0  0  -4.039   0.289   3.592   0.139  -2.097   0.000 02T00FM000t
00032 GLU02A0057_032 f 0.00  0.000     0  0.00  0  0  -4.334   0.323   5.546   0.062  -2.344   0.000 02T009M000t
00033 GLU02A0057_033 f 0.00  0.000     0  0.00  0  0  -4.088   0.181   4.084   0.077  -2.186   0.000 02T00CM000t
00034 GLU02A0057_034 f 0.00  0.000     0  0.00  0  0  -4.196   0.320   5.606   0.051  -2.350   0.000 02T010M000t
00035 GLU02A0057_035 f 0.00  0.000     0  0.00  0  0  -4.285   1.744   2.983   0.020  -1.581   0.000 02T008M000t
00036 GLU02A0057_036 f 0.00  0.000     0  0.00  0  0  -4.039   0.289   0.872   0.050  -1.586   0.000 02T00FM000t
00037 GLU02A0057_037 f 0.00  0.000     0  0.00  0  0  -4.226   0.242   2.173   0.042  -1.600   0.000 02T011M000t
00038 GLU-1A0057_038 f 0.00 -1.000     0  4.75  0 -1  -4.028   1.565   1.367  -0.437 -13.003   0.000 -1O000M000t
00039 GLU-1A0057_039 f 0.00 -1.000     0  4.75  0 -1  -4.119   0.194   2.544  -0.135 -13.159   0.000 -1E001M000t
00040 GLU-1A0057_040 f 0.00 -1.000     0  4.75  0 -1  -3.500   0.308   2.163  -0.094 -13.215   0.000 -1E002M000t
00041 GLU-1A0057_041 f 0.00 -1.000     0  4.75  0 -1  -4.126   0.189   1.291  -0.064 -13.232   0.000 -1E00CM000t
00042 GLU-1A0057_042 f 0.00 -1.000     0  4.75  0 -1  -4.053   0.060   2.803  -0.071 -13.151   0.000 -1E00DM000t
00043 GLU-1A0057_043 f 0.00 -1.000     0  4.75  0 -1  -4.140   0.199   0.808  -0.128 -13.099   0.000 -1E00FM000t
00044 GLU-1A0057_044 f 0.00 -1.000     0  4.75  0 -1  -4.243   0.251   2.080  -0.059 -13.229   0.000 -1E011M000t
