CONFORMER         crg  vdw0  vdw1  tors  epol  self   occ  Hb     history    ASA
GLU01A0057_001  0.000 -3.93  2.09  4.09  0.00  2.24 0.528  00  01O000M000  1.018
GLU01A0057_002  0.000 -4.62 -0.03  4.23  0.00 -0.42 0.527  00  01E006M000  1.061
GLU01A0057_003  0.000 -4.31  1.50  5.67  0.00  2.85 0.530  00  01E008M000  1.023
GLU01A0057_004  0.000 -4.17  0.18  4.13  0.00  0.15 0.528  00  01E00CM000  1.023
GLU01A0057_005  0.000 -3.96  0.16  5.86  0.00  2.06 0.527  00  01E00EM000  1.044
GLU01A0057_006  0.000 -3.93  2.09  1.37  0.00 -0.48 0.528  00  01O000M000  1.018
GLU01A0057_007  0.000 -4.16  0.17  1.46  0.00 -2.54 0.528  00  01E00BM000  1.031
GLU01A0057_008  0.000 -3.18  0.02  5.12  0.00  1.96 0.525  00  01T004M000  1.026
GLU01A0057_009  0.000 -4.23  0.26  5.59  0.00  1.62 0.528  00  01T00AM000  1.064
GLU01A0057_010  0.000 -4.31  0.09  3.53  0.00 -0.69 0.524  00  01T00FM000  1.022
GLU01A0057_011  0.000 -4.08  0.26  5.31  0.00  1.48 0.529  00  01T001M000  1.052
GLU01A0057_012  0.000 -4.09  0.17  4.16  0.00  0.24 0.528  00  01T00BM000  1.014
GLU01A0057_013  0.000 -4.30  0.32  5.59  0.00  1.62 0.527  00  01T010M000  1.000
GLU01A0057_014  0.000 -3.19  0.02  2.40  0.00 -0.77 0.525  00  01T004M000  1.029
GLU01A0057_015  0.000 -4.34  0.32  2.98  0.00 -1.03 0.527  00  01T010M000  1.000
GLU01A0057_016  0.000 -4.08  0.26  2.59  0.00 -1.24 0.529  00  01T001M000  1.052
GLU01A0057_017  0.000 -4.55 -0.02  1.35  0.00 -3.22 0.527  00  01T006M000  1.064
GLU01A0057_018  0.000 -4.17  0.26  2.87  0.00 -1.05 0.528  00  01T00AM000  1.065
GLU01A0057_019  0.000 -3.90  0.16  3.11  0.00 -0.63 0.527  00  01T00EM000  1.047
GLU01A0057_020  0.000 -4.24  0.35  0.82  0.00 -3.07 0.524  00  01T00FM000  1.024
GLU02A0057_021  0.000 -3.94  1.54  4.09  0.00  1.69 0.528  00  02O000M000  1.023
GLU02A0057_022  0.000 -4.22  0.19  5.28  0.00  1.25 0.529  00  02E001M000  1.048
GLU02A0057_023  0.000 -4.14  0.25  5.65  0.00  1.76 0.528  00  02E00AM000  1.072
GLU02A0057_024  0.000 -4.23  0.24  4.92  0.00  0.93 0.528  00  02E011M000  1.065
GLU02A0057_025  0.000 -3.94  1.54  1.37  0.00 -1.03 0.528  00  02O000M000  1.023
GLU02A0057_026  0.000 -4.34  0.32  2.84  0.00 -1.17 0.530  00  02E009M000  1.078
GLU02A0057_027  0.000 -4.09  0.18  1.36  0.00 -2.54 0.528  00  02E00CM000  1.022
GLU02A0057_028  0.000 -3.71  0.16  3.10  0.00 -0.45 0.527  00  02E00EM000  1.052
GLU02A0057_029  0.000 -4.28  1.74  5.70  0.00  3.16 0.530  00  02T008M000  1.023
GLU02A0057_030  0.000 -3.84  0.15  5.79  0.00  2.10 0.527  00  02T00EM000  1.043
GLU02A0057_031  0.000 -4.04  0.29  3.59  0.00 -0.16 0.524  00  02T00FM000  1.025
GLU02A0057_032  0.000 -4.34  0.32  5.55  0.00  1.53 0.530  00  02T009M000  1.078
GLU02A0057_033  0.000 -4.09  0.18  4.08  0.00  0.18 0.528  00  02T00CM000  1.022
GLU02A0057_034  0.000 -4.19  0.32  5.60  0.00  1.73 0.527  00  02T010M000  1.015
GLU02A0057_035  0.000 -4.28  1.74  2.98  0.00  0.44 0.530  00  02T008M000  1.023
GLU02A0057_036  0.000 -4.04  0.29  0.87  0.00 -2.88 0.524  00  02T00FM000  1.025
GLU02A0057_037  0.000 -4.23  0.24  2.17  0.00 -1.81 0.528  00  02T011M000  1.065
GLU-1A0057_038 -1.000 -4.03  1.56  1.37  0.00 -1.10 0.528  00  -1O000M000  1.015
GLU-1A0057_039 -1.000 -4.12  0.20  2.54  0.00 -1.38 0.529  00  -1E001M000  1.040
GLU-1A0057_040 -1.000 -3.51  0.31  2.16  0.00 -1.03 0.525  00  -1E002M000  1.064
GLU-1A0057_041 -1.000 -4.13  0.19  1.29  0.00 -2.65 0.528  00  -1E00CM000  1.023
GLU-1A0057_042 -1.000 -4.05  0.06  2.80  0.00 -1.19 0.528  00  -1E00DM000  1.000
GLU-1A0057_043 -1.000 -4.14  0.20  0.80  0.00 -3.14 0.524  00  -1E00FM000  1.017
GLU-1A0057_044 -1.000 -4.24  0.25  2.08  0.00 -1.91 0.528  00  -1E011M000  1.075
