   confID        vdw0    sas     sum
GLU01A0057_001   1.025  -4.955  -3.931
GLU01A0057_002   0.433  -5.052  -4.619
GLU01A0057_003   0.453  -4.759  -4.306
GLU01A0057_004   0.467  -4.633  -4.166
GLU01A0057_005   0.921  -4.878  -3.958
GLU01A0057_006   1.025  -4.955  -3.931
GLU01A0057_007   0.583  -4.743  -4.160
GLU01A0057_008   1.664  -4.847  -3.183
GLU01A0057_009   0.790  -5.018  -4.229
GLU01A0057_010   0.558  -4.871  -4.313
GLU01A0057_011   0.892  -4.973  -4.081
GLU01A0057_012   0.584  -4.666  -4.082
GLU01A0057_013   0.430  -4.726  -4.296
GLU01A0057_014   1.664  -4.860  -3.196
GLU01A0057_015   0.375  -4.713  -4.337
GLU01A0057_016   0.892  -4.973  -4.081
GLU01A0057_017   0.513  -5.028  -4.516
GLU01A0057_018   0.809  -4.982  -4.173
GLU01A0057_019   0.997  -4.891  -3.894
GLU01A0057_020   0.610  -4.850  -4.239
GLU02A0057_021   0.834  -4.774  -3.940
GLU02A0057_022   0.715  -4.934  -4.219
GLU02A0057_023   0.900  -5.043  -4.143
GLU02A0057_024   0.743  -4.968  -4.225
GLU02A0057_025   0.834  -4.774  -3.940
GLU02A0057_026   0.659  -4.994  -4.335
GLU02A0057_027   0.626  -4.713  -4.087
GLU02A0057_028   1.274  -4.986  -3.712
GLU02A0057_029   0.548  -4.833  -4.285
GLU02A0057_030   1.076  -4.911  -3.836
GLU02A0057_031   0.678  -4.717  -4.039
GLU02A0057_032   0.660  -4.994  -4.334
GLU02A0057_033   0.626  -4.713  -4.088
GLU02A0057_034   0.433  -4.629  -4.196
GLU02A0057_035   0.548  -4.833  -4.285
GLU02A0057_036   0.678  -4.717  -4.039
GLU02A0057_037   0.742  -4.968  -4.226
GLU-1A0057_038   0.763  -4.791  -4.028
GLU-1A0057_039   0.646  -4.765  -4.119
GLU-1A0057_040   1.296  -4.796  -3.500
GLU-1A0057_041   0.447  -4.573  -4.126
GLU-1A0057_042   0.532  -4.585  -4.053
GLU-1A0057_043   0.513  -4.653  -4.140
GLU-1A0057_044   0.532  -4.775  -4.243
