CONFORMER         crg  vdw0  vdw1  tors  epol  self   occ  Hb     history    ASA
LYS01A0110_001  0.000-11.33  0.34  1.57  0.00 -9.42 0.501  00  01O000M000  1.000
LYS01A0110_002  0.000-10.70  0.33  2.19  0.00 -8.18 0.502  00  01E02AM000  1.000
LYS01A0110_003  0.000-11.69  3.81  1.72  0.00 -6.16 0.502  00  01E03FM000  1.000
LYS01A0110_004  0.000-10.29  7.09  3.05  0.00 -0.14 0.502  00  01E05BM000  1.000
LYS01A0110_005  0.000 -9.81  2.76  2.11  0.00 -4.95 0.502  00  01E083M000  1.000
LYS01A0110_006  0.000-11.09  1.61  3.18  0.00 -6.30 0.502  00  01E08BM000  1.000
LYS01A0110_007  0.000-11.51  4.12  3.14  0.00 -4.24 0.502  00  01E08EM000  1.000
LYS01A0110_008  0.000 -9.87  1.51  4.45  0.00 -3.91 0.501  00  01E0C1M000  1.000
LYS01A0110_009  0.000 -8.48  2.80  2.27  0.00 -3.42 0.502  00  01E102M000  1.000
LYS01A0110_010  0.000 -8.39  2.32  4.99  0.00 -1.07 0.501  00  01E112M000  1.000
LYS01A0110_011  0.000 -8.65  2.50  5.08  0.00 -1.07 0.502  00  01E128M000  1.000
LYS01A0110_012  0.000 -8.50  1.69  6.44  0.00 -0.37 0.501  00  01E149M000  1.000
LYS01A0110_013  0.000 -8.84  0.19  2.58  0.00 -6.06 0.501  00  01T031M000  1.000
LYS01A0110_014  0.000-11.32  1.54  5.74  0.00 -4.03 0.502  00  01T08AM000  1.000
LYS01A0110_015  0.000 -9.05  0.18  1.85  0.00 -7.02 0.501  00  01T095M000  1.000
LYS01A0110_016  0.000-10.26  0.32  4.47  0.00 -5.48 0.502  00  01T09FM000  1.000
LYS01A0110_017  0.000 -9.70  2.81  5.08  0.00 -1.81 0.502  00  01T100M000  1.000
LYS01A0110_018  0.000 -9.99  1.39  6.73  0.00 -1.88 0.502  00  01T12DM000  1.000
LYS01A0110_019  0.000-10.96  3.30  3.40  0.00 -4.25 0.502  00  01T137M000  1.000
LYS01A0110_020  0.000 -9.28  1.65  3.89  0.00 -3.74 0.502  00  01T145M000  1.000
LYS+1A0110_021  1.000-11.38  0.34  1.57  0.00 -9.47 0.501  00  +1O000M000  1.000
LYS+1A0110_022  1.000-11.74  3.84  1.73  0.00 -6.17 0.502  00  +1E03FM000  1.000
LYS+1A0110_023  1.000-10.45  7.09  3.05  0.00 -0.30 0.502  00  +1E05BM000  1.000
LYS+1A0110_024  1.000-10.35  0.32  4.47  0.00 -5.55 0.502  00  +1E09FM000  1.000
LYS+1A0110_025  1.000 -9.76  2.82  5.09  0.00 -1.84 0.502  00  +1E100M000  1.000
LYS+1A0110_026  1.000 -8.44  2.34  5.00  0.00 -1.10 0.501  00  +1E112M000  1.000
LYS+1A0110_027  1.000 -8.66  2.53  5.10  0.00 -1.04 0.502  00  +1E128M000  1.000
LYS+1A0110_028  1.000-10.03  1.38  6.74  0.00 -1.90 0.502  00  +1E12DM000  1.000
LYS+1A0110_029  1.000-10.74  0.33  2.20  0.00 -8.21 0.502  00  +1T02AM000  1.000
LYS+1A0110_030  1.000 -8.84  0.19  2.59  0.00 -6.07 0.501  00  +1T031M000  1.000
LYS+1A0110_031  1.000 -9.75  2.80  2.12  0.00 -4.83 0.502  00  +1T083M000  1.000
LYS+1A0110_032  1.000-11.35  1.53  5.75  0.00 -4.07 0.502  00  +1T08AM000  1.000
LYS+1A0110_033  1.000-11.20  1.60  3.19  0.00 -6.40 0.502  00  +1T08BM000  1.000
LYS+1A0110_034  1.000-11.50  4.18  3.15  0.00 -4.18 0.502  00  +1T08EM000  1.000
LYS+1A0110_035  1.000 -9.06  0.18  1.86  0.00 -7.02 0.501  00  +1T095M000  1.000
LYS+1A0110_036  1.000 -9.91  1.51  4.46  0.00 -3.93 0.501  00  +1T0C1M000  1.000
LYS+1A0110_037  1.000 -8.64  2.80  2.27  0.00 -3.57 0.502  00  +1T102M000  1.000
LYS+1A0110_038  1.000-11.04  3.29  3.41  0.00 -4.34 0.502  00  +1T137M000  1.000
LYS+1A0110_039  1.000 -9.29  1.65  3.89  0.00 -3.74 0.502  00  +1T145M000  1.000
LYS+1A0110_040  1.000 -8.49  1.69  6.46  0.00 -0.34 0.501  00  +1T149M000  1.000
