iConf CONFORMER     FL  occ    crg   Em0  pKa0 ne nH    vdw0    vdw1    tors    epol   dsolv   extra    history
00001 LYS01A0110_001 f 0.00  0.000     0  0.00  0  0 -11.336   0.398   1.566  -0.005  -0.207   0.000 01O000M000t
00002 LYS01A0110_002 f 0.00  0.000     0  0.00  0  0 -10.758   0.330   2.196  -0.015  -0.215   0.000 01E02AM000t
00003 LYS01A0110_003 f 0.00  0.000     0  0.00  0  0 -11.694   3.806   1.721  -0.013  -0.211   0.000 01E03FM000t
00004 LYS01A0110_004 f 0.00  0.000     0  0.00  0  0 -10.324   7.144   3.049  -0.020  -0.200   0.000 01E05BM000t
00005 LYS01A0110_005 f 0.00  0.000     0  0.00  0  0  -9.806   2.759   2.108  -0.013  -0.213   0.000 01E083M000t
00006 LYS01A0110_006 f 0.00  0.000     0  0.00  0  0 -11.089   1.608   3.176  -0.012  -0.189   0.000 01E08BM000t
00007 LYS01A0110_007 f 0.00  0.000     0  0.00  0  0 -11.512   4.115   3.144  -0.012  -0.204   0.000 01E08EM000t
00008 LYS01A0110_008 f 0.00  0.000     0  0.00  0  0  -9.921   1.564   4.455  -0.004  -0.213   0.000 01E0C1M000t
00009 LYS01A0110_009 f 0.00  0.000     0  0.00  0  0  -8.543   2.796   2.270  -0.004  -0.197   0.000 01E102M000t
00010 LYS01A0110_010 f 0.00  0.000     0  0.00  0  0  -8.388   2.330   4.993  -0.006  -0.216   0.000 01E112M000t
00011 LYS01A0110_011 f 0.00  0.000     0  0.00  0  0  -8.709   2.501   5.080  -0.007  -0.208   0.000 01E128M000t
00012 LYS01A0110_012 f 0.00  0.000     0  0.00  0  0  -8.505   1.691   6.441  -0.005  -0.208   0.000 01E149M000t
00013 LYS01A0110_013 f 0.00  0.000     0  0.00  0  0  -8.832   0.192   2.586  -0.015  -0.225   0.000 01T031M000t
00014 LYS01A0110_014 f 0.00  0.000     0  0.00  0  0 -11.313   1.541   5.745  -0.011  -0.212   0.000 01T08AM000t
00015 LYS01A0110_015 f 0.00  0.000     0  0.00  0  0  -9.045   0.238   1.851   0.005  -0.204   0.000 01T095M000t
00016 LYS01A0110_016 f 0.00  0.000     0  0.00  0  0 -10.299   0.373   4.471  -0.006  -0.212   0.000 01T09FM000t
00017 LYS01A0110_017 f 0.00  0.000     0  0.00  0  0  -9.697   2.809   5.079   0.005  -0.195   0.000 01T100M000t
00018 LYS01A0110_018 f 0.00  0.000     0  0.00  0  0  -9.996   1.394   6.732  -0.019  -0.206   0.000 01T12DM000t
00019 LYS01A0110_019 f 0.00  0.000     0  0.00  0  0 -10.956   3.302   3.404  -0.018  -0.197   0.000 01T137M000t
00020 LYS01A0110_020 f 0.00  0.000     0  0.00  0  0  -9.277   1.651   3.890  -0.008  -0.199   0.000 01T145M000t
00021 LYS+1A0110_021 f 0.00  1.000     0 10.40  0  1 -11.378   0.397   1.566   0.030  -3.138   0.000 +1O000M000t
00022 LYS+1A0110_022 f 0.00  1.000     0 10.40  0  1 -11.738   3.839   1.731   0.112  -3.092   0.000 +1E03FM000t
00023 LYS+1A0110_023 f 0.00  1.000     0 10.40  0  1 -10.446   7.152   3.054  -0.045  -3.050   0.000 +1E05BM000t
00024 LYS+1A0110_024 f 0.00  1.000     0 10.40  0  1 -10.346   0.372   4.476   0.041  -3.101   0.000 +1E09FM000t
00025 LYS+1A0110_025 f 0.00  1.000     0 10.40  0  1  -9.760   2.826   5.089   0.044  -3.059   0.000 +1E100M000t
00026 LYS+1A0110_026 f 0.00  1.000     0 10.40  0  1  -8.487   2.341   5.001   0.031  -3.109   0.000 +1E112M000t
00027 LYS+1A0110_027 f 0.00  1.000     0 10.40  0  1  -8.670   2.528   5.098   0.058  -3.094   0.000 +1E128M000t
00028 LYS+1A0110_028 f 0.00  1.000     0 10.40  0  1  -9.974   1.385   6.743   0.120  -3.079   0.000 +1E12DM000t
00029 LYS+1A0110_029 f 0.00  1.000     0 10.40  0  1 -10.746   0.327   2.204   0.098  -3.095   0.000 +1T02AM000t
00030 LYS+1A0110_030 f 0.00  1.000     0 10.40  0  1  -8.854   0.185   2.591   0.058  -3.092   0.000 +1T031M000t
00031 LYS+1A0110_031 f 0.00  1.000     0 10.40  0  1  -9.749   2.795   2.121   0.067  -3.070   0.000 +1T083M000t
00032 LYS+1A0110_032 f 0.00  1.000     0 10.40  0  1 -11.348   1.529   5.755   0.094  -3.107   0.000 +1T08AM000t
00033 LYS+1A0110_033 f 0.00  1.000     0 10.40  0  1 -11.204   1.601   3.194   0.090  -3.052   0.000 +1T08BM000t
00034 LYS+1A0110_034 f 0.00  1.000     0 10.40  0  1 -11.507   4.166   3.151   0.078  -3.066   0.000 +1T08EM000t
00035 LYS+1A0110_035 f 0.00  1.000     0 10.40  0  1  -9.109   0.237   1.859   0.048  -3.044   0.000 +1T095M000t
00036 LYS+1A0110_036 f 0.00  1.000     0 10.40  0  1  -9.908   1.566   4.460   0.033  -3.111   0.000 +1T0C1M000t
00037 LYS+1A0110_037 f 0.00  1.000     0 10.40  0  1  -8.635   2.794   2.273   0.015  -3.077   0.000 +1T102M000t
00038 LYS+1A0110_038 f 0.00  1.000     0 10.40  0  1 -10.994   3.279   3.408   0.100  -3.061   0.000 +1T137M000t
00039 LYS+1A0110_039 f 0.00  1.000     0 10.40  0  1  -9.290   1.652   3.893   0.048  -3.051   0.000 +1T145M000t
00040 LYS+1A0110_040 f 0.00  1.000     0 10.40  0  1  -8.486   1.691   6.457   0.054  -3.125   0.000 +1T149M000t
