   confID        vdw0    sas     sum
LYS01A0110_001   1.124 -12.459 -11.336
LYS01A0110_002   2.043 -12.801 -10.758
LYS01A0110_003   0.962 -12.656 -11.694
LYS01A0110_004   1.709 -12.033 -10.324
LYS01A0110_005   2.506 -12.312  -9.806
LYS01A0110_006   1.462 -12.551 -11.089
LYS01A0110_007   1.206 -12.718 -11.512
LYS01A0110_008   2.320 -12.241  -9.921
LYS01A0110_009   3.297 -11.839  -8.543
LYS01A0110_010   4.326 -12.714  -8.388
LYS01A0110_011   4.036 -12.746  -8.709
LYS01A0110_012   4.055 -12.559  -8.505
LYS01A0110_013   3.592 -12.424  -8.832
LYS01A0110_014   1.327 -12.640 -11.313
LYS01A0110_015   3.052 -12.097  -9.045
LYS01A0110_016   2.292 -12.591 -10.299
LYS01A0110_017   2.457 -12.154  -9.697
LYS01A0110_018   2.605 -12.601  -9.996
LYS01A0110_019   1.813 -12.770 -10.956
LYS01A0110_020   3.022 -12.300  -9.277
LYS+1A0110_021   1.082 -12.459 -11.378
LYS+1A0110_022   0.917 -12.656 -11.738
LYS+1A0110_023   1.654 -12.100 -10.446
LYS+1A0110_024   2.245 -12.591 -10.346
LYS+1A0110_025   2.394 -12.154  -9.760
LYS+1A0110_026   4.253 -12.739  -8.487
LYS+1A0110_027   4.025 -12.694  -8.670
LYS+1A0110_028   2.579 -12.553  -9.974
LYS+1A0110_029   2.003 -12.749 -10.746
LYS+1A0110_030   3.571 -12.424  -8.854
LYS+1A0110_031   2.460 -12.210  -9.749
LYS+1A0110_032   1.292 -12.640 -11.348
LYS+1A0110_033   1.411 -12.615 -11.204
LYS+1A0110_034   1.144 -12.651 -11.507
LYS+1A0110_035   3.039 -12.148  -9.109
LYS+1A0110_036   2.282 -12.190  -9.908
LYS+1A0110_037   3.256 -11.891  -8.635
LYS+1A0110_038   1.724 -12.718 -10.994
LYS+1A0110_039   2.958 -12.248  -9.290
LYS+1A0110_040   4.006 -12.492  -8.486
