CONFORMER         crg  vdw0  vdw1  tors  epol  self   occ  Hb     history    ASA
TYR01A0054_001  0.000-10.07  0.01  0.02  0.00-10.04 0.533  00  01O000M000  1.000
TYR01A0054_002  0.000-10.60  5.92  0.04  0.00 -4.64 0.531  00  01E005M000  1.000
TYR01A0054_003  0.000-10.55  7.53  0.03  0.00 -3.00 0.530  00  01E007M000  1.000
TYR01A0054_004  0.000-10.42  2.46  2.78  0.00 -5.18 0.534  00  01E001M000  1.000
TYR01A0054_005  0.000 -9.87  0.23  0.02  0.00 -9.62 0.528  00  01E002M000  1.000
TYR01A0054_006  0.000 -9.49  5.78  2.78  0.00 -0.94 0.530  00  01T003M000  1.000
TYR01A0054_007  0.000 -9.43  0.56  2.78  0.00 -6.10 0.530  00  01T004M000  1.000
TYR01A0054_008  0.000-10.12  2.11  2.78  0.00 -5.22 0.532  00  01T00FM000  1.000
TYR01A0054_009  0.000 -9.87  0.01  0.02  0.00 -9.84 0.532  00  01T006M000  1.000
TYR01A0054_010  0.000-10.51  2.43  2.78  0.00 -5.31 0.531  00  01T008M000  1.000
TYR01A0054_011  0.000-10.07  6.55  0.02  0.00 -3.50 0.530  00  01T00CM000  1.000
TYR01A0054_012  0.000-10.20  0.22  0.02  0.00 -9.95 0.534  00  01T009M000  1.000
TYR01A0054_013  0.000 -9.45  5.60  2.78  0.00 -1.07 0.529  00  01T00AM000  1.000
TYR01A0054_014  0.000-10.31  5.89  0.03  0.00 -4.39 0.533  00  01T00BM000  1.000
TYR01A0054_015  0.000-10.05  1.82  2.78  0.00 -5.45 0.530  00  01T00DM000  1.000
TYR01A0054_016  0.000 -9.14  0.65  2.78  0.00 -5.71 0.533  00  01T00EM000  1.000
TYR-1A0054_017 -1.000-10.07  0.01  0.02  0.00-10.04 0.533  00  -1O000M000  1.000
TYR-1A0054_018 -1.000-10.35  2.46  2.78  0.00 -5.11 0.534  00  -1E001M000  1.000
TYR-1A0054_019 -1.000 -9.87  0.23  0.02  0.00 -9.61 0.528  00  -1E002M000  1.000
TYR-1A0054_020 -1.000-10.60  5.90  0.04  0.00 -4.66 0.531  00  -1E005M000  1.000
TYR-1A0054_021 -1.000-10.50  7.51  0.03  0.00 -2.96 0.530  00  -1E007M000  1.000
TYR-1A0054_022 -1.000-10.50  2.43  2.78  0.00 -5.29 0.531  00  -1E008M000  1.000
TYR-1A0054_023 -1.000-10.19  1.89  2.78  0.00 -5.52 0.530  00  -1E00DM000  1.000
TYR-1A0054_024 -1.000 -9.14  0.65  2.78  0.00 -5.71 0.533  00  -1E00EM000  1.000
TYR-1A0054_025 -1.000-10.17  2.17  2.78  0.00 -5.23 0.532  00  -1E00FM000  1.000
TYR-1A0054_026 -1.000 -9.49  5.76  2.78  0.00 -0.95 0.530  00  -1T003M000  1.000
TYR-1A0054_027 -1.000 -9.44  0.55  2.78  0.00 -6.10 0.530  00  -1T004M000  1.000
TYR-1A0054_028 -1.000 -9.87  0.01  0.02  0.00 -9.84 0.532  00  -1T006M000  1.000
TYR-1A0054_029 -1.000-10.20  0.23  0.02  0.00 -9.95 0.534  00  -1T009M000  1.000
TYR-1A0054_030 -1.000 -9.45  5.58  2.78  0.00 -1.09 0.529  00  -1T00AM000  1.000
TYR-1A0054_031 -1.000-10.31  5.86  0.03  0.00 -4.42 0.533  00  -1T00BM000  1.000
TYR-1A0054_032 -1.000-10.00  6.50  0.02  0.00 -3.49 0.530  00  -1T00CM000  1.000
