iConf CONFORMER     FL  occ    crg   Em0  pKa0 ne nH    vdw0    vdw1    tors    epol   dsolv   extra    history
00001 TYR01A0054_001 f 0.00  0.000     0  0.00  0  0 -10.070   0.006   0.021   0.064  -0.988   0.000 01O000M000t
00002 TYR01A0054_002 f 0.00  0.000     0  0.00  0  0 -10.606   5.934   0.035   0.071  -0.998   0.000 01E005M000t
00003 TYR01A0054_003 f 0.00  0.000     0  0.00  0  0 -10.503   7.534   0.029   0.071  -0.991   0.000 01E007M000t
00004 TYR01A0054_004 f 0.00  0.000     0  0.00  0  0 -10.425   2.460   2.777   0.070  -0.938   0.000 01E001M000t
00005 TYR01A0054_005 f 0.00  0.000     0  0.00  0  0  -9.862   0.229   0.021   0.056  -0.925   0.000 01E002M000t
00006 TYR01A0054_006 f 0.00  0.000     0  0.00  0  0  -9.498   5.784   2.781   0.121  -0.920   0.000 01T003M000t
00007 TYR01A0054_007 f 0.00  0.000     0  0.00  0  0  -9.443   0.557   2.776   0.051  -0.955   0.000 01T004M000t
00008 TYR01A0054_008 f 0.00  0.000     0  0.00  0  0 -10.111   2.120   2.780   0.100  -0.932   0.000 01T00FM000t
00009 TYR01A0054_009 f 0.00  0.000     0  0.00  0  0  -9.871   0.013   0.021   0.060  -0.987   0.000 01T006M000t
00010 TYR01A0054_010 f 0.00  0.000     0  0.00  0  0 -10.510   2.422   2.778   0.074  -0.943   0.000 01T008M000t
00011 TYR01A0054_011 f 0.00  0.000     0  0.00  0  0 -10.008   6.565   0.021   0.208  -0.918   0.000 01T00CM000t
00012 TYR01A0054_012 f 0.00  0.000     0  0.00  0  0 -10.197   0.224   0.020   0.067  -0.971   0.000 01T009M000t
00013 TYR01A0054_013 f 0.00  0.000     0  0.00  0  0  -9.389   5.617   2.780   0.121  -0.920   0.000 01T00AM000t
00014 TYR01A0054_014 f 0.00  0.000     0  0.00  0  0 -10.311   5.910   0.025   0.227  -0.919   0.000 01T00BM000t
00015 TYR01A0054_015 f 0.00  0.000     0  0.00  0  0 -10.127   1.827   2.778   0.095  -0.967   0.000 01T00DM000t
00016 TYR01A0054_016 f 0.00  0.000     0  0.00  0  0  -9.139   0.651   2.777   0.049  -0.945   0.000 01T00EM000t
00017 TYR-1A0054_017 f 0.00 -1.000     0 10.20  0 -1 -10.070   0.006   0.021  -0.030  -7.173   0.000 -1O000M000t
00018 TYR-1A0054_018 f 0.00 -1.000     0 10.20  0 -1 -10.343   2.462   2.777  -0.036  -7.169   0.000 -1E001M000t
00019 TYR-1A0054_019 f 0.00 -1.000     0 10.20  0 -1  -9.864   0.234   0.021  -0.025  -7.185   0.000 -1E002M000t
00020 TYR-1A0054_020 f 0.00 -1.000     0 10.20  0 -1 -10.604   5.895   0.037  -0.026  -7.212   0.000 -1E005M000t
00021 TYR-1A0054_021 f 0.00 -1.000     0 10.20  0 -1 -10.556   7.520   0.029  -0.029  -7.194   0.000 -1E007M000t
00022 TYR-1A0054_022 f 0.00 -1.000     0 10.20  0 -1 -10.499   2.427   2.778  -0.032  -7.188   0.000 -1E008M000t
00023 TYR-1A0054_023 f 0.00 -1.000     0 10.20  0 -1 -10.183   1.887   2.778   0.063  -7.190   0.000 -1E00DM000t
00024 TYR-1A0054_024 f 0.00 -1.000     0 10.20  0 -1  -9.140   0.649   2.776   0.015  -7.190   0.000 -1E00EM000t
00025 TYR-1A0054_025 f 0.00 -1.000     0 10.20  0 -1 -10.125   2.173   2.780   0.067  -7.218   0.000 -1E00FM000t
00026 TYR-1A0054_026 f 0.00 -1.000     0 10.20  0 -1  -9.486   5.751   2.781   0.143  -7.121   0.000 -1T003M000t
00027 TYR-1A0054_027 f 0.00 -1.000     0 10.20  0 -1  -9.439   0.558   2.776   0.020  -7.235   0.000 -1T004M000t
00028 TYR-1A0054_028 f 0.00 -1.000     0 10.20  0 -1  -9.864   0.010   0.020  -0.037  -7.217   0.000 -1T006M000t
00029 TYR-1A0054_029 f 0.00 -1.000     0 10.20  0 -1 -10.198   0.223   0.020  -0.023  -7.191   0.000 -1T009M000t
00030 TYR-1A0054_030 f 0.00 -1.000     0 10.20  0 -1  -9.450   5.586   2.781   0.144  -7.112   0.000 -1T00AM000t
00031 TYR-1A0054_031 f 0.00 -1.000     0 10.20  0 -1 -10.317   5.871   0.026   0.355  -7.097   0.000 -1T00BM000t
00032 TYR-1A0054_032 f 0.00 -1.000     0 10.20  0 -1 -10.000   6.487   0.022   0.360  -7.141   0.000 -1T00CM000t
