   confID        vdw0    sas     sum
TYR01A0054_001   4.327 -14.397 -10.070
TYR01A0054_002   3.958 -14.564 -10.606
TYR01A0054_003   3.940 -14.444 -10.503
TYR01A0054_004   4.331 -14.756 -10.425
TYR01A0054_005   4.342 -14.204  -9.862
TYR01A0054_006   4.352 -13.850  -9.498
TYR01A0054_007   4.317 -13.761  -9.443
TYR01A0054_008   4.174 -14.285 -10.111
TYR01A0054_009   4.300 -14.171  -9.871
TYR01A0054_010   4.322 -14.832 -10.510
TYR01A0054_011   4.178 -14.185 -10.008
TYR01A0054_012   4.320 -14.518 -10.197
TYR01A0054_013   4.319 -13.709  -9.389
TYR01A0054_014   4.250 -14.560 -10.311
TYR01A0054_015   4.224 -14.350 -10.127
TYR01A0054_016   4.303 -13.442  -9.139
TYR-1A0054_017   4.327 -14.397 -10.070
TYR-1A0054_018   4.345 -14.688 -10.343
TYR-1A0054_019   4.340 -14.204  -9.864
TYR-1A0054_020   3.960 -14.564 -10.604
TYR-1A0054_021   3.940 -14.495 -10.556
TYR-1A0054_022   4.317 -14.816 -10.499
TYR-1A0054_023   4.235 -14.418 -10.183
TYR-1A0054_024   4.302 -13.442  -9.140
TYR-1A0054_025   4.160 -14.285 -10.125
TYR-1A0054_026   4.364 -13.850  -9.486
TYR-1A0054_027   4.322 -13.761  -9.439
TYR-1A0054_028   4.307 -14.171  -9.864
TYR-1A0054_029   4.320 -14.518 -10.198
TYR-1A0054_030   4.326 -13.776  -9.450
TYR-1A0054_031   4.244 -14.560 -10.317
TYR-1A0054_032   4.186 -14.185 -10.000
