iConf CONFORMER     FL  occ    crg   Em0  pKa0 ne nH    vdw0    vdw1    tors    epol   dsolv   extra    history
00001 ASP01A0083_001 f 0.00  0.000     0  0.00  0  0  -4.372   3.137   2.970   0.518  -1.872   0.000 01O000M000t
00002 ASP01A0083_002 f 0.00  0.000     0  0.00  0  0  -4.344   1.073   3.461   0.023  -2.367   0.000 01E006M000t
00003 ASP01A0083_003 f 0.00  0.000     0  0.00  0  0  -4.615   0.392   3.440   0.092  -2.381   0.000 01E00AM000t
00004 ASP01A0083_004 f 0.00  0.000     0  0.00  0  0  -4.372   3.137   0.250   0.124  -1.568   0.000 01O000M000t
00005 ASP01A0083_005 f 0.00  0.000     0  0.00  0  0  -4.669   0.556   0.685   0.074  -1.569   0.000 01E00AM000t
00006 ASP01A0083_006 f 0.00  0.000     0  0.00  0  0  -4.300   1.231   2.824   0.824  -2.054   0.000 01T001M000t
00007 ASP01A0083_007 f 0.00  0.000     0  0.00  0  0  -4.389   0.900   3.444   0.385  -2.467   0.000 01T004M000t
00008 ASP01A0083_008 f 0.00  0.000     0  0.00  0  0  -4.460   1.169   5.712   0.117  -2.401   0.000 01T008M000t
00009 ASP01A0083_009 f 0.00  0.000     0  0.00  0  0  -4.562   2.764   2.796   0.475  -2.047   0.000 01T002M000t
00010 ASP01A0083_010 f 0.00  0.000     0  0.00  0  0  -4.345   0.852   5.673   0.270  -2.181   0.000 01T007M000t
00011 ASP01A0083_011 f 0.00  0.000     0  0.00  0  0  -4.300   1.231   0.104   0.143  -1.612   0.000 01T001M000t
00012 ASP01A0083_012 f 0.00  0.000     0  0.00  0  0  -4.520   2.863   0.042   0.047  -1.556   0.000 01T002M000t
00013 ASP01A0083_013 f 0.00  0.000     0  0.00  0  0  -4.389   0.900   0.724   0.310  -1.606   0.000 01T004M000t
00014 ASP01A0083_014 f 0.00  0.000     0  0.00  0  0  -4.473   1.169   2.992   0.096  -1.559   0.000 01T008M000t
00015 ASP01A0083_015 f 0.00  0.000     0  0.00  0  0  -4.360   1.351   0.713  -0.018  -1.541   0.000 01T006M000t
00016 ASP02A0083_016 f 0.00  0.000     0  0.00  0  0  -4.136   2.259   2.970   0.147  -2.282   0.000 02O000M000t
00017 ASP02A0083_017 f 0.00  0.000     0  0.00  0  0  -4.372   1.440   3.474   0.069  -1.978   0.000 02E004M000t
00018 ASP02A0083_018 f 0.00  0.000     0  0.00  0  0  -4.664   0.638   3.458   0.283  -2.166   0.000 02E00AM000t
00019 ASP02A0083_019 f 0.00  0.000     0  0.00  0  0  -4.136   2.259   0.250   0.150  -1.526   0.000 02O000M000t
00020 ASP02A0083_020 f 0.00  0.000     0  0.00  0  0  -4.440   1.622   2.986   0.116  -1.589   0.000 02E008M000t
00021 ASP02A0083_021 f 0.00  0.000     0  0.00  0  0  -4.111   1.195   0.900   0.059  -1.613   0.000 02E009M000t
00022 ASP02A0083_022 f 0.00  0.000     0  0.00  0  0  -4.615   1.562   3.503   1.107  -2.020   0.000 02T006M000t
00023 ASP02A0083_023 f 0.00  0.000     0  0.00  0  0  -4.307   0.665   5.643   0.180  -2.352   0.000 02T007M000t
00024 ASP02A0083_024 f 0.00  0.000     0  0.00  0  0  -4.089  -0.119   3.557   0.274  -2.393   0.000 02T005M000t
00025 ASP02A0083_025 f 0.00  0.000     0  0.00  0  0  -4.440   1.622   5.690   0.374  -2.207   0.000 02T008M000t
00026 ASP02A0083_026 f 0.00  0.000     0  0.00  0  0  -4.147   1.196   3.620   0.094  -2.369   0.000 02T009M000t
00027 ASP02A0083_027 f 0.00  0.000     0  0.00  0  0  -4.371   1.441   0.753   0.261  -1.540   0.000 02T004M000t
00028 ASP02A0083_028 f 0.00  0.000     0  0.00  0  0  -4.615   1.562   0.783   0.082  -1.616   0.000 02T006M000t
00029 ASP-1A0083_029 f 0.00 -1.000     0  4.75  0 -1  -4.147   2.282   0.250  -0.366 -12.975   0.000 -1O000M000t
00030 ASP-1A0083_030 f 0.00 -1.000     0  4.75  0 -1  -4.449   2.230   0.057  -0.375 -13.056   0.000 -1E002M000t
00031 ASP-1A0083_031 f 0.00 -1.000     0  4.75  0 -1  -4.094  -0.136   0.835  -0.392 -13.188   0.000 -1E005M000t
00032 ASP-1A0083_032 f 0.00 -1.000     0  4.75  0 -1  -4.330   1.216   2.909  -0.278 -13.209   0.000 -1E008M000t
00033 ASP-1A0083_033 f 0.00 -1.000     0  4.75  0 -1  -4.591   0.476   0.655  -0.270 -13.139   0.000 -1E00AM000t
