CONFORMER         crg  vdw0  vdw1  tors  epol  self   occ  Hb     history    ASA
MET01A0065_001  0.000-11.37  0.48  2.46  0.00 -8.43 0.506  00  01O000M000  1.000
MET01A0065_002  0.000-11.38  0.46  1.78  0.00 -9.14 0.507  00  01R001M000  1.000
MET01A0065_003  0.000-11.11  0.79  5.01  0.00 -5.31 0.506  00  01R006M000  1.000
MET01A0065_004  0.000-12.35  5.07  2.00  0.00 -5.28 0.506  00  01R00EM000  1.000
MET01A0065_005  0.000-11.95  2.62  2.07  0.00 -7.27 0.507  00  01R011M000  1.000
MET01A0065_006  0.000-10.87  0.39  2.46  0.00 -8.01 0.507  00  01R016M000  1.000
MET01A0065_007  0.000 -6.88  0.30  1.78  0.00 -4.81 0.505  00  01R01BM000  1.000
MET01A0065_008  0.000-11.39  0.42  2.59  0.00 -8.38 0.506  00  01R01CM000  1.000
MET01A0065_009  0.000 -6.30  1.71  1.78  0.00 -2.81 0.507  00  01R02AM000  1.000
MET01A0065_010  0.000-11.26  1.81  2.59  0.00 -6.85 0.506  00  01R02BM000  1.000
MET01A0065_011  0.000-11.23  1.19  3.28  0.00 -6.76 0.505  00  01R02FM000  1.000
MET01A0065_012  0.000-11.60  1.68  3.28  0.00 -6.64 0.505  00  01R031M000  1.000
MET01A0065_013  0.000-11.56  1.84  3.28  0.00 -6.43 0.508  00  01R033M000  1.000
MET01A0065_014  0.000-11.19  0.90  4.32  0.00 -5.97 0.506  00  01R038M000  1.000
MET01A0065_015  0.000-11.19  5.19  3.94  0.00 -2.06 0.506  00  01R050M000  1.000
MET01A0065_016  0.000-11.32  1.94  4.19  0.00 -5.18 0.507  00  01T012M000  1.000
MET01A0065_017  0.000 -7.60  2.49  1.44  0.00 -3.67 0.506  00  01T022M000  1.000
MET01A0065_018  0.000 -7.98  2.31  2.09  0.00 -3.58 0.507  00  01T032M000  1.000
MET01A0065_019  0.000-10.88  1.84  4.02  0.00 -5.02 0.506  00  01T046M000  1.000
MET01A0065_020  0.000-11.10  2.99  5.70  0.00 -2.41 0.506  00  01T04AM000  1.000
