iConf CONFORMER     FL  occ    crg   Em0  pKa0 ne nH    vdw0    vdw1    tors    epol   dsolv   extra    history
00001 MET01A0065_001 f 0.00  0.000     0  0.00  0  0 -11.371   0.558   2.464   0.008  -0.008   0.000 01O000M000t
00002 MET01A0065_002 f 0.00  0.000     0  0.00  0  0 -11.379   0.535   1.775   0.008  -0.009   0.000 01R001M000t
00003 MET01A0065_003 f 0.00  0.000     0  0.00  0  0 -11.108   0.799   5.006   0.007  -0.009   0.000 01R006M000t
00004 MET01A0065_004 f 0.00  0.000     0  0.00  0  0 -12.354   5.071   2.002  -0.000  -0.008   0.000 01R00EM000t
00005 MET01A0065_005 f 0.00  0.000     0  0.00  0  0 -11.953   2.613   2.067   0.009  -0.008   0.000 01R011M000t
00006 MET01A0065_006 f 0.00  0.000     0  0.00  0  0 -10.868   0.467   2.463   0.012  -0.008   0.000 01R016M000t
00007 MET01A0065_007 f 0.00  0.000     0  0.00  0  0  -6.882   0.368   1.776   0.010  -0.009   0.000 01R01BM000t
00008 MET01A0065_008 f 0.00  0.000     0  0.00  0  0 -11.394   0.490   2.593   0.007  -0.008   0.000 01R01CM000t
00009 MET01A0065_009 f 0.00  0.000     0  0.00  0  0  -6.289   1.788   1.777   0.022  -0.009   0.000 01R02AM000t
00010 MET01A0065_010 f 0.00  0.000     0  0.00  0  0 -11.256   1.885   2.592   0.020  -0.008   0.000 01R02BM000t
00011 MET01A0065_011 f 0.00  0.000     0  0.00  0  0 -11.234   1.192   3.282   0.011  -0.008   0.000 01R02FM000t
00012 MET01A0065_012 f 0.00  0.000     0  0.00  0  0 -11.595   1.679   3.282   0.002  -0.008   0.000 01R031M000t
00013 MET01A0065_013 f 0.00  0.000     0  0.00  0  0 -11.561   1.844   3.281   0.009  -0.008   0.000 01R033M000t
00014 MET01A0065_014 f 0.00  0.000     0  0.00  0  0 -11.195   0.900   4.320   0.012  -0.008   0.000 01R038M000t
00015 MET01A0065_015 f 0.00  0.000     0  0.00  0  0 -11.187   5.207   3.938   0.014  -0.008   0.000 01R050M000t
00016 MET01A0065_016 f 0.00  0.000     0  0.00  0  0 -11.319   1.945   4.191   0.013  -0.008   0.000 01T012M000t
00017 MET01A0065_017 f 0.00  0.000     0  0.00  0  0  -7.607   2.566   1.444   0.011  -0.009   0.000 01T022M000t
00018 MET01A0065_018 f 0.00  0.000     0  0.00  0  0  -7.991   2.308   2.092   0.015  -0.008   0.000 01T032M000t
00019 MET01A0065_019 f 0.00  0.000     0  0.00  0  0 -10.881   1.839   4.019   0.017  -0.009   0.000 01T046M000t
00020 MET01A0065_020 f 0.00  0.000     0  0.00  0  0 -11.168   2.981   5.699   0.020  -0.008   0.000 01T04AM000t
