   confID        vdw0    sas     sum
MET01A0065_001   0.211 -11.582 -11.371
MET01A0065_002   0.212 -11.591 -11.379
MET01A0065_003   0.629 -11.738 -11.108
MET01A0065_004   0.113 -12.466 -12.354
MET01A0065_005   0.122 -12.076 -11.953
MET01A0065_006   0.429 -11.296 -10.868
MET01A0065_007   4.520 -11.402  -6.882
MET01A0065_008   0.292 -11.686 -11.394
MET01A0065_009   4.525 -10.814  -6.289
MET01A0065_010   0.293 -11.549 -11.256
MET01A0065_011   0.317 -11.550 -11.234
MET01A0065_012   0.274 -11.869 -11.595
MET01A0065_013   0.199 -11.760 -11.561
MET01A0065_014   0.587 -11.782 -11.195
MET01A0065_015   0.612 -11.800 -11.187
MET01A0065_016   0.526 -11.845 -11.319
MET01A0065_017   3.728 -11.335  -7.607
MET01A0065_018   3.634 -11.624  -7.991
MET01A0065_019   0.570 -11.451 -10.881
MET01A0065_020   0.795 -11.963 -11.168
