iConf CONFORMER     FL  occ    crg   Em0  pKa0 ne nH    vdw0    vdw1    tors    epol   dsolv   extra    history
00001 LYS01A0070_001 f 0.00  0.000     0  0.00  0  0  -9.162   0.826   1.592  -0.008  -0.060   0.000 01O000M000t
00002 LYS01A0070_002 f 0.00  0.000     0  0.00  0  0  -9.510   1.735   1.407  -0.002  -0.060   0.000 01E004M000t
00003 LYS01A0070_003 f 0.00  0.000     0  0.00  0  0  -9.489   4.960   3.010  -0.017  -0.060   0.000 01E036M000t
00004 LYS01A0070_004 f 0.00  0.000     0  0.00  0  0 -10.146   1.496   3.345  -0.000  -0.062   0.000 01E070M000t
00005 LYS01A0070_005 f 0.00  0.000     0  0.00  0  0 -11.046   1.302   5.656  -0.001  -0.066   0.000 01E073M000t
00006 LYS01A0070_006 f 0.00  0.000     0  0.00  0  0 -11.065   5.988   3.489  -0.009  -0.062   0.000 01E122M000t
00007 LYS01A0070_007 f 0.00  0.000     0  0.00  0  0  -9.587   3.790   2.156   0.110  -0.053   0.000 01E144M000t
00008 LYS01A0070_008 f 0.00  0.000     0  0.00  0  0 -10.367   0.681   4.131  -0.006  -0.061   0.000 01T041M000t
00009 LYS01A0070_009 f 0.00  0.000     0  0.00  0  0 -10.339   2.661   1.682  -0.009  -0.061   0.000 01T060M000t
00010 LYS01A0070_010 f 0.00  0.000     0  0.00  0  0 -10.422   1.463   3.476  -0.005  -0.062   0.000 01T078M000t
00011 LYS01A0070_011 f 0.00  0.000     0  0.00  0  0 -10.572   1.682   4.751  -0.008  -0.062   0.000 01T085M000t
00012 LYS01A0070_012 f 0.00  0.000     0  0.00  0  0  -9.190   0.507   1.996   0.001  -0.053   0.000 01T08AM000t
00013 LYS01A0070_013 f 0.00  0.000     0  0.00  0  0  -9.164   0.168   4.635  -0.004  -0.065   0.000 01T09DM000t
00014 LYS01A0070_014 f 0.00  0.000     0  0.00  0  0  -9.142   0.468   5.983  -0.003  -0.059   0.000 01T0AAM000t
00015 LYS01A0070_015 f 0.00  0.000     0  0.00  0  0 -10.588   1.642   1.771  -0.004  -0.064   0.000 01T0C1M000t
00016 LYS01A0070_016 f 0.00  0.000     0  0.00  0  0  -8.601   0.482   2.156  -0.007  -0.064   0.000 01T0EAM000t
00017 LYS01A0070_017 f 0.00  0.000     0  0.00  0  0  -8.686   0.763   2.174  -0.003  -0.064   0.000 01T108M000t
00018 LYS01A0070_018 f 0.00  0.000     0  0.00  0  0 -10.380   0.621   3.642  -0.009  -0.063   0.000 01T11FM000t
00019 LYS01A0070_019 f 0.00  0.000     0  0.00  0  0  -9.634   5.719   3.526  -0.009  -0.058   0.000 01T123M000t
00020 LYS01A0070_020 f 0.00  0.000     0  0.00  0  0  -7.875   1.409   4.609  -0.003  -0.063   0.000 01T134M000t
00021 LYS+1A0070_021 f 0.00  1.000     0 10.40  0  1  -9.237   0.818   1.592   0.021  -0.990   0.000 +1O000M000t
00022 LYS+1A0070_022 f 0.00  1.000     0 10.40  0  1  -9.691   1.722   1.408   0.074  -0.989   0.000 +1E004M000t
00023 LYS+1A0070_023 f 0.00  1.000     0 10.40  0  1 -10.451   2.621   1.686   0.060  -0.987   0.000 +1E060M000t
00024 LYS+1A0070_024 f 0.00  1.000     0 10.40  0  1 -11.092   1.307   5.666  -0.007  -1.009   0.000 +1E073M000t
00025 LYS+1A0070_025 f 0.00  1.000     0 10.40  0  1 -10.477   1.459   3.487   0.047  -1.016   0.000 +1E078M000t
00026 LYS+1A0070_026 f 0.00  1.000     0 10.40  0  1  -9.203   0.509   2.003   0.020  -0.989   0.000 +1E08AM000t
00027 LYS+1A0070_027 f 0.00  1.000     0 10.40  0  1  -9.212   0.164   4.644   0.006  -1.011   0.000 +1E09DM000t
00028 LYS+1A0070_028 f 0.00  1.000     0 10.40  0  1 -10.583   1.664   1.775   0.029  -1.014   0.000 +1E0C1M000t
00029 LYS+1A0070_029 f 0.00  1.000     0 10.40  0  1  -8.665   0.480   2.160  -0.009  -1.009   0.000 +1E0EAM000t
00030 LYS+1A0070_030 f 0.00  1.000     0 10.40  0  1  -8.697   0.752   2.178   0.034  -1.010   0.000 +1E108M000t
00031 LYS+1A0070_031 f 0.00  1.000     0 10.40  0  1 -10.488   0.616   3.649  -0.026  -1.006   0.000 +1E11FM000t
00032 LYS+1A0070_032 f 0.00  1.000     0 10.40  0  1  -9.668   5.720   3.529   0.025  -0.987   0.000 +1E123M000t
00033 LYS+1A0070_033 f 0.00  1.000     0 10.40  0  1  -7.896   1.428   4.631   0.027  -1.006   0.000 +1E134M000t
00034 LYS+1A0070_034 f 0.00  1.000     0 10.40  0  1  -9.559   4.926   3.018   0.103  -0.981   0.000 +1T036M000t
00035 LYS+1A0070_035 f 0.00  1.000     0 10.40  0  1 -10.048   1.501   3.354   0.006  -0.993   0.000 +1T070M000t
00036 LYS+1A0070_036 f 0.00  1.000     0 10.40  0  1 -10.622   1.699   4.758   0.053  -1.011   0.000 +1T085M000t
00037 LYS+1A0070_037 f 0.00  1.000     0 10.40  0  1  -9.293   0.466   5.994   0.058  -1.001   0.000 +1T0AAM000t
00038 LYS+1A0070_038 f 0.00  1.000     0 10.40  0  1 -10.988   6.067   3.493   0.058  -1.001   0.000 +1T122M000t
00039 LYS+1A0070_039 f 0.00  1.000     0 10.40  0  1  -9.562   3.913   2.158   0.324  -0.940   0.000 +1T144M000t
