CONFORMER         crg  vdw0  vdw1  tors  epol  self   occ  Hb     history    ASA
LYS01A0070_001  0.000 -9.15  0.82  1.59  0.00 -6.74 0.501  00  01O000M000  1.000
LYS01A0070_002  0.000 -9.51  1.73  1.41  0.00 -6.37 0.501  00  01E004M000  1.000
LYS01A0070_003  0.000 -9.49  4.96  3.01  0.00 -1.51 0.502  00  01E036M000  1.000
LYS01A0070_004  0.000-10.10  1.50  3.34  0.00 -5.25 0.501  00  01E070M000  1.000
LYS01A0070_005  0.000-11.04  1.30  5.66  0.00 -4.09 0.501  00  01E073M000  1.000
LYS01A0070_006  0.000-11.06  5.99  3.49  0.00 -1.58 0.502  00  01E122M000  1.000
LYS01A0070_007  0.000 -9.59  3.80  2.15  0.00 -3.64 0.501  00  01E144M000  1.000
LYS01A0070_008  0.000-10.31  0.68  4.13  0.00 -5.49 0.502  00  01T041M000  1.000
LYS01A0070_009  0.000-10.33  2.66  1.68  0.00 -6.00 0.502  00  01T060M000  1.000
LYS01A0070_010  0.000-10.42  1.46  3.48  0.00 -5.49 0.502  00  01T078M000  1.000
LYS01A0070_011  0.000-10.57  1.68  4.75  0.00 -4.14 0.501  00  01T085M000  1.000
LYS01A0070_012  0.000 -9.19  0.51  1.99  0.00 -6.69 0.501  00  01T08AM000  1.000
LYS01A0070_013  0.000 -9.11  0.17  4.63  0.00 -4.31 0.502  00  01T09DM000  1.000
LYS01A0070_014  0.000 -9.14  0.47  5.98  0.00 -2.69 0.502  00  01T0AAM000  1.000
LYS01A0070_015  0.000-10.59  1.65  1.77  0.00 -7.17 0.502  00  01T0C1M000  1.000
LYS01A0070_016  0.000 -8.65  0.48  2.16  0.00 -6.02 0.502  00  01T0EAM000  1.000
LYS01A0070_017  0.000 -8.68  0.77  2.17  0.00 -5.74 0.501  00  01T108M000  1.000
LYS01A0070_018  0.000-10.38  0.62  3.64  0.00 -6.12 0.501  00  01T11FM000  1.000
LYS01A0070_019  0.000 -9.64  5.73  3.53  0.00 -0.39 0.502  00  01T123M000  1.000
LYS01A0070_020  0.000 -7.88  1.41  4.61  0.00 -1.86 0.502  00  01T134M000  1.000
LYS+1A0070_021  1.000 -9.23  0.81  1.59  0.00 -6.82 0.501  00  +1O000M000  1.000
LYS+1A0070_022  1.000 -9.69  1.72  1.41  0.00 -6.56 0.501  00  +1E004M000  1.000
LYS+1A0070_023  1.000-10.46  2.62  1.69  0.00 -6.15 0.502  00  +1E060M000  1.000
LYS+1A0070_024  1.000-11.09  1.31  5.67  0.00 -4.12 0.501  00  +1E073M000  1.000
LYS+1A0070_025  1.000-10.47  1.47  3.49  0.00 -5.52 0.502  00  +1E078M000  1.000
LYS+1A0070_026  1.000 -9.21  0.51  2.00  0.00 -6.69 0.501  00  +1E08AM000  1.000
LYS+1A0070_027  1.000 -9.21  0.17  4.64  0.00 -4.41 0.502  00  +1E09DM000  1.000
LYS+1A0070_028  1.000-10.58  1.66  1.78  0.00 -7.15 0.502  00  +1E0C1M000  1.000
LYS+1A0070_029  1.000 -8.66  0.48  2.16  0.00 -6.02 0.502  00  +1E0EAM000  1.000
LYS+1A0070_030  1.000 -8.70  0.75  2.18  0.00 -5.77 0.501  00  +1E108M000  1.000
LYS+1A0070_031  1.000-10.49  0.62  3.65  0.00 -6.23 0.501  00  +1E11FM000  1.000
LYS+1A0070_032  1.000 -9.67  5.73  3.53  0.00 -0.41 0.502  00  +1E123M000  1.000
LYS+1A0070_033  1.000 -7.89  1.43  4.63  0.00 -1.83 0.502  00  +1E134M000  1.000
LYS+1A0070_034  1.000 -9.56  4.94  3.02  0.00 -1.60 0.502  00  +1T036M000  1.000
LYS+1A0070_035  1.000-10.05  1.51  3.35  0.00 -5.19 0.501  00  +1T070M000  1.000
LYS+1A0070_036  1.000-10.62  1.70  4.76  0.00 -4.17 0.501  00  +1T085M000  1.000
LYS+1A0070_037  1.000 -9.29  0.47  5.99  0.00 -2.83 0.502  00  +1T0AAM000  1.000
LYS+1A0070_038  1.000-11.04  6.06  3.49  0.00 -1.49 0.502  00  +1T122M000  1.000
LYS+1A0070_039  1.000 -9.57  3.92  2.16  0.00 -3.50 0.501  00  +1T144M000  1.000
