   confID        vdw0    sas     sum
LYS01A0070_001   2.793 -11.955  -9.162
LYS01A0070_002   2.558 -12.068  -9.510
LYS01A0070_003   2.589 -12.078  -9.489
LYS01A0070_004   2.569 -12.715 -10.146
LYS01A0070_005   1.558 -12.604 -11.046
LYS01A0070_006   1.759 -12.824 -11.065
LYS01A0070_007   2.761 -12.347  -9.587
LYS01A0070_008   1.777 -12.144 -10.367
LYS01A0070_009   1.787 -12.126 -10.339
LYS01A0070_010   1.809 -12.231 -10.422
LYS01A0070_011   2.386 -12.959 -10.572
LYS01A0070_012   3.235 -12.425  -9.190
LYS01A0070_013   2.997 -12.160  -9.164
LYS01A0070_014   3.148 -12.290  -9.142
LYS01A0070_015   2.218 -12.807 -10.588
LYS01A0070_016   3.428 -12.028  -8.601
LYS01A0070_017   3.397 -12.083  -8.686
LYS01A0070_018   2.241 -12.621 -10.380
LYS01A0070_019   2.847 -12.480  -9.634
LYS01A0070_020   4.224 -12.099  -7.875
LYS+1A0070_021   2.719 -11.955  -9.237
LYS+1A0070_022   2.493 -12.184  -9.691
LYS+1A0070_023   1.727 -12.178 -10.451
LYS+1A0070_024   1.512 -12.604 -11.092
LYS+1A0070_025   1.755 -12.231 -10.477
LYS+1A0070_026   3.154 -12.357  -9.203
LYS+1A0070_027   2.948 -12.160  -9.212
LYS+1A0070_028   2.172 -12.755 -10.583
LYS+1A0070_029   3.415 -12.080  -8.665
LYS+1A0070_030   3.386 -12.083  -8.697
LYS+1A0070_031   2.197 -12.685 -10.488
LYS+1A0070_032   2.774 -12.442  -9.668
LYS+1A0070_033   4.152 -12.048  -7.896
LYS+1A0070_034   2.519 -12.078  -9.559
LYS+1A0070_035   2.497 -12.544 -10.048
LYS+1A0070_036   2.337 -12.959 -10.622
LYS+1A0070_037   3.100 -12.393  -9.293
LYS+1A0070_038   1.720 -12.708 -10.988
LYS+1A0070_039   2.731 -12.292  -9.562
