iConf CONFORMER     FL  occ    crg   Em0  pKa0 ne nH    vdw0    vdw1    tors    epol   dsolv   extra    history
00001 LYS01A0084_001 f 0.00  0.000     0  0.00  0  0 -10.620   1.151   1.233  -0.006  -0.534   0.000 01O000M000t
00002 LYS01A0084_002 f 0.00  0.000     0  0.00  0  0  -9.760   6.065   0.932  -0.026  -0.516   0.000 01E034M000t
00003 LYS01A0084_003 f 0.00  0.000     0  0.00  0  0 -10.904   1.710   5.544  -0.007  -0.527   0.000 01E061M000t
00004 LYS01A0084_004 f 0.00  0.000     0  0.00  0  0  -7.164   0.957   3.247  -0.015  -0.477   0.000 01E07BM000t
00005 LYS01A0084_005 f 0.00  0.000     0  0.00  0  0  -7.860   1.011   1.510  -0.010  -0.485   0.000 01E0AAM000t
00006 LYS01A0084_006 f 0.00  0.000     0  0.00  0  0  -7.810   1.324   3.805  -0.019  -0.537   0.000 01E0AFM000t
00007 LYS01A0084_007 f 0.00  0.000     0  0.00  0  0  -8.115   3.702   1.780  -0.002  -0.573   0.000 01E0BBM000t
00008 LYS01A0084_008 f 0.00  0.000     0  0.00  0  0  -8.250   1.877   4.324  -0.012  -0.503   0.000 01E0CBM000t
00009 LYS01A0084_009 f 0.00  0.000     0  0.00  0  0  -8.533   1.708   6.021  -0.005  -0.494   0.000 01E0CEM000t
00010 LYS01A0084_010 f 0.00  0.000     0  0.00  0  0 -11.204   4.752   1.116   0.004  -0.509   0.000 01T008M000t
00011 LYS01A0084_011 f 0.00  0.000     0  0.00  0  0  -8.985   1.169   1.570  -0.007  -0.585   0.000 01T013M000t
00012 LYS01A0084_012 f 0.00  0.000     0  0.00  0  0  -8.824   1.222   4.231  -0.007  -0.520   0.000 01T018M000t
00013 LYS01A0084_013 f 0.00  0.000     0  0.00  0  0  -9.217   1.133   1.551  -0.006  -0.533   0.000 01T01FM000t
00014 LYS01A0084_014 f 0.00  0.000     0  0.00  0  0  -9.242   4.002   1.742  -0.001  -0.532   0.000 01T028M000t
00015 LYS01A0084_015 f 0.00  0.000     0  0.00  0  0  -9.681   1.954   4.235  -0.018  -0.556   0.000 01T02DM000t
00016 LYS01A0084_016 f 0.00  0.000     0  0.00  0  0  -7.704   1.183   3.586  -0.005  -0.514   0.000 01T07FM000t
00017 LYS01A0084_017 f 0.00  0.000     0  0.00  0  0  -8.678   1.100   5.452  -0.008  -0.492   0.000 01T095M000t
00018 LYS01A0084_018 f 0.00  0.000     0  0.00  0  0  -7.963   1.012   5.638  -0.014  -0.496   0.000 01T097M000t
00019 LYS01A0084_019 f 0.00  0.000     0  0.00  0  0  -4.313   1.297   2.200  -0.022  -0.496   0.000 01T0BEM000t
00020 LYS01A0084_020 f 0.00  0.000     0  0.00  0  0  -6.965   3.194   1.676  -0.033  -0.447   0.000 01T0D1M000t
00021 LYS+1A0084_021 f 0.00  1.000     0 10.40  0  1 -10.668   1.151   1.233   0.030  -7.325   0.000 +1O000M000t
00022 LYS+1A0084_022 f 0.00  1.000     0 10.40  0  1 -11.186   4.776   1.120  -0.036  -7.304   0.000 +1E008M000t
00023 LYS+1A0084_023 f 0.00  1.000     0 10.40  0  1  -9.836   6.104   0.937   0.070  -7.371   0.000 +1E034M000t
00024 LYS+1A0084_024 f 0.00  1.000     0 10.40  0  1  -7.716   1.169   3.639   0.059  -7.289   0.000 +1E07FM000t
00025 LYS+1A0084_025 f 0.00  1.000     0 10.40  0  1  -7.726   1.324   3.862   0.010  -7.245   0.000 +1E0AFM000t
00026 LYS+1A0084_026 f 0.00  1.000     0 10.40  0  1  -8.606   1.698   6.078   0.065  -7.297   0.000 +1E0CEM000t
00027 LYS+1A0084_027 f 0.00  1.000     0 10.40  0  1  -9.027   1.170   1.581   0.042  -7.361   0.000 +1T013M000t
00028 LYS+1A0084_028 f 0.00  1.000     0 10.40  0  1  -8.871   1.219   4.247   0.031  -7.376   0.000 +1T018M000t
00029 LYS+1A0084_029 f 0.00  1.000     0 10.40  0  1  -9.252   1.136   1.563   0.024  -7.330   0.000 +1T01FM000t
00030 LYS+1A0084_030 f 0.00  1.000     0 10.40  0  1  -9.387   4.030   1.746   0.001  -7.333   0.000 +1T028M000t
00031 LYS+1A0084_031 f 0.00  1.000     0 10.40  0  1  -9.704   1.915   4.243   0.108  -7.278   0.000 +1T02DM000t
00032 LYS+1A0084_032 f 0.00  1.000     0 10.40  0  1 -11.004   1.705   5.594   0.053  -7.302   0.000 +1T061M000t
00033 LYS+1A0084_033 f 0.00  1.000     0 10.40  0  1  -7.377   0.956   3.320   0.052  -7.156   0.000 +1T07BM000t
00034 LYS+1A0084_034 f 0.00  1.000     0 10.40  0  1  -8.689   1.099   5.499   0.048  -7.292   0.000 +1T095M000t
00035 LYS+1A0084_035 f 0.00  1.000     0 10.40  0  1  -8.050   1.014   5.724   0.067  -7.145   0.000 +1T097M000t
00036 LYS+1A0084_036 f 0.00  1.000     0 10.40  0  1  -7.995   1.013   1.516   0.021  -7.157   0.000 +1T0AAM000t
00037 LYS+1A0084_037 f 0.00  1.000     0 10.40  0  1  -8.263   3.701   1.787   0.041  -7.212   0.000 +1T0BBM000t
00038 LYS+1A0084_038 f 0.00  1.000     0 10.40  0  1  -4.294   1.283   2.206  -0.043  -7.195   0.000 +1T0BEM000t
00039 LYS+1A0084_039 f 0.00  1.000     0 10.40  0  1  -8.273   1.892   4.328   0.077  -7.149   0.000 +1T0CBM000t
00040 LYS+1A0084_040 f 0.00  1.000     0 10.40  0  1  -7.088   3.184   1.681   0.171  -6.998   0.000 +1T0D1M000t
