CONFORMER         crg  vdw0  vdw1  tors  epol  self   occ  Hb     history    ASA
LYS01A0084_001  0.000-10.62  1.15  1.23  0.00 -8.23 0.502  00  01O000M000  1.000
LYS01A0084_002  0.000 -9.75  6.08  0.93  0.00 -2.75 0.502  00  01E034M000  1.000
LYS01A0084_003  0.000-10.91  1.71  5.54  0.00 -3.65 0.502  00  01E061M000  1.000
LYS01A0084_004  0.000 -7.16  0.96  3.25  0.00 -2.95 0.502  00  01E07BM000  1.000
LYS01A0084_005  0.000 -7.86  1.01  1.51  0.00 -5.34 0.503  00  01E0AAM000  1.000
LYS01A0084_006  0.000 -7.81  1.32  3.81  0.00 -2.68 0.501  00  01E0AFM000  1.000
LYS01A0084_007  0.000 -8.11  3.70  1.78  0.00 -2.63 0.502  00  01E0BBM000  1.000
LYS01A0084_008  0.000 -8.26  1.88  4.32  0.00 -2.05 0.503  00  01E0CBM000  1.000
LYS01A0084_009  0.000 -8.53  1.71  6.02  0.00 -0.81 0.502  00  01E0CEM000  1.000
LYS01A0084_010  0.000-11.20  4.75  1.11  0.00 -5.34 0.502  00  01T008M000  1.000
LYS01A0084_011  0.000 -8.92  1.17  1.57  0.00 -6.18 0.502  00  01T013M000  1.000
LYS01A0084_012  0.000 -8.83  1.22  4.23  0.00 -3.38 0.502  00  01T018M000  1.000
LYS01A0084_013  0.000 -9.22  1.14  1.55  0.00 -6.53 0.502  00  01T01FM000  1.000
LYS01A0084_014  0.000 -9.24  4.00  1.74  0.00 -3.49 0.502  00  01T028M000  1.000
LYS01A0084_015  0.000 -9.75  1.96  4.23  0.00 -3.56 0.503  00  01T02DM000  1.000
LYS01A0084_016  0.000 -7.70  1.18  3.58  0.00 -2.93 0.503  00  01T07FM000  1.000
LYS01A0084_017  0.000 -8.68  1.10  5.45  0.00 -2.13 0.502  00  01T095M000  1.000
LYS01A0084_018  0.000 -7.97  1.02  5.64  0.00 -1.31 0.502  00  01T097M000  1.000
LYS01A0084_019  0.000 -4.31  1.29  2.20  0.00 -0.81 0.503  00  01T0BEM000  1.000
LYS01A0084_020  0.000 -6.98  3.19  1.68  0.00 -2.11 0.502  00  01T0D1M000  1.000
LYS+1A0084_021  1.000-10.66  1.15  1.23  0.00 -8.28 0.502  00  +1O000M000  1.000
LYS+1A0084_022  1.000-11.18  4.77  1.12  0.00 -5.29 0.502  00  +1E008M000  1.000
LYS+1A0084_023  1.000 -9.77  6.11  0.94  0.00 -2.73 0.502  00  +1E034M000  1.000
LYS+1A0084_024  1.000 -7.72  1.17  3.64  0.00 -2.91 0.503  00  +1E07FM000  1.000
LYS+1A0084_025  1.000 -7.73  1.33  3.86  0.00 -2.54 0.501  00  +1E0AFM000  1.000
LYS+1A0084_026  1.000 -8.60  1.70  6.08  0.00 -0.82 0.502  00  +1E0CEM000  1.000
LYS+1A0084_027  1.000 -9.03  1.17  1.58  0.00 -6.28 0.502  00  +1T013M000  1.000
LYS+1A0084_028  1.000 -8.88  1.22  4.25  0.00 -3.41 0.502  00  +1T018M000  1.000
LYS+1A0084_029  1.000 -9.25  1.14  1.56  0.00 -6.55 0.502  00  +1T01FM000  1.000
LYS+1A0084_030  1.000 -9.35  4.03  1.75  0.00 -3.58 0.502  00  +1T028M000  1.000
LYS+1A0084_031  1.000 -9.70  1.92  4.24  0.00 -3.54 0.503  00  +1T02DM000  1.000
LYS+1A0084_032  1.000-10.94  1.71  5.60  0.00 -3.63 0.502  00  +1T061M000  1.000
LYS+1A0084_033  1.000 -7.38  0.96  3.32  0.00 -3.10 0.502  00  +1T07BM000  1.000
LYS+1A0084_034  1.000 -8.69  1.10  5.50  0.00 -2.09 0.502  00  +1T095M000  1.000
LYS+1A0084_035  1.000 -8.05  1.02  5.72  0.00 -1.31 0.502  00  +1T097M000  1.000
LYS+1A0084_036  1.000 -7.99  1.01  1.52  0.00 -5.46 0.503  00  +1T0AAM000  1.000
LYS+1A0084_037  1.000 -8.26  3.70  1.79  0.00 -2.78 0.502  00  +1T0BBM000  1.000
LYS+1A0084_038  1.000 -4.29  1.28  2.21  0.00 -0.80 0.503  00  +1T0BEM000  1.000
LYS+1A0084_039  1.000 -8.28  1.89  4.33  0.00 -2.06 0.503  00  +1T0CBM000  1.000
LYS+1A0084_040  1.000 -7.09  3.18  1.68  0.00 -2.23 0.502  00  +1T0D1M000  1.000
