   confID        vdw0    sas     sum
LYS01A0084_001   1.544 -12.164 -10.620
LYS01A0084_002   2.861 -12.621  -9.760
LYS01A0084_003   1.825 -12.730 -10.904
LYS01A0084_004   4.525 -11.689  -7.164
LYS01A0084_005   4.148 -12.008  -7.860
LYS01A0084_006   3.852 -11.662  -7.810
LYS01A0084_007   3.818 -11.933  -8.115
LYS01A0084_008   3.809 -12.059  -8.250
LYS01A0084_009   3.850 -12.383  -8.533
LYS01A0084_010   1.227 -12.431 -11.204
LYS01A0084_011   3.304 -12.289  -8.985
LYS01A0084_012   3.330 -12.154  -8.824
LYS01A0084_013   3.291 -12.508  -9.217
LYS01A0084_014   3.069 -12.311  -9.242
LYS01A0084_015   2.960 -12.640  -9.681
LYS01A0084_016   4.186 -11.890  -7.704
LYS01A0084_017   3.499 -12.176  -8.678
LYS01A0084_018   4.073 -12.036  -7.963
LYS01A0084_019   7.742 -12.055  -4.313
LYS01A0084_020   5.043 -12.008  -6.965
LYS+1A0084_021   1.496 -12.164 -10.668
LYS+1A0084_022   1.177 -12.363 -11.186
LYS+1A0084_023   2.852 -12.688  -9.836
LYS+1A0084_024   4.174 -11.890  -7.716
LYS+1A0084_025   3.807 -11.533  -7.726
LYS+1A0084_026   3.794 -12.399  -8.606
LYS+1A0084_027   3.262 -12.289  -9.027
LYS+1A0084_028   3.299 -12.170  -8.871
LYS+1A0084_029   3.256 -12.508  -9.252
LYS+1A0084_030   3.030 -12.417  -9.387
LYS+1A0084_031   2.920 -12.624  -9.704
LYS+1A0084_032   1.794 -12.797 -11.004
LYS+1A0084_033   4.308 -11.685  -7.377
LYS+1A0084_034   3.488 -12.176  -8.689
LYS+1A0084_035   3.851 -11.901  -8.050
LYS+1A0084_036   4.064 -12.059  -7.995
LYS+1A0084_037   3.738 -12.001  -8.263
LYS+1A0084_038   7.709 -12.004  -4.294
LYS+1A0084_039   3.722 -11.995  -8.273
LYS+1A0084_040   4.972 -12.060  -7.088
