iConf CONFORMER     FL  occ    crg   Em0  pKa0 ne nH    vdw0    vdw1    tors    epol   dsolv   extra    history
00001 GLU01A0101_001 f 0.00  0.000     0  0.00  0  0  -1.707   0.722   3.141   0.126  -2.105   0.000 01O000M000t
00002 GLU01A0101_002 f 0.00  0.000     0  0.00  0  0  -3.068   0.788   3.156   0.040  -2.416   0.000 01E005M000t
00003 GLU01A0101_003 f 0.00  0.000     0  0.00  0  0  -3.631   0.963   3.809   0.051  -2.297   0.000 01E006M000t
00004 GLU01A0101_004 f 0.00  0.000     0  0.00  0  0  -3.171   1.302   3.152   0.063  -2.361   0.000 01E009M000t
00005 GLU01A0101_005 f 0.00  0.000     0  0.00  0  0  -1.707   0.722   0.421   0.052  -1.644   0.000 01O000M000t
00006 GLU01A0101_006 f 0.00  0.000     0  0.00  0  0  -2.924   0.834   0.409   0.027  -1.584   0.000 01E007M000t
00007 GLU01A0101_007 f 0.00  0.000     0  0.00  0  0  -3.649   1.249   1.046   0.048  -1.623   0.000 01E008M000t
00008 GLU01A0101_008 f 0.00  0.000     0  0.00  0  0  -2.108   1.263   3.001   0.103  -2.099   0.000 01T002M000t
00009 GLU01A0101_009 f 0.00  0.000     0  0.00  0  0  -3.511   1.396   3.291   0.149  -2.270   0.000 01T00BM000t
00010 GLU01A0101_010 f 0.00  0.000     0  0.00  0  0  -2.973   0.838   3.123   0.041  -2.304   0.000 01T007M000t
00011 GLU01A0101_011 f 0.00  0.000     0  0.00  0  0  -3.697   0.295   3.749   0.174  -2.215   0.000 01T00AM000t
00012 GLU01A0101_012 f 0.00  0.000     0  0.00  0  0  -3.094   0.788   0.424   0.046  -1.654   0.000 01T005M000t
00013 GLU01A0101_013 f 0.00  0.000     0  0.00  0  0  -3.697   0.295   1.029   0.121  -1.569   0.000 01T00AM000t
00014 GLU01A0101_014 f 0.00  0.000     0  0.00  0  0  -3.504   1.573   0.555   0.074  -1.582   0.000 01T00BM000t
00015 GLU02A0101_015 f 0.00  0.000     0  0.00  0  0  -2.294   0.730   3.141   0.029  -2.393   0.000 02O000M000t
00016 GLU02A0101_016 f 0.00  0.000     0  0.00  0  0  -2.717   0.939   3.002   0.053  -2.335   0.000 02E001M000t
00017 GLU02A0101_017 f 0.00  0.000     0  0.00  0  0  -2.596   1.269   3.005   0.061  -2.297   0.000 02E002M000t
00018 GLU02A0101_018 f 0.00  0.000     0  0.00  0  0  -2.607   0.773   3.191   0.112  -2.128   0.000 02E005M000t
00019 GLU02A0101_019 f 0.00  0.000     0  0.00  0  0  -3.359   1.523   3.317   0.139  -2.081   0.000 02E00BM000t
00020 GLU02A0101_020 f 0.00  0.000     0  0.00  0  0  -2.319   0.730   0.421   0.039  -1.622   0.000 02O000M000t
00021 GLU02A0101_021 f 0.00  0.000     0  0.00  0  0  -2.803   1.296   0.418   0.043  -1.590   0.000 02E009M000t
00022 GLU02A0101_022 f 0.00  0.000     0  0.00  0  0  -2.895   0.838   3.153   0.083  -2.220   0.000 02T007M000t
00023 GLU02A0101_023 f 0.00  0.000     0  0.00  0  0  -2.700   1.289   3.174   0.094  -2.149   0.000 02T009M000t
00024 GLU02A0101_024 f 0.00  0.000     0  0.00  0  0  -3.791   0.270   3.722   0.049  -2.123   0.000 02T00AM000t
00025 GLU02A0101_025 f 0.00  0.000     0  0.00  0  0  -2.717   0.939   0.282   0.027  -1.592   0.000 02T001M000t
00026 GLU02A0101_026 f 0.00  0.000     0  0.00  0  0  -2.604   0.772   0.463   0.054  -1.613   0.000 02T005M000t
00027 GLU02A0101_027 f 0.00  0.000     0  0.00  0  0  -3.840   0.306   1.101   0.093  -1.586   0.000 02T00AM000t
00028 GLU02A0101_028 f 0.00  0.000     0  0.00  0  0  -3.356   1.522   0.596   0.062  -1.573   0.000 02T00BM000t
00029 GLU-1A0101_029 f 0.00 -1.000     0  4.75  0 -1  -2.134   0.741   0.421  -0.085 -13.131   0.000 -1O000M000t
00030 GLU-1A0101_030 f 0.00 -1.000     0  4.75  0 -1  -3.686   0.991   1.050  -0.075 -13.179   0.000 -1E006M000t
00031 GLU-1A0101_031 f 0.00 -1.000     0  4.75  0 -1  -3.017   1.305   0.411  -0.096 -13.125   0.000 -1E009M000t
00032 GLU-1A0101_032 f 0.00 -1.000     0  4.75  0 -1  -3.818   0.292   1.043  -0.059 -13.008   0.000 -1E00AM000t
00033 GLU-1A0101_033 f 0.00 -1.000     0  4.75  0 -1  -3.404   1.471   0.560  -0.188 -12.966   0.000 -1E00BM000t
