   confID        vdw0    sas     sum
GLU01A0101_001   2.799  -4.506  -1.707
GLU01A0101_002   1.498  -4.567  -3.068
GLU01A0101_003   0.927  -4.558  -3.631
GLU01A0101_004   1.497  -4.668  -3.171
GLU01A0101_005   2.799  -4.506  -1.707
GLU01A0101_006   1.631  -4.556  -2.924
GLU01A0101_007   0.999  -4.648  -3.649
GLU01A0101_008   2.479  -4.586  -2.108
GLU01A0101_009   1.354  -4.866  -3.511
GLU01A0101_010   1.630  -4.603  -2.973
GLU01A0101_011   1.017  -4.714  -3.697
GLU01A0101_012   1.498  -4.592  -3.094
GLU01A0101_013   1.017  -4.714  -3.697
GLU01A0101_014   1.459  -4.964  -3.504
GLU02A0101_015   2.265  -4.559  -2.294
GLU02A0101_016   2.025  -4.743  -2.717
GLU02A0101_017   2.026  -4.622  -2.596
GLU02A0101_018   1.911  -4.518  -2.607
GLU02A0101_019   1.569  -4.928  -3.359
GLU02A0101_020   2.265  -4.585  -2.319
GLU02A0101_021   1.838  -4.641  -2.803
GLU02A0101_022   1.811  -4.707  -2.895
GLU02A0101_023   1.868  -4.568  -2.700
GLU02A0101_024   0.997  -4.788  -3.791
GLU02A0101_025   2.025  -4.743  -2.717
GLU02A0101_026   1.913  -4.518  -2.604
GLU02A0101_027   0.911  -4.752  -3.840
GLU02A0101_028   1.572  -4.928  -3.356
GLU-1A0101_029   2.177  -4.311  -2.134
GLU-1A0101_030   0.775  -4.461  -3.686
GLU-1A0101_031   1.517  -4.534  -3.017
GLU-1A0101_032   0.788  -4.606  -3.818
GLU-1A0101_033   1.305  -4.709  -3.404
