CONFORMER         crg  vdw0  vdw1  tors  epol  self   occ  Hb     history    ASA
GLU01A0073_001  0.000 -3.79  0.63  4.07  0.00  0.90 0.573  00  01O000M000  1.000
GLU01A0073_002  0.000 -3.80  0.63  1.35  0.00 -1.83 0.573  00  01O000M000  1.003
GLU01A0073_003  0.000 -3.35  2.02  0.67  0.00 -0.66 0.574  00  01E006M000  1.064
GLU01A0073_004  0.000 -2.32  0.71  3.23  0.00  1.63 0.570  00  01T004M000  1.000
GLU01A0073_005  0.000 -2.37  1.28  3.21  0.00  2.12 0.569  00  01T005M000  1.017
GLU01A0073_006  0.000 -3.81  1.46  3.88  0.00  1.53 0.571  00  01T001M000  1.015
GLU01A0073_007  0.000 -3.86  0.81  3.79  0.00  0.74 0.573  00  01T002M000  1.049
GLU01A0073_008  0.000 -3.32  2.02  3.38  0.00  2.08 0.574  00  01T006M000  1.059
GLU01A0073_009  0.000 -3.77  1.46  1.16  0.00 -1.16 0.571  00  01T001M000  1.007
GLU01A0073_010  0.000 -3.88  0.81  1.07  0.00 -2.00 0.573  00  01T002M000  1.055
GLU02A0073_011  0.000 -3.79  0.63  4.07  0.00  0.91 0.573  00  02O000M000  1.000
GLU02A0073_012  0.000 -3.79  0.63  1.35  0.00 -1.81 0.573  00  02O000M000  1.000
GLU02A0073_013  0.000 -3.73  1.93  0.66  0.00 -1.14 0.574  00  02E006M000  1.062
GLU02A0073_014  0.000 -4.00  0.84  3.84  0.00  0.68 0.573  00  02T002M000  1.038
GLU02A0073_015  0.000 -2.72  0.72  3.21  0.00  1.21 0.570  00  02T004M000  1.006
GLU02A0073_016  0.000 -2.67  1.30  3.19  0.00  1.81 0.569  00  02T005M000  1.000
GLU02A0073_017  0.000 -3.73  1.87  3.40  0.00  1.54 0.574  00  02T006M000  1.067
GLU02A0073_018  0.000 -3.76  1.45  3.82  0.00  1.51 0.571  00  02T001M000  1.008
GLU02A0073_019  0.000 -3.75  1.46  1.21  0.00 -1.08 0.571  00  02T001M000  1.000
GLU02A0073_020  0.000 -4.00  0.84  1.12  0.00 -2.04 0.573  00  02T002M000  1.038
GLU-1A0073_021 -1.000 -3.95  0.64  1.35  0.00 -1.96 0.573  00  -1O000M000  1.000
GLU-1A0073_022 -1.000 -3.96  0.83  1.07  0.00 -2.05 0.573  00  -1E002M000  1.050
GLU-1A0073_023 -1.000 -2.59  1.30  0.45  0.00 -0.84 0.569  00  -1E005M000  1.018
GLU-1A0073_024 -1.000 -3.67  1.89  0.65  0.00 -1.14 0.574  00  -1E006M000  1.050
