iConf CONFORMER     FL  occ    crg   Em0  pKa0 ne nH    vdw0    vdw1    tors    epol   dsolv   extra    history
00001 GLU01A0073_001 f 0.00  0.000     0  0.00  0  0  -3.778   0.629   4.065   0.026  -1.286   0.000 01O000M000t
00002 GLU01A0073_002 f 0.00  0.000     0  0.00  0  0  -3.791   0.629   1.345   0.019  -0.906   0.000 01O000M000t
00003 GLU01A0073_003 f 0.00  0.000     0  0.00  0  0  -3.352   2.026   0.666   0.098  -0.909   0.000 01E006M000t
00004 GLU01A0073_004 f 0.00  0.000     0  0.00  0  0  -2.319   0.715   3.231   0.067  -1.207   0.000 01T004M000t
00005 GLU01A0073_005 f 0.00  0.000     0  0.00  0  0  -2.367   1.279   3.207   0.060  -1.199   0.000 01T005M000t
00006 GLU01A0073_006 f 0.00  0.000     0  0.00  0  0  -3.808   1.456   3.876   0.089  -1.294   0.000 01T001M000t
00007 GLU01A0073_007 f 0.00  0.000     0  0.00  0  0  -3.828   0.809   3.793   0.063  -1.233   0.000 01T002M000t
00008 GLU01A0073_008 f 0.00  0.000     0  0.00  0  0  -3.323   2.026   3.384   0.170  -1.151   0.000 01T006M000t
00009 GLU01A0073_009 f 0.00  0.000     0  0.00  0  0  -3.774   1.456   1.156   0.047  -0.937   0.000 01T001M000t
00010 GLU01A0073_010 f 0.00  0.000     0  0.00  0  0  -3.854   0.809   1.073   0.032  -0.906   0.000 01T002M000t
00011 GLU02A0073_011 f 0.00  0.000     0  0.00  0  0  -3.778   0.635   4.065   0.057  -1.287   0.000 02O000M000t
00012 GLU02A0073_012 f 0.00  0.000     0  0.00  0  0  -3.778   0.635   1.345   0.026  -0.903   0.000 02O000M000t
00013 GLU02A0073_013 f 0.00  0.000     0  0.00  0  0  -3.729   1.930   0.657   0.099  -0.878   0.000 02E006M000t
00014 GLU02A0073_014 f 0.00  0.000     0  0.00  0  0  -4.004   0.846   3.840   0.084  -1.210   0.000 02T002M000t
00015 GLU02A0073_015 f 0.00  0.000     0  0.00  0  0  -2.711   0.716   3.213   0.030  -1.259   0.000 02T004M000t
00016 GLU02A0073_016 f 0.00  0.000     0  0.00  0  0  -2.675   1.301   3.186   0.075  -1.285   0.000 02T005M000t
00017 GLU02A0073_017 f 0.00  0.000     0  0.00  0  0  -3.741   1.873   3.400   0.134  -1.267   0.000 02T006M000t
00018 GLU02A0073_018 f 0.00  0.000     0  0.00  0  0  -3.764   1.453   3.823   0.041  -1.245   0.000 02T001M000t
00019 GLU02A0073_019 f 0.00  0.000     0  0.00  0  0  -3.749   1.459   1.211   0.036  -0.895   0.000 02T001M000t
00020 GLU02A0073_020 f 0.00  0.000     0  0.00  0  0  -4.004   0.846   1.120   0.029  -0.890   0.000 02T002M000t
00021 GLU-1A0073_021 f 0.00 -1.000     0  4.75  0 -1  -3.933   0.647   1.345  -0.060  -7.403   0.000 -1O000M000t
00022 GLU-1A0073_022 f 0.00 -1.000     0  4.75  0 -1  -3.954   0.837   1.070  -0.193  -7.326   0.000 -1E002M000t
00023 GLU-1A0073_023 f 0.00 -1.000     0  4.75  0 -1  -2.585   1.293   0.455  -0.071  -7.393   0.000 -1E005M000t
00024 GLU-1A0073_024 f 0.00 -1.000     0  4.75  0 -1  -3.677   1.889   0.652  -0.297  -7.315   0.000 -1E006M000t
