   confID        vdw0    sas     sum
GLU01A0073_001   0.838  -4.616  -3.778
GLU01A0073_002   0.838  -4.629  -3.791
GLU01A0073_003   1.850  -5.202  -3.352
GLU01A0073_004   2.278  -4.598  -2.319
GLU01A0073_005   2.297  -4.664  -2.367
GLU01A0073_006   0.951  -4.759  -3.808
GLU01A0073_007   1.113  -4.941  -3.828
GLU01A0073_008   1.853  -5.176  -3.323
GLU01A0073_009   0.951  -4.725  -3.774
GLU01A0073_010   1.113  -4.967  -3.854
GLU02A0073_011   0.796  -4.574  -3.778
GLU02A0073_012   0.796  -4.574  -3.778
GLU02A0073_013   1.565  -5.295  -3.729
GLU02A0073_014   0.947  -4.951  -4.004
GLU02A0073_015   1.948  -4.659  -2.711
GLU02A0073_016   1.956  -4.630  -2.675
GLU02A0073_017   1.532  -5.273  -3.741
GLU02A0073_018   0.943  -4.707  -3.764
GLU02A0073_019   0.840  -4.589  -3.749
GLU02A0073_020   0.947  -4.951  -4.004
GLU-1A0073_021   0.666  -4.599  -3.933
GLU-1A0073_022   0.867  -4.821  -3.954
GLU-1A0073_023   1.889  -4.474  -2.585
GLU-1A0073_024   1.432  -5.109  -3.677
