iConf CONFORMER     FL  occ    crg   Em0  pKa0 ne nH    vdw0    vdw1    tors    epol   dsolv   extra    history
00001 GLU01A0043_001 f 0.00  0.000     0  0.00  0  0  -3.792   0.250   3.467   0.081  -1.215   0.000 01O000M000t
00002 GLU01A0043_002 f 0.00  0.000     0  0.00  0  0  -3.684   0.325   3.270   0.080  -1.206   0.000 01E008M000t
00003 GLU01A0043_003 f 0.00  0.000     0  0.00  0  0  -3.089   0.085   5.321   0.151  -1.128   0.000 01E00AM000t
00004 GLU01A0043_004 f 0.00  0.000     0  0.00  0  0  -3.844   0.250   0.747   0.027  -0.870   0.000 01O000M000t
00005 GLU01A0043_005 f 0.00  0.000     0  0.00  0  0  -3.818   0.825   0.536   0.013  -0.860   0.000 01E001M000t
00006 GLU01A0043_006 f 0.00  0.000     0  0.00  0  0  -3.629   0.341   0.538   0.019  -0.893   0.000 01E008M000t
00007 GLU01A0043_007 f 0.00  0.000     0  0.00  0  0  -2.714   0.372   2.644   0.024  -0.891   0.000 01E009M000t
00008 GLU01A0043_008 f 0.00  0.000     0  0.00  0  0  -3.048   0.180   2.655   0.032  -0.873   0.000 01E00CM000t
00009 GLU01A0043_009 f 0.00  0.000     0  0.00  0  0  -3.754   0.418   3.268   0.181  -1.180   0.000 01T002M000t
00010 GLU01A0043_010 f 0.00  0.000     0  0.00  0  0  -4.591   1.182   6.642   0.170  -1.154   0.000 01T011M000t
00011 GLU01A0043_011 f 0.00  0.000     0  0.00  0  0  -4.285   0.560   3.956   0.050  -1.262   0.000 01T014M000t
00012 GLU01A0043_012 f 0.00  0.000     0  0.00  0  0  -4.352   0.386   3.959   0.031  -1.308   0.000 01T018M000t
00013 GLU01A0043_013 f 0.00  0.000     0  0.00  0  0  -4.160   0.128   6.289   0.144  -1.187   0.000 01T01FM000t
00014 GLU01A0043_014 f 0.00  0.000     0  0.00  0  0  -3.818   0.824   3.247   0.088  -1.182   0.000 01T001M000t
00015 GLU01A0043_015 f 0.00  0.000     0  0.00  0  0  -2.715   0.376   5.357   0.060  -1.211   0.000 01T009M000t
00016 GLU01A0043_016 f 0.00  0.000     0  0.00  0  0  -3.048   0.180   5.369   0.066  -1.215   0.000 01T00CM000t
00017 GLU01A0043_017 f 0.00  0.000     0  0.00  0  0  -4.345   1.536   4.127  -0.165  -1.129   0.000 01T00FM000t
00018 GLU01A0043_018 f 0.00  0.000     0  0.00  0  0  -4.072   0.335   6.275   0.067  -1.294   0.000 01T015M000t
00019 GLU01A0043_019 f 0.00  0.000     0  0.00  0  0  -4.398   0.006   6.279   0.083  -1.191   0.000 01T016M000t
00020 GLU01A0043_020 f 0.00  0.000     0  0.00  0  0  -3.834   0.716   3.047   0.150  -1.163   0.000 01T01AM000t
00021 GLU01A0043_021 f 0.00  0.000     0  0.00  0  0  -3.418  -0.022   3.140   0.053  -1.201   0.000 01T01DM000t
00022 GLU01A0043_022 f 0.00  0.000     0  0.00  0  0  -3.754   0.418   0.548   0.112  -0.870   0.000 01T002M000t
00023 GLU01A0043_023 f 0.00  0.000     0  0.00  0  0  -3.043   0.092   2.647   0.029  -0.865   0.000 01T00AM000t
00024 GLU01A0043_024 f 0.00  0.000     0  0.00  0  0  -4.580   1.152   3.931   0.030  -0.887   0.000 01T011M000t
00025 GLU01A0043_025 f 0.00  0.000     0  0.00  0  0  -3.538   0.481   0.412   0.012  -0.884   0.000 01T013M000t
00026 GLU01A0043_026 f 0.00  0.000     0  0.00  0  0  -4.072   0.335   3.555   0.022  -0.875   0.000 01T015M000t
00027 GLU01A0043_027 f 0.00  0.000     0  0.00  0  0  -4.398   0.006   3.559   0.062  -0.875   0.000 01T016M000t
00028 GLU01A0043_028 f 0.00  0.000     0  0.00  0  0  -3.847   0.716   0.327   0.055  -0.867   0.000 01T01AM000t
00029 GLU01A0043_029 f 0.00  0.000     0  0.00  0  0  -3.418  -0.022   0.420   0.026  -0.889   0.000 01T01DM000t
00030 GLU02A0043_030 f 0.00  0.000     0  0.00  0  0  -4.057   0.239   3.467   0.041  -1.268   0.000 02O000M000t
00031 GLU02A0043_031 f 0.00  0.000     0  0.00  0  0  -4.055   0.561   3.261  -0.042  -1.221   0.000 02E001M000t
00032 GLU02A0043_032 f 0.00  0.000     0  0.00  0  0  -4.220   0.553   3.986   0.019  -1.289   0.000 02E014M000t
00033 GLU02A0043_033 f 0.00  0.000     0  0.00  0  0  -4.366   0.380   3.978   0.030  -1.260   0.000 02E018M000t
00034 GLU02A0043_034 f 0.00  0.000     0  0.00  0  0  -3.589  -0.013   3.119   0.054  -1.263   0.000 02E01DM000t
00035 GLU02A0043_035 f 0.00  0.000     0  0.00  0  0  -4.143   0.146   6.291   0.054  -1.327   0.000 02E01FM000t
00036 GLU02A0043_036 f 0.00  0.000     0  0.00  0  0  -4.095   0.239   0.747   0.016  -0.854   0.000 02O000M000t
00037 GLU02A0043_037 f 0.00  0.000     0  0.00  0  0  -2.966   0.376   2.650   0.009  -0.859   0.000 02E009M000t
00038 GLU02A0043_038 f 0.00  0.000     0  0.00  0  0  -3.101   0.182   2.660   0.040  -0.845   0.000 02E00CM000t
00039 GLU02A0043_039 f 0.00  0.000     0  0.00  0  0  -3.665   0.341   3.260  -0.010  -1.296   0.000 02T008M000t
00040 GLU02A0043_040 f 0.00  0.000     0  0.00  0  0  -4.487   1.000   6.627   0.005  -1.277   0.000 02T011M000t
00041 GLU02A0043_041 f 0.00  0.000     0  0.00  0  0  -3.825   0.735   3.008   0.056  -1.251   0.000 02T01AM000t
00042 GLU02A0043_042 f 0.00  0.000     0  0.00  0  0  -3.821   0.294   3.259   0.145  -1.274   0.000 02T002M000t
00043 GLU02A0043_043 f 0.00  0.000     0  0.00  0  0  -3.796   0.465   3.250   0.037  -1.255   0.000 02T005M000t
00044 GLU02A0043_044 f 0.00  0.000     0  0.00  0  0  -2.965   0.377   5.352  -0.023  -1.301   0.000 02T009M000t
00045 GLU02A0043_045 f 0.00  0.000     0  0.00  0  0  -3.201   0.088   5.334   0.025  -1.303   0.000 02T00AM000t
00046 GLU02A0043_046 f 0.00  0.000     0  0.00  0  0  -3.094   0.179   5.364   0.078  -1.304   0.000 02T00CM000t
00047 GLU02A0043_047 f 0.00  0.000     0  0.00  0  0  -4.420   1.275   4.127   0.124  -1.207   0.000 02T00FM000t
00048 GLU02A0043_048 f 0.00  0.000     0  0.00  0  0  -4.045   0.328   6.286   0.012  -1.273   0.000 02T015M000t
00049 GLU02A0043_049 f 0.00  0.000     0  0.00  0  0  -4.412   0.005   6.268  -0.004  -1.150   0.000 02T016M000t
00050 GLU02A0043_050 f 0.00  0.000     0  0.00  0  0  -3.341   0.094   2.551   0.015  -0.864   0.000 02T00AM000t
00051 GLU02A0043_051 f 0.00  0.000     0  0.00  0  0  -3.886   0.294   0.539   0.116  -0.836   0.000 02T002M000t
00052 GLU02A0043_052 f 0.00  0.000     0  0.00  0  0  -3.899   0.465   0.530   0.020  -0.865   0.000 02T005M000t
00053 GLU02A0043_053 f 0.00  0.000     0  0.00  0  0  -4.420   1.275   1.407   0.097  -0.818   0.000 02T00FM000t
00054 GLU02A0043_054 f 0.00  0.000     0  0.00  0  0  -4.513   1.066   3.868   0.004  -0.864   0.000 02T011M000t
00055 GLU02A0043_055 f 0.00  0.000     0  0.00  0  0  -4.010   0.328   3.566   0.010  -0.873   0.000 02T015M000t
00056 GLU02A0043_056 f 0.00  0.000     0  0.00  0  0  -4.412   0.005   3.548   0.046  -0.878   0.000 02T016M000t
00057 GLU02A0043_057 f 0.00  0.000     0  0.00  0  0  -4.294   0.396   1.193   0.012  -0.848   0.000 02T018M000t
00058 GLU02A0043_058 f 0.00  0.000     0  0.00  0  0  -3.867   0.821   0.290   0.036  -0.845   0.000 02T01AM000t
00059 GLU02A0043_059 f 0.00  0.000     0  0.00  0  0  -3.575  -0.014   0.412   0.029  -0.870   0.000 02T01DM000t
00060 GLU-1A0043_060 f 0.00 -1.000     0  4.75  0 -1  -3.988   0.262   0.747  -0.159  -7.392   0.000 -1O000M000t
00061 GLU-1A0043_061 f 0.00 -1.000     0  4.75  0 -1  -3.985   0.657   0.522   0.048  -7.325   0.000 -1E001M000t
00062 GLU-1A0043_062 f 0.00 -1.000     0  4.75  0 -1  -3.905   0.376   0.524  -0.297  -7.317   0.000 -1E002M000t
00063 GLU-1A0043_063 f 0.00 -1.000     0  4.75  0 -1  -3.045   0.379   2.476  -0.032  -7.448   0.000 -1E009M000t
00064 GLU-1A0043_064 f 0.00 -1.000     0  4.75  0 -1  -3.328   0.086   2.523  -0.144  -7.418   0.000 -1E00AM000t
00065 GLU-1A0043_065 f 0.00 -1.000     0  4.75  0 -1  -4.387   1.143   3.848  -0.229  -7.375   0.000 -1E011M000t
00066 GLU-1A0043_066 f 0.00 -1.000     0  4.75  0 -1  -4.248   0.539   1.161  -0.057  -7.476   0.000 -1E014M000t
00067 GLU-1A0043_067 f 0.00 -1.000     0  4.75  0 -1  -4.077   0.323   3.476  -0.092  -7.472   0.000 -1E015M000t
00068 GLU-1A0043_068 f 0.00 -1.000     0  4.75  0 -1  -4.407  -0.015   3.486  -0.067  -7.370   0.000 -1E016M000t
00069 GLU-1A0043_069 f 0.00 -1.000     0  4.75  0 -1  -4.391   0.378   1.166  -0.056  -7.479   0.000 -1E018M000t
00070 GLU-1A0043_070 f 0.00 -1.000     0  4.75  0 -1  -3.788   0.700   0.287  -0.240  -7.370   0.000 -1E01AM000t
00071 GLU-1A0043_071 f 0.00 -1.000     0  4.75  0 -1  -3.504  -0.004   0.396  -0.084  -7.436   0.000 -1E01DM000t
00072 GLU-1A0043_072 f 0.00 -1.000     0  4.75  0 -1  -4.084   0.160   3.497  -0.101  -7.471   0.000 -1E01FM000t
