CONFORMER         crg  vdw0  vdw1  tors  epol  self   occ  Hb     history    ASA
GLU01A0043_001  0.000 -3.78  0.25  3.47  0.00 -0.06 0.516  00  01O000M000  1.018
GLU01A0043_002  0.000 -3.68  0.33  3.27  0.00 -0.09 0.515  00  01E008M000  1.056
GLU01A0043_003  0.000 -3.09  0.09  5.32  0.00  2.31 0.515  00  01E00AM000  1.000
GLU01A0043_004  0.000 -3.83  0.25  0.75  0.00 -2.83 0.516  00  01O000M000  1.028
GLU01A0043_005  0.000 -3.82  0.82  0.54  0.00 -2.46 0.514  00  01E001M000  1.034
GLU01A0043_006  0.000 -3.60  0.34  0.54  0.00 -2.72 0.515  00  01E008M000  1.048
GLU01A0043_007  0.000 -2.71  0.37  2.64  0.00  0.30 0.515  00  01E009M000  1.000
GLU01A0043_008  0.000 -3.05  0.18  2.66  0.00 -0.22 0.515  00  01E00CM000  1.040
GLU01A0043_009  0.000 -3.76  0.41  3.27  0.00 -0.07 0.517  00  01T002M000  1.025
GLU01A0043_010  0.000 -4.59  1.18  6.64  0.00  3.23 0.513  00  01T011M000  1.014
GLU01A0043_011  0.000 -4.28  0.56  3.95  0.00  0.23 0.516  00  01T014M000  1.007
GLU01A0043_012  0.000 -4.35  0.39  3.96  0.00 -0.01 0.513  00  01T018M000  1.021
GLU01A0043_013  0.000 -4.16  0.13  6.29  0.00  2.26 0.514  00  01T01FM000  1.030
GLU01A0043_014  0.000 -3.82  0.82  3.25  0.00  0.25 0.514  00  01T001M000  1.034
GLU01A0043_015  0.000 -2.71  0.37  5.36  0.00  3.02 0.515  00  01T009M000  1.000
GLU01A0043_016  0.000 -3.05  0.18  5.37  0.00  2.50 0.515  00  01T00CM000  1.040
GLU01A0043_017  0.000 -4.35  1.53  4.13  0.00  1.31 0.515  00  01T00FM000  1.008
GLU01A0043_018  0.000 -4.07  0.34  6.27  0.00  2.54 0.514  00  01T015M000  1.000
GLU01A0043_019  0.000 -4.40  0.01  6.28  0.00  1.88 0.513  00  01T016M000  1.097
GLU01A0043_020  0.000 -3.79  0.71  3.05  0.00 -0.03 0.515  00  01T01AM000  1.000
GLU01A0043_021  0.000 -3.42 -0.02  3.14  0.00 -0.30 0.516  00  01T01DM000  1.018
GLU01A0043_022  0.000 -3.76  0.41  0.55  0.00 -2.79 0.517  00  01T002M000  1.025
GLU01A0043_023  0.000 -3.05  0.09  2.65  0.00 -0.31 0.515  00  01T00AM000  1.005
GLU01A0043_024  0.000 -4.58  1.15  3.93  0.00  0.50 0.513  00  01T011M000  1.018
GLU01A0043_025  0.000 -3.54  0.48  0.41  0.00 -2.65 0.514  00  01T013M000  1.036
GLU01A0043_026  0.000 -4.07  0.34  3.55  0.00 -0.18 0.514  00  01T015M000  1.000
GLU01A0043_027  0.000 -4.40  0.01  3.56  0.00 -0.84 0.513  00  01T016M000  1.097
GLU01A0043_028  0.000 -3.81  0.71  0.33  0.00 -2.77 0.515  00  01T01AM000  1.003
GLU01A0043_029  0.000 -3.42 -0.02  0.42  0.00 -3.02 0.516  00  01T01DM000  1.018
GLU02A0043_030  0.000 -4.04  0.24  3.47  0.00 -0.34 0.516  00  02O000M000  1.021
GLU02A0043_031  0.000 -4.05  0.56  3.26  0.00 -0.23 0.514  00  02E001M000  1.041
GLU02A0043_032  0.000 -4.22  0.55  3.99  0.00  0.32 0.516  00  02E014M000  1.000
GLU02A0043_033  0.000 -4.37  0.38  3.98  0.00 -0.01 0.513  00  02E018M000  1.016
GLU02A0043_034  0.000 -3.59 -0.01  3.12  0.00 -0.48 0.516  00  02E01DM000  1.003
GLU02A0043_035  0.000 -4.14  0.15  6.29  0.00  2.29 0.514  00  02E01FM000  1.022
GLU02A0043_036  0.000 -4.08  0.24  0.75  0.00 -3.09 0.516  00  02O000M000  1.029
GLU02A0043_037  0.000 -2.96  0.37  2.65  0.00  0.06 0.515  00  02E009M000  1.000
GLU02A0043_038  0.000 -3.10  0.18  2.66  0.00 -0.25 0.515  00  02E00CM000  1.056
GLU02A0043_039  0.000 -3.66  0.34  3.26  0.00 -0.06 0.515  00  02T008M000  1.031
GLU02A0043_040  0.000 -4.49  1.00  6.63  0.00  3.14 0.513  00  02T011M000  1.000
GLU02A0043_041  0.000 -3.83  0.73  3.01  0.00 -0.09 0.515  00  02T01AM000  1.000
GLU02A0043_042  0.000 -3.82  0.29  3.26  0.00 -0.27 0.517  00  02T002M000  1.014
GLU02A0043_043  0.000 -3.80  0.47  3.25  0.00 -0.08 0.516  00  02T005M000  1.028
GLU02A0043_044  0.000 -2.96  0.38  5.35  0.00  2.76 0.515  00  02T009M000  1.000
GLU02A0043_045  0.000 -3.20  0.09  5.33  0.00  2.22 0.515  00  02T00AM000  1.022
GLU02A0043_046  0.000 -3.09  0.18  5.36  0.00  2.45 0.515  00  02T00CM000  1.056
GLU02A0043_047  0.000 -4.42  1.28  4.13  0.00  0.98 0.515  00  02T00FM000  1.015
GLU02A0043_048  0.000 -4.05  0.33  6.28  0.00  2.57 0.514  00  02T015M000  1.007
GLU02A0043_049  0.000 -4.41  0.01  6.27  0.00  1.86 0.513  00  02T016M000  1.120
GLU02A0043_050  0.000 -3.34  0.09  2.55  0.00 -0.70 0.515  00  02T00AM000  1.000
GLU02A0043_051  0.000 -3.89  0.29  0.54  0.00 -3.06 0.517  00  02T002M000  1.028
GLU02A0043_052  0.000 -3.90  0.47  0.53  0.00 -2.90 0.516  00  02T005M000  1.050
GLU02A0043_053  0.000 -4.42  1.28  1.41  0.00 -1.74 0.515  00  02T00FM000  1.015
GLU02A0043_054  0.000 -4.51  1.06  3.87  0.00  0.42 0.513  00  02T011M000  1.007
GLU02A0043_055  0.000 -4.01  0.33  3.56  0.00 -0.12 0.514  00  02T015M000  1.000
GLU02A0043_056  0.000 -4.41  0.01  3.55  0.00 -0.86 0.513  00  02T016M000  1.120
GLU02A0043_057  0.000 -4.29  0.39  1.19  0.00 -2.71 0.513  00  02T018M000  1.016
GLU02A0043_058  0.000 -3.86  0.82  0.29  0.00 -2.75 0.515  00  02T01AM000  1.008
GLU02A0043_059  0.000 -3.58 -0.01  0.41  0.00 -3.18 0.516  00  02T01DM000  1.003
GLU-1A0043_060 -1.000 -3.97  0.26  0.75  0.00 -2.96 0.516  00  -1O000M000  1.014
GLU-1A0043_061 -1.000 -3.98  0.66  0.52  0.00 -2.81 0.514  00  -1E001M000  1.027
GLU-1A0043_062 -1.000 -3.91  0.37  0.52  0.00 -3.01 0.517  00  -1E002M000  1.025
GLU-1A0043_063 -1.000 -3.04  0.38  2.48  0.00 -0.19 0.515  00  -1E009M000  1.000
GLU-1A0043_064 -1.000 -3.33  0.09  2.52  0.00 -0.72 0.515  00  -1E00AM000  1.007
GLU-1A0043_065 -1.000 -4.39  1.14  3.85  0.00  0.60 0.513  00  -1E011M000  1.000
GLU-1A0043_066 -1.000 -4.25  0.54  1.16  0.00 -2.55 0.516  00  -1E014M000  1.000
GLU-1A0043_067 -1.000 -4.08  0.32  3.48  0.00 -0.28 0.514  00  -1E015M000  1.000
GLU-1A0043_068 -1.000 -4.41 -0.01  3.49  0.00 -0.93 0.513  00  -1E016M000  1.110
GLU-1A0043_069 -1.000 -4.39  0.38  1.17  0.00 -2.85 0.513  00  -1E018M000  1.013
GLU-1A0043_070 -1.000 -3.79  0.70  0.29  0.00 -2.80 0.515  00  -1E01AM000  1.000
GLU-1A0043_071 -1.000 -3.50 -0.00  0.40  0.00 -3.11 0.516  00  -1E01DM000  1.011
GLU-1A0043_072 -1.000 -4.09  0.16  3.50  0.00 -0.43 0.514  00  -1E01FM000  1.023
