   confID        vdw0    sas     sum
GLU01A0043_001   1.159  -4.951  -3.792
GLU01A0043_002   1.160  -4.844  -3.684
GLU01A0043_003   1.720  -4.809  -3.089
GLU01A0043_004   1.159  -5.002  -3.844
GLU01A0043_005   1.117  -4.935  -3.818
GLU01A0043_006   1.286  -4.915  -3.629
GLU01A0043_007   1.803  -4.518  -2.714
GLU01A0043_008   1.803  -4.851  -3.048
GLU01A0043_009   1.032  -4.786  -3.754
GLU01A0043_010   0.390  -4.981  -4.591
GLU01A0043_011   0.396  -4.681  -4.285
GLU01A0043_012   0.395  -4.746  -4.352
GLU01A0043_013   0.696  -4.856  -4.160
GLU01A0043_014   1.117  -4.935  -3.818
GLU01A0043_015   1.803  -4.518  -2.715
GLU01A0043_016   1.803  -4.851  -3.048
GLU01A0043_017   0.409  -4.755  -4.345
GLU01A0043_018   0.723  -4.794  -4.072
GLU01A0043_019   0.760  -5.157  -4.398
GLU01A0043_020   1.052  -4.886  -3.834
GLU01A0043_021   1.262  -4.679  -3.418
GLU01A0043_022   1.032  -4.786  -3.754
GLU01A0043_023   1.686  -4.730  -3.043
GLU01A0043_024   0.405  -4.985  -4.580
GLU01A0043_025   1.255  -4.792  -3.538
GLU01A0043_026   0.723  -4.794  -4.072
GLU01A0043_027   0.760  -5.157  -4.398
GLU01A0043_028   1.052  -4.899  -3.847
GLU01A0043_029   1.262  -4.679  -3.418
GLU02A0043_030   0.970  -5.027  -4.057
GLU02A0043_031   0.882  -4.937  -4.055
GLU02A0043_032   0.384  -4.604  -4.220
GLU02A0043_033   0.386  -4.752  -4.366
GLU02A0043_034   1.018  -4.606  -3.589
GLU02A0043_035   0.672  -4.815  -4.143
GLU02A0043_036   0.970  -5.065  -4.095
GLU02A0043_037   1.670  -4.636  -2.966
GLU02A0043_038   1.659  -4.760  -3.101
GLU02A0043_039   0.981  -4.646  -3.665
GLU02A0043_040   0.398  -4.886  -4.487
GLU02A0043_041   0.917  -4.742  -3.825
GLU02A0043_042   0.893  -4.714  -3.821
GLU02A0043_043   0.997  -4.794  -3.796
GLU02A0043_044   1.671  -4.636  -2.965
GLU02A0043_045   1.627  -4.828  -3.201
GLU02A0043_046   1.666  -4.760  -3.094
GLU02A0043_047   0.399  -4.819  -4.420
GLU02A0043_048   0.684  -4.728  -4.045
GLU02A0043_049   0.735  -5.147  -4.412
GLU02A0043_050   1.431  -4.772  -3.341
GLU02A0043_051   0.893  -4.778  -3.886
GLU02A0043_052   0.997  -4.897  -3.899
GLU02A0043_053   0.399  -4.819  -4.420
GLU02A0043_054   0.411  -4.924  -4.513
GLU02A0043_055   0.684  -4.694  -4.010
GLU02A0043_056   0.735  -5.147  -4.412
GLU02A0043_057   0.409  -4.703  -4.294
GLU02A0043_058   0.914  -4.780  -3.867
GLU02A0043_059   1.051  -4.626  -3.575
GLU-1A0043_060   0.881  -4.869  -3.988
GLU-1A0043_061   0.806  -4.791  -3.985
GLU-1A0043_062   0.804  -4.709  -3.905
GLU-1A0043_063   1.463  -4.508  -3.045
GLU-1A0043_064   1.386  -4.714  -3.328
GLU-1A0043_065   0.305  -4.692  -4.387
GLU-1A0043_066   0.303  -4.551  -4.248
GLU-1A0043_067   0.573  -4.650  -4.077
GLU-1A0043_068   0.604  -5.010  -4.407
GLU-1A0043_069   0.303  -4.693  -4.391
GLU-1A0043_070   0.840  -4.628  -3.788
GLU-1A0043_071   0.958  -4.461  -3.504
GLU-1A0043_072   0.578  -4.663  -4.084
