CONFORMER         crg  vdw0  vdw1  tors  epol  self   occ  Hb     history    ASA
LYS01A0070_001  0.000 -9.15  0.82  1.59  0.00 -6.74 0.502  00  01O000M000  1.000
LYS01A0070_002  0.000 -9.81  0.50  2.62  0.00 -6.69 0.502  00  01E003M000  1.000
LYS01A0070_003  0.000 -7.07  0.08  2.11  0.00 -4.88 0.502  00  01E025M000  1.000
LYS01A0070_004  0.000 -5.49  0.41  2.51  0.00 -2.58 0.502  00  01E02DM000  1.000
LYS01A0070_005  0.000-11.17  0.52  5.15  0.00 -5.50 0.502  00  01E04FM000  1.000
LYS01A0070_006  0.000 -9.79  1.61  4.68  0.00 -3.50 0.501  00  01E07BM000  1.000
LYS01A0070_007  0.000-10.58  1.68  4.75  0.00 -4.15 0.501  00  01E085M000  1.000
LYS01A0070_008  0.000 -9.00  2.00  6.06  0.00 -0.94 0.502  00  01E0C6M000  1.000
LYS01A0070_009  0.000 -5.16  0.36  2.74  0.00 -2.07 0.501  00  01E0E8M000  1.000
LYS01A0070_010  0.000 -8.40  1.34  5.71  0.00 -1.35 0.501  00  01E111M000  1.000
LYS01A0070_011  0.000 -8.61  1.05  6.19  0.00 -1.37 0.502  00  01E113M000  1.000
LYS01A0070_012  0.000 -5.68  0.96  3.12  0.00 -1.61 0.501  00  01E11DM000  1.000
LYS01A0070_013  0.000 -6.61  1.36  2.44  0.00 -2.81 0.502  00  01E130M000  1.000
LYS01A0070_014  0.000 -9.62  2.31  5.07  0.00 -2.24 0.502  00  01E13DM000  1.000
LYS01A0070_015  0.000 -9.66  1.45  2.09  0.00 -6.12 0.502  00  01T011M000  1.000
LYS01A0070_016  0.000 -8.64 -0.00  2.00  0.00 -6.64 0.501  00  01T018M000  1.000
LYS01A0070_017  0.000 -8.83  0.34  3.34  0.00 -5.15 0.502  00  01T01BM000  1.000
LYS01A0070_018  0.000-10.04  0.66  4.85  0.00 -4.52 0.502  00  01T069M000  1.000
LYS01A0070_019  0.000 -8.72  0.61  1.84  0.00 -6.27 0.502  00  01T093M000  1.000
LYS01A0070_020  0.000 -9.50  0.52  6.09  0.00 -2.89 0.501  00  01T0ACM000  1.000
LYS+1A0070_021  1.000 -9.23  0.81  1.59  0.00 -6.82 0.502  00  +1O000M000  1.000
LYS+1A0070_022  1.000 -8.76 -0.02  2.01  0.00 -6.76 0.501  00  +1E018M000  1.000
LYS+1A0070_023  1.000 -8.99  0.33  3.38  0.00 -5.28 0.502  00  +1E01BM000  1.000
LYS+1A0070_024  1.000-11.17  0.53  5.22  0.00 -5.42 0.502  00  +1E04FM000  1.000
LYS+1A0070_025  1.000 -8.86  0.61  1.86  0.00 -6.39 0.502  00  +1E093M000  1.000
LYS+1A0070_026  1.000 -5.27  0.35  2.75  0.00 -2.18 0.501  00  +1E0E8M000  1.000
LYS+1A0070_027  1.000 -8.52  1.04  6.20  0.00 -1.28 0.502  00  +1E113M000  1.000
LYS+1A0070_028  1.000 -5.77  0.93  3.12  0.00 -1.71 0.501  00  +1E11DM000  1.000
LYS+1A0070_029  1.000 -9.66  2.31  5.07  0.00 -2.28 0.502  00  +1E13DM000  1.000
LYS+1A0070_030  1.000 -9.91  0.50  2.64  0.00 -6.76 0.502  00  +1T003M000  1.000
LYS+1A0070_031  1.000 -9.78  1.44  2.08  0.00 -6.25 0.502  00  +1T011M000  1.000
LYS+1A0070_032  1.000 -7.06  0.06  2.12  0.00 -4.88 0.502  00  +1T025M000  1.000
LYS+1A0070_033  1.000 -5.43  0.38  2.52  0.00 -2.53 0.502  00  +1T02DM000  1.000
LYS+1A0070_034  1.000-10.01  0.66  4.88  0.00 -4.47 0.502  00  +1T069M000  1.000
LYS+1A0070_035  1.000 -9.86  1.60  4.68  0.00 -3.58 0.501  00  +1T07BM000  1.000
LYS+1A0070_036  1.000-10.62  1.70  4.76  0.00 -4.17 0.501  00  +1T085M000  1.000
LYS+1A0070_037  1.000 -9.43  0.52  6.10  0.00 -2.81 0.501  00  +1T0ACM000  1.000
LYS+1A0070_038  1.000 -9.19  2.00  6.08  0.00 -1.11 0.502  00  +1T0C6M000  1.000
LYS+1A0070_039  1.000 -8.43  1.35  5.72  0.00 -1.37 0.501  00  +1T111M000  1.000
LYS+1A0070_040  1.000 -6.63  1.37  2.44  0.00 -2.82 0.502  00  +1T130M000  1.000
