iConf CONFORMER     FL  occ    crg   Em0  pKa0 ne nH    vdw0    vdw1    tors    epol   dsolv   extra    history
00001 LYS01A0070_001 f 0.00  0.000     0  0.00  0  0  -9.162   0.826   1.592  -0.014  -0.406   0.000 01O000M000t
00002 LYS01A0070_002 f 0.00  0.000     0  0.00  0  0  -9.812   0.502   2.618  -0.002  -0.400   0.000 01E003M000t
00003 LYS01A0070_003 f 0.00  0.000     0  0.00  0  0  -7.132   0.081   2.113  -0.021  -0.393   0.000 01E025M000t
00004 LYS01A0070_004 f 0.00  0.000     0  0.00  0  0  -5.435   0.403   2.506  -0.005  -0.383   0.000 01E02DM000t
00005 LYS01A0070_005 f 0.00  0.000     0  0.00  0  0 -11.172   0.522   5.148  -0.006  -0.432   0.000 01E04FM000t
00006 LYS01A0070_006 f 0.00  0.000     0  0.00  0  0  -9.787   1.603   4.677  -0.007  -0.392   0.000 01E07BM000t
00007 LYS01A0070_007 f 0.00  0.000     0  0.00  0  0 -10.573   1.675   4.752  -0.011  -0.402   0.000 01E085M000t
00008 LYS01A0070_008 f 0.00  0.000     0  0.00  0  0  -9.006   1.997   6.061  -0.006  -0.415   0.000 01E0C6M000t
00009 LYS01A0070_009 f 0.00  0.000     0  0.00  0  0  -5.161   0.355   2.740  -0.018  -0.405   0.000 01E0E8M000t
00010 LYS01A0070_010 f 0.00  0.000     0  0.00  0  0  -8.403   1.345   5.712  -0.004  -0.413   0.000 01E111M000t
00011 LYS01A0070_011 f 0.00  0.000     0  0.00  0  0  -8.605   1.044   6.188  -0.002  -0.399   0.000 01E113M000t
00012 LYS01A0070_012 f 0.00  0.000     0  0.00  0  0  -5.683   0.953   3.114   0.001  -0.372   0.000 01E11DM000t
00013 LYS01A0070_013 f 0.00  0.000     0  0.00  0  0  -6.618   1.354   2.442  -0.005  -0.413   0.000 01E130M000t
00014 LYS01A0070_014 f 0.00  0.000     0  0.00  0  0  -9.614   2.309   5.068  -0.005  -0.419   0.000 01E13DM000t
00015 LYS01A0070_015 f 0.00  0.000     0  0.00  0  0  -9.666   1.455   2.086  -0.015  -0.388   0.000 01T011M000t
00016 LYS01A0070_016 f 0.00  0.000     0  0.00  0  0  -8.630  -0.003   1.997  -0.003  -0.394   0.000 01T018M000t
00017 LYS01A0070_017 f 0.00  0.000     0  0.00  0  0  -8.841   0.344   3.344  -0.003  -0.373   0.000 01T01BM000t
00018 LYS01A0070_018 f 0.00  0.000     0  0.00  0  0 -10.037   0.659   4.854  -0.003  -0.397   0.000 01T069M000t
00019 LYS01A0070_019 f 0.00  0.000     0  0.00  0  0  -8.715   0.603   1.842   0.001  -0.391   0.000 01T093M000t
00020 LYS01A0070_020 f 0.00  0.000     0  0.00  0  0  -9.483   0.515   6.088  -0.008  -0.466   0.000 01T0ACM000t
00021 LYS+1A0070_021 f 0.00  1.000     0 10.40  0  1  -9.237   0.818   1.592   0.029  -5.814   0.000 +1O000M000t
00022 LYS+1A0070_022 f 0.00  1.000     0 10.40  0  1  -8.757  -0.017   2.014   0.063  -5.712   0.000 +1E018M000t
00023 LYS+1A0070_023 f 0.00  1.000     0 10.40  0  1  -8.991   0.329   3.383   0.121  -5.695   0.000 +1E01BM000t
00024 LYS+1A0070_024 f 0.00  1.000     0 10.40  0  1 -11.170   0.528   5.227   0.015  -5.901   0.000 +1E04FM000t
00025 LYS+1A0070_025 f 0.00  1.000     0 10.40  0  1  -8.856   0.613   1.857   0.070  -5.834   0.000 +1E093M000t
00026 LYS+1A0070_026 f 0.00  1.000     0 10.40  0  1  -5.255   0.348   2.747   0.106  -5.778   0.000 +1E0E8M000t
00027 LYS+1A0070_027 f 0.00  1.000     0 10.40  0  1  -8.530   1.044   6.198  -0.030  -5.855   0.000 +1E113M000t
00028 LYS+1A0070_028 f 0.00  1.000     0 10.40  0  1  -5.752   0.925   3.124   0.004  -5.733   0.000 +1E11DM000t
00029 LYS+1A0070_029 f 0.00  1.000     0 10.40  0  1  -9.660   2.310   5.074   0.047  -5.892   0.000 +1E13DM000t
00030 LYS+1A0070_030 f 0.00  1.000     0 10.40  0  1  -9.901   0.502   2.644   0.054  -5.824   0.000 +1T003M000t
00031 LYS+1A0070_031 f 0.00  1.000     0 10.40  0  1  -9.732   1.434   2.084   0.145  -5.742   0.000 +1T011M000t
00032 LYS+1A0070_032 f 0.00  1.000     0 10.40  0  1  -7.060   0.060   2.125   0.093  -5.645   0.000 +1T025M000t
00033 LYS+1A0070_033 f 0.00  1.000     0 10.40  0  1  -5.432   0.379   2.524  -0.077  -5.784   0.000 +1T02DM000t
00034 LYS+1A0070_034 f 0.00  1.000     0 10.40  0  1 -10.012   0.657   4.877  -0.014  -5.895   0.000 +1T069M000t
00035 LYS+1A0070_035 f 0.00  1.000     0 10.40  0  1  -9.865   1.599   4.682   0.039  -5.897   0.000 +1T07BM000t
00036 LYS+1A0070_036 f 0.00  1.000     0 10.40  0  1 -10.622   1.699   4.758   0.060  -5.896   0.000 +1T085M000t
00037 LYS+1A0070_037 f 0.00  1.000     0 10.40  0  1  -9.435   0.517   6.103   0.039  -5.909   0.000 +1T0ACM000t
00038 LYS+1A0070_038 f 0.00  1.000     0 10.40  0  1  -9.190   2.001   6.080   0.043  -5.904   0.000 +1T0C6M000t
00039 LYS+1A0070_039 f 0.00  1.000     0 10.40  0  1  -8.435   1.342   5.719   0.025  -5.905   0.000 +1T111M000t
00040 LYS+1A0070_040 f 0.00  1.000     0 10.40  0  1  -6.639   1.365   2.443   0.026  -5.953   0.000 +1T130M000t
