   confID        vdw0    sas     sum
LYS01A0070_001   2.793 -11.955  -9.162
LYS01A0070_002   2.282 -12.094  -9.812
LYS01A0070_003   4.484 -11.616  -7.132
LYS01A0070_004   6.750 -12.184  -5.435
LYS01A0070_005   1.542 -12.714 -11.172
LYS01A0070_006   2.377 -12.164  -9.787
LYS01A0070_007   2.386 -12.959 -10.573
LYS01A0070_008   3.312 -12.318  -9.006
LYS01A0070_009   6.589 -11.750  -5.161
LYS01A0070_010   4.104 -12.508  -8.403
LYS01A0070_011   3.787 -12.392  -8.605
LYS01A0070_012   6.067 -11.750  -5.683
LYS01A0070_013   5.555 -12.173  -6.618
LYS01A0070_014   3.049 -12.662  -9.614
LYS01A0070_015   2.902 -12.568  -9.666
LYS01A0070_016   3.278 -11.908  -8.630
LYS01A0070_017   3.508 -12.349  -8.841
LYS01A0070_018   2.400 -12.437 -10.037
LYS01A0070_019   3.427 -12.143  -8.715
LYS01A0070_020   3.325 -12.807  -9.483
LYS+1A0070_021   2.719 -11.955  -9.237
LYS+1A0070_022   3.151 -11.908  -8.757
LYS+1A0070_023   3.409 -12.401  -8.991
LYS+1A0070_024   1.509 -12.679 -11.170
LYS+1A0070_025   3.377 -12.233  -8.856
LYS+1A0070_026   6.547 -11.801  -5.255
LYS+1A0070_027   3.756 -12.286  -8.530
LYS+1A0070_028   6.088 -11.840  -5.752
LYS+1A0070_029   3.003 -12.662  -9.660
LYS+1A0070_030   2.270 -12.171  -9.901
LYS+1A0070_031   2.836 -12.568  -9.732
LYS+1A0070_032   4.437 -11.497  -7.060
LYS+1A0070_033   6.724 -12.155  -5.432
LYS+1A0070_034   2.335 -12.347 -10.012
LYS+1A0070_035   2.315 -12.180  -9.865
LYS+1A0070_036   2.337 -12.959 -10.622
LYS+1A0070_037   3.266 -12.701  -9.435
LYS+1A0070_038   3.276 -12.466  -9.190
LYS+1A0070_039   4.086 -12.520  -8.435
LYS+1A0070_040   5.534 -12.173  -6.639
