CONFORMER         crg  vdw0  vdw1  tors  epol  self   occ  Hb     history    ASA
MET01A0098_001  0.000-11.26  0.87  2.25  0.00 -8.14 0.506  00  01O000M000  1.000
MET01A0098_002  0.000-11.62  1.17  3.01  0.00 -7.43 0.506  00  01R001M000  1.000
MET01A0098_003  0.000-10.75  5.34  2.50  0.00 -2.91 0.505  00  01R003M000  1.000
MET01A0098_004  0.000-11.65  4.56  2.40  0.00 -4.69 0.506  00  01R005M000  1.000
MET01A0098_005  0.000-10.75  0.95  2.71  0.00 -7.09 0.506  00  01R006M000  1.000
MET01A0098_006  0.000-11.39  3.00  2.06  0.00 -6.33 0.506  00  01R00AM000  1.000
MET01A0098_007  0.000-11.81  1.19  4.89  0.00 -5.73 0.507  00  01R015M000  1.000
MET01A0098_008  0.000-12.03  1.26  3.01  0.00 -7.76 0.507  00  01R016M000  1.000
MET01A0098_009  0.000 -6.83  2.00  2.25  0.00 -2.58 0.506  00  01R018M000  1.000
MET01A0098_010  0.000-11.58  1.95  3.98  0.00 -5.65 0.505  00  01R019M000  1.000
MET01A0098_011  0.000-11.49  2.00  3.94  0.00 -5.56 0.506  00  01R01BM000  1.000
MET01A0098_012  0.000-11.73  5.59  4.37  0.00 -1.77 0.506  00  01R01EM000  1.000
MET01A0098_013  0.000-12.54  0.93  2.25  0.00 -9.36 0.507  00  01R028M000  1.000
MET01A0098_014  0.000-12.01  0.73  4.12  0.00 -7.15 0.506  00  01R029M000  1.000
MET01A0098_015  0.000-11.50  1.11  4.59  0.00 -5.80 0.506  00  01R02DM000  1.000
MET01A0098_016  0.000-11.64  2.02  3.12  0.00 -6.50 0.505  00  01R03FM000  1.000
MET01A0098_017  0.000-11.68  2.29  2.11  0.00 -7.28 0.505  00  01R050M000  1.000
MET01A0098_018  0.000-11.63  8.40  3.19  0.00 -0.04 0.507  00  01R052M000  1.000
MET01A0098_019  0.000-11.84  7.17  2.33  0.00 -2.34 0.506  00  01T005M000  1.000
MET01A0098_020  0.000-12.08  4.51  4.15  0.00 -3.41 0.506  00  01T041M000  1.000
MET01A0098_021  0.000-11.75  4.84  4.27  0.00 -2.64 0.507  00  01T048M000  1.000
