iConf CONFORMER     FL  occ    crg   Em0  pKa0 ne nH    vdw0    vdw1    tors    epol   dsolv   extra    history
00001 MET01A0098_001 f 0.00  0.000     0  0.00  0  0 -11.258   0.869   2.246   0.016  -0.008   0.000 01O000M000t
00002 MET01A0098_002 f 0.00  0.000     0  0.00  0  0 -11.618   1.176   3.009   0.007  -0.008   0.000 01R001M000t
00003 MET01A0098_003 f 0.00  0.000     0  0.00  0  0 -10.748   5.333   2.500  -0.002  -0.008   0.000 01R003M000t
00004 MET01A0098_004 f 0.00  0.000     0  0.00  0  0 -11.651   4.562   2.401   0.015  -0.008   0.000 01R005M000t
00005 MET01A0098_005 f 0.00  0.000     0  0.00  0  0 -10.755   0.953   2.712   0.016  -0.008   0.000 01R006M000t
00006 MET01A0098_006 f 0.00  0.000     0  0.00  0  0 -11.389   2.996   2.061  -0.001  -0.008   0.000 01R00AM000t
00007 MET01A0098_007 f 0.00  0.000     0  0.00  0  0 -11.809   1.191   4.888   0.012  -0.008   0.000 01R015M000t
00008 MET01A0098_008 f 0.00  0.000     0  0.00  0  0 -12.024   1.259   3.009   0.010  -0.008   0.000 01R016M000t
00009 MET01A0098_009 f 0.00  0.000     0  0.00  0  0  -6.821   2.001   2.244   0.010  -0.008   0.000 01R018M000t
00010 MET01A0098_010 f 0.00  0.000     0  0.00  0  0 -11.580   1.953   3.986   0.008  -0.008   0.000 01R019M000t
00011 MET01A0098_011 f 0.00  0.000     0  0.00  0  0 -11.493   1.994   3.938   0.004  -0.008   0.000 01R01BM000t
00012 MET01A0098_012 f 0.00  0.000     0  0.00  0  0 -11.725   5.595   4.369  -0.005  -0.008   0.000 01R01EM000t
00013 MET01A0098_013 f 0.00  0.000     0  0.00  0  0 -12.537   0.928   2.247   0.006  -0.008   0.000 01R028M000t
00014 MET01A0098_014 f 0.00  0.000     0  0.00  0  0 -12.008   0.736   4.125   0.011  -0.008   0.000 01R029M000t
00015 MET01A0098_015 f 0.00  0.000     0  0.00  0  0 -11.503   1.111   4.591   0.015  -0.008   0.000 01R02DM000t
00016 MET01A0098_016 f 0.00  0.000     0  0.00  0  0 -11.636   2.014   3.115   0.003  -0.008   0.000 01R03FM000t
00017 MET01A0098_017 f 0.00  0.000     0  0.00  0  0 -11.675   2.290   2.109  -0.000  -0.008   0.000 01R050M000t
00018 MET01A0098_018 f 0.00  0.000     0  0.00  0  0 -11.624   8.412   3.184   0.039  -0.008   0.000 01R052M000t
00019 MET01A0098_019 f 0.00  0.000     0  0.00  0  0 -11.841   7.185   2.325   0.015  -0.008   0.000 01T005M000t
00020 MET01A0098_020 f 0.00  0.000     0  0.00  0  0 -12.076   4.513   4.151  -0.003  -0.008   0.000 01T041M000t
00021 MET01A0098_021 f 0.00  0.000     0  0.00  0  0 -11.681   4.846   4.267   0.012  -0.008   0.000 01T048M000t
