   confID        vdw0    sas     sum
MET01A0098_001   0.117 -11.375 -11.258
MET01A0098_002   0.117 -11.735 -11.618
MET01A0098_003   0.184 -10.932 -10.748
MET01A0098_004   0.093 -11.744 -11.651
MET01A0098_005   0.938 -11.692 -10.755
MET01A0098_006   0.208 -11.597 -11.389
MET01A0098_007   0.146 -11.955 -11.809
MET01A0098_008   0.010 -12.035 -12.024
MET01A0098_009   4.568 -11.389  -6.821
MET01A0098_010   0.144 -11.724 -11.580
MET01A0098_011   0.152 -11.645 -11.493
MET01A0098_012   0.146 -11.871 -11.725
MET01A0098_013  -0.002 -12.535 -12.537
MET01A0098_014   0.174 -12.182 -12.008
MET01A0098_015   0.230 -11.733 -11.503
MET01A0098_016   0.115 -11.752 -11.636
MET01A0098_017  -0.063 -11.612 -11.675
MET01A0098_018   0.040 -11.664 -11.624
MET01A0098_019   0.115 -11.956 -11.841
MET01A0098_020   0.173 -12.249 -12.076
MET01A0098_021   0.161 -11.842 -11.681
