CONFORMER         crg  vdw0  vdw1  tors  epol  self   occ  Hb     history    ASA
LYS01A0084_001  0.000-10.62  1.15  1.23  0.00 -8.23 0.502  00  01O000M000  1.000
LYS01A0084_002  0.000 -9.90  1.30  1.52  0.00 -7.08 0.502  00  01E006M000  1.000
LYS01A0084_003  0.000 -8.54  1.04  1.22  0.00 -6.27 0.502  00  01E012M000  1.000
LYS01A0084_004  0.000 -8.41  1.14  3.60  0.00 -3.67 0.502  00  01E019M000  1.000
LYS01A0084_005  0.000 -8.00  0.91  0.98  0.00 -6.10 0.503  00  01E01DM000  1.000
LYS01A0084_006  0.000 -9.00  1.46  1.58  0.00 -5.96 0.503  00  01E04AM000  1.000
LYS01A0084_007  0.000 -9.18  2.18  3.65  0.00 -3.35 0.502  00  01E063M000  1.000
LYS01A0084_008  0.000 -9.43  3.54  3.22  0.00 -2.66 0.502  00  01E069M000  1.000
LYS01A0084_009  0.000-11.22  6.81  2.54  0.00 -1.87 0.503  00  01E070M000  1.000
LYS01A0084_010  0.000 -7.54  0.96  1.05  0.00 -5.53 0.502  00  01E07AM000  1.000
LYS01A0084_011  0.000 -8.04  0.93  1.64  0.00 -5.46 0.503  00  01E0A0M000  1.000
LYS01A0084_012  0.000 -7.86  0.91  1.51  0.00 -5.44 0.502  00  01E0AAM000  1.000
LYS01A0084_013  0.000 -8.63  4.41  3.52  0.00 -0.70 0.503  00  01E0B7M000  1.000
LYS01A0084_014  0.000 -7.67  4.12  1.74  0.00 -1.81 0.501  00  01E0BCM000  1.000
LYS01A0084_015  0.000 -8.94  1.41  2.96  0.00 -4.57 0.503  00  01T050M000  1.000
LYS01A0084_016  0.000 -9.24  3.01  3.12  0.00 -3.11 0.503  00  01T06CM000  1.000
LYS01A0084_017  0.000 -8.66  0.95  5.71  0.00 -2.00 0.502  00  01T09AM000  1.000
LYS01A0084_018  0.000 -8.31  4.26  3.69  0.00 -0.36 0.503  00  01T0B4M000  1.000
LYS01A0084_019  0.000 -8.36  1.77  5.89  0.00 -0.70 0.502  00  01T0CFM000  1.000
LYS+1A0084_020  1.000-10.66  1.15  1.23  0.00 -8.28 0.502  00  +1O000M000  1.000
LYS+1A0084_021  1.000 -8.72  1.04  1.24  0.00 -6.44 0.502  00  +1E012M000  1.000
LYS+1A0084_022  1.000 -8.38  1.13  3.61  0.00 -3.64 0.502  00  +1E019M000  1.000
LYS+1A0084_023  1.000 -7.92  0.91  0.99  0.00 -6.02 0.503  00  +1E01DM000  1.000
LYS+1A0084_024  1.000 -9.39  1.35  2.95  0.00 -5.08 0.502  00  +1E04DM000  1.000
LYS+1A0084_025  1.000 -9.46  3.60  3.28  0.00 -2.58 0.502  00  +1E069M000  1.000
LYS+1A0084_026  1.000 -9.37  2.97  3.27  0.00 -3.14 0.503  00  +1E06CM000  1.000
LYS+1A0084_027  1.000 -7.54  0.95  1.06  0.00 -5.53 0.502  00  +1E07AM000  1.000
LYS+1A0084_028  1.000 -8.12  0.93  1.66  0.00 -5.53 0.503  00  +1E0A0M000  1.000
LYS+1A0084_029  1.000 -8.22  4.26  3.74  0.00 -0.22 0.503  00  +1E0B4M000  1.000
LYS+1A0084_030  1.000 -8.66  4.37  3.58  0.00 -0.71 0.503  00  +1E0B7M000  1.000
LYS+1A0084_031  1.000 -7.78  4.17  1.75  0.00 -1.86 0.501  00  +1E0BCM000  1.000
LYS+1A0084_032  1.000 -9.98  1.30  1.53  0.00 -7.14 0.502  00  +1T006M000  1.000
LYS+1A0084_033  1.000 -9.12  1.46  1.59  0.00 -6.08 0.503  00  +1T04AM000  1.000
LYS+1A0084_034  1.000 -9.01  1.42  3.11  0.00 -4.48 0.503  00  +1T050M000  1.000
LYS+1A0084_035  1.000 -9.27  2.17  3.66  0.00 -3.44 0.502  00  +1T063M000  1.000
LYS+1A0084_036  1.000-11.32  6.81  2.66  0.00 -1.85 0.503  00  +1T070M000  1.000
LYS+1A0084_037  1.000 -8.60  0.94  5.79  0.00 -1.87 0.502  00  +1T09AM000  1.000
LYS+1A0084_038  1.000 -7.99  0.91  1.52  0.00 -5.57 0.502  00  +1T0AAM000  1.000
LYS+1A0084_039  1.000 -8.28  1.78  6.00  0.00 -0.50 0.502  00  +1T0CFM000  1.000
