iConf CONFORMER     FL  occ    crg   Em0  pKa0 ne nH    vdw0    vdw1    tors    epol   dsolv   extra    history
00001 LYS01A0084_001 f 0.00  0.000     0  0.00  0  0 -10.620   1.151   1.233  -0.004  -0.213   0.000 01O000M000t
00002 LYS01A0084_002 f 0.00  0.000     0  0.00  0  0  -9.901   1.301   1.524  -0.006  -0.213   0.000 01E006M000t
00003 LYS01A0084_003 f 0.00  0.000     0  0.00  0  0  -8.538   1.045   1.222  -0.009  -0.212   0.000 01E012M000t
00004 LYS01A0084_004 f 0.00  0.000     0  0.00  0  0  -8.406   1.136   3.602  -0.007  -0.227   0.000 01E019M000t
00005 LYS01A0084_005 f 0.00  0.000     0  0.00  0  0  -7.997   0.965   0.980  -0.007  -0.209   0.000 01E01DM000t
00006 LYS01A0084_006 f 0.00  0.000     0  0.00  0  0  -8.995   1.454   1.582  -0.001  -0.209   0.000 01E04AM000t
00007 LYS01A0084_007 f 0.00  0.000     0  0.00  0  0  -9.180   2.179   3.650  -0.012  -0.192   0.000 01E063M000t
00008 LYS01A0084_008 f 0.00  0.000     0  0.00  0  0  -9.428   3.589   3.218  -0.005  -0.209   0.000 01E069M000t
00009 LYS01A0084_009 f 0.00  0.000     0  0.00  0  0 -11.220   6.863   2.537  -0.012  -0.204   0.000 01E070M000t
00010 LYS01A0084_010 f 0.00  0.000     0  0.00  0  0  -7.536   0.959   1.046  -0.016  -0.210   0.000 01E07AM000t
00011 LYS01A0084_011 f 0.00  0.000     0  0.00  0  0  -8.031   1.031   1.643   0.002  -0.217   0.000 01E0A0M000t
00012 LYS01A0084_012 f 0.00  0.000     0  0.00  0  0  -7.860   1.011   1.510  -0.007  -0.194   0.000 01E0AAM000t
00013 LYS01A0084_013 f 0.00  0.000     0  0.00  0  0  -8.634   4.399   3.521  -0.002  -0.199   0.000 01E0B7M000t
00014 LYS01A0084_014 f 0.00  0.000     0  0.00  0  0  -7.678   4.120   1.740  -0.007  -0.194   0.000 01E0BCM000t
00015 LYS01A0084_015 f 0.00  0.000     0  0.00  0  0  -8.940   1.411   2.954  -0.012  -0.199   0.000 01T050M000t
00016 LYS01A0084_016 f 0.00  0.000     0  0.00  0  0  -9.190   3.059   3.123  -0.007  -0.203   0.000 01T06CM000t
00017 LYS01A0084_017 f 0.00  0.000     0  0.00  0  0  -8.657   0.998   5.710  -0.007  -0.207   0.000 01T09AM000t
00018 LYS01A0084_018 f 0.00  0.000     0  0.00  0  0  -8.317   4.270   3.693   0.013  -0.208   0.000 01T0B4M000t
00019 LYS01A0084_019 f 0.00  0.000     0  0.00  0  0  -8.367   1.767   5.889  -0.007  -0.210   0.000 01T0CFM000t
00020 LYS+1A0084_020 f 0.00  1.000     0 10.40  0  1 -10.668   1.151   1.233   0.026  -3.104   0.000 +1O000M000t
00021 LYS+1A0084_021 f 0.00  1.000     0 10.40  0  1  -8.723   1.045   1.241   0.048  -3.094   0.000 +1E012M000t
00022 LYS+1A0084_022 f 0.00  1.000     0 10.40  0  1  -8.380   1.135   3.610   0.031  -3.092   0.000 +1E019M000t
00023 LYS+1A0084_023 f 0.00  1.000     0 10.40  0  1  -7.925   0.955   0.989   0.028  -3.088   0.000 +1E01DM000t
00024 LYS+1A0084_024 f 0.00  1.000     0 10.40  0  1  -9.382   1.346   2.954   0.022  -3.102   0.000 +1E04DM000t
00025 LYS+1A0084_025 f 0.00  1.000     0 10.40  0  1  -9.464   3.637   3.280   0.039  -3.115   0.000 +1E069M000t
00026 LYS+1A0084_026 f 0.00  1.000     0 10.40  0  1  -9.377   3.018   3.266   0.033  -3.093   0.000 +1E06CM000t
00027 LYS+1A0084_027 f 0.00  1.000     0 10.40  0  1  -7.539   0.950   1.056   0.005  -3.042   0.000 +1E07AM000t
00028 LYS+1A0084_028 f 0.00  1.000     0 10.40  0  1  -8.120   1.034   1.654   0.064  -3.057   0.000 +1E0A0M000t
00029 LYS+1A0084_029 f 0.00  1.000     0 10.40  0  1  -8.288   4.259   3.745  -0.072  -3.077   0.000 +1E0B4M000t
00030 LYS+1A0084_030 f 0.00  1.000     0 10.40  0  1  -8.649   4.364   3.584   0.063  -3.032   0.000 +1E0B7M000t
00031 LYS+1A0084_031 f 0.00  1.000     0 10.40  0  1  -7.775   4.178   1.748  -0.022  -3.043   0.000 +1E0BCM000t
00032 LYS+1A0084_032 f 0.00  1.000     0 10.40  0  1  -9.979   1.303   1.534   0.009  -3.097   0.000 +1T006M000t
00033 LYS+1A0084_033 f 0.00  1.000     0 10.40  0  1  -9.128   1.459   1.589   0.061  -3.042   0.000 +1T04AM000t
00034 LYS+1A0084_034 f 0.00  1.000     0 10.40  0  1  -9.047   1.418   3.108   0.021  -3.065   0.000 +1T050M000t
00035 LYS+1A0084_035 f 0.00  1.000     0 10.40  0  1  -9.270   2.164   3.660   0.021  -3.035   0.000 +1T063M000t
00036 LYS+1A0084_036 f 0.00  1.000     0 10.40  0  1 -11.322   6.844   2.657   0.047  -3.072   0.000 +1T070M000t
00037 LYS+1A0084_037 f 0.00  1.000     0 10.40  0  1  -8.595   0.999   5.787  -0.025  -3.073   0.000 +1T09AM000t
00038 LYS+1A0084_038 f 0.00  1.000     0 10.40  0  1  -7.995   1.013   1.516   0.018  -3.021   0.000 +1T0AAM000t
00039 LYS+1A0084_039 f 0.00  1.000     0 10.40  0  1  -8.278   1.776   5.997   0.025  -3.071   0.000 +1T0CFM000t
