   confID        vdw0    sas     sum
LYS01A0084_001   1.544 -12.164 -10.620
LYS01A0084_002   2.471 -12.372  -9.901
LYS01A0084_003   3.259 -11.797  -8.538
LYS01A0084_004   3.716 -12.121  -8.406
LYS01A0084_005   4.105 -12.102  -7.997
LYS01A0084_006   3.241 -12.235  -8.995
LYS01A0084_007   2.756 -11.936  -9.180
LYS01A0084_008   2.780 -12.209  -9.428
LYS01A0084_009   1.418 -12.638 -11.220
LYS01A0084_010   4.313 -11.850  -7.536
LYS01A0084_011   4.137 -12.168  -8.031
LYS01A0084_012   4.148 -12.008  -7.860
LYS01A0084_013   3.816 -12.451  -8.634
LYS01A0084_014   4.660 -12.338  -7.678
LYS01A0084_015   2.893 -11.834  -8.940
LYS01A0084_016   2.901 -12.090  -9.190
LYS01A0084_017   3.790 -12.447  -8.657
LYS01A0084_018   3.989 -12.305  -8.317
LYS01A0084_019   3.749 -12.116  -8.367
LYS+1A0084_020   1.496 -12.164 -10.668
LYS+1A0084_021   3.141 -11.864  -8.723
LYS+1A0084_022   3.742 -12.121  -8.380
LYS+1A0084_023   4.125 -12.051  -7.925
LYS+1A0084_024   2.839 -12.221  -9.382
LYS+1A0084_025   2.744 -12.209  -9.464
LYS+1A0084_026   2.819 -12.197  -9.377
LYS+1A0084_027   4.259 -11.798  -7.539
LYS+1A0084_028   4.048 -12.168  -8.120
LYS+1A0084_029   3.950 -12.238  -8.288
LYS+1A0084_030   3.802 -12.451  -8.649
LYS+1A0084_031   4.682 -12.457  -7.775
LYS+1A0084_032   2.445 -12.424  -9.979
LYS+1A0084_033   3.159 -12.287  -9.128
LYS+1A0084_034   2.809 -11.856  -9.047
LYS+1A0084_035   2.756 -12.027  -9.270
LYS+1A0084_036   1.354 -12.676 -11.322
LYS+1A0084_037   3.785 -12.379  -8.595
LYS+1A0084_038   4.064 -12.059  -7.995
LYS+1A0084_039   3.716 -11.994  -8.278
