CONFORMER         crg  vdw0  vdw1  tors  epol  self   occ  Hb     history    ASA
GLU01A0129_001  0.000 -4.02  0.61  4.10  0.00  0.69 0.535  00  01O000M000  1.000
GLU01A0129_002  0.000 -4.07  1.03  6.23  0.00  3.19 0.536  00  01E004M000  1.000
GLU01A0129_003  0.000 -4.02  0.61  1.38  0.00 -2.03 0.535  00  01O000M000  1.000
GLU01A0129_004  0.000 -2.99  1.34  0.47  0.00 -1.18 0.538  00  01E00CM000  1.029
GLU01A0129_005  0.000 -3.48  1.51  0.59  0.00 -1.39 0.535  00  01E00DM000  1.019
GLU01A0129_006  0.000 -4.21  1.22  3.94  0.00  0.96 0.535  00  01T001M000  1.026
GLU01A0129_007  0.000 -4.50  2.76  4.04  0.00  2.31 0.538  00  01T005M000  1.055
GLU01A0129_008  0.000 -2.46  0.66  3.11  0.00  1.32 0.535  00  01T007M000  1.003
GLU01A0129_009  0.000 -4.06  0.53  3.83  0.00  0.29 0.534  00  01T003M000  1.027
GLU01A0129_010  0.000 -2.48  1.16  3.09  0.00  1.77 0.535  00  01T009M000  1.000
GLU01A0129_011  0.000 -2.57  1.30  3.09  0.00  1.82 0.536  00  01T00BM000  1.023
GLU01A0129_012  0.000 -2.99  1.34  3.19  0.00  1.54 0.538  00  01T00CM000  1.029
GLU01A0129_013  0.000 -2.52  1.17  0.37  0.00 -0.98 0.535  00  01T009M000  1.003
GLU01A0129_014  0.000 -4.06  0.53  1.11  0.00 -2.43 0.534  00  01T003M000  1.027
GLU01A0129_015  0.000 -3.95  1.01  3.45  0.00  0.51 0.536  00  01T004M000  1.000
GLU01A0129_016  0.000 -2.57  1.30  0.37  0.00 -0.90 0.536  00  01T00BM000  1.023
GLU02A0129_017  0.000 -4.02  0.61  4.10  0.00  0.69 0.535  00  02O000M000  1.000
GLU02A0129_018  0.000 -1.92  0.65  3.11  0.00  1.85 0.535  00  02E007M000  1.009
GLU02A0129_019  0.000 -2.03  1.29  3.09  0.00  2.36 0.536  00  02E00BM000  1.000
GLU02A0129_020  0.000 -4.02  0.61  1.38  0.00 -2.03 0.535  00  02O000M000  1.000
GLU02A0129_021  0.000 -2.07  1.16  0.37  0.00 -0.54 0.535  00  02E009M000  1.000
GLU02A0129_022  0.000 -4.31  1.33  3.99  0.00  1.01 0.535  00  02T002M000  1.050
GLU02A0129_023  0.000 -4.18  0.59  3.87  0.00  0.29 0.534  00  02T003M000  1.008
GLU02A0129_024  0.000 -4.15  1.06  6.17  0.00  3.08 0.536  00  02T004M000  1.000
GLU02A0129_025  0.000 -2.07  1.16  3.09  0.00  2.18 0.535  00  02T009M000  1.000
GLU02A0129_026  0.000 -2.45  1.48  3.19  0.00  2.22 0.538  00  02T00CM000  1.036
GLU02A0129_027  0.000 -3.39  1.59  3.31  0.00  1.51 0.535  00  02T00DM000  1.031
GLU02A0129_028  0.000 -4.06  0.53  1.07  0.00 -2.45 0.534  00  02T003M000  1.008
GLU02A0129_029  0.000 -4.15  1.06  3.45  0.00  0.36 0.536  00  02T004M000  1.000
GLU02A0129_030  0.000 -2.60  1.24  0.42  0.00 -0.94 0.538  00  02T00AM000  1.024
GLU02A0129_031  0.000 -2.45  1.48  0.47  0.00 -0.50 0.538  00  02T00CM000  1.036
GLU02A0129_032  0.000 -3.39  1.59  0.59  0.00 -1.21 0.535  00  02T00DM000  1.031
GLU-1A0129_033 -1.000 -3.92  0.62  1.38  0.00 -1.91 0.535  00  -1O000M000  1.000
GLU-1A0129_034 -1.000 -4.20  0.55  1.11  0.00 -2.54 0.534  00  -1E003M000  1.017
GLU-1A0129_035 -1.000 -4.05  1.04  3.46  0.00  0.45 0.536  00  -1E004M000  1.000
GLU-1A0129_036 -1.000 -2.63  1.17  0.37  0.00 -1.09 0.535  00  -1E009M000  1.000
GLU-1A0129_037 -1.000 -2.49  1.31  0.37  0.00 -0.80 0.536  00  -1E00BM000  1.000
GLU-1A0129_038 -1.000 -3.52  1.49  0.58  0.00 -1.46 0.535  00  -1E00DM000  1.017
