iConf CONFORMER     FL  occ    crg   Em0  pKa0 ne nH    vdw0    vdw1    tors    epol   dsolv   extra    history
00001 GLU01A0129_001 f 0.00  0.000     0  0.00  0  0  -4.018   0.607   4.103   0.018  -0.153   0.000 01O000M000t
00002 GLU01A0129_002 f 0.00  0.000     0  0.00  0  0  -4.067   1.029   6.227   0.020  -0.148   0.000 01E004M000t
00003 GLU01A0129_003 f 0.00  0.000     0  0.00  0  0  -4.018   0.607   1.383   0.005  -0.107   0.000 01O000M000t
00004 GLU01A0129_004 f 0.00  0.000     0  0.00  0  0  -2.988   1.342   0.467  -0.008  -0.103   0.000 01E00CM000t
00005 GLU01A0129_005 f 0.00  0.000     0  0.00  0  0  -3.486   1.511   0.585   0.016  -0.108   0.000 01E00DM000t
00006 GLU01A0129_006 f 0.00  0.000     0  0.00  0  0  -4.204   1.226   3.942   0.011  -0.152   0.000 01T001M000t
00007 GLU01A0129_007 f 0.00  0.000     0  0.00  0  0  -4.497   2.760   4.042   0.122  -0.138   0.000 01T005M000t
00008 GLU01A0129_008 f 0.00  0.000     0  0.00  0  0  -2.459   0.663   3.112  -0.010  -0.158   0.000 01T007M000t
00009 GLU01A0129_009 f 0.00  0.000     0  0.00  0  0  -4.062   0.534   3.828   0.065  -0.147   0.000 01T003M000t
00010 GLU01A0129_010 f 0.00  0.000     0  0.00  0  0  -2.482   1.160   3.089   0.021  -0.157   0.000 01T009M000t
00011 GLU01A0129_011 f 0.00  0.000     0  0.00  0  0  -2.572   1.304   3.093   0.017  -0.157   0.000 01T00BM000t
00012 GLU01A0129_012 f 0.00  0.000     0  0.00  0  0  -2.988   1.340   3.186  -0.022  -0.151   0.000 01T00CM000t
00013 GLU01A0129_013 f 0.00  0.000     0  0.00  0  0  -2.521   1.162   0.372   0.006  -0.104   0.000 01T009M000t
00014 GLU01A0129_014 f 0.00  0.000     0  0.00  0  0  -4.062   0.534   1.108   0.042  -0.107   0.000 01T003M000t
00015 GLU01A0129_015 f 0.00  0.000     0  0.00  0  0  -3.968   1.011   3.452   0.020  -0.106   0.000 01T004M000t
00016 GLU01A0129_016 f 0.00  0.000     0  0.00  0  0  -2.572   1.304   0.373   0.006  -0.106   0.000 01T00BM000t
00017 GLU02A0129_017 f 0.00  0.000     0  0.00  0  0  -4.020   0.612   4.103   0.010  -0.155   0.000 02O000M000t
00018 GLU02A0129_018 f 0.00  0.000     0  0.00  0  0  -1.915   0.656   3.109   0.039  -0.140   0.000 02E007M000t
00019 GLU02A0129_019 f 0.00  0.000     0  0.00  0  0  -2.030   1.292   3.093   0.034  -0.140   0.000 02E00BM000t
00020 GLU02A0129_020 f 0.00  0.000     0  0.00  0  0  -4.020   0.612   1.383   0.003  -0.109   0.000 02O000M000t
00021 GLU02A0129_021 f 0.00  0.000     0  0.00  0  0  -2.068   1.160   0.368   0.005  -0.108   0.000 02E009M000t
00022 GLU02A0129_022 f 0.00  0.000     0  0.00  0  0  -4.308   1.333   3.990   0.016  -0.156   0.000 02T002M000t
00023 GLU02A0129_023 f 0.00  0.000     0  0.00  0  0  -4.177   0.585   3.875  -0.050  -0.138   0.000 02T003M000t
00024 GLU02A0129_024 f 0.00  0.000     0  0.00  0  0  -4.153   1.055   6.173  -0.008  -0.151   0.000 02T004M000t
00025 GLU02A0129_025 f 0.00  0.000     0  0.00  0  0  -2.068   1.160   3.088   0.021  -0.139   0.000 02T009M000t
00026 GLU02A0129_026 f 0.00  0.000     0  0.00  0  0  -2.451   1.475   3.193   0.072  -0.133   0.000 02T00CM000t
00027 GLU02A0129_027 f 0.00  0.000     0  0.00  0  0  -3.389   1.591   3.314   0.018  -0.142   0.000 02T00DM000t
00028 GLU02A0129_028 f 0.00  0.000     0  0.00  0  0  -4.057   0.527   1.075   0.014  -0.107   0.000 02T003M000t
00029 GLU02A0129_029 f 0.00  0.000     0  0.00  0  0  -4.153   1.055   3.453   0.005  -0.108   0.000 02T004M000t
00030 GLU02A0129_030 f 0.00  0.000     0  0.00  0  0  -2.610   1.245   0.419   0.010  -0.110   0.000 02T00AM000t
00031 GLU02A0129_031 f 0.00  0.000     0  0.00  0  0  -2.451   1.475   0.473   0.017  -0.106   0.000 02T00CM000t
00032 GLU02A0129_032 f 0.00  0.000     0  0.00  0  0  -3.389   1.591   0.594   0.003  -0.104   0.000 02T00DM000t
00033 GLU-1A0129_033 f 0.00 -1.000     0  4.75  0 -1  -3.917   0.624   1.383  -0.040  -1.033   0.000 -1O000M000t
00034 GLU-1A0129_034 f 0.00 -1.000     0  4.75  0 -1  -4.202   0.553   1.114   0.015  -1.006   0.000 -1E003M000t
00035 GLU-1A0129_035 f 0.00 -1.000     0  4.75  0 -1  -4.048   1.034   3.463  -0.111  -1.009   0.000 -1E004M000t
00036 GLU-1A0129_036 f 0.00 -1.000     0  4.75  0 -1  -2.629   1.179   0.369  -0.058  -1.029   0.000 -1E009M000t
00037 GLU-1A0129_037 f 0.00 -1.000     0  4.75  0 -1  -2.483   1.313   0.373  -0.061  -1.029   0.000 -1E00BM000t
00038 GLU-1A0129_038 f 0.00 -1.000     0  4.75  0 -1  -3.521   1.480   0.580  -0.092  -1.012   0.000 -1E00DM000t
