   confID        vdw0    sas     sum
GLU01A0129_001   0.576  -4.594  -4.018
GLU01A0129_002   0.575  -4.642  -4.067
GLU01A0129_003   0.576  -4.594  -4.018
GLU01A0129_004   1.986  -4.975  -2.988
GLU01A0129_005   1.281  -4.767  -3.486
GLU01A0129_006   0.630  -4.834  -4.204
GLU01A0129_007   0.469  -4.966  -4.497
GLU01A0129_008   2.037  -4.495  -2.459
GLU01A0129_009   0.765  -4.828  -4.062
GLU01A0129_010   2.062  -4.545  -2.482
GLU01A0129_011   2.049  -4.620  -2.572
GLU01A0129_012   1.986  -4.975  -2.988
GLU01A0129_013   2.037  -4.557  -2.521
GLU01A0129_014   0.765  -4.828  -4.062
GLU01A0129_015   0.627  -4.595  -3.968
GLU01A0129_016   2.049  -4.620  -2.572
GLU02A0129_017   0.578  -4.598  -4.020
GLU02A0129_018   2.565  -4.480  -1.915
GLU02A0129_019   2.566  -4.595  -2.030
GLU02A0129_020   0.578  -4.598  -4.020
GLU02A0129_021   2.551  -4.619  -2.068
GLU02A0129_022   0.603  -4.911  -4.308
GLU02A0129_023   0.676  -4.853  -4.177
GLU02A0129_024   0.606  -4.759  -4.153
GLU02A0129_025   2.551  -4.619  -2.068
GLU02A0129_026   2.390  -4.841  -2.451
GLU02A0129_027   1.542  -4.931  -3.389
GLU02A0129_028   0.765  -4.822  -4.057
GLU02A0129_029   0.606  -4.759  -4.153
GLU02A0129_030   2.051  -4.661  -2.610
GLU02A0129_031   2.390  -4.841  -2.451
GLU02A0129_032   1.542  -4.931  -3.389
GLU-1A0129_033   0.454  -4.371  -3.917
GLU-1A0129_034   0.589  -4.791  -4.202
GLU-1A0129_035   0.467  -4.515  -4.048
GLU-1A0129_036   1.992  -4.621  -2.629
GLU-1A0129_037   1.983  -4.466  -2.483
GLU-1A0129_038   1.183  -4.705  -3.521
