CONFORMER         crg  vdw0  vdw1  tors  epol  self   occ  Hb     history    ASA
LYS01A0053_001  0.000-11.27  0.44  1.21  0.00 -9.61 0.502  00  01O000M000  1.000
LYS01A0053_002  0.000-10.37  0.61  1.60  0.00 -8.16 0.502  00  01E006M000  1.000
LYS01A0053_003  0.000 -2.82  0.24  0.93  0.00 -1.65 0.502  00  01E015M000  1.000
LYS01A0053_004  0.000-10.61  0.40  1.51  0.00 -8.70 0.502  00  01E017M000  1.000
LYS01A0053_005  0.000 -9.32  0.99  3.22  0.00 -5.12 0.502  00  01E019M000  1.000
LYS01A0053_006  0.000-10.66  1.18  3.91  0.00 -5.57 0.502  00  01E01BM000  1.000
LYS01A0053_007  0.000-10.08  4.64  3.89  0.00 -1.54 0.502  00  01E029M000  1.000
LYS01A0053_008  0.000 -9.37  0.33  1.85  0.00 -7.19 0.502  00  01E02CM000  1.000
LYS01A0053_009  0.000 -9.95  4.40  3.22  0.00 -2.34 0.503  00  01E05EM000  1.000
LYS01A0053_010  0.000 -9.69  2.19  3.76  0.00 -3.74 0.502  00  01E07EM000  1.000
LYS01A0053_011  0.000-10.02  2.10  3.65  0.00 -4.27 0.502  00  01E083M000  1.000
LYS01A0053_012  0.000 -8.10  4.44  1.62  0.00 -2.04 0.502  00  01E0B5M000  1.000
LYS01A0053_013  0.000 -9.30  4.45  3.61  0.00 -1.24 0.502  00  01E0B8M000  1.000
LYS01A0053_014  0.000 -7.25  1.96  3.99  0.00 -1.29 0.502  00  01E0DDM000  1.000
LYS01A0053_015  0.000 -8.72  2.00  4.14  0.00 -2.57 0.502  00  01E0E3M000  1.000
LYS01A0053_016  0.000-11.56  2.35  3.53  0.00 -5.68 0.502  00  01T00BM000  1.000
LYS01A0053_017  0.000 -8.24  0.90  5.71  0.00 -1.63 0.502  00  01T09BM000  1.000
LYS01A0053_018  0.000 -9.10  4.15  3.86  0.00 -1.09 0.502  00  01T0BBM000  1.000
LYS01A0053_019  0.000-10.15  3.51  3.73  0.00 -2.91 0.502  00  01T101M000  1.000
LYS01A0053_020  0.000 -8.70  2.85  1.82  0.00 -4.03 0.502  00  01T102M000  1.000
LYS+1A0053_021  1.000-11.32  0.44  1.21  0.00 -9.66 0.502  00  +1O000M000  1.000
LYS+1A0053_022  1.000-10.42  0.61  1.60  0.00 -8.21 0.502  00  +1E006M000  1.000
LYS+1A0053_023  1.000 -2.96  0.24  0.93  0.00 -1.79 0.502  00  +1E015M000  1.000
LYS+1A0053_024  1.000 -9.23  0.99  3.22  0.00 -5.03 0.502  00  +1E019M000  1.000
LYS+1A0053_025  1.000-10.71  1.19  3.92  0.00 -5.61 0.502  00  +1E01BM000  1.000
LYS+1A0053_026  1.000-10.14  4.65  3.90  0.00 -1.59 0.502  00  +1E029M000  1.000
LYS+1A0053_027  1.000 -9.83  2.16  3.86  0.00 -3.82 0.502  00  +1E07EM000  1.000
LYS+1A0053_028  1.000 -9.99  2.08  3.68  0.00 -4.23 0.502  00  +1E083M000  1.000
LYS+1A0053_029  1.000 -8.48  0.90  5.75  0.00 -1.83 0.502  00  +1E09BM000  1.000
LYS+1A0053_030  1.000 -8.71  1.98  4.14  0.00 -2.59 0.502  00  +1E0E3M000  1.000
LYS+1A0053_031  1.000-10.19  3.49  3.78  0.00 -2.92 0.502  00  +1E101M000  1.000
LYS+1A0053_032  1.000-11.71  2.35  3.53  0.00 -5.83 0.502  00  +1T00BM000  1.000
LYS+1A0053_033  1.000-10.63  0.40  1.50  0.00 -8.72 0.502  00  +1T017M000  1.000
LYS+1A0053_034  1.000 -9.44  0.32  1.86  0.00 -7.26 0.502  00  +1T02CM000  1.000
LYS+1A0053_035  1.000-10.04  4.42  3.23  0.00 -2.39 0.503  00  +1T05EM000  1.000
LYS+1A0053_036  1.000 -8.35  4.45  1.62  0.00 -2.29 0.502  00  +1T0B5M000  1.000
LYS+1A0053_037  1.000 -9.30  4.42  3.65  0.00 -1.24 0.502  00  +1T0B8M000  1.000
LYS+1A0053_038  1.000 -9.21  4.21  3.90  0.00 -1.09 0.502  00  +1T0BBM000  1.000
LYS+1A0053_039  1.000 -7.33  1.96  4.00  0.00 -1.37 0.502  00  +1T0DDM000  1.000
LYS+1A0053_040  1.000 -8.74  2.87  1.83  0.00 -4.05 0.502  00  +1T102M000  1.000
