iConf CONFORMER     FL  occ    crg   Em0  pKa0 ne nH    vdw0    vdw1    tors    epol   dsolv   extra    history
00001 LYS01A0053_001 f 0.00  0.000     0  0.00  0  0 -11.266   0.445   1.213  -0.008  -0.511   0.000 01O000M000t
00002 LYS01A0053_002 f 0.00  0.000     0  0.00  0  0 -10.359   0.609   1.604  -0.012  -0.543   0.000 01E006M000t
00003 LYS01A0053_003 f 0.00  0.000     0  0.00  0  0  -2.803   0.241   0.928  -0.009  -0.527   0.000 01E015M000t
00004 LYS01A0053_004 f 0.00  0.000     0  0.00  0  0 -10.610   0.404   1.506  -0.006  -0.540   0.000 01E017M000t
00005 LYS01A0053_005 f 0.00  0.000     0  0.00  0  0  -9.322   0.987   3.216  -0.008  -0.549   0.000 01E019M000t
00006 LYS01A0053_006 f 0.00  0.000     0  0.00  0  0 -10.658   1.184   3.913  -0.009  -0.545   0.000 01E01BM000t
00007 LYS01A0053_007 f 0.00  0.000     0  0.00  0  0 -10.074   4.642   3.890  -0.000  -0.516   0.000 01E029M000t
00008 LYS01A0053_008 f 0.00  0.000     0  0.00  0  0  -9.374   0.332   1.849  -0.018  -0.493   0.000 01E02CM000t
00009 LYS01A0053_009 f 0.00  0.000     0  0.00  0  0 -10.019   4.405   3.217  -0.024  -0.496   0.000 01E05EM000t
00010 LYS01A0053_010 f 0.00  0.000     0  0.00  0  0  -9.689   2.190   3.755  -0.008  -0.498   0.000 01E07EM000t
00011 LYS01A0053_011 f 0.00  0.000     0  0.00  0  0 -10.010   2.101   3.647  -0.006  -0.524   0.000 01E083M000t
00012 LYS01A0053_012 f 0.00  0.000     0  0.00  0  0  -8.105   4.436   1.621  -0.004  -0.443   0.000 01E0B5M000t
00013 LYS01A0053_013 f 0.00  0.000     0  0.00  0  0  -9.305   4.438   3.610  -0.001  -0.526   0.000 01E0B8M000t
00014 LYS01A0053_014 f 0.00  0.000     0  0.00  0  0  -7.257   1.966   3.994  -0.009  -0.515   0.000 01E0DDM000t
00015 LYS01A0053_015 f 0.00  0.000     0  0.00  0  0  -8.714   2.008   4.143  -0.020  -0.473   0.000 01E0E3M000t
00016 LYS01A0053_016 f 0.00  0.000     0  0.00  0  0 -11.559   2.352   3.526  -0.011  -0.511   0.000 01T00BM000t
00017 LYS01A0053_017 f 0.00  0.000     0  0.00  0  0  -8.234   0.904   5.707  -0.022  -0.461   0.000 01T09BM000t
00018 LYS01A0053_018 f 0.00  0.000     0  0.00  0  0  -9.095   4.151   3.861   0.003  -0.528   0.000 01T0BBM000t
00019 LYS01A0053_019 f 0.00  0.000     0  0.00  0  0 -10.156   3.521   3.729  -0.034  -0.512   0.000 01T101M000t
00020 LYS01A0053_020 f 0.00  0.000     0  0.00  0  0  -8.706   2.848   1.817  -0.043  -0.502   0.000 01T102M000t
00021 LYS+1A0053_021 f 0.00  1.000     0 10.40  0  1 -11.316   0.444   1.213   0.041  -7.330   0.000 +1O000M000t
00022 LYS+1A0053_022 f 0.00  1.000     0 10.40  0  1 -10.412   0.608   1.604   0.033  -7.298   0.000 +1E006M000t
00023 LYS+1A0053_023 f 0.00  1.000     0 10.40  0  1  -2.961   0.241   0.929   0.036  -7.359   0.000 +1E015M000t
00024 LYS+1A0053_024 f 0.00  1.000     0 10.40  0  1  -9.237   0.985   3.217   0.028  -7.315   0.000 +1E019M000t
00025 LYS+1A0053_025 f 0.00  1.000     0 10.40  0  1 -10.717   1.186   3.922   0.040  -7.293   0.000 +1E01BM000t
00026 LYS+1A0053_026 f 0.00  1.000     0 10.40  0  1 -10.139   4.649   3.897   0.003  -7.288   0.000 +1E029M000t
00027 LYS+1A0053_027 f 0.00  1.000     0 10.40  0  1  -9.789   2.157   3.857   0.039  -7.374   0.000 +1E07EM000t
00028 LYS+1A0053_028 f 0.00  1.000     0 10.40  0  1  -9.983   2.078   3.676   0.023  -7.311   0.000 +1E083M000t
00029 LYS+1A0053_029 f 0.00  1.000     0 10.40  0  1  -8.483   0.898   5.755   0.015  -7.238   0.000 +1E09BM000t
00030 LYS+1A0053_030 f 0.00  1.000     0 10.40  0  1  -8.719   1.979   4.144   0.101  -7.110   0.000 +1E0E3M000t
00031 LYS+1A0053_031 f 0.00  1.000     0 10.40  0  1 -10.157   3.491   3.780   0.193  -7.241   0.000 +1E101M000t
00032 LYS+1A0053_032 f 0.00  1.000     0 10.40  0  1 -11.713   2.348   3.535   0.094  -7.312   0.000 +1T00BM000t
00033 LYS+1A0053_033 f 0.00  1.000     0 10.40  0  1 -10.629   0.404   1.505   0.030  -7.342   0.000 +1T017M000t
00034 LYS+1A0053_034 f 0.00  1.000     0 10.40  0  1  -9.440   0.318   1.859   0.068  -7.238   0.000 +1T02CM000t
00035 LYS+1A0053_035 f 0.00  1.000     0 10.40  0  1 -10.045   4.424   3.227  -0.025  -7.251   0.000 +1T05EM000t
00036 LYS+1A0053_036 f 0.00  1.000     0 10.40  0  1  -8.353   4.439   1.617   0.076  -7.018   0.000 +1T0B5M000t
00037 LYS+1A0053_037 f 0.00  1.000     0 10.40  0  1  -9.303   4.424   3.647   0.051  -7.217   0.000 +1T0B8M000t
00038 LYS+1A0053_038 f 0.00  1.000     0 10.40  0  1  -9.208   4.217   3.906   0.009  -7.269   0.000 +1T0BBM000t
00039 LYS+1A0053_039 f 0.00  1.000     0 10.40  0  1  -7.318   1.966   3.998   0.051  -7.280   0.000 +1T0DDM000t
00040 LYS+1A0053_040 f 0.00  1.000     0 10.40  0  1  -8.772   2.873   1.825   0.157  -7.128   0.000 +1T102M000t
