   confID        vdw0    sas     sum
LYS01A0053_001   1.201 -12.466 -11.266
LYS01A0053_002   2.020 -12.379 -10.359
LYS01A0053_003   9.316 -12.118  -2.803
LYS01A0053_004   2.169 -12.779 -10.610
LYS01A0053_005   2.928 -12.251  -9.322
LYS01A0053_006   2.275 -12.933 -10.658
LYS01A0053_007   2.280 -12.354 -10.074
LYS01A0053_008   2.931 -12.305  -9.374
LYS01A0053_009   1.981 -12.000 -10.019
LYS01A0053_010   2.691 -12.380  -9.689
LYS01A0053_011   2.662 -12.672 -10.010
LYS01A0053_012   3.665 -11.770  -8.105
LYS01A0053_013   2.679 -11.984  -9.305
LYS01A0053_014   4.703 -11.959  -7.257
LYS01A0053_015   3.471 -12.185  -8.714
LYS01A0053_016   1.043 -12.601 -11.559
LYS01A0053_017   3.545 -11.779  -8.234
LYS01A0053_018   2.956 -12.051  -9.095
LYS01A0053_019   2.569 -12.725 -10.156
LYS01A0053_020   3.546 -12.252  -8.706
LYS+1A0053_021   1.150 -12.466 -11.316
LYS+1A0053_022   1.968 -12.379 -10.412
LYS+1A0053_023   9.209 -12.170  -2.961
LYS+1A0053_024   2.946 -12.183  -9.237
LYS+1A0053_025   2.216 -12.933 -10.717
LYS+1A0053_026   2.228 -12.366 -10.139
LYS+1A0053_027   2.633 -12.422  -9.789
LYS+1A0053_028   2.621 -12.605  -9.983
LYS+1A0053_029   3.364 -11.847  -8.483
LYS+1A0053_030   3.401 -12.120  -8.719
LYS+1A0053_031   2.529 -12.686 -10.157
LYS+1A0053_032   0.994 -12.708 -11.713
LYS+1A0053_033   2.121 -12.750 -10.629
LYS+1A0053_034   2.865 -12.305  -9.440
LYS+1A0053_035   1.888 -11.933 -10.045
LYS+1A0053_036   3.588 -11.941  -8.353
LYS+1A0053_037   2.642 -11.945  -9.303
LYS+1A0053_038   2.911 -12.119  -9.208
LYS+1A0053_039   4.706 -12.024  -7.318
LYS+1A0053_040   3.519 -12.291  -8.772
