iConf CONFORMER     FL  occ    crg   Em0  pKa0 ne nH    vdw0    vdw1    tors    epol   dsolv   extra    history
00001 MET01A0032_001 f 0.00  0.000     0  0.00  0  0 -11.460   0.613   1.134   0.017  -0.008   0.000 01O000M000t
00002 MET01A0032_002 f 0.00  0.000     0  0.00  0  0 -11.706   3.415   0.815  -0.008  -0.008   0.000 01R007M000t
00003 MET01A0032_003 f 0.00  0.000     0  0.00  0  0 -11.094   1.478   4.364   0.012  -0.008   0.000 01R017M000t
00004 MET01A0032_004 f 0.00  0.000     0  0.00  0  0  -9.817   1.890   1.037   0.005  -0.008   0.000 01R01CM000t
00005 MET01A0032_005 f 0.00  0.000     0  0.00  0  0 -11.090   2.265   1.887   0.011  -0.008   0.000 01R01EM000t
00006 MET01A0032_006 f 0.00  0.000     0  0.00  0  0  -9.980   3.653   3.145  -0.003  -0.008   0.000 01R020M000t
00007 MET01A0032_007 f 0.00  0.000     0  0.00  0  0 -10.647   5.671   1.857  -0.000  -0.008   0.000 01R024M000t
00008 MET01A0032_008 f 0.00  0.000     0  0.00  0  0 -11.733   3.531   1.941  -0.011  -0.007   0.000 01R02BM000t
00009 MET01A0032_009 f 0.00  0.000     0  0.00  0  0 -11.537   7.366   1.941   0.004  -0.008   0.000 01R02DM000t
00010 MET01A0032_010 f 0.00  0.000     0  0.00  0  0 -11.197   3.063   1.017  -0.003  -0.008   0.000 01R02FM000t
00011 MET01A0032_011 f 0.00  0.000     0  0.00  0  0 -10.268   0.627   4.293   0.013  -0.008   0.000 01R030M000t
00012 MET01A0032_012 f 0.00  0.000     0  0.00  0  0 -10.425   1.907   6.463   0.006  -0.008   0.000 01R033M000t
00013 MET01A0032_013 f 0.00  0.000     0  0.00  0  0 -11.711   1.782   4.367  -0.005  -0.008   0.000 01R036M000t
00014 MET01A0032_014 f 0.00  0.000     0  0.00  0  0 -11.636   3.474   4.006  -0.004  -0.008   0.000 01R03AM000t
00015 MET01A0032_015 f 0.00  0.000     0  0.00  0  0  -9.696   1.779   6.464   0.006  -0.008   0.000 01R03DM000t
00016 MET01A0032_016 f 0.00  0.000     0  0.00  0  0 -10.241   1.772   4.295   0.002  -0.008   0.000 01R03EM000t
00017 MET01A0032_017 f 0.00  0.000     0  0.00  0  0  -4.416   1.878   0.991   0.011  -0.008   0.000 01T01DM000t
00018 MET01A0032_018 f 0.00  0.000     0  0.00  0  0 -10.773   2.547   2.694   0.014  -0.008   0.000 01T027M000t
00019 MET01A0032_019 f 0.00  0.000     0  0.00  0  0 -11.831   1.943   1.628   0.002  -0.008   0.000 01T02EM000t
00020 MET01A0032_020 f 0.00  0.000     0  0.00  0  0 -10.133   3.980   5.257   0.018  -0.008   0.000 01T03CM000t
