CONFORMER         crg  vdw0  vdw1  tors  epol  self   occ  Hb     history    ASA
MET01A0032_001  0.000-11.46  0.54  1.13  0.00 -9.79 0.507  00  01O000M000  1.000
MET01A0032_002  0.000-11.71  3.41  0.82  0.00 -7.48 0.507  00  01R007M000  1.000
MET01A0032_003  0.000-11.05  1.40  4.37  0.00 -5.28 0.506  00  01R017M000  1.000
MET01A0032_004  0.000 -9.82  1.81  1.04  0.00 -6.97 0.507  00  01R01CM000  1.000
MET01A0032_005  0.000-11.09  2.19  1.89  0.00 -7.01 0.509  00  01R01EM000  1.000
MET01A0032_006  0.000 -9.98  3.57  3.14  0.00 -3.27 0.508  00  01R020M000  1.000
MET01A0032_007  0.000-10.65  5.59  1.86  0.00 -3.20 0.508  00  01R024M000  1.000
MET01A0032_008  0.000-11.73  3.54  1.94  0.00 -6.25 0.507  00  01R02BM000  1.000
MET01A0032_009  0.000-11.54  7.38  1.94  0.00 -2.22 0.506  00  01R02DM000  1.000
MET01A0032_010  0.000-11.10  3.06  1.02  0.00 -7.03 0.508  00  01R02FM000  1.000
MET01A0032_011  0.000-10.27  0.63  4.29  0.00 -5.35 0.507  00  01R030M000  1.000
MET01A0032_012  0.000-10.42  1.83  6.47  0.00 -2.13 0.508  00  01R033M000  1.000
MET01A0032_013  0.000-11.71  1.78  4.37  0.00 -5.56 0.508  00  01R036M000  1.000
MET01A0032_014  0.000-11.59  3.48  4.01  0.00 -4.11 0.508  00  01R03AM000  1.000
MET01A0032_015  0.000 -9.70  1.78  6.47  0.00 -1.45 0.507  00  01R03DM000  1.000
MET01A0032_016  0.000-10.24  1.69  4.29  0.00 -4.26 0.509  00  01R03EM000  1.000
MET01A0032_017  0.000 -4.40  1.80  0.99  0.00 -1.60 0.507  00  01T01DM000  1.000
MET01A0032_018  0.000-10.77  2.47  2.69  0.00 -5.61 0.507  00  01T027M000  1.000
MET01A0032_019  0.000-11.83  1.94  1.63  0.00 -8.26 0.507  00  01T02EM000  1.000
MET01A0032_020  0.000-10.14  3.98  5.25  0.00 -0.90 0.507  00  01T03CM000  1.000
