   confID        vdw0    sas     sum
MET01A0032_001   0.424 -11.884 -11.460
MET01A0032_002   0.220 -11.926 -11.706
MET01A0032_003   0.502 -11.596 -11.094
MET01A0032_004   1.612 -11.429  -9.817
MET01A0032_005   0.483 -11.572 -11.090
MET01A0032_006   1.191 -11.171  -9.980
MET01A0032_007   0.480 -11.126 -10.647
MET01A0032_008   0.277 -12.010 -11.733
MET01A0032_009   0.305 -11.842 -11.537
MET01A0032_010   0.232 -11.428 -11.197
MET01A0032_011   1.374 -11.642 -10.268
MET01A0032_012   1.408 -11.833 -10.425
MET01A0032_013   0.355 -12.066 -11.711
MET01A0032_014   0.071 -11.708 -11.636
MET01A0032_015   1.374 -11.070  -9.696
MET01A0032_016   1.412 -11.653 -10.241
MET01A0032_017   6.539 -10.954  -4.416
MET01A0032_018   0.594 -11.368 -10.773
MET01A0032_019   0.129 -11.960 -11.831
MET01A0032_020   1.309 -11.442 -10.133
