CONFORMER         crg  vdw0  vdw1  tors  epol  self   occ  Hb     history    ASA
LYS01A0024_001  0.000-10.17  0.59  1.49  0.00 -8.10 0.502  00  01O000M000  1.000
LYS01A0024_002  0.000 -8.62  0.76  1.89  0.00 -5.97 0.502  00  01E02BM000  1.000
LYS01A0024_003  0.000-10.39  2.25  1.22  0.00 -6.92 0.503  00  01E06FM000  1.000
LYS01A0024_004  0.000-11.17  2.08  6.67  0.00 -2.42 0.502  00  01E077M000  1.000
LYS01A0024_005  0.000-10.76  2.01  3.85  0.00 -4.90 0.502  00  01E079M000  1.000
LYS01A0024_006  0.000-10.81  1.17  3.62  0.00 -6.03 0.502  00  01E0ACM000  1.000
LYS01A0024_007  0.000-11.26  2.41  0.96  0.00 -7.90 0.502  00  01E0E5M000  1.000
LYS01A0024_008  0.000-10.23  4.20  6.43  0.00  0.39 0.502  00  01E0EBM000  1.000
LYS01A0024_009  0.000-10.67  5.25  1.47  0.00 -3.95 0.502  00  01T002M000  1.000
LYS01A0024_010  0.000-10.14  1.29  6.86  0.00 -1.98 0.501  00  01T041M000  1.000
LYS01A0024_011  0.000 -9.36  0.22  3.94  0.00 -5.20 0.502  00  01T04EM000  1.000
LYS01A0024_012  0.000 -8.15 -0.10  4.53  0.00 -3.72 0.502  00  01T04FM000  1.000
LYS01A0024_013  0.000 -7.73  1.58  4.56  0.00 -1.59 0.502  00  01T05AM000  1.000
LYS01A0024_014  0.000 -9.72  0.46  1.18  0.00 -8.09 0.502  00  01T061M000  1.000
LYS01A0024_015  0.000 -8.73  0.28  4.51  0.00 -3.94 0.501  00  01T089M000  1.000
LYS01A0024_016  0.000 -6.89  1.31  4.64  0.00 -0.93 0.502  00  01T0A8M000  1.000
LYS01A0024_017  0.000 -8.56  1.19  4.32  0.00 -3.05 0.503  00  01T0C0M000  1.000
LYS01A0024_018  0.000 -8.11  0.54  4.63  0.00 -2.95 0.502  00  01T0C7M000  1.000
LYS01A0024_019  0.000-10.79  0.57  3.85  0.00 -6.37 0.502  00  01T0D0M000  1.000
LYS01A0024_020  0.000 -9.05  3.93  4.15  0.00 -0.96 0.501  00  01T0ECM000  1.000
LYS+1A0024_021  1.000-10.22  0.59  1.49  0.00 -8.15 0.502  00  +1O000M000  1.000
LYS+1A0024_022  1.000-10.64  5.39  1.47  0.00 -3.78 0.502  00  +1E002M000  1.000
LYS+1A0024_023  1.000 -8.56  0.77  1.90  0.00 -5.89 0.502  00  +1E02BM000  1.000
LYS+1A0024_024  1.000 -9.79  0.46  1.19  0.00 -8.15 0.502  00  +1E061M000  1.000
LYS+1A0024_025  1.000-10.44  2.23  1.22  0.00 -6.99 0.503  00  +1E06FM000  1.000
LYS+1A0024_026  1.000-10.87  2.00  3.85  0.00 -5.01 0.502  00  +1E079M000  1.000
LYS+1A0024_027  1.000 -7.00  1.24  4.64  0.00 -1.12 0.502  00  +1E0A8M000  1.000
LYS+1A0024_028  1.000 -8.58  1.18  4.33  0.00 -3.07 0.503  00  +1E0C0M000  1.000
LYS+1A0024_029  1.000 -8.13  0.56  4.66  0.00 -2.91 0.502  00  +1E0C7M000  1.000
LYS+1A0024_030  1.000-10.77  0.57  3.85  0.00 -6.35 0.502  00  +1E0D0M000  1.000
LYS+1A0024_031  1.000-11.25  2.39  0.96  0.00 -7.89 0.502  00  +1E0E5M000  1.000
LYS+1A0024_032  1.000-10.27  4.22  6.43  0.00  0.38 0.502  00  +1E0EBM000  1.000
LYS+1A0024_033  1.000 -9.16  3.94  4.15  0.00 -1.06 0.501  00  +1E0ECM000  1.000
LYS+1A0024_034  1.000-10.18  1.29  6.87  0.00 -2.01 0.501  00  +1T041M000  1.000
LYS+1A0024_035  1.000 -9.57  0.22  3.95  0.00 -5.39 0.502  00  +1T04EM000  1.000
LYS+1A0024_036  1.000 -8.14 -0.13  4.55  0.00 -3.71 0.502  00  +1T04FM000  1.000
LYS+1A0024_037  1.000 -7.78  1.58  4.56  0.00 -1.64 0.502  00  +1T05AM000  1.000
LYS+1A0024_038  1.000-11.29  2.08  6.67  0.00 -2.53 0.502  00  +1T077M000  1.000
LYS+1A0024_039  1.000 -8.85  0.28  4.51  0.00 -4.06 0.501  00  +1T089M000  1.000
LYS+1A0024_040  1.000-10.92  1.17  3.62  0.00 -6.13 0.502  00  +1T0ACM000  1.000
