iConf CONFORMER     FL  occ    crg   Em0  pKa0 ne nH    vdw0    vdw1    tors    epol   dsolv   extra    history
00001 LYS01A0024_001 f 0.00  0.000     0  0.00  0  0 -10.176   0.588   1.486  -0.012  -0.923   0.000 01O000M000t
00002 LYS01A0024_002 f 0.00  0.000     0  0.00  0  0  -8.613   0.758   1.891  -0.010  -0.951   0.000 01E02BM000t
00003 LYS01A0024_003 f 0.00  0.000     0  0.00  0  0 -10.387   2.253   1.222  -0.031  -0.854   0.000 01E06FM000t
00004 LYS01A0024_004 f 0.00  0.000     0  0.00  0  0 -11.163   2.084   6.668  -0.015  -0.927   0.000 01E077M000t
00005 LYS01A0024_005 f 0.00  0.000     0  0.00  0  0 -10.761   2.010   3.852  -0.014  -0.929   0.000 01E079M000t
00006 LYS01A0024_006 f 0.00  0.000     0  0.00  0  0 -10.808   1.169   3.616  -0.003  -0.955   0.000 01E0ACM000t
00007 LYS01A0024_007 f 0.00  0.000     0  0.00  0  0 -11.264   2.409   0.956  -0.023  -0.893   0.000 01E0E5M000t
00008 LYS01A0024_008 f 0.00  0.000     0  0.00  0  0 -10.234   4.200   6.428  -0.002  -0.955   0.000 01E0EBM000t
00009 LYS01A0024_009 f 0.00  0.000     0  0.00  0  0 -10.639   5.248   1.475  -0.020  -0.968   0.000 01T002M000t
00010 LYS01A0024_010 f 0.00  0.000     0  0.00  0  0 -10.128   1.294   6.862  -0.014  -0.944   0.000 01T041M000t
00011 LYS01A0024_011 f 0.00  0.000     0  0.00  0  0  -9.349   0.223   3.936  -0.005  -0.952   0.000 01T04EM000t
00012 LYS01A0024_012 f 0.00  0.000     0  0.00  0  0  -8.143  -0.101   4.536  -0.032  -0.897   0.000 01T04FM000t
00013 LYS01A0024_013 f 0.00  0.000     0  0.00  0  0  -7.730   1.578   4.558  -0.018  -0.919   0.000 01T05AM000t
00014 LYS01A0024_014 f 0.00  0.000     0  0.00  0  0  -9.721   0.457   1.178  -0.009  -0.873   0.000 01T061M000t
00015 LYS01A0024_015 f 0.00  0.000     0  0.00  0  0  -8.806   0.279   4.512  -0.006  -1.004   0.000 01T089M000t
00016 LYS01A0024_016 f 0.00  0.000     0  0.00  0  0  -6.892   1.313   4.640  -0.060  -0.840   0.000 01T0A8M000t
00017 LYS01A0024_017 f 0.00  0.000     0  0.00  0  0  -8.635   1.191   4.320  -0.005  -0.905   0.000 01T0C0M000t
00018 LYS01A0024_018 f 0.00  0.000     0  0.00  0  0  -8.117   0.541   4.628  -0.031  -0.880   0.000 01T0C7M000t
00019 LYS01A0024_019 f 0.00  0.000     0  0.00  0  0 -10.790   0.571   3.847  -0.006  -0.973   0.000 01T0D0M000t
00020 LYS01A0024_020 f 0.00  0.000     0  0.00  0  0  -9.047   3.934   4.149  -0.014  -0.899   0.000 01T0ECM000t
00021 LYS+1A0024_021 f 0.00  1.000     0 10.40  0  1 -10.219   0.587   1.486   0.087 -12.908   0.000 +1O000M000t
00022 LYS+1A0024_022 f 0.00  1.000     0 10.40  0  1 -10.639   5.385   1.471   0.033 -12.905   0.000 +1E002M000t
00023 LYS+1A0024_023 f 0.00  1.000     0 10.40  0  1  -8.562   0.763   1.900   0.002 -13.012   0.000 +1E02BM000t
00024 LYS+1A0024_024 f 0.00  1.000     0 10.40  0  1  -9.788   0.454   1.185   0.058 -12.743   0.000 +1E061M000t
00025 LYS+1A0024_025 f 0.00  1.000     0 10.40  0  1 -10.442   2.239   1.223   0.203 -12.595   0.000 +1E06FM000t
00026 LYS+1A0024_026 f 0.00  1.000     0 10.40  0  1 -10.873   2.001   3.855   0.143 -12.755   0.000 +1E079M000t
00027 LYS+1A0024_027 f 0.00  1.000     0 10.40  0  1  -7.009   1.251   4.642   0.456 -12.152   0.000 +1E0A8M000t
00028 LYS+1A0024_028 f 0.00  1.000     0 10.40  0  1  -8.589   1.178   4.327   0.029 -12.951   0.000 +1E0C0M000t
00029 LYS+1A0024_029 f 0.00  1.000     0 10.40  0  1  -8.131   0.554   4.659  -0.048 -12.742   0.000 +1E0C7M000t
00030 LYS+1A0024_030 f 0.00  1.000     0 10.40  0  1 -10.770   0.571   3.851   0.008 -12.918   0.000 +1E0D0M000t
00031 LYS+1A0024_031 f 0.00  1.000     0 10.40  0  1 -11.253   2.394   0.964   0.096 -12.760   0.000 +1E0E5M000t
00032 LYS+1A0024_032 f 0.00  1.000     0 10.40  0  1 -10.269   4.223   6.433  -0.029 -12.948   0.000 +1E0EBM000t
00033 LYS+1A0024_033 f 0.00  1.000     0 10.40  0  1  -9.155   3.938   4.154  -0.059 -12.701   0.000 +1E0ECM000t
00034 LYS+1A0024_034 f 0.00  1.000     0 10.40  0  1 -10.182   1.294   6.872   0.064 -12.985   0.000 +1T041M000t
00035 LYS+1A0024_035 f 0.00  1.000     0 10.40  0  1  -9.567   0.226   3.955   0.032 -12.931   0.000 +1T04EM000t
00036 LYS+1A0024_036 f 0.00  1.000     0 10.40  0  1  -8.122  -0.127   4.555   0.063 -12.761   0.000 +1T04FM000t
00037 LYS+1A0024_037 f 0.00  1.000     0 10.40  0  1  -7.785   1.584   4.561   0.092 -12.760   0.000 +1T05AM000t
00038 LYS+1A0024_038 f 0.00  1.000     0 10.40  0  1 -11.286   2.087   6.673   0.075 -12.904   0.000 +1T077M000t
00039 LYS+1A0024_039 f 0.00  1.000     0 10.40  0  1  -8.854   0.278   4.513   0.052 -12.840   0.000 +1T089M000t
00040 LYS+1A0024_040 f 0.00  1.000     0 10.40  0  1 -10.926   1.172   3.623   0.066 -12.927   0.000 +1T0ACM000t
