   confID        vdw0    sas     sum
LYS01A0024_001   2.290 -12.466 -10.176
LYS01A0024_002   3.605 -12.218  -8.613
LYS01A0024_003   2.026 -12.413 -10.387
LYS01A0024_004   1.577 -12.740 -11.163
LYS01A0024_005   1.893 -12.654 -10.761
LYS01A0024_006   1.575 -12.383 -10.808
LYS01A0024_007   1.255 -12.519 -11.264
LYS01A0024_008   1.746 -11.980 -10.234
LYS01A0024_009   2.326 -12.964 -10.639
LYS01A0024_010   2.705 -12.833 -10.128
LYS01A0024_011   2.821 -12.170  -9.349
LYS01A0024_012   4.076 -12.219  -8.143
LYS01A0024_013   4.331 -12.061  -7.730
LYS01A0024_014   2.617 -12.338  -9.721
LYS01A0024_015   3.429 -12.235  -8.806
LYS01A0024_016   5.001 -11.893  -6.892
LYS01A0024_017   3.750 -12.386  -8.635
LYS01A0024_018   4.132 -12.249  -8.117
LYS01A0024_019   1.837 -12.627 -10.790
LYS01A0024_020   3.147 -12.194  -9.047
LYS+1A0024_021   2.247 -12.466 -10.219
LYS+1A0024_022   2.258 -12.897 -10.639
LYS+1A0024_023   3.605 -12.167  -8.562
LYS+1A0024_024   2.550 -12.338  -9.788
LYS+1A0024_025   1.971 -12.413 -10.442
LYS+1A0024_026   1.832 -12.706 -10.873
LYS+1A0024_027   4.885 -11.893  -7.009
LYS+1A0024_028   3.729 -12.318  -8.589
LYS+1A0024_029   4.157 -12.287  -8.131
LYS+1A0024_030   1.793 -12.563 -10.770
LYS+1A0024_031   1.198 -12.451 -11.253
LYS+1A0024_032   1.711 -11.980 -10.269
LYS+1A0024_033   3.103 -12.258  -9.155
LYS+1A0024_034   2.651 -12.833 -10.182
LYS+1A0024_035   2.786 -12.353  -9.567
LYS+1A0024_036   4.110 -12.232  -8.122
LYS+1A0024_037   4.263 -12.049  -7.785
LYS+1A0024_038   1.530 -12.817 -11.286
LYS+1A0024_039   3.381 -12.235  -8.854
LYS+1A0024_040   1.509 -12.435 -10.926
