iConf CONFORMER     FL  occ    crg   Em0  pKa0 ne nH    vdw0    vdw1    tors    epol   dsolv   extra    history
00001 MET01A0065_001 f 0.00  0.000     0  0.00  0  0 -11.421   0.558   2.464   0.003  -0.003   0.000 01O000M000t
00002 MET01A0065_002 f 0.00  0.000     0  0.00  0  0 -11.474   1.916   1.777   0.009  -0.003   0.000 01R005M000t
00003 MET01A0065_003 f 0.00  0.000     0  0.00  0  0 -12.173   0.594   1.776   0.006  -0.002   0.000 01R00BM000t
00004 MET01A0065_004 f 0.00  0.000     0  0.00  0  0 -11.117   1.945   4.315   0.008  -0.002   0.000 01R012M000t
00005 MET01A0065_005 f 0.00  0.000     0  0.00  0  0 -11.532   0.554   3.282   0.004  -0.003   0.000 01R015M000t
00006 MET01A0065_006 f 0.00  0.000     0  0.00  0  0 -11.667   2.131   0.843   0.007  -0.003   0.000 01R020M000t
00007 MET01A0065_007 f 0.00  0.000     0  0.00  0  0  -8.367   1.905   1.510   0.013  -0.002   0.000 01R026M000t
00008 MET01A0065_008 f 0.00  0.000     0  0.00  0  0 -11.256   1.885   2.592   0.010  -0.003   0.000 01R02BM000t
00009 MET01A0065_009 f 0.00  0.000     0  0.00  0  0 -11.023   0.849   5.005   0.007  -0.003   0.000 01R02DM000t
00010 MET01A0065_010 f 0.00  0.000     0  0.00  0  0 -10.886   0.435   5.824   0.002  -0.003   0.000 01R02EM000t
00011 MET01A0065_011 f 0.00  0.000     0  0.00  0  0 -11.201   0.991   2.463   0.011  -0.002   0.000 01R030M000t
00012 MET01A0065_012 f 0.00  0.000     0  0.00  0  0 -11.195   0.900   4.320   0.007  -0.003   0.000 01R038M000t
00013 MET01A0065_013 f 0.00  0.000     0  0.00  0  0 -11.753   3.122   2.736   0.007  -0.003   0.000 01R03CM000t
00014 MET01A0065_014 f 0.00  0.000     0  0.00  0  0 -11.522   0.709   5.135   0.002  -0.002   0.000 01R03FM000t
00015 MET01A0065_015 f 0.00  0.000     0  0.00  0  0 -11.094   2.515   2.202   0.005  -0.002   0.000 01R049M000t
00016 MET01A0065_016 f 0.00  0.000     0  0.00  0  0 -11.712   2.722   1.568   0.006  -0.003   0.000 01T003M000t
00017 MET01A0065_017 f 0.00  0.000     0  0.00  0  0 -11.710   5.006   3.063   0.007  -0.003   0.000 01T01DM000t
00018 MET01A0065_018 f 0.00  0.000     0  0.00  0  0 -11.410   4.203   2.413  -0.004  -0.002   0.000 01T043M000t
00019 MET01A0065_019 f 0.00  0.000     0  0.00  0  0 -10.902   2.529   5.159   0.009  -0.002   0.000 01T04BM000t
00020 MET01A0065_020 f 0.00  0.000     0  0.00  0  0 -11.563   4.019   2.315   0.017  -0.002   0.000 01T04FM000t
