CONFORMER         crg  vdw0  vdw1  tors  epol  self   occ  Hb     history    ASA
MET01A0065_001  0.000-11.42  0.48  2.46  0.00 -8.48 0.506  00  01O000M000  1.000
MET01A0065_002  0.000-11.47  1.84  1.78  0.00 -7.86 0.505  00  01R005M000  1.000
MET01A0065_003  0.000-12.17  0.60  1.78  0.00 -9.80 0.507  00  01R00BM000  1.000
MET01A0065_004  0.000-11.12  1.94  4.32  0.00 -4.86 0.505  00  01R012M000  1.000
MET01A0065_005  0.000-11.53  0.48  3.28  0.00 -7.77 0.506  00  01R015M000  1.000
MET01A0065_006  0.000-11.67  2.06  0.84  0.00 -8.76 0.504  00  01R020M000  1.000
MET01A0065_007  0.000 -8.32  1.83  1.51  0.00 -4.98 0.507  00  01R026M000  1.000
MET01A0065_008  0.000-11.26  1.81  2.59  0.00 -6.85 0.505  00  01R02BM000  1.000
MET01A0065_009  0.000-11.02  0.76  5.01  0.00 -5.25 0.505  00  01R02DM000  1.000
MET01A0065_010  0.000-10.82  0.35  5.82  0.00 -4.65 0.507  00  01R02EM000  1.000
MET01A0065_011  0.000-11.20  0.99  2.46  0.00 -7.75 0.507  00  01R030M000  1.000
MET01A0065_012  0.000-11.19  0.82  4.32  0.00 -6.06 0.507  00  01R038M000  1.000
MET01A0065_013  0.000-11.82  3.12  2.73  0.00 -5.97 0.505  00  01R03CM000  1.000
MET01A0065_014  0.000-11.47  0.71  5.14  0.00 -5.62 0.507  00  01R03FM000  1.000
MET01A0065_015  0.000-11.02  2.51  2.20  0.00 -6.31 0.506  00  01R049M000  1.000
MET01A0065_016  0.000-11.71  2.65  1.57  0.00 -7.49 0.507  00  01T003M000  1.000
MET01A0065_017  0.000-11.71  4.93  3.06  0.00 -3.72 0.507  00  01T01DM000  1.000
MET01A0065_018  0.000-11.41  4.21  2.42  0.00 -4.79 0.505  00  01T043M000  1.000
MET01A0065_019  0.000-10.90  2.53  5.16  0.00 -3.22 0.507  00  01T04BM000  1.000
MET01A0065_020  0.000-11.56  4.02  2.32  0.00 -5.23 0.507  00  01T04FM000  1.000
