   confID        vdw0    sas     sum
MET01A0065_001   0.161 -11.582 -11.421
MET01A0065_002   0.163 -11.636 -11.474
MET01A0065_003   0.131 -12.304 -12.173
MET01A0065_004   0.545 -11.662 -11.117
MET01A0065_005   0.306 -11.837 -11.532
MET01A0065_006   0.131 -11.798 -11.667
MET01A0065_007   2.724 -11.091  -8.367
MET01A0065_008   0.293 -11.549 -11.256
MET01A0065_009   0.588 -11.611 -11.023
MET01A0065_010   0.718 -11.604 -10.886
MET01A0065_011   0.388 -11.589 -11.201
MET01A0065_012   0.587 -11.782 -11.195
MET01A0065_013   0.308 -12.061 -11.753
MET01A0065_014   0.722 -12.244 -11.522
MET01A0065_015   0.269 -11.363 -11.094
MET01A0065_016   0.160 -11.872 -11.712
MET01A0065_017   0.297 -12.006 -11.710
MET01A0065_018   0.208 -11.619 -11.410
MET01A0065_019   0.633 -11.534 -10.902
MET01A0065_020   0.198 -11.761 -11.563
