iConf CONFORMER     FL  occ    crg   Em0  pKa0 ne nH    vdw0    vdw1    tors    epol   dsolv   extra    history
00001 ARG01A0081_001 f 0.00  0.000     0  0.00  0  0 -13.628   1.080   0.842   0.001  -1.680   0.000 01O000M000t
00002 ARG01A0081_002 f 0.00  0.000     0  0.00  0  0 -13.251   1.585   3.840   0.016  -1.617   0.000 01E013M000t
00003 ARG01A0081_003 f 0.00  0.000     0  0.00  0  0 -12.054   1.708   4.222  -0.009  -1.555   0.000 01E020M000t
00004 ARG01A0081_004 f 0.00  0.000     0  0.00  0  0 -12.782   2.336   4.063  -0.009  -1.524   0.000 01E02BM000t
00005 ARG01A0081_005 f 0.00  0.000     0  0.00  0  0 -13.288   5.627   0.733   0.015  -1.627   0.000 01E050M000t
00006 ARG01A0081_006 f 0.00  0.000     0  0.00  0  0 -11.633   1.105   2.853  -0.004  -1.623   0.000 01E070M000t
00007 ARG01A0081_007 f 0.00  0.000     0  0.00  0  0 -10.588   0.837   3.406   0.020  -1.556   0.000 01E08FM000t
00008 ARG01A0081_008 f 0.00  0.000     0  0.00  0  0  -9.337   5.115   1.177   0.081  -1.472   0.000 01E0C0M000t
00009 ARG01A0081_009 f 0.00  0.000     0  0.00  0  0 -10.466   3.835   3.337   0.019  -1.584   0.000 01E0D5M000t
00010 ARG01A0081_010 f 0.00  0.000     0  0.00  0  0 -11.525   1.091   5.855   0.070  -1.566   0.000 01E0E5M000t
00011 ARG01A0081_011 f 0.00  0.000     0  0.00  0  0 -13.637   1.045   3.332   0.015  -1.596   0.000 01T012M000t
00012 ARG01A0081_012 f 0.00  0.000     0  0.00  0  0 -12.459   2.352   1.425  -0.024  -1.524   0.000 01T01FM000t
00013 ARG01A0081_013 f 0.00  0.000     0  0.00  0  0 -13.228   1.538   6.501   0.015  -1.607   0.000 01T03EM000t
00014 ARG01A0081_014 f 0.00  0.000     0  0.00  0  0 -12.426   0.933   0.601   0.005  -1.632   0.000 01T045M000t
00015 ARG01A0081_015 f 0.00  0.000     0  0.00  0  0 -11.729   1.845   1.303   0.007  -1.624   0.000 01T056M000t
00016 ARG01A0081_016 f 0.00  0.000     0  0.00  0  0 -10.433   1.731   0.570  -0.011  -1.577   0.000 01T085M000t
00017 ARG01A0081_017 f 0.00  0.000     0  0.00  0  0 -10.571   1.350   5.235  -0.005  -1.595   0.000 01T08AM000t
00018 ARG01A0081_018 f 0.00  0.000     0  0.00  0  0 -11.398   3.928   1.197  -0.085  -1.515   0.000 01T0BBM000t
00019 ARG01A0081_019 f 0.00  0.000     0  0.00  0  0 -10.916   2.104   6.223  -0.002  -1.604   0.000 01T0D7M000t
00020 ARG01A0081_020 f 0.00  0.000     0  0.00  0  0 -11.557   1.721   4.050  -0.045  -1.569   0.000 01T0DBM000t
00021 ARG02A0081_021 f 0.00  0.000     0  0.00  0  0 -13.664   1.077   0.842   0.018  -1.384   0.000 02O000M000t
00022 ARG02A0081_022 f 0.00  0.000     0  0.00  0  0 -10.265   3.862   3.228  -0.012  -1.445   0.000 02E0D5M000t
00023 ARG02A0081_023 f 0.00  0.000     0  0.00  0  0 -11.037   2.087   6.202   0.019  -1.466   0.000 02E0D7M000t
00024 ARG02A0081_024 f 0.00  0.000     0  0.00  0  0 -11.537   1.690   3.974   0.034  -1.448   0.000 02E0DBM000t
00025 ARG02A0081_025 f 0.00  0.000     0  0.00  0  0 -13.073   1.508   2.596   0.020  -1.318   0.000 02T013M000t
00026 ARG02A0081_026 f 0.00  0.000     0  0.00  0  0  -9.668   6.512   0.991  -0.000  -1.357   0.000 02T0C0M000t
00027 ARG02A0081_027 f 0.00  0.000     0  0.00  0  0 -13.155   1.168   2.519   0.013  -1.540   0.000 02T012M000t
00028 ARG02A0081_028 f 0.00  0.000     0  0.00  0  0 -13.433   1.345   5.587   0.001  -1.562   0.000 02T03EM000t
00029 ARG02A0081_029 f 0.00  0.000     0  0.00  0  0 -12.424   0.932   0.595   0.003  -1.482   0.000 02T045M000t
00030 ARG02A0081_030 f 0.00  0.000     0  0.00  0  0 -11.743   1.839   1.295   0.009  -1.526   0.000 02T056M000t
00031 ARG02A0081_031 f 0.00  0.000     0  0.00  0  0 -12.309   1.814   1.125   0.037  -1.429   0.000 02T01FM000t
00032 ARG02A0081_032 f 0.00  0.000     0  0.00  0  0 -11.896   2.518   3.218   0.023  -1.507   0.000 02T020M000t
00033 ARG02A0081_033 f 0.00  0.000     0  0.00  0  0 -12.233   1.720   3.209  -0.008  -1.528   0.000 02T02BM000t
00034 ARG02A0081_034 f 0.00  0.000     0  0.00  0  0 -12.990   6.036   0.662   0.031  -1.455   0.000 02T050M000t
00035 ARG02A0081_035 f 0.00  0.000     0  0.00  0  0 -11.610   1.109   2.853   0.007  -1.496   0.000 02T070M000t
00036 ARG02A0081_036 f 0.00  0.000     0  0.00  0  0 -10.432   1.729   0.521   0.005  -1.517   0.000 02T085M000t
00037 ARG02A0081_037 f 0.00  0.000     0  0.00  0  0 -10.691   1.348   5.233   0.006  -1.492   0.000 02T08AM000t
00038 ARG02A0081_038 f 0.00  0.000     0  0.00  0  0 -10.517   0.849   3.290  -0.029  -1.422   0.000 02T08FM000t
00039 ARG02A0081_039 f 0.00  0.000     0  0.00  0  0 -11.099   4.240   1.161   0.085  -1.384   0.000 02T0BBM000t
00040 ARG02A0081_040 f 0.00  0.000     0  0.00  0  0 -11.482   1.116   5.776  -0.019  -1.433   0.000 02T0E5M000t
00041 ARG03A0081_041 f 0.00  0.000     0  0.00  0  0 -13.670   1.077   0.842   0.018  -1.397   0.000 03O000M000t
00042 ARG03A0081_042 f 0.00  0.000     0  0.00  0  0 -11.785   1.110   2.843   0.008  -1.390   0.000 03E070M000t
00043 ARG03A0081_043 f 0.00  0.000     0  0.00  0  0 -10.140   3.912   3.207   0.011  -1.484   0.000 03E0D5M000t
00044 ARG03A0081_044 f 0.00  0.000     0  0.00  0  0 -13.485   1.332   5.534   0.020  -1.340   0.000 03T03EM000t
00045 ARG03A0081_045 f 0.00  0.000     0  0.00  0  0 -10.702   0.854   3.281  -0.016  -1.314   0.000 03T08FM000t
00046 ARG03A0081_046 f 0.00  0.000     0  0.00  0  0 -13.120   1.176   2.419   0.017  -1.368   0.000 03T012M000t
00047 ARG03A0081_047 f 0.00  0.000     0  0.00  0  0 -12.844   1.500   2.502   0.023  -1.384   0.000 03T013M000t
00048 ARG03A0081_048 f 0.00  0.000     0  0.00  0  0 -12.479   1.831   1.110   0.040  -1.360   0.000 03T01FM000t
00049 ARG03A0081_049 f 0.00  0.000     0  0.00  0  0 -10.456   1.737   0.513   0.007  -1.368   0.000 03T085M000t
00050 ARG03A0081_050 f 0.00  0.000     0  0.00  0  0  -9.725   6.525   0.994   0.002  -1.366   0.000 03T0C0M000t
00051 ARG03A0081_051 f 0.00  0.000     0  0.00  0  0 -12.037   2.536   3.170   0.013  -1.465   0.000 03T020M000t
00052 ARG03A0081_052 f 0.00  0.000     0  0.00  0  0 -12.206   1.745   3.168  -0.007  -1.616   0.000 03T02BM000t
00053 ARG03A0081_053 f 0.00  0.000     0  0.00  0  0 -11.565   1.819   1.295   0.010  -1.431   0.000 03T056M000t
00054 ARG03A0081_054 f 0.00  0.000     0  0.00  0  0 -11.144   4.279   1.156   0.052  -1.325   0.000 03T0BBM000t
00055 ARG03A0081_055 f 0.00  0.000     0  0.00  0  0 -11.112   2.089   6.188   0.001  -1.430   0.000 03T0D7M000t
00056 ARG03A0081_056 f 0.00  0.000     0  0.00  0  0 -11.547   1.097   5.770   0.062  -1.347   0.000 03T0E5M000t
00057 ARG03A0081_057 f 0.00  0.000     0  0.00  0  0 -12.453   0.933   0.598   0.006  -1.452   0.000 03T045M000t
00058 ARG03A0081_058 f 0.00  0.000     0  0.00  0  0 -13.012   5.973   0.652   0.032  -1.412   0.000 03T050M000t
00059 ARG03A0081_059 f 0.00  0.000     0  0.00  0  0 -10.698   1.335   5.188  -0.004  -1.387   0.000 03T08AM000t
00060 ARG03A0081_060 f 0.00  0.000     0  0.00  0  0 -11.502   1.653   3.975  -0.044  -1.381   0.000 03T0DBM000t
00061 ARG+1A0081_061 f 0.00  1.000     0 12.50  0  1 -13.708   1.077   0.842   0.059  -6.093   0.000 +1O000M000t
00062 ARG+1A0081_062 f 0.00  1.000     0 12.50  0  1 -12.312   1.825   1.138   0.109  -5.846   0.000 +1E01FM000t
00063 ARG+1A0081_063 f 0.00  1.000     0 12.50  0  1 -11.999   2.505   3.234   0.088  -5.955   0.000 +1E020M000t
00064 ARG+1A0081_064 f 0.00  1.000     0 12.50  0  1 -12.268   1.714   3.222   0.075  -5.909   0.000 +1E02BM000t
00065 ARG+1A0081_065 f 0.00  1.000     0 12.50  0  1 -12.844   6.067   0.664   0.152  -6.064   0.000 +1E050M000t
00066 ARG+1A0081_066 f 0.00  1.000     0 12.50  0  1 -11.698   1.105   2.859   0.057  -6.023   0.000 +1E070M000t
00067 ARG+1A0081_067 f 0.00  1.000     0 12.50  0  1 -10.640   0.850   3.301  -0.010  -6.007   0.000 +1E08FM000t
00068 ARG+1A0081_068 f 0.00  1.000     0 12.50  0  1 -11.116   4.276   1.163   0.326  -5.849   0.000 +1E0BBM000t
00069 ARG+1A0081_069 f 0.00  1.000     0 12.50  0  1  -9.814   6.564   0.999   0.031  -5.813   0.000 +1E0C0M000t
00070 ARG+1A0081_070 f 0.00  1.000     0 12.50  0  1 -11.638   1.097   5.781   0.151  -5.958   0.000 +1E0E5M000t
00071 ARG+1A0081_071 f 0.00  1.000     0 12.50  0  1 -13.359   1.167   2.530   0.045  -6.110   0.000 +1T012M000t
00072 ARG+1A0081_072 f 0.00  1.000     0 12.50  0  1 -13.069   1.506   2.601   0.050  -6.008   0.000 +1T013M000t
00073 ARG+1A0081_073 f 0.00  1.000     0 12.50  0  1 -13.582   1.341   5.594   0.104  -5.995   0.000 +1T03EM000t
00074 ARG+1A0081_074 f 0.00  1.000     0 12.50  0  1 -12.492   0.933   0.603   0.054  -6.032   0.000 +1T045M000t
00075 ARG+1A0081_075 f 0.00  1.000     0 12.50  0  1 -11.706   1.820   1.303   0.075  -6.030   0.000 +1T056M000t
00076 ARG+1A0081_076 f 0.00  1.000     0 12.50  0  1 -10.447   1.729   0.520   0.082  -5.941   0.000 +1T085M000t
00077 ARG+1A0081_077 f 0.00  1.000     0 12.50  0  1 -10.743   1.339   5.238   0.026  -6.064   0.000 +1T08AM000t
00078 ARG+1A0081_078 f 0.00  1.000     0 12.50  0  1 -10.227   3.929   3.229   0.019  -6.072   0.000 +1T0D5M000t
00079 ARG+1A0081_079 f 0.00  1.000     0 12.50  0  1 -11.128   2.091   6.199  -0.001  -6.043   0.000 +1T0D7M000t
00080 ARG+1A0081_080 f 0.00  1.000     0 12.50  0  1 -11.548   1.650   3.987  -0.053  -5.994   0.000 +1T0DBM000t
