CONFORMER         crg  vdw0  vdw1  tors  epol  self   occ  Hb     history    ASA
ARG01A0081_001  0.000-13.63  0.98  0.84  0.00-11.81 0.502  00  01O000M000  1.000
ARG01A0081_002  0.000-13.25  1.53  3.84  0.00 -7.88 0.501  00  01E013M000  1.000
ARG01A0081_003  0.000-12.05  1.66  4.22  0.00 -6.17 0.502  00  01E020M000  1.000
ARG01A0081_004  0.000-12.78  2.34  4.06  0.00 -6.38 0.502  00  01E02BM000  1.000
ARG01A0081_005  0.000-13.28  5.57  0.74  0.00 -6.98 0.501  00  01E050M000  1.000
ARG01A0081_006  0.000-11.63  1.00  2.85  0.00 -7.78 0.502  00  01E070M000  1.000
ARG01A0081_007  0.000-10.60  0.79  3.40  0.00 -6.41 0.502  00  01E08FM000  1.000
ARG01A0081_008  0.000 -9.33  5.11  1.18  0.00 -3.04 0.501  00  01E0C0M000  1.000
ARG01A0081_009  0.000-10.51  3.77  3.34  0.00 -3.40 0.502  00  01E0D5M000  1.000
ARG01A0081_010  0.000-11.49  1.09  5.85  0.00 -4.54 0.502  00  01E0E5M000  1.000
ARG01A0081_011  0.000-13.64  0.95  3.35  0.00 -9.35 0.502  00  01T012M000  1.000
ARG01A0081_012  0.000-12.52  2.30  1.42  0.00 -8.81 0.502  00  01T01FM000  1.000
ARG01A0081_013  0.000-13.23  1.54  6.51  0.00 -5.18 0.503  00  01T03EM000  1.000
ARG01A0081_014  0.000-12.42  0.83  0.60  0.00-10.99 0.502  00  01T045M000  1.000
ARG01A0081_015  0.000-11.68  1.84  1.30  0.00 -8.53 0.502  00  01T056M000  1.000
ARG01A0081_016  0.000-10.43  1.68  0.57  0.00 -8.19 0.502  00  01T085M000  1.000
ARG01A0081_017  0.000-10.56  1.30  5.23  0.00 -4.03 0.502  00  01T08AM000  1.000
ARG01A0081_018  0.000-11.35  3.94  1.20  0.00 -6.22 0.503  00  01T0BBM000  1.000
ARG01A0081_019  0.000-10.93  2.11  6.22  0.00 -2.60 0.502  00  01T0D7M000  1.000
ARG01A0081_020  0.000-11.56  1.72  4.05  0.00 -5.79 0.501  00  01T0DBM000  1.000
ARG02A0081_021  0.000-13.66  0.97  0.84  0.00-11.85 0.502  00  02O000M000  1.000
ARG02A0081_022  0.000-10.19  3.80  3.23  0.00 -3.17 0.502  00  02E0D5M000  1.000
ARG02A0081_023  0.000-11.04  2.09  6.20  0.00 -2.75 0.502  00  02E0D7M000  1.000
ARG02A0081_024  0.000-11.54  1.69  3.97  0.00 -5.87 0.501  00  02E0DBM000  1.000
ARG02A0081_025  0.000-13.08  1.45  2.60  0.00 -9.03 0.501  00  02T013M000  1.000
ARG02A0081_026  0.000 -9.66  6.50  0.99  0.00 -2.17 0.501  00  02T0C0M000  1.000
ARG02A0081_027  0.000-13.15  1.07  2.52  0.00 -9.56 0.502  00  02T012M000  1.000
ARG02A0081_028  0.000-13.44  1.35  5.59  0.00 -6.50 0.503  00  02T03EM000  1.000
ARG02A0081_029  0.000-12.42  0.83  0.59  0.00-11.00 0.502  00  02T045M000  1.000
ARG02A0081_030  0.000-11.75  1.84  1.30  0.00 -8.62 0.502  00  02T056M000  1.000
ARG02A0081_031  0.000-12.31  1.77  1.12  0.00 -9.41 0.502  00  02T01FM000  1.000
ARG02A0081_032  0.000-11.89  2.47  3.22  0.00 -6.20 0.502  00  02T020M000  1.000
ARG02A0081_033  0.000-12.24  1.72  3.21  0.00 -7.30 0.502  00  02T02BM000  1.000
ARG02A0081_034  0.000-12.99  5.99  0.66  0.00 -6.34 0.501  00  02T050M000  1.000
ARG02A0081_035  0.000-11.62  1.01  2.85  0.00 -7.76 0.502  00  02T070M000  1.000
ARG02A0081_036  0.000-10.44  1.67  0.52  0.00 -8.25 0.502  00  02T085M000  1.000
ARG02A0081_037  0.000-10.69  1.29  5.23  0.00 -4.16 0.502  00  02T08AM000  1.000
ARG02A0081_038  0.000-10.51  0.79  3.29  0.00 -6.43 0.502  00  02T08FM000  1.000
ARG02A0081_039  0.000-11.11  4.24  1.16  0.00 -5.70 0.503  00  02T0BBM000  1.000
ARG02A0081_040  0.000-11.49  1.12  5.78  0.00 -4.59 0.502  00  02T0E5M000  1.000
ARG03A0081_041  0.000-13.67  0.97  0.84  0.00-11.85 0.502  00  03O000M000  1.000
ARG03A0081_042  0.000-11.78  1.01  2.84  0.00 -7.94 0.502  00  03E070M000  1.000
ARG03A0081_043  0.000-10.15  3.85  3.21  0.00 -3.10 0.502  00  03E0D5M000  1.000
ARG03A0081_044  0.000-13.49  1.34  5.54  0.00 -6.61 0.503  00  03T03EM000  1.000
ARG03A0081_045  0.000-10.70  0.80  3.28  0.00 -6.62 0.502  00  03T08FM000  1.000
ARG03A0081_046  0.000-13.10  1.07  2.42  0.00 -9.61 0.502  00  03T012M000  1.000
ARG03A0081_047  0.000-12.84  1.45  2.50  0.00 -8.89 0.501  00  03T013M000  1.000
ARG03A0081_048  0.000-12.48  1.78  1.11  0.00 -9.58 0.502  00  03T01FM000  1.000
ARG03A0081_049  0.000-10.45  1.68  0.51  0.00 -8.26 0.502  00  03T085M000  1.000
ARG03A0081_050  0.000 -9.72  6.54  0.99  0.00 -2.19 0.501  00  03T0C0M000  1.000
ARG03A0081_051  0.000-12.04  2.48  3.17  0.00 -6.38 0.502  00  03T020M000  1.000
ARG03A0081_052  0.000-12.20  1.74  3.17  0.00 -7.29 0.502  00  03T02BM000  1.000
ARG03A0081_053  0.000-11.57  1.82  1.30  0.00 -8.45 0.502  00  03T056M000  1.000
ARG03A0081_054  0.000-11.15  4.27  1.16  0.00 -5.72 0.503  00  03T0BBM000  1.000
ARG03A0081_055  0.000-11.12  2.09  6.19  0.00 -2.84 0.502  00  03T0D7M000  1.000
ARG03A0081_056  0.000-11.54  1.10  5.77  0.00 -4.68 0.502  00  03T0E5M000  1.000
ARG03A0081_057  0.000-12.45  0.83  0.60  0.00-11.02 0.502  00  03T045M000  1.000
ARG03A0081_058  0.000-13.00  5.92  0.65  0.00 -6.43 0.501  00  03T050M000  1.000
ARG03A0081_059  0.000-10.70  1.28  5.19  0.00 -4.23 0.502  00  03T08AM000  1.000
ARG03A0081_060  0.000-11.50  1.66  3.98  0.00 -5.86 0.501  00  03T0DBM000  1.000
ARG+1A0081_061  1.000-13.71  0.97  0.84  0.00-11.89 0.502  00  +1O000M000  1.000
ARG+1A0081_062  1.000-12.31  1.78  1.14  0.00 -9.40 0.502  00  +1E01FM000  1.000
ARG+1A0081_063  1.000-12.00  2.45  3.23  0.00 -6.31 0.502  00  +1E020M000  1.000
ARG+1A0081_064  1.000-12.27  1.72  3.22  0.00 -7.33 0.502  00  +1E02BM000  1.000
ARG+1A0081_065  1.000-12.85  6.01  0.66  0.00 -6.17 0.501  00  +1E050M000  1.000
ARG+1A0081_066  1.000-11.69  1.00  2.86  0.00 -7.83 0.502  00  +1E070M000  1.000
ARG+1A0081_067  1.000-10.64  0.79  3.30  0.00 -6.55 0.502  00  +1E08FM000  1.000
ARG+1A0081_068  1.000-11.18  4.27  1.16  0.00 -5.74 0.503  00  +1E0BBM000  1.000
ARG+1A0081_069  1.000 -9.81  6.56  1.00  0.00 -2.25 0.501  00  +1E0C0M000  1.000
ARG+1A0081_070  1.000-11.63  1.10  5.78  0.00 -4.75 0.502  00  +1E0E5M000  1.000
ARG+1A0081_071  1.000-13.36  1.06  2.53  0.00 -9.77 0.502  00  +1T012M000  1.000
ARG+1A0081_072  1.000-13.07  1.45  2.60  0.00 -9.02 0.501  00  +1T013M000  1.000
ARG+1A0081_073  1.000-13.58  1.34  5.59  0.00 -6.65 0.503  00  +1T03EM000  1.000
ARG+1A0081_074  1.000-12.49  0.83  0.60  0.00-11.06 0.502  00  +1T045M000  1.000
ARG+1A0081_075  1.000-11.71  1.82  1.30  0.00 -8.59 0.502  00  +1T056M000  1.000
ARG+1A0081_076  1.000-10.46  1.67  0.52  0.00 -8.27 0.502  00  +1T085M000  1.000
ARG+1A0081_077  1.000-10.73  1.29  5.24  0.00 -4.21 0.502  00  +1T08AM000  1.000
ARG+1A0081_078  1.000-10.23  3.86  3.23  0.00 -3.14 0.502  00  +1T0D5M000  1.000
ARG+1A0081_079  1.000-11.07  2.09  6.20  0.00 -2.77 0.502  00  +1T0D7M000  1.000
ARG+1A0081_080  1.000-11.55  1.66  3.99  0.00 -5.90 0.501  00  +1T0DBM000  1.000
