   confID        vdw0    sas     sum
ARG01A0081_001   1.187 -14.814 -13.628
ARG01A0081_002   1.291 -14.542 -13.251
ARG01A0081_003   2.219 -14.273 -12.054
ARG01A0081_004   2.234 -15.016 -12.782
ARG01A0081_005   1.511 -14.798 -13.288
ARG01A0081_006   2.912 -14.545 -11.633
ARG01A0081_007   3.031 -13.619 -10.588
ARG01A0081_008   4.672 -14.009  -9.337
ARG01A0081_009   3.477 -13.943 -10.466
ARG01A0081_010   2.645 -14.170 -11.525
ARG01A0081_011   1.284 -14.921 -13.637
ARG01A0081_012   2.060 -14.519 -12.459
ARG01A0081_013   1.346 -14.574 -13.228
ARG01A0081_014   2.296 -14.722 -12.426
ARG01A0081_015   2.719 -14.448 -11.729
ARG01A0081_016   3.535 -13.968 -10.433
ARG01A0081_017   3.665 -14.237 -10.571
ARG01A0081_018   3.516 -14.914 -11.398
ARG01A0081_019   4.040 -14.956 -10.916
ARG01A0081_020   2.841 -14.398 -11.557
ARG02A0081_021   1.150 -14.814 -13.664
ARG02A0081_022   3.687 -13.952 -10.265
ARG02A0081_023   4.032 -15.069 -11.037
ARG02A0081_024   2.858 -14.394 -11.537
ARG02A0081_025   1.620 -14.693 -13.073
ARG02A0081_026   4.489 -14.157  -9.668
ARG02A0081_027   1.596 -14.751 -13.155
ARG02A0081_028   1.632 -15.065 -13.433
ARG02A0081_029   2.298 -14.722 -12.424
ARG02A0081_030   2.770 -14.512 -11.743
ARG02A0081_031   2.138 -14.448 -12.309
ARG02A0081_032   2.641 -14.536 -11.896
ARG02A0081_033   2.644 -14.877 -12.233
ARG02A0081_034   1.793 -14.782 -12.990
ARG02A0081_035   2.935 -14.545 -11.610
ARG02A0081_036   3.587 -14.020 -10.432
ARG02A0081_037   3.529 -14.220 -10.691
ARG02A0081_038   3.305 -13.822 -10.517
ARG02A0081_039   3.571 -14.670 -11.099
ARG02A0081_040   2.676 -14.158 -11.482
ARG03A0081_041   1.145 -14.814 -13.670
ARG03A0081_042   2.889 -14.674 -11.785
ARG03A0081_043   3.645 -13.785 -10.140
ARG03A0081_044   1.564 -15.048 -13.485
ARG03A0081_045   3.252 -13.954 -10.702
ARG03A0081_046   1.512 -14.632 -13.120
ARG03A0081_047   1.585 -14.429 -12.844
ARG03A0081_048   2.037 -14.516 -12.479
ARG03A0081_049   3.512 -13.968 -10.456
ARG03A0081_050   4.480 -14.205  -9.725
ARG03A0081_051   2.564 -14.601 -12.037
ARG03A0081_052   2.559 -14.765 -12.206
ARG03A0081_053   2.799 -14.364 -11.565
ARG03A0081_054   3.526 -14.670 -11.144
ARG03A0081_055   4.004 -15.117 -11.112
ARG03A0081_056   2.611 -14.158 -11.547
ARG03A0081_057   2.269 -14.722 -12.453
ARG03A0081_058   1.767 -14.779 -13.012
ARG03A0081_059   3.506 -14.204 -10.698
ARG03A0081_060   2.825 -14.327 -11.502
ARG+1A0081_061   1.106 -14.814 -13.708
ARG+1A0081_062   2.049 -14.361 -12.312
ARG+1A0081_063   2.538 -14.536 -11.999
ARG+1A0081_064   2.542 -14.810 -12.268
ARG+1A0081_065   1.742 -14.586 -12.844
ARG+1A0081_066   2.847 -14.545 -11.698
ARG+1A0081_067   3.246 -13.886 -10.640
ARG+1A0081_068   3.490 -14.606 -11.116
ARG+1A0081_069   4.455 -14.269  -9.814
ARG+1A0081_070   2.583 -14.222 -11.638
ARG+1A0081_071   1.505 -14.864 -13.359
ARG+1A0081_072   1.575 -14.645 -13.069
ARG+1A0081_073   1.531 -15.113 -13.582
ARG+1A0081_074   2.229 -14.722 -12.492
ARG+1A0081_075   2.722 -14.428 -11.706
ARG+1A0081_076   3.522 -13.968 -10.447
ARG+1A0081_077   3.478 -14.220 -10.743
ARG+1A0081_078   3.622 -13.849 -10.227
ARG+1A0081_079   3.940 -15.069 -11.128
ARG+1A0081_080   2.779 -14.327 -11.548
