iConf CONFORMER     FL  occ    crg   Em0  pKa0 ne nH    vdw0    vdw1    tors    epol   dsolv   extra    history
00001 LYS01A0028_001 f 0.00  0.000     0  0.00  0  0 -11.130   1.154   2.668  -0.004  -0.211   0.000 01O000M000t
00002 LYS01A0028_002 f 0.00  0.000     0  0.00  0  0  -9.658   1.130   1.899  -0.005  -0.215   0.000 01E004M000t
00003 LYS01A0028_003 f 0.00  0.000     0  0.00  0  0  -9.700   1.193   2.045  -0.006  -0.213   0.000 01E006M000t
00004 LYS01A0028_004 f 0.00  0.000     0  0.00  0  0  -5.356   1.232   3.008  -0.002  -0.209   0.000 01E01EM000t
00005 LYS01A0028_005 f 0.00  0.000     0  0.00  0  0 -10.163   1.452   0.943   0.004  -0.197   0.000 01E02EM000t
00006 LYS01A0028_006 f 0.00  0.000     0  0.00  0  0  -8.477   0.825   1.253   0.011  -0.188   0.000 01E060M000t
00007 LYS01A0028_007 f 0.00  0.000     0  0.00  0  0  -7.652   1.305   1.241  -0.004  -0.214   0.000 01E072M000t
00008 LYS01A0028_008 f 0.00  0.000     0  0.00  0  0  -8.381   1.362   1.670   0.012  -0.186   0.000 01E077M000t
00009 LYS01A0028_009 f 0.00  0.000     0  0.00  0  0  -4.731   1.167   2.186  -0.002  -0.214   0.000 01E081M000t
00010 LYS01A0028_010 f 0.00  0.000     0  0.00  0  0  -5.002   0.862   2.204  -0.021  -0.182   0.000 01E086M000t
00011 LYS01A0028_011 f 0.00  0.000     0  0.00  0  0 -10.461   3.769   2.245  -0.009  -0.209   0.000 01T01BM000t
00012 LYS01A0028_012 f 0.00  0.000     0  0.00  0  0 -10.215   3.725   4.381  -0.003  -0.209   0.000 01T04FM000t
00013 LYS01A0028_013 f 0.00  0.000     0  0.00  0  0  -9.832   3.410   4.583   0.005  -0.212   0.000 01T050M000t
00014 LYS01A0028_014 f 0.00  0.000     0  0.00  0  0 -10.171   4.002   4.391  -0.003  -0.211   0.000 01T057M000t
00015 LYS01A0028_015 f 0.00  0.000     0  0.00  0  0  -7.540   0.992   1.235   0.001  -0.207   0.000 01T062M000t
00016 LYS01A0028_016 f 0.00  0.000     0  0.00  0  0  -4.242   0.858   2.404  -0.033  -0.197   0.000 01T097M000t
00017 LYS01A0028_017 f 0.00  0.000     0  0.00  0  0  -8.925   1.487   2.559  -0.007  -0.205   0.000 01T09FM000t
00018 LYS01A0028_018 f 0.00  0.000     0  0.00  0  0  -5.158   1.567   2.412   0.017  -0.210   0.000 01T0A4M000t
00019 LYS+1A0028_019 f 0.00  1.000     0 10.40  0  1 -11.173   1.153   2.668   0.017  -3.094   0.000 +1O000M000t
00020 LYS+1A0028_020 f 0.00  1.000     0 10.40  0  1  -9.684   1.130   1.927   0.014  -3.097   0.000 +1E004M000t
00021 LYS+1A0028_021 f 0.00  1.000     0 10.40  0  1  -9.662   1.194   2.078   0.046  -3.096   0.000 +1E006M000t
00022 LYS+1A0028_022 f 0.00  1.000     0 10.40  0  1 -10.374   3.673   2.330   0.032  -3.058   0.000 +1E01BM000t
00023 LYS+1A0028_023 f 0.00  1.000     0 10.40  0  1 -10.173   1.453   0.972  -0.005  -3.052   0.000 +1E02EM000t
00024 LYS+1A0028_024 f 0.00  1.000     0 10.40  0  1  -8.431   0.811   1.281   0.048  -2.974   0.000 +1E060M000t
00025 LYS+1A0028_025 f 0.00  1.000     0 10.40  0  1  -8.462   1.355   1.701   0.048  -2.979   0.000 +1E077M000t
00026 LYS+1A0028_026 f 0.00  1.000     0 10.40  0  1  -4.588   1.163   2.210   0.009  -3.095   0.000 +1E081M000t
00027 LYS+1A0028_027 f 0.00  1.000     0 10.40  0  1  -5.291   0.850   2.247  -0.063  -2.967   0.000 +1E086M000t
00028 LYS+1A0028_028 f 0.00  1.000     0 10.40  0  1  -9.021   1.486   2.621  -0.014  -3.058   0.000 +1E09FM000t
00029 LYS+1A0028_029 f 0.00  1.000     0 10.40  0  1  -5.146   1.586   2.456  -0.126  -3.101   0.000 +1E0A4M000t
00030 LYS+1A0028_030 f 0.00  1.000     0 10.40  0  1  -8.415   0.959   1.744  -0.015  -3.102   0.000 +1T00EM000t
00031 LYS+1A0028_031 f 0.00  1.000     0 10.40  0  1  -5.181   1.235   3.059   0.021  -3.108   0.000 +1T01EM000t
00032 LYS+1A0028_032 f 0.00  1.000     0 10.40  0  1 -10.296   3.725   4.395  -0.038  -3.088   0.000 +1T04FM000t
00033 LYS+1A0028_033 f 0.00  1.000     0 10.40  0  1  -9.811   3.394   4.620  -0.029  -3.056   0.000 +1T050M000t
00034 LYS+1A0028_034 f 0.00  1.000     0 10.40  0  1 -10.112   3.989   4.398   0.025  -3.090   0.000 +1T057M000t
00035 LYS+1A0028_035 f 0.00  1.000     0 10.40  0  1  -7.425   1.309   1.300  -0.003  -3.085   0.000 +1T072M000t
00036 LYS+1A0028_036 f 0.00  1.000     0 10.40  0  1  -4.451   0.758   2.440   0.275  -2.985   0.000 +1T097M000t
