CONFORMER         crg  vdw0  vdw1  tors  epol  self   occ  Hb     history    ASA
LYS01A0028_001  0.000-11.13  1.15  2.67  0.00 -7.31 0.502  00  01O000M000  1.000
LYS01A0028_002  0.000 -9.66  1.13  1.90  0.00 -6.64 0.502  00  01E004M000  1.000
LYS01A0028_003  0.000 -9.70  1.19  2.05  0.00 -6.47 0.503  00  01E006M000  1.000
LYS01A0028_004  0.000 -5.35  1.23  3.01  0.00 -1.12 0.503  00  01E01EM000  1.000
LYS01A0028_005  0.000-10.16  1.45  0.94  0.00 -7.77 0.503  00  01E02EM000  1.000
LYS01A0028_006  0.000 -8.41  0.82  1.25  0.00 -6.33 0.502  00  01E060M000  1.000
LYS01A0028_007  0.000 -7.58  1.30  1.24  0.00 -5.04 0.503  00  01E072M000  1.000
LYS01A0028_008  0.000 -8.38  1.36  1.67  0.00 -5.35 0.503  00  01E077M000  1.000
LYS01A0028_009  0.000 -4.71  1.17  2.18  0.00 -1.36 0.503  00  01E081M000  1.000
LYS01A0028_010  0.000 -5.01  0.87  2.21  0.00 -1.93 0.502  00  01E086M000  1.000
LYS01A0028_011  0.000-10.46  3.77  2.25  0.00 -4.44 0.502  00  01T01BM000  1.000
LYS01A0028_012  0.000-10.21  3.71  4.38  0.00 -2.12 0.503  00  01T04FM000  1.000
LYS01A0028_013  0.000 -9.84  3.41  4.58  0.00 -1.84 0.502  00  01T050M000  1.000
LYS01A0028_014  0.000-10.20  3.99  4.39  0.00 -1.81 0.503  00  01T057M000  1.000
LYS01A0028_015  0.000 -7.53  0.99  1.23  0.00 -5.31 0.502  00  01T062M000  1.000
LYS01A0028_016  0.000 -4.22  0.86  2.40  0.00 -0.96 0.502  00  01T097M000  1.000
LYS01A0028_017  0.000 -8.92  1.48  2.56  0.00 -4.87 0.502  00  01T09FM000  1.000
LYS01A0028_018  0.000 -5.15  1.57  2.41  0.00 -1.18 0.503  00  01T0A4M000  1.000
LYS+1A0028_019  1.000-11.18  1.15  2.67  0.00 -7.35 0.502  00  +1O000M000  1.000
LYS+1A0028_020  1.000 -9.68  1.13  1.93  0.00 -6.63 0.502  00  +1E004M000  1.000
LYS+1A0028_021  1.000 -9.67  1.19  2.08  0.00 -6.40 0.503  00  +1E006M000  1.000
LYS+1A0028_022  1.000-10.37  3.67  2.33  0.00 -4.37 0.502  00  +1E01BM000  1.000
LYS+1A0028_023  1.000-10.17  1.45  0.97  0.00 -7.74 0.503  00  +1E02EM000  1.000
LYS+1A0028_024  1.000 -8.44  0.81  1.28  0.00 -6.35 0.502  00  +1E060M000  1.000
LYS+1A0028_025  1.000 -8.46  1.35  1.70  0.00 -5.41 0.503  00  +1E077M000  1.000
LYS+1A0028_026  1.000 -4.67  1.17  2.21  0.00 -1.30 0.503  00  +1E081M000  1.000
LYS+1A0028_027  1.000 -5.29  0.85  2.25  0.00 -2.19 0.502  00  +1E086M000  1.000
LYS+1A0028_028  1.000 -9.02  1.48  2.62  0.00 -4.92 0.502  00  +1E09FM000  1.000
LYS+1A0028_029  1.000 -5.22  1.58  2.46  0.00 -1.18 0.503  00  +1E0A4M000  1.000
LYS+1A0028_030  1.000 -8.42  0.96  1.74  0.00 -5.72 0.502  00  +1T00EM000  1.000
LYS+1A0028_031  1.000 -5.13  1.23  3.06  0.00 -0.83 0.503  00  +1T01EM000  1.000
LYS+1A0028_032  1.000-10.30  3.73  4.40  0.00 -2.18 0.503  00  +1T04FM000  1.000
LYS+1A0028_033  1.000 -9.82  3.40  4.62  0.00 -1.80 0.502  00  +1T050M000  1.000
LYS+1A0028_034  1.000-10.08  3.99  4.40  0.00 -1.69 0.503  00  +1T057M000  1.000
LYS+1A0028_035  1.000 -7.42  1.31  1.30  0.00 -4.81 0.503  00  +1T072M000  1.000
LYS+1A0028_036  1.000 -4.44  0.76  2.44  0.00 -1.24 0.502  00  +1T097M000  1.000
