   confID        vdw0    sas     sum
LYS01A0028_001   1.329 -12.459 -11.130
LYS01A0028_002   2.737 -12.395  -9.658
LYS01A0028_003   2.553 -12.253  -9.700
LYS01A0028_004   6.972 -12.327  -5.356
LYS01A0028_005   1.850 -12.013 -10.163
LYS01A0028_006   3.776 -12.253  -8.477
LYS01A0028_007   4.386 -12.038  -7.652
LYS01A0028_008   3.276 -11.657  -8.381
LYS01A0028_009   7.555 -12.286  -4.731
LYS01A0028_010   7.140 -12.143  -5.002
LYS01A0028_011   2.440 -12.901 -10.461
LYS01A0028_012   2.267 -12.482 -10.215
LYS01A0028_013   2.638 -12.470  -9.832
LYS01A0028_014   2.301 -12.472 -10.171
LYS01A0028_015   4.434 -11.974  -7.540
LYS01A0028_016   7.962 -12.205  -4.242
LYS01A0028_017   2.956 -11.881  -8.925
LYS01A0028_018   7.730 -12.888  -5.158
LYS+1A0028_019   1.286 -12.459 -11.173
LYS+1A0028_020   2.660 -12.344  -9.684
LYS+1A0028_021   2.485 -12.147  -9.662
LYS+1A0028_022   2.476 -12.849 -10.374
LYS+1A0028_023   1.840 -12.013 -10.173
LYS+1A0028_024   3.754 -12.185  -8.431
LYS+1A0028_025   3.234 -11.696  -8.462
LYS+1A0028_026   7.514 -12.102  -4.588
LYS+1A0028_027   6.967 -12.259  -5.291
LYS+1A0028_028   2.898 -11.919  -9.021
LYS+1A0028_029   7.690 -12.836  -5.146
LYS+1A0028_030   3.336 -11.751  -8.415
LYS+1A0028_031   7.095 -12.276  -5.181
LYS+1A0028_032   2.238 -12.534 -10.296
LYS+1A0028_033   2.588 -12.399  -9.811
LYS+1A0028_034   2.280 -12.392 -10.112
LYS+1A0028_035   4.690 -12.115  -7.425
LYS+1A0028_036   7.770 -12.221  -4.451
