iConf CONFORMER     FL  occ    crg   Em0  pKa0 ne nH    vdw0    vdw1    tors    epol   dsolv   extra    history
00001 TYR01A0027_001 f 0.00  0.000     0  0.00  0  0 -10.584  -0.360   0.396   0.013  -0.366   0.000 01O000M000t
00002 TYR01A0027_002 f 0.00  0.000     0  0.00  0  0 -10.559   3.530   2.375   0.100  -0.369   0.000 01E005M000t
00003 TYR01A0027_003 f 0.00  0.000     0  0.00  0  0 -10.819   0.476   2.377   0.035  -0.376   0.000 01T001M000t
00004 TYR01A0027_004 f 0.00  0.000     0  0.00  0  0 -10.711  -0.005   0.374   0.054  -0.373   0.000 01T002M000t
00005 TYR01A0027_005 f 0.00  0.000     0  0.00  0  0 -10.499   3.194   0.397   0.080  -0.365   0.000 01T004M000t
00006 TYR01A0027_006 f 0.00  0.000     0  0.00  0  0 -10.020   0.849   2.366   0.049  -0.385   0.000 01T006M000t
00007 TYR01A0027_007 f 0.00  0.000     0  0.00  0  0 -11.235   3.629   0.278   0.063  -0.371   0.000 01T008M000t
00008 TYR01A0027_008 f 0.00  0.000     0  0.00  0  0 -10.329   2.157   2.372   0.042  -0.377   0.000 01T003M000t
00009 TYR01A0027_009 f 0.00  0.000     0  0.00  0  0 -11.545   0.146   0.355   0.053  -0.373   0.000 01T007M000t
00010 TYR01A0027_010 f 0.00  0.000     0  0.00  0  0 -10.837   2.743   2.371   0.065  -0.385   0.000 01T009M000t
00011 TYR-1A0027_011 f 0.00 -1.000     0 10.20  0 -1 -10.584  -0.360   0.396  -0.081  -3.027   0.000 -1O000M000t
00012 TYR-1A0027_012 f 0.00 -1.000     0 10.20  0 -1 -10.855   2.590   0.397   0.152  -3.022   0.000 -1E004M000t
00013 TYR-1A0027_013 f 0.00 -1.000     0 10.20  0 -1 -11.492   0.156   0.348  -0.032  -3.044   0.000 -1E007M000t
00014 TYR-1A0027_014 f 0.00 -1.000     0 10.20  0 -1 -11.328   3.581   0.278  -0.017  -3.053   0.000 -1E008M000t
00015 TYR-1A0027_015 f 0.00 -1.000     0 10.20  0 -1 -10.923   2.795   2.362   0.011  -3.023   0.000 -1E009M000t
00016 TYR-1A0027_016 f 0.00 -1.000     0 10.20  0 -1 -10.816   0.474   2.370  -0.062  -3.032   0.000 -1T001M000t
00017 TYR-1A0027_017 f 0.00 -1.000     0 10.20  0 -1 -10.711   0.006   0.369  -0.022  -3.051   0.000 -1T002M000t
00018 TYR-1A0027_018 f 0.00 -1.000     0 10.20  0 -1 -10.332   2.139   2.366  -0.001  -3.008   0.000 -1T003M000t
00019 TYR-1A0027_019 f 0.00 -1.000     0 10.20  0 -1 -10.670   3.493   2.369   0.130  -3.000   0.000 -1T005M000t
00020 TYR-1A0027_020 f 0.00 -1.000     0 10.20  0 -1 -10.023   0.849   2.358  -0.047  -3.060   0.000 -1T006M000t
