   confID        vdw0    sas     sum
TYR01A0027_001   3.863 -14.447 -10.584
TYR01A0027_002   3.881 -14.440 -10.559
TYR01A0027_003   3.858 -14.677 -10.819
TYR01A0027_004   3.865 -14.576 -10.711
TYR01A0027_005   3.875 -14.374 -10.499
TYR01A0027_006   3.772 -13.791 -10.020
TYR01A0027_007   3.508 -14.743 -11.235
TYR01A0027_008   3.878 -14.207 -10.329
TYR01A0027_009   3.780 -15.325 -11.545
TYR01A0027_010   3.769 -14.606 -10.837
TYR-1A0027_011   3.863 -14.447 -10.584
TYR-1A0027_012   3.874 -14.728 -10.855
TYR-1A0027_013   3.783 -15.274 -11.492
TYR-1A0027_014   3.516 -14.844 -11.328
TYR-1A0027_015   3.785 -14.708 -10.923
TYR-1A0027_016   3.861 -14.677 -10.816
TYR-1A0027_017   3.857 -14.567 -10.711
TYR-1A0027_018   3.875 -14.207 -10.332
TYR-1A0027_019   3.871 -14.541 -10.670
TYR-1A0027_020   3.769 -13.791 -10.023
