iConf CONFORMER     FL  occ    crg   Em0  pKa0 ne nH    vdw0    vdw1    tors    epol   dsolv   extra    history
00001 LYS01A0133_001 f 0.00  0.000     0  0.00  0  0  -8.781   0.145   1.241  -0.009  -0.420   0.000 01O000M000t
00002 LYS01A0133_002 f 0.00  0.000     0  0.00  0  0 -11.619   5.043   1.711  -0.013  -0.413   0.000 01E04CM000t
00003 LYS01A0133_003 f 0.00  0.000     0  0.00  0  0  -9.720   0.142   1.353  -0.001  -0.390   0.000 01E091M000t
00004 LYS01A0133_004 f 0.00  0.000     0  0.00  0  0 -10.338   0.043   4.284  -0.011  -0.422   0.000 01E098M000t
00005 LYS01A0133_005 f 0.00  0.000     0  0.00  0  0 -10.363   0.396   4.333  -0.014  -0.410   0.000 01E0BAM000t
00006 LYS01A0133_006 f 0.00  0.000     0  0.00  0  0 -10.327   0.793   4.040  -0.006  -0.416   0.000 01E125M000t
00007 LYS01A0133_007 f 0.00  0.000     0  0.00  0  0  -9.438   0.364   2.010  -0.010  -0.382   0.000 01E144M000t
00008 LYS01A0133_008 f 0.00  0.000     0  0.00  0  0 -10.407   0.682   1.494  -0.010  -0.368   0.000 01E176M000t
00009 LYS01A0133_009 f 0.00  0.000     0  0.00  0  0 -10.044   4.616   4.387  -0.033  -0.431   0.000 01E196M000t
00010 LYS01A0133_010 f 0.00  0.000     0  0.00  0  0  -9.976   2.057   1.249  -0.015  -0.404   0.000 01E19BM000t
00011 LYS01A0133_011 f 0.00  0.000     0  0.00  0  0 -10.444   0.736   1.644  -0.010  -0.419   0.000 01T01BM000t
00012 LYS01A0133_012 f 0.00  0.000     0  0.00  0  0 -11.580   0.758   1.365  -0.009  -0.450   0.000 01T01EM000t
00013 LYS01A0133_013 f 0.00  0.000     0  0.00  0  0 -11.466   0.972   4.242  -0.016  -0.392   0.000 01T03DM000t
00014 LYS01A0133_014 f 0.00  0.000     0  0.00  0  0 -11.841   0.216   1.285  -0.007  -0.414   0.000 01T041M000t
00015 LYS01A0133_015 f 0.00  0.000     0  0.00  0  0 -10.590   1.480   4.169  -0.007  -0.431   0.000 01T0A1M000t
00016 LYS01A0133_016 f 0.00  0.000     0  0.00  0  0  -8.234   0.415   1.286  -0.007  -0.381   0.000 01T0D9M000t
00017 LYS01A0133_017 f 0.00  0.000     0  0.00  0  0  -8.671   0.415   2.010  -0.047  -0.373   0.000 01T0DFM000t
00018 LYS01A0133_018 f 0.00  0.000     0  0.00  0  0 -10.899   0.242   1.234  -0.020  -0.383   0.000 01T0F3M000t
00019 LYS01A0133_019 f 0.00  0.000     0  0.00  0  0 -10.516   0.118   1.034  -0.004  -0.397   0.000 01T134M000t
00020 LYS01A0133_020 f 0.00  0.000     0  0.00  0  0  -9.810   3.199   3.937  -0.016  -0.387   0.000 01T1A8M000t
00021 LYS+1A0133_021 f 0.00  1.000     0 10.40  0  1  -8.831   0.144   1.241   0.053  -5.898   0.000 +1O000M000t
00022 LYS+1A0133_022 f 0.00  1.000     0 10.40  0  1 -11.512   0.958   4.248   0.098  -5.855   0.000 +1E03DM000t
00023 LYS+1A0133_023 f 0.00  1.000     0 10.40  0  1 -11.737   5.183   1.709   0.086  -5.891   0.000 +1E04CM000t
00024 LYS+1A0133_024 f 0.00  1.000     0 10.40  0  1  -9.569   0.141   1.359   0.035  -5.851   0.000 +1E091M000t
00025 LYS+1A0133_025 f 0.00  1.000     0 10.40  0  1  -8.824   0.409   2.010  -0.019  -5.702   0.000 +1E0DFM000t
00026 LYS+1A0133_026 f 0.00  1.000     0 10.40  0  1 -10.997   0.230   1.237  -0.024  -5.805   0.000 +1E0F3M000t
00027 LYS+1A0133_027 f 0.00  1.000     0 10.40  0  1 -10.279   0.788   4.044   0.047  -5.800   0.000 +1E125M000t
00028 LYS+1A0133_028 f 0.00  1.000     0 10.40  0  1  -9.536   0.357   2.012   0.089  -5.762   0.000 +1E144M000t
00029 LYS+1A0133_029 f 0.00  1.000     0 10.40  0  1 -10.496   0.678   1.496   0.080  -5.821   0.000 +1E176M000t
00030 LYS+1A0133_030 f 0.00  1.000     0 10.40  0  1  -9.792   3.211   3.947   0.038  -5.785   0.000 +1E1A8M000t
00031 LYS+1A0133_031 f 0.00  1.000     0 10.40  0  1 -10.408   0.723   1.648   0.063  -5.942   0.000 +1T01BM000t
00032 LYS+1A0133_032 f 0.00  1.000     0 10.40  0  1 -11.574   0.757   1.368   0.047  -5.939   0.000 +1T01EM000t
00033 LYS+1A0133_033 f 0.00  1.000     0 10.40  0  1 -11.889   0.213   1.287   0.041  -5.914   0.000 +1T041M000t
00034 LYS+1A0133_034 f 0.00  1.000     0 10.40  0  1 -10.380   0.043   4.291   0.017  -5.883   0.000 +1T098M000t
00035 LYS+1A0133_035 f 0.00  1.000     0 10.40  0  1 -10.689   1.478   4.173   0.033  -5.809   0.000 +1T0A1M000t
00036 LYS+1A0133_036 f 0.00  1.000     0 10.40  0  1 -10.478   0.388   4.338   0.099  -5.867   0.000 +1T0BAM000t
00037 LYS+1A0133_037 f 0.00  1.000     0 10.40  0  1  -8.235   0.399   1.295   0.095  -5.667   0.000 +1T0D9M000t
00038 LYS+1A0133_038 f 0.00  1.000     0 10.40  0  1 -10.488   0.117   1.039   0.047  -5.809   0.000 +1T134M000t
00039 LYS+1A0133_039 f 0.00  1.000     0 10.40  0  1 -10.101   4.711   4.397   0.076  -5.790   0.000 +1T196M000t
00040 LYS+1A0133_040 f 0.00  1.000     0 10.40  0  1  -9.991   2.038   1.253   0.075  -5.815   0.000 +1T19BM000t
