CONFORMER         crg  vdw0  vdw1  tors  epol  self   occ  Hb     history    ASA
LYS01A0133_001  0.000 -8.78  0.14  1.24  0.00 -7.40 0.501  00  01O000M000  1.000
LYS01A0133_002  0.000-11.62  5.04  1.71  0.00 -4.87 0.501  00  01E04CM000  1.000
LYS01A0133_003  0.000 -9.71  0.14  1.35  0.00 -8.22 0.501  00  01E091M000  1.000
LYS01A0133_004  0.000-10.33  0.04  4.28  0.00 -6.00 0.502  00  01E098M000  1.000
LYS01A0133_005  0.000-10.36  0.40  4.33  0.00 -5.63 0.501  00  01E0BAM000  1.000
LYS01A0133_006  0.000-10.32  0.79  4.04  0.00 -5.49 0.501  00  01E125M000  1.000
LYS01A0133_007  0.000 -9.44  0.36  2.01  0.00 -7.06 0.501  00  01E144M000  1.000
LYS01A0133_008  0.000-10.41  0.68  1.49  0.00 -8.23 0.501  00  01E176M000  1.000
LYS01A0133_009  0.000-10.04  4.61  4.39  0.00 -1.05 0.501  00  01E196M000  1.000
LYS01A0133_010  0.000 -9.98  2.06  1.25  0.00 -6.67 0.502  00  01E19BM000  1.000
LYS01A0133_011  0.000-10.44  0.73  1.64  0.00 -8.06 0.501  00  01T01BM000  1.000
LYS01A0133_012  0.000-11.53  0.76  1.37  0.00 -9.41 0.501  00  01T01EM000  1.000
LYS01A0133_013  0.000-11.47  0.97  4.24  0.00 -6.26 0.501  00  01T03DM000  1.000
LYS01A0133_014  0.000-11.84  0.22  1.29  0.00-10.34 0.502  00  01T041M000  1.000
LYS01A0133_015  0.000-10.59  1.48  4.17  0.00 -4.94 0.501  00  01T0A1M000  1.000
LYS01A0133_016  0.000 -8.23  0.41  1.29  0.00 -6.53 0.501  00  01T0D9M000  1.000
LYS01A0133_017  0.000 -8.67  0.41  2.01  0.00 -6.24 0.502  00  01T0DFM000  1.000
LYS01A0133_018  0.000-10.90  0.24  1.23  0.00 -9.42 0.501  00  01T0F3M000  1.000
LYS01A0133_019  0.000-10.52  0.12  1.03  0.00 -9.37 0.501  00  01T134M000  1.000
LYS01A0133_020  0.000 -9.82  3.20  3.94  0.00 -2.68 0.501  00  01T1A8M000  1.000
LYS+1A0133_021  1.000 -8.83  0.14  1.24  0.00 -7.45 0.501  00  +1O000M000  1.000
LYS+1A0133_022  1.000-11.52  0.96  4.25  0.00 -6.31 0.501  00  +1E03DM000  1.000
LYS+1A0133_023  1.000-11.73  5.19  1.71  0.00 -4.83 0.501  00  +1E04CM000  1.000
LYS+1A0133_024  1.000 -9.54  0.14  1.36  0.00 -8.04 0.501  00  +1E091M000  1.000
LYS+1A0133_025  1.000 -8.82  0.41  2.01  0.00 -6.40 0.502  00  +1E0DFM000  1.000
LYS+1A0133_026  1.000-11.00  0.23  1.24  0.00 -9.53 0.501  00  +1E0F3M000  1.000
LYS+1A0133_027  1.000-10.28  0.79  4.04  0.00 -5.45 0.501  00  +1E125M000  1.000
LYS+1A0133_028  1.000 -9.52  0.36  2.01  0.00 -7.15 0.501  00  +1E144M000  1.000
LYS+1A0133_029  1.000-10.50  0.68  1.49  0.00 -8.32 0.501  00  +1E176M000  1.000
LYS+1A0133_030  1.000 -9.79  3.21  3.95  0.00 -2.64 0.501  00  +1E1A8M000  1.000
LYS+1A0133_031  1.000-10.40  0.72  1.65  0.00 -8.03 0.501  00  +1T01BM000  1.000
LYS+1A0133_032  1.000-11.58  0.76  1.37  0.00 -9.45 0.501  00  +1T01EM000  1.000
LYS+1A0133_033  1.000-11.89  0.21  1.29  0.00-10.39 0.502  00  +1T041M000  1.000
LYS+1A0133_034  1.000-10.38  0.04  4.29  0.00 -6.05 0.502  00  +1T098M000  1.000
LYS+1A0133_035  1.000-10.69  1.48  4.17  0.00 -5.04 0.501  00  +1T0A1M000  1.000
LYS+1A0133_036  1.000-10.48  0.39  4.34  0.00 -5.75 0.501  00  +1T0BAM000  1.000
LYS+1A0133_037  1.000 -8.18  0.40  1.30  0.00 -6.48 0.501  00  +1T0D9M000  1.000
LYS+1A0133_038  1.000-10.49  0.12  1.04  0.00 -9.33 0.501  00  +1T134M000  1.000
LYS+1A0133_039  1.000-10.10  4.72  4.40  0.00 -0.98 0.501  00  +1T196M000  1.000
LYS+1A0133_040  1.000 -9.99  2.04  1.25  0.00 -6.70 0.502  00  +1T19BM000  1.000
