   confID        vdw0    sas     sum
LYS01A0133_001   3.280 -12.061  -8.781
LYS01A0133_002   1.182 -12.801 -11.619
LYS01A0133_003   2.274 -11.994  -9.720
LYS01A0133_004   2.080 -12.418 -10.338
LYS01A0133_005   2.056 -12.419 -10.363
LYS01A0133_006   2.295 -12.622 -10.327
LYS01A0133_007   3.290 -12.728  -9.438
LYS01A0133_008   2.134 -12.541 -10.407
LYS01A0133_009   1.937 -11.981 -10.044
LYS01A0133_010   2.305 -12.280  -9.976
LYS01A0133_011   2.405 -12.849 -10.444
LYS01A0133_012   1.253 -12.833 -11.580
LYS01A0133_013   1.017 -12.482 -11.466
LYS01A0133_014   1.244 -13.085 -11.841
LYS01A0133_015   1.681 -12.271 -10.590
LYS01A0133_016   3.565 -11.799  -8.234
LYS01A0133_017   3.424 -12.095  -8.671
LYS01A0133_018   1.462 -12.361 -10.899
LYS01A0133_019   2.318 -12.834 -10.516
LYS01A0133_020   2.036 -11.846  -9.810
LYS+1A0133_021   3.229 -12.061  -8.831
LYS+1A0133_022   0.970 -12.482 -11.512
LYS+1A0133_023   1.132 -12.869 -11.737
LYS+1A0133_024   2.258 -11.827  -9.569
LYS+1A0133_025   3.323 -12.147  -8.824
LYS+1A0133_026   1.364 -12.361 -10.997
LYS+1A0133_027   2.292 -12.571 -10.279
LYS+1A0133_028   3.192 -12.728  -9.536
LYS+1A0133_029   2.045 -12.541 -10.496
LYS+1A0133_030   1.986 -11.779  -9.792
LYS+1A0133_031   2.360 -12.769 -10.408
LYS+1A0133_032   1.208 -12.782 -11.574
LYS+1A0133_033   1.195 -13.085 -11.889
LYS+1A0133_034   2.038 -12.418 -10.380
LYS+1A0133_035   1.582 -12.271 -10.689
LYS+1A0133_036   1.992 -12.470 -10.478
LYS+1A0133_037   3.615 -11.851  -8.235
LYS+1A0133_038   2.308 -12.796 -10.488
LYS+1A0133_039   1.881 -11.981 -10.101
LYS+1A0133_040   2.289 -12.280  -9.991
