CONFORMER         crg  vdw0  vdw1  tors  epol  self   occ  Hb     history    ASA
LYS01A0134_001  0.000 -4.06 -0.03  4.12  0.00  0.03 0.501  00  01O000M000  1.000
LYS01A0134_002  0.000-10.88  0.05  2.83  0.00 -7.99 0.501  00  01E01FM000  1.000
LYS01A0134_003  0.000 -8.03  0.54  3.03  0.00 -4.46 0.501  00  01E083M000  1.000
LYS01A0134_004  0.000-10.93  5.07  3.29  0.00 -2.57 0.501  00  01E18CM000  1.000
LYS01A0134_005  0.000-12.11  5.82  3.90  0.00 -2.39 0.501  00  01E1A3M000  1.000
LYS01A0134_006  0.000-12.29  4.35  3.14  0.00 -4.79 0.501  00  01E1AAM000  1.000
LYS01A0134_007  0.000-10.38  2.43  2.58  0.00 -5.38 0.501  00  01E1D2M000  1.000
LYS01A0134_008  0.000-10.28  4.79  3.45  0.00 -2.04 0.501  00  01E1E8M000  1.000
LYS01A0134_009  0.000-11.03  3.63  3.67  0.00 -3.74 0.501  00  01E1F6M000  1.000
LYS01A0134_010  0.000-10.58  2.43  1.98  0.00 -6.18 0.501  00  01T0C7M000  1.000
LYS01A0134_011  0.000 -7.47  2.53  2.98  0.00 -1.96 0.501  00  01T0CCM000  1.000
LYS01A0134_012  0.000-10.65 -0.02  2.19  0.00 -8.48 0.501  00  01T0FAM000  1.000
LYS01A0134_013  0.000-11.68  0.46  4.90  0.00 -6.32 0.501  00  01T129M000  1.000
LYS01A0134_014  0.000-11.44  2.83  2.66  0.00 -5.95 0.501  00  01T166M000  1.000
LYS01A0134_015  0.000-10.98  2.43  2.49  0.00 -6.05 0.501  00  01T16BM000  1.000
LYS01A0134_016  0.000-10.44  0.54  2.09  0.00 -7.81 0.501  00  01T1C1M000  1.000
LYS01A0134_017  0.000-10.17  0.46  1.97  0.00 -7.74 0.501  00  01T1C2M000  1.000
LYS01A0134_018  0.000-11.41  3.91  3.72  0.00 -3.77 0.501  00  01T1C4M000  1.000
LYS01A0134_019  0.000-10.97  2.25  2.50  0.00 -6.22 0.501  00  01T1C8M000  1.000
LYS01A0134_020  0.000-11.21  5.00  3.00  0.00 -3.21 0.501  00  01T1E3M000  1.000
LYS+1A0134_021  1.000 -4.14 -0.04  4.12  0.00 -0.06 0.501  00  +1O000M000  1.000
LYS+1A0134_022  1.000-10.92  0.05  2.99  0.00 -7.88 0.501  00  +1E01FM000  1.000
LYS+1A0134_023  1.000-11.35  2.85  2.70  0.00 -5.80 0.501  00  +1E166M000  1.000
LYS+1A0134_024  1.000-11.03  2.41  2.51  0.00 -6.11 0.501  00  +1E16BM000  1.000
LYS+1A0134_025  1.000-10.51  0.54  2.12  0.00 -7.85 0.501  00  +1E1C1M000  1.000
LYS+1A0134_026  1.000-11.35  3.92  3.81  0.00 -3.62 0.501  00  +1E1C4M000  1.000
LYS+1A0134_027  1.000-10.50  2.45  2.61  0.00 -5.44 0.501  00  +1E1D2M000  1.000
LYS+1A0134_028  1.000-11.32  4.99  3.03  0.00 -3.29 0.501  00  +1E1E3M000  1.000
LYS+1A0134_029  1.000-10.40  4.84  3.48  0.00 -2.09 0.501  00  +1E1E8M000  1.000
LYS+1A0134_030  1.000 -8.35  0.56  3.07  0.00 -4.72 0.501  00  +1T083M000  1.000
LYS+1A0134_031  1.000-10.65  2.38  1.98  0.00 -6.29 0.501  00  +1T0C7M000  1.000
LYS+1A0134_032  1.000 -7.73  2.63  3.03  0.00 -2.07 0.501  00  +1T0CCM000  1.000
LYS+1A0134_033  1.000-10.72 -0.02  2.22  0.00 -8.51 0.501  00  +1T0FAM000  1.000
LYS+1A0134_034  1.000-11.63  0.46  4.97  0.00 -6.20 0.501  00  +1T129M000  1.000
LYS+1A0134_035  1.000-10.97  5.09  3.30  0.00 -2.58 0.501  00  +1T18CM000  1.000
LYS+1A0134_036  1.000-12.08  5.84  3.93  0.00 -2.31 0.501  00  +1T1A3M000  1.000
LYS+1A0134_037  1.000-12.27  4.36  3.15  0.00 -4.76 0.501  00  +1T1AAM000  1.000
LYS+1A0134_038  1.000-10.27  0.44  1.98  0.00 -7.85 0.501  00  +1T1C2M000  1.000
LYS+1A0134_039  1.000-11.09  2.22  2.51  0.00 -6.36 0.501  00  +1T1C8M000  1.000
LYS+1A0134_040  1.000-11.17  3.65  3.70  0.00 -3.81 0.501  00  +1T1F6M000  1.000
