iConf CONFORMER     FL  occ    crg   Em0  pKa0 ne nH    vdw0    vdw1    tors    epol   dsolv   extra    history
00001 LYS01A0134_001 f 0.00  0.000     0  0.00  0  0  -4.053  -0.033   4.119  -0.004  -0.061   0.000 01O000M000t
00002 LYS01A0134_002 f 0.00  0.000     0  0.00  0  0 -10.877   0.056   2.831  -0.003  -0.063   0.000 01E01FM000t
00003 LYS01A0134_003 f 0.00  0.000     0  0.00  0  0  -8.044   0.545   3.031  -0.007  -0.063   0.000 01E083M000t
00004 LYS01A0134_004 f 0.00  0.000     0  0.00  0  0 -10.933   5.061   3.296  -0.006  -0.064   0.000 01E18CM000t
00005 LYS01A0134_005 f 0.00  0.000     0  0.00  0  0 -12.114   5.836   3.904  -0.007  -0.062   0.000 01E1A3M000t
00006 LYS01A0134_006 f 0.00  0.000     0  0.00  0  0 -12.285   4.347   3.144  -0.008  -0.067   0.000 01E1AAM000t
00007 LYS01A0134_007 f 0.00  0.000     0  0.00  0  0 -10.388   2.430   2.580  -0.004  -0.056   0.000 01E1D2M000t
00008 LYS01A0134_008 f 0.00  0.000     0  0.00  0  0 -10.275   4.790   3.449   0.004  -0.059   0.000 01E1E8M000t
00009 LYS01A0134_009 f 0.00  0.000     0  0.00  0  0 -11.029   3.628   3.666  -0.004  -0.064   0.000 01E1F6M000t
00010 LYS01A0134_010 f 0.00  0.000     0  0.00  0  0 -10.583   2.427   1.976  -0.013  -0.059   0.000 01T0C7M000t
00011 LYS01A0134_011 f 0.00  0.000     0  0.00  0  0  -7.469   2.532   2.980  -0.007  -0.063   0.000 01T0CCM000t
00012 LYS01A0134_012 f 0.00  0.000     0  0.00  0  0 -10.653  -0.017   2.191  -0.000  -0.060   0.000 01T0FAM000t
00013 LYS01A0134_013 f 0.00  0.000     0  0.00  0  0 -11.678   0.465   4.900  -0.009  -0.064   0.000 01T129M000t
00014 LYS01A0134_014 f 0.00  0.000     0  0.00  0  0 -11.438   2.827   2.655  -0.010  -0.062   0.000 01T166M000t
00015 LYS01A0134_015 f 0.00  0.000     0  0.00  0  0 -10.976   2.437   2.492   0.014  -0.054   0.000 01T16BM000t
00016 LYS01A0134_016 f 0.00  0.000     0  0.00  0  0 -10.444   0.539   2.092  -0.004  -0.060   0.000 01T1C1M000t
00017 LYS01A0134_017 f 0.00  0.000     0  0.00  0  0 -10.131   0.456   1.979  -0.008  -0.059   0.000 01T1C2M000t
00018 LYS01A0134_018 f 0.00  0.000     0  0.00  0  0 -11.410   3.915   3.723   0.003  -0.060   0.000 01T1C4M000t
00019 LYS01A0134_019 f 0.00  0.000     0  0.00  0  0 -10.968   2.244   2.500   0.007  -0.055   0.000 01T1C8M000t
00020 LYS01A0134_020 f 0.00  0.000     0  0.00  0  0 -11.209   4.997   3.000  -0.008  -0.062   0.000 01T1E3M000t
00021 LYS+1A0134_021 f 0.00  1.000     0 10.40  0  1  -4.133  -0.038   4.119   0.076  -0.986   0.000 +1O000M000t
00022 LYS+1A0134_022 f 0.00  1.000     0 10.40  0  1 -10.918   0.053   2.989   0.011  -1.004   0.000 +1E01FM000t
00023 LYS+1A0134_023 f 0.00  1.000     0 10.40  0  1 -11.354   2.858   2.697   0.058  -1.006   0.000 +1E166M000t
00024 LYS+1A0134_024 f 0.00  1.000     0 10.40  0  1 -11.032   2.403   2.512   0.111  -0.970   0.000 +1E16BM000t
00025 LYS+1A0134_025 f 0.00  1.000     0 10.40  0  1 -10.511   0.545   2.118   0.044  -0.996   0.000 +1E1C1M000t
00026 LYS+1A0134_026 f 0.00  1.000     0 10.40  0  1 -11.354   3.914   3.809   0.082  -0.984   0.000 +1E1C4M000t
00027 LYS+1A0134_027 f 0.00  1.000     0 10.40  0  1 -10.497   2.449   2.615   0.071  -0.972   0.000 +1E1D2M000t
00028 LYS+1A0134_028 f 0.00  1.000     0 10.40  0  1 -11.316   4.986   3.035   0.055  -1.010   0.000 +1E1E3M000t
00029 LYS+1A0134_029 f 0.00  1.000     0 10.40  0  1 -10.353   4.836   3.480   0.072  -0.984   0.000 +1E1E8M000t
00030 LYS+1A0134_030 f 0.00  1.000     0 10.40  0  1  -8.277   0.560   3.073   0.052  -1.010   0.000 +1T083M000t
00031 LYS+1A0134_031 f 0.00  1.000     0 10.40  0  1 -10.649   2.372   1.983   0.052  -0.976   0.000 +1T0C7M000t
00032 LYS+1A0134_032 f 0.00  1.000     0 10.40  0  1  -7.735   2.631   3.031   0.042  -1.009   0.000 +1T0CCM000t
00033 LYS+1A0134_033 f 0.00  1.000     0 10.40  0  1 -10.718  -0.014   2.223   0.021  -0.994   0.000 +1T0FAM000t
00034 LYS+1A0134_034 f 0.00  1.000     0 10.40  0  1 -11.626   0.460   4.962  -0.010  -1.008   0.000 +1T129M000t
00035 LYS+1A0134_035 f 0.00  1.000     0 10.40  0  1 -10.905   5.084   3.300   0.049  -1.012   0.000 +1T18CM000t
00036 LYS+1A0134_036 f 0.00  1.000     0 10.40  0  1 -12.148   5.845   3.933   0.056  -1.009   0.000 +1T1A3M000t
00037 LYS+1A0134_037 f 0.00  1.000     0 10.40  0  1 -12.267   4.369   3.150   0.058  -1.010   0.000 +1T1AAM000t
00038 LYS+1A0134_038 f 0.00  1.000     0 10.40  0  1 -10.217   0.443   1.981   0.050  -0.969   0.000 +1T1C2M000t
00039 LYS+1A0134_039 f 0.00  1.000     0 10.40  0  1 -11.086   2.218   2.509   0.096  -0.956   0.000 +1T1C8M000t
00040 LYS+1A0134_040 f 0.00  1.000     0 10.40  0  1 -11.169   3.651   3.700   0.041  -1.013   0.000 +1T1F6M000t
