   confID        vdw0    sas     sum
LYS01A0134_001   7.938 -11.991  -4.053
LYS01A0134_002   1.522 -12.399 -10.877
LYS01A0134_003   4.576 -12.620  -8.044
LYS01A0134_004   1.781 -12.714 -10.933
LYS01A0134_005   0.808 -12.923 -12.114
LYS01A0134_006   0.600 -12.885 -12.285
LYS01A0134_007   1.806 -12.194 -10.388
LYS01A0134_008   1.903 -12.177 -10.275
LYS01A0134_009   1.456 -12.485 -11.029
LYS01A0134_010   2.184 -12.767 -10.583
LYS01A0134_011   4.671 -12.141  -7.469
LYS01A0134_012   2.004 -12.657 -10.653
LYS01A0134_013   1.274 -12.952 -11.678
LYS01A0134_014   1.280 -12.717 -11.438
LYS01A0134_015   1.489 -12.465 -10.976
LYS01A0134_016   1.714 -12.158 -10.444
LYS01A0134_017   1.977 -12.107 -10.131
LYS01A0134_018   1.494 -12.905 -11.410
LYS01A0134_019   1.514 -12.481 -10.968
LYS01A0134_020   0.884 -12.093 -11.209
LYS+1A0134_021   7.857 -11.991  -4.133
LYS+1A0134_022   1.513 -12.431 -10.918
LYS+1A0134_023   1.260 -12.614 -11.354
LYS+1A0134_024   1.432 -12.465 -11.032
LYS+1A0134_025   1.647 -12.158 -10.511
LYS+1A0134_026   1.435 -12.789 -11.354
LYS+1A0134_027   1.736 -12.233 -10.497
LYS+1A0134_028   0.828 -12.144 -11.316
LYS+1A0134_029   1.824 -12.177 -10.353
LYS+1A0134_030   4.395 -12.672  -8.277
LYS+1A0134_031   2.170 -12.819 -10.649
LYS+1A0134_032   4.445 -12.179  -7.735
LYS+1A0134_033   1.990 -12.709 -10.718
LYS+1A0134_034   1.262 -12.888 -11.626
LYS+1A0134_035   1.741 -12.646 -10.905
LYS+1A0134_036   0.775 -12.923 -12.148
LYS+1A0134_037   0.566 -12.833 -12.267
LYS+1A0134_038   1.877 -12.095 -10.217
LYS+1A0134_039   1.463 -12.549 -11.086
LYS+1A0134_040   1.432 -12.601 -11.169
