iConf CONFORMER     FL  occ    crg   Em0  pKa0 ne nH    vdw0    vdw1    tors    epol   dsolv   extra    history
00001 LYS01A0064_001 f 0.00  0.000     0  0.00  0  0 -11.131   1.076   3.280  -0.007  -1.028   0.000 01O000M000t
00002 LYS01A0064_002 f 0.00  0.000     0  0.00  0  0 -10.332   0.522   6.052  -0.009  -0.896   0.000 01O001M000t
00003 LYS01A0064_003 f 0.00  0.000     0  0.00  0  0 -11.226   0.389   2.071  -0.007  -0.957   0.000 01E00CM000t
00004 LYS01A0064_004 f 0.00  0.000     0  0.00  0  0 -10.113   0.836   2.088  -0.015  -0.904   0.000 01E017M000t
00005 LYS01A0064_005 f 0.00  0.000     0  0.00  0  0 -10.741   4.697   3.798  -0.010  -0.939   0.000 01E022M000t
00006 LYS01A0064_006 f 0.00  0.000     0  0.00  0  0 -11.921   4.482   3.204  -0.010  -1.004   0.000 01E063M000t
00007 LYS01A0064_007 f 0.00  0.000     0  0.00  0  0 -10.444   0.808   1.489  -0.005  -0.885   0.000 01E083M000t
00008 LYS01A0064_008 f 0.00  0.000     0  0.00  0  0  -8.814   0.346   2.467  -0.016  -0.926   0.000 01E08CM000t
00009 LYS01A0064_009 f 0.00  0.000     0  0.00  0  0  -8.465   0.530   1.758   0.004  -0.836   0.000 01E0ABM000t
00010 LYS01A0064_010 f 0.00  0.000     0  0.00  0  0  -6.644   0.428   2.179  -0.057  -0.822   0.000 01E0D5M000t
00011 LYS01A0064_011 f 0.00  0.000     0  0.00  0  0 -10.849   0.293   2.110  -0.009  -1.071   0.000 01E117M000t
00012 LYS01A0064_012 f 0.00  0.000     0  0.00  0  0 -10.434   0.875   2.745  -0.013  -0.883   0.000 01E11CM000t
00013 LYS01A0064_013 f 0.00  0.000     0  0.00  0  0 -10.675   5.028   4.317  -0.014  -0.941   0.000 01E12BM000t
00014 LYS01A0064_014 f 0.00  0.000     0  0.00  0  0  -9.137   5.173   3.141  -0.008  -1.011   0.000 01T027M000t
00015 LYS01A0064_015 f 0.00  0.000     0  0.00  0  0  -9.861   0.681   4.214  -0.008  -0.986   0.000 01T02EM000t
00016 LYS01A0064_016 f 0.00  0.000     0  0.00  0  0 -10.188   3.062   3.088  -0.013  -1.001   0.000 01T044M000t
00017 LYS01A0064_017 f 0.00  0.000     0  0.00  0  0  -7.027   0.422   3.107  -0.007  -0.978   0.000 01T0B2M000t
00018 LYS01A0064_018 f 0.00  0.000     0  0.00  0  0  -8.834   4.636   2.752  -0.054  -0.962   0.000 01T0E6M000t
00019 LYS01A0064_019 f 0.00  0.000     0  0.00  0  0  -9.731   0.368   2.753  -0.008  -0.910   0.000 01T113M000t
00020 LYS+1A0064_020 f 0.00  1.000     0 10.40  0  1 -11.180   1.075   3.280   0.022 -12.950   0.000 +1O000M000t
00021 LYS+1A0064_021 f 0.00  1.000     0 10.40  0  1 -10.389   0.519   6.052   0.090 -12.898   0.000 +1O001M000t
00022 LYS+1A0064_022 f 0.00  1.000     0 10.40  0  1 -11.350   0.389   2.109   0.033 -12.974   0.000 +1E00CM000t
00023 LYS+1A0064_023 f 0.00  1.000     0 10.40  0  1 -10.347   0.836   2.212   0.076 -13.029   0.000 +1E017M000t
00024 LYS+1A0064_024 f 0.00  1.000     0 10.40  0  1  -9.035   5.159   3.261   0.050 -12.936   0.000 +1E027M000t
00025 LYS+1A0064_025 f 0.00  1.000     0 10.40  0  1 -10.006   0.688   4.319   0.040 -13.057   0.000 +1E02EM000t
00026 LYS+1A0064_026 f 0.00  1.000     0 10.40  0  1 -10.157   3.024   3.168   0.071 -12.907   0.000 +1E044M000t
00027 LYS+1A0064_027 f 0.00  1.000     0 10.40  0  1 -11.967   4.498   3.219   0.051 -12.984   0.000 +1E063M000t
00028 LYS+1A0064_028 f 0.00  1.000     0 10.40  0  1 -10.442   0.790   1.523   0.093 -12.665   0.000 +1E083M000t
00029 LYS+1A0064_029 f 0.00  1.000     0 10.40  0  1  -8.528   0.528   1.790   0.141 -12.544   0.000 +1E0ABM000t
00030 LYS+1A0064_030 f 0.00  1.000     0 10.40  0  1  -7.008   0.409   3.141   0.144 -12.521   0.000 +1E0B2M000t
00031 LYS+1A0064_031 f 0.00  1.000     0 10.40  0  1  -8.881   4.609   2.803   0.078 -12.760   0.000 +1E0E6M000t
00032 LYS+1A0064_032 f 0.00  1.000     0 10.40  0  1 -10.776   0.289   2.128   0.027 -13.076   0.000 +1E117M000t
00033 LYS+1A0064_033 f 0.00  1.000     0 10.40  0  1 -10.769   4.758   3.882   0.057 -12.958   0.000 +1T022M000t
00034 LYS+1A0064_034 f 0.00  1.000     0 10.40  0  1  -9.870   0.268   2.889   0.036 -12.941   0.000 +1T03CM000t
00035 LYS+1A0064_035 f 0.00  1.000     0 10.40  0  1  -8.760   0.350   2.558   0.074 -12.766   0.000 +1T08CM000t
00036 LYS+1A0064_036 f 0.00  1.000     0 10.40  0  1  -6.815   0.413   2.271   0.139 -12.531   0.000 +1T0D5M000t
00037 LYS+1A0064_037 f 0.00  1.000     0 10.40  0  1 -10.461   0.904   2.785   0.057 -12.826   0.000 +1T11CM000t
00038 LYS+1A0064_038 f 0.00  1.000     0 10.40  0  1 -10.658   5.096   4.365   0.080 -13.005   0.000 +1T12BM000t
