CONFORMER         crg  vdw0  vdw1  tors  epol  self   occ  Hb     history    ASA
LYS01A0064_001  0.000-11.13  1.08  3.28  0.00 -6.78 0.501  00  01O000M000  1.000
LYS01A0064_002  0.000-10.33  0.52  6.05  0.00 -3.76 0.501  00  01O001M000  1.000
LYS01A0064_003  0.000-11.22  0.39  2.07  0.00 -8.76 0.501  00  01E00CM000  1.000
LYS01A0064_004  0.000-10.11  0.83  2.09  0.00 -7.19 0.501  00  01E017M000  1.000
LYS01A0064_005  0.000-10.74  4.69  3.80  0.00 -2.25 0.502  00  01E022M000  1.000
LYS01A0064_006  0.000-11.92  4.49  3.20  0.00 -4.23 0.502  00  01E063M000  1.000
LYS01A0064_007  0.000-10.44  0.80  1.49  0.00 -8.15 0.501  00  01E083M000  1.000
LYS01A0064_008  0.000 -8.82  0.35  2.47  0.00 -6.00 0.502  00  01E08CM000  1.000
LYS01A0064_009  0.000 -8.42  0.53  1.76  0.00 -6.13 0.501  00  01E0ABM000  1.000
LYS01A0064_010  0.000 -6.64  0.43  2.18  0.00 -4.04 0.501  00  01E0D5M000  1.000
LYS01A0064_011  0.000-10.81  0.29  2.11  0.00 -8.41 0.501  00  01E117M000  1.000
LYS01A0064_012  0.000-10.43  0.87  2.74  0.00 -6.81 0.502  00  01E11CM000  1.000
LYS01A0064_013  0.000-10.67  5.02  4.32  0.00 -1.33 0.502  00  01E12BM000  1.000
LYS01A0064_014  0.000 -9.13  5.17  3.14  0.00 -0.82 0.501  00  01T027M000  1.000
LYS01A0064_015  0.000 -9.86  0.68  4.22  0.00 -4.96 0.502  00  01T02EM000  1.000
LYS01A0064_016  0.000-10.19  3.06  3.09  0.00 -4.05 0.502  00  01T044M000  1.000
LYS01A0064_017  0.000 -7.02  0.42  3.11  0.00 -3.50 0.502  00  01T0B2M000  1.000
LYS01A0064_018  0.000 -8.83  4.62  2.75  0.00 -1.46 0.502  00  01T0E6M000  1.000
LYS01A0064_019  0.000 -9.73  0.37  2.75  0.00 -6.61 0.501  00  01T113M000  1.000
LYS+1A0064_020  1.000-11.18  1.08  3.28  0.00 -6.83 0.501  00  +1O000M000  1.000
LYS+1A0064_021  1.000-10.39  0.52  6.05  0.00 -3.82 0.501  00  +1O001M000  1.000
LYS+1A0064_022  1.000-11.35  0.39  2.11  0.00 -8.85 0.501  00  +1E00CM000  1.000
LYS+1A0064_023  1.000-10.29  0.84  2.21  0.00 -7.25 0.501  00  +1E017M000  1.000
LYS+1A0064_024  1.000 -9.03  5.16  3.26  0.00 -0.61 0.501  00  +1E027M000  1.000
LYS+1A0064_025  1.000-10.01  0.69  4.32  0.00 -5.01 0.502  00  +1E02EM000  1.000
LYS+1A0064_026  1.000-10.16  3.03  3.17  0.00 -3.96 0.502  00  +1E044M000  1.000
LYS+1A0064_027  1.000-11.97  4.50  3.22  0.00 -4.25 0.502  00  +1E063M000  1.000
LYS+1A0064_028  1.000-10.48  0.79  1.52  0.00 -8.17 0.501  00  +1E083M000  1.000
LYS+1A0064_029  1.000 -8.49  0.53  1.79  0.00 -6.17 0.501  00  +1E0ABM000  1.000
LYS+1A0064_030  1.000 -7.01  0.41  3.14  0.00 -3.45 0.502  00  +1E0B2M000  1.000
LYS+1A0064_031  1.000 -8.89  4.63  2.80  0.00 -1.46 0.502  00  +1E0E6M000  1.000
LYS+1A0064_032  1.000-10.84  0.29  2.13  0.00 -8.43 0.501  00  +1E117M000  1.000
LYS+1A0064_033  1.000-10.77  4.76  3.88  0.00 -2.13 0.502  00  +1T022M000  1.000
LYS+1A0064_034  1.000 -9.87  0.27  2.89  0.00 -6.71 0.501  00  +1T03CM000  1.000
LYS+1A0064_035  1.000 -8.71  0.35  2.56  0.00 -5.81 0.502  00  +1T08CM000  1.000
LYS+1A0064_036  1.000 -6.82  0.41  2.27  0.00 -4.14 0.501  00  +1T0D5M000  1.000
LYS+1A0064_037  1.000-10.46  0.90  2.79  0.00 -6.77 0.502  00  +1T11CM000  1.000
LYS+1A0064_038  1.000-10.66  5.10  4.36  0.00 -1.19 0.502  00  +1T12BM000  1.000
