   confID        vdw0    sas     sum
LYS01A0064_001   1.197 -12.328 -11.131
LYS01A0064_002   1.919 -12.251 -10.332
LYS01A0064_003   1.494 -12.720 -11.226
LYS01A0064_004   2.102 -12.215 -10.113
LYS01A0064_005   1.729 -12.469 -10.741
LYS01A0064_006   0.783 -12.704 -11.921
LYS01A0064_007   2.429 -12.873 -10.444
LYS01A0064_008   3.406 -12.220  -8.814
LYS01A0064_009   3.370 -11.834  -8.465
LYS01A0064_010   5.300 -11.944  -6.644
LYS01A0064_011   1.955 -12.804 -10.849
LYS01A0064_012   1.676 -12.110 -10.434
LYS01A0064_013   1.955 -12.630 -10.675
LYS01A0064_014   3.091 -12.228  -9.137
LYS01A0064_015   2.879 -12.740  -9.861
LYS01A0064_016   1.735 -11.922 -10.188
LYS01A0064_017   5.013 -12.040  -7.027
LYS01A0064_018   3.363 -12.197  -8.834
LYS01A0064_019   2.905 -12.636  -9.731
LYS+1A0064_020   1.147 -12.328 -11.180
LYS+1A0064_021   1.862 -12.251 -10.389
LYS+1A0064_022   1.438 -12.788 -11.350
LYS+1A0064_023   1.983 -12.331 -10.347
LYS+1A0064_024   3.128 -12.164  -9.035
LYS+1A0064_025   2.901 -12.907 -10.006
LYS+1A0064_026   1.701 -11.858 -10.157
LYS+1A0064_027   0.737 -12.704 -11.967
LYS+1A0064_028   2.460 -12.902 -10.442
LYS+1A0064_029   3.332 -11.860  -8.528
LYS+1A0064_030   4.968 -11.976  -7.008
LYS+1A0064_031   3.252 -12.132  -8.881
LYS+1A0064_032   1.922 -12.698 -10.776
LYS+1A0064_033   1.632 -12.402 -10.769
LYS+1A0064_034   2.703 -12.572  -9.870
LYS+1A0064_035   3.476 -12.236  -8.760
LYS+1A0064_036   5.062 -11.876  -6.815
LYS+1A0064_037   1.585 -12.045 -10.461
LYS+1A0064_038   1.933 -12.592 -10.658
