iConf CONFORMER     FL  occ    crg   Em0  pKa0 ne nH    vdw0    vdw1    tors    epol   dsolv   extra    history
00001 LYS01A0016_001 f 0.00  0.000     0  0.00  0  0 -10.211   1.085   2.728  -0.009  -0.479   0.000 01O000M000t
00002 LYS01A0016_002 f 0.00  0.000     0  0.00  0  0 -10.939   2.819   1.313  -0.007  -0.381   0.000 01E00BM000t
00003 LYS01A0016_003 f 0.00  0.000     0  0.00  0  0  -4.869   0.728   2.560  -0.019  -0.387   0.000 01E011M000t
00004 LYS01A0016_004 f 0.00  0.000     0  0.00  0  0  -7.168   1.682   4.751  -0.013  -0.366   0.000 01E014M000t
00005 LYS01A0016_005 f 0.00  0.000     0  0.00  0  0 -10.640   5.548   2.183  -0.015  -0.408   0.000 01E024M000t
00006 LYS01A0016_006 f 0.00  0.000     0  0.00  0  0 -10.910   5.799   3.307  -0.042  -0.404   0.000 01E02CM000t
00007 LYS01A0016_007 f 0.00  0.000     0  0.00  0  0 -10.325   2.873   1.193  -0.018  -0.402   0.000 01E057M000t
00008 LYS01A0016_008 f 0.00  0.000     0  0.00  0  0 -11.286   3.229   1.605  -0.005  -0.422   0.000 01E06CM000t
00009 LYS01A0016_009 f 0.00  0.000     0  0.00  0  0  -7.486   1.043   2.665  -0.008  -0.407   0.000 01E0AAM000t
00010 LYS01A0016_010 f 0.00  0.000     0  0.00  0  0 -10.966   5.504   2.982  -0.037  -0.392   0.000 01E0BCM000t
00011 LYS01A0016_011 f 0.00  0.000     0  0.00  0  0 -10.173   1.510   3.821  -0.009  -0.437   0.000 01E0CDM000t
00012 LYS01A0016_012 f 0.00  0.000     0  0.00  0  0 -10.963   1.911   4.413  -0.015  -0.431   0.000 01E0DFM000t
00013 LYS01A0016_013 f 0.00  0.000     0  0.00  0  0  -9.132   1.827   1.811  -0.014  -0.416   0.000 01E0FCM000t
00014 LYS01A0016_014 f 0.00  0.000     0  0.00  0  0  -9.833   3.610   3.149   0.019  -0.344   0.000 01E109M000t
00015 LYS01A0016_015 f 0.00  0.000     0  0.00  0  0  -6.624   2.176   2.324  -0.009  -0.385   0.000 01T034M000t
00016 LYS01A0016_016 f 0.00  0.000     0  0.00  0  0 -10.744   1.043   2.205  -0.009  -0.411   0.000 01T04CM000t
00017 LYS01A0016_017 f 0.00  0.000     0  0.00  0  0 -11.647   5.890   3.019  -0.003  -0.423   0.000 01T07FM000t
00018 LYS01A0016_018 f 0.00  0.000     0  0.00  0  0 -10.816   5.424   4.015  -0.019  -0.428   0.000 01T080M000t
00019 LYS01A0016_019 f 0.00  0.000     0  0.00  0  0 -10.968   8.008   4.432  -0.022  -0.392   0.000 01T0E1M000t
00020 LYS01A0016_020 f 0.00  0.000     0  0.00  0  0  -7.094   1.831   2.695  -0.002  -0.413   0.000 01T0F6M000t
00021 LYS+1A0016_021 f 0.00  1.000     0 10.40  0  1 -10.281   1.082   2.728   0.095  -5.915   0.000 +1O000M000t
00022 LYS+1A0016_022 f 0.00  1.000     0 10.40  0  1 -10.941   2.864   1.380   0.027  -5.841   0.000 +1E00BM000t
00023 LYS+1A0016_023 f 0.00  1.000     0 10.40  0  1  -4.942   0.649   2.588   0.255  -5.513   0.000 +1E011M000t
00024 LYS+1A0016_024 f 0.00  1.000     0 10.40  0  1  -7.363   1.635   4.780   0.213  -5.678   0.000 +1E014M000t
00025 LYS+1A0016_025 f 0.00  1.000     0 10.40  0  1 -10.726   5.836   2.248   0.079  -5.835   0.000 +1E024M000t
00026 LYS+1A0016_026 f 0.00  1.000     0 10.40  0  1 -10.399   2.906   1.216   0.078  -5.809   0.000 +1E057M000t
00027 LYS+1A0016_027 f 0.00  1.000     0 10.40  0  1 -11.690   5.944   3.037   0.003  -5.922   0.000 +1E07FM000t
00028 LYS+1A0016_028 f 0.00  1.000     0 10.40  0  1 -11.033   5.391   3.050   0.211  -5.854   0.000 +1E0BCM000t
00029 LYS+1A0016_029 f 0.00  1.000     0 10.40  0  1 -10.252   1.504   3.844   0.032  -5.885   0.000 +1E0CDM000t
00030 LYS+1A0016_030 f 0.00  1.000     0 10.40  0  1 -11.094   1.919   4.434   0.151  -5.871   0.000 +1E0DFM000t
00031 LYS+1A0016_031 f 0.00  1.000     0 10.40  0  1 -11.092   7.812   4.527   0.141  -5.865   0.000 +1E0E1M000t
00032 LYS+1A0016_032 f 0.00  1.000     0 10.40  0  1  -7.189   1.833   2.749   0.039  -5.869   0.000 +1E0F6M000t
00033 LYS+1A0016_033 f 0.00  1.000     0 10.40  0  1 -10.008   3.527   3.214   0.338  -5.657   0.000 +1E109M000t
00034 LYS+1A0016_034 f 0.00  1.000     0 10.40  0  1 -11.042   5.878   3.323   0.156  -5.827   0.000 +1T02CM000t
00035 LYS+1A0016_035 f 0.00  1.000     0 10.40  0  1  -6.633   2.171   2.360   0.079  -5.836   0.000 +1T034M000t
00036 LYS+1A0016_036 f 0.00  1.000     0 10.40  0  1 -10.782   1.043   2.254   0.028  -5.921   0.000 +1T04CM000t
00037 LYS+1A0016_037 f 0.00  1.000     0 10.40  0  1 -11.376   3.262   1.648   0.014  -5.910   0.000 +1T06CM000t
00038 LYS+1A0016_038 f 0.00  1.000     0 10.40  0  1 -10.937   5.428   4.079  -0.033  -5.864   0.000 +1T080M000t
00039 LYS+1A0016_039 f 0.00  1.000     0 10.40  0  1  -7.627   1.039   2.761   0.015  -5.936   0.000 +1T0AAM000t
00040 LYS+1A0016_040 f 0.00  1.000     0 10.40  0  1  -9.150   1.834   1.844   0.085  -5.882   0.000 +1T0FCM000t
