CONFORMER         crg  vdw0  vdw1  tors  epol  self   occ  Hb     history    ASA
LYS01A0016_001  0.000-10.21  1.09  2.73  0.00 -6.40 0.502  00  01O000M000  1.000
LYS01A0016_002  0.000-10.94  2.83  1.31  0.00 -6.80 0.502  00  01E00BM000  1.000
LYS01A0016_003  0.000 -4.87  0.73  2.56  0.00 -1.58 0.502  00  01E011M000  1.000
LYS01A0016_004  0.000 -7.16  1.68  4.75  0.00 -0.73 0.502  00  01E014M000  1.000
LYS01A0016_005  0.000-10.64  5.54  2.18  0.00 -2.92 0.501  00  01E024M000  1.000
LYS01A0016_006  0.000-10.91  5.81  3.31  0.00 -1.79 0.502  00  01E02CM000  1.000
LYS01A0016_007  0.000-10.33  2.87  1.19  0.00 -6.26 0.502  00  01E057M000  1.000
LYS01A0016_008  0.000-11.29  3.24  1.61  0.00 -6.44 0.502  00  01E06CM000  1.000
LYS01A0016_009  0.000 -7.49  1.04  2.66  0.00 -3.78 0.501  00  01E0AAM000  1.000
LYS01A0016_010  0.000-10.97  5.49  2.98  0.00 -2.50 0.502  00  01E0BCM000  1.000
LYS01A0016_011  0.000-10.18  1.51  3.82  0.00 -4.85 0.502  00  01E0CDM000  1.000
LYS01A0016_012  0.000-10.96  1.91  4.41  0.00 -4.64 0.502  00  01E0DFM000  1.000
LYS01A0016_013  0.000 -9.14  1.82  1.81  0.00 -5.50 0.503  00  01E0FCM000  1.000
LYS01A0016_014  0.000 -9.83  3.61  3.15  0.00 -3.08 0.502  00  01E109M000  1.000
LYS01A0016_015  0.000 -6.63  2.18  2.33  0.00 -2.12 0.502  00  01T034M000  1.000
LYS01A0016_016  0.000-10.75  1.04  2.21  0.00 -7.50 0.503  00  01T04CM000  1.000
LYS01A0016_017  0.000-11.65  5.88  3.02  0.00 -2.75 0.502  00  01T07FM000  1.000
LYS01A0016_018  0.000-10.82  5.43  4.01  0.00 -1.38 0.501  00  01T080M000  1.000
LYS01A0016_019  0.000-10.92  8.02  4.43  0.00  1.53 0.502  00  01T0E1M000  1.000
LYS01A0016_020  0.000 -7.10  1.83  2.70  0.00 -2.58 0.502  00  01T0F6M000  1.000
LYS+1A0016_021  1.000-10.28  1.08  2.73  0.00 -6.47 0.502  00  +1O000M000  1.000
LYS+1A0016_022  1.000-10.94  2.87  1.38  0.00 -6.69 0.502  00  +1E00BM000  1.000
LYS+1A0016_023  1.000 -4.95  0.65  2.59  0.00 -1.71 0.502  00  +1E011M000  1.000
LYS+1A0016_024  1.000 -7.37  1.63  4.78  0.00 -0.96 0.502  00  +1E014M000  1.000
LYS+1A0016_025  1.000-10.72  5.82  2.25  0.00 -2.65 0.501  00  +1E024M000  1.000
LYS+1A0016_026  1.000-10.40  2.91  1.22  0.00 -6.28 0.502  00  +1E057M000  1.000
LYS+1A0016_027  1.000-11.69  5.94  3.04  0.00 -2.71 0.502  00  +1E07FM000  1.000
LYS+1A0016_028  1.000-11.00  5.39  3.05  0.00 -2.56 0.502  00  +1E0BCM000  1.000
LYS+1A0016_029  1.000-10.25  1.50  3.84  0.00 -4.91 0.502  00  +1E0CDM000  1.000
LYS+1A0016_030  1.000-11.09  1.91  4.44  0.00 -4.74 0.502  00  +1E0DFM000  1.000
LYS+1A0016_031  1.000-11.09  7.81  4.53  0.00  1.25 0.502  00  +1E0E1M000  1.000
LYS+1A0016_032  1.000 -7.12  1.83  2.75  0.00 -2.54 0.502  00  +1E0F6M000  1.000
LYS+1A0016_033  1.000-10.01  3.53  3.21  0.00 -3.27 0.502  00  +1E109M000  1.000
LYS+1A0016_034  1.000-11.04  5.88  3.32  0.00 -1.84 0.502  00  +1T02CM000  1.000
LYS+1A0016_035  1.000 -6.63  2.17  2.36  0.00 -2.10 0.502  00  +1T034M000  1.000
LYS+1A0016_036  1.000-10.78  1.04  2.25  0.00 -7.49 0.503  00  +1T04CM000  1.000
LYS+1A0016_037  1.000-11.37  3.26  1.65  0.00 -6.46 0.502  00  +1T06CM000  1.000
LYS+1A0016_038  1.000-10.93  5.42  4.08  0.00 -1.43 0.501  00  +1T080M000  1.000
LYS+1A0016_039  1.000 -7.62  1.04  2.76  0.00 -3.83 0.501  00  +1T0AAM000  1.000
LYS+1A0016_040  1.000 -9.15  1.84  1.85  0.00 -5.47 0.503  00  +1T0FCM000  1.000
