   confID        vdw0    sas     sum
LYS01A0016_001   1.947 -12.158 -10.211
LYS01A0016_002   1.261 -12.200 -10.939
LYS01A0016_003   6.978 -11.848  -4.869
LYS01A0016_004   5.214 -12.382  -7.168
LYS01A0016_005   1.839 -12.480 -10.640
LYS01A0016_006   1.493 -12.403 -10.910
LYS01A0016_007   1.878 -12.203 -10.325
LYS01A0016_008   1.160 -12.446 -11.286
LYS01A0016_009   4.680 -12.166  -7.486
LYS01A0016_010   1.842 -12.808 -10.966
LYS01A0016_011   1.965 -12.138 -10.173
LYS01A0016_012   1.896 -12.859 -10.963
LYS01A0016_013   3.145 -12.276  -9.132
LYS01A0016_014   2.208 -12.041  -9.833
LYS01A0016_015   5.566 -12.190  -6.624
LYS01A0016_016   1.790 -12.534 -10.744
LYS01A0016_017   0.964 -12.611 -11.647
LYS01A0016_018   1.217 -12.032 -10.816
LYS01A0016_019   1.721 -12.689 -10.968
LYS01A0016_020   4.845 -11.939  -7.094
LYS+1A0016_021   1.877 -12.158 -10.281
LYS+1A0016_022   1.139 -12.080 -10.941
LYS+1A0016_023   6.905 -11.848  -4.942
LYS+1A0016_024   5.087 -12.449  -7.363
LYS+1A0016_025   1.744 -12.470 -10.726
LYS+1A0016_026   1.843 -12.242 -10.399
LYS+1A0016_027   0.921 -12.611 -11.690
LYS+1A0016_028   1.810 -12.843 -11.033
LYS+1A0016_029   1.912 -12.163 -10.252
LYS+1A0016_030   1.849 -12.943 -11.094
LYS+1A0016_031   1.690 -12.782 -11.092
LYS+1A0016_032   4.776 -11.965  -7.189
LYS+1A0016_033   2.165 -12.173 -10.008
LYS+1A0016_034   1.390 -12.432 -11.042
LYS+1A0016_035   5.454 -12.087  -6.633
LYS+1A0016_036   1.738 -12.521 -10.782
LYS+1A0016_037   1.126 -12.501 -11.376
LYS+1A0016_038   1.147 -12.084 -10.937
LYS+1A0016_039   4.713 -12.340  -7.627
LYS+1A0016_040   3.194 -12.344  -9.150
