iConf CONFORMER     FL  occ    crg   Em0  pKa0 ne nH    vdw0    vdw1    tors    epol   dsolv   extra    history
00001 MET01A0065_001 f 0.00  0.000     0  0.00  0  0 -11.371   0.558   2.464   0.015  -0.017   0.000 01O000M000t
00002 MET01A0065_002 f 0.00  0.000     0  0.00  0  0 -11.424   1.916   1.777   0.029  -0.017   0.000 01R005M000t
00003 MET01A0065_003 f 0.00  0.000     0  0.00  0  0 -11.153   0.904   5.006   0.013  -0.017   0.000 01R009M000t
00004 MET01A0065_004 f 0.00  0.000     0  0.00  0  0 -11.167   0.860   4.317   0.006  -0.017   0.000 01R00DM000t
00005 MET01A0065_005 f 0.00  0.000     0  0.00  0  0 -11.149   2.515   4.370   0.032  -0.017   0.000 01R010M000t
00006 MET01A0065_006 f 0.00  0.000     0  0.00  0  0 -11.357   0.383   1.777   0.016  -0.017   0.000 01R01AM000t
00007 MET01A0065_007 f 0.00  0.000     0  0.00  0  0 -11.521   5.006   3.067   0.017  -0.017   0.000 01R01DM000t
00008 MET01A0065_008 f 0.00  0.000     0  0.00  0  0 -11.026   5.644   2.981   0.016  -0.018   0.000 01R01FM000t
00009 MET01A0065_009 f 0.00  0.000     0  0.00  0  0  -8.367   1.905   1.510   0.034  -0.017   0.000 01R026M000t
00010 MET01A0065_010 f 0.00  0.000     0  0.00  0  0  -6.289   1.788   1.777   0.034  -0.017   0.000 01R02AM000t
00011 MET01A0065_011 f 0.00  0.000     0  0.00  0  0 -11.256   1.885   2.592   0.032  -0.017   0.000 01R02BM000t
00012 MET01A0065_012 f 0.00  0.000     0  0.00  0  0 -11.595   1.679   3.282   0.006  -0.016   0.000 01R031M000t
00013 MET01A0065_013 f 0.00  0.000     0  0.00  0  0 -11.561   1.844   3.281   0.012  -0.017   0.000 01R033M000t
00014 MET01A0065_014 f 0.00  0.000     0  0.00  0  0 -10.986   0.887   5.824   0.015  -0.017   0.000 01R036M000t
00015 MET01A0065_015 f 0.00  0.000     0  0.00  0  0 -11.195   0.900   4.320   0.017  -0.017   0.000 01R038M000t
00016 MET01A0065_016 f 0.00  0.000     0  0.00  0  0 -11.873   1.885   2.535  -0.013  -0.016   0.000 01R03DM000t
00017 MET01A0065_017 f 0.00  0.000     0  0.00  0  0 -11.429   8.023   2.396  -0.021  -0.016   0.000 01R04CM000t
00018 MET01A0065_018 f 0.00  0.000     0  0.00  0  0 -11.755   2.801   1.219  -0.019  -0.016   0.000 01T00CM000t
00019 MET01A0065_019 f 0.00  0.000     0  0.00  0  0 -10.902   2.529   5.159   0.025  -0.016   0.000 01T04BM000t
00020 MET01A0065_020 f 0.00  0.000     0  0.00  0  0 -11.617   3.532   2.447   0.025  -0.016   0.000 01T04EM000t
