CONFORMER         crg  vdw0  vdw1  tors  epol  self   occ  Hb     history    ASA
MET01A0065_001  0.000-11.37  0.48  2.46  0.00 -8.43 0.507  00  01O000M000  1.000
MET01A0065_002  0.000-11.42  1.84  1.78  0.00 -7.81 0.505  00  01R005M000  1.000
MET01A0065_003  0.000-11.15  0.90  5.01  0.00 -5.25 0.506  00  01R009M000  1.000
MET01A0065_004  0.000-11.17  0.86  4.32  0.00 -5.98 0.507  00  01R00DM000  1.000
MET01A0065_005  0.000-11.15  2.51  4.37  0.00 -4.27 0.506  00  01R010M000  1.000
MET01A0065_006  0.000-11.36  0.31  1.78  0.00 -9.27 0.506  00  01R01AM000  1.000
MET01A0065_007  0.000-11.52  4.92  3.07  0.00 -3.53 0.508  00  01R01DM000  1.000
MET01A0065_008  0.000-11.03  5.58  2.98  0.00 -2.46 0.507  00  01R01FM000  1.000
MET01A0065_009  0.000 -8.32  1.83  1.51  0.00 -4.98 0.506  00  01R026M000  1.000
MET01A0065_010  0.000 -6.30  1.71  1.78  0.00 -2.81 0.507  00  01R02AM000  1.000
MET01A0065_011  0.000-11.26  1.81  2.59  0.00 -6.85 0.506  00  01R02BM000  1.000
MET01A0065_012  0.000-11.60  1.68  3.28  0.00 -6.64 0.505  00  01R031M000  1.000
MET01A0065_013  0.000-11.56  1.84  3.28  0.00 -6.43 0.506  00  01R033M000  1.000
MET01A0065_014  0.000-10.99  0.88  5.82  0.00 -4.28 0.507  00  01R036M000  1.000
MET01A0065_015  0.000-11.19  0.90  4.32  0.00 -5.97 0.505  00  01R038M000  1.000
MET01A0065_016  0.000-11.87  1.89  2.53  0.00 -7.45 0.507  00  01R03DM000  1.000
MET01A0065_017  0.000-11.43  8.02  2.40  0.00 -1.01 0.507  00  01R04CM000  1.000
MET01A0065_018  0.000-11.75  2.80  1.22  0.00 -7.73 0.504  00  01T00CM000  1.000
MET01A0065_019  0.000-10.90  2.53  5.16  0.00 -3.22 0.507  00  01T04BM000  1.000
MET01A0065_020  0.000-11.62  3.54  2.45  0.00 -5.63 0.506  00  01T04EM000  1.000
