   confID        vdw0    sas     sum
MET01A0065_001   0.211 -11.582 -11.371
MET01A0065_002   0.212 -11.636 -11.424
MET01A0065_003   0.623 -11.777 -11.153
MET01A0065_004   0.620 -11.788 -11.167
MET01A0065_005   0.554 -11.703 -11.149
MET01A0065_006   0.430 -11.786 -11.357
MET01A0065_007   0.361 -11.882 -11.521
MET01A0065_008   0.256 -11.282 -11.026
MET01A0065_009   2.724 -11.091  -8.367
MET01A0065_010   4.525 -10.814  -6.289
MET01A0065_011   0.293 -11.549 -11.256
MET01A0065_012   0.274 -11.869 -11.595
MET01A0065_013   0.199 -11.760 -11.561
MET01A0065_014   0.691 -11.677 -10.986
MET01A0065_015   0.587 -11.782 -11.195
MET01A0065_016   0.288 -12.161 -11.873
MET01A0065_017   0.320 -11.749 -11.429
MET01A0065_018   0.062 -11.817 -11.755
MET01A0065_019   0.633 -11.534 -10.902
MET01A0065_020   0.266 -11.883 -11.617
