iConf CONFORMER     FL  occ    crg   Em0  pKa0 ne nH    vdw0    vdw1    tors    epol   dsolv   extra    history
00001 GLU01A0073_001 f 0.00  0.000     0  0.00  0  0  -3.778   0.629   4.065   0.014  -0.517   0.000 01O000M000t
00002 GLU01A0073_002 f 0.00  0.000     0  0.00  0  0  -3.851   0.839   3.861   0.027  -0.500   0.000 01E002M000t
00003 GLU01A0073_003 f 0.00  0.000     0  0.00  0  0  -2.315   0.711   3.238   0.046  -0.491   0.000 01E004M000t
00004 GLU01A0073_004 f 0.00  0.000     0  0.00  0  0  -3.424   1.933   3.407   0.082  -0.471   0.000 01E006M000t
00005 GLU01A0073_005 f 0.00  0.000     0  0.00  0  0  -3.791   0.629   1.345   0.010  -0.369   0.000 01O000M000t
00006 GLU01A0073_006 f 0.00  0.000     0  0.00  0  0  -3.854   0.809   1.076   0.013  -0.365   0.000 01E002M000t
00007 GLU01A0073_007 f 0.00  0.000     0  0.00  0  0  -3.352   2.026   0.666   0.048  -0.365   0.000 01E006M000t
00008 GLU01A0073_008 f 0.00  0.000     0  0.00  0  0  -3.769   1.455   3.894   0.061  -0.506   0.000 01T001M000t
00009 GLU01A0073_009 f 0.00  0.000     0  0.00  0  0  -2.262   1.292   3.174   0.029  -0.481   0.000 01T005M000t
00010 GLU01A0073_010 f 0.00  0.000     0  0.00  0  0  -3.665   1.455   1.174   0.028  -0.374   0.000 01T001M000t
00011 GLU02A0073_011 f 0.00  0.000     0  0.00  0  0  -3.778   0.635   4.065   0.042  -0.518   0.000 02O000M000t
00012 GLU02A0073_012 f 0.00  0.000     0  0.00  0  0  -3.751   1.460   3.950   0.018  -0.511   0.000 02E001M000t
00013 GLU02A0073_013 f 0.00  0.000     0  0.00  0  0  -3.778   0.635   1.345   0.017  -0.367   0.000 02O000M000t
00014 GLU02A0073_014 f 0.00  0.000     0  0.00  0  0  -3.864   0.816   1.057   0.011  -0.363   0.000 02E002M000t
00015 GLU02A0073_015 f 0.00  0.000     0  0.00  0  0  -2.711   0.716   3.213   0.021  -0.507   0.000 02T004M000t
00016 GLU02A0073_016 f 0.00  0.000     0  0.00  0  0  -2.675   1.301   3.186   0.051  -0.515   0.000 02T005M000t
00017 GLU02A0073_017 f 0.00  0.000     0  0.00  0  0  -3.741   1.873   3.400   0.068  -0.512   0.000 02T006M000t
00018 GLU02A0073_018 f 0.00  0.000     0  0.00  0  0  -3.865   0.817   3.757   0.045  -0.485   0.000 02T002M000t
00019 GLU02A0073_019 f 0.00  0.000     0  0.00  0  0  -3.749   1.459   1.211   0.018  -0.369   0.000 02T001M000t
00020 GLU02A0073_020 f 0.00  0.000     0  0.00  0  0  -3.728   1.934   0.656   0.047  -0.355   0.000 02T006M000t
00021 GLU-1A0073_021 f 0.00 -1.000     0  4.75  0 -1  -3.933   0.647   1.345  -0.054  -3.136   0.000 -1O000M000t
00022 GLU-1A0073_022 f 0.00 -1.000     0  4.75  0 -1  -3.954   0.837   1.070  -0.163  -3.095   0.000 -1E002M000t
00023 GLU-1A0073_023 f 0.00 -1.000     0  4.75  0 -1  -2.585   1.293   0.455  -0.057  -3.131   0.000 -1E005M000t
00024 GLU-1A0073_024 f 0.00 -1.000     0  4.75  0 -1  -3.677   1.889   0.652  -0.225  -3.092   0.000 -1E006M000t
