iConf CONFORMER     FL  occ    crg   Em0  pKa0 ne nH    vdw0    vdw1    tors    epol   dsolv   extra    history
00001 LYS01A0127_001 f 0.00  0.000     0  0.00  0  0 -11.509   0.486   1.021   0.002  -0.060   0.000 01O000M000t
00002 LYS01A0127_002 f 0.00  0.000     0  0.00  0  0 -10.878   0.975   1.516  -0.004  -0.060   0.000 01E00EM000t
00003 LYS01A0127_003 f 0.00  0.000     0  0.00  0  0  -9.836   0.683   2.081  -0.008  -0.059   0.000 01E029M000t
00004 LYS01A0127_004 f 0.00  0.000     0  0.00  0  0 -10.090   1.666   4.658  -0.006  -0.063   0.000 01E0E4M000t
00005 LYS01A0127_005 f 0.00  0.000     0  0.00  0  0  -9.470   1.451   4.780  -0.002  -0.060   0.000 01E107M000t
00006 LYS01A0127_006 f 0.00  0.000     0  0.00  0  0 -11.897   1.832   6.455  -0.001  -0.064   0.000 01E10FM000t
00007 LYS01A0127_007 f 0.00  0.000     0  0.00  0  0 -10.929   0.399   3.649  -0.005  -0.064   0.000 01E12DM000t
00008 LYS01A0127_008 f 0.00  0.000     0  0.00  0  0  -9.705   0.851   4.880  -0.008  -0.063   0.000 01E15BM000t
00009 LYS01A0127_009 f 0.00  0.000     0  0.00  0  0 -10.046   0.992   2.156  -0.007  -0.061   0.000 01E165M000t
00010 LYS01A0127_010 f 0.00  0.000     0  0.00  0  0 -11.324   0.621   3.755  -0.007  -0.061   0.000 01E16BM000t
00011 LYS01A0127_011 f 0.00  0.000     0  0.00  0  0 -12.666   1.212   3.601  -0.003  -0.062   0.000 01T04AM000t
00012 LYS01A0127_012 f 0.00  0.000     0  0.00  0  0 -11.376   1.456   7.028  -0.007  -0.066   0.000 01T0ACM000t
00013 LYS01A0127_013 f 0.00  0.000     0  0.00  0  0 -11.985   1.433   4.219  -0.003  -0.066   0.000 01T0ADM000t
00014 LYS01A0127_014 f 0.00  0.000     0  0.00  0  0 -11.118   1.398   7.012  -0.001  -0.060   0.000 01T0AEM000t
00015 LYS01A0127_015 f 0.00  0.000     0  0.00  0  0  -9.205   0.356   4.917  -0.000  -0.062   0.000 01T0BFM000t
00016 LYS01A0127_016 f 0.00  0.000     0  0.00  0  0 -11.163   0.061   0.874  -0.006  -0.062   0.000 01T0CDM000t
00017 LYS01A0127_017 f 0.00  0.000     0  0.00  0  0 -10.976   1.279   7.065  -0.008  -0.058   0.000 01T0E5M000t
00018 LYS01A0127_018 f 0.00  0.000     0  0.00  0  0  -9.434   0.659   2.088  -0.007  -0.056   0.000 01T114M000t
00019 LYS01A0127_019 f 0.00  0.000     0  0.00  0  0 -10.474   0.901   1.509  -0.008  -0.062   0.000 01T161M000t
00020 LYS01A0127_020 f 0.00  0.000     0  0.00  0  0 -10.295   1.034   2.085  -0.005  -0.063   0.000 01T179M000t
00021 LYS+1A0127_021 f 0.00  1.000     0 10.40  0  1 -11.571   0.484   1.021   0.011  -0.996   0.000 +1O000M000t
00022 LYS+1A0127_022 f 0.00  1.000     0 10.40  0  1  -9.957   0.675   2.085   0.086  -0.990   0.000 +1E029M000t
00023 LYS+1A0127_023 f 0.00  1.000     0 10.40  0  1 -11.488   1.450   7.030   0.046  -1.013   0.000 +1E0ACM000t
00024 LYS+1A0127_024 f 0.00  1.000     0 10.40  0  1 -11.174   1.385   7.017   0.085  -0.996   0.000 +1E0AEM000t
00025 LYS+1A0127_025 f 0.00  1.000     0 10.40  0  1 -10.145   1.666   4.661   0.050  -1.014   0.000 +1E0E4M000t
00026 LYS+1A0127_026 f 0.00  1.000     0 10.40  0  1 -11.035   1.273   7.071   0.104  -0.985   0.000 +1E0E5M000t
00027 LYS+1A0127_027 f 0.00  1.000     0 10.40  0  1 -10.862   0.403   3.658   0.033  -1.010   0.000 +1E12DM000t
00028 LYS+1A0127_028 f 0.00  1.000     0 10.40  0  1  -9.699   0.853   4.882   0.051  -1.011   0.000 +1E15BM000t
00029 LYS+1A0127_029 f 0.00  1.000     0 10.40  0  1 -10.432   0.906   1.510   0.031  -1.010   0.000 +1E161M000t
00030 LYS+1A0127_030 f 0.00  1.000     0 10.40  0  1 -10.085   0.993   2.157   0.034  -1.011   0.000 +1E165M000t
00031 LYS+1A0127_031 f 0.00  1.000     0 10.40  0  1 -11.392   0.620   3.760   0.043  -0.998   0.000 +1E16BM000t
00032 LYS+1A0127_032 f 0.00  1.000     0 10.40  0  1 -10.352   1.034   2.086   0.047  -1.016   0.000 +1E179M000t
00033 LYS+1A0127_033 f 0.00  1.000     0 10.40  0  1 -10.992   0.986   1.520   0.053  -0.996   0.000 +1T00EM000t
00034 LYS+1A0127_034 f 0.00  1.000     0 10.40  0  1 -12.707   1.200   3.608   0.043  -1.013   0.000 +1T04AM000t
00035 LYS+1A0127_035 f 0.00  1.000     0 10.40  0  1 -12.003   1.428   4.220   0.063  -1.015   0.000 +1T0ADM000t
00036 LYS+1A0127_036 f 0.00  1.000     0 10.40  0  1  -9.325   0.352   4.921   0.040  -1.004   0.000 +1T0BFM000t
00037 LYS+1A0127_037 f 0.00  1.000     0 10.40  0  1 -11.070   0.061   0.872   0.043  -1.012   0.000 +1T0CDM000t
00038 LYS+1A0127_038 f 0.00  1.000     0 10.40  0  1  -9.543   1.454   4.780   0.003  -0.990   0.000 +1T107M000t
00039 LYS+1A0127_039 f 0.00  1.000     0 10.40  0  1 -11.870   1.872   6.454  -0.005  -1.005   0.000 +1T10FM000t
00040 LYS+1A0127_040 f 0.00  1.000     0 10.40  0  1  -9.527   0.603   2.089   0.192  -0.954   0.000 +1T114M000t
