CONFORMER         crg  vdw0  vdw1  tors  epol  self   occ  Hb     history    ASA
LYS01A0127_001  0.000-11.51  0.49  1.02  0.00-10.00 0.501  00  01O000M000  1.000
LYS01A0127_002  0.000-10.88  0.98  1.52  0.00 -8.39 0.501  00  01E00EM000  1.000
LYS01A0127_003  0.000 -9.84  0.68  2.08  0.00 -7.07 0.502  00  01E029M000  1.000
LYS01A0127_004  0.000-10.09  1.67  4.66  0.00 -3.76 0.501  00  01E0E4M000  1.000
LYS01A0127_005  0.000 -9.47  1.45  4.78  0.00 -3.23 0.501  00  01E107M000  1.000
LYS01A0127_006  0.000-11.90  1.83  6.45  0.00 -3.61 0.501  00  01E10FM000  1.000
LYS01A0127_007  0.000-10.93  0.40  3.65  0.00 -6.88 0.501  00  01E12DM000  1.000
LYS01A0127_008  0.000 -9.70  0.85  4.88  0.00 -3.98 0.501  00  01E15BM000  1.000
LYS01A0127_009  0.000-10.04  0.99  2.16  0.00 -6.89 0.501  00  01E165M000  1.000
LYS01A0127_010  0.000-11.32  0.62  3.76  0.00 -6.95 0.501  00  01E16BM000  1.000
LYS01A0127_011  0.000-12.67  1.21  3.60  0.00 -7.85 0.501  00  01T04AM000  1.000
LYS01A0127_012  0.000-11.31  1.46  7.03  0.00 -2.82 0.501  00  01T0ACM000  1.000
LYS01A0127_013  0.000-12.02  1.44  4.22  0.00 -6.37 0.501  00  01T0ADM000  1.000
LYS01A0127_014  0.000-11.12  1.40  7.01  0.00 -2.71 0.501  00  01T0AEM000  1.000
LYS01A0127_015  0.000 -9.21  0.36  4.92  0.00 -3.94 0.502  00  01T0BFM000  1.000
LYS01A0127_016  0.000-11.17  0.06  0.87  0.00-10.23 0.501  00  01T0CDM000  1.000
LYS01A0127_017  0.000-10.98  1.28  7.07  0.00 -2.63 0.502  00  01T0E5M000  1.000
LYS01A0127_018  0.000 -9.43  0.66  2.09  0.00 -6.69 0.502  00  01T114M000  1.000
LYS01A0127_019  0.000-10.51  0.90  1.51  0.00 -8.11 0.501  00  01T161M000  1.000
LYS01A0127_020  0.000-10.29  1.04  2.08  0.00 -7.17 0.502  00  01T179M000  1.000
LYS+1A0127_021  1.000-11.57  0.48  1.02  0.00-10.07 0.501  00  +1O000M000  1.000
LYS+1A0127_022  1.000 -9.96  0.67  2.08  0.00 -7.20 0.502  00  +1E029M000  1.000
LYS+1A0127_023  1.000-11.49  1.45  7.03  0.00 -3.01 0.501  00  +1E0ACM000  1.000
LYS+1A0127_024  1.000-11.17  1.39  7.02  0.00 -2.77 0.501  00  +1E0AEM000  1.000
LYS+1A0127_025  1.000-10.14  1.67  4.66  0.00 -3.81 0.501  00  +1E0E4M000  1.000
LYS+1A0127_026  1.000-11.04  1.28  7.07  0.00 -2.69 0.502  00  +1E0E5M000  1.000
LYS+1A0127_027  1.000-10.86  0.40  3.66  0.00 -6.80 0.501  00  +1E12DM000  1.000
LYS+1A0127_028  1.000 -9.66  0.85  4.88  0.00 -3.93 0.501  00  +1E15BM000  1.000
LYS+1A0127_029  1.000-10.43  0.90  1.51  0.00 -8.01 0.501  00  +1E161M000  1.000
LYS+1A0127_030  1.000-10.09  0.99  2.16  0.00 -6.94 0.501  00  +1E165M000  1.000
LYS+1A0127_031  1.000-11.39  0.62  3.76  0.00 -7.01 0.501  00  +1E16BM000  1.000
LYS+1A0127_032  1.000-10.35  1.03  2.09  0.00 -7.23 0.502  00  +1E179M000  1.000
LYS+1A0127_033  1.000-10.99  0.98  1.52  0.00 -8.49 0.501  00  +1T00EM000  1.000
LYS+1A0127_034  1.000-12.71  1.20  3.61  0.00 -7.90 0.501  00  +1T04AM000  1.000
LYS+1A0127_035  1.000-12.00  1.43  4.22  0.00 -6.35 0.501  00  +1T0ADM000  1.000
LYS+1A0127_036  1.000 -9.32  0.35  4.92  0.00 -4.05 0.502  00  +1T0BFM000  1.000
LYS+1A0127_037  1.000-11.12  0.06  0.87  0.00-10.19 0.501  00  +1T0CDM000  1.000
LYS+1A0127_038  1.000 -9.54  1.45  4.78  0.00 -3.31 0.501  00  +1T107M000  1.000
LYS+1A0127_039  1.000-11.87  1.87  6.45  0.00 -3.54 0.501  00  +1T10FM000  1.000
LYS+1A0127_040  1.000 -9.52  0.61  2.09  0.00 -6.83 0.502  00  +1T114M000  1.000
