   confID        vdw0    sas     sum
LYS01A0127_001   1.015 -12.525 -11.509
LYS01A0127_002   1.393 -12.271 -10.878
LYS01A0127_003   3.027 -12.863  -9.836
LYS01A0127_004   2.550 -12.640 -10.090
LYS01A0127_005   3.090 -12.561  -9.470
LYS01A0127_006   0.879 -12.775 -11.897
LYS01A0127_007   1.644 -12.572 -10.929
LYS01A0127_008   3.112 -12.817  -9.705
LYS01A0127_009   2.520 -12.566 -10.046
LYS01A0127_010   0.891 -12.215 -11.324
LYS01A0127_011   0.321 -12.988 -12.666
LYS01A0127_012   1.409 -12.785 -11.376
LYS01A0127_013   0.900 -12.885 -11.985
LYS01A0127_014   1.339 -12.458 -11.118
LYS01A0127_015   2.972 -12.177  -9.205
LYS01A0127_016   1.074 -12.237 -11.163
LYS01A0127_017   1.285 -12.262 -10.976
LYS01A0127_018   3.135 -12.569  -9.434
LYS01A0127_019   1.979 -12.454 -10.474
LYS01A0127_020   2.593 -12.888 -10.295
LYS+1A0127_021   0.954 -12.525 -11.571
LYS+1A0127_022   2.974 -12.931  -9.957
LYS+1A0127_023   1.361 -12.849 -11.488
LYS+1A0127_024   1.284 -12.458 -11.174
LYS+1A0127_025   2.495 -12.640 -10.145
LYS+1A0127_026   1.227 -12.262 -11.035
LYS+1A0127_027   1.579 -12.440 -10.862
LYS+1A0127_028   3.067 -12.765  -9.699
LYS+1A0127_029   1.971 -12.402 -10.432
LYS+1A0127_030   2.481 -12.566 -10.085
LYS+1A0127_031   0.824 -12.215 -11.392
LYS+1A0127_032   2.535 -12.888 -10.352
LYS+1A0127_033   1.343 -12.335 -10.992
LYS+1A0127_034   0.280 -12.988 -12.707
LYS+1A0127_035   0.853 -12.856 -12.003
LYS+1A0127_036   2.916 -12.241  -9.325
LYS+1A0127_037   1.052 -12.122 -11.070
LYS+1A0127_038   3.017 -12.561  -9.543
LYS+1A0127_039   0.815 -12.685 -11.870
LYS+1A0127_040   3.042 -12.569  -9.527
