iConf CONFORMER     FL  occ    crg   Em0  pKa0 ne nH    vdw0    vdw1    tors    epol   dsolv   extra    history
00001 ASP01A0083_001 f 0.00  0.000     0  0.00  0  0  -4.372   3.137   2.970   0.237  -0.820   0.000 01O000M000t
00002 ASP01A0083_002 f 0.00  0.000     0  0.00  0  0  -4.388   0.899   3.462   0.233  -1.083   0.000 01E004M000t
00003 ASP01A0083_003 f 0.00  0.000     0  0.00  0  0  -4.344   1.073   3.461  -0.000  -1.041   0.000 01E006M000t
00004 ASP01A0083_004 f 0.00  0.000     0  0.00  0  0  -4.418   0.794   5.699   0.152  -0.978   0.000 01E007M000t
00005 ASP01A0083_005 f 0.00  0.000     0  0.00  0  0  -4.372   3.137   0.250   0.069  -0.696   0.000 01O000M000t
00006 ASP01A0083_006 f 0.00  0.000     0  0.00  0  0  -4.562   2.764   0.105   0.021  -0.692   0.000 01E002M000t
00007 ASP01A0083_007 f 0.00  0.000     0  0.00  0  0  -4.669   0.556   0.685   0.034  -0.690   0.000 01E00AM000t
00008 ASP01A0083_008 f 0.00  0.000     0  0.00  0  0  -4.300   1.231   2.824   0.452  -0.904   0.000 01T001M000t
00009 ASP01A0083_009 f 0.00  0.000     0  0.00  0  0  -4.416   1.396   3.636   0.159  -0.927   0.000 01T009M000t
00010 ASP01A0083_010 f 0.00  0.000     0  0.00  0  0  -4.562   2.764   2.796   0.264  -0.904   0.000 01T002M000t
00011 ASP01A0083_011 f 0.00  0.000     0  0.00  0  0  -4.330   1.254   5.694   0.054  -1.073   0.000 01T008M000t
00012 ASP01A0083_012 f 0.00  0.000     0  0.00  0  0  -4.669   0.555   3.388   0.032  -1.039   0.000 01T00AM000t
00013 ASP01A0083_013 f 0.00  0.000     0  0.00  0  0  -4.300   1.231   0.104   0.070  -0.714   0.000 01T001M000t
00014 ASP01A0083_014 f 0.00  0.000     0  0.00  0  0  -4.457   0.799   2.969   0.059  -0.706   0.000 01T007M000t
00015 ASP01A0083_015 f 0.00  0.000     0  0.00  0  0  -4.360   1.351   0.713  -0.026  -0.682   0.000 01T006M000t
00016 ASP02A0083_016 f 0.00  0.000     0  0.00  0  0  -4.136   2.259   2.970   0.106  -1.003   0.000 02O000M000t
00017 ASP02A0083_017 f 0.00  0.000     0  0.00  0  0  -4.614   1.560   3.515   0.576  -0.882   0.000 02E006M000t
00018 ASP02A0083_018 f 0.00  0.000     0  0.00  0  0  -4.440   1.369   5.710   0.205  -0.952   0.000 02E008M000t
00019 ASP02A0083_019 f 0.00  0.000     0  0.00  0  0  -4.136   2.259   0.250   0.098  -0.674   0.000 02O000M000t
00020 ASP02A0083_020 f 0.00  0.000     0  0.00  0  0  -4.371   1.441   3.473   0.026  -0.867   0.000 02T004M000t
00021 ASP02A0083_021 f 0.00  0.000     0  0.00  0  0  -4.133   1.087   3.624   0.058  -1.053   0.000 02T009M000t
00022 ASP02A0083_022 f 0.00  0.000     0  0.00  0  0  -4.423   0.809   2.844   0.025  -1.032   0.000 02T001M000t
00023 ASP02A0083_023 f 0.00  0.000     0  0.00  0  0  -4.688   0.705   3.405   0.165  -0.991   0.000 02T00AM000t
00024 ASP02A0083_024 f 0.00  0.000     0  0.00  0  0  -4.371   1.441   0.753   0.132  -0.681   0.000 02T004M000t
00025 ASP02A0083_025 f 0.00  0.000     0  0.00  0  0  -4.615   1.562   0.783   0.037  -0.713   0.000 02T006M000t
00026 ASP02A0083_026 f 0.00  0.000     0  0.00  0  0  -4.441   1.371   2.975   0.057  -0.692   0.000 02T008M000t
00027 ASP02A0083_027 f 0.00  0.000     0  0.00  0  0  -4.096   1.087   0.904   0.029  -0.720   0.000 02T009M000t
00028 ASP02A0083_028 f 0.00  0.000     0  0.00  0  0  -4.423   0.809   0.124   0.026  -0.695   0.000 02T001M000t
00029 ASP-1A0083_029 f 0.00 -1.000     0  4.75  0 -1  -4.147   2.282   0.250  -0.193  -5.908   0.000 -1O000M000t
00030 ASP-1A0083_030 f 0.00 -1.000     0  4.75  0 -1  -4.449   2.230   0.057  -0.255  -5.952   0.000 -1E002M000t
00031 ASP-1A0083_031 f 0.00 -1.000     0  4.75  0 -1  -4.452   1.380   0.698  -0.414  -5.977   0.000 -1E006M000t
00032 ASP-1A0083_032 f 0.00 -1.000     0  4.75  0 -1  -4.330   1.216   2.909  -0.215  -6.022   0.000 -1E008M000t
00033 ASP-1A0083_033 f 0.00 -1.000     0  4.75  0 -1  -4.591   0.476   0.655  -0.206  -5.979   0.000 -1E00AM000t
