CONFORMER         crg  vdw0  vdw1  tors  epol  self   occ  Hb     history    ASA
LYS01A0064_001  0.000-11.13  1.08  3.28  0.00 -6.78 0.502  00  01O000M000  1.000
LYS01A0064_002  0.000-10.33  0.52  6.05  0.00 -3.76 0.502  00  01O001M000  1.000
LYS01A0064_003  0.000-11.13  0.22  1.23  0.00 -9.67 0.501  00  01E05AM000  1.000
LYS01A0064_004  0.000-11.13  0.74  1.23  0.00 -9.17 0.501  00  01E062M000  1.000
LYS01A0064_005  0.000-11.72  1.89  3.43  0.00 -6.41 0.501  00  01E071M000  1.000
LYS01A0064_006  0.000-11.31  1.04  1.72  0.00 -8.55 0.501  00  01E085M000  1.000
LYS01A0064_007  0.000 -8.27  0.41  2.40  0.00 -5.46 0.502  00  01E10EM000  1.000
LYS01A0064_008  0.000 -9.69  0.18  2.64  0.00 -6.87 0.502  00  01E123M000  1.000
LYS01A0064_009  0.000 -8.84  0.27  2.51  0.00 -6.05 0.502  00  01E12AM000  1.000
LYS01A0064_010  0.000-10.34  0.72  4.53  0.00 -5.09 0.502  00  01T01CM000  1.000
LYS01A0064_011  0.000-10.38  1.67  2.76  0.00 -5.94 0.501  00  01T046M000  1.000
LYS01A0064_012  0.000-11.03  0.75  1.22  0.00 -9.06 0.502  00  01T050M000  1.000
LYS01A0064_013  0.000-11.30  7.17  4.04  0.00 -0.08 0.502  00  01T064M000  1.000
LYS01A0064_014  0.000-10.73  0.50  2.05  0.00 -8.18 0.501  00  01T080M000  1.000
LYS01A0064_015  0.000-10.99  2.52  1.98  0.00 -6.49 0.501  00  01T097M000  1.000
LYS01A0064_016  0.000 -9.62  0.88  3.05  0.00 -5.69 0.501  00  01T0AAM000  1.000
LYS01A0064_017  0.000 -9.86  0.66  4.00  0.00 -5.21 0.502  00  01T0AFM000  1.000
LYS01A0064_018  0.000 -9.53  4.42  2.73  0.00 -2.39 0.502  00  01T0E4M000  1.000
LYS01A0064_019  0.000-10.52  2.42  3.32  0.00 -4.78 0.501  00  01T120M000  1.000
LYS01A0064_020  0.000 -9.62  0.29  2.55  0.00 -6.77 0.501  00  01T127M000  1.000
LYS+1A0064_021  1.000-11.18  1.08  3.28  0.00 -6.83 0.502  00  +1O000M000  1.000
LYS+1A0064_022  1.000-10.39  0.52  6.05  0.00 -3.82 0.502  00  +1O001M000  1.000
LYS+1A0064_023  1.000-11.17  0.73  1.25  0.00 -9.19 0.502  00  +1E050M000  1.000
LYS+1A0064_024  1.000-11.28  0.73  1.26  0.00 -9.29 0.501  00  +1E062M000  1.000
LYS+1A0064_025  1.000-11.77  1.89  3.44  0.00 -6.44 0.501  00  +1E071M000  1.000
LYS+1A0064_026  1.000-11.41  1.04  1.78  0.00 -8.58 0.501  00  +1E085M000  1.000
LYS+1A0064_027  1.000-10.97  2.54  2.00  0.00 -6.43 0.501  00  +1E097M000  1.000
LYS+1A0064_028  1.000 -9.67  0.88  3.13  0.00 -5.66 0.501  00  +1E0AAM000  1.000
LYS+1A0064_029  1.000 -9.85  0.67  4.06  0.00 -5.12 0.502  00  +1E0AFM000  1.000
LYS+1A0064_030  1.000-10.37  1.69  2.83  0.00 -5.85 0.501  00  +1T046M000  1.000
LYS+1A0064_031  1.000-11.30  0.22  1.26  0.00 -9.81 0.501  00  +1T05AM000  1.000
LYS+1A0064_032  1.000-11.38  7.23  4.14  0.00 -0.02 0.502  00  +1T064M000  1.000
LYS+1A0064_033  1.000-10.84  0.50  2.12  0.00 -8.22 0.501  00  +1T080M000  1.000
LYS+1A0064_034  1.000 -9.63  4.44  2.76  0.00 -2.43 0.502  00  +1T0E4M000  1.000
LYS+1A0064_035  1.000 -8.52  0.41  2.44  0.00 -5.67 0.502  00  +1T10EM000  1.000
LYS+1A0064_036  1.000-10.66  2.44  3.40  0.00 -4.83 0.501  00  +1T120M000  1.000
LYS+1A0064_037  1.000 -9.81  0.18  2.68  0.00 -6.95 0.502  00  +1T123M000  1.000
LYS+1A0064_038  1.000 -9.71  0.29  2.57  0.00 -6.85 0.501  00  +1T127M000  1.000
LYS+1A0064_039  1.000 -8.95  0.27  2.55  0.00 -6.13 0.502  00  +1T12AM000  1.000
