iConf CONFORMER     FL  occ    crg   Em0  pKa0 ne nH    vdw0    vdw1    tors    epol   dsolv   extra    history
00001 LYS01A0064_001 f 0.00  0.000     0  0.00  0  0 -11.131   1.076   3.280  -0.003  -0.211   0.000 01O000M000t
00002 LYS01A0064_002 f 0.00  0.000     0  0.00  0  0 -10.332   0.522   6.052  -0.004  -0.200   0.000 01O001M000t
00003 LYS01A0064_003 f 0.00  0.000     0  0.00  0  0 -11.127   0.225   1.231  -0.004  -0.191   0.000 01E05AM000t
00004 LYS01A0064_004 f 0.00  0.000     0  0.00  0  0 -11.127   0.738   1.227  -0.007  -0.198   0.000 01E062M000t
00005 LYS01A0064_005 f 0.00  0.000     0  0.00  0  0 -11.724   1.897   3.426  -0.011  -0.210   0.000 01E071M000t
00006 LYS01A0064_006 f 0.00  0.000     0  0.00  0  0 -11.315   1.045   1.723  -0.006  -0.209   0.000 01E085M000t
00007 LYS01A0064_007 f 0.00  0.000     0  0.00  0  0  -8.274   0.415   2.399  -0.005  -0.191   0.000 01E10EM000t
00008 LYS01A0064_008 f 0.00  0.000     0  0.00  0  0  -9.688   0.185   2.646  -0.016  -0.204   0.000 01E123M000t
00009 LYS01A0064_009 f 0.00  0.000     0  0.00  0  0  -8.841   0.274   2.517  -0.008  -0.203   0.000 01E12AM000t
00010 LYS01A0064_010 f 0.00  0.000     0  0.00  0  0 -10.342   0.721   4.533  -0.003  -0.213   0.000 01T01CM000t
00011 LYS01A0064_011 f 0.00  0.000     0  0.00  0  0 -10.381   1.675   2.761  -0.010  -0.203   0.000 01T046M000t
00012 LYS01A0064_012 f 0.00  0.000     0  0.00  0  0 -11.026   0.746   1.219  -0.010  -0.199   0.000 01T050M000t
00013 LYS01A0064_013 f 0.00  0.000     0  0.00  0  0 -11.299   7.182   4.045  -0.003  -0.206   0.000 01T064M000t
00014 LYS01A0064_014 f 0.00  0.000     0  0.00  0  0 -10.731   0.499   2.052  -0.003  -0.206   0.000 01T080M000t
00015 LYS01A0064_015 f 0.00  0.000     0  0.00  0  0 -10.995   2.517   1.985  -0.010  -0.207   0.000 01T097M000t
00016 LYS01A0064_016 f 0.00  0.000     0  0.00  0  0  -9.619   0.875   3.047   0.001  -0.195   0.000 01T0AAM000t
00017 LYS01A0064_017 f 0.00  0.000     0  0.00  0  0  -9.861   0.659   4.000  -0.001  -0.188   0.000 01T0AFM000t
00018 LYS01A0064_018 f 0.00  0.000     0  0.00  0  0  -9.545   4.420   2.731  -0.010  -0.202   0.000 01T0E4M000t
00019 LYS01A0064_019 f 0.00  0.000     0  0.00  0  0 -10.466   2.436   3.316  -0.006  -0.169   0.000 01T120M000t
00020 LYS01A0064_020 f 0.00  0.000     0  0.00  0  0  -9.618   0.289   2.555  -0.006  -0.215   0.000 01T127M000t
00021 LYS+1A0064_021 f 0.00  1.000     0 10.40  0  1 -11.180   1.075   3.280   0.011  -3.096   0.000 +1O000M000t
00022 LYS+1A0064_022 f 0.00  1.000     0 10.40  0  1 -10.389   0.519   6.052   0.071  -3.067   0.000 +1O001M000t
00023 LYS+1A0064_023 f 0.00  1.000     0 10.40  0  1 -11.107   0.730   1.251  -0.008  -3.067   0.000 +1E050M000t
00024 LYS+1A0064_024 f 0.00  1.000     0 10.40  0  1 -11.282   0.728   1.259   0.065  -3.070   0.000 +1E062M000t
00025 LYS+1A0064_025 f 0.00  1.000     0 10.40  0  1 -11.770   1.883   3.443  -0.052  -3.091   0.000 +1E071M000t
00026 LYS+1A0064_026 f 0.00  1.000     0 10.40  0  1 -11.407   1.048   1.783   0.040  -3.062   0.000 +1E085M000t
00027 LYS+1A0064_027 f 0.00  1.000     0 10.40  0  1 -10.977   2.542   2.006   0.050  -3.102   0.000 +1E097M000t
00028 LYS+1A0064_028 f 0.00  1.000     0 10.40  0  1  -9.677   0.884   3.125   0.068  -3.039   0.000 +1E0AAM000t
00029 LYS+1A0064_029 f 0.00  1.000     0 10.40  0  1  -9.856   0.671   4.063   0.070  -3.032   0.000 +1E0AFM000t
00030 LYS+1A0064_030 f 0.00  1.000     0 10.40  0  1 -10.361   1.686   2.825   0.066  -3.094   0.000 +1T046M000t
00031 LYS+1A0064_031 f 0.00  1.000     0 10.40  0  1 -11.298   0.224   1.263   0.064  -3.090   0.000 +1T05AM000t
00032 LYS+1A0064_032 f 0.00  1.000     0 10.40  0  1 -11.378   7.222   4.138   0.054  -3.075   0.000 +1T064M000t
00033 LYS+1A0064_033 f 0.00  1.000     0 10.40  0  1 -10.830   0.499   2.115   0.047  -3.062   0.000 +1T080M000t
00034 LYS+1A0064_034 f 0.00  1.000     0 10.40  0  1  -9.630   4.432   2.764   0.066  -3.087   0.000 +1T0E4M000t
00035 LYS+1A0064_035 f 0.00  1.000     0 10.40  0  1  -8.517   0.413   2.441   0.054  -3.034   0.000 +1T10EM000t
00036 LYS+1A0064_036 f 0.00  1.000     0 10.40  0  1 -10.665   2.439   3.404   0.050  -2.923   0.000 +1T120M000t
00037 LYS+1A0064_037 f 0.00  1.000     0 10.40  0  1  -9.733   0.183   2.675   0.083  -3.059   0.000 +1T123M000t
00038 LYS+1A0064_038 f 0.00  1.000     0 10.40  0  1  -9.702   0.290   2.573   0.057  -3.107   0.000 +1T127M000t
00039 LYS+1A0064_039 f 0.00  1.000     0 10.40  0  1  -8.947   0.274   2.549   0.051  -3.093   0.000 +1T12AM000t
