   confID        vdw0    sas     sum
LYS01A0064_001   1.197 -12.328 -11.131
LYS01A0064_002   1.919 -12.251 -10.332
LYS01A0064_003   1.254 -12.380 -11.127
LYS01A0064_004   1.260 -12.387 -11.127
LYS01A0064_005   0.707 -12.431 -11.724
LYS01A0064_006   1.153 -12.467 -11.315
LYS01A0064_007   3.762 -12.036  -8.274
LYS01A0064_008   2.566 -12.255  -9.688
LYS01A0064_009   3.616 -12.457  -8.841
LYS01A0064_010   2.427 -12.769 -10.342
LYS01A0064_011   2.635 -13.016 -10.381
LYS01A0064_012   1.261 -12.287 -11.026
LYS01A0064_013   1.210 -12.509 -11.299
LYS01A0064_014   1.723 -12.454 -10.731
LYS01A0064_015   1.404 -12.399 -10.995
LYS01A0064_016   2.349 -11.969  -9.619
LYS01A0064_017   2.387 -12.249  -9.861
LYS01A0064_018   2.818 -12.363  -9.545
LYS01A0064_019   2.483 -12.948 -10.466
LYS01A0064_020   2.983 -12.601  -9.618
LYS+1A0064_021   1.147 -12.328 -11.180
LYS+1A0064_022   1.862 -12.251 -10.389
LYS+1A0064_023   1.154 -12.261 -11.107
LYS+1A0064_024   1.144 -12.425 -11.282
LYS+1A0064_025   0.661 -12.431 -11.770
LYS+1A0064_026   1.038 -12.445 -11.407
LYS+1A0064_027   1.357 -12.334 -10.977
LYS+1A0064_028   2.292 -11.969  -9.677
LYS+1A0064_029   2.264 -12.120  -9.856
LYS+1A0064_030   2.655 -13.016 -10.361
LYS+1A0064_031   1.146 -12.445 -11.298
LYS+1A0064_032   1.144 -12.522 -11.378
LYS+1A0064_033   1.624 -12.454 -10.830
LYS+1A0064_034   2.800 -12.431  -9.630
LYS+1A0064_035   3.635 -12.152  -8.517
LYS+1A0064_036   2.419 -13.084 -10.665
LYS+1A0064_037   2.521 -12.255  -9.733
LYS+1A0064_038   2.947 -12.649  -9.702
LYS+1A0064_039   3.485 -12.431  -8.947
