iConf CONFORMER     FL  occ    crg   Em0  pKa0 ne nH    vdw0    vdw1    tors    epol   dsolv   extra    history
00001 GLU01A0075_001 f 0.00  0.000     0  0.00  0  0  -3.740   0.921   3.629  -0.007  -1.253   0.000 01O000M000t
00002 GLU01A0075_002 f 0.00  0.000     0  0.00  0  0  -4.241   3.224   3.668   0.179  -1.071   0.000 01E003M000t
00003 GLU01A0075_003 f 0.00  0.000     0  0.00  0  0  -2.214   0.900   2.922   0.043  -1.315   0.000 01E005M000t
00004 GLU01A0075_004 f 0.00  0.000     0  0.00  0  0  -3.740   0.921   0.909   0.025  -0.895   0.000 01O000M000t
00005 GLU01A0075_005 f 0.00  0.000     0  0.00  0  0  -1.919   1.077   2.923   0.037  -1.318   0.000 01T007M000t
00006 GLU01A0075_006 f 0.00  0.000     0  0.00  0  0  -3.523   1.180   3.404   0.046  -1.229   0.000 01T001M000t
00007 GLU01A0075_007 f 0.00  0.000     0  0.00  0  0  -3.781   0.828   3.403   0.093  -1.212   0.000 01T002M000t
00008 GLU01A0075_008 f 0.00  0.000     0  0.00  0  0  -3.518   1.072   3.209   0.043  -1.278   0.000 01T008M000t
00009 GLU01A0075_009 f 0.00  0.000     0  0.00  0  0  -1.919   1.077   0.203   0.020  -0.864   0.000 01T007M000t
00010 GLU01A0075_010 f 0.00  0.000     0  0.00  0  0  -3.523   1.180   0.684   0.013  -0.886   0.000 01T001M000t
00011 GLU01A0075_011 f 0.00  0.000     0  0.00  0  0  -3.858   0.828   0.683   0.059  -0.880   0.000 01T002M000t
00012 GLU01A0075_012 f 0.00  0.000     0  0.00  0  0  -3.596   1.072   0.489   0.010  -0.860   0.000 01T008M000t
00013 GLU02A0075_013 f 0.00  0.000     0  0.00  0  0  -3.885   0.929   3.629   0.073  -1.298   0.000 02O000M000t
00014 GLU02A0075_014 f 0.00  0.000     0  0.00  0  0  -1.487   0.888   2.922   0.044  -1.145   0.000 02E005M000t
00015 GLU02A0075_015 f 0.00  0.000     0  0.00  0  0  -1.500   1.055   2.924   0.034  -1.131   0.000 02E007M000t
00016 GLU02A0075_016 f 0.00  0.000     0  0.00  0  0  -3.885   0.929   0.909   0.044  -0.865   0.000 02O000M000t
00017 GLU02A0075_017 f 0.00  0.000     0  0.00  0  0  -3.652   1.164   0.612   0.008  -0.882   0.000 02E001M000t
00018 GLU02A0075_018 f 0.00  0.000     0  0.00  0  0  -4.371   2.784   3.657  -0.013  -1.236   0.000 02T003M000t
00019 GLU02A0075_019 f 0.00  0.000     0  0.00  0  0  -3.652   1.164   3.321   0.028  -1.289   0.000 02T001M000t
00020 GLU02A0075_020 f 0.00  0.000     0  0.00  0  0  -3.675   0.806   3.352   0.109  -1.245   0.000 02T002M000t
00021 GLU02A0075_021 f 0.00  0.000     0  0.00  0  0  -3.336   1.090   3.190   0.071  -1.215   0.000 02T008M000t
00022 GLU02A0075_022 f 0.00  0.000     0  0.00  0  0  -1.501   1.059   0.203   0.010  -0.877   0.000 02T007M000t
00023 GLU02A0075_023 f 0.00  0.000     0  0.00  0  0  -3.752   0.806   0.632   0.063  -0.875   0.000 02T002M000t
00024 GLU02A0075_024 f 0.00  0.000     0  0.00  0  0  -3.413   1.090   0.470   0.021  -0.913   0.000 02T008M000t
00025 GLU-1A0075_025 f 0.00 -1.000     0  4.75  0 -1  -4.001   0.940   0.909  -0.011  -7.472   0.000 -1O000M000t
00026 GLU-1A0075_026 f 0.00 -1.000     0  4.75  0 -1  -3.748   0.826   0.668  -0.210  -7.375   0.000 -1E002M000t
00027 GLU-1A0075_027 f 0.00 -1.000     0  4.75  0 -1  -2.071   1.084   0.203  -0.028  -7.413   0.000 -1E007M000t
00028 GLU-1A0075_028 f 0.00 -1.000     0  4.75  0 -1  -3.564   1.078   0.491  -0.184  -7.359   0.000 -1E008M000t
