CONFORMER         crg  vdw0  vdw1  tors  epol  self   occ  Hb     history    ASA
GLU01A0075_001  0.000 -3.74  0.92  3.63  0.00  0.81 0.557  00  01O000M000  1.000
GLU01A0075_002  0.000 -4.24  3.23  3.67  0.00  2.65 0.555  00  01E003M000  1.000
GLU01A0075_003  0.000 -2.21  0.90  2.92  0.00  1.61 0.560  00  01E005M000  1.054
GLU01A0075_004  0.000 -3.74  0.92  0.91  0.00 -1.91 0.557  00  01O000M000  1.000
GLU01A0075_005  0.000 -1.92  1.07  2.92  0.00  2.08 0.557  00  01T007M000  1.027
GLU01A0075_006  0.000 -3.52  1.18  3.40  0.00  1.06 0.556  00  01T001M000  1.008
GLU01A0075_007  0.000 -3.78  0.83  3.40  0.00  0.45 0.552  00  01T002M000  1.008
GLU01A0075_008  0.000 -3.52  1.07  3.21  0.00  0.76 0.553  00  01T008M000  1.005
GLU01A0075_009  0.000 -1.92  1.07  0.20  0.00 -0.64 0.557  00  01T007M000  1.027
GLU01A0075_010  0.000 -3.52  1.18  0.68  0.00 -1.66 0.556  00  01T001M000  1.008
GLU01A0075_011  0.000 -3.86  0.83  0.68  0.00 -2.35 0.552  00  01T002M000  1.025
GLU01A0075_012  0.000 -3.59  1.07  0.49  0.00 -2.04 0.553  00  01T008M000  1.021
GLU02A0075_013  0.000 -3.88  0.93  3.63  0.00  0.67 0.557  00  02O000M000  1.000
GLU02A0075_014  0.000 -1.48  0.89  2.92  0.00  2.33 0.560  00  02E005M000  1.074
GLU02A0075_015  0.000 -1.50  1.05  2.92  0.00  2.48 0.557  00  02E007M000  1.025
GLU02A0075_016  0.000 -3.88  0.93  0.91  0.00 -2.05 0.557  00  02O000M000  1.000
GLU02A0075_017  0.000 -3.65  1.16  0.61  0.00 -1.88 0.556  00  02E001M000  1.008
GLU02A0075_018  0.000 -4.37  2.79  3.66  0.00  2.07 0.555  00  02T003M000  1.000
GLU02A0075_019  0.000 -3.65  1.16  3.32  0.00  0.83 0.556  00  02T001M000  1.008
GLU02A0075_020  0.000 -3.68  0.81  3.35  0.00  0.48 0.552  00  02T002M000  1.008
GLU02A0075_021  0.000 -3.32  1.09  3.19  0.00  0.96 0.553  00  02T008M000  1.011
GLU02A0075_022  0.000 -1.50  1.06  0.20  0.00 -0.24 0.557  00  02T007M000  1.025
GLU02A0075_023  0.000 -3.75  0.81  0.63  0.00 -2.32 0.552  00  02T002M000  1.025
GLU02A0075_024  0.000 -3.40  1.09  0.47  0.00 -1.84 0.553  00  02T008M000  1.027
GLU-1A0075_025 -1.000 -4.00  0.94  0.91  0.00 -2.15 0.557  00  -1O000M000  1.000
GLU-1A0075_026 -1.000 -3.75  0.82  0.67  0.00 -2.26 0.552  00  -1E002M000  1.009
GLU-1A0075_027 -1.000 -2.04  1.08  0.20  0.00 -0.75 0.557  00  -1E007M000  1.018
GLU-1A0075_028 -1.000 -3.56  1.07  0.49  0.00 -2.00 0.553  00  -1E008M000  1.003
