   confID        vdw0    sas     sum
GLU01A0075_001   0.757  -4.497  -3.740
GLU01A0075_002   0.579  -4.820  -4.241
GLU01A0075_003   2.634  -4.848  -2.214
GLU01A0075_004   0.757  -4.497  -3.740
GLU01A0075_005   2.642  -4.561  -1.919
GLU01A0075_006   1.020  -4.543  -3.523
GLU01A0075_007   0.949  -4.730  -3.781
GLU01A0075_008   1.340  -4.859  -3.518
GLU01A0075_009   2.642  -4.561  -1.919
GLU01A0075_010   1.020  -4.543  -3.523
GLU01A0075_011   0.949  -4.807  -3.858
GLU01A0075_012   1.340  -4.936  -3.596
GLU02A0075_013   0.755  -4.639  -3.885
GLU02A0075_014   3.357  -4.844  -1.487
GLU02A0075_015   3.356  -4.855  -1.500
GLU02A0075_016   0.755  -4.639  -3.885
GLU02A0075_017   1.054  -4.706  -3.652
GLU02A0075_018   0.622  -4.993  -4.371
GLU02A0075_019   1.054  -4.706  -3.652
GLU02A0075_020   0.956  -4.631  -3.675
GLU02A0075_021   1.453  -4.788  -3.336
GLU02A0075_022   3.354  -4.855  -1.501
GLU02A0075_023   0.956  -4.708  -3.752
GLU02A0075_024   1.453  -4.866  -3.413
GLU-1A0075_025   0.611  -4.612  -4.001
GLU-1A0075_026   0.776  -4.525  -3.748
GLU-1A0075_027   2.597  -4.668  -2.071
GLU-1A0075_028   1.150  -4.713  -3.564
