CONFORMER         crg  vdw0  vdw1  tors  epol  self   occ  Hb     history    ASA
LYS01A0136_001  0.000-10.12  2.56  1.46  0.00 -6.10 0.504  00  01O000M000  1.000
LYS01A0136_002  0.000 -9.23  6.59  1.87  0.00 -0.77 0.504  00  01E008M000  1.000
LYS01A0136_003  0.000 -8.36  2.49  1.94  0.00 -3.94 0.504  00  01E00BM000  1.000
LYS01A0136_004  0.000-10.32  4.43  1.79  0.00 -4.10 0.502  00  01E029M000  1.000
LYS01A0136_005  0.000-11.30  3.63  3.76  0.00 -3.91 0.504  00  01E03BM000  1.000
LYS01A0136_006  0.000-10.10  2.56  2.01  0.00 -5.54 0.503  00  01E042M000  1.000
LYS01A0136_007  0.000-10.68  2.47  1.15  0.00 -7.06 0.503  00  01E057M000  1.000
LYS01A0136_008  0.000-11.27  2.49  1.17  0.00 -7.60 0.503  00  01E059M000  1.000
LYS01A0136_009  0.000 -9.12  2.44  2.04  0.00 -4.64 0.504  00  01E05FM000  1.000
LYS01A0136_010  0.000-10.82  3.94  1.33  0.00 -5.55 0.502  00  01E06DM000  1.000
LYS01A0136_011  0.000-10.55  7.84  1.32  0.00 -1.39 0.504  00  01T001M000  1.000
LYS01A0136_012  0.000 -9.53  2.58  1.84  0.00 -5.12 0.503  00  01T002M000  1.000
LYS01A0136_013  0.000 -9.40  3.44  1.60  0.00 -4.36 0.503  00  01T009M000  1.000
LYS01A0136_014  0.000 -9.99  7.63  1.26  0.00 -1.11 0.503  00  01T01AM000  1.000
LYS01A0136_015  0.000-11.43  2.48  1.18  0.00 -7.77 0.504  00  01T022M000  1.000
LYS01A0136_016  0.000-11.18  4.79  1.17  0.00 -5.22 0.504  00  01T02CM000  1.000
LYS01A0136_017  0.000 -8.83  2.72  4.07  0.00 -2.04 0.505  00  01T05EM000  1.000
LYS01A0136_018  0.000-10.38  2.79  1.81  0.00 -5.78 0.504  00  01T065M000  1.000
LYS01A0136_019  0.000 -9.70  2.61  3.80  0.00 -3.30 0.503  00  01T066M000  1.000
LYS01A0136_020  0.000 -9.81  3.47  4.21  0.00 -2.13 0.503  00  01T07CM000  1.000
LYS+1A0136_021  1.000-10.19  2.56  1.46  0.00 -6.17 0.504  00  +1O000M000  1.000
LYS+1A0136_022  1.000-10.48  7.87  1.34  0.00 -1.28 0.504  00  +1E001M000  1.000
LYS+1A0136_023  1.000 -9.60  2.57  1.85  0.00 -5.19 0.503  00  +1E002M000  1.000
LYS+1A0136_024  1.000 -9.14  6.67  1.87  0.00 -0.60 0.504  00  +1E008M000  1.000
LYS+1A0136_025  1.000-10.06  7.61  1.26  0.00 -1.19 0.503  00  +1E01AM000  1.000
LYS+1A0136_026  1.000-10.35  4.44  1.78  0.00 -4.13 0.502  00  +1E029M000  1.000
LYS+1A0136_027  1.000-11.27  3.54  3.82  0.00 -3.90 0.504  00  +1E03BM000  1.000
LYS+1A0136_028  1.000-10.07  2.55  2.02  0.00 -5.50 0.503  00  +1E042M000  1.000
LYS+1A0136_029  1.000-10.70  2.47  1.18  0.00 -7.05 0.503  00  +1E057M000  1.000
LYS+1A0136_030  1.000-11.30  2.50  1.19  0.00 -7.62 0.503  00  +1E059M000  1.000
LYS+1A0136_031  1.000 -9.40  3.44  1.60  0.00 -4.35 0.503  00  +1T009M000  1.000
LYS+1A0136_032  1.000 -8.35  2.45  1.94  0.00 -3.96 0.504  00  +1T00BM000  1.000
LYS+1A0136_033  1.000-11.47  2.48  1.19  0.00 -7.80 0.504  00  +1T022M000  1.000
LYS+1A0136_034  1.000-11.17  4.77  1.18  0.00 -5.22 0.504  00  +1T02CM000  1.000
LYS+1A0136_035  1.000 -8.81  2.73  4.11  0.00 -1.98 0.505  00  +1T05EM000  1.000
LYS+1A0136_036  1.000 -9.21  2.43  2.04  0.00 -4.73 0.504  00  +1T05FM000  1.000
LYS+1A0136_037  1.000-10.35  2.79  1.82  0.00 -5.74 0.504  00  +1T065M000  1.000
LYS+1A0136_038  1.000 -9.63  2.60  3.83  0.00 -3.20 0.503  00  +1T066M000  1.000
LYS+1A0136_039  1.000-10.78  3.95  1.35  0.00 -5.48 0.502  00  +1T06DM000  1.000
LYS+1A0136_040  1.000 -9.86  3.45  4.28  0.00 -2.13 0.503  00  +1T07CM000  1.000
