iConf CONFORMER     FL  occ    crg   Em0  pKa0 ne nH    vdw0    vdw1    tors    epol   dsolv   extra    history
00001 LYS01A0136_001 f 0.00  0.000     0  0.00  0  0 -10.124   2.612   1.463  -0.011  -0.531   0.000 01O000M000t
00002 LYS01A0136_002 f 0.00  0.000     0  0.00  0  0  -9.232   6.647   1.867  -0.018  -0.553   0.000 01E008M000t
00003 LYS01A0136_003 f 0.00  0.000     0  0.00  0  0  -8.363   2.541   1.939  -0.019  -0.541   0.000 01E00BM000t
00004 LYS01A0136_004 f 0.00  0.000     0  0.00  0  0 -10.255   4.429   1.785   0.028  -0.555   0.000 01E029M000t
00005 LYS01A0136_005 f 0.00  0.000     0  0.00  0  0 -11.299   3.678   3.763  -0.035  -0.526   0.000 01E03BM000t
00006 LYS01A0136_006 f 0.00  0.000     0  0.00  0  0 -10.055   2.612   2.008  -0.020  -0.572   0.000 01E042M000t
00007 LYS01A0136_007 f 0.00  0.000     0  0.00  0  0 -10.687   2.569   1.154  -0.002  -0.500   0.000 01E057M000t
00008 LYS01A0136_008 f 0.00  0.000     0  0.00  0  0 -11.267   2.594   1.175  -0.005  -0.570   0.000 01E059M000t
00009 LYS01A0136_009 f 0.00  0.000     0  0.00  0  0  -9.110   2.491   2.038  -0.009  -0.518   0.000 01E05FM000t
00010 LYS01A0136_010 f 0.00  0.000     0  0.00  0  0 -10.821   3.991   1.336   0.013  -0.531   0.000 01E06DM000t
00011 LYS01A0136_011 f 0.00  0.000     0  0.00  0  0 -10.549   7.844   1.316  -0.011  -0.516   0.000 01T001M000t
00012 LYS01A0136_012 f 0.00  0.000     0  0.00  0  0  -9.570   2.627   1.837  -0.009  -0.533   0.000 01T002M000t
00013 LYS01A0136_013 f 0.00  0.000     0  0.00  0  0  -9.339   3.490   1.596  -0.010  -0.505   0.000 01T009M000t
00014 LYS01A0136_014 f 0.00  0.000     0  0.00  0  0 -10.045   7.627   1.253   0.003  -0.517   0.000 01T01AM000t
00015 LYS01A0136_015 f 0.00  0.000     0  0.00  0  0 -11.432   2.587   1.183  -0.004  -0.534   0.000 01T022M000t
00016 LYS01A0136_016 f 0.00  0.000     0  0.00  0  0 -11.183   4.850   1.172   0.007  -0.526   0.000 01T02CM000t
00017 LYS01A0136_017 f 0.00  0.000     0  0.00  0  0  -8.831   2.775   4.070   0.001  -0.507   0.000 01T05EM000t
00018 LYS01A0136_018 f 0.00  0.000     0  0.00  0  0 -10.384   2.840   1.806  -0.007  -0.505   0.000 01T065M000t
00019 LYS01A0136_019 f 0.00  0.000     0  0.00  0  0  -9.703   2.659   3.794  -0.000  -0.559   0.000 01T066M000t
00020 LYS01A0136_020 f 0.00  0.000     0  0.00  0  0  -9.807   3.467   4.209  -0.005  -0.561   0.000 01T07CM000t
00021 LYS+1A0136_021 f 0.00  1.000     0 10.40  0  1 -10.192   2.609   1.463   0.068  -7.238   0.000 +1O000M000t
00022 LYS+1A0136_022 f 0.00  1.000     0 10.40  0  1 -10.445   7.876   1.335  -0.055  -7.204   0.000 +1E001M000t
00023 LYS+1A0136_023 f 0.00  1.000     0 10.40  0  1  -9.612   2.620   1.846   0.068  -7.187   0.000 +1E002M000t
00024 LYS+1A0136_024 f 0.00  1.000     0 10.40  0  1  -9.142   6.744   1.873  -0.064  -7.256   0.000 +1E008M000t
00025 LYS+1A0136_025 f 0.00  1.000     0 10.40  0  1 -10.061   7.622   1.257  -0.005  -7.218   0.000 +1E01AM000t
00026 LYS+1A0136_026 f 0.00  1.000     0 10.40  0  1 -10.345   4.444   1.784  -0.144  -7.297   0.000 +1E029M000t
00027 LYS+1A0136_027 f 0.00  1.000     0 10.40  0  1 -11.268   3.587   3.823   0.191  -7.275   0.000 +1E03BM000t
00028 LYS+1A0136_028 f 0.00  1.000     0 10.40  0  1 -10.005   2.603   2.018   0.094  -7.347   0.000 +1E042M000t
00029 LYS+1A0136_029 f 0.00  1.000     0 10.40  0  1 -10.703   2.571   1.178   0.051  -7.281   0.000 +1E057M000t
00030 LYS+1A0136_030 f 0.00  1.000     0 10.40  0  1 -11.299   2.600   1.185   0.011  -7.314   0.000 +1E059M000t
00031 LYS+1A0136_031 f 0.00  1.000     0 10.40  0  1  -9.383   3.493   1.603   0.027  -7.189   0.000 +1T009M000t
00032 LYS+1A0136_032 f 0.00  1.000     0 10.40  0  1  -8.353   2.500   1.943   0.296  -7.102   0.000 +1T00BM000t
00033 LYS+1A0136_033 f 0.00  1.000     0 10.40  0  1 -11.537   2.585   1.187   0.016  -7.314   0.000 +1T022M000t
00034 LYS+1A0136_034 f 0.00  1.000     0 10.40  0  1 -11.171   4.823   1.175  -0.054  -7.310   0.000 +1T02CM000t
00035 LYS+1A0136_035 f 0.00  1.000     0 10.40  0  1  -8.824   2.780   4.110   0.013  -7.366   0.000 +1T05EM000t
00036 LYS+1A0136_036 f 0.00  1.000     0 10.40  0  1  -9.265   2.485   2.041   0.102  -7.154   0.000 +1T05FM000t
00037 LYS+1A0136_037 f 0.00  1.000     0 10.40  0  1 -10.339   2.839   1.816   0.038  -7.323   0.000 +1T065M000t
00038 LYS+1A0136_038 f 0.00  1.000     0 10.40  0  1  -9.596   2.654   3.833   0.065  -7.251   0.000 +1T066M000t
00039 LYS+1A0136_039 f 0.00  1.000     0 10.40  0  1 -10.698   4.004   1.346  -0.081  -7.292   0.000 +1T06DM000t
00040 LYS+1A0136_040 f 0.00  1.000     0 10.40  0  1  -9.862   3.452   4.278   0.019  -7.333   0.000 +1T07CM000t
