   confID        vdw0    sas     sum
LYS01A0136_001   2.002 -12.126 -10.124
LYS01A0136_002   2.785 -12.016  -9.232
LYS01A0136_003   3.776 -12.140  -8.363
LYS01A0136_004   2.198 -12.453 -10.255
LYS01A0136_005   1.553 -12.852 -11.299
LYS01A0136_006   2.315 -12.370 -10.055
LYS01A0136_007   1.474 -12.161 -10.687
LYS01A0136_008   1.164 -12.431 -11.267
LYS01A0136_009   3.206 -12.316  -9.110
LYS01A0136_010   1.146 -11.967 -10.821
LYS01A0136_011   1.773 -12.322 -10.549
LYS01A0136_012   2.784 -12.355  -9.570
LYS01A0136_013   2.900 -12.239  -9.339
LYS01A0136_014   2.007 -12.052 -10.045
LYS01A0136_015   1.079 -12.511 -11.432
LYS01A0136_016   1.205 -12.388 -11.183
LYS01A0136_017   2.911 -11.742  -8.831
LYS01A0136_018   2.307 -12.691 -10.384
LYS01A0136_019   2.844 -12.547  -9.703
LYS01A0136_020   2.386 -12.192  -9.807
LYS+1A0136_021   1.934 -12.126 -10.192
LYS+1A0136_022   1.735 -12.180 -10.445
LYS+1A0136_023   2.742 -12.355  -9.612
LYS+1A0136_024   2.759 -11.901  -9.142
LYS+1A0136_025   1.939 -12.000 -10.061
LYS+1A0136_026   2.159 -12.504 -10.345
LYS+1A0136_027   1.532 -12.801 -11.268
LYS+1A0136_028   2.297 -12.302 -10.005
LYS+1A0136_029   1.391 -12.094 -10.703
LYS+1A0136_030   1.131 -12.431 -11.299
LYS+1A0136_031   2.923 -12.306  -9.383
LYS+1A0136_032   3.786 -12.140  -8.353
LYS+1A0136_033   1.042 -12.578 -11.537
LYS+1A0136_034   1.166 -12.337 -11.171
LYS+1A0136_035   2.880 -11.704  -8.824
LYS+1A0136_036   3.103 -12.368  -9.265
LYS+1A0136_037   2.301 -12.640 -10.339
LYS+1A0136_038   2.807 -12.402  -9.596
LYS+1A0136_039   1.111 -11.809 -10.698
LYS+1A0136_040   2.382 -12.244  -9.862
