iConf CONFORMER     FL  occ    crg   Em0  pKa0 ne nH    vdw0    vdw1    tors    epol   dsolv   extra    history
00001 LYS01A0071_001 f 0.00  0.000     0  0.00  0  0 -10.326   0.663   1.337  -0.003  -0.420   0.000 01O000M000t
00002 LYS01A0071_002 f 0.00  0.000     0  0.00  0  0  -8.137   1.430   1.717  -0.007  -0.414   0.000 01E006M000t
00003 LYS01A0071_003 f 0.00  0.000     0  0.00  0  0  -8.155   1.343   1.958  -0.021  -0.400   0.000 01E023M000t
00004 LYS01A0071_004 f 0.00  0.000     0  0.00  0  0  -9.537   1.274   1.866  -0.007  -0.414   0.000 01E038M000t
00005 LYS01A0071_005 f 0.00  0.000     0  0.00  0  0 -10.779   3.558   3.822  -0.017  -0.410   0.000 01E053M000t
00006 LYS01A0071_006 f 0.00  0.000     0  0.00  0  0  -5.336   0.347   1.404  -0.025  -0.399   0.000 01E079M000t
00007 LYS01A0071_007 f 0.00  0.000     0  0.00  0  0  -9.056   2.010   6.788  -0.015  -0.411   0.000 01E084M000t
00008 LYS01A0071_008 f 0.00  0.000     0  0.00  0  0  -7.033   1.479   4.494  -0.002  -0.415   0.000 01E09CM000t
00009 LYS01A0071_009 f 0.00  0.000     0  0.00  0  0  -8.759   2.207   4.377  -0.008  -0.404   0.000 01E0C0M000t
00010 LYS01A0071_010 f 0.00  0.000     0  0.00  0  0  -8.301   2.051   4.410  -0.006  -0.414   0.000 01E0C1M000t
00011 LYS01A0071_011 f 0.00  0.000     0  0.00  0  0  -9.499   0.718   3.802  -0.005  -0.404   0.000 01E0C7M000t
00012 LYS01A0071_012 f 0.00  0.000     0  0.00  0  0  -9.049   2.898   3.825   0.004  -0.408   0.000 01E0E8M000t
00013 LYS01A0071_013 f 0.00  0.000     0  0.00  0  0  -6.332   0.937   0.918  -0.003  -0.415   0.000 01T019M000t
00014 LYS01A0071_014 f 0.00  0.000     0  0.00  0  0  -9.748   0.905   1.675   0.009  -0.430   0.000 01T020M000t
00015 LYS01A0071_015 f 0.00  0.000     0  0.00  0  0  -9.236   0.546   4.016  -0.002  -0.466   0.000 01T07BM000t
00016 LYS01A0071_016 f 0.00  0.000     0  0.00  0  0  -9.066   1.190   3.753  -0.007  -0.407   0.000 01T08AM000t
00017 LYS01A0071_017 f 0.00  0.000     0  0.00  0  0  -9.038   1.521   3.836  -0.006  -0.399   0.000 01T09BM000t
00018 LYS01A0071_018 f 0.00  0.000     0  0.00  0  0  -8.577   1.502   4.570  -0.003  -0.384   0.000 01T0ACM000t
00019 LYS01A0071_019 f 0.00  0.000     0  0.00  0  0  -9.027   0.548   4.309  -0.006  -0.381   0.000 01T0CCM000t
00020 LYS+1A0071_020 f 0.00  1.000     0 10.40  0  1 -10.375   0.662   1.337   0.015  -5.902   0.000 +1O000M000t
00021 LYS+1A0071_021 f 0.00  1.000     0 10.40  0  1  -9.730   0.910   1.684  -0.064  -5.887   0.000 +1E020M000t
00022 LYS+1A0071_022 f 0.00  1.000     0 10.40  0  1  -8.098   1.337   1.965   0.126  -5.911   0.000 +1E023M000t
00023 LYS+1A0071_023 f 0.00  1.000     0 10.40  0  1  -6.160   1.490   1.425   0.141  -5.862   0.000 +1E024M000t
00024 LYS+1A0071_024 f 0.00  1.000     0 10.40  0  1  -9.155   2.011   6.803  -0.001  -5.801   0.000 +1E084M000t
00025 LYS+1A0071_025 f 0.00  1.000     0 10.40  0  1  -7.042   1.471   4.513   0.018  -5.867   0.000 +1E09CM000t
00026 LYS+1A0071_026 f 0.00  1.000     0 10.40  0  1  -8.646   1.490   4.584   0.080  -5.796   0.000 +1E0ACM000t
00027 LYS+1A0071_027 f 0.00  1.000     0 10.40  0  1  -8.368   2.037   4.410   0.128  -5.789   0.000 +1E0C1M000t
00028 LYS+1A0071_028 f 0.00  1.000     0 10.40  0  1  -9.218   0.721   3.909   0.022  -5.896   0.000 +1E0C7M000t
00029 LYS+1A0071_029 f 0.00  1.000     0 10.40  0  1  -9.059   0.545   4.334   0.107  -5.790   0.000 +1E0CCM000t
00030 LYS+1A0071_030 f 0.00  1.000     0 10.40  0  1  -8.146   1.433   1.725   0.056  -5.906   0.000 +1T006M000t
00031 LYS+1A0071_031 f 0.00  1.000     0 10.40  0  1  -6.189   0.939   0.916  -0.002  -5.869   0.000 +1T019M000t
00032 LYS+1A0071_032 f 0.00  1.000     0 10.40  0  1  -9.581   1.262   1.866  -0.008  -5.883   0.000 +1T038M000t
00033 LYS+1A0071_033 f 0.00  1.000     0 10.40  0  1 -10.822   3.579   3.827   0.106  -5.894   0.000 +1T053M000t
00034 LYS+1A0071_034 f 0.00  1.000     0 10.40  0  1  -5.265   0.335   1.400  -0.029  -5.646   0.000 +1T079M000t
00035 LYS+1A0071_035 f 0.00  1.000     0 10.40  0  1  -9.144   0.545   4.048   0.005  -5.934   0.000 +1T07BM000t
00036 LYS+1A0071_036 f 0.00  1.000     0 10.40  0  1  -9.180   1.176   3.809   0.010  -5.893   0.000 +1T08AM000t
00037 LYS+1A0071_037 f 0.00  1.000     0 10.40  0  1  -9.078   1.512   3.935   0.012  -5.901   0.000 +1T09BM000t
00038 LYS+1A0071_038 f 0.00  1.000     0 10.40  0  1  -8.678   2.201   4.382   0.071  -5.851   0.000 +1T0C0M000t
00039 LYS+1A0071_039 f 0.00  1.000     0 10.40  0  1  -8.981   2.887   3.927  -0.013  -5.891   0.000 +1T0E8M000t
