CONFORMER         crg  vdw0  vdw1  tors  epol  self   occ  Hb     history    ASA
LYS01A0071_001  0.000-10.33  0.66  1.34  0.00 -8.33 0.503  00  01O000M000  1.000
LYS01A0071_002  0.000 -8.15  1.43  1.72  0.00 -5.00 0.502  00  01E006M000  1.000
LYS01A0071_003  0.000 -8.16  1.34  1.96  0.00 -4.86 0.502  00  01E023M000  1.000
LYS01A0071_004  0.000 -9.54  1.22  1.87  0.00 -6.45 0.503  00  01E038M000  1.000
LYS01A0071_005  0.000-10.78  3.56  3.82  0.00 -3.40 0.502  00  01E053M000  1.000
LYS01A0071_006  0.000 -5.34  0.35  1.41  0.00 -3.59 0.502  00  01E079M000  1.000
LYS01A0071_007  0.000 -9.04  2.01  6.79  0.00 -0.24 0.502  00  01E084M000  1.000
LYS01A0071_008  0.000 -7.04  1.48  4.49  0.00 -1.06 0.502  00  01E09CM000  1.000
LYS01A0071_009  0.000 -8.76  2.20  4.38  0.00 -2.18 0.502  00  01E0C0M000  1.000
LYS01A0071_010  0.000 -8.30  2.05  4.41  0.00 -1.84 0.503  00  01E0C1M000  1.000
LYS01A0071_011  0.000 -9.50  0.67  3.80  0.00 -5.03 0.501  00  01E0C7M000  1.000
LYS01A0071_012  0.000 -9.05  2.89  3.82  0.00 -2.33 0.503  00  01E0E8M000  1.000
LYS01A0071_013  0.000 -6.32  0.89  0.92  0.00 -4.52 0.502  00  01T019M000  1.000
LYS01A0071_014  0.000 -9.74  0.91  1.68  0.00 -7.16 0.502  00  01T020M000  1.000
LYS01A0071_015  0.000 -9.24  0.55  4.02  0.00 -4.68 0.502  00  01T07BM000  1.000
LYS01A0071_016  0.000 -9.07  1.14  3.75  0.00 -4.17 0.502  00  01T08AM000  1.000
LYS01A0071_017  0.000 -9.04  1.52  3.83  0.00 -3.68 0.502  00  01T09BM000  1.000
LYS01A0071_018  0.000 -8.51  1.50  4.57  0.00 -2.44 0.502  00  01T0ACM000  1.000
LYS01A0071_019  0.000 -9.03  0.50  4.31  0.00 -4.22 0.503  00  01T0CCM000  1.000
LYS+1A0071_020  1.000-10.38  0.66  1.34  0.00 -8.38 0.503  00  +1O000M000  1.000
LYS+1A0071_021  1.000 -9.73  0.91  1.68  0.00 -7.14 0.502  00  +1E020M000  1.000
LYS+1A0071_022  1.000 -8.12  1.34  1.97  0.00 -4.81 0.502  00  +1E023M000  1.000
LYS+1A0071_023  1.000 -6.16  1.49  1.42  0.00 -3.24 0.502  00  +1E024M000  1.000
LYS+1A0071_024  1.000 -9.15  2.01  6.80  0.00 -0.34 0.502  00  +1E084M000  1.000
LYS+1A0071_025  1.000 -7.03  1.47  4.51  0.00 -1.05 0.502  00  +1E09CM000  1.000
LYS+1A0071_026  1.000 -8.65  1.49  4.58  0.00 -2.57 0.502  00  +1E0ACM000  1.000
LYS+1A0071_027  1.000 -8.37  2.04  4.41  0.00 -1.92 0.503  00  +1E0C1M000  1.000
LYS+1A0071_028  1.000 -9.22  0.67  3.91  0.00 -4.64 0.501  00  +1E0C7M000  1.000
LYS+1A0071_029  1.000 -9.05  0.50  4.34  0.00 -4.22 0.503  00  +1E0CCM000  1.000
LYS+1A0071_030  1.000 -8.14  1.43  1.72  0.00 -4.98 0.502  00  +1T006M000  1.000
LYS+1A0071_031  1.000 -6.15  0.89  0.92  0.00 -4.34 0.502  00  +1T019M000  1.000
LYS+1A0071_032  1.000 -9.58  1.22  1.86  0.00 -6.50 0.503  00  +1T038M000  1.000
LYS+1A0071_033  1.000-10.82  3.57  3.83  0.00 -3.42 0.502  00  +1T053M000  1.000
LYS+1A0071_034  1.000 -5.27  0.34  1.40  0.00 -3.53 0.502  00  +1T079M000  1.000
LYS+1A0071_035  1.000 -9.14  0.54  4.05  0.00 -4.55 0.502  00  +1T07BM000  1.000
LYS+1A0071_036  1.000 -9.18  1.13  3.81  0.00 -4.24 0.502  00  +1T08AM000  1.000
LYS+1A0071_037  1.000 -9.08  1.51  3.94  0.00 -3.63 0.502  00  +1T09BM000  1.000
LYS+1A0071_038  1.000 -8.68  2.20  4.38  0.00 -2.10 0.502  00  +1T0C0M000  1.000
LYS+1A0071_039  1.000 -8.98  2.89  3.93  0.00 -2.16 0.503  00  +1T0E8M000  1.000
