   confID        vdw0    sas     sum
LYS01A0071_001   2.038 -12.363 -10.326
LYS01A0071_002   4.178 -12.315  -8.137
LYS01A0071_003   4.038 -12.193  -8.155
LYS01A0071_004   2.471 -12.009  -9.537
LYS01A0071_005   2.196 -12.975 -10.779
LYS01A0071_006   6.273 -11.609  -5.336
LYS01A0071_007   3.138 -12.193  -9.056
LYS01A0071_008   5.015 -12.048  -7.033
LYS01A0071_009   3.100 -11.859  -8.759
LYS01A0071_010   3.474 -11.776  -8.301
LYS01A0071_011   3.038 -12.537  -9.499
LYS01A0071_012   3.054 -12.102  -9.049
LYS01A0071_013   5.834 -12.167  -6.332
LYS01A0071_014   2.493 -12.241  -9.748
LYS01A0071_015   3.121 -12.357  -9.236
LYS01A0071_016   3.182 -12.247  -9.066
LYS01A0071_017   3.071 -12.109  -9.038
LYS01A0071_018   3.362 -11.940  -8.577
LYS01A0071_019   3.411 -12.438  -9.027
LYS+1A0071_020   1.989 -12.363 -10.375
LYS+1A0071_021   2.447 -12.177  -9.730
LYS+1A0071_022   4.044 -12.141  -8.098
LYS+1A0071_023   6.293 -12.453  -6.160
LYS+1A0071_024   3.090 -12.245  -9.155
LYS+1A0071_025   5.005 -12.048  -7.042
LYS+1A0071_026   3.294 -11.940  -8.646
LYS+1A0071_027   3.408 -11.776  -8.368
LYS+1A0071_028   3.087 -12.305  -9.218
LYS+1A0071_029   3.341 -12.400  -9.059
LYS+1A0071_030   4.170 -12.315  -8.146
LYS+1A0071_031   5.978 -12.167  -6.189
LYS+1A0071_032   2.428 -12.009  -9.581
LYS+1A0071_033   2.153 -12.975 -10.822
LYS+1A0071_034   6.344 -11.609  -5.265
LYS+1A0071_035   3.094 -12.238  -9.144
LYS+1A0071_036   3.157 -12.337  -9.180
LYS+1A0071_037   3.111 -12.189  -9.078
LYS+1A0071_038   3.061 -11.740  -8.678
LYS+1A0071_039   3.096 -12.077  -8.981
