CONFORMER         crg  vdw0  vdw1  tors  epol  self   occ  Hb     history    ASA
MET01A0026_001  0.000-10.99  1.39  2.39  0.00 -7.21 0.510  00  01O000M000  1.000
MET01A0026_002  0.000-11.18  1.11  2.27  0.00 -7.79 0.512  00  01R001M000  1.000
MET01A0026_003  0.000-10.49  6.28  1.93  0.00 -2.28 0.510  00  01R003M000  1.000
MET01A0026_004  0.000-10.89  3.23  2.07  0.00 -5.59 0.509  00  01R005M000  1.000
MET01A0026_005  0.000-10.61  2.56  1.03  0.00 -7.02 0.511  00  01R008M000  1.000
MET01A0026_006  0.000-10.99  1.45  4.55  0.00 -4.98 0.509  00  01R009M000  1.000
MET01A0026_007  0.000-11.38  6.49  2.04  0.00 -2.85 0.511  00  01R00AM000  1.000
MET01A0026_008  0.000-11.32  1.26  3.05  0.00 -7.01 0.512  00  01R00BM000  1.000
MET01A0026_009  0.000-11.82  1.42  2.39  0.00 -8.00 0.510  00  01R00CM000  1.000
MET01A0026_010  0.000-11.27  6.18  1.65  0.00 -3.44 0.510  00  01R016M000  1.000
MET01A0026_011  0.000-11.43  1.79  3.05  0.00 -6.59 0.511  00  01R01CM000  1.000
MET01A0026_012  0.000-11.31  1.66  4.55  0.00 -5.09 0.510  00  01R023M000  1.000
MET01A0026_013  0.000-11.92  1.62  2.27  0.00 -8.03 0.510  00  01R028M000  1.000
MET01A0026_014  0.000-11.45  1.79  4.55  0.00 -5.11 0.511  00  01R02BM000  1.000
MET01A0026_015  0.000-11.07  1.99  4.43  0.00 -4.66 0.511  00  01T004M000  1.000
MET01A0026_016  0.000-10.60  6.13  1.77  0.00 -2.70 0.510  00  01T014M000  1.000
MET01A0026_017  0.000-11.55  5.21  2.00  0.00 -4.33 0.510  00  01T015M000  1.000
MET01A0026_018  0.000-11.42  1.99  3.84  0.00 -5.59 0.510  00  01T018M000  1.000
MET01A0026_019  0.000-11.03  2.46  4.96  0.00 -3.60 0.511  00  01T01FM000  1.000
