iConf CONFORMER     FL  occ    crg   Em0  pKa0 ne nH    vdw0    vdw1    tors    epol   dsolv   extra    history
00001 MET01A0026_001 f 0.00  0.000     0  0.00  0  0 -10.992   1.468   2.392   0.044  -0.039   0.000 01O000M000t
00002 MET01A0026_002 f 0.00  0.000     0  0.00  0  0 -11.178   1.191   2.272   0.026  -0.039   0.000 01R001M000t
00003 MET01A0026_003 f 0.00  0.000     0  0.00  0  0 -10.490   6.345   1.926  -0.001  -0.038   0.000 01R003M000t
00004 MET01A0026_004 f 0.00  0.000     0  0.00  0  0 -10.893   3.230   2.066  -0.033  -0.038   0.000 01R005M000t
00005 MET01A0026_005 f 0.00  0.000     0  0.00  0  0 -10.607   2.565   1.030   0.003  -0.039   0.000 01R008M000t
00006 MET01A0026_006 f 0.00  0.000     0  0.00  0  0 -10.939   1.452   4.551   0.038  -0.039   0.000 01R009M000t
00007 MET01A0026_007 f 0.00  0.000     0  0.00  0  0 -11.375   6.488   2.044  -0.032  -0.038   0.000 01R00AM000t
00008 MET01A0026_008 f 0.00  0.000     0  0.00  0  0 -11.292   1.335   3.047   0.045  -0.039   0.000 01R00BM000t
00009 MET01A0026_009 f 0.00  0.000     0  0.00  0  0 -11.863   1.500   2.391   0.043  -0.040   0.000 01R00CM000t
00010 MET01A0026_010 f 0.00  0.000     0  0.00  0  0 -11.267   6.252   1.647  -0.007  -0.039   0.000 01R016M000t
00011 MET01A0026_011 f 0.00  0.000     0  0.00  0  0 -11.429   1.788   3.046   0.021  -0.039   0.000 01R01CM000t
00012 MET01A0026_012 f 0.00  0.000     0  0.00  0  0 -11.306   1.663   4.550   0.019  -0.039   0.000 01R023M000t
00013 MET01A0026_013 f 0.00  0.000     0  0.00  0  0 -11.914   1.617   2.270  -0.001  -0.038   0.000 01R028M000t
00014 MET01A0026_014 f 0.00  0.000     0  0.00  0  0 -11.449   1.792   4.553   0.025  -0.039   0.000 01R02BM000t
00015 MET01A0026_015 f 0.00  0.000     0  0.00  0  0 -11.072   1.989   4.428   0.026  -0.040   0.000 01T004M000t
00016 MET01A0026_016 f 0.00  0.000     0  0.00  0  0 -10.671   6.194   1.769   0.005  -0.038   0.000 01T014M000t
00017 MET01A0026_017 f 0.00  0.000     0  0.00  0  0 -11.497   5.299   1.997  -0.002  -0.036   0.000 01T015M000t
00018 MET01A0026_018 f 0.00  0.000     0  0.00  0  0 -11.368   1.985   3.840   0.024  -0.039   0.000 01T018M000t
00019 MET01A0026_019 f 0.00  0.000     0  0.00  0  0 -11.025   2.458   4.961   0.039  -0.039   0.000 01T01FM000t
