   confID        vdw0    sas     sum
MET01A0026_001   0.321 -11.313 -10.992
MET01A0026_002   0.319 -11.496 -11.178
MET01A0026_003   0.438 -10.928 -10.490
MET01A0026_004   0.360 -11.254 -10.893
MET01A0026_005   1.143 -11.750 -10.607
MET01A0026_006   0.577 -11.516 -10.939
MET01A0026_007   0.301 -11.676 -11.375
MET01A0026_008   0.377 -11.669 -11.292
MET01A0026_009   0.276 -12.139 -11.863
MET01A0026_010   0.253 -11.520 -11.267
MET01A0026_011   0.359 -11.789 -11.429
MET01A0026_012   0.568 -11.874 -11.306
MET01A0026_013   0.259 -12.173 -11.914
MET01A0026_014   0.556 -12.005 -11.449
MET01A0026_015   0.549 -11.620 -11.072
MET01A0026_016   0.420 -11.091 -10.671
MET01A0026_017   0.279 -11.775 -11.497
MET01A0026_018   0.449 -11.818 -11.368
MET01A0026_019   0.547 -11.572 -11.025
