iConf CONFORMER     FL  occ    crg   Em0  pKa0 ne nH    vdw0    vdw1    tors    epol   dsolv   extra    history
00001 HIS01A0121_001 f 0.00  0.000     0  0.00  0  0 -11.613   0.950   0.020   0.030  -0.489   0.000 01O000M000t
00002 HIS01A0121_002 f 0.00  0.000     0  0.00  0  0 -12.004   1.000   0.020   0.052  -0.541   0.000 01R001M000t
00003 HIS01A0121_003 f 0.00  0.000     0  0.00  0  0 -11.682   5.433   2.773  -0.036  -0.478   0.000 01E002M000t
00004 HIS01A0121_004 f 0.00  0.000     0  0.00  0  0 -11.560   2.118   0.013   0.034  -0.489   0.000 01E003M000t
00005 HIS01A0121_005 f 0.00  0.000     0  0.00  0  0 -11.271   2.028   2.774   0.093  -0.484   0.000 01E004M000t
00006 HIS01A0121_006 f 0.00  0.000     0  0.00  0  0 -11.653   0.946   0.018   0.079  -0.508   0.000 01E009M000t
00007 HIS01A0121_007 f 0.00  0.000     0  0.00  0  0 -11.924   1.891   0.002   0.084  -0.499   0.000 01E010M000t
00008 HIS01A0121_008 f 0.00  0.000     0  0.00  0  0 -11.555   4.438   0.011   0.169  -0.490   0.000 01E013M000t
00009 HIS01A0121_009 f 0.00  0.000     0  0.00  0  0 -12.079   3.121   2.745   0.091  -0.507   0.000 01E017M000t
00010 HIS01A0121_010 f 0.00  0.000     0  0.00  0  0 -11.920   2.757   0.013  -0.028  -0.490   0.000 01T005M000t
00011 HIS01A0121_011 f 0.00  0.000     0  0.00  0  0 -12.102   1.304   0.019  -0.011  -0.480   0.000 01T006M000t
00012 HIS01A0121_012 f 0.00  0.000     0  0.00  0  0 -12.431   1.877   0.003   0.092  -0.509   0.000 01T008M000t
00013 HIS01A0121_013 f 0.00  0.000     0  0.00  0  0 -11.428   4.313   2.774   0.053  -0.482   0.000 01T00AM000t
00014 HIS01A0121_014 f 0.00  0.000     0  0.00  0  0 -11.471   1.498   0.012   0.096  -0.495   0.000 01T00FM000t
00015 HIS01A0121_015 f 0.00  0.000     0  0.00  0  0 -11.827   0.763   0.018   0.030  -0.503   0.000 01T011M000t
00016 HIS01A0121_016 f 0.00  0.000     0  0.00  0  0 -11.830   3.992   2.710   0.035  -0.489   0.000 01T014M000t
00017 HIS01A0121_017 f 0.00  0.000     0  0.00  0  0 -11.659   1.878   2.775   0.020  -0.499   0.000 01T015M000t
00018 HIS01A0121_018 f 0.00  0.000     0  0.00  0  0 -11.137   1.892   2.773   0.040  -0.503   0.000 01T016M000t
00019 HIS01A0121_019 f 0.00  0.000     0  0.00  0  0 -11.490   1.796   2.775   0.113  -0.505   0.000 01T018M000t
00020 HIS02A0121_020 f 0.00  0.000     0  0.00  0  0 -11.628   0.909   0.020   0.035  -0.532   0.000 02O000M000t
00021 HIS02A0121_021 f 0.00  0.000     0  0.00  0  0 -12.018   0.994   0.020   0.030  -0.529   0.000 02R001M000t
00022 HIS02A0121_022 f 0.00  0.000     0  0.00  0  0 -11.749   5.545   2.774   0.099  -0.498   0.000 02E002M000t
00023 HIS02A0121_023 f 0.00  0.000     0  0.00  0  0 -11.546   2.077   0.011   0.039  -0.494   0.000 02E003M000t
00024 HIS02A0121_024 f 0.00  0.000     0  0.00  0  0 -12.053   1.268   0.018   0.074  -0.497   0.000 02E006M000t
00025 HIS02A0121_025 f 0.00  0.000     0  0.00  0  0 -11.627   0.931   0.017   0.037  -0.520   0.000 02E009M000t
00026 HIS02A0121_026 f 0.00  0.000     0  0.00  0  0 -11.562   4.381   2.772   0.036  -0.508   0.000 02E00AM000t
00027 HIS02A0121_027 f 0.00  0.000     0  0.00  0  0 -11.350   3.835   2.774   0.028  -0.530   0.000 02E00CM000t
00028 HIS02A0121_028 f 0.00  0.000     0  0.00  0  0 -11.453   1.504   0.010   0.022  -0.513   0.000 02E00FM000t
00029 HIS02A0121_029 f 0.00  0.000     0  0.00  0  0 -11.864   0.759   0.017   0.046  -0.539   0.000 02E011M000t
00030 HIS02A0121_030 f 0.00  0.000     0  0.00  0  0 -11.451   4.454   0.010   0.127  -0.513   0.000 02E013M000t
00031 HIS02A0121_031 f 0.00  0.000     0  0.00  0  0 -11.473   1.841   2.774   0.059  -0.521   0.000 02E015M000t
00032 HIS02A0121_032 f 0.00  0.000     0  0.00  0  0 -11.204   1.868   2.772   0.047  -0.544   0.000 02E016M000t
00033 HIS02A0121_033 f 0.00  0.000     0  0.00  0  0 -12.115   3.168   2.753   0.064  -0.519   0.000 02E017M000t
00034 HIS02A0121_034 f 0.00  0.000     0  0.00  0  0 -11.511   1.770   2.774   0.033  -0.522   0.000 02E018M000t
00035 HIS02A0121_035 f 0.00  0.000     0  0.00  0  0 -11.286   1.944   2.772   0.006  -0.499   0.000 02T004M000t
00036 HIS02A0121_036 f 0.00  0.000     0  0.00  0  0 -11.997   2.638   0.013   0.107  -0.494   0.000 02T005M000t
00037 HIS02A0121_037 f 0.00  0.000     0  0.00  0  0 -12.450   1.868   0.003   0.062  -0.522   0.000 02T008M000t
00038 HIS02A0121_038 f 0.00  0.000     0  0.00  0  0 -11.980   1.880   0.002   0.080  -0.520   0.000 02T010M000t
00039 HIS02A0121_039 f 0.00  0.000     0  0.00  0  0 -11.907   3.939   2.711   0.078  -0.516   0.000 02T014M000t
00040 HIS+1A0121_040 f 0.00  1.000     0  6.98  0  1 -11.655   0.907   0.020   0.140  -2.538   0.000 +1O000M000t
00041 HIS+1A0121_041 f 0.00  1.000     0  6.98  0  1 -12.044   0.991   0.020   0.145  -2.574   0.000 +1R001M000t
00042 HIS+1A0121_042 f 0.00  1.000     0  6.98  0  1 -11.312   1.946   2.773   0.045  -2.507   0.000 +1E004M000t
00043 HIS+1A0121_043 f 0.00  1.000     0  6.98  0  1 -12.147   1.261   0.019   0.192  -2.524   0.000 +1E006M000t
00044 HIS+1A0121_044 f 0.00  1.000     0  6.98  0  1 -11.699   0.931   0.018   0.152  -2.557   0.000 +1E009M000t
00045 HIS+1A0121_045 f 0.00  1.000     0  6.98  0  1 -11.376   3.840   2.775   0.124  -2.545   0.000 +1E00CM000t
00046 HIS+1A0121_046 f 0.00  1.000     0  6.98  0  1 -11.827   0.751   0.018   0.099  -2.524   0.000 +1E011M000t
00047 HIS+1A0121_047 f 0.00  1.000     0  6.98  0  1 -11.478   4.521   0.012   0.009  -2.550   0.000 +1E013M000t
00048 HIS+1A0121_048 f 0.00  1.000     0  6.98  0  1 -12.067   3.931   2.711   0.118  -2.522   0.000 +1E014M000t
00049 HIS+1A0121_049 f 0.00  1.000     0  6.98  0  1 -11.500   1.843   2.774   0.099  -2.533   0.000 +1E015M000t
00050 HIS+1A0121_050 f 0.00  1.000     0  6.98  0  1 -11.673   2.102   0.012   0.075  -2.489   0.000 +1T003M000t
00051 HIS+1A0121_051 f 0.00  1.000     0  6.98  0  1 -12.138   2.629   0.014   0.222  -2.485   0.000 +1T005M000t
00052 HIS+1A0121_052 f 0.00  1.000     0  6.98  0  1 -12.477   1.863   0.004   0.178  -2.540   0.000 +1T008M000t
00053 HIS+1A0121_053 f 0.00  1.000     0  6.98  0  1 -11.607   4.394   2.773   0.131  -2.539   0.000 +1T00AM000t
00054 HIS+1A0121_054 f 0.00  1.000     0  6.98  0  1 -11.570   1.487   0.012   0.073  -2.524   0.000 +1T00FM000t
00055 HIS+1A0121_055 f 0.00  1.000     0  6.98  0  1 -12.051   1.874   0.002   0.125  -2.524   0.000 +1T010M000t
00056 HIS+1A0121_056 f 0.00  1.000     0  6.98  0  1 -11.069   1.876   2.774   0.092  -2.546   0.000 +1T016M000t
00057 HIS+1A0121_057 f 0.00  1.000     0  6.98  0  1 -12.208   3.169   2.753   0.112  -2.546   0.000 +1T017M000t
00058 HIS+1A0121_058 f 0.00  1.000     0  6.98  0  1 -11.537   1.775   2.775   0.064  -2.528   0.000 +1T018M000t
