   confID        vdw0    sas     sum
HIS01A0121_001  -0.243 -11.370 -11.613
HIS01A0121_002  -0.218 -11.786 -12.004
HIS01A0121_003  -0.228 -11.454 -11.682
HIS01A0121_004  -0.232 -11.328 -11.560
HIS01A0121_005  -0.242 -11.029 -11.271
HIS01A0121_006  -0.096 -11.558 -11.653
HIS01A0121_007  -0.267 -11.657 -11.924
HIS01A0121_008  -0.095 -11.460 -11.555
HIS01A0121_009  -0.269 -11.809 -12.079
HIS01A0121_010  -0.346 -11.574 -11.920
HIS01A0121_011  -0.202 -11.900 -12.102
HIS01A0121_012  -0.269 -12.162 -12.431
HIS01A0121_013  -0.195 -11.233 -11.428
HIS01A0121_014  -0.114 -11.357 -11.471
HIS01A0121_015  -0.095 -11.732 -11.827
HIS01A0121_016  -0.346 -11.484 -11.830
HIS01A0121_017  -0.206 -11.453 -11.659
HIS01A0121_018  -0.116 -11.021 -11.137
HIS01A0121_019  -0.096 -11.394 -11.490
HIS02A0121_020  -0.258 -11.370 -11.628
HIS02A0121_021  -0.232 -11.786 -12.018
HIS02A0121_022  -0.246 -11.503 -11.749
HIS02A0121_023  -0.251 -11.295 -11.546
HIS02A0121_024  -0.221 -11.832 -12.053
HIS02A0121_025  -0.117 -11.511 -11.627
HIS02A0121_026  -0.216 -11.346 -11.562
HIS02A0121_027  -0.114 -11.236 -11.350
HIS02A0121_028  -0.135 -11.318 -11.453
HIS02A0121_029  -0.116 -11.748 -11.864
HIS02A0121_030  -0.116 -11.336 -11.451
HIS02A0121_031  -0.223 -11.250 -11.473
HIS02A0121_032  -0.136 -11.068 -11.204
HIS02A0121_033  -0.290 -11.825 -12.115
HIS02A0121_034  -0.116 -11.394 -11.511
HIS02A0121_035  -0.257 -11.029 -11.286
HIS02A0121_036  -0.359 -11.638 -11.997
HIS02A0121_037  -0.288 -12.162 -12.450
HIS02A0121_038  -0.287 -11.694 -11.980
HIS02A0121_039  -0.359 -11.548 -11.907
HIS+1A0121_040  -0.285 -11.370 -11.655
HIS+1A0121_041  -0.258 -11.786 -12.044
HIS+1A0121_042  -0.283 -11.029 -11.312
HIS+1A0121_043  -0.247 -11.900 -12.147
HIS+1A0121_044  -0.141 -11.558 -11.699
HIS+1A0121_045  -0.140 -11.236 -11.376
HIS+1A0121_046  -0.143 -11.683 -11.827
HIS+1A0121_047  -0.142 -11.336 -11.478
HIS+1A0121_048  -0.385 -11.682 -12.067
HIS+1A0121_049  -0.250 -11.250 -11.500
HIS+1A0121_050  -0.277 -11.396 -11.673
HIS+1A0121_051  -0.385 -11.753 -12.138
HIS+1A0121_052  -0.315 -12.162 -12.477
HIS+1A0121_053  -0.242 -11.365 -11.607
HIS+1A0121_054  -0.162 -11.409 -11.570
HIS+1A0121_055  -0.314 -11.737 -12.051
HIS+1A0121_056  -0.164 -10.905 -11.069
HIS+1A0121_057  -0.317 -11.891 -12.208
HIS+1A0121_058  -0.143 -11.394 -11.537
