iConf CONFORMER     FL  occ    crg   Em0  pKa0 ne nH    vdw0    vdw1    tors    epol   dsolv   extra    history
00001 GLN01A0123_001 f 0.00  0.000     0  0.00  0  0  -4.770   0.762   1.268   0.028  -2.278   0.000 01O000M000t
00002 GLN01A0123_002 f 0.00  0.000     0  0.00  0  0  -4.804   0.392   1.288   0.078  -2.423   0.000 01R001M000t
00003 GLN01A0123_003 f 0.00  0.000     0  0.00  0  0  -4.888   1.081   0.674  -0.096  -2.221   0.000 01E00FM000t
00004 GLN01A0123_004 f 0.00  0.000     0  0.00  0  0  -4.226   0.099   2.154   0.042  -2.241   0.000 01E01EM000t
00005 GLN01A0123_005 f 0.00  0.000     0  0.00  0  0  -4.698   0.419   2.813   0.037  -2.304   0.000 01E025M000t
00006 GLN01A0123_006 f 0.00  0.000     0  0.00  0  0  -4.095   0.432   2.093   0.039  -2.332   0.000 01E027M000t
00007 GLN01A0123_007 f 0.00  0.000     0  0.00  0  0  -4.384   1.203   0.664   0.025  -2.293   0.000 01E02CM000t
00008 GLN01A0123_008 f 0.00  0.000     0  0.00  0  0  -2.771   0.424   2.183   0.097  -2.219   0.000 01E02EM000t
00009 GLN01A0123_009 f 0.00  0.000     0  0.00  0  0  -4.752   1.878   3.129   0.114  -2.295   0.000 01E02FM000t
00010 GLN01A0123_010 f 0.00  0.000     0  0.00  0  0  -4.766   0.701   3.043  -0.043  -2.498   0.000 01E032M000t
00011 GLN01A0123_011 f 0.00  0.000     0  0.00  0  0  -4.170   1.247   0.520   0.115  -2.203   0.000 01E033M000t
00012 GLN01A0123_012 f 0.00  0.000     0  0.00  0  0  -4.301   0.368   2.625   0.069  -2.247   0.000 01T005M000t
00013 GLN01A0123_013 f 0.00  0.000     0  0.00  0  0  -4.876   0.083   1.462   0.043  -2.330   0.000 01T01AM000t
00014 GLN01A0123_014 f 0.00  0.000     0  0.00  0  0  -4.666   0.288   2.575   0.020  -2.439   0.000 01T030M000t
00015 GLN01A0123_015 f 0.00  0.000     0  0.00  0  0  -4.924   1.375   1.319  -0.106  -2.344   0.000 01T037M000t
00016 GLN01A0123_016 f 0.00  0.000     0  0.00  0  0  -4.902   2.596   1.444   0.058  -2.297   0.000 01T039M000t
00017 GLN01A0123_017 f 0.00  0.000     0  0.00  0  0  -4.537   2.586   0.966   0.016  -2.361   0.000 01T03AM000t
00018 GLN01A0123_018 f 0.00  0.000     0  0.00  0  0  -5.120   0.020   4.026   0.014  -2.295   0.000 01T043M000t
00019 GLN01A0123_019 f 0.00  0.000     0  0.00  0  0  -4.795   0.278   3.066   0.000  -2.319   0.000 01T046M000t
