CONFORMER         crg  vdw0  vdw1  tors  epol  self   occ  Hb     history    ASA
GLN01A0123_001  0.000 -4.77  0.77  1.27  0.00 -2.74 0.507  00  01O000M000  1.010
GLN01A0123_002  0.000 -4.81  0.39  1.29  0.00 -3.12 0.507  00  01R001M000  1.003
GLN01A0123_003  0.000 -4.89  1.08  0.67  0.00 -3.13 0.507  00  01E00FM000  1.061
GLN01A0123_004  0.000 -4.23  0.10  2.16  0.00 -1.97 0.507  00  01E01EM000  1.000
GLN01A0123_005  0.000 -4.70  0.42  2.81  0.00 -1.47 0.506  00  01E025M000  1.008
GLN01A0123_006  0.000 -4.10  0.43  2.09  0.00 -1.57 0.507  00  01E027M000  1.000
GLN01A0123_007  0.000 -4.39  1.21  0.66  0.00 -2.52 0.506  00  01E02CM000  1.000
GLN01A0123_008  0.000 -2.77  0.43  2.18  0.00 -0.15 0.506  00  01E02EM000  1.030
GLN01A0123_009  0.000 -4.75  1.88  3.13  0.00  0.25 0.507  00  01E02FM000  1.000
GLN01A0123_010  0.000 -4.77  0.70  3.04  0.00 -1.03 0.506  00  01E032M000  1.000
GLN01A0123_011  0.000 -4.17  1.25  0.52  0.00 -2.40 0.506  00  01E033M000  1.025
GLN01A0123_012  0.000 -4.30  0.37  2.63  0.00 -1.31 0.508  00  01T005M000  1.003
GLN01A0123_013  0.000 -4.88  0.08  1.46  0.00 -3.33 0.507  00  01T01AM000  1.043
GLN01A0123_014  0.000 -4.67  0.29  2.57  0.00 -1.81 0.507  00  01T030M000  1.043
GLN01A0123_015  0.000 -4.93  1.37  1.32  0.00 -2.23 0.506  00  01T037M000  1.008
GLN01A0123_016  0.000 -4.90  2.59  1.44  0.00 -0.86 0.507  00  01T039M000  1.000
GLN01A0123_017  0.000 -4.54  2.59  0.96  0.00 -0.99 0.508  00  01T03AM000  1.017
GLN01A0123_018  0.000 -5.11  0.02  4.02  0.00 -1.07 0.509  00  01T043M000  1.070
GLN01A0123_019  0.000 -4.80  0.28  3.07  0.00 -1.44 0.507  00  01T046M000  1.003
