   confID        vdw0    sas     sum
GLN01A0123_001   0.208  -4.978  -4.770
GLN01A0123_002   0.188  -4.992  -4.804
GLN01A0123_003   0.405  -5.293  -4.888
GLN01A0123_004   0.736  -4.962  -4.226
GLN01A0123_005   0.179  -4.878  -4.698
GLN01A0123_006   0.750  -4.845  -4.095
GLN01A0123_007   0.367  -4.751  -4.384
GLN01A0123_008   2.142  -4.913  -2.771
GLN01A0123_009   0.222  -4.974  -4.752
GLN01A0123_010   0.281  -5.047  -4.766
GLN01A0123_011   0.961  -5.132  -4.170
GLN01A0123_012   0.658  -4.959  -4.301
GLN01A0123_013   0.162  -5.037  -4.876
GLN01A0123_014   0.512  -5.179  -4.666
GLN01A0123_015   0.180  -5.105  -4.924
GLN01A0123_016   0.131  -5.033  -4.902
GLN01A0123_017   0.202  -4.739  -4.537
GLN01A0123_018   0.185  -5.305  -5.120
GLN01A0123_019   0.218  -5.014  -4.795
