CONFORMER         crg  vdw0  vdw1  tors  epol  self   occ  Hb     history    ASA
LYS01A0084_001  0.000-10.68  1.09  1.23  0.00 -8.36 0.503  00  01O000M000  1.000
LYS01A0084_002  0.000 -8.92  3.27  1.60  0.00 -4.06 0.503  00  01E017M000  1.000
LYS01A0084_003  0.000 -5.54  1.41  2.21  0.00 -1.93 0.502  00  01E029M000  1.000
LYS01A0084_004  0.000 -9.34  1.99  3.16  0.00 -4.19 0.501  00  01E04CM000  1.000
LYS01A0084_005  0.000 -7.71  0.94  5.97  0.00 -0.79 0.503  00  01E098M000  1.000
LYS01A0084_006  0.000 -8.21  0.91  3.56  0.00 -3.73 0.502  00  01E0A9M000  1.000
LYS01A0084_007  0.000 -7.81  1.32  3.81  0.00 -2.68 0.503  00  01E0AFM000  1.000
LYS01A0084_008  0.000 -8.71  1.67  6.09  0.00 -0.95 0.503  00  01E0CAM000  1.000
LYS01A0084_009  0.000 -7.25  1.87  4.36  0.00 -1.03 0.502  00  01E0CCM000  1.000
LYS01A0084_010  0.000 -8.71  6.27  0.96  0.00 -1.48 0.502  00  01E0D4M000  1.000
LYS01A0084_011  0.000 -8.38  2.90  3.72  0.00 -1.76 0.502  00  01E0D7M000  1.000
LYS01A0084_012  0.000-11.79  4.65  0.94  0.00 -6.20 0.502  00  01T00EM000  1.000
LYS01A0084_013  0.000 -8.47  1.08  3.60  0.00 -3.79 0.503  00  01T019M000  1.000
LYS01A0084_014  0.000 -9.04  0.96  1.58  0.00 -6.50 0.502  00  01T01CM000  1.000
LYS01A0084_015  0.000 -9.40  3.08  1.86  0.00 -4.46 0.502  00  01T026M000  1.000
LYS01A0084_016  0.000-10.22  1.12  2.81  0.00 -6.29 0.503  00  01T03BM000  1.000
LYS01A0084_017  0.000 -8.81  2.60  1.57  0.00 -4.64 0.502  00  01T06AM000  1.000
LYS01A0084_018  0.000 -8.24  1.00  3.33  0.00 -3.91 0.502  00  01T07CM000  1.000
LYS01A0084_019  0.000 -8.32  4.62  3.94  0.00  0.24 0.502  00  01T0B6M000  1.000
LYS01A0084_020  0.000 -8.10  3.64  1.78  0.00 -2.69 0.502  00  01T0BBM000  1.000
LYS+1A0084_021  1.000-10.73  1.09  1.23  0.00 -8.41 0.503  00  +1O000M000  1.000
LYS+1A0084_022  1.000 -9.06  3.29  1.61  0.00 -4.15 0.503  00  +1E017M000  1.000
LYS+1A0084_023  1.000 -9.19  0.95  1.59  0.00 -6.64 0.502  00  +1E01CM000  1.000
LYS+1A0084_024  1.000-10.20  1.11  2.95  0.00 -6.14 0.503  00  +1E03BM000  1.000
LYS+1A0084_025  1.000 -9.24  1.96  3.30  0.00 -3.98 0.501  00  +1E04CM000  1.000
LYS+1A0084_026  1.000 -7.72  0.94  6.03  0.00 -0.75 0.503  00  +1E098M000  1.000
LYS+1A0084_027  1.000 -8.16  0.92  3.62  0.00 -3.62 0.502  00  +1E0A9M000  1.000
LYS+1A0084_028  1.000 -8.69  1.66  6.17  0.00 -0.86 0.503  00  +1E0CAM000  1.000
LYS+1A0084_029  1.000 -8.78  6.34  0.97  0.00 -1.47 0.502  00  +1E0D4M000  1.000
LYS+1A0084_030  1.000 -8.55  2.87  3.80  0.00 -1.88 0.502  00  +1E0D7M000  1.000
LYS+1A0084_031  1.000-11.79  4.62  0.94  0.00 -6.23 0.502  00  +1T00EM000  1.000
LYS+1A0084_032  1.000 -8.45  1.08  3.61  0.00 -3.76 0.503  00  +1T019M000  1.000
LYS+1A0084_033  1.000 -9.50  3.07  1.86  0.00 -4.57 0.502  00  +1T026M000  1.000
LYS+1A0084_034  1.000 -5.46  1.40  2.21  0.00 -1.85 0.502  00  +1T029M000  1.000
LYS+1A0084_035  1.000 -9.06  2.62  1.58  0.00 -4.87 0.502  00  +1T06AM000  1.000
LYS+1A0084_036  1.000 -8.30  1.00  3.39  0.00 -3.91 0.502  00  +1T07CM000  1.000
LYS+1A0084_037  1.000 -7.72  1.33  3.86  0.00 -2.54 0.503  00  +1T0AFM000  1.000
LYS+1A0084_038  1.000 -8.46  4.35  4.03  0.00 -0.08 0.502  00  +1T0B6M000  1.000
LYS+1A0084_039  1.000 -8.26  3.63  1.79  0.00 -2.84 0.502  00  +1T0BBM000  1.000
LYS+1A0084_040  1.000 -7.17  1.84  4.38  0.00 -0.95 0.502  00  +1T0CCM000  1.000
