iConf CONFORMER     FL  occ    crg   Em0  pKa0 ne nH    vdw0    vdw1    tors    epol   dsolv   extra    history
00001 LYS01A0084_001 f 0.00  0.000     0  0.00  0  0 -10.688   1.151   1.233  -0.005  -0.426   0.000 01O000M000t
00002 LYS01A0084_002 f 0.00  0.000     0  0.00  0  0  -8.978   3.392   1.594   0.002  -0.432   0.000 01E017M000t
00003 LYS01A0084_003 f 0.00  0.000     0  0.00  0  0  -5.547   1.474   2.206  -0.001  -0.412   0.000 01E029M000t
00004 LYS01A0084_004 f 0.00  0.000     0  0.00  0  0  -9.344   1.988   3.154  -0.008  -0.415   0.000 01E04CM000t
00005 LYS01A0084_005 f 0.00  0.000     0  0.00  0  0  -7.703   0.998   5.974   0.000  -0.415   0.000 01E098M000t
00006 LYS01A0084_006 f 0.00  0.000     0  0.00  0  0  -8.207   1.013   3.559  -0.008  -0.420   0.000 01E0A9M000t
00007 LYS01A0084_007 f 0.00  0.000     0  0.00  0  0  -7.810   1.324   3.805  -0.017  -0.426   0.000 01E0AFM000t
00008 LYS01A0084_008 f 0.00  0.000     0  0.00  0  0  -8.666   1.666   6.094  -0.005  -0.455   0.000 01E0CAM000t
00009 LYS01A0084_009 f 0.00  0.000     0  0.00  0  0  -7.246   1.867   4.362  -0.013  -0.400   0.000 01E0CCM000t
00010 LYS01A0084_010 f 0.00  0.000     0  0.00  0  0  -8.711   6.320   0.962  -0.014  -0.423   0.000 01E0D4M000t
00011 LYS01A0084_011 f 0.00  0.000     0  0.00  0  0  -8.377   2.941   3.725  -0.009  -0.452   0.000 01E0D7M000t
00012 LYS01A0084_012 f 0.00  0.000     0  0.00  0  0 -11.795   4.693   0.942  -0.012  -0.405   0.000 01T00EM000t
00013 LYS01A0084_013 f 0.00  0.000     0  0.00  0  0  -8.472   1.137   3.601  -0.008  -0.459   0.000 01T019M000t
00014 LYS01A0084_014 f 0.00  0.000     0  0.00  0  0  -9.043   1.064   1.579  -0.007  -0.446   0.000 01T01CM000t
00015 LYS01A0084_015 f 0.00  0.000     0  0.00  0  0  -9.400   3.089   1.855   0.013  -0.406   0.000 01T026M000t
00016 LYS01A0084_016 f 0.00  0.000     0  0.00  0  0 -10.284   1.169   2.815  -0.010  -0.426   0.000 01T03BM000t
00017 LYS01A0084_017 f 0.00  0.000     0  0.00  0  0  -8.809   2.648   1.570   0.004  -0.401   0.000 01T06AM000t
00018 LYS01A0084_018 f 0.00  0.000     0  0.00  0  0  -8.251   1.056   3.326  -0.012  -0.403   0.000 01T07CM000t
00019 LYS01A0084_019 f 0.00  0.000     0  0.00  0  0  -8.316   4.677   3.941  -0.008  -0.368   0.000 01T0B6M000t
00020 LYS01A0084_020 f 0.00  0.000     0  0.00  0  0  -8.174   3.701   1.779  -0.001  -0.441   0.000 01T0BBM000t
00021 LYS+1A0084_021 f 0.00  1.000     0 10.40  0  1 -10.736   1.151   1.233   0.029  -5.916   0.000 +1O000M000t
00022 LYS+1A0084_022 f 0.00  1.000     0 10.40  0  1  -9.059   3.423   1.614  -0.008  -5.924   0.000 +1E017M000t
00023 LYS+1A0084_023 f 0.00  1.000     0 10.40  0  1  -9.184   1.053   1.593   0.037  -5.896   0.000 +1E01CM000t
00024 LYS+1A0084_024 f 0.00  1.000     0 10.40  0  1 -10.198   1.170   2.950   0.021  -5.893   0.000 +1E03BM000t
00025 LYS+1A0084_025 f 0.00  1.000     0 10.40  0  1  -9.237   1.952   3.299   0.042  -5.868   0.000 +1E04CM000t
00026 LYS+1A0084_026 f 0.00  1.000     0 10.40  0  1  -7.724   0.994   6.030   0.013  -5.840   0.000 +1E098M000t
00027 LYS+1A0084_027 f 0.00  1.000     0 10.40  0  1  -8.160   1.021   3.618   0.014  -5.929   0.000 +1E0A9M000t
00028 LYS+1A0084_028 f 0.00  1.000     0 10.40  0  1  -8.693   1.656   6.169   0.078  -5.940   0.000 +1E0CAM000t
00029 LYS+1A0084_029 f 0.00  1.000     0 10.40  0  1  -8.788   6.371   0.970   0.056  -5.766   0.000 +1E0D4M000t
00030 LYS+1A0084_030 f 0.00  1.000     0 10.40  0  1  -8.556   2.918   3.800   0.038  -5.870   0.000 +1E0D7M000t
00031 LYS+1A0084_031 f 0.00  1.000     0 10.40  0  1 -11.784   4.656   0.941   0.065  -5.970   0.000 +1T00EM000t
00032 LYS+1A0084_032 f 0.00  1.000     0 10.40  0  1  -8.448   1.135   3.608   0.036  -5.910   0.000 +1T019M000t
00033 LYS+1A0084_033 f 0.00  1.000     0 10.40  0  1  -9.499   3.072   1.864  -0.065  -5.858   0.000 +1T026M000t
00034 LYS+1A0084_034 f 0.00  1.000     0 10.40  0  1  -5.467   1.470   2.212   0.016  -5.971   0.000 +1T029M000t
00035 LYS+1A0084_035 f 0.00  1.000     0 10.40  0  1  -9.070   2.675   1.576   0.082  -5.800   0.000 +1T06AM000t
00036 LYS+1A0084_036 f 0.00  1.000     0 10.40  0  1  -8.302   1.051   3.394   0.057  -5.836   0.000 +1T07CM000t
00037 LYS+1A0084_037 f 0.00  1.000     0 10.40  0  1  -7.726   1.324   3.858   0.006  -5.809   0.000 +1T0AFM000t
00038 LYS+1A0084_038 f 0.00  1.000     0 10.40  0  1  -8.459   4.419   4.026  -0.086  -5.600   0.000 +1T0B6M000t
00039 LYS+1A0084_039 f 0.00  1.000     0 10.40  0  1  -8.263   3.701   1.787   0.038  -5.813   0.000 +1T0BBM000t
00040 LYS+1A0084_040 f 0.00  1.000     0 10.40  0  1  -7.176   1.843   4.376   0.036  -5.783   0.000 +1T0CCM000t
