   confID        vdw0    sas     sum
LYS01A0084_001   1.476 -12.164 -10.688
LYS01A0084_002   3.221 -12.199  -8.978
LYS01A0084_003   6.845 -12.392  -5.547
LYS01A0084_004   2.904 -12.247  -9.344
LYS01A0084_005   4.304 -12.006  -7.703
LYS01A0084_006   4.182 -12.389  -8.207
LYS01A0084_007   3.852 -11.662  -7.810
LYS01A0084_008   3.906 -12.573  -8.666
LYS01A0084_009   4.771 -12.016  -7.246
LYS01A0084_010   3.464 -12.175  -8.711
LYS01A0084_011   3.800 -12.177  -8.377
LYS01A0084_012   0.971 -12.765 -11.795
LYS01A0084_013   3.649 -12.121  -8.472
LYS01A0084_014   3.140 -12.183  -9.043
LYS01A0084_015   2.927 -12.328  -9.400
LYS01A0084_016   1.999 -12.283 -10.284
LYS01A0084_017   3.265 -12.074  -8.809
LYS01A0084_018   3.678 -11.929  -8.251
LYS01A0084_019   4.043 -12.359  -8.316
LYS01A0084_020   3.827 -12.001  -8.174
LYS+1A0084_021   1.428 -12.164 -10.736
LYS+1A0084_022   3.191 -12.250  -9.059
LYS+1A0084_023   3.102 -12.286  -9.184
LYS+1A0084_024   1.940 -12.138 -10.198
LYS+1A0084_025   2.827 -12.064  -9.237
LYS+1A0084_026   4.282 -12.006  -7.724
LYS+1A0084_027   4.162 -12.321  -8.160
LYS+1A0084_028   3.892 -12.585  -8.693
LYS+1A0084_029   3.335 -12.123  -8.788
LYS+1A0084_030   3.753 -12.309  -8.556
LYS+1A0084_031   0.930 -12.714 -11.784
LYS+1A0084_032   3.674 -12.121  -8.448
LYS+1A0084_033   2.896 -12.395  -9.499
LYS+1A0084_034   6.771 -12.237  -5.467
LYS+1A0084_035   3.175 -12.245  -9.070
LYS+1A0084_036   3.666 -11.967  -8.302
LYS+1A0084_037   3.807 -11.533  -7.726
LYS+1A0084_038   3.980 -12.440  -8.459
LYS+1A0084_039   3.738 -12.001  -8.263
LYS+1A0084_040   4.789 -11.965  -7.176
