iConf CONFORMER     FL  occ    crg   Em0  pKa0 ne nH    vdw0    vdw1    tors    epol   dsolv   extra    history
00001 GLN01A0131_001 f 0.00  0.000     0  0.00  0  0  -4.899   0.107   3.773   0.053  -1.210   0.000 01O000M000t
00002 GLN01A0131_002 f 0.00  0.000     0  0.00  0  0  -4.884   0.474   3.717   0.007  -1.257   0.000 01E004M000t
00003 GLN01A0131_003 f 0.00  0.000     0  0.00  0  0  -3.913   0.714   3.288   0.024  -1.286   0.000 01E024M000t
00004 GLN01A0131_004 f 0.00  0.000     0  0.00  0  0  -3.888   0.479   0.395   0.032  -1.242   0.000 01E025M000t
00005 GLN01A0131_005 f 0.00  0.000     0  0.00  0  0  -4.733   0.511   1.317   0.008  -1.287   0.000 01E027M000t
00006 GLN01A0131_006 f 0.00  0.000     0  0.00  0  0  -4.685   0.065   4.149   0.023  -1.245   0.000 01E02BM000t
00007 GLN01A0131_007 f 0.00  0.000     0  0.00  0  0  -3.866   0.172   0.463   0.035  -1.251   0.000 01E02FM000t
00008 GLN01A0131_008 f 0.00  0.000     0  0.00  0  0  -3.507   0.531   3.245   0.002  -1.247   0.000 01E03BM000t
00009 GLN01A0131_009 f 0.00  0.000     0  0.00  0  0  -3.582   0.527   3.298  -0.008  -1.284   0.000 01E03CM000t
00010 GLN01A0131_010 f 0.00  0.000     0  0.00  0  0  -4.864   0.086   1.331   0.027  -1.294   0.000 01E03FM000t
00011 GLN01A0131_011 f 0.00  0.000     0  0.00  0  0  -4.729   0.555   3.586   0.033  -1.281   0.000 01T005M000t
00012 GLN01A0131_012 f 0.00  0.000     0  0.00  0  0  -4.711   0.182   1.324   0.021  -1.300   0.000 01T009M000t
00013 GLN01A0131_013 f 0.00  0.000     0  0.00  0  0  -4.903   0.094   1.335   0.022  -1.282   0.000 01T00DM000t
00014 GLN01A0131_014 f 0.00  0.000     0  0.00  0  0  -4.238   2.351   0.529   0.071  -1.239   0.000 01T016M000t
00015 GLN01A0131_015 f 0.00  0.000     0  0.00  0  0  -3.640   0.565   3.218   0.000  -1.229   0.000 01T023M000t
00016 GLN01A0131_016 f 0.00  0.000     0  0.00  0  0  -4.563   0.148   4.148   0.033  -1.246   0.000 01T033M000t
00017 GLN01A0131_017 f 0.00  0.000     0  0.00  0  0  -3.557   0.245   3.274   0.016  -1.247   0.000 01T034M000t
00018 GLN01A0131_018 f 0.00  0.000     0  0.00  0  0  -4.413   0.092   0.438  -0.002  -1.277   0.000 01T041M000t
00019 GLN01A0131_019 f 0.00  0.000     0  0.00  0  0  -3.864   0.332   3.283  -0.005  -1.282   0.000 01T043M000t
