CONFORMER         crg  vdw0  vdw1  tors  epol  self   occ  Hb     history    ASA
GLN01A0131_001  0.000 -4.90  0.11  3.77  0.00 -1.02 0.507  00  01O000M000  1.005
GLN01A0131_002  0.000 -4.89  0.47  3.72  0.00 -0.70 0.509  00  01E004M000  1.008
GLN01A0131_003  0.000 -3.91  0.71  3.29  0.00  0.09 0.505  00  01E024M000  1.063
GLN01A0131_004  0.000 -3.89  0.43  0.39  0.00 -3.06 0.508  00  01E025M000  1.027
GLN01A0131_005  0.000 -4.73  0.47  1.32  0.00 -2.95 0.506  00  01E027M000  1.016
GLN01A0131_006  0.000 -4.68  0.07  4.15  0.00 -0.47 0.506  00  01E02BM000  1.039
GLN01A0131_007  0.000 -3.87  0.13  0.46  0.00 -3.28 0.507  00  01E02FM000  1.011
GLN01A0131_008  0.000 -3.51  0.53  3.24  0.00  0.27 0.507  00  01E03BM000  1.000
GLN01A0131_009  0.000 -3.58  0.53  3.30  0.00  0.24 0.508  00  01E03CM000  1.000
GLN01A0131_010  0.000 -4.86  0.04  1.33  0.00 -3.49 0.508  00  01E03FM000  1.066
GLN01A0131_011  0.000 -4.73  0.51  3.58  0.00 -0.64 0.507  00  01T005M000  1.000
GLN01A0131_012  0.000 -4.71  0.14  1.32  0.00 -3.25 0.508  00  01T009M000  1.000
GLN01A0131_013  0.000 -4.90  0.05  1.33  0.00 -3.52 0.507  00  01T00DM000  1.054
GLN01A0131_014  0.000 -4.24  2.35  0.53  0.00 -1.36 0.508  00  01T016M000  1.024
GLN01A0131_015  0.000 -3.64  0.57  3.22  0.00  0.14 0.507  00  01T023M000  1.000
GLN01A0131_016  0.000 -4.56  0.15  4.15  0.00 -0.27 0.506  00  01T033M000  1.010
GLN01A0131_017  0.000 -3.55  0.25  3.27  0.00 -0.04 0.507  00  01T034M000  1.003
GLN01A0131_018  0.000 -4.41  0.05  0.44  0.00 -3.93 0.508  00  01T041M000  1.016
GLN01A0131_019  0.000 -3.87  0.33  3.28  0.00 -0.25 0.507  00  01T043M000  1.050
