   confID        vdw0    sas     sum
GLN01A0131_001   0.205  -5.104  -4.899
GLN01A0131_002   0.202  -5.086  -4.884
GLN01A0131_003   1.294  -5.207  -3.913
GLN01A0131_004   1.053  -4.940  -3.888
GLN01A0131_005   0.153  -4.886  -4.733
GLN01A0131_006   0.461  -5.145  -4.685
GLN01A0131_007   0.981  -4.846  -3.866
GLN01A0131_008   1.368  -4.875  -3.507
GLN01A0131_009   1.317  -4.899  -3.582
GLN01A0131_010   0.151  -5.015  -4.864
GLN01A0131_011   0.175  -4.903  -4.729
GLN01A0131_012   0.165  -4.876  -4.711
GLN01A0131_013   0.164  -5.067  -4.903
GLN01A0131_014   0.809  -5.047  -4.238
GLN01A0131_015   1.357  -4.997  -3.640
GLN01A0131_016   0.489  -5.051  -4.563
GLN01A0131_017   1.242  -4.799  -3.557
GLN01A0131_018   0.484  -4.897  -4.413
GLN01A0131_019   1.244  -5.108  -3.864
