iConf CONFORMER     FL  occ    crg   Em0  pKa0 ne nH    vdw0    vdw1    tors    epol   dsolv   extra    history
00001 LYS01A0097_001 f 0.00  0.000     0  0.00  0  0 -11.721   0.857   2.318   0.001  -0.061   0.000 01O000M000t
00002 LYS01A0097_002 f 0.00  0.000     0  0.00  0  0 -11.356   0.844   1.148  -0.004  -0.063   0.000 01E032M000t
00003 LYS01A0097_003 f 0.00  0.000     0  0.00  0  0 -11.381   1.479   1.140  -0.001  -0.059   0.000 01E03EM000t
00004 LYS01A0097_004 f 0.00  0.000     0  0.00  0  0 -11.893   2.257   4.249  -0.004  -0.062   0.000 01E044M000t
00005 LYS01A0097_005 f 0.00  0.000     0  0.00  0  0 -10.754   1.029   1.859  -0.006  -0.061   0.000 01E065M000t
00006 LYS01A0097_006 f 0.00  0.000     0  0.00  0  0 -10.438   3.991   1.234  -0.003  -0.064   0.000 01E094M000t
00007 LYS01A0097_007 f 0.00  0.000     0  0.00  0  0 -10.385   0.980   2.249  -0.010  -0.061   0.000 01E0CEM000t
00008 LYS01A0097_008 f 0.00  0.000     0  0.00  0  0  -9.838   2.759   4.880  -0.004  -0.065   0.000 01E141M000t
00009 LYS01A0097_009 f 0.00  0.000     0  0.00  0  0 -10.455   1.593   1.648  -0.009  -0.061   0.000 01T026M000t
00010 LYS01A0097_010 f 0.00  0.000     0  0.00  0  0 -11.752   1.007   1.401  -0.003  -0.064   0.000 01T035M000t
00011 LYS01A0097_011 f 0.00  0.000     0  0.00  0  0 -10.186   3.805   1.962  -0.004  -0.060   0.000 01T09BM000t
00012 LYS01A0097_012 f 0.00  0.000     0  0.00  0  0 -10.404   3.989   2.040   0.003  -0.064   0.000 01T09DM000t
00013 LYS01A0097_013 f 0.00  0.000     0  0.00  0  0 -10.279   1.663   1.636  -0.004  -0.063   0.000 01T0A6M000t
00014 LYS01A0097_014 f 0.00  0.000     0  0.00  0  0 -10.601   1.478   1.395   0.001  -0.060   0.000 01T0A8M000t
00015 LYS01A0097_015 f 0.00  0.000     0  0.00  0  0  -9.711   1.287   2.541  -0.007  -0.059   0.000 01T0C6M000t
00016 LYS01A0097_016 f 0.00  0.000     0  0.00  0  0 -11.137   1.098   2.206  -0.018  -0.061   0.000 01T0FCM000t
00017 LYS01A0097_017 f 0.00  0.000     0  0.00  0  0 -10.732   1.835   2.017  -0.008  -0.061   0.000 01T102M000t
00018 LYS01A0097_018 f 0.00  0.000     0  0.00  0  0 -10.285   0.826   2.192  -0.004  -0.059   0.000 01T108M000t
00019 LYS01A0097_019 f 0.00  0.000     0  0.00  0  0 -10.964   2.404   4.587  -0.009  -0.060   0.000 01T123M000t
00020 LYS+1A0097_020 f 0.00  1.000     0 10.40  0  1 -11.781   0.855   2.318   0.046  -0.998   0.000 +1O000M000t
00021 LYS+1A0097_021 f 0.00  1.000     0 10.40  0  1 -10.510   1.599   1.717   0.046  -0.998   0.000 +1E026M000t
00022 LYS+1A0097_022 f 0.00  1.000     0 10.40  0  1 -11.790   1.017   1.444   0.027  -1.015   0.000 +1E035M000t
00023 LYS+1A0097_023 f 0.00  1.000     0 10.40  0  1 -11.909   2.256   4.305   0.039  -1.005   0.000 +1E044M000t
00024 LYS+1A0097_024 f 0.00  1.000     0 10.40  0  1 -10.541   3.989   2.116  -0.018  -1.018   0.000 +1E09DM000t
00025 LYS+1A0097_025 f 0.00  1.000     0 10.40  0  1 -10.151   1.656   1.717   0.001  -1.011   0.000 +1E0A6M000t
00026 LYS+1A0097_026 f 0.00  1.000     0 10.40  0  1 -10.540   1.479   1.459   0.036  -0.998   0.000 +1E0A8M000t
00027 LYS+1A0097_027 f 0.00  1.000     0 10.40  0  1  -9.848   1.287   2.627   0.034  -0.982   0.000 +1E0C6M000t
00028 LYS+1A0097_028 f 0.00  1.000     0 10.40  0  1 -10.782   1.846   2.112   0.049  -0.996   0.000 +1E102M000t
00029 LYS+1A0097_029 f 0.00  1.000     0 10.40  0  1 -10.998   2.393   4.654   0.063  -1.006   0.000 +1E123M000t
00030 LYS+1A0097_030 f 0.00  1.000     0 10.40  0  1 -11.396   0.838   1.186   0.033  -0.999   0.000 +1T032M000t
00031 LYS+1A0097_031 f 0.00  1.000     0 10.40  0  1 -11.360   1.490   1.178   0.048  -1.003   0.000 +1T03EM000t
00032 LYS+1A0097_032 f 0.00  1.000     0 10.40  0  1 -10.861   1.024   1.897   0.039  -1.008   0.000 +1T065M000t
00033 LYS+1A0097_033 f 0.00  1.000     0 10.40  0  1 -10.391   4.000   1.259   0.017  -1.013   0.000 +1T094M000t
00034 LYS+1A0097_034 f 0.00  1.000     0 10.40  0  1 -10.076   3.793   2.059  -0.063  -0.996   0.000 +1T09BM000t
00035 LYS+1A0097_035 f 0.00  1.000     0 10.40  0  1 -10.397   0.975   2.297   0.097  -0.996   0.000 +1T0CEM000t
00036 LYS+1A0097_036 f 0.00  1.000     0 10.40  0  1 -10.996   1.083   2.238   0.117  -0.998   0.000 +1T0FCM000t
00037 LYS+1A0097_037 f 0.00  1.000     0 10.40  0  1 -10.232   0.801   2.277   0.098  -0.980   0.000 +1T108M000t
00038 LYS+1A0097_038 f 0.00  1.000     0 10.40  0  1 -10.019   2.760   4.892   0.034  -1.017   0.000 +1T141M000t
