CONFORMER         crg  vdw0  vdw1  tors  epol  self   occ  Hb     history    ASA
LYS01A0097_001  0.000-11.72  0.86  2.32  0.00 -8.55 0.502  00  01O000M000  1.000
LYS01A0097_002  0.000-11.36  0.85  1.15  0.00 -9.36 0.501  00  01E032M000  1.000
LYS01A0097_003  0.000-11.38  1.48  1.14  0.00 -8.77 0.501  00  01E03EM000  1.000
LYS01A0097_004  0.000-11.89  2.26  4.25  0.00 -5.39 0.502  00  01E044M000  1.000
LYS01A0097_005  0.000-10.75  1.03  1.86  0.00 -7.87 0.502  00  01E065M000  1.000
LYS01A0097_006  0.000-10.44  3.99  1.23  0.00 -5.21 0.502  00  01E094M000  1.000
LYS01A0097_007  0.000-10.39  0.98  2.25  0.00 -7.16 0.501  00  01E0CEM000  1.000
LYS01A0097_008  0.000 -9.84  2.75  4.88  0.00 -2.20 0.502  00  01E141M000  1.000
LYS01A0097_009  0.000-10.46  1.59  1.65  0.00 -7.21 0.501  00  01T026M000  1.000
LYS01A0097_010  0.000-11.75  1.01  1.40  0.00 -9.34 0.501  00  01T035M000  1.000
LYS01A0097_011  0.000-10.18  3.81  1.96  0.00 -4.41 0.501  00  01T09BM000  1.000
LYS01A0097_012  0.000-10.41  3.99  2.04  0.00 -4.38 0.502  00  01T09DM000  1.000
LYS01A0097_013  0.000-10.28  1.66  1.64  0.00 -6.97 0.502  00  01T0A6M000  1.000
LYS01A0097_014  0.000-10.60  1.48  1.40  0.00 -7.72 0.502  00  01T0A8M000  1.000
LYS01A0097_015  0.000 -9.71  1.29  2.54  0.00 -5.89 0.502  00  01T0C6M000  1.000
LYS01A0097_016  0.000-11.14  1.10  2.21  0.00 -7.83 0.502  00  01T0FCM000  1.000
LYS01A0097_017  0.000-10.73  1.83  2.02  0.00 -6.88 0.502  00  01T102M000  1.000
LYS01A0097_018  0.000-10.29  0.82  2.19  0.00 -7.27 0.501  00  01T108M000  1.000
LYS01A0097_019  0.000-10.97  2.40  4.59  0.00 -3.98 0.502  00  01T123M000  1.000
LYS+1A0097_020  1.000-11.78  0.86  2.32  0.00 -8.61 0.502  00  +1O000M000  1.000
LYS+1A0097_021  1.000-10.46  1.60  1.72  0.00 -7.15 0.501  00  +1E026M000  1.000
LYS+1A0097_022  1.000-11.79  1.02  1.44  0.00 -9.33 0.501  00  +1E035M000  1.000
LYS+1A0097_023  1.000-11.87  2.26  4.31  0.00 -5.31 0.502  00  +1E044M000  1.000
LYS+1A0097_024  1.000-10.54  3.98  2.12  0.00 -4.44 0.502  00  +1E09DM000  1.000
LYS+1A0097_025  1.000-10.16  1.66  1.72  0.00 -6.78 0.502  00  +1E0A6M000  1.000
LYS+1A0097_026  1.000-10.54  1.48  1.46  0.00 -7.60 0.502  00  +1E0A8M000  1.000
LYS+1A0097_027  1.000 -9.80  1.29  2.62  0.00 -5.88 0.502  00  +1E0C6M000  1.000
LYS+1A0097_028  1.000-10.78  1.84  2.11  0.00 -6.83 0.502  00  +1E102M000  1.000
LYS+1A0097_029  1.000-11.03  2.40  4.66  0.00 -3.98 0.502  00  +1E123M000  1.000
LYS+1A0097_030  1.000-11.40  0.84  1.18  0.00 -9.37 0.501  00  +1T032M000  1.000
LYS+1A0097_031  1.000-11.36  1.49  1.18  0.00 -8.70 0.501  00  +1T03EM000  1.000
LYS+1A0097_032  1.000-10.85  1.02  1.90  0.00 -7.93 0.502  00  +1T065M000  1.000
LYS+1A0097_033  1.000-10.45  4.00  1.26  0.00 -5.19 0.502  00  +1T094M000  1.000
LYS+1A0097_034  1.000-10.08  3.79  2.06  0.00 -4.23 0.501  00  +1T09BM000  1.000
LYS+1A0097_035  1.000-10.40  0.98  2.29  0.00 -7.13 0.501  00  +1T0CEM000  1.000
LYS+1A0097_036  1.000-11.00  1.09  2.24  0.00 -7.67 0.502  00  +1T0FCM000  1.000
LYS+1A0097_037  1.000-10.24  0.80  2.27  0.00 -7.16 0.501  00  +1T108M000  1.000
LYS+1A0097_038  1.000-10.02  2.76  4.89  0.00 -2.37 0.502  00  +1T141M000  1.000
