   confID        vdw0    sas     sum
LYS01A0097_001   1.080 -12.801 -11.721
LYS01A0097_002   0.853 -12.209 -11.356
LYS01A0097_003   0.844 -12.225 -11.381
LYS01A0097_004   0.934 -12.827 -11.893
LYS01A0097_005   1.761 -12.515 -10.754
LYS01A0097_006   1.625 -12.063 -10.438
LYS01A0097_007   2.419 -12.805 -10.385
LYS01A0097_008   2.676 -12.514  -9.838
LYS01A0097_009   2.021 -12.476 -10.455
LYS01A0097_010   0.868 -12.620 -11.752
LYS01A0097_011   2.084 -12.271 -10.186
LYS01A0097_012   1.792 -12.195 -10.404
LYS01A0097_013   2.155 -12.434 -10.279
LYS01A0097_014   1.506 -12.106 -10.601
LYS01A0097_015   2.923 -12.635  -9.711
LYS01A0097_016   1.545 -12.682 -11.137
LYS01A0097_017   1.850 -12.582 -10.732
LYS01A0097_018   1.973 -12.258 -10.285
LYS01A0097_019   1.593 -12.557 -10.964
LYS+1A0097_020   1.020 -12.801 -11.781
LYS+1A0097_021   2.005 -12.515 -10.510
LYS+1A0097_022   0.830 -12.620 -11.790
LYS+1A0097_023   0.867 -12.775 -11.909
LYS+1A0097_024   1.761 -12.302 -10.541
LYS+1A0097_025   2.219 -12.369 -10.151
LYS+1A0097_026   1.460 -12.000 -10.540
LYS+1A0097_027   2.854 -12.702  -9.848
LYS+1A0097_028   1.826 -12.608 -10.782
LYS+1A0097_029   1.572 -12.569 -10.998
LYS+1A0097_030   0.813 -12.209 -11.396
LYS+1A0097_031   0.801 -12.161 -11.360
LYS+1A0097_032   1.718 -12.579 -10.861
LYS+1A0097_033   1.570 -11.960 -10.391
LYS+1A0097_034   2.088 -12.164 -10.076
LYS+1A0097_035   2.359 -12.756 -10.397
LYS+1A0097_036   1.515 -12.512 -10.996
LYS+1A0097_037   1.959 -12.191 -10.232
LYS+1A0097_038   2.624 -12.643 -10.019
