iConf CONFORMER     FL  occ    crg   Em0  pKa0 ne nH    vdw0    vdw1    tors    epol   dsolv   extra    history
00001 GLU01A0075_001 f 0.00  0.000     0  0.00  0  0  -3.740   0.921   3.629  -0.012  -1.000   0.000 01O000M000t
00002 GLU01A0075_002 f 0.00  0.000     0  0.00  0  0  -3.544   1.158   3.435   0.043  -0.985   0.000 01E001M000t
00003 GLU01A0075_003 f 0.00  0.000     0  0.00  0  0  -3.806   0.803   3.464   0.065  -0.975   0.000 01E002M000t
00004 GLU01A0075_004 f 0.00  0.000     0  0.00  0  0  -2.214   0.900   2.922   0.038  -1.050   0.000 01E005M000t
00005 GLU01A0075_005 f 0.00  0.000     0  0.00  0  0  -3.740   0.921   0.909   0.020  -0.716   0.000 01O000M000t
00006 GLU01A0075_006 f 0.00  0.000     0  0.00  0  0  -3.858   0.828   0.689   0.049  -0.702   0.000 01E002M000t
00007 GLU01A0075_007 f 0.00  0.000     0  0.00  0  0  -4.285   3.205   0.954   0.016  -0.694   0.000 01E003M000t
00008 GLU01A0075_008 f 0.00  0.000     0  0.00  0  0  -1.919   1.077   2.923   0.035  -1.051   0.000 01T007M000t
00009 GLU01A0075_009 f 0.00  0.000     0  0.00  0  0  -4.297   3.202   3.674   0.157  -0.855   0.000 01T003M000t
00010 GLU01A0075_010 f 0.00  0.000     0  0.00  0  0  -3.518   1.072   3.209   0.037  -1.016   0.000 01T008M000t
00011 GLU01A0075_011 f 0.00  0.000     0  0.00  0  0  -3.543   1.158   0.690   0.012  -0.705   0.000 01T001M000t
00012 GLU01A0075_012 f 0.00  0.000     0  0.00  0  0  -3.836   1.036   0.504   0.015  -0.687   0.000 01T008M000t
00013 GLU01A0075_013 f 0.00  0.000     0  0.00  0  0  -1.922   1.074   0.203   0.018  -0.694   0.000 01T007M000t
00014 GLU02A0075_014 f 0.00  0.000     0  0.00  0  0  -3.885   0.929   3.629   0.067  -1.037   0.000 02O000M000t
00015 GLU02A0075_015 f 0.00  0.000     0  0.00  0  0  -1.487   0.888   2.922   0.036  -0.914   0.000 02E005M000t
00016 GLU02A0075_016 f 0.00  0.000     0  0.00  0  0  -3.885   0.929   0.909   0.039  -0.693   0.000 02O000M000t
00017 GLU02A0075_017 f 0.00  0.000     0  0.00  0  0  -3.752   0.806   0.642   0.045  -0.704   0.000 02E002M000t
00018 GLU02A0075_018 f 0.00  0.000     0  0.00  0  0  -4.371   2.784   3.657  -0.015  -0.999   0.000 02T003M000t
00019 GLU02A0075_019 f 0.00  0.000     0  0.00  0  0  -3.177   1.003   3.206   0.006  -0.974   0.000 02T006M000t
00020 GLU02A0075_020 f 0.00  0.000     0  0.00  0  0  -3.652   1.164   3.321   0.027  -1.041   0.000 02T001M000t
00021 GLU02A0075_021 f 0.00  0.000     0  0.00  0  0  -3.675   0.806   3.352   0.083  -1.007   0.000 02T002M000t
00022 GLU02A0075_022 f 0.00  0.000     0  0.00  0  0  -3.336   1.090   3.190   0.060  -0.968   0.000 02T008M000t
00023 GLU02A0075_023 f 0.00  0.000     0  0.00  0  0  -4.371   2.784   0.937  -0.008  -0.666   0.000 02T003M000t
00024 GLU02A0075_024 f 0.00  0.000     0  0.00  0  0  -3.177   1.003   0.486   0.013  -0.713   0.000 02T006M000t
00025 GLU-1A0075_025 f 0.00 -1.000     0  4.75  0 -1  -4.001   0.940   0.909  -0.008  -6.034   0.000 -1O000M000t
00026 GLU-1A0075_026 f 0.00 -1.000     0  4.75  0 -1  -3.567   1.183   0.666  -0.028  -6.018   0.000 -1E001M000t
00027 GLU-1A0075_027 f 0.00 -1.000     0  4.75  0 -1  -3.748   0.826   0.668  -0.202  -5.933   0.000 -1E002M000t
00028 GLU-1A0075_028 f 0.00 -1.000     0  4.75  0 -1  -3.564   1.078   0.491  -0.174  -5.939   0.000 -1E008M000t
