   confID        vdw0    sas     sum
GLU01A0075_001   0.757  -4.497  -3.740
GLU01A0075_002   1.023  -4.567  -3.544
GLU01A0075_003   0.904  -4.710  -3.806
GLU01A0075_004   2.634  -4.848  -2.214
GLU01A0075_005   0.757  -4.497  -3.740
GLU01A0075_006   0.949  -4.807  -3.858
GLU01A0075_007   0.571  -4.856  -4.285
GLU01A0075_008   2.642  -4.561  -1.919
GLU01A0075_009   0.572  -4.869  -4.297
GLU01A0075_010   1.340  -4.859  -3.518
GLU01A0075_011   1.023  -4.567  -3.543
GLU01A0075_012   1.133  -4.969  -3.836
GLU01A0075_013   2.638  -4.561  -1.922
GLU02A0075_014   0.755  -4.639  -3.885
GLU02A0075_015   3.357  -4.844  -1.487
GLU02A0075_016   0.755  -4.639  -3.885
GLU02A0075_017   0.956  -4.708  -3.752
GLU02A0075_018   0.622  -4.993  -4.371
GLU02A0075_019   1.559  -4.736  -3.177
GLU02A0075_020   1.054  -4.706  -3.652
GLU02A0075_021   0.956  -4.631  -3.675
GLU02A0075_022   1.453  -4.788  -3.336
GLU02A0075_023   0.622  -4.993  -4.371
GLU02A0075_024   1.559  -4.736  -3.177
GLU-1A0075_025   0.611  -4.612  -4.001
GLU-1A0075_026   0.838  -4.405  -3.567
GLU-1A0075_027   0.776  -4.525  -3.748
GLU-1A0075_028   1.150  -4.713  -3.564
