CONFORMER         crg  vdw0  vdw1  tors  epol  self   occ  Hb     history    ASA
LYS01A0084_001  0.000-10.62  1.15  1.23  0.00 -8.23 0.502  00  01O000M000  1.000
LYS01A0084_002  0.000 -9.82  1.77  1.54  0.00 -6.51 0.501  00  01E009M000  1.000
LYS01A0084_003  0.000 -9.88  1.78  4.15  0.00 -3.95 0.502  00  01E00AM000  1.000
LYS01A0084_004  0.000 -8.83  1.22  4.23  0.00 -3.38 0.502  00  01E018M000  1.000
LYS01A0084_005  0.000 -9.34  1.99  3.16  0.00 -4.19 0.502  00  01E04CM000  1.000
LYS01A0084_006  0.000-10.91  1.71  5.54  0.00 -3.65 0.503  00  01E061M000  1.000
LYS01A0084_007  0.000-11.22  6.86  2.54  0.00 -1.82 0.502  00  01E070M000  1.000
LYS01A0084_008  0.000 -8.96  2.89  1.55  0.00 -4.52 0.502  00  01E072M000  1.000
LYS01A0084_009  0.000 -5.97  0.80  1.13  0.00 -4.04 0.502  00  01E07DM000  1.000
LYS01A0084_010  0.000 -8.71  1.67  6.09  0.00 -0.95 0.503  00  01E0CAM000  1.000
LYS01A0084_011  0.000 -8.38  2.94  3.72  0.00 -1.72 0.501  00  01E0D7M000  1.000
LYS01A0084_012  0.000 -9.75  6.08  0.93  0.00 -2.73 0.503  00  01T034M000  1.000
LYS01A0084_013  0.000 -9.14  1.18  0.89  0.00 -7.06 0.503  00  01T047M000  1.000
LYS01A0084_014  0.000 -9.56  1.36  2.90  0.00 -5.30 0.502  00  01T04DM000  1.000
LYS01A0084_015  0.000 -8.02  1.26  3.51  0.00 -3.24 0.502  00  01T082M000  1.000
LYS01A0084_016  0.000 -8.29  3.37  3.85  0.00 -1.07 0.502  00  01T083M000  1.000
LYS01A0084_017  0.000 -7.41  3.53  1.08  0.00 -2.80 0.502  00  01T088M000  1.000
LYS01A0084_018  0.000 -5.71  0.93  1.13  0.00 -3.66 0.503  00  01T0A7M000  1.000
LYS01A0084_019  0.000 -8.32  4.69  3.94  0.00  0.31 0.502  00  01T0B6M000  1.000
LYS01A0084_020  0.000 -8.44  2.13  3.32  0.00 -3.00 0.502  00  01T0D2M000  1.000
LYS+1A0084_021  1.000-10.66  1.15  1.23  0.00 -8.28 0.502  00  +1O000M000  1.000
LYS+1A0084_022  1.000 -9.75  1.76  1.55  0.00 -6.44 0.501  00  +1E009M000  1.000
LYS+1A0084_023  1.000 -8.88  1.22  4.25  0.00 -3.42 0.502  00  +1E018M000  1.000
LYS+1A0084_024  1.000 -9.77  6.11  0.94  0.00 -2.73 0.503  00  +1E034M000  1.000
LYS+1A0084_025  1.000 -9.24  1.96  3.30  0.00 -3.98 0.502  00  +1E04CM000  1.000
LYS+1A0084_026  1.000 -9.39  1.35  2.95  0.00 -5.08 0.502  00  +1E04DM000  1.000
LYS+1A0084_027  1.000-10.94  1.71  5.60  0.00 -3.63 0.503  00  +1E061M000  1.000
LYS+1A0084_028  1.000 -9.11  2.92  1.56  0.00 -4.63 0.502  00  +1E072M000  1.000
LYS+1A0084_029  1.000 -5.79  0.76  1.15  0.00 -3.88 0.502  00  +1E07DM000  1.000
LYS+1A0084_030  1.000 -7.99  1.26  3.61  0.00 -3.12 0.502  00  +1E082M000  1.000
LYS+1A0084_031  1.000 -8.69  1.66  6.17  0.00 -0.86 0.503  00  +1E0CAM000  1.000
LYS+1A0084_032  1.000 -9.95  1.79  4.16  0.00 -4.00 0.502  00  +1T00AM000  1.000
LYS+1A0084_033  1.000 -9.15  1.18  0.89  0.00 -7.07 0.503  00  +1T047M000  1.000
LYS+1A0084_034  1.000-11.32  6.85  2.66  0.00 -1.80 0.502  00  +1T070M000  1.000
LYS+1A0084_035  1.000 -8.41  3.36  3.91  0.00 -1.14 0.502  00  +1T083M000  1.000
LYS+1A0084_036  1.000 -7.52  3.53  1.09  0.00 -2.90 0.502  00  +1T088M000  1.000
LYS+1A0084_037  1.000 -5.71  0.92  1.14  0.00 -3.64 0.503  00  +1T0A7M000  1.000
LYS+1A0084_038  1.000 -8.46  4.42  4.03  0.00 -0.02 0.502  00  +1T0B6M000  1.000
LYS+1A0084_039  1.000 -8.45  2.16  3.40  0.00 -2.89 0.502  00  +1T0D2M000  1.000
LYS+1A0084_040  1.000 -8.54  2.92  3.79  0.00 -1.83 0.501  00  +1T0D7M000  1.000
