iConf CONFORMER     FL  occ    crg   Em0  pKa0 ne nH    vdw0    vdw1    tors    epol   dsolv   extra    history
00001 LYS01A0084_001 f 0.00  0.000     0  0.00  0  0 -10.620   1.151   1.233  -0.008  -0.972   0.000 01O000M000t
00002 LYS01A0084_002 f 0.00  0.000     0  0.00  0  0  -9.786   1.778   1.539  -0.000  -0.919   0.000 01E009M000t
00003 LYS01A0084_003 f 0.00  0.000     0  0.00  0  0  -9.889   1.782   4.153  -0.009  -0.912   0.000 01E00AM000t
00004 LYS01A0084_004 f 0.00  0.000     0  0.00  0  0  -8.830   1.222   4.232  -0.008  -0.959   0.000 01E018M000t
00005 LYS01A0084_005 f 0.00  0.000     0  0.00  0  0  -9.344   1.988   3.154  -0.011  -0.944   0.000 01E04CM000t
00006 LYS01A0084_006 f 0.00  0.000     0  0.00  0  0 -10.904   1.710   5.544  -0.010  -0.958   0.000 01E061M000t
00007 LYS01A0084_007 f 0.00  0.000     0  0.00  0  0 -11.220   6.863   2.537  -0.021  -0.928   0.000 01E070M000t
00008 LYS01A0084_008 f 0.00  0.000     0  0.00  0  0  -8.958   2.886   1.551  -0.013  -0.902   0.000 01E072M000t
00009 LYS01A0084_009 f 0.00  0.000     0  0.00  0  0  -5.898   0.799   1.134  -0.007  -0.871   0.000 01E07DM000t
00010 LYS01A0084_010 f 0.00  0.000     0  0.00  0  0  -8.666   1.666   6.094  -0.009  -1.070   0.000 01E0CAM000t
00011 LYS01A0084_011 f 0.00  0.000     0  0.00  0  0  -8.377   2.941   3.725  -0.012  -1.067   0.000 01E0D7M000t
00012 LYS01A0084_012 f 0.00  0.000     0  0.00  0  0  -9.757   6.074   0.931  -0.042  -0.950   0.000 01T034M000t
00013 LYS01A0084_013 f 0.00  0.000     0  0.00  0  0  -9.182   1.187   0.890  -0.008  -0.933   0.000 01T047M000t
00014 LYS01A0084_014 f 0.00  0.000     0  0.00  0  0  -9.565   1.365   2.901  -0.010  -0.946   0.000 01T04DM000t
00015 LYS01A0084_015 f 0.00  0.000     0  0.00  0  0  -8.006   1.261   3.511  -0.012  -0.915   0.000 01T082M000t
00016 LYS01A0084_016 f 0.00  0.000     0  0.00  0  0  -8.289   3.363   3.850  -0.007  -0.924   0.000 01T083M000t
00017 LYS01A0084_017 f 0.00  0.000     0  0.00  0  0  -7.405   3.521   1.079  -0.011  -0.936   0.000 01T088M000t
00018 LYS01A0084_018 f 0.00  0.000     0  0.00  0  0  -5.709   0.923   1.128  -0.025  -0.846   0.000 01T0A7M000t
00019 LYS01A0084_019 f 0.00  0.000     0  0.00  0  0  -8.316   4.677   3.941  -0.014  -0.881   0.000 01T0B6M000t
00020 LYS01A0084_020 f 0.00  0.000     0  0.00  0  0  -8.440   2.139   3.317  -0.024  -1.035   0.000 01T0D2M000t
00021 LYS+1A0084_021 f 0.00  1.000     0 10.40  0  1 -10.668   1.151   1.233   0.036 -12.971   0.000 +1O000M000t
00022 LYS+1A0084_022 f 0.00  1.000     0 10.40  0  1  -9.822   1.760   1.548   0.001 -13.179   0.000 +1E009M000t
00023 LYS+1A0084_023 f 0.00  1.000     0 10.40  0  1  -8.888   1.222   4.249   0.036 -13.082   0.000 +1E018M000t
00024 LYS+1A0084_024 f 0.00  1.000     0 10.40  0  1  -9.836   6.104   0.937   0.109 -13.095   0.000 +1E034M000t
00025 LYS+1A0084_025 f 0.00  1.000     0 10.40  0  1  -9.237   1.952   3.299   0.049 -12.874   0.000 +1E04CM000t
00026 LYS+1A0084_026 f 0.00  1.000     0 10.40  0  1  -9.382   1.346   2.954   0.039 -12.982   0.000 +1E04DM000t
00027 LYS+1A0084_027 f 0.00  1.000     0 10.40  0  1 -10.944   1.706   5.597   0.061 -12.945   0.000 +1E061M000t
00028 LYS+1A0084_028 f 0.00  1.000     0 10.40  0  1  -9.110   2.913   1.563   0.065 -12.825   0.000 +1E072M000t
00029 LYS+1A0084_029 f 0.00  1.000     0 10.40  0  1  -5.747   0.758   1.150   0.117 -12.691   0.000 +1E07DM000t
00030 LYS+1A0084_030 f 0.00  1.000     0 10.40  0  1  -7.995   1.255   3.611   0.051 -12.859   0.000 +1E082M000t
00031 LYS+1A0084_031 f 0.00  1.000     0 10.40  0  1  -8.693   1.656   6.169   0.090 -13.063   0.000 +1E0CAM000t
00032 LYS+1A0084_032 f 0.00  1.000     0 10.40  0  1  -9.956   1.785   4.162  -0.019 -12.968   0.000 +1T00AM000t
00033 LYS+1A0084_033 f 0.00  1.000     0 10.40  0  1  -9.145   1.180   0.893   0.082 -12.911   0.000 +1T047M000t
00034 LYS+1A0084_034 f 0.00  1.000     0 10.40  0  1 -11.322   6.844   2.657   0.068 -12.937   0.000 +1T070M000t
00035 LYS+1A0084_035 f 0.00  1.000     0 10.40  0  1  -8.413   3.357   3.911   0.003 -12.969   0.000 +1T083M000t
00036 LYS+1A0084_036 f 0.00  1.000     0 10.40  0  1  -7.517   3.532   1.089   0.068 -12.809   0.000 +1T088M000t
00037 LYS+1A0084_037 f 0.00  1.000     0 10.40  0  1  -5.724   0.923   1.141   0.051 -12.629   0.000 +1T0A7M000t
00038 LYS+1A0084_038 f 0.00  1.000     0 10.40  0  1  -8.459   4.419   4.026  -0.096 -12.343   0.000 +1T0B6M000t
00039 LYS+1A0084_039 f 0.00  1.000     0 10.40  0  1  -8.493   2.151   3.399   0.105 -12.818   0.000 +1T0D2M000t
00040 LYS+1A0084_040 f 0.00  1.000     0 10.40  0  1  -8.539   2.918   3.793   0.048 -12.881   0.000 +1T0D7M000t
