   confID        vdw0    sas     sum
LYS01A0084_001   1.544 -12.164 -10.620
LYS01A0084_002   2.467 -12.253  -9.786
LYS01A0084_003   2.439 -12.328  -9.889
LYS01A0084_004   3.323 -12.154  -8.830
LYS01A0084_005   2.904 -12.247  -9.344
LYS01A0084_006   1.825 -12.730 -10.904
LYS01A0084_007   1.418 -12.638 -11.220
LYS01A0084_008   3.167 -12.126  -8.958
LYS01A0084_009   6.138 -12.037  -5.898
LYS01A0084_010   3.906 -12.573  -8.666
LYS01A0084_011   3.800 -12.177  -8.377
LYS01A0084_012   2.864 -12.621  -9.757
LYS01A0084_013   3.018 -12.200  -9.182
LYS01A0084_014   2.856 -12.421  -9.565
LYS01A0084_015   4.058 -12.064  -8.006
LYS01A0084_016   4.161 -12.450  -8.289
LYS01A0084_017   4.329 -11.733  -7.405
LYS01A0084_018   6.086 -11.795  -5.709
LYS01A0084_019   4.043 -12.359  -8.316
LYS01A0084_020   3.682 -12.122  -8.440
LYS+1A0084_021   1.496 -12.164 -10.668
LYS+1A0084_022   2.432 -12.253  -9.822
LYS+1A0084_023   3.282 -12.170  -8.888
LYS+1A0084_024   2.852 -12.688  -9.836
LYS+1A0084_025   2.827 -12.064  -9.237
LYS+1A0084_026   2.839 -12.221  -9.382
LYS+1A0084_027   1.786 -12.730 -10.944
LYS+1A0084_028   3.084 -12.193  -9.110
LYS+1A0084_029   6.123 -11.869  -5.747
LYS+1A0084_030   4.018 -12.013  -7.995
LYS+1A0084_031   3.892 -12.585  -8.693
LYS+1A0084_032   2.411 -12.366  -9.956
LYS+1A0084_033   3.017 -12.161  -9.145
LYS+1A0084_034   1.354 -12.676 -11.322
LYS+1A0084_035   4.127 -12.540  -8.413
LYS+1A0084_036   4.217 -11.733  -7.517
LYS+1A0084_037   6.071 -11.795  -5.724
LYS+1A0084_038   3.980 -12.440  -8.459
LYS+1A0084_039   3.617 -12.110  -8.493
LYS+1A0084_040   3.770 -12.309  -8.539
