CONFORMER         crg  vdw0  vdw1  tors  epol  self   occ  Hb     history    ASA
HIS01A0008_001  0.000-11.41 -0.89  0.39  0.00-11.91 0.515  00  01O000M000  1.000
HIS01A0008_002  0.000-11.52 -0.88  0.39  0.00-12.01 0.515  00  01R001M000  1.000
HIS01A0008_003  0.000-11.94  0.11  2.36  0.00 -9.46 0.516  00  01E004M000  1.000
HIS01A0008_004  0.000-11.62  3.15  2.34  0.00 -6.13 0.517  00  01E00EM000  1.000
HIS01A0008_005  0.000-11.71 -0.63  0.34  0.00-12.00 0.517  00  01E011M000  1.000
HIS01A0008_006  0.000-11.93  2.62  2.22  0.00 -7.09 0.516  00  01E014M000  1.000
HIS01A0008_007  0.000-11.73  1.30  2.21  0.00 -8.22 0.515  00  01E017M000  1.000
HIS01A0008_008  0.000-12.38  1.57  0.23  0.00-10.59 0.517  00  01E019M000  1.000
HIS01A0008_009  0.000-12.36  0.66  0.23  0.00-11.48 0.517  00  01E01CM000  1.000
HIS01A0008_010  0.000-12.16  3.45  2.33  0.00 -6.38 0.514  00  01E01EM000  1.000
HIS01A0008_011  0.000-11.88  1.05  2.36  0.00 -8.47 0.516  00  01E01FM000  1.000
HIS01A0008_012  0.000-12.03  2.64  2.33  0.00 -7.06 0.515  00  01E020M000  1.000
HIS01A0008_013  0.000-11.86  0.81  2.36  0.00 -8.69 0.515  00  01T002M000  1.000
HIS01A0008_014  0.000-12.15 -0.51  0.34  0.00-12.32 0.516  00  01T003M000  1.000
HIS01A0008_015  0.000-11.70  0.59  0.24  0.00-10.87 0.515  00  01T00AM000  1.000
HIS01A0008_016  0.000-11.33  2.02  0.27  0.00 -9.03 0.515  00  01T00BM000  1.000
HIS01A0008_017  0.000-11.61  1.54  0.26  0.00 -9.81 0.517  00  01T00FM000  1.000
HIS01A0008_018  0.000-11.73 -0.09  0.30  0.00-11.52 0.513  00  01T010M000  1.000
HIS01A0008_019  0.000-12.00  0.08  2.36  0.00 -9.56 0.515  00  01T016M000  1.000
HIS01A0008_020  0.000-11.62  0.41  2.31  0.00 -8.90 0.515  00  01T018M000  1.000
HIS02A0008_021  0.000-11.43 -0.92  0.39  0.00-11.96 0.515  00  02O000M000  1.000
HIS02A0008_022  0.000-11.54 -0.89  0.39  0.00-12.04 0.515  00  02R001M000  1.000
HIS02A0008_023  0.000-12.02  0.09  2.35  0.00 -9.58 0.516  00  02E004M000  1.000
HIS02A0008_024  0.000-11.31  2.27  0.28  0.00 -8.77 0.515  00  02E00BM000  1.000
HIS02A0008_025  0.000-11.66  1.46  0.26  0.00 -9.94 0.517  00  02E00FM000  1.000
HIS02A0008_026  0.000-11.68 -0.15  0.29  0.00-11.54 0.513  00  02E010M000  1.000
HIS02A0008_027  0.000-11.68 -0.65  0.34  0.00-11.99 0.517  00  02E011M000  1.000
HIS02A0008_028  0.000-12.02  0.06  2.35  0.00 -9.61 0.515  00  02E016M000  1.000
HIS02A0008_029  0.000-11.76  1.35  2.22  0.00 -8.19 0.515  00  02E017M000  1.000
HIS02A0008_030  0.000-12.14  0.60  0.25  0.00-11.29 0.517  00  02E01CM000  1.000
HIS02A0008_031  0.000-11.90  1.02  2.35  0.00 -8.53 0.516  00  02E01FM000  1.000
HIS02A0008_032  0.000-12.05  2.65  2.31  0.00 -7.09 0.515  00  02E020M000  1.000
HIS02A0008_033  0.000-12.22  0.80  2.35  0.00 -9.07 0.515  00  02T002M000  1.000
HIS02A0008_034  0.000-12.12 -0.55  0.34  0.00-12.33 0.516  00  02T003M000  1.000
HIS02A0008_035  0.000-11.65  0.54  0.25  0.00-10.86 0.515  00  02T00AM000  1.000
HIS02A0008_036  0.000-11.66  3.06  2.33  0.00 -6.27 0.517  00  02T00EM000  1.000
HIS02A0008_037  0.000-11.89  2.49  2.25  0.00 -7.15 0.516  00  02T014M000  1.000
HIS02A0008_038  0.000-11.59  0.41  2.29  0.00 -8.89 0.515  00  02T018M000  1.000
HIS02A0008_039  0.000-12.35  1.59  0.23  0.00-10.53 0.517  00  02T019M000  1.000
HIS02A0008_040  0.000-12.05  3.86  2.33  0.00 -5.86 0.514  00  02T01EM000  1.000
HIS+1A0008_041  1.000-11.45 -0.93  0.39  0.00-11.99 0.515  00  +1O000M000  1.000
HIS+1A0008_042  1.000-11.56 -0.90  0.39  0.00-12.07 0.515  00  +1R001M000  1.000
HIS+1A0008_043  1.000-11.95  0.80  2.37  0.00 -8.78 0.515  00  +1E002M000  1.000
HIS+1A0008_044  1.000-12.20 -0.56  0.35  0.00-12.41 0.516  00  +1E003M000  1.000
HIS+1A0008_045  1.000-11.98  0.09  2.37  0.00 -9.52 0.516  00  +1E004M000  1.000
HIS+1A0008_046  1.000-11.68  1.44  0.27  0.00 -9.98 0.517  00  +1E00FM000  1.000
HIS+1A0008_047  1.000-11.77 -0.14  0.30  0.00-11.61 0.513  00  +1E010M000  1.000
HIS+1A0008_048  1.000-11.69 -0.65  0.35  0.00-11.99 0.517  00  +1E011M000  1.000
HIS+1A0008_049  1.000-12.07  2.63  2.33  0.00 -7.12 0.515  00  +1E020M000  1.000
HIS+1A0008_050  1.000-11.61  0.54  0.25  0.00-10.82 0.515  00  +1T00AM000  1.000
HIS+1A0008_051  1.000-11.16  2.63  0.29  0.00 -8.23 0.515  00  +1T00BM000  1.000
HIS+1A0008_052  1.000-11.67  3.12  2.35  0.00 -6.19 0.517  00  +1T00EM000  1.000
HIS+1A0008_053  1.000-11.91  2.51  2.25  0.00 -7.15 0.516  00  +1T014M000  1.000
HIS+1A0008_054  1.000-12.05  0.06  2.37  0.00 -9.62 0.515  00  +1T016M000  1.000
HIS+1A0008_055  1.000-11.90  1.38  2.23  0.00 -8.29 0.515  00  +1T017M000  1.000
HIS+1A0008_056  1.000-11.67  0.40  2.31  0.00 -8.95 0.515  00  +1T018M000  1.000
HIS+1A0008_057  1.000-12.43  1.61  0.24  0.00-10.58 0.517  00  +1T019M000  1.000
HIS+1A0008_058  1.000-12.10  0.58  0.26  0.00-11.26 0.517  00  +1T01CM000  1.000
HIS+1A0008_059  1.000-12.01  3.84  2.34  0.00 -5.83 0.514  00  +1T01EM000  1.000
HIS+1A0008_060  1.000-12.11  1.03  2.36  0.00 -8.72 0.516  00  +1T01FM000  1.000
