iConf CONFORMER     FL  occ    crg   Em0  pKa0 ne nH    vdw0    vdw1    tors    epol   dsolv   extra    history
00001 HIS01A0008_001 f 0.00  0.000     0  0.00  0  0 -11.409  -0.886   0.388   0.073  -0.141   0.000 01O000M000t
00002 HIS01A0008_002 f 0.00  0.000     0  0.00  0  0 -11.523  -0.877   0.388   0.044  -0.156   0.000 01R001M000t
00003 HIS01A0008_003 f 0.00  0.000     0  0.00  0  0 -11.935   0.112   2.364   0.004  -0.148   0.000 01E004M000t
00004 HIS01A0008_004 f 0.00  0.000     0  0.00  0  0 -11.684   3.142   2.342   0.067  -0.150   0.000 01E00EM000t
00005 HIS01A0008_005 f 0.00  0.000     0  0.00  0  0 -11.646  -0.574   0.344   0.017  -0.150   0.000 01E011M000t
00006 HIS01A0008_006 f 0.00  0.000     0  0.00  0  0 -11.927   2.657   2.216  -0.012  -0.147   0.000 01E014M000t
00007 HIS01A0008_007 f 0.00  0.000     0  0.00  0  0 -11.735   1.366   2.215   0.043  -0.152   0.000 01E017M000t
00008 HIS01A0008_008 f 0.00  0.000     0  0.00  0  0 -12.385   1.659   0.233  -0.026  -0.138   0.000 01E019M000t
00009 HIS01A0008_009 f 0.00  0.000     0  0.00  0  0 -12.360   0.763   0.229   0.048  -0.154   0.000 01E01CM000t
00010 HIS01A0008_010 f 0.00  0.000     0  0.00  0  0 -12.209   3.455   2.330   0.088  -0.137   0.000 01E01EM000t
00011 HIS01A0008_011 f 0.00  0.000     0  0.00  0  0 -11.945   1.054   2.360   0.073  -0.147   0.000 01E01FM000t
00012 HIS01A0008_012 f 0.00  0.000     0  0.00  0  0 -12.027   2.643   2.325   0.010  -0.151   0.000 01E020M000t
00013 HIS01A0008_013 f 0.00  0.000     0  0.00  0  0 -11.858   0.805   2.363   0.057  -0.139   0.000 01T002M000t
00014 HIS01A0008_014 f 0.00  0.000     0  0.00  0  0 -12.154  -0.449   0.346  -0.008  -0.145   0.000 01T003M000t
00015 HIS01A0008_015 f 0.00  0.000     0  0.00  0  0 -11.698   0.651   0.239   0.008  -0.150   0.000 01T00AM000t
00016 HIS01A0008_016 f 0.00  0.000     0  0.00  0  0 -11.333   2.018   0.274   0.035  -0.150   0.000 01T00BM000t
00017 HIS01A0008_017 f 0.00  0.000     0  0.00  0  0 -11.607   1.655   0.258  -0.066  -0.140   0.000 01T00FM000t
00018 HIS01A0008_018 f 0.00  0.000     0  0.00  0  0 -11.732  -0.030   0.301  -0.025  -0.144   0.000 01T010M000t
00019 HIS01A0008_019 f 0.00  0.000     0  0.00  0  0 -11.999   0.077   2.364   0.027  -0.150   0.000 01T016M000t
00020 HIS01A0008_020 f 0.00  0.000     0  0.00  0  0 -11.620   0.414   2.307   0.031  -0.149   0.000 01T018M000t
00021 HIS02A0008_021 f 0.00  0.000     0  0.00  0  0 -11.428  -0.925   0.388   0.065  -0.156   0.000 02O000M000t
00022 HIS02A0008_022 f 0.00  0.000     0  0.00  0  0 -11.536  -0.893   0.388   0.066  -0.154   0.000 02R001M000t
00023 HIS02A0008_023 f 0.00  0.000     0  0.00  0  0 -12.020   0.091   2.355   0.040  -0.153   0.000 02E004M000t
00024 HIS02A0008_024 f 0.00  0.000     0  0.00  0  0 -11.313   2.265   0.277   0.052  -0.158   0.000 02E00BM000t
00025 HIS02A0008_025 f 0.00  0.000     0  0.00  0  0 -11.658   1.564   0.266   0.104  -0.145   0.000 02E00FM000t
00026 HIS02A0008_026 f 0.00  0.000     0  0.00  0  0 -11.680  -0.088   0.291   0.027  -0.150   0.000 02E010M000t
00027 HIS02A0008_027 f 0.00  0.000     0  0.00  0  0 -11.680  -0.588   0.337   0.020  -0.157   0.000 02E011M000t
00028 HIS02A0008_028 f 0.00  0.000     0  0.00  0  0 -12.088   0.058   2.355   0.033  -0.157   0.000 02E016M000t
00029 HIS02A0008_029 f 0.00  0.000     0  0.00  0  0 -11.808   1.413   2.220   0.030  -0.157   0.000 02E017M000t
00030 HIS02A0008_030 f 0.00  0.000     0  0.00  0  0 -12.141   0.711   0.250   0.036  -0.156   0.000 02E01CM000t
00031 HIS02A0008_031 f 0.00  0.000     0  0.00  0  0 -11.902   1.024   2.352   0.044  -0.156   0.000 02E01FM000t
00032 HIS02A0008_032 f 0.00  0.000     0  0.00  0  0 -12.049   2.649   2.311   0.021  -0.155   0.000 02E020M000t
00033 HIS02A0008_033 f 0.00  0.000     0  0.00  0  0 -12.111   0.797   2.353  -0.024  -0.151   0.000 02T002M000t
00034 HIS02A0008_034 f 0.00  0.000     0  0.00  0  0 -12.120  -0.494   0.337   0.010  -0.152   0.000 02T003M000t
00035 HIS02A0008_035 f 0.00  0.000     0  0.00  0  0 -11.584   0.606   0.250   0.023  -0.154   0.000 02T00AM000t
00036 HIS02A0008_036 f 0.00  0.000     0  0.00  0  0 -11.655   3.054   2.331   0.059  -0.156   0.000 02T00EM000t
00037 HIS02A0008_037 f 0.00  0.000     0  0.00  0  0 -11.888   2.539   2.246   0.049  -0.152   0.000 02T014M000t
00038 HIS02A0008_038 f 0.00  0.000     0  0.00  0  0 -11.642   0.407   2.292   0.028  -0.157   0.000 02T018M000t
00039 HIS02A0008_039 f 0.00  0.000     0  0.00  0  0 -12.354   1.680   0.231   0.050  -0.146   0.000 02T019M000t
00040 HIS02A0008_040 f 0.00  0.000     0  0.00  0  0 -12.052   3.858   2.330  -0.025  -0.144   0.000 02T01EM000t
00041 HIS+1A0008_041 f 0.00  1.000     0  6.98  0  1 -11.454  -0.928   0.388   0.070  -0.825   0.000 +1O000M000t
00042 HIS+1A0008_042 f 0.00  1.000     0  6.98  0  1 -11.562  -0.897   0.388   0.070  -0.834   0.000 +1R001M000t
00043 HIS+1A0008_043 f 0.00  1.000     0  6.98  0  1 -11.954   0.798   2.368   0.094  -0.828   0.000 +1E002M000t
00044 HIS+1A0008_044 f 0.00  1.000     0  6.98  0  1 -12.198  -0.501   0.348   0.166  -0.826   0.000 +1E003M000t
00045 HIS+1A0008_045 f 0.00  1.000     0  6.98  0  1 -11.980   0.092   2.367   0.168  -0.832   0.000 +1E004M000t
00046 HIS+1A0008_046 f 0.00  1.000     0  6.98  0  1 -11.684   1.540   0.271   0.273  -0.809   0.000 +1E00FM000t
00047 HIS+1A0008_047 f 0.00  1.000     0  6.98  0  1 -11.770  -0.085   0.305   0.177  -0.828   0.000 +1E010M000t
00048 HIS+1A0008_048 f 0.00  1.000     0  6.98  0  1 -11.691  -0.592   0.348   0.172  -0.833   0.000 +1E011M000t
00049 HIS+1A0008_049 f 0.00  1.000     0  6.98  0  1 -12.075   2.626   2.330   0.056  -0.829   0.000 +1E020M000t
00050 HIS+1A0008_050 f 0.00  1.000     0  6.98  0  1 -11.609   0.608   0.255   0.013  -0.826   0.000 +1T00AM000t
00051 HIS+1A0008_051 f 0.00  1.000     0  6.98  0  1 -11.107   2.635   0.290   0.052  -0.829   0.000 +1T00BM000t
00052 HIS+1A0008_052 f 0.00  1.000     0  6.98  0  1 -11.615   3.128   2.346   0.165  -0.832   0.000 +1T00EM000t
00053 HIS+1A0008_053 f 0.00  1.000     0  6.98  0  1 -11.914   2.546   2.256   0.177  -0.824   0.000 +1T014M000t
00054 HIS+1A0008_054 f 0.00  1.000     0  6.98  0  1 -12.046   0.058   2.367   0.162  -0.831   0.000 +1T016M000t
00055 HIS+1A0008_055 f 0.00  1.000     0  6.98  0  1 -11.897   1.438   2.230   0.156  -0.836   0.000 +1T017M000t
00056 HIS+1A0008_056 f 0.00  1.000     0  6.98  0  1 -11.669   0.403   2.316   0.153  -0.834   0.000 +1T018M000t
00057 HIS+1A0008_057 f 0.00  1.000     0  6.98  0  1 -12.428   1.693   0.237   0.159  -0.818   0.000 +1T019M000t
00058 HIS+1A0008_058 f 0.00  1.000     0  6.98  0  1 -12.100   0.692   0.256   0.152  -0.831   0.000 +1T01CM000t
00059 HIS+1A0008_059 f 0.00  1.000     0  6.98  0  1 -12.010   3.841   2.343   0.011  -0.812   0.000 +1T01EM000t
00060 HIS+1A0008_060 f 0.00  1.000     0  6.98  0  1 -12.046   1.029   2.362   0.085  -0.829   0.000 +1T01FM000t
