   confID        vdw0    sas     sum
HIS01A0008_001  -0.165 -11.245 -11.409
HIS01A0008_002  -0.125 -11.398 -11.523
HIS01A0008_003  -0.163 -11.772 -11.935
HIS01A0008_004  -0.134 -11.550 -11.684
HIS01A0008_005  -0.113 -11.532 -11.646
HIS01A0008_006  -0.332 -11.596 -11.927
HIS01A0008_007  -0.231 -11.504 -11.735
HIS01A0008_008  -0.327 -12.058 -12.385
HIS01A0008_009  -0.235 -12.125 -12.360
HIS01A0008_010  -0.264 -11.946 -12.209
HIS01A0008_011  -0.104 -11.841 -11.945
HIS01A0008_012  -0.139 -11.887 -12.027
HIS01A0008_013  -0.153 -11.705 -11.858
HIS01A0008_014  -0.168 -11.986 -12.154
HIS01A0008_015  -0.233 -11.465 -11.698
HIS01A0008_016  -0.123 -11.210 -11.333
HIS01A0008_017  -0.331 -11.275 -11.607
HIS01A0008_018  -0.275 -11.457 -11.732
HIS01A0008_019  -0.111 -11.887 -11.999
HIS01A0008_020  -0.145 -11.475 -11.620
HIS02A0008_021  -0.183 -11.245 -11.428
HIS02A0008_022  -0.138 -11.398 -11.536
HIS02A0008_023  -0.180 -11.840 -12.020
HIS02A0008_024  -0.154 -11.159 -11.313
HIS02A0008_025  -0.345 -11.313 -11.658
HIS02A0008_026  -0.290 -11.390 -11.680
HIS02A0008_027  -0.132 -11.548 -11.680
HIS02A0008_028  -0.133 -11.955 -12.088
HIS02A0008_029  -0.255 -11.553 -11.808
HIS02A0008_030  -0.251 -11.890 -12.141
HIS02A0008_031  -0.126 -11.776 -11.902
HIS02A0008_032  -0.162 -11.887 -12.049
HIS02A0008_033  -0.174 -11.937 -12.111
HIS02A0008_034  -0.185 -11.935 -12.120
HIS02A0008_035  -0.251 -11.333 -11.584
HIS02A0008_036  -0.158 -11.498 -11.655
HIS02A0008_037  -0.343 -11.544 -11.888
HIS02A0008_038  -0.167 -11.475 -11.642
HIS02A0008_039  -0.343 -12.011 -12.354
HIS02A0008_040  -0.286 -11.767 -12.052
HIS+1A0008_041  -0.209 -11.245 -11.454
HIS+1A0008_042  -0.164 -11.398 -11.562
HIS+1A0008_043  -0.200 -11.754 -11.954
HIS+1A0008_044  -0.211 -11.986 -12.198
HIS+1A0008_045  -0.207 -11.772 -11.980
HIS+1A0008_046  -0.371 -11.313 -11.684
HIS+1A0008_047  -0.316 -11.454 -11.770
HIS+1A0008_048  -0.158 -11.532 -11.691
HIS+1A0008_049  -0.188 -11.887 -12.075
HIS+1A0008_050  -0.276 -11.333 -11.609
HIS+1A0008_051  -0.180 -10.928 -11.107
HIS+1A0008_052  -0.184 -11.430 -11.615
HIS+1A0008_053  -0.370 -11.544 -11.914
HIS+1A0008_054  -0.158 -11.887 -12.046
HIS+1A0008_055  -0.282 -11.614 -11.897
HIS+1A0008_056  -0.194 -11.475 -11.669
HIS+1A0008_057  -0.370 -12.058 -12.428
HIS+1A0008_058  -0.277 -11.822 -12.100
HIS+1A0008_059  -0.311 -11.699 -12.010
HIS+1A0008_060  -0.153 -11.893 -12.046
