iConf CONFORMER     FL  occ    crg   Em0  pKa0 ne nH    vdw0    vdw1    tors    epol   dsolv   extra    history
00001 GLU01A0043_001 f 0.00  0.000     0  0.00  0  0  -3.792   0.250   3.467   0.119  -2.202   0.000 01O000M000t
00002 GLU01A0043_002 f 0.00  0.000     0  0.00  0  0  -3.024   0.303   5.297   0.064  -2.198   0.000 01E006M000t
00003 GLU01A0043_003 f 0.00  0.000     0  0.00  0  0  -2.663   0.367   5.304   0.079  -2.186   0.000 01E009M000t
00004 GLU01A0043_004 f 0.00  0.000     0  0.00  0  0  -4.053   0.329   6.287   0.082  -2.286   0.000 01E015M000t
00005 GLU01A0043_005 f 0.00  0.000     0  0.00  0  0  -3.947   0.330   6.294   0.019  -2.144   0.000 01E019M000t
00006 GLU01A0043_006 f 0.00  0.000     0  0.00  0  0  -4.487   0.814   6.290   0.069  -2.294   0.000 01E021M000t
00007 GLU01A0043_007 f 0.00  0.000     0  0.00  0  0  -3.844   0.250   0.747   0.046  -1.569   0.000 01O000M000t
00008 GLU01A0043_008 f 0.00  0.000     0  0.00  0  0  -3.495   0.566   3.205   0.051  -1.570   0.000 01E003M000t
00009 GLU01A0043_009 f 0.00  0.000     0  0.00  0  0  -4.343   0.578   1.233   0.030  -1.622   0.000 01E014M000t
00010 GLU01A0043_010 f 0.00  0.000     0  0.00  0  0  -4.437  -0.270   1.033   0.085  -1.572   0.000 01E01BM000t
00011 GLU01A0043_011 f 0.00  0.000     0  0.00  0  0  -4.547   0.809   3.537   0.027  -1.617   0.000 01E021M000t
00012 GLU01A0043_012 f 0.00  0.000     0  0.00  0  0  -3.592   0.444   3.252   0.046  -2.239   0.000 01T005M000t
00013 GLU01A0043_013 f 0.00  0.000     0  0.00  0  0  -4.333   1.795   4.117  -0.228  -1.997   0.000 01T00FM000t
00014 GLU01A0043_014 f 0.00  0.000     0  0.00  0  0  -3.818   0.824   3.247   0.109  -2.158   0.000 01T001M000t
00015 GLU01A0043_015 f 0.00  0.000     0  0.00  0  0  -3.495   0.566   5.907   0.244  -2.180   0.000 01T003M000t
00016 GLU01A0043_016 f 0.00  0.000     0  0.00  0  0  -4.270   1.488   4.140   0.539  -2.127   0.000 01T010M000t
00017 GLU01A0043_017 f 0.00  0.000     0  0.00  0  0  -3.907   0.030   6.278   0.035  -2.185   0.000 01T012M000t
00018 GLU01A0043_018 f 0.00  0.000     0  0.00  0  0  -4.343   0.580   3.949   0.065  -2.310   0.000 01T014M000t
00019 GLU01A0043_019 f 0.00  0.000     0  0.00  0  0  -3.417   0.346   3.133   0.087  -2.140   0.000 01T017M000t
00020 GLU01A0043_020 f 0.00  0.000     0  0.00  0  0  -3.834   0.716   3.047   0.272  -2.008   0.000 01T01AM000t
00021 GLU01A0043_021 f 0.00  0.000     0  0.00  0  0  -4.586  -0.002   3.958   0.073  -2.294   0.000 01T01EM000t
00022 GLU01A0043_022 f 0.00  0.000     0  0.00  0  0  -4.894   0.651   6.507   0.087  -2.267   0.000 01T020M000t
00023 GLU01A0043_023 f 0.00  0.000     0  0.00  0  0  -4.016   0.713   0.543   0.019  -1.559   0.000 01T001M000t
00024 GLU01A0043_024 f 0.00  0.000     0  0.00  0  0  -3.931   0.329   3.568   0.026  -1.582   0.000 01T019M000t
00025 GLU01A0043_025 f 0.00  0.000     0  0.00  0  0  -4.612  -0.004   1.240   0.044  -1.595   0.000 01T01EM000t
00026 GLU01A0043_026 f 0.00  0.000     0  0.00  0  0  -4.743   0.661   3.833   0.051  -1.593   0.000 01T020M000t
00027 GLU01A0043_027 f 0.00  0.000     0  0.00  0  0  -2.994   0.328   2.631   0.027  -1.612   0.000 01T006M000t
00028 GLU01A0043_028 f 0.00  0.000     0  0.00  0  0  -4.232   1.488   1.420   0.080  -1.571   0.000 01T010M000t
00029 GLU01A0043_029 f 0.00  0.000     0  0.00  0  0  -3.907   0.030   3.558   0.014  -1.582   0.000 01T012M000t
00030 GLU01A0043_030 f 0.00  0.000     0  0.00  0  0  -3.417   0.346   0.413   0.033  -1.597   0.000 01T017M000t
00031 GLU02A0043_031 f 0.00  0.000     0  0.00  0  0  -4.057   0.239   3.467   0.063  -2.299   0.000 02O000M000t
00032 GLU02A0043_032 f 0.00  0.000     0  0.00  0  0  -3.841   0.460   3.259   0.047  -2.281   0.000 02E005M000t
00033 GLU02A0043_033 f 0.00  0.000     0  0.00  0  0  -3.469   0.326   5.297   0.041  -2.408   0.000 02E006M000t
00034 GLU02A0043_034 f 0.00  0.000     0  0.00  0  0  -3.133   0.368   5.310  -0.016  -2.390   0.000 02E009M000t
00035 GLU02A0043_035 f 0.00  0.000     0  0.00  0  0  -4.373   1.504   4.123   0.173  -2.280   0.000 02E00FM000t
00036 GLU02A0043_036 f 0.00  0.000     0  0.00  0  0  -4.358   1.470   4.126   0.019  -2.253   0.000 02E010M000t
00037 GLU02A0043_037 f 0.00  0.000     0  0.00  0  0  -3.712   0.337   3.113   0.006  -2.332   0.000 02E017M000t
00038 GLU02A0043_038 f 0.00  0.000     0  0.00  0  0  -3.888   0.343   6.276   0.045  -2.414   0.000 02E019M000t
00039 GLU02A0043_039 f 0.00  0.000     0  0.00  0  0  -4.095   0.239   0.747   0.032  -1.545   0.000 02O000M000t
00040 GLU02A0043_040 f 0.00  0.000     0  0.00  0  0  -4.020   0.584   0.532  -0.018  -1.491   0.000 02E001M000t
00041 GLU02A0043_041 f 0.00  0.000     0  0.00  0  0  -3.929   0.548   3.202   0.021  -1.581   0.000 02E003M000t
00042 GLU02A0043_042 f 0.00  0.000     0  0.00  0  0  -4.012   0.328   3.566   0.021  -1.625   0.000 02E015M000t
00043 GLU02A0043_043 f 0.00  0.000     0  0.00  0  0  -4.053   0.561   3.258  -0.035  -2.242   0.000 02T001M000t
00044 GLU02A0043_044 f 0.00  0.000     0  0.00  0  0  -4.083   0.049   6.317   0.198  -2.192   0.000 02T012M000t
00045 GLU02A0043_045 f 0.00  0.000     0  0.00  0  0  -4.629   0.825   6.353   0.049  -2.345   0.000 02T021M000t
00046 GLU02A0043_046 f 0.00  0.000     0  0.00  0  0  -3.924   0.550   5.922   0.024  -2.285   0.000 02T003M000t
00047 GLU02A0043_047 f 0.00  0.000     0  0.00  0  0  -4.182   0.571   3.909   0.033  -2.338   0.000 02T014M000t
00048 GLU02A0043_048 f 0.00  0.000     0  0.00  0  0  -4.045   0.328   6.286   0.024  -2.350   0.000 02T015M000t
00049 GLU02A0043_049 f 0.00  0.000     0  0.00  0  0  -4.407  -0.266   3.678   0.231  -2.209   0.000 02T01BM000t
00050 GLU02A0043_050 f 0.00  0.000     0  0.00  0  0  -4.561  -0.002   3.915   0.081  -2.302   0.000 02T01EM000t
00051 GLU02A0043_051 f 0.00  0.000     0  0.00  0  0  -4.812   0.660   6.454   0.095  -2.274   0.000 02T020M000t
00052 GLU02A0043_052 f 0.00  0.000     0  0.00  0  0  -4.667   0.000   1.259   0.049  -1.581   0.000 02T01EM000t
00053 GLU02A0043_053 f 0.00  0.000     0  0.00  0  0  -4.359   1.261   1.415   0.012  -1.537   0.000 02T010M000t
00054 GLU02A0043_054 f 0.00  0.000     0  0.00  0  0  -3.992   0.040   3.544   0.026  -1.602   0.000 02T012M000t
00055 GLU02A0043_055 f 0.00  0.000     0  0.00  0  0  -4.182   0.571   1.189   0.021  -1.598   0.000 02T014M000t
00056 GLU02A0043_056 f 0.00  0.000     0  0.00  0  0  -4.294   0.396   1.193   0.024  -1.534   0.000 02T018M000t
00057 GLU02A0043_057 f 0.00  0.000     0  0.00  0  0  -3.873   0.345   3.567   0.025  -1.622   0.000 02T019M000t
00058 GLU02A0043_058 f 0.00  0.000     0  0.00  0  0  -3.867   0.821   0.290   0.073  -1.544   0.000 02T01AM000t
00059 GLU02A0043_059 f 0.00  0.000     0  0.00  0  0  -4.851   0.660   3.734   0.046  -1.537   0.000 02T020M000t
00060 GLU02A0043_060 f 0.00  0.000     0  0.00  0  0  -4.653   0.812   3.488   0.023  -1.571   0.000 02T021M000t
00061 GLU-1A0043_061 f 0.00 -1.000     0  4.75  0 -1  -3.988   0.262   0.747  -0.186 -13.099   0.000 -1O000M000t
00062 GLU-1A0043_062 f 0.00 -1.000     0  4.75  0 -1  -3.985   0.657   0.522   0.049 -13.001   0.000 -1E001M000t
00063 GLU-1A0043_063 f 0.00 -1.000     0  4.75  0 -1  -3.765   0.567   3.182  -0.283 -13.094   0.000 -1E003M000t
00064 GLU-1A0043_064 f 0.00 -1.000     0  4.75  0 -1  -3.849   0.448   0.501  -0.063 -13.192   0.000 -1E005M000t
00065 GLU-1A0043_065 f 0.00 -1.000     0  4.75  0 -1  -3.339   0.297   2.474  -0.101 -13.209   0.000 -1E006M000t
00066 GLU-1A0043_066 f 0.00 -1.000     0  4.75  0 -1  -3.045   0.379   2.476  -0.041 -13.193   0.000 -1E009M000t
00067 GLU-1A0043_067 f 0.00 -1.000     0  4.75  0 -1  -4.206   1.549   1.373  -0.558 -13.024   0.000 -1E010M000t
00068 GLU-1A0043_068 f 0.00 -1.000     0  4.75  0 -1  -3.950   0.007   3.474  -0.100 -13.129   0.000 -1E012M000t
00069 GLU-1A0043_069 f 0.00 -1.000     0  4.75  0 -1  -3.719   0.348   0.389  -0.063 -13.184   0.000 -1E017M000t
00070 GLU-1A0043_070 f 0.00 -1.000     0  4.75  0 -1  -3.788   0.700   0.287  -0.300 -13.084   0.000 -1E01AM000t
00071 GLU-1A0043_071 f 0.00 -1.000     0  4.75  0 -1  -4.499   0.009   1.172  -0.091 -13.265   0.000 -1E01EM000t
00072 GLU-1A0043_072 f 0.00 -1.000     0  4.75  0 -1  -4.844   0.639   3.759  -0.216 -13.037   0.000 -1E020M000t
00073 GLU-1A0043_073 f 0.00 -1.000     0  4.75  0 -1  -4.640   0.824   3.486  -0.086 -13.254   0.000 -1E021M000t
