CONFORMER         crg  vdw0  vdw1  tors  epol  self   occ  Hb     history    ASA
GLU01A0043_001  0.000 -3.78  0.25  3.47  0.00 -0.06 0.514  00  01O000M000  1.018
GLU01A0043_002  0.000 -3.02  0.30  5.29  0.00  2.58 0.516  00  01E006M000  1.028
GLU01A0043_003  0.000 -2.67  0.37  5.30  0.00  3.00 0.512  00  01E009M000  1.000
GLU01A0043_004  0.000 -4.05  0.33  6.29  0.00  2.56 0.516  00  01E015M000  1.000
GLU01A0043_005  0.000 -3.94  0.33  6.29  0.00  2.68 0.516  00  01E019M000  1.000
GLU01A0043_006  0.000 -4.49  0.81  6.29  0.00  2.61 0.515  00  01E021M000  1.059
GLU01A0043_007  0.000 -3.83  0.25  0.75  0.00 -2.83 0.514  00  01O000M000  1.028
GLU01A0043_008  0.000 -3.49  0.56  3.20  0.00  0.27 0.516  00  01E003M000  1.000
GLU01A0043_009  0.000 -4.34  0.58  1.23  0.00 -2.53 0.515  00  01E014M000  1.007
GLU01A0043_010  0.000 -4.44 -0.27  1.03  0.00 -3.68 0.514  00  01E01BM000  1.008
GLU01A0043_011  0.000 -4.55  0.81  3.54  0.00 -0.20 0.515  00  01E021M000  1.058
GLU01A0043_012  0.000 -3.60  0.45  3.25  0.00  0.10 0.515  00  01T005M000  1.036
GLU01A0043_013  0.000 -4.33  1.80  4.12  0.00  1.58 0.515  00  01T00FM000  1.008
GLU01A0043_014  0.000 -3.82  0.82  3.25  0.00  0.25 0.515  00  01T001M000  1.034
GLU01A0043_015  0.000 -3.51  0.56  5.91  0.00  2.96 0.516  00  01T003M000  1.000
GLU01A0043_016  0.000 -4.27  1.49  4.14  0.00  1.35 0.515  00  01T010M000  1.011
GLU01A0043_017  0.000 -3.91  0.03  6.28  0.00  2.40 0.516  00  01T012M000  1.000
GLU01A0043_018  0.000 -4.34  0.58  3.95  0.00  0.18 0.515  00  01T014M000  1.007
GLU01A0043_019  0.000 -3.42  0.34  3.13  0.00  0.06 0.515  00  01T017M000  1.041
GLU01A0043_020  0.000 -3.79  0.71  3.05  0.00 -0.03 0.516  00  01T01AM000  1.000
GLU01A0043_021  0.000 -4.58 -0.00  3.96  0.00 -0.63 0.513  00  01T01EM000  1.084
GLU01A0043_022  0.000 -4.90  0.65  6.51  0.00  2.26 0.516  00  01T020M000  1.096
GLU01A0043_023  0.000 -4.02  0.71  0.54  0.00 -2.76 0.515  00  01T001M000  1.033
GLU01A0043_024  0.000 -3.93  0.33  3.57  0.00 -0.03 0.516  00  01T019M000  1.000
GLU01A0043_025  0.000 -4.61 -0.01  1.24  0.00 -3.37 0.513  00  01T01EM000  1.087
GLU01A0043_026  0.000 -4.74  0.66  3.83  0.00 -0.25 0.516  00  01T020M000  1.100
GLU01A0043_027  0.000 -2.99  0.33  2.63  0.00 -0.04 0.516  00  01T006M000  1.031
GLU01A0043_028  0.000 -4.23  1.49  1.42  0.00 -1.33 0.515  00  01T010M000  1.003
GLU01A0043_029  0.000 -3.91  0.03  3.56  0.00 -0.32 0.516  00  01T012M000  1.000
GLU01A0043_030  0.000 -3.42  0.34  0.41  0.00 -2.66 0.515  00  01T017M000  1.041
GLU02A0043_031  0.000 -4.04  0.24  3.47  0.00 -0.34 0.514  00  02O000M000  1.021
GLU02A0043_032  0.000 -3.85  0.46  3.26  0.00 -0.13 0.515  00  02E005M000  1.027
GLU02A0043_033  0.000 -3.47  0.32  5.30  0.00  2.16 0.516  00  02E006M000  1.057
GLU02A0043_034  0.000 -3.13  0.37  5.31  0.00  2.54 0.512  00  02E009M000  1.000
GLU02A0043_035  0.000 -4.37  1.50  4.12  0.00  1.25 0.515  00  02E00FM000  1.015
GLU02A0043_036  0.000 -4.36  1.47  4.13  0.00  1.24 0.515  00  02E010M000  1.003
GLU02A0043_037  0.000 -3.71  0.34  3.11  0.00 -0.26 0.515  00  02E017M000  1.029
GLU02A0043_038  0.000 -3.89  0.34  6.27  0.00  2.73 0.516  00  02E019M000  1.000
GLU02A0043_039  0.000 -4.08  0.24  0.75  0.00 -3.09 0.514  00  02O000M000  1.029
GLU02A0043_040  0.000 -4.02  0.58  0.53  0.00 -2.90 0.515  00  02E001M000  1.034
GLU02A0043_041  0.000 -3.95  0.55  3.20  0.00 -0.20 0.516  00  02E003M000  1.005
GLU02A0043_042  0.000 -4.01  0.33  3.56  0.00 -0.12 0.516  00  02E015M000  1.000
GLU02A0043_043  0.000 -4.05  0.56  3.26  0.00 -0.23 0.515  00  02T001M000  1.041
GLU02A0043_044  0.000 -4.08  0.05  6.32  0.00  2.28 0.516  00  02T012M000  1.000
GLU02A0043_045  0.000 -4.63  0.83  6.35  0.00  2.55 0.515  00  02T021M000  1.079
GLU02A0043_046  0.000 -3.93  0.55  5.92  0.00  2.55 0.516  00  02T003M000  1.000
GLU02A0043_047  0.000 -4.18  0.57  3.91  0.00  0.30 0.515  00  02T014M000  1.000
GLU02A0043_048  0.000 -4.05  0.33  6.28  0.00  2.57 0.516  00  02T015M000  1.007
GLU02A0043_049  0.000 -4.41 -0.27  3.68  0.00 -1.00 0.514  00  02T01BM000  1.003
GLU02A0043_050  0.000 -4.56 -0.00  3.91  0.00 -0.65 0.513  00  02T01EM000  1.072
GLU02A0043_051  0.000 -4.81  0.65  6.46  0.00  2.30 0.516  00  02T020M000  1.086
GLU02A0043_052  0.000 -4.67 -0.00  1.26  0.00 -3.41 0.513  00  02T01EM000  1.112
GLU02A0043_053  0.000 -4.36  1.26  1.41  0.00 -1.68 0.515  00  02T010M000  1.000
GLU02A0043_054  0.000 -3.99  0.04  3.54  0.00 -0.40 0.516  00  02T012M000  1.000
GLU02A0043_055  0.000 -4.18  0.57  1.19  0.00 -2.42 0.515  00  02T014M000  1.000
GLU02A0043_056  0.000 -4.29  0.39  1.19  0.00 -2.71 0.515  00  02T018M000  1.016
GLU02A0043_057  0.000 -3.87  0.34  3.57  0.00  0.04 0.516  00  02T019M000  1.000
GLU02A0043_058  0.000 -3.86  0.82  0.29  0.00 -2.75 0.516  00  02T01AM000  1.008
GLU02A0043_059  0.000 -4.85  0.65  3.74  0.00 -0.46 0.516  00  02T020M000  1.094
GLU02A0043_060  0.000 -4.65  0.81  3.49  0.00 -0.35 0.515  00  02T021M000  1.081
GLU-1A0043_061 -1.000 -3.97  0.26  0.75  0.00 -2.96 0.514  00  -1O000M000  1.014
GLU-1A0043_062 -1.000 -3.98  0.66  0.52  0.00 -2.81 0.515  00  -1E001M000  1.027
GLU-1A0043_063 -1.000 -3.77  0.57  3.18  0.00 -0.02 0.516  00  -1E003M000  1.000
GLU-1A0043_064 -1.000 -3.85  0.45  0.50  0.00 -2.90 0.515  00  -1E005M000  1.042
GLU-1A0043_065 -1.000 -3.34  0.30  2.47  0.00 -0.57 0.516  00  -1E006M000  1.026
GLU-1A0043_066 -1.000 -3.04  0.38  2.48  0.00 -0.19 0.512  00  -1E009M000  1.000
GLU-1A0043_067 -1.000 -4.21  1.55  1.37  0.00 -1.28 0.515  00  -1E010M000  1.003
GLU-1A0043_068 -1.000 -3.95  0.01  3.47  0.00 -0.47 0.516  00  -1E012M000  1.000
GLU-1A0043_069 -1.000 -3.72  0.35  0.39  0.00 -2.98 0.515  00  -1E017M000  1.029
GLU-1A0043_070 -1.000 -3.79  0.70  0.29  0.00 -2.80 0.516  00  -1E01AM000  1.000
GLU-1A0043_071 -1.000 -4.50  0.01  1.17  0.00 -3.32 0.513  00  -1E01EM000  1.077
GLU-1A0043_072 -1.000 -4.84  0.64  3.76  0.00 -0.45 0.516  00  -1E020M000  1.082
GLU-1A0043_073 -1.000 -4.64  0.82  3.49  0.00 -0.33 0.515  00  -1E021M000  1.073
