   confID        vdw0    sas     sum
GLU01A0043_001   1.159  -4.951  -3.792
GLU01A0043_002   1.804  -4.828  -3.024
GLU01A0043_003   1.806  -4.469  -2.663
GLU01A0043_004   0.692  -4.745  -4.053
GLU01A0043_005   0.694  -4.641  -3.947
GLU01A0043_006   0.448  -4.935  -4.487
GLU01A0043_007   1.159  -5.002  -3.844
GLU01A0043_008   1.195  -4.690  -3.495
GLU01A0043_009   0.410  -4.753  -4.343
GLU01A0043_010   0.441  -4.877  -4.437
GLU01A0043_011   0.457  -5.004  -4.547
GLU01A0043_012   1.169  -4.761  -3.592
GLU01A0043_013   0.404  -4.737  -4.333
GLU01A0043_014   1.117  -4.935  -3.818
GLU01A0043_015   1.195  -4.690  -3.495
GLU01A0043_016   0.409  -4.679  -4.270
GLU01A0043_017   0.755  -4.662  -3.907
GLU01A0043_018   0.410  -4.753  -4.343
GLU01A0043_019   1.256  -4.673  -3.417
GLU01A0043_020   1.052  -4.886  -3.834
GLU01A0043_021   0.410  -4.996  -4.586
GLU01A0043_022   0.443  -5.337  -4.894
GLU01A0043_023   1.026  -5.042  -4.016
GLU01A0043_024   0.697  -4.628  -3.931
GLU01A0043_025   0.396  -5.008  -4.612
GLU01A0043_026   0.420  -5.163  -4.743
GLU01A0043_027   1.812  -4.806  -2.994
GLU01A0043_028   0.409  -4.640  -4.232
GLU01A0043_029   0.755  -4.662  -3.907
GLU01A0043_030   1.256  -4.673  -3.417
GLU02A0043_031   0.970  -5.027  -4.057
GLU02A0043_032   0.992  -4.832  -3.841
GLU02A0043_033   1.506  -4.975  -3.469
GLU02A0043_034   1.503  -4.636  -3.133
GLU02A0043_035   0.399  -4.772  -4.373
GLU02A0043_036   0.400  -4.757  -4.358
GLU02A0043_037   1.015  -4.728  -3.712
GLU02A0043_038   0.671  -4.558  -3.888
GLU02A0043_039   0.970  -5.065  -4.095
GLU02A0043_040   0.883  -4.902  -4.020
GLU02A0043_041   0.935  -4.864  -3.929
GLU02A0043_042   0.681  -4.694  -4.012
GLU02A0043_043   0.884  -4.937  -4.053
GLU02A0043_044   0.703  -4.786  -4.083
GLU02A0043_045   0.418  -5.047  -4.629
GLU02A0043_046   0.937  -4.862  -3.924
GLU02A0043_047   0.411  -4.593  -4.182
GLU02A0043_048   0.684  -4.728  -4.045
GLU02A0043_049   0.457  -4.865  -4.407
GLU02A0043_050   0.410  -4.972  -4.561
GLU02A0043_051   0.449  -5.261  -4.812
GLU02A0043_052   0.386  -5.053  -4.667
GLU02A0043_053   0.398  -4.757  -4.359
GLU02A0043_054   0.732  -4.724  -3.992
GLU02A0043_055   0.411  -4.593  -4.182
GLU02A0043_056   0.409  -4.703  -4.294
GLU02A0043_057   0.686  -4.558  -3.873
GLU02A0043_058   0.914  -4.780  -3.867
GLU02A0043_059   0.449  -5.300  -4.851
GLU02A0043_060   0.450  -5.103  -4.653
GLU-1A0043_061   0.881  -4.869  -3.988
GLU-1A0043_062   0.806  -4.791  -3.985
GLU-1A0043_063   0.850  -4.615  -3.765
GLU-1A0043_064   0.904  -4.753  -3.849
GLU-1A0043_065   1.467  -4.805  -3.339
GLU-1A0043_066   1.463  -4.508  -3.045
GLU-1A0043_067   0.301  -4.507  -4.206
GLU-1A0043_068   0.605  -4.555  -3.950
GLU-1A0043_069   0.958  -4.676  -3.719
GLU-1A0043_070   0.840  -4.628  -3.788
GLU-1A0043_071   0.302  -4.801  -4.499
GLU-1A0043_072   0.330  -5.174  -4.844
GLU-1A0043_073   0.342  -4.982  -4.640
