iConf CONFORMER     FL  occ    crg   Em0  pKa0 ne nH    vdw0    vdw1    tors    epol   dsolv   extra    history
00001 GLU01A0129_001 f 0.00  0.000     0  0.00  0  0  -4.018   0.607   4.103   0.084  -2.302   0.000 01O000M000t
00002 GLU01A0129_002 f 0.00  0.000     0  0.00  0  0  -2.964   1.411   3.184   0.020  -2.337   0.000 01E00CM000t
00003 GLU01A0129_003 f 0.00  0.000     0  0.00  0  0  -4.018   0.607   1.383   0.043  -1.580   0.000 01O000M000t
00004 GLU01A0129_004 f 0.00  0.000     0  0.00  0  0  -2.988   1.342   0.467   0.041  -1.517   0.000 01E00CM000t
00005 GLU01A0129_005 f 0.00  0.000     0  0.00  0  0  -4.204   1.226   3.942   0.049  -2.251   0.000 01T001M000t
00006 GLU01A0129_006 f 0.00  0.000     0  0.00  0  0  -2.459   0.663   3.112   0.026  -2.374   0.000 01T007M000t
00007 GLU01A0129_007 f 0.00  0.000     0  0.00  0  0  -2.578   1.302   3.097   0.067  -2.361   0.000 01T00BM000t
00008 GLU01A0129_008 f 0.00  0.000     0  0.00  0  0  -3.555   1.451   3.327   0.134  -2.295   0.000 01T00DM000t
00009 GLU01A0129_009 f 0.00  0.000     0  0.00  0  0  -4.188   1.330   3.931   0.102  -2.270   0.000 01T002M000t
00010 GLU01A0129_010 f 0.00  0.000     0  0.00  0  0  -4.062   0.534   3.828   0.180  -2.231   0.000 01T003M000t
00011 GLU01A0129_011 f 0.00  0.000     0  0.00  0  0  -3.968   1.011   6.172   0.112  -2.143   0.000 01T004M000t
00012 GLU01A0129_012 f 0.00  0.000     0  0.00  0  0  -2.482   1.160   3.089   0.049  -2.367   0.000 01T009M000t
00013 GLU01A0129_013 f 0.00  0.000     0  0.00  0  0  -4.204   1.226   1.222   0.028  -1.576   0.000 01T001M000t
00014 GLU01A0129_014 f 0.00  0.000     0  0.00  0  0  -4.168   0.542   1.168   0.132  -1.573   0.000 01T003M000t
00015 GLU01A0129_015 f 0.00  0.000     0  0.00  0  0  -4.188   1.330   1.211   0.058  -1.587   0.000 01T002M000t
00016 GLU01A0129_016 f 0.00  0.000     0  0.00  0  0  -3.968   1.011   3.452   0.081  -1.512   0.000 01T004M000t
00017 GLU01A0129_017 f 0.00  0.000     0  0.00  0  0  -3.481   1.513   0.584   0.057  -1.558   0.000 01T00DM000t
00018 GLU02A0129_018 f 0.00  0.000     0  0.00  0  0  -4.020   0.612   4.103   0.058  -2.333   0.000 02O000M000t
00019 GLU02A0129_019 f 0.00  0.000     0  0.00  0  0  -1.915   0.656   3.109   0.125  -2.104   0.000 02E007M000t
00020 GLU02A0129_020 f 0.00  0.000     0  0.00  0  0  -2.048   1.158   3.088   0.080  -2.089   0.000 02E009M000t
00021 GLU02A0129_021 f 0.00  0.000     0  0.00  0  0  -2.030   1.292   3.093   0.119  -2.110   0.000 02E00BM000t
00022 GLU02A0129_022 f 0.00  0.000     0  0.00  0  0  -2.309   1.593   3.184   0.278  -1.989   0.000 02E00CM000t
00023 GLU02A0129_023 f 0.00  0.000     0  0.00  0  0  -4.020   0.612   1.383   0.038  -1.601   0.000 02O000M000t
00024 GLU02A0129_024 f 0.00  0.000     0  0.00  0  0  -4.126   1.226   1.167   0.036  -1.609   0.000 02E001M000t
00025 GLU02A0129_025 f 0.00  0.000     0  0.00  0  0  -4.571   2.439   1.316  -0.009  -1.486   0.000 02E005M000t
00026 GLU02A0129_026 f 0.00  0.000     0  0.00  0  0  -3.417   1.554   3.316   0.144  -2.108   0.000 02T00DM000t
00027 GLU02A0129_027 f 0.00  0.000     0  0.00  0  0  -4.048   1.227   3.878   0.060  -2.366   0.000 02T001M000t
00028 GLU02A0129_028 f 0.00  0.000     0  0.00  0  0  -4.038   1.326   3.880   0.073  -2.367   0.000 02T002M000t
00029 GLU02A0129_029 f 0.00  0.000     0  0.00  0  0  -4.057   0.527   3.795   0.008  -2.115   0.000 02T003M000t
00030 GLU02A0129_030 f 0.00  0.000     0  0.00  0  0  -4.153   1.055   6.173   0.065  -2.345   0.000 02T004M000t
00031 GLU02A0129_031 f 0.00  0.000     0  0.00  0  0  -4.038   1.326   1.160   0.051  -1.574   0.000 02T002M000t
00032 GLU02A0129_032 f 0.00  0.000     0  0.00  0  0  -4.057   0.527   1.075   0.098  -1.558   0.000 02T003M000t
00033 GLU02A0129_033 f 0.00  0.000     0  0.00  0  0  -4.153   1.055   3.453   0.063  -1.623   0.000 02T004M000t
00034 GLU02A0129_034 f 0.00  0.000     0  0.00  0  0  -2.451   1.475   0.473   0.073  -1.539   0.000 02T00CM000t
00035 GLU-1A0129_035 f 0.00 -1.000     0  4.75  0 -1  -3.917   0.624   1.383  -0.075 -13.225   0.000 -1O000M000t
00036 GLU-1A0129_036 f 0.00 -1.000     0  4.75  0 -1  -4.048   1.034   3.463  -0.222 -13.021   0.000 -1E004M000t
00037 GLU-1A0129_037 f 0.00 -1.000     0  4.75  0 -1  -2.629   1.179   0.369  -0.083 -13.161   0.000 -1E009M000t
00038 GLU-1A0129_038 f 0.00 -1.000     0  4.75  0 -1  -2.483   1.313   0.373  -0.098 -13.183   0.000 -1E00BM000t
00039 GLU-1A0129_039 f 0.00 -1.000     0  4.75  0 -1  -2.906   1.404   0.452  -0.109 -13.020   0.000 -1E00CM000t
00040 GLU-1A0129_040 f 0.00 -1.000     0  4.75  0 -1  -3.521   1.480   0.580  -0.193 -13.047   0.000 -1E00DM000t
