   confID        vdw0    sas     sum
GLU01A0129_001   0.576  -4.594  -4.018
GLU01A0129_002   1.976  -4.940  -2.964
GLU01A0129_003   0.576  -4.594  -4.018
GLU01A0129_004   1.986  -4.975  -2.988
GLU01A0129_005   0.630  -4.834  -4.204
GLU01A0129_006   2.037  -4.495  -2.459
GLU01A0129_007   2.042  -4.620  -2.578
GLU01A0129_008   1.248  -4.803  -3.555
GLU01A0129_009   0.650  -4.838  -4.188
GLU01A0129_010   0.765  -4.828  -4.062
GLU01A0129_011   0.627  -4.595  -3.968
GLU01A0129_012   2.062  -4.545  -2.482
GLU01A0129_013   0.630  -4.834  -4.204
GLU01A0129_014   0.694  -4.862  -4.168
GLU01A0129_015   0.650  -4.838  -4.188
GLU01A0129_016   0.627  -4.595  -3.968
GLU01A0129_017   1.286  -4.767  -3.481
GLU02A0129_018   0.578  -4.598  -4.020
GLU02A0129_019   2.565  -4.480  -1.915
GLU02A0129_020   2.571  -4.619  -2.048
GLU02A0129_021   2.566  -4.595  -2.030
GLU02A0129_022   2.520  -4.828  -2.309
GLU02A0129_023   0.578  -4.598  -4.020
GLU02A0129_024   0.669  -4.795  -4.126
GLU02A0129_025   0.504  -5.074  -4.571
GLU02A0129_026   1.513  -4.931  -3.417
GLU02A0129_027   0.670  -4.718  -4.048
GLU02A0129_028   0.672  -4.710  -4.038
GLU02A0129_029   0.765  -4.822  -4.057
GLU02A0129_030   0.606  -4.759  -4.153
GLU02A0129_031   0.672  -4.710  -4.038
GLU02A0129_032   0.765  -4.822  -4.057
GLU02A0129_033   0.606  -4.759  -4.153
GLU02A0129_034   2.390  -4.841  -2.451
GLU-1A0129_035   0.454  -4.371  -3.917
GLU-1A0129_036   0.467  -4.515  -4.048
GLU-1A0129_037   1.992  -4.621  -2.629
GLU-1A0129_038   1.983  -4.466  -2.483
GLU-1A0129_039   1.920  -4.825  -2.906
GLU-1A0129_040   1.183  -4.705  -3.521
