iConf CONFORMER     FL  occ    crg   Em0  pKa0 ne nH    vdw0    vdw1    tors    epol   dsolv   extra    history
00001 LYS01A0078_001 f 0.00  0.000     0  0.00  0  0 -11.937   1.537   2.460  -0.009  -0.988   0.000 01O000M000t
00002 LYS01A0078_002 f 0.00  0.000     0  0.00  0  0  -9.847   5.351   2.790  -0.008  -0.928   0.000 01E013M000t
00003 LYS01A0078_003 f 0.00  0.000     0  0.00  0  0 -10.853   3.158   2.851  -0.013  -0.967   0.000 01E02CM000t
00004 LYS01A0078_004 f 0.00  0.000     0  0.00  0  0 -10.660   1.400   2.519  -0.009  -1.025   0.000 01E02FM000t
00005 LYS01A0078_005 f 0.00  0.000     0  0.00  0  0 -10.703   1.495   2.114  -0.013  -0.941   0.000 01E039M000t
00006 LYS01A0078_006 f 0.00  0.000     0  0.00  0  0  -9.109   2.098   5.717  -0.002  -0.937   0.000 01E07BM000t
00007 LYS01A0078_007 f 0.00  0.000     0  0.00  0  0  -9.187   1.285   4.202  -0.013  -0.929   0.000 01E08FM000t
00008 LYS01A0078_008 f 0.00  0.000     0  0.00  0  0 -10.291   1.340   5.271  -0.049  -0.844   0.000 01E0CAM000t
00009 LYS01A0078_009 f 0.00  0.000     0  0.00  0  0 -10.672   5.364   2.137  -0.009  -0.984   0.000 01T012M000t
00010 LYS01A0078_010 f 0.00  0.000     0  0.00  0  0  -9.761   1.264   2.494  -0.009  -0.942   0.000 01T01DM000t
00011 LYS01A0078_011 f 0.00  0.000     0  0.00  0  0 -11.139   5.500   2.953  -0.008  -0.948   0.000 01T023M000t
00012 LYS01A0078_012 f 0.00  0.000     0  0.00  0  0 -10.949   1.093   2.892  -0.004  -0.952   0.000 01T030M000t
00013 LYS01A0078_013 f 0.00  0.000     0  0.00  0  0 -11.175   6.649   3.705  -0.010  -0.923   0.000 01T051M000t
00014 LYS01A0078_014 f 0.00  0.000     0  0.00  0  0 -11.699   1.379   4.317  -0.000  -0.904   0.000 01T059M000t
00015 LYS01A0078_015 f 0.00  0.000     0  0.00  0  0  -9.929   2.018   5.383  -0.005  -0.933   0.000 01T078M000t
00016 LYS01A0078_016 f 0.00  0.000     0  0.00  0  0 -11.154   0.997   3.449  -0.009  -0.960   0.000 01T082M000t
00017 LYS01A0078_017 f 0.00  0.000     0  0.00  0  0  -7.822   1.112   2.754  -0.011  -0.861   0.000 01T097M000t
00018 LYS01A0078_018 f 0.00  0.000     0  0.00  0  0 -10.610   2.928   3.965  -0.015  -0.888   0.000 01T0AEM000t
00019 LYS01A0078_019 f 0.00  0.000     0  0.00  0  0  -9.940   0.961   3.175  -0.045  -0.831   0.000 01T0BDM000t
00020 LYS01A0078_020 f 0.00  0.000     0  0.00  0  0 -10.154   0.990   3.780  -0.016  -0.966   0.000 01T0C9M000t
00021 LYS+1A0078_021 f 0.00  1.000     0 10.40  0  1 -11.982   1.536   2.460   0.055 -12.950   0.000 +1O000M000t
00022 LYS+1A0078_022 f 0.00  1.000     0 10.40  0  1 -10.788   5.533   2.192   0.033 -12.902   0.000 +1E012M000t
00023 LYS+1A0078_023 f 0.00  1.000     0 10.40  0  1  -9.943   5.419   2.817   0.035 -12.967   0.000 +1E013M000t
00024 LYS+1A0078_024 f 0.00  1.000     0 10.40  0  1  -9.762   1.255   2.509  -0.010 -12.921   0.000 +1E01DM000t
00025 LYS+1A0078_025 f 0.00  1.000     0 10.40  0  1 -11.180   5.477   2.964   0.042 -12.934   0.000 +1E023M000t
00026 LYS+1A0078_026 f 0.00  1.000     0 10.40  0  1 -10.766   1.398   2.537   0.040 -12.920   0.000 +1E02FM000t
00027 LYS+1A0078_027 f 0.00  1.000     0 10.40  0  1 -10.849   1.496   2.125   0.035 -12.864   0.000 +1E039M000t
00028 LYS+1A0078_028 f 0.00  1.000     0 10.40  0  1 -11.283   6.614   3.864   0.052 -12.862   0.000 +1E051M000t
00029 LYS+1A0078_029 f 0.00  1.000     0 10.40  0  1 -11.773   1.376   4.452   0.006 -12.876   0.000 +1E059M000t
00030 LYS+1A0078_030 f 0.00  1.000     0 10.40  0  1  -9.179   1.285   4.383   0.014 -12.949   0.000 +1E08FM000t
00031 LYS+1A0078_031 f 0.00  1.000     0 10.40  0  1  -7.693   1.091   2.764   0.080 -12.725   0.000 +1E097M000t
00032 LYS+1A0078_032 f 0.00  1.000     0 10.40  0  1 -10.925   3.199   2.881   0.068 -12.909   0.000 +1T02CM000t
00033 LYS+1A0078_033 f 0.00  1.000     0 10.40  0  1 -11.082   1.084   2.924   0.005 -12.888   0.000 +1T030M000t
00034 LYS+1A0078_034 f 0.00  1.000     0 10.40  0  1 -10.128   2.009   5.451   0.068 -12.845   0.000 +1T078M000t
00035 LYS+1A0078_035 f 0.00  1.000     0 10.40  0  1  -9.145   2.092   5.763   0.024 -12.935   0.000 +1T07BM000t
00036 LYS+1A0078_036 f 0.00  1.000     0 10.40  0  1 -11.188   0.996   3.505   0.050 -12.922   0.000 +1T082M000t
00037 LYS+1A0078_037 f 0.00  1.000     0 10.40  0  1 -10.611   2.926   4.027   0.079 -12.827   0.000 +1T0AEM000t
00038 LYS+1A0078_038 f 0.00  1.000     0 10.40  0  1 -10.098   0.934   3.192  -0.109 -12.531   0.000 +1T0BDM000t
00039 LYS+1A0078_039 f 0.00  1.000     0 10.40  0  1 -10.231   0.992   3.791  -0.018 -12.928   0.000 +1T0C9M000t
00040 LYS+1A0078_040 f 0.00  1.000     0 10.40  0  1 -10.209   1.195   5.415   0.109 -12.522   0.000 +1T0CAM000t
