CONFORMER         crg  vdw0  vdw1  tors  epol  self   occ  Hb     history    ASA
LYS01A0078_001  0.000-11.94  1.54  2.46  0.00 -7.94 0.502  00  01O000M000  1.000
LYS01A0078_002  0.000 -9.84  5.35  2.79  0.00 -1.70 0.502  00  01E013M000  1.000
LYS01A0078_003  0.000-10.85  3.11  2.85  0.00 -4.89 0.502  00  01E02CM000  1.000
LYS01A0078_004  0.000-10.66  1.35  2.52  0.00 -6.80 0.502  00  01E02FM000  1.000
LYS01A0078_005  0.000-10.70  1.50  2.11  0.00 -7.10 0.502  00  01E039M000  1.000
LYS01A0078_006  0.000 -9.11  2.09  5.72  0.00 -1.30 0.502  00  01E07BM000  1.000
LYS01A0078_007  0.000 -9.13  1.28  4.20  0.00 -3.64 0.502  00  01E08FM000  1.000
LYS01A0078_008  0.000-10.29  1.33  5.27  0.00 -3.68 0.503  00  01E0CAM000  1.000
LYS01A0078_009  0.000-10.67  5.37  2.14  0.00 -3.16 0.501  00  01T012M000  1.000
LYS01A0078_010  0.000 -9.77  1.26  2.50  0.00 -6.00 0.502  00  01T01DM000  1.000
LYS01A0078_011  0.000-11.14  5.40  2.95  0.00 -2.79 0.502  00  01T023M000  1.000
LYS01A0078_012  0.000-10.95  1.04  2.89  0.00 -7.02 0.502  00  01T030M000  1.000
LYS01A0078_013  0.000-11.14  6.65  3.70  0.00 -0.79 0.503  00  01T051M000  1.000
LYS01A0078_014  0.000-11.70  1.33  4.31  0.00 -6.06 0.502  00  01T059M000  1.000
LYS01A0078_015  0.000 -9.93  2.02  5.38  0.00 -2.54 0.502  00  01T078M000  1.000
LYS01A0078_016  0.000-11.15  0.94  3.45  0.00 -6.76 0.502  00  01T082M000  1.000
LYS01A0078_017  0.000 -7.82  1.11  2.75  0.00 -3.96 0.503  00  01T097M000  1.000
LYS01A0078_018  0.000-10.61  2.87  3.96  0.00 -3.78 0.503  00  01T0AEM000  1.000
LYS01A0078_019  0.000 -9.94  0.90  3.17  0.00 -5.86 0.503  00  01T0BDM000  1.000
LYS01A0078_020  0.000-10.15  0.99  3.78  0.00 -5.38 0.502  00  01T0C9M000  1.000
LYS+1A0078_021  1.000-11.98  1.54  2.46  0.00 -7.99 0.502  00  +1O000M000  1.000
LYS+1A0078_022  1.000-10.78  5.52  2.19  0.00 -3.07 0.501  00  +1E012M000  1.000
LYS+1A0078_023  1.000 -9.94  5.42  2.82  0.00 -1.70 0.502  00  +1E013M000  1.000
LYS+1A0078_024  1.000 -9.76  1.26  2.51  0.00 -6.00 0.502  00  +1E01DM000  1.000
LYS+1A0078_025  1.000-11.18  5.38  2.97  0.00 -2.84 0.502  00  +1E023M000  1.000
LYS+1A0078_026  1.000-10.77  1.34  2.54  0.00 -6.89 0.502  00  +1E02FM000  1.000
LYS+1A0078_027  1.000-10.78  1.49  2.12  0.00 -7.16 0.502  00  +1E039M000  1.000
LYS+1A0078_028  1.000-11.28  6.62  3.87  0.00 -0.79 0.503  00  +1E051M000  1.000
LYS+1A0078_029  1.000-11.77  1.32  4.46  0.00 -6.00 0.502  00  +1E059M000  1.000
LYS+1A0078_030  1.000 -9.18  1.29  4.38  0.00 -3.51 0.502  00  +1E08FM000  1.000
LYS+1A0078_031  1.000 -7.70  1.09  2.76  0.00 -3.85 0.503  00  +1E097M000  1.000
LYS+1A0078_032  1.000-10.93  3.14  2.88  0.00 -4.90 0.502  00  +1T02CM000  1.000
LYS+1A0078_033  1.000-11.08  1.03  2.92  0.00 -7.13 0.502  00  +1T030M000  1.000
LYS+1A0078_034  1.000-10.13  2.01  5.45  0.00 -2.67 0.502  00  +1T078M000  1.000
LYS+1A0078_035  1.000 -9.14  2.09  5.76  0.00 -1.29 0.502  00  +1T07BM000  1.000
LYS+1A0078_036  1.000-11.19  0.94  3.51  0.00 -6.74 0.502  00  +1T082M000  1.000
LYS+1A0078_037  1.000-10.61  2.87  4.03  0.00 -3.72 0.503  00  +1T0AEM000  1.000
LYS+1A0078_038  1.000-10.09  0.88  3.19  0.00 -6.02 0.503  00  +1T0BDM000  1.000
LYS+1A0078_039  1.000-10.23  0.99  3.79  0.00 -5.45 0.502  00  +1T0C9M000  1.000
LYS+1A0078_040  1.000-10.21  1.19  5.41  0.00 -3.60 0.503  00  +1T0CAM000  1.000
