   confID        vdw0    sas     sum
LYS01A0078_001   0.896 -12.833 -11.937
LYS01A0078_002   2.660 -12.507  -9.847
LYS01A0078_003   1.494 -12.347 -10.853
LYS01A0078_004   1.427 -12.086 -10.660
LYS01A0078_005   1.625 -12.329 -10.703
LYS01A0078_006   3.190 -12.298  -9.109
LYS01A0078_007   2.897 -12.084  -9.187
LYS01A0078_008   2.329 -12.619 -10.291
LYS01A0078_009   1.366 -12.038 -10.672
LYS01A0078_010   2.679 -12.440  -9.761
LYS01A0078_011   1.575 -12.714 -11.139
LYS01A0078_012   1.607 -12.556 -10.949
LYS01A0078_013   1.128 -12.303 -11.175
LYS01A0078_014   0.890 -12.589 -11.699
LYS01A0078_015   1.984 -11.913  -9.929
LYS01A0078_016   1.238 -12.392 -11.154
LYS01A0078_017   4.520 -12.342  -7.822
LYS01A0078_018   1.496 -12.106 -10.610
LYS01A0078_019   2.377 -12.317  -9.940
LYS01A0078_020   2.271 -12.425 -10.154
LYS+1A0078_021   0.851 -12.833 -11.982
LYS+1A0078_022   1.288 -12.077 -10.788
LYS+1A0078_023   2.629 -12.572  -9.943
LYS+1A0078_024   2.716 -12.479  -9.762
LYS+1A0078_025   1.534 -12.714 -11.180
LYS+1A0078_026   1.388 -12.154 -10.766
LYS+1A0078_027   1.547 -12.396 -10.849
LYS+1A0078_028   1.074 -12.357 -11.283
LYS+1A0078_029   0.829 -12.602 -11.773
LYS+1A0078_030   2.896 -12.074  -9.179
LYS+1A0078_031   4.529 -12.223  -7.693
LYS+1A0078_032   1.422 -12.347 -10.925
LYS+1A0078_033   1.526 -12.607 -11.082
LYS+1A0078_034   1.943 -12.071 -10.128
LYS+1A0078_035   3.153 -12.298  -9.145
LYS+1A0078_036   1.204 -12.392 -11.188
LYS+1A0078_037   1.453 -12.064 -10.611
LYS+1A0078_038   2.287 -12.385 -10.098
LYS+1A0078_039   2.194 -12.425 -10.231
LYS+1A0078_040   2.291 -12.500 -10.209
