iConf CONFORMER     FL  occ    crg   Em0  pKa0 ne nH    vdw0    vdw1    tors    epol   dsolv   extra    history
00001 MET01A0065_001 f 0.00  0.000     0  0.00  0  0 -11.371   0.558   2.464   0.031  -0.038   0.000 01O000M000t
00002 MET01A0065_002 f 0.00  0.000     0  0.00  0  0 -11.896   4.385   1.187   0.028  -0.038   0.000 01R002M000t
00003 MET01A0065_003 f 0.00  0.000     0  0.00  0  0 -12.123   0.594   1.776   0.017  -0.038   0.000 01R00BM000t
00004 MET01A0065_004 f 0.00  0.000     0  0.00  0  0 -11.167   0.860   4.317   0.016  -0.038   0.000 01R00DM000t
00005 MET01A0065_005 f 0.00  0.000     0  0.00  0  0 -10.868   0.467   2.463   0.035  -0.038   0.000 01R016M000t
00006 MET01A0065_006 f 0.00  0.000     0  0.00  0  0  -6.882   0.368   1.776   0.028  -0.038   0.000 01R01BM000t
00007 MET01A0065_007 f 0.00  0.000     0  0.00  0  0 -11.026   5.644   2.981   0.029  -0.038   0.000 01R01FM000t
00008 MET01A0065_008 f 0.00  0.000     0  0.00  0  0 -11.108   2.641   1.564   0.030  -0.038   0.000 01R021M000t
00009 MET01A0065_009 f 0.00  0.000     0  0.00  0  0 -11.290   1.905   2.593   0.054  -0.038   0.000 01R028M000t
00010 MET01A0065_010 f 0.00  0.000     0  0.00  0  0  -6.289   1.788   1.777   0.064  -0.038   0.000 01R02AM000t
00011 MET01A0065_011 f 0.00  0.000     0  0.00  0  0 -11.595   1.679   3.282   0.014  -0.037   0.000 01R031M000t
00012 MET01A0065_012 f 0.00  0.000     0  0.00  0  0 -11.224   0.789   5.822   0.028  -0.038   0.000 01R034M000t
00013 MET01A0065_013 f 0.00  0.000     0  0.00  0  0 -10.986   0.887   5.824   0.031  -0.038   0.000 01R036M000t
00014 MET01A0065_014 f 0.00  0.000     0  0.00  0  0 -11.191   0.948   5.137   0.026  -0.038   0.000 01R037M000t
00015 MET01A0065_015 f 0.00  0.000     0  0.00  0  0 -11.469   0.709   5.135   0.019  -0.038   0.000 01R03FM000t
00016 MET01A0065_016 f 0.00  0.000     0  0.00  0  0 -10.710   2.517   5.171   0.045  -0.037   0.000 01R04BM000t
00017 MET01A0065_017 f 0.00  0.000     0  0.00  0  0 -11.479   3.511   2.461   0.042  -0.036   0.000 01R04EM000t
00018 MET01A0065_018 f 0.00  0.000     0  0.00  0  0 -11.490   4.017   2.317   0.050  -0.036   0.000 01R04FM000t
00019 MET01A0065_019 f 0.00  0.000     0  0.00  0  0 -11.755   2.801   1.219  -0.029  -0.038   0.000 01T00CM000t
