CONFORMER         crg  vdw0  vdw1  tors  epol  self   occ  Hb     history    ASA
MET01A0065_001  0.000-11.37  0.56  2.46  0.00 -8.35 0.507  00  01O000M000  1.000
MET01A0065_002  0.000-11.90  4.37  1.19  0.00 -6.34 0.507  00  01R002M000  1.000
MET01A0065_003  0.000-12.12  0.60  1.78  0.00 -9.75 0.506  00  01R00BM000  1.000
MET01A0065_004  0.000-11.17  0.86  4.32  0.00 -5.98 0.507  00  01R00DM000  1.000
MET01A0065_005  0.000-10.87  0.47  2.46  0.00 -7.94 0.506  00  01R016M000  1.000
MET01A0065_006  0.000 -6.88  0.37  1.78  0.00 -4.74 0.506  00  01R01BM000  1.000
MET01A0065_007  0.000-11.03  5.66  2.98  0.00 -2.39 0.507  00  01R01FM000  1.000
MET01A0065_008  0.000-11.04  2.64  1.56  0.00 -6.84 0.506  00  01R021M000  1.000
MET01A0065_009  0.000-11.29  1.90  2.59  0.00 -6.79 0.505  00  01R028M000  1.000
MET01A0065_010  0.000 -6.30  1.79  1.78  0.00 -2.73 0.505  00  01R02AM000  1.000
MET01A0065_011  0.000-11.60  1.68  3.28  0.00 -6.64 0.507  00  01R031M000  1.000
MET01A0065_012  0.000-11.22  0.78  5.82  0.00 -4.62 0.506  00  01R034M000  1.000
MET01A0065_013  0.000-10.99  0.88  5.82  0.00 -4.28 0.506  00  01R036M000  1.000
MET01A0065_014  0.000-11.19  0.95  5.14  0.00 -5.11 0.505  00  01R037M000  1.000
MET01A0065_015  0.000-11.42  0.71  5.14  0.00 -5.57 0.507  00  01R03FM000  1.000
MET01A0065_016  0.000-10.71  2.52  5.17  0.00 -3.02 0.506  00  01R04BM000  1.000
MET01A0065_017  0.000-11.48  3.51  2.46  0.00 -5.51 0.506  00  01R04EM000  1.000
MET01A0065_018  0.000-11.49  4.02  2.32  0.00 -5.15 0.505  00  01R04FM000  1.000
MET01A0065_019  0.000-11.75  2.80  1.22  0.00 -7.73 0.507  00  01T00CM000  1.000
