   confID        vdw0    sas     sum
MET01A0065_001   0.211 -11.582 -11.371
MET01A0065_002   0.107 -12.003 -11.896
MET01A0065_003   0.181 -12.304 -12.123
MET01A0065_004   0.620 -11.788 -11.167
MET01A0065_005   0.429 -11.296 -10.868
MET01A0065_006   4.520 -11.402  -6.882
MET01A0065_007   0.256 -11.282 -11.026
MET01A0065_008   0.415 -11.523 -11.108
MET01A0065_009   0.357 -11.647 -11.290
MET01A0065_010   4.525 -10.814  -6.289
MET01A0065_011   0.274 -11.869 -11.595
MET01A0065_012   0.779 -12.003 -11.224
MET01A0065_013   0.691 -11.677 -10.986
MET01A0065_014   0.769 -11.960 -11.191
MET01A0065_015   0.775 -12.244 -11.469
MET01A0065_016   0.621 -11.331 -10.710
MET01A0065_017   0.289 -11.768 -11.479
MET01A0065_018   0.203 -11.693 -11.490
MET01A0065_019   0.062 -11.817 -11.755
