iConf CONFORMER     FL  occ    crg   Em0  pKa0 ne nH    vdw0    vdw1    tors    epol   dsolv   extra    history
00001 LYS01A0078_001 f 0.00  0.000     0  0.00  0  0 -11.816   1.537   2.460  -0.006  -0.217   0.000 01O000M000t
00002 LYS01A0078_002 f 0.00  0.000     0  0.00  0  0  -9.524   6.588   2.462  -0.009  -0.214   0.000 01E028M000t
00003 LYS01A0078_003 f 0.00  0.000     0  0.00  0  0 -10.057   2.989   3.283   0.000  -0.208   0.000 01E033M000t
00004 LYS01A0078_004 f 0.00  0.000     0  0.00  0  0  -9.631   0.887   2.089   0.025  -0.192   0.000 01E067M000t
00005 LYS01A0078_005 f 0.00  0.000     0  0.00  0  0  -9.182   5.239   2.434  -0.013  -0.174   0.000 01E09BM000t
00006 LYS01A0078_006 f 0.00  0.000     0  0.00  0  0  -9.901   2.741   4.567  -0.007  -0.212   0.000 01E0B1M000t
00007 LYS01A0078_007 f 0.00  0.000     0  0.00  0  0  -9.133   1.338   3.014   0.002  -0.201   0.000 01E0B4M000t
00008 LYS01A0078_008 f 0.00  0.000     0  0.00  0  0 -11.471   3.363   2.419  -0.003  -0.208   0.000 01T008M000t
00009 LYS01A0078_009 f 0.00  0.000     0  0.00  0  0 -12.140   1.326   2.478   0.001  -0.211   0.000 01T009M000t
00010 LYS01A0078_010 f 0.00  0.000     0  0.00  0  0  -9.757   1.371   2.593  -0.011  -0.206   0.000 01T00CM000t
00011 LYS01A0078_011 f 0.00  0.000     0  0.00  0  0  -9.567   2.028   3.951  -0.003  -0.214   0.000 01T014M000t
00012 LYS01A0078_012 f 0.00  0.000     0  0.00  0  0 -10.928   2.837   2.684  -0.007  -0.208   0.000 01T022M000t
00013 LYS01A0078_013 f 0.00  0.000     0  0.00  0  0  -9.407   1.772   3.807  -0.002  -0.210   0.000 01T032M000t
00014 LYS01A0078_014 f 0.00  0.000     0  0.00  0  0  -7.299   1.049   4.181  -0.020  -0.190   0.000 01T092M000t
00015 LYS01A0078_015 f 0.00  0.000     0  0.00  0  0 -10.586   1.691   4.439  -0.003  -0.205   0.000 01T093M000t
00016 LYS01A0078_016 f 0.00  0.000     0  0.00  0  0  -9.134   1.192   4.867  -0.002  -0.205   0.000 01T098M000t
00017 LYS01A0078_017 f 0.00  0.000     0  0.00  0  0  -9.818   5.524   3.069   0.002  -0.196   0.000 01T0A4M000t
00018 LYS01A0078_018 f 0.00  0.000     0  0.00  0  0 -10.313   1.294   5.457  -0.005  -0.211   0.000 01T0B2M000t
00019 LYS01A0078_019 f 0.00  0.000     0  0.00  0  0  -9.505   2.376   5.340   0.000  -0.217   0.000 01T0C3M000t
00020 LYS01A0078_020 f 0.00  0.000     0  0.00  0  0  -9.087   1.455   3.454  -0.008  -0.196   0.000 01T0D0M000t
00021 LYS+1A0078_021 f 0.00  1.000     0 10.40  0  1 -11.861   1.536   2.460   0.046  -3.101   0.000 +1O000M000t
00022 LYS+1A0078_022 f 0.00  1.000     0 10.40  0  1 -11.637   3.409   2.439   0.017  -3.104   0.000 +1E008M000t
00023 LYS+1A0078_023 f 0.00  1.000     0 10.40  0  1 -12.237   1.311   2.492  -0.010  -3.097   0.000 +1E009M000t
00024 LYS+1A0078_024 f 0.00  1.000     0 10.40  0  1  -9.987   1.365   2.609   0.071  -3.087   0.000 +1E00CM000t
00025 LYS+1A0078_025 f 0.00  1.000     0 10.40  0  1  -9.618   2.019   3.974   0.031  -3.098   0.000 +1E014M000t
00026 LYS+1A0078_026 f 0.00  1.000     0 10.40  0  1  -9.374   1.772   3.818  -0.029  -3.094   0.000 +1E032M000t
00027 LYS+1A0078_027 f 0.00  1.000     0 10.40  0  1  -9.952   3.021   3.298  -0.029  -3.087   0.000 +1E033M000t
00028 LYS+1A0078_028 f 0.00  1.000     0 10.40  0  1  -9.711   0.863   2.097   0.221  -2.966   0.000 +1E067M000t
00029 LYS+1A0078_029 f 0.00  1.000     0 10.40  0  1  -7.695   1.027   4.299  -0.046  -2.978   0.000 +1E092M000t
00030 LYS+1A0078_030 f 0.00  1.000     0 10.40  0  1 -10.568   1.763   4.519  -0.073  -3.025   0.000 +1E093M000t
00031 LYS+1A0078_031 f 0.00  1.000     0 10.40  0  1  -9.207   1.444   3.462   0.003  -3.054   0.000 +1E0D0M000t
00032 LYS+1A0078_032 f 0.00  1.000     0 10.40  0  1 -11.007   2.818   2.693   0.071  -3.113   0.000 +1T022M000t
00033 LYS+1A0078_033 f 0.00  1.000     0 10.40  0  1  -9.516   6.643   2.479   0.068  -3.085   0.000 +1T028M000t
00034 LYS+1A0078_034 f 0.00  1.000     0 10.40  0  1  -9.077   1.193   4.977   0.021  -3.070   0.000 +1T098M000t
00035 LYS+1A0078_035 f 0.00  1.000     0 10.40  0  1  -9.131   5.242   2.446   0.197  -2.898   0.000 +1T09BM000t
00036 LYS+1A0078_036 f 0.00  1.000     0 10.40  0  1  -9.952   5.543   3.099   0.068  -3.050   0.000 +1T0A4M000t
00037 LYS+1A0078_037 f 0.00  1.000     0 10.40  0  1 -10.044   2.764   4.676   0.033  -3.077   0.000 +1T0B1M000t
00038 LYS+1A0078_038 f 0.00  1.000     0 10.40  0  1 -10.473   1.295   5.518  -0.000  -3.094   0.000 +1T0B2M000t
00039 LYS+1A0078_039 f 0.00  1.000     0 10.40  0  1  -9.208   1.337   3.006   0.050  -3.001   0.000 +1T0B4M000t
