CONFORMER         crg  vdw0  vdw1  tors  epol  self   occ  Hb     history    ASA
LYS01A0078_001  0.000-11.82  1.54  2.46  0.00 -7.82 0.502  00  01O000M000  1.000
LYS01A0078_002  0.000 -9.53  6.59  2.46  0.00 -0.48 0.502  00  01E028M000  1.000
LYS01A0078_003  0.000-10.06  2.99  3.28  0.00 -3.79 0.502  00  01E033M000  1.000
LYS01A0078_004  0.000 -9.62  0.89  2.09  0.00 -6.65 0.502  00  01E067M000  1.000
LYS01A0078_005  0.000 -9.18  5.24  2.43  0.00 -1.51 0.503  00  01E09BM000  1.000
LYS01A0078_006  0.000 -9.90  2.74  4.57  0.00 -2.59 0.502  00  01E0B1M000  1.000
LYS01A0078_007  0.000 -9.13  1.34  3.01  0.00 -4.78 0.502  00  01E0B4M000  1.000
LYS01A0078_008  0.000-11.47  3.37  2.42  0.00 -5.69 0.502  00  01T008M000  1.000
LYS01A0078_009  0.000-12.14  1.33  2.48  0.00 -8.34 0.502  00  01T009M000  1.000
LYS01A0078_010  0.000 -9.76  1.37  2.59  0.00 -5.79 0.502  00  01T00CM000  1.000
LYS01A0078_011  0.000 -9.57  2.02  3.95  0.00 -3.59 0.502  00  01T014M000  1.000
LYS01A0078_012  0.000-10.93  2.84  2.68  0.00 -5.40 0.504  00  01T022M000  1.000
LYS01A0078_013  0.000 -9.42  1.77  3.81  0.00 -3.84 0.502  00  01T032M000  1.000
LYS01A0078_014  0.000 -7.31  1.05  4.18  0.00 -2.08 0.502  00  01T092M000  1.000
LYS01A0078_015  0.000-10.59  1.69  4.44  0.00 -4.46 0.502  00  01T093M000  1.000
LYS01A0078_016  0.000 -9.13  1.19  4.87  0.00 -3.08 0.502  00  01T098M000  1.000
LYS01A0078_017  0.000 -9.81  5.52  3.07  0.00 -1.23 0.502  00  01T0A4M000  1.000
LYS01A0078_018  0.000-10.31  1.30  5.45  0.00 -3.56 0.502  00  01T0B2M000  1.000
LYS01A0078_019  0.000 -9.51  2.37  5.34  0.00 -1.80 0.501  00  01T0C3M000  1.000
LYS01A0078_020  0.000 -9.08  1.45  3.45  0.00 -4.17 0.503  00  01T0D0M000  1.000
LYS+1A0078_021  1.000-11.86  1.54  2.46  0.00 -7.87 0.502  00  +1O000M000  1.000
LYS+1A0078_022  1.000-11.64  3.40  2.44  0.00 -5.79 0.502  00  +1E008M000  1.000
LYS+1A0078_023  1.000-12.30  1.31  2.49  0.00 -8.49 0.502  00  +1E009M000  1.000
LYS+1A0078_024  1.000 -9.98  1.36  2.61  0.00 -6.01 0.502  00  +1E00CM000  1.000
LYS+1A0078_025  1.000 -9.62  2.02  3.97  0.00 -3.63 0.502  00  +1E014M000  1.000
LYS+1A0078_026  1.000 -9.37  1.77  3.82  0.00 -3.79 0.502  00  +1E032M000  1.000
LYS+1A0078_027  1.000 -9.95  3.02  3.30  0.00 -3.63 0.502  00  +1E033M000  1.000
LYS+1A0078_028  1.000 -9.71  0.87  2.09  0.00 -6.75 0.502  00  +1E067M000  1.000
LYS+1A0078_029  1.000 -7.70  1.03  4.30  0.00 -2.37 0.502  00  +1E092M000  1.000
LYS+1A0078_030  1.000-10.57  1.76  4.52  0.00 -4.29 0.502  00  +1E093M000  1.000
LYS+1A0078_031  1.000 -9.20  1.44  3.46  0.00 -4.29 0.503  00  +1E0D0M000  1.000
LYS+1A0078_032  1.000-10.97  2.82  2.69  0.00 -5.46 0.504  00  +1T022M000  1.000
LYS+1A0078_033  1.000 -9.51  6.65  2.48  0.00 -0.38 0.502  00  +1T028M000  1.000
LYS+1A0078_034  1.000 -9.07  1.19  4.98  0.00 -2.90 0.502  00  +1T098M000  1.000
LYS+1A0078_035  1.000 -9.14  5.24  2.45  0.00 -1.45 0.503  00  +1T09BM000  1.000
LYS+1A0078_036  1.000 -9.96  5.55  3.09  0.00 -1.31 0.502  00  +1T0A4M000  1.000
LYS+1A0078_037  1.000-10.04  2.77  4.68  0.00 -2.60 0.502  00  +1T0B1M000  1.000
LYS+1A0078_038  1.000-10.47  1.29  5.52  0.00 -3.66 0.502  00  +1T0B2M000  1.000
LYS+1A0078_039  1.000 -9.21  1.33  3.00  0.00 -4.87 0.502  00  +1T0B4M000  1.000
