   confID        vdw0    sas     sum
LYS01A0078_001   1.017 -12.833 -11.816
LYS01A0078_002   2.865 -12.389  -9.524
LYS01A0078_003   2.338 -12.395 -10.057
LYS01A0078_004   2.606 -12.237  -9.631
LYS01A0078_005   3.352 -12.534  -9.182
LYS01A0078_006   2.224 -12.125  -9.901
LYS01A0078_007   2.765 -11.898  -9.133
LYS01A0078_008   0.603 -12.073 -11.471
LYS01A0078_009   0.596 -12.736 -12.140
LYS01A0078_010   2.886 -12.643  -9.757
LYS01A0078_011   2.805 -12.372  -9.567
LYS01A0078_012   1.770 -12.698 -10.928
LYS01A0078_013   2.885 -12.292  -9.407
LYS01A0078_014   4.532 -11.831  -7.299
LYS01A0078_015   1.916 -12.503 -10.586
LYS01A0078_016   3.217 -12.351  -9.134
LYS01A0078_017   2.411 -12.229  -9.818
LYS01A0078_018   2.411 -12.724 -10.313
LYS01A0078_019   2.266 -11.771  -9.505
LYS01A0078_020   3.293 -12.380  -9.087
LYS+1A0078_021   0.972 -12.833 -11.861
LYS+1A0078_022   0.556 -12.193 -11.637
LYS+1A0078_023   0.551 -12.788 -12.237
LYS+1A0078_024   2.827 -12.814  -9.987
LYS+1A0078_025   2.754 -12.372  -9.618
LYS+1A0078_026   2.815 -12.189  -9.374
LYS+1A0078_027   2.353 -12.305  -9.952
LYS+1A0078_028   2.525 -12.237  -9.711
LYS+1A0078_029   4.148 -11.844  -7.695
LYS+1A0078_030   1.873 -12.442 -10.568
LYS+1A0078_031   3.318 -12.525  -9.207
LYS+1A0078_032   1.729 -12.737 -11.007
LYS+1A0078_033   2.873 -12.389  -9.516
LYS+1A0078_034   3.210 -12.286  -9.077
LYS+1A0078_035   3.364 -12.495  -9.131
LYS+1A0078_036   2.328 -12.280  -9.952
LYS+1A0078_037   2.200 -12.244 -10.044
LYS+1A0078_038   2.396 -12.868 -10.473
LYS+1A0078_039   2.690 -11.898  -9.208
