CONFORMER         crg  vdw0  vdw1  tors  epol  self   occ  Hb     history    ASA
LYS01A0133_001  0.000 -8.78  0.14  1.24  0.00 -7.40 0.501  00  01O000M000  1.000
LYS01A0133_002  0.000 -9.66  0.44  3.81  0.00 -5.41 0.501  00  01E009M000  1.000
LYS01A0133_003  0.000 -8.73  1.40  4.02  0.00 -3.31 0.501  00  01E06FM000  1.000
LYS01A0133_004  0.000 -9.41  0.11  4.52  0.00 -4.78 0.501  00  01E0E0M000  1.000
LYS01A0133_005  0.000 -9.20 -0.07  1.82  0.00 -7.45 0.501  00  01E0E6M000  1.000
LYS01A0133_006  0.000-10.91  0.14  1.03  0.00 -9.74 0.501  00  01E135M000  1.000
LYS01A0133_007  0.000-10.83  4.69  3.77  0.00 -2.38 0.501  00  01E16EM000  1.000
LYS01A0133_008  0.000 -6.12  0.60  0.84  0.00 -4.68 0.501  00  01E185M000  1.000
LYS01A0133_009  0.000 -9.20  0.68  4.41  0.00 -4.11 0.501  00  01E18EM000  1.000
LYS01A0133_010  0.000 -9.88  3.31  1.57  0.00 -5.00 0.502  00  01E1A0M000  1.000
LYS01A0133_011  0.000-11.26  0.39  1.50  0.00 -9.37 0.501  00  01T02DM000  1.000
LYS01A0133_012  0.000-11.35  1.19  4.31  0.00 -5.85 0.501  00  01T035M000  1.000
LYS01A0133_013  0.000-11.33  4.07  4.30  0.00 -2.96 0.501  00  01T06AM000  1.000
LYS01A0133_014  0.000-10.70  0.69  1.37  0.00 -8.63 0.501  00  01T0C1M000  1.000
LYS01A0133_015  0.000-10.15  0.30  1.49  0.00 -8.35 0.501  00  01T0CDM000  1.000
LYS01A0133_016  0.000-10.33  0.51  3.94  0.00 -5.87 0.501  00  01T0D3M000  1.000
LYS01A0133_017  0.000-11.12  0.12  3.94  0.00 -7.05 0.501  00  01T13BM000  1.000
LYS01A0133_018  0.000-10.81  2.50  1.36  0.00 -6.96 0.501  00  01T153M000  1.000
LYS01A0133_019  0.000 -7.27  0.70  1.85  0.00 -4.72 0.501  00  01T194M000  1.000
LYS01A0133_020  0.000 -8.36  3.41  4.08  0.00 -0.88 0.501  00  01T1A9M000  1.000
LYS+1A0133_021  1.000 -8.83  0.14  1.24  0.00 -7.45 0.501  00  +1O000M000  1.000
LYS+1A0133_022  1.000-11.45  1.18  4.31  0.00 -5.96 0.501  00  +1E035M000  1.000
LYS+1A0133_023  1.000-10.86  0.69  1.38  0.00 -8.79 0.501  00  +1E0C1M000  1.000
LYS+1A0133_024  1.000-10.23  0.30  1.49  0.00 -8.44 0.501  00  +1E0CDM000  1.000
LYS+1A0133_025  1.000-10.39  0.52  3.97  0.00 -5.90 0.501  00  +1E0D3M000  1.000
LYS+1A0133_026  1.000-11.02  0.14  1.04  0.00 -9.84 0.501  00  +1E135M000  1.000
LYS+1A0133_027  1.000 -9.25  0.68  4.42  0.00 -4.15 0.501  00  +1E18EM000  1.000
LYS+1A0133_028  1.000 -7.26  0.69  1.85  0.00 -4.72 0.501  00  +1E194M000  1.000
LYS+1A0133_029  1.000 -8.40  3.44  4.10  0.00 -0.86 0.501  00  +1E1A9M000  1.000
LYS+1A0133_030  1.000 -9.73  0.43  3.81  0.00 -5.48 0.501  00  +1T009M000  1.000
LYS+1A0133_031  1.000-11.31  0.39  1.50  0.00 -9.42 0.501  00  +1T02DM000  1.000
LYS+1A0133_032  1.000-11.39  4.07  4.30  0.00 -3.02 0.501  00  +1T06AM000  1.000
LYS+1A0133_033  1.000 -8.86  1.40  4.02  0.00 -3.44 0.501  00  +1T06FM000  1.000
LYS+1A0133_034  1.000 -9.35  0.09  4.56  0.00 -4.70 0.501  00  +1T0E0M000  1.000
LYS+1A0133_035  1.000 -9.17 -0.08  1.82  0.00 -7.43 0.501  00  +1T0E6M000  1.000
LYS+1A0133_036  1.000-11.02  0.12  3.96  0.00 -6.94 0.501  00  +1T13BM000  1.000
LYS+1A0133_037  1.000-10.89  2.48  1.36  0.00 -7.05 0.501  00  +1T153M000  1.000
LYS+1A0133_038  1.000-10.87  4.68  3.77  0.00 -2.42 0.501  00  +1T16EM000  1.000
LYS+1A0133_039  1.000 -5.94  0.58  0.84  0.00 -4.51 0.501  00  +1T185M000  1.000
LYS+1A0133_040  1.000 -9.98  3.30  1.56  0.00 -5.11 0.502  00  +1T1A0M000  1.000
