iConf CONFORMER     FL  occ    crg   Em0  pKa0 ne nH    vdw0    vdw1    tors    epol   dsolv   extra    history
00001 LYS01A0133_001 f 0.00  0.000     0  0.00  0  0  -8.781   0.145   1.241  -0.010  -0.530   0.000 01O000M000t
00002 LYS01A0133_002 f 0.00  0.000     0  0.00  0  0  -9.660   0.439   3.811  -0.023  -0.573   0.000 01E009M000t
00003 LYS01A0133_003 f 0.00  0.000     0  0.00  0  0  -8.726   1.399   4.017  -0.016  -0.457   0.000 01E06FM000t
00004 LYS01A0133_004 f 0.00  0.000     0  0.00  0  0  -9.411   0.111   4.518  -0.020  -0.526   0.000 01E0E0M000t
00005 LYS01A0133_005 f 0.00  0.000     0  0.00  0  0  -9.194  -0.074   1.816  -0.013  -0.498   0.000 01E0E6M000t
00006 LYS01A0133_006 f 0.00  0.000     0  0.00  0  0 -10.913   0.138   1.033  -0.005  -0.490   0.000 01E135M000t
00007 LYS01A0133_007 f 0.00  0.000     0  0.00  0  0 -10.835   4.690   3.765  -0.008  -0.477   0.000 01E16EM000t
00008 LYS01A0133_008 f 0.00  0.000     0  0.00  0  0  -6.127   0.591   0.842  -0.010  -0.460   0.000 01E185M000t
00009 LYS01A0133_009 f 0.00  0.000     0  0.00  0  0  -9.210   0.681   4.409  -0.006  -0.517   0.000 01E18EM000t
00010 LYS01A0133_010 f 0.00  0.000     0  0.00  0  0  -9.887   3.314   1.565  -0.029  -0.432   0.000 01E1A0M000t
00011 LYS01A0133_011 f 0.00  0.000     0  0.00  0  0 -11.260   0.388   1.496  -0.002  -0.515   0.000 01T02DM000t
00012 LYS01A0133_012 f 0.00  0.000     0  0.00  0  0 -11.349   1.189   4.309  -0.009  -0.516   0.000 01T035M000t
00013 LYS01A0133_013 f 0.00  0.000     0  0.00  0  0 -11.335   4.069   4.303  -0.018  -0.498   0.000 01T06AM000t
00014 LYS01A0133_014 f 0.00  0.000     0  0.00  0  0 -10.695   0.695   1.372  -0.011  -0.482   0.000 01T0C1M000t
00015 LYS01A0133_015 f 0.00  0.000     0  0.00  0  0 -10.146   0.304   1.493  -0.026  -0.483   0.000 01T0CDM000t
00016 LYS01A0133_016 f 0.00  0.000     0  0.00  0  0 -10.328   0.510   3.944  -0.009  -0.563   0.000 01T0D3M000t
00017 LYS01A0133_017 f 0.00  0.000     0  0.00  0  0 -11.119   0.121   3.942  -0.006  -0.525   0.000 01T13BM000t
00018 LYS01A0133_018 f 0.00  0.000     0  0.00  0  0 -10.816   2.498   1.362  -0.056  -0.490   0.000 01T153M000t
00019 LYS01A0133_019 f 0.00  0.000     0  0.00  0  0  -7.269   0.703   1.851  -0.013  -0.452   0.000 01T194M000t
00020 LYS01A0133_020 f 0.00  0.000     0  0.00  0  0  -8.425   3.407   4.077  -0.018  -0.469   0.000 01T1A9M000t
00021 LYS+1A0133_021 f 0.00  1.000     0 10.40  0  1  -8.831   0.144   1.241   0.056  -7.307   0.000 +1O000M000t
00022 LYS+1A0133_022 f 0.00  1.000     0 10.40  0  1 -11.449   1.184   4.312  -0.011  -7.310   0.000 +1E035M000t
00023 LYS+1A0133_023 f 0.00  1.000     0 10.40  0  1 -10.858   0.687   1.377   0.082  -7.195   0.000 +1E0C1M000t
00024 LYS+1A0133_024 f 0.00  1.000     0 10.40  0  1 -10.238   0.300   1.495   0.039  -7.129   0.000 +1E0CDM000t
00025 LYS+1A0133_025 f 0.00  1.000     0 10.40  0  1 -10.381   0.518   3.975   0.015  -7.298   0.000 +1E0D3M000t
00026 LYS+1A0133_026 f 0.00  1.000     0 10.40  0  1 -11.016   0.134   1.037   0.066  -7.208   0.000 +1E135M000t
00027 LYS+1A0133_027 f 0.00  1.000     0 10.40  0  1  -9.245   0.677   4.421   0.064  -7.273   0.000 +1E18EM000t
00028 LYS+1A0133_028 f 0.00  1.000     0 10.40  0  1  -7.252   0.690   1.845   0.108  -7.029   0.000 +1E194M000t
00029 LYS+1A0133_029 f 0.00  1.000     0 10.40  0  1  -8.400   3.438   4.095   0.085  -7.031   0.000 +1E1A9M000t
00030 LYS+1A0133_030 f 0.00  1.000     0 10.40  0  1  -9.719   0.432   3.811   0.126  -7.265   0.000 +1T009M000t
00031 LYS+1A0133_031 f 0.00  1.000     0 10.40  0  1 -11.315   0.394   1.496  -0.011  -7.270   0.000 +1T02DM000t
00032 LYS+1A0133_032 f 0.00  1.000     0 10.40  0  1 -11.384   4.060   4.303  -0.012  -7.284   0.000 +1T06AM000t
00033 LYS+1A0133_033 f 0.00  1.000     0 10.40  0  1  -8.863   1.397   4.020   0.076  -7.128   0.000 +1T06FM000t
00034 LYS+1A0133_034 f 0.00  1.000     0 10.40  0  1  -9.352   0.085   4.561   0.054  -7.267   0.000 +1T0E0M000t
00035 LYS+1A0133_035 f 0.00  1.000     0 10.40  0  1  -9.176  -0.075   1.822   0.010  -7.190   0.000 +1T0E6M000t
00036 LYS+1A0133_036 f 0.00  1.000     0 10.40  0  1 -11.026   0.120   3.959   0.057  -7.267   0.000 +1T13BM000t
00037 LYS+1A0133_037 f 0.00  1.000     0 10.40  0  1 -10.899   2.471   1.362   0.235  -7.154   0.000 +1T153M000t
00038 LYS+1A0133_038 f 0.00  1.000     0 10.40  0  1 -10.867   4.674   3.768   0.072  -7.196   0.000 +1T16EM000t
00039 LYS+1A0133_039 f 0.00  1.000     0 10.40  0  1  -5.945   0.580   0.844   0.092  -7.080   0.000 +1T185M000t
00040 LYS+1A0133_040 f 0.00  1.000     0 10.40  0  1  -9.979   3.292   1.564   0.349  -6.920   0.000 +1T1A0M000t
