   confID        vdw0    sas     sum
LYS01A0133_001   3.280 -12.061  -8.781
LYS01A0133_002   2.787 -12.447  -9.660
LYS01A0133_003   3.359 -12.085  -8.726
LYS01A0133_004   3.094 -12.505  -9.411
LYS01A0133_005   2.916 -12.110  -9.194
LYS01A0133_006   1.464 -12.377 -10.913
LYS01A0133_007   1.410 -12.245 -10.835
LYS01A0133_008   5.495 -11.622  -6.127
LYS01A0133_009   3.250 -12.460  -9.210
LYS01A0133_010   2.344 -12.231  -9.887
LYS01A0133_011   1.213 -12.473 -11.260
LYS01A0133_012   1.217 -12.566 -11.349
LYS01A0133_013   1.232 -12.567 -11.335
LYS01A0133_014   1.682 -12.377 -10.695
LYS01A0133_015   2.134 -12.281 -10.146
LYS01A0133_016   2.097 -12.425 -10.328
LYS01A0133_017   1.815 -12.933 -11.119
LYS01A0133_018   1.971 -12.786 -10.816
LYS01A0133_019   4.794 -12.063  -7.269
LYS01A0133_020   3.532 -11.956  -8.425
LYS+1A0133_021   3.229 -12.061  -8.831
LYS+1A0133_022   1.168 -12.618 -11.449
LYS+1A0133_023   1.587 -12.445 -10.858
LYS+1A0133_024   2.043 -12.281 -10.238
LYS+1A0133_025   2.059 -12.441 -10.381
LYS+1A0133_026   1.361 -12.377 -11.016
LYS+1A0133_027   3.215 -12.460  -9.245
LYS+1A0133_028   4.811 -12.063  -7.252
LYS+1A0133_029   3.541 -11.940  -8.400
LYS+1A0133_030   2.796 -12.515  -9.719
LYS+1A0133_031   1.158 -12.473 -11.315
LYS+1A0133_032   1.183 -12.567 -11.384
LYS+1A0133_033   3.261 -12.123  -8.863
LYS+1A0133_034   3.089 -12.441  -9.352
LYS+1A0133_035   2.867 -12.042  -9.176
LYS+1A0133_036   1.772 -12.798 -11.026
LYS+1A0133_037   1.888 -12.786 -10.899
LYS+1A0133_038   1.314 -12.181 -10.867
LYS+1A0133_039   5.625 -11.570  -5.945
LYS+1A0133_040   2.252 -12.231  -9.979
