iConf CONFORMER     FL  occ    crg   Em0  pKa0 ne nH    vdw0    vdw1    tors    epol   dsolv   extra    history
00001 GLU01A0043_001 f 0.00  0.000     0  0.00  0  0  -3.792   0.250   3.467   0.034  -0.147   0.000 01O000M000t
00002 GLU01A0043_002 f 0.00  0.000     0  0.00  0  0  -2.663   0.367   5.304   0.033  -0.146   0.000 01E009M000t
00003 GLU01A0043_003 f 0.00  0.000     0  0.00  0  0  -4.287   1.689   4.140   0.134  -0.141   0.000 01E010M000t
00004 GLU01A0043_004 f 0.00  0.000     0  0.00  0  0  -4.589   1.174   6.656   0.061  -0.141   0.000 01E011M000t
00005 GLU01A0043_005 f 0.00  0.000     0  0.00  0  0  -3.831   0.842   3.030   0.064  -0.133   0.000 01E01AM000t
00006 GLU01A0043_006 f 0.00  0.000     0  0.00  0  0  -4.062   0.121   6.284   0.009  -0.154   0.000 01E01CM000t
00007 GLU01A0043_007 f 0.00  0.000     0  0.00  0  0  -3.844   0.250   0.747   0.006  -0.108   0.000 01O000M000t
00008 GLU01A0043_008 f 0.00  0.000     0  0.00  0  0  -3.910   0.031   3.563  -0.005  -0.108   0.000 01E012M000t
00009 GLU01A0043_009 f 0.00  0.000     0  0.00  0  0  -3.932   0.328   3.571   0.003  -0.106   0.000 01E019M000t
00010 GLU01A0043_010 f 0.00  0.000     0  0.00  0  0  -3.657   0.560   5.933   0.053  -0.144   0.000 01T003M000t
00011 GLU01A0043_011 f 0.00  0.000     0  0.00  0  0  -4.521   0.334   3.928   0.058  -0.136   0.000 01T00EM000t
00012 GLU01A0043_012 f 0.00  0.000     0  0.00  0  0  -3.463   0.468   3.106   0.028  -0.145   0.000 01T013M000t
00013 GLU01A0043_013 f 0.00  0.000     0  0.00  0  0  -3.371   0.336   3.112   0.034  -0.142   0.000 01T017M000t
00014 GLU01A0043_014 f 0.00  0.000     0  0.00  0  0  -3.931   0.329   6.288  -0.001  -0.138   0.000 01T019M000t
00015 GLU01A0043_015 f 0.00  0.000     0  0.00  0  0  -4.743   0.661   6.553   0.014  -0.150   0.000 01T020M000t
00016 GLU01A0043_016 f 0.00  0.000     0  0.00  0  0  -4.487   0.813   6.252   0.027  -0.152   0.000 01T021M000t
00017 GLU01A0043_017 f 0.00  0.000     0  0.00  0  0  -3.403  -0.018   3.248   0.032  -0.149   0.000 01T00BM000t
00018 GLU01A0043_018 f 0.00  0.000     0  0.00  0  0  -4.345   1.536   4.127  -0.089  -0.133   0.000 01T00FM000t
00019 GLU01A0043_019 f 0.00  0.000     0  0.00  0  0  -3.907   0.030   6.278   0.006  -0.144   0.000 01T012M000t
00020 GLU01A0043_020 f 0.00  0.000     0  0.00  0  0  -4.398   0.006   6.279   0.041  -0.153   0.000 01T016M000t
00021 GLU01A0043_021 f 0.00  0.000     0  0.00  0  0  -3.547  -0.015   0.543   0.008  -0.112   0.000 01T00BM000t
00022 GLU01A0043_022 f 0.00  0.000     0  0.00  0  0  -4.333   1.795   1.397   0.014  -0.107   0.000 01T00FM000t
00023 GLU01A0043_023 f 0.00  0.000     0  0.00  0  0  -4.274   1.690   1.413   0.010  -0.109   0.000 01T010M000t
00024 GLU01A0043_024 f 0.00  0.000     0  0.00  0  0  -3.463   0.468   0.386   0.004  -0.109   0.000 01T013M000t
00025 GLU01A0043_025 f 0.00  0.000     0  0.00  0  0  -3.371   0.336   0.392   0.009  -0.110   0.000 01T017M000t
00026 GLU01A0043_026 f 0.00  0.000     0  0.00  0  0  -4.064   0.124   3.554   0.004  -0.109   0.000 01T01CM000t
00027 GLU01A0043_027 f 0.00  0.000     0  0.00  0  0  -4.743   0.661   3.833   0.006  -0.107   0.000 01T020M000t
00028 GLU01A0043_028 f 0.00  0.000     0  0.00  0  0  -4.580   1.152   3.931   0.010  -0.109   0.000 01T011M000t
00029 GLU01A0043_029 f 0.00  0.000     0  0.00  0  0  -4.398   0.006   3.559   0.028  -0.107   0.000 01T016M000t
00030 GLU01A0043_030 f 0.00  0.000     0  0.00  0  0  -3.847   0.716   0.327   0.013  -0.111   0.000 01T01AM000t
00031 GLU02A0043_031 f 0.00  0.000     0  0.00  0  0  -4.057   0.239   3.467   0.014  -0.153   0.000 02O000M000t
00032 GLU02A0043_032 f 0.00  0.000     0  0.00  0  0  -3.999   0.551   5.941  -0.003  -0.149   0.000 02E003M000t
00033 GLU02A0043_033 f 0.00  0.000     0  0.00  0  0  -3.133   0.368   5.310  -0.024  -0.157   0.000 02E009M000t
00034 GLU02A0043_034 f 0.00  0.000     0  0.00  0  0  -4.373   1.504   4.123   0.071  -0.148   0.000 02E00FM000t
00035 GLU02A0043_035 f 0.00  0.000     0  0.00  0  0  -4.358   1.470   4.126  -0.019  -0.150   0.000 02E010M000t
00036 GLU02A0043_036 f 0.00  0.000     0  0.00  0  0  -4.081   0.046   6.332   0.067  -0.144   0.000 02E012M000t
00037 GLU02A0043_037 f 0.00  0.000     0  0.00  0  0  -4.220   0.553   3.986   0.008  -0.152   0.000 02E014M000t
00038 GLU02A0043_038 f 0.00  0.000     0  0.00  0  0  -4.410   0.003   6.314  -0.036  -0.138   0.000 02E016M000t
00039 GLU02A0043_039 f 0.00  0.000     0  0.00  0  0  -4.886   0.677   6.557   0.031  -0.149   0.000 02E020M000t
00040 GLU02A0043_040 f 0.00  0.000     0  0.00  0  0  -4.095   0.239   0.747  -0.001  -0.105   0.000 02O000M000t
00041 GLU02A0043_041 f 0.00  0.000     0  0.00  0  0  -4.422   0.223   3.965  -0.005  -0.168   0.000 02T00EM000t
00042 GLU02A0043_042 f 0.00  0.000     0  0.00  0  0  -4.116   0.119   6.319   0.047  -0.149   0.000 02T01CM000t
00043 GLU02A0043_043 f 0.00  0.000     0  0.00  0  0  -3.922  -0.012   3.260   0.021  -0.156   0.000 02T00BM000t
00044 GLU02A0043_044 f 0.00  0.000     0  0.00  0  0  -4.513   1.066   6.588  -0.010  -0.156   0.000 02T011M000t
00045 GLU02A0043_045 f 0.00  0.000     0  0.00  0  0  -3.680   0.351   3.124  -0.015  -0.157   0.000 02T017M000t
00046 GLU02A0043_046 f 0.00  0.000     0  0.00  0  0  -3.873   0.345   6.287   0.012  -0.161   0.000 02T019M000t
00047 GLU02A0043_047 f 0.00  0.000     0  0.00  0  0  -3.828   0.821   3.010   0.016  -0.150   0.000 02T01AM000t
00048 GLU02A0043_048 f 0.00  0.000     0  0.00  0  0  -4.666   0.812   6.208   0.019  -0.159   0.000 02T021M000t
00049 GLU02A0043_049 f 0.00  0.000     0  0.00  0  0  -3.912  -0.010   0.548   0.006  -0.105   0.000 02T00BM000t
00050 GLU02A0043_050 f 0.00  0.000     0  0.00  0  0  -4.373   1.507   1.394   0.054  -0.100   0.000 02T00FM000t
00051 GLU02A0043_051 f 0.00  0.000     0  0.00  0  0  -4.357   1.471   1.399  -0.023  -0.103   0.000 02T010M000t
00052 GLU02A0043_052 f 0.00  0.000     0  0.00  0  0  -4.220   0.553   1.250   0.003  -0.105   0.000 02T014M000t
00053 GLU02A0043_053 f 0.00  0.000     0  0.00  0  0  -3.887   0.343   3.553   0.004  -0.111   0.000 02T019M000t
00054 GLU02A0043_054 f 0.00  0.000     0  0.00  0  0  -4.116   0.119   3.599   0.011  -0.108   0.000 02T01CM000t
00055 GLU02A0043_055 f 0.00  0.000     0  0.00  0  0  -4.926   0.675   3.806   0.004  -0.105   0.000 02T020M000t
00056 GLU02A0043_056 f 0.00  0.000     0  0.00  0  0  -4.513   1.066   3.868  -0.009  -0.106   0.000 02T011M000t
00057 GLU02A0043_057 f 0.00  0.000     0  0.00  0  0  -3.992   0.040   3.544   0.001  -0.109   0.000 02T012M000t
00058 GLU02A0043_058 f 0.00  0.000     0  0.00  0  0  -4.412   0.005   3.548   0.013  -0.108   0.000 02T016M000t
00059 GLU02A0043_059 f 0.00  0.000     0  0.00  0  0  -3.680   0.351   0.404  -0.002  -0.107   0.000 02T017M000t
00060 GLU02A0043_060 f 0.00  0.000     0  0.00  0  0  -3.867   0.821   0.290   0.006  -0.104   0.000 02T01AM000t
00061 GLU02A0043_061 f 0.00  0.000     0  0.00  0  0  -4.653   0.812   3.488   0.004  -0.108   0.000 02T021M000t
00062 GLU-1A0043_062 f 0.00 -1.000     0  4.75  0 -1  -3.988   0.262   0.747  -0.118  -1.020   0.000 -1O000M000t
00063 GLU-1A0043_063 f 0.00 -1.000     0  4.75  0 -1  -3.765   0.567   3.182  -0.150  -1.018   0.000 -1E003M000t
00064 GLU-1A0043_064 f 0.00 -1.000     0  4.75  0 -1  -3.045   0.379   2.476  -0.025  -1.030   0.000 -1E009M000t
00065 GLU-1A0043_065 f 0.00 -1.000     0  4.75  0 -1  -3.800   0.000   0.515  -0.070  -1.032   0.000 -1E00BM000t
00066 GLU-1A0043_066 f 0.00 -1.000     0  4.75  0 -1  -4.427   1.525   1.371   0.081  -1.001   0.000 -1E00FM000t
00067 GLU-1A0043_067 f 0.00 -1.000     0  4.75  0 -1  -4.206   1.549   1.373  -0.182  -1.006   0.000 -1E010M000t
00068 GLU-1A0043_068 f 0.00 -1.000     0  4.75  0 -1  -3.950   0.007   3.474  -0.059  -1.021   0.000 -1E012M000t
00069 GLU-1A0043_069 f 0.00 -1.000     0  4.75  0 -1  -4.248   0.539   1.161  -0.052  -1.036   0.000 -1E014M000t
00070 GLU-1A0043_070 f 0.00 -1.000     0  4.75  0 -1  -4.407  -0.015   3.486  -0.026  -1.015   0.000 -1E016M000t
00071 GLU-1A0043_071 f 0.00 -1.000     0  4.75  0 -1  -3.719   0.348   0.389  -0.038  -1.030   0.000 -1E017M000t
00072 GLU-1A0043_072 f 0.00 -1.000     0  4.75  0 -1  -3.788   0.700   0.287  -0.152  -1.015   0.000 -1E01AM000t
00073 GLU-1A0043_073 f 0.00 -1.000     0  4.75  0 -1  -4.040   0.133   3.489  -0.102  -1.030   0.000 -1E01CM000t
00074 GLU-1A0043_074 f 0.00 -1.000     0  4.75  0 -1  -4.844   0.639   3.759  -0.128  -1.011   0.000 -1E020M000t
00075 GLU-1A0043_075 f 0.00 -1.000     0  4.75  0 -1  -4.640   0.824   3.486  -0.067  -1.037   0.000 -1E021M000t
