CONFORMER         crg  vdw0  vdw1  tors  epol  self   occ  Hb     history    ASA
GLU01A0043_001  0.000 -3.78  0.25  3.47  0.00 -0.06 0.514  00  01O000M000  1.018
GLU01A0043_002  0.000 -2.67  0.37  5.30  0.00  3.00 0.515  00  01E009M000  1.000
GLU01A0043_003  0.000 -4.29  1.69  4.14  0.00  1.54 0.515  00  01E010M000  1.011
GLU01A0043_004  0.000 -4.59  1.18  6.66  0.00  3.24 0.515  00  01E011M000  1.014
GLU01A0043_005  0.000 -3.83  0.84  3.03  0.00  0.04 0.517  00  01E01AM000  1.000
GLU01A0043_006  0.000 -4.06  0.12  6.28  0.00  2.34 0.514  00  01E01CM000  1.005
GLU01A0043_007  0.000 -3.83  0.25  0.75  0.00 -2.83 0.514  00  01O000M000  1.028
GLU01A0043_008  0.000 -3.91  0.03  3.56  0.00 -0.31 0.514  00  01E012M000  1.000
GLU01A0043_009  0.000 -3.93  0.33  3.57  0.00 -0.03 0.513  00  01E019M000  1.000
GLU01A0043_010  0.000 -3.66  0.56  5.93  0.00  2.84 0.515  00  01T003M000  1.000
GLU01A0043_011  0.000 -4.52  0.33  3.93  0.00 -0.26 0.515  00  01T00EM000  1.007
GLU01A0043_012  0.000 -3.46  0.47  3.11  0.00  0.11 0.516  00  01T013M000  1.042
GLU01A0043_013  0.000 -3.37  0.33  3.11  0.00  0.07 0.516  00  01T017M000  1.041
GLU01A0043_014  0.000 -3.93  0.33  6.29  0.00  2.69 0.513  00  01T019M000  1.000
GLU01A0043_015  0.000 -4.74  0.66  6.55  0.00  2.47 0.513  00  01T020M000  1.100
GLU01A0043_016  0.000 -4.49  0.81  6.25  0.00  2.57 0.515  00  01T021M000  1.059
GLU01A0043_017  0.000 -3.40 -0.02  3.25  0.00 -0.17 0.517  00  01T00BM000  1.007
GLU01A0043_018  0.000 -4.35  1.53  4.13  0.00  1.31 0.514  00  01T00FM000  1.008
GLU01A0043_019  0.000 -3.91  0.03  6.28  0.00  2.40 0.514  00  01T012M000  1.000
GLU01A0043_020  0.000 -4.40  0.01  6.28  0.00  1.88 0.515  00  01T016M000  1.097
GLU01A0043_021  0.000 -3.55 -0.02  0.54  0.00 -3.02 0.517  00  01T00BM000  1.015
GLU01A0043_022  0.000 -4.33  1.80  1.40  0.00 -1.14 0.514  00  01T00FM000  1.008
GLU01A0043_023  0.000 -4.27  1.69  1.41  0.00 -1.17 0.515  00  01T010M000  1.008
GLU01A0043_024  0.000 -3.46  0.47  0.39  0.00 -2.61 0.516  00  01T013M000  1.042
GLU01A0043_025  0.000 -3.37  0.33  0.39  0.00 -2.65 0.516  00  01T017M000  1.041
GLU01A0043_026  0.000 -4.06  0.12  3.55  0.00 -0.39 0.514  00  01T01CM000  1.005
GLU01A0043_027  0.000 -4.74  0.66  3.83  0.00 -0.25 0.513  00  01T020M000  1.100
GLU01A0043_028  0.000 -4.58  1.15  3.93  0.00  0.50 0.515  00  01T011M000  1.018
GLU01A0043_029  0.000 -4.40  0.01  3.56  0.00 -0.84 0.515  00  01T016M000  1.097
GLU01A0043_030  0.000 -3.81  0.71  0.33  0.00 -2.77 0.517  00  01T01AM000  1.003
GLU02A0043_031  0.000 -4.04  0.24  3.47  0.00 -0.34 0.514  00  02O000M000  1.021
GLU02A0043_032  0.000 -4.00  0.55  5.94  0.00  2.49 0.515  00  02E003M000  1.000
GLU02A0043_033  0.000 -3.13  0.37  5.31  0.00  2.54 0.515  00  02E009M000  1.000
GLU02A0043_034  0.000 -4.37  1.50  4.12  0.00  1.25 0.514  00  02E00FM000  1.015
GLU02A0043_035  0.000 -4.36  1.47  4.13  0.00  1.24 0.515  00  02E010M000  1.003
GLU02A0043_036  0.000 -4.08  0.04  6.33  0.00  2.29 0.514  00  02E012M000  1.000
GLU02A0043_037  0.000 -4.22  0.55  3.99  0.00  0.32 0.515  00  02E014M000  1.000
GLU02A0043_038  0.000 -4.41  0.00  6.31  0.00  1.90 0.515  00  02E016M000  1.112
GLU02A0043_039  0.000 -4.89  0.67  6.56  0.00  2.34 0.513  00  02E020M000  1.086
GLU02A0043_040  0.000 -4.08  0.24  0.75  0.00 -3.09 0.514  00  02O000M000  1.029
GLU02A0043_041  0.000 -4.42  0.22  3.97  0.00 -0.24 0.515  00  02T00EM000  1.000
GLU02A0043_042  0.000 -4.12  0.12  6.32  0.00  2.32 0.514  00  02T01CM000  1.011
GLU02A0043_043  0.000 -3.93 -0.01  3.26  0.00 -0.68 0.517  00  02T00BM000  1.030
GLU02A0043_044  0.000 -4.51  1.06  6.59  0.00  3.14 0.515  00  02T011M000  1.007
GLU02A0043_045  0.000 -3.68  0.35  3.12  0.00 -0.21 0.516  00  02T017M000  1.029
GLU02A0043_046  0.000 -3.87  0.34  6.29  0.00  2.76 0.513  00  02T019M000  1.000
GLU02A0043_047  0.000 -3.82  0.82  3.01  0.00  0.01 0.517  00  02T01AM000  1.000
GLU02A0043_048  0.000 -4.67  0.81  6.21  0.00  2.35 0.515  00  02T021M000  1.084
GLU02A0043_049  0.000 -3.91 -0.01  0.55  0.00 -3.38 0.517  00  02T00BM000  1.038
GLU02A0043_050  0.000 -4.37  1.51  1.39  0.00 -1.48 0.514  00  02T00FM000  1.015
GLU02A0043_051  0.000 -4.36  1.47  1.40  0.00 -1.49 0.515  00  02T010M000  1.003
GLU02A0043_052  0.000 -4.22  0.55  1.25  0.00 -2.42 0.515  00  02T014M000  1.000
GLU02A0043_053  0.000 -3.89  0.34  3.55  0.00  0.01 0.513  00  02T019M000  1.000
GLU02A0043_054  0.000 -4.12  0.12  3.60  0.00 -0.40 0.514  00  02T01CM000  1.011
GLU02A0043_055  0.000 -4.93  0.68  3.81  0.00 -0.44 0.513  00  02T020M000  1.093
GLU02A0043_056  0.000 -4.51  1.06  3.87  0.00  0.42 0.515  00  02T011M000  1.007
GLU02A0043_057  0.000 -3.99  0.04  3.54  0.00 -0.40 0.514  00  02T012M000  1.000
GLU02A0043_058  0.000 -4.41  0.01  3.55  0.00 -0.86 0.515  00  02T016M000  1.120
GLU02A0043_059  0.000 -3.68  0.35  0.40  0.00 -2.93 0.516  00  02T017M000  1.029
GLU02A0043_060  0.000 -3.86  0.82  0.29  0.00 -2.75 0.517  00  02T01AM000  1.008
GLU02A0043_061  0.000 -4.65  0.81  3.49  0.00 -0.35 0.515  00  02T021M000  1.081
GLU-1A0043_062 -1.000 -3.97  0.26  0.75  0.00 -2.96 0.514  00  -1O000M000  1.014
GLU-1A0043_063 -1.000 -3.77  0.57  3.18  0.00 -0.02 0.515  00  -1E003M000  1.000
GLU-1A0043_064 -1.000 -3.04  0.38  2.48  0.00 -0.19 0.515  00  -1E009M000  1.000
GLU-1A0043_065 -1.000 -3.80 -0.00  0.51  0.00 -3.28 0.517  00  -1E00BM000  1.007
GLU-1A0043_066 -1.000 -4.43  1.52  1.37  0.00 -1.53 0.514  00  -1E00FM000  1.007
GLU-1A0043_067 -1.000 -4.21  1.55  1.37  0.00 -1.28 0.515  00  -1E010M000  1.003
GLU-1A0043_068 -1.000 -3.95  0.01  3.47  0.00 -0.47 0.514  00  -1E012M000  1.000
GLU-1A0043_069 -1.000 -4.25  0.54  1.16  0.00 -2.55 0.515  00  -1E014M000  1.000
GLU-1A0043_070 -1.000 -4.41 -0.01  3.49  0.00 -0.93 0.515  00  -1E016M000  1.110
GLU-1A0043_071 -1.000 -3.72  0.35  0.39  0.00 -2.98 0.516  00  -1E017M000  1.029
GLU-1A0043_072 -1.000 -3.79  0.70  0.29  0.00 -2.80 0.517  00  -1E01AM000  1.000
GLU-1A0043_073 -1.000 -4.04  0.13  3.49  0.00 -0.42 0.514  00  -1E01CM000  1.003
GLU-1A0043_074 -1.000 -4.84  0.64  3.76  0.00 -0.45 0.513  00  -1E020M000  1.082
GLU-1A0043_075 -1.000 -4.64  0.82  3.49  0.00 -0.33 0.515  00  -1E021M000  1.073
