   confID        vdw0    sas     sum
GLU01A0043_001   1.159  -4.951  -3.792
GLU01A0043_002   1.806  -4.469  -2.663
GLU01A0043_003   0.405  -4.692  -4.287
GLU01A0043_004   0.391  -4.981  -4.589
GLU01A0043_005   1.089  -4.920  -3.831
GLU01A0043_006   0.724  -4.786  -4.062
GLU01A0043_007   1.159  -5.002  -3.844
GLU01A0043_008   0.752  -4.662  -3.910
GLU01A0043_009   0.727  -4.659  -3.932
GLU01A0043_010   1.080  -4.737  -3.657
GLU01A0043_011   0.402  -4.923  -4.521
GLU01A0043_012   1.285  -4.748  -3.463
GLU01A0043_013   1.289  -4.660  -3.371
GLU01A0043_014   0.697  -4.628  -3.931
GLU01A0043_015   0.420  -5.163  -4.743
GLU01A0043_016   0.448  -4.935  -4.487
GLU01A0043_017   1.278  -4.681  -3.403
GLU01A0043_018   0.409  -4.755  -4.345
GLU01A0043_019   0.755  -4.662  -3.907
GLU01A0043_020   0.760  -5.157  -4.398
GLU01A0043_021   1.169  -4.716  -3.547
GLU01A0043_022   0.404  -4.737  -4.333
GLU01A0043_023   0.405  -4.679  -4.274
GLU01A0043_024   1.285  -4.748  -3.463
GLU01A0043_025   1.289  -4.660  -3.371
GLU01A0043_026   0.722  -4.786  -4.064
GLU01A0043_027   0.420  -5.163  -4.743
GLU01A0043_028   0.405  -4.985  -4.580
GLU01A0043_029   0.760  -5.157  -4.398
GLU01A0043_030   1.052  -4.899  -3.847
GLU02A0043_031   0.970  -5.027  -4.057
GLU02A0043_032   0.931  -4.930  -3.999
GLU02A0043_033   1.503  -4.636  -3.133
GLU02A0043_034   0.399  -4.772  -4.373
GLU02A0043_035   0.400  -4.757  -4.358
GLU02A0043_036   0.705  -4.786  -4.081
GLU02A0043_037   0.384  -4.604  -4.220
GLU02A0043_038   0.700  -5.111  -4.410
GLU02A0043_039   0.418  -5.304  -4.886
GLU02A0043_040   0.970  -5.065  -4.095
GLU02A0043_041   0.405  -4.828  -4.422
GLU02A0043_042   0.704  -4.820  -4.116
GLU02A0043_043   1.002  -4.924  -3.922
GLU02A0043_044   0.411  -4.924  -4.513
GLU02A0043_045   1.047  -4.728  -3.680
GLU02A0043_046   0.686  -4.558  -3.873
GLU02A0043_047   0.914  -4.742  -3.828
GLU02A0043_048   0.450  -5.116  -4.666
GLU02A0043_049   0.988  -4.900  -3.912
GLU02A0043_050   0.398  -4.772  -4.373
GLU02A0043_051   0.400  -4.757  -4.357
GLU02A0043_052   0.385  -4.604  -4.220
GLU02A0043_053   0.671  -4.558  -3.887
GLU02A0043_054   0.704  -4.820  -4.116
GLU02A0043_055   0.417  -5.343  -4.926
GLU02A0043_056   0.411  -4.924  -4.513
GLU02A0043_057   0.732  -4.724  -3.992
GLU02A0043_058   0.735  -5.147  -4.412
GLU02A0043_059   1.047  -4.728  -3.680
GLU02A0043_060   0.914  -4.780  -3.867
GLU02A0043_061   0.450  -5.103  -4.653
GLU-1A0043_062   0.881  -4.869  -3.988
GLU-1A0043_063   0.850  -4.615  -3.765
GLU-1A0043_064   1.463  -4.508  -3.045
GLU-1A0043_065   0.903  -4.702  -3.800
GLU-1A0043_066   0.304  -4.731  -4.427
GLU-1A0043_067   0.301  -4.507  -4.206
GLU-1A0043_068   0.605  -4.555  -3.950
GLU-1A0043_069   0.303  -4.551  -4.248
GLU-1A0043_070   0.604  -5.010  -4.407
GLU-1A0043_071   0.958  -4.676  -3.719
GLU-1A0043_072   0.840  -4.628  -3.788
GLU-1A0043_073   0.602  -4.641  -4.040
GLU-1A0043_074   0.330  -5.174  -4.844
GLU-1A0043_075   0.342  -4.982  -4.640
