iConf CONFORMER     FL  occ    crg   Em0  pKa0 ne nH    vdw0    vdw1    tors    epol   dsolv   extra    history
00001 GLU01A0052_001 f 0.00  0.000     0  0.00  0  0  -3.756   1.135   3.493   0.012  -0.152   0.000 01O000M000t
00002 GLU01A0052_002 f 0.00  0.000     0  0.00  0  0  -3.651   1.135   0.773   0.007  -0.107   0.000 01O000M000t
00003 GLU01A0052_003 f 0.00  0.000     0  0.00  0  0  -3.287   0.820   0.516   0.010  -0.107   0.000 01E001M000t
00004 GLU01A0052_004 f 0.00  0.000     0  0.00  0  0  -3.786   0.377   3.738   0.011  -0.104   0.000 01E012M000t
00005 GLU01A0052_005 f 0.00  0.000     0  0.00  0  0  -4.195   0.731   5.815   0.060  -0.142   0.000 01T007M000t
00006 GLU01A0052_006 f 0.00  0.000     0  0.00  0  0  -4.190   1.009   3.830   0.032  -0.149   0.000 01T009M000t
00007 GLU01A0052_007 f 0.00  0.000     0  0.00  0  0  -3.344   0.924   5.399   0.027  -0.146   0.000 01T00EM000t
00008 GLU01A0052_008 f 0.00  0.000     0  0.00  0  0  -3.845   0.402   6.489   0.071  -0.142   0.000 01T012M000t
00009 GLU01A0052_009 f 0.00  0.000     0  0.00  0  0  -3.287   0.822   3.224   0.046  -0.148   0.000 01T001M000t
00010 GLU01A0052_010 f 0.00  0.000     0  0.00  0  0  -3.916   2.051   3.376   0.050  -0.136   0.000 01T006M000t
00011 GLU01A0052_011 f 0.00  0.000     0  0.00  0  0  -4.196   0.232   3.811   0.024  -0.154   0.000 01T00DM000t
00012 GLU01A0052_012 f 0.00  0.000     0  0.00  0  0  -3.844   2.641   3.102   0.087  -0.127   0.000 01T010M000t
00013 GLU01A0052_013 f 0.00  0.000     0  0.00  0  0  -3.895   1.109   3.057   0.062  -0.136   0.000 01T013M000t
00014 GLU01A0052_014 f 0.00  0.000     0  0.00  0  0  -3.895   0.496   6.427   0.014  -0.155   0.000 01T015M000t
00015 GLU01A0052_015 f 0.00  0.000     0  0.00  0  0  -4.372   0.765   6.234   0.018  -0.147   0.000 01T016M000t
00016 GLU01A0052_016 f 0.00  0.000     0  0.00  0  0  -4.047   2.015   0.666   0.026  -0.108   0.000 01T006M000t
00017 GLU01A0052_017 f 0.00  0.000     0  0.00  0  0  -3.688   1.219   0.314   0.020  -0.106   0.000 01T013M000t
00018 GLU01A0052_018 f 0.00  0.000     0  0.00  0  0  -4.016   0.733   3.062   0.014  -0.105   0.000 01T007M000t
00019 GLU01A0052_019 f 0.00  0.000     0  0.00  0  0  -4.196   0.232   1.091   0.010  -0.105   0.000 01T00DM000t
00020 GLU01A0052_020 f 0.00  0.000     0  0.00  0  0  -4.140   0.895   3.105   0.006  -0.110   0.000 01T00FM000t
00021 GLU01A0052_021 f 0.00  0.000     0  0.00  0  0  -3.844   2.641   0.382   0.006  -0.105   0.000 01T010M000t
00022 GLU01A0052_022 f 0.00  0.000     0  0.00  0  0  -3.869   0.496   3.707   0.007  -0.106   0.000 01T015M000t
00023 GLU01A0052_023 f 0.00  0.000     0  0.00  0  0  -4.372   0.765   3.514   0.008  -0.105   0.000 01T016M000t
00024 GLU02A0052_024 f 0.00  0.000     0  0.00  0  0  -3.802   1.142   3.493   0.024  -0.158   0.000 02O000M000t
00025 GLU02A0052_025 f 0.00  0.000     0  0.00  0  0  -3.990   1.772   3.387   0.054  -0.153   0.000 02E006M000t
00026 GLU02A0052_026 f 0.00  0.000     0  0.00  0  0  -4.103   0.998   3.874   0.009  -0.166   0.000 02E009M000t
00027 GLU02A0052_027 f 0.00  0.000     0  0.00  0  0  -4.215   0.243   3.893   0.033  -0.157   0.000 02E00DM000t
00028 GLU02A0052_028 f 0.00  0.000     0  0.00  0  0  -4.038   1.092   3.040   0.018  -0.155   0.000 02E013M000t
00029 GLU02A0052_029 f 0.00  0.000     0  0.00  0  0  -4.386   0.771   6.313   0.028  -0.150   0.000 02E016M000t
00030 GLU02A0052_030 f 0.00  0.000     0  0.00  0  0  -3.765   1.142   0.773   0.010  -0.107   0.000 02O000M000t
00031 GLU02A0052_031 f 0.00  0.000     0  0.00  0  0  -3.608   0.259   3.243   0.027  -0.156   0.000 02T002M000t
00032 GLU02A0052_032 f 0.00  0.000     0  0.00  0  0  -4.165   0.729   5.792  -0.001  -0.153   0.000 02T007M000t
00033 GLU02A0052_033 f 0.00  0.000     0  0.00  0  0  -4.190   0.916   3.752   0.010  -0.156   0.000 02T00BM000t
00034 GLU02A0052_034 f 0.00  0.000     0  0.00  0  0  -3.879   2.135   3.101  -0.010  -0.155   0.000 02T010M000t
00035 GLU02A0052_035 f 0.00  0.000     0  0.00  0  0  -3.689   0.416   6.447   0.022  -0.157   0.000 02T012M000t
00036 GLU02A0052_036 f 0.00  0.000     0  0.00  0  0  -3.834   0.478   6.391   0.047  -0.155   0.000 02T015M000t
00037 GLU02A0052_037 f 0.00  0.000     0  0.00  0  0  -4.385   0.773   3.561   0.004  -0.105   0.000 02T016M000t
00038 GLU02A0052_038 f 0.00  0.000     0  0.00  0  0  -3.660   0.259   0.523   0.009  -0.104   0.000 02T002M000t
00039 GLU02A0052_039 f 0.00  0.000     0  0.00  0  0  -3.919   1.925   0.639   0.035  -0.106   0.000 02T006M000t
00040 GLU02A0052_040 f 0.00  0.000     0  0.00  0  0  -4.165   0.729   3.072  -0.005  -0.103   0.000 02T007M000t
00041 GLU02A0052_041 f 0.00  0.000     0  0.00  0  0  -4.255   0.916   1.032   0.003  -0.107   0.000 02T00BM000t
00042 GLU02A0052_042 f 0.00  0.000     0  0.00  0  0  -3.879   2.135   0.381  -0.011  -0.103   0.000 02T010M000t
00043 GLU02A0052_043 f 0.00  0.000     0  0.00  0  0  -3.689   0.416   3.727   0.011  -0.107   0.000 02T012M000t
00044 GLU02A0052_044 f 0.00  0.000     0  0.00  0  0  -4.427   0.099   0.838   0.015  -0.104   0.000 02T014M000t
00045 GLU02A0052_045 f 0.00  0.000     0  0.00  0  0  -3.834   0.478   3.671   0.013  -0.105   0.000 02T015M000t
00046 GLU-1A0052_046 f 0.00 -1.000     0  4.75  0 -1  -3.776   1.152   0.773  -0.057  -1.038   0.000 -1O000M000t
00047 GLU-1A0052_047 f 0.00 -1.000     0  4.75  0 -1  -3.769   0.981   3.005  -0.073  -1.036   0.000 -1E003M000t
00048 GLU-1A0052_048 f 0.00 -1.000     0  4.75  0 -1  -3.992   1.934   0.639  -0.186  -1.000   0.000 -1E006M000t
00049 GLU-1A0052_049 f 0.00 -1.000     0  4.75  0 -1  -4.132   0.736   3.056  -0.167  -1.019   0.000 -1E007M000t
00050 GLU-1A0052_050 f 0.00 -1.000     0  4.75  0 -1  -3.387   0.843   0.367  -0.049  -1.035   0.000 -1E00AM000t
00051 GLU-1A0052_051 f 0.00 -1.000     0  4.75  0 -1  -3.579   0.258   0.381  -0.076  -1.036   0.000 -1E00CM000t
00052 GLU-1A0052_052 f 0.00 -1.000     0  4.75  0 -1  -3.991   2.288   0.355  -0.137  -1.015   0.000 -1E010M000t
00053 GLU-1A0052_053 f 0.00 -1.000     0  4.75  0 -1  -3.774   0.430   3.721  -0.088  -1.030   0.000 -1E012M000t
00054 GLU-1A0052_054 f 0.00 -1.000     0  4.75  0 -1  -4.417   0.113   0.884  -0.169  -1.018   0.000 -1E014M000t
00055 GLU-1A0052_055 f 0.00 -1.000     0  4.75  0 -1  -3.864   0.512   3.676  -0.106  -1.035   0.000 -1E015M000t
00056 GLU-1A0052_056 f 0.00 -1.000     0  4.75  0 -1  -4.397   0.753   3.499  -0.135  -1.011   0.000 -1E016M000t
