   confID        vdw0    sas     sum
GLU01A0052_001   0.964  -4.720  -3.756
GLU01A0052_002   0.964  -4.615  -3.651
GLU01A0052_003   1.172  -4.460  -3.287
GLU01A0052_004   0.987  -4.773  -3.786
GLU01A0052_005   0.978  -5.173  -4.195
GLU01A0052_006   0.475  -4.665  -4.190
GLU01A0052_007   1.356  -4.700  -3.344
GLU01A0052_008   0.915  -4.760  -3.845
GLU01A0052_009   1.172  -4.460  -3.287
GLU01A0052_010   0.961  -4.877  -3.916
GLU01A0052_011   0.504  -4.700  -4.196
GLU01A0052_012   1.202  -5.046  -3.844
GLU01A0052_013   1.109  -5.004  -3.895
GLU01A0052_014   1.034  -4.929  -3.895
GLU01A0052_015   0.512  -4.883  -4.372
GLU01A0052_016   0.916  -4.963  -4.047
GLU01A0052_017   1.126  -4.813  -3.688
GLU01A0052_018   1.061  -5.076  -4.016
GLU01A0052_019   0.504  -4.700  -4.196
GLU01A0052_020   0.586  -4.726  -4.140
GLU01A0052_021   1.202  -5.046  -3.844
GLU01A0052_022   1.034  -4.903  -3.869
GLU01A0052_023   0.512  -4.883  -4.372
GLU02A0052_024   0.851  -4.652  -3.802
GLU02A0052_025   0.831  -4.821  -3.990
GLU02A0052_026   0.486  -4.589  -4.103
GLU02A0052_027   0.486  -4.701  -4.215
GLU02A0052_028   0.940  -4.978  -4.038
GLU02A0052_029   0.495  -4.881  -4.386
GLU02A0052_030   0.851  -4.616  -3.765
GLU02A0052_031   0.960  -4.569  -3.608
GLU02A0052_032   0.883  -5.049  -4.165
GLU02A0052_033   0.534  -4.724  -4.190
GLU02A0052_034   0.989  -4.868  -3.879
GLU02A0052_035   0.953  -4.642  -3.689
GLU02A0052_036   1.052  -4.885  -3.834
GLU02A0052_037   0.496  -4.881  -4.385
GLU02A0052_038   0.960  -4.620  -3.660
GLU02A0052_039   0.833  -4.752  -3.919
GLU02A0052_040   0.883  -5.049  -4.165
GLU02A0052_041   0.534  -4.788  -4.255
GLU02A0052_042   0.989  -4.868  -3.879
GLU02A0052_043   0.953  -4.642  -3.689
GLU02A0052_044   0.565  -4.991  -4.427
GLU02A0052_045   1.052  -4.885  -3.834
GLU-1A0052_046   0.745  -4.521  -3.776
GLU-1A0052_047   0.739  -4.508  -3.769
GLU-1A0052_048   0.731  -4.722  -3.992
GLU-1A0052_049   0.784  -4.916  -4.132
GLU-1A0052_050   0.992  -4.379  -3.387
GLU-1A0052_051   0.994  -4.573  -3.579
GLU-1A0052_052   0.903  -4.894  -3.991
GLU-1A0052_053   0.824  -4.598  -3.774
GLU-1A0052_054   0.422  -4.838  -4.417
GLU-1A0052_055   0.877  -4.740  -3.864
GLU-1A0052_056   0.398  -4.795  -4.397
