iConf CONFORMER     FL  occ    crg   Em0  pKa0 ne nH    vdw0    vdw1    tors    epol   dsolv   extra    history
00001 LYS01A0071_001 f 0.00  0.000     0  0.00  0  0 -10.326   0.663   1.337  -0.005  -0.958   0.000 01O000M000t
00002 LYS01A0071_002 f 0.00  0.000     0  0.00  0  0  -9.995   0.612   1.103  -0.009  -0.933   0.000 01E00FM000t
00003 LYS01A0071_003 f 0.00  0.000     0  0.00  0  0  -9.671   2.062   4.092  -0.006  -1.053   0.000 01E016M000t
00004 LYS01A0071_004 f 0.00  0.000     0  0.00  0  0  -4.508   0.635   1.234  -0.008  -0.982   0.000 01E031M000t
00005 LYS01A0071_005 f 0.00  0.000     0  0.00  0  0  -9.556   2.145   6.485  -0.010  -0.986   0.000 01E042M000t
00006 LYS01A0071_006 f 0.00  0.000     0  0.00  0  0  -7.661   0.699   1.591  -0.012  -0.858   0.000 01E061M000t
00007 LYS01A0071_007 f 0.00  0.000     0  0.00  0  0  -9.774   1.187   4.158  -0.010  -0.917   0.000 01E063M000t
00008 LYS01A0071_008 f 0.00  0.000     0  0.00  0  0  -9.718   2.029   6.831  -0.009  -1.071   0.000 01E080M000t
00009 LYS01A0071_009 f 0.00  0.000     0  0.00  0  0  -9.405   0.940   4.138  -0.002  -0.932   0.000 01E08BM000t
00010 LYS01A0071_010 f 0.00  0.000     0  0.00  0  0  -9.289   1.066   4.075  -0.016  -0.904   0.000 01E090M000t
00011 LYS01A0071_011 f 0.00  0.000     0  0.00  0  0  -8.584   1.500   4.570  -0.008  -0.874   0.000 01E0ACM000t
00012 LYS01A0071_012 f 0.00  0.000     0  0.00  0  0  -9.421   2.058   6.914  -0.058  -0.991   0.000 01E0BEM000t
00013 LYS01A0071_013 f 0.00  0.000     0  0.00  0  0  -9.378   1.713   4.049  -0.043  -0.957   0.000 01E0DEM000t
00014 LYS01A0071_014 f 0.00  0.000     0  0.00  0  0 -10.260   2.019   4.077  -0.010  -1.030   0.000 01T014M000t
00015 LYS01A0071_015 f 0.00  0.000     0  0.00  0  0 -10.066   1.174   1.113  -0.006  -0.976   0.000 01T017M000t
00016 LYS01A0071_016 f 0.00  0.000     0  0.00  0  0  -8.651   0.538   1.112  -0.009  -0.896   0.000 01T071M000t
00017 LYS01A0071_017 f 0.00  0.000     0  0.00  0  0  -8.294   2.042   3.908  -0.006  -0.898   0.000 01T07EM000t
00018 LYS01A0071_018 f 0.00  0.000     0  0.00  0  0  -9.066   1.190   3.753  -0.008  -0.927   0.000 01T08AM000t
00019 LYS01A0071_019 f 0.00  0.000     0  0.00  0  0  -8.754   0.736   1.535  -0.013  -0.887   0.000 01T0C6M000t
00020 LYS01A0071_020 f 0.00  0.000     0  0.00  0  0  -8.789   1.072   1.411  -0.016  -0.904   0.000 01T0D2M000t
00021 LYS+1A0071_021 f 0.00  1.000     0 10.40  0  1 -10.375   0.662   1.337   0.021 -12.940   0.000 +1O000M000t
00022 LYS+1A0071_022 f 0.00  1.000     0 10.40  0  1 -10.019   0.615   1.113   0.039 -12.935   0.000 +1E00FM000t
00023 LYS+1A0071_023 f 0.00  1.000     0 10.40  0  1 -10.446   2.025   4.089   0.045 -12.932   0.000 +1E014M000t
00024 LYS+1A0071_024 f 0.00  1.000     0 10.40  0  1 -10.098   1.157   1.123   0.020 -12.924   0.000 +1E017M000t
00025 LYS+1A0071_025 f 0.00  1.000     0 10.40  0  1  -9.599   2.147   6.514   0.028 -12.869   0.000 +1E042M000t
00026 LYS+1A0071_026 f 0.00  1.000     0 10.40  0  1  -7.747   0.693   1.598   0.067 -12.778   0.000 +1E061M000t
00027 LYS+1A0071_027 f 0.00  1.000     0 10.40  0  1  -9.812   1.168   4.172   0.146 -12.758   0.000 +1E063M000t
00028 LYS+1A0071_028 f 0.00  1.000     0 10.40  0  1  -8.700   0.536   1.122   0.100 -12.962   0.000 +1E071M000t
00029 LYS+1A0071_029 f 0.00  1.000     0 10.40  0  1  -8.414   2.041   3.913   0.090 -12.748   0.000 +1E07EM000t
00030 LYS+1A0071_030 f 0.00  1.000     0 10.40  0  1  -9.797   2.027   6.846   0.061 -12.905   0.000 +1E080M000t
00031 LYS+1A0071_031 f 0.00  1.000     0 10.40  0  1  -9.298   0.943   4.150   0.032 -12.873   0.000 +1E08BM000t
00032 LYS+1A0071_032 f 0.00  1.000     0 10.40  0  1  -9.189   1.062   4.092   0.015 -12.763   0.000 +1E090M000t
00033 LYS+1A0071_033 f 0.00  1.000     0 10.40  0  1  -8.646   1.490   4.584   0.098 -12.733   0.000 +1E0ACM000t
00034 LYS+1A0071_034 f 0.00  1.000     0 10.40  0  1  -9.424   2.015   6.958   0.289 -13.020   0.000 +1E0BEM000t
00035 LYS+1A0071_035 f 0.00  1.000     0 10.40  0  1  -9.339   1.576   4.133   0.147 -12.798   0.000 +1E0DEM000t
00036 LYS+1A0071_036 f 0.00  1.000     0 10.40  0  1  -9.701   2.069   4.097   0.023 -12.918   0.000 +1T016M000t
00037 LYS+1A0071_037 f 0.00  1.000     0 10.40  0  1  -4.427   0.629   1.230   0.046 -12.829   0.000 +1T031M000t
00038 LYS+1A0071_038 f 0.00  1.000     0 10.40  0  1  -9.180   1.176   3.809   0.012 -12.911   0.000 +1T08AM000t
00039 LYS+1A0071_039 f 0.00  1.000     0 10.40  0  1  -8.844   0.733   1.539   0.028 -12.762   0.000 +1T0C6M000t
00040 LYS+1A0071_040 f 0.00  1.000     0 10.40  0  1  -8.829   1.072   1.413   0.061 -12.858   0.000 +1T0D2M000t
