CONFORMER         crg  vdw0  vdw1  tors  epol  self   occ  Hb     history    ASA
LYS01A0071_001  0.000-10.33  0.66  1.34  0.00 -8.33 0.501  00  01O000M000  1.000
LYS01A0071_002  0.000 -9.99  0.61  1.10  0.00 -8.27 0.502  00  01E00FM000  1.000
LYS01A0071_003  0.000 -9.68  2.06  4.09  0.00 -3.52 0.502  00  01E016M000  1.000
LYS01A0071_004  0.000 -4.52  0.63  1.23  0.00 -2.65 0.503  00  01E031M000  1.000
LYS01A0071_005  0.000 -9.56  2.14  6.48  0.00 -0.93 0.502  00  01E042M000  1.000
LYS01A0071_006  0.000 -7.66  0.70  1.59  0.00 -5.37 0.502  00  01E061M000  1.000
LYS01A0071_007  0.000 -9.78  1.19  4.16  0.00 -4.43 0.502  00  01E063M000  1.000
LYS01A0071_008  0.000 -9.71  2.03  6.83  0.00 -0.86 0.501  00  01E080M000  1.000
LYS01A0071_009  0.000 -9.41  0.94  4.14  0.00 -4.33 0.502  00  01E08BM000  1.000
LYS01A0071_010  0.000 -9.29  1.06  4.08  0.00 -4.14 0.502  00  01E090M000  1.000
LYS01A0071_011  0.000 -8.52  1.50  4.57  0.00 -2.45 0.502  00  01E0ACM000  1.000
LYS01A0071_012  0.000 -9.42  2.05  6.91  0.00 -0.45 0.502  00  01E0BEM000  1.000
LYS01A0071_013  0.000 -9.38  1.71  4.05  0.00 -3.61 0.502  00  01E0DEM000  1.000
LYS01A0071_014  0.000-10.26  2.02  4.08  0.00 -4.16 0.502  00  01T014M000  1.000
LYS01A0071_015  0.000-10.06  1.17  1.11  0.00 -7.78 0.503  00  01T017M000  1.000
LYS01A0071_016  0.000 -8.65  0.54  1.11  0.00 -7.00 0.502  00  01T071M000  1.000
LYS01A0071_017  0.000 -8.30  2.04  3.91  0.00 -2.35 0.502  00  01T07EM000  1.000
LYS01A0071_018  0.000 -9.07  1.19  3.75  0.00 -4.13 0.501  00  01T08AM000  1.000
LYS01A0071_019  0.000 -8.72  0.74  1.53  0.00 -6.45 0.503  00  01T0C6M000  1.000
LYS01A0071_020  0.000 -8.79  1.07  1.41  0.00 -6.30 0.502  00  01T0D2M000  1.000
LYS+1A0071_021  1.000-10.38  0.66  1.34  0.00 -8.38 0.501  00  +1O000M000  1.000
LYS+1A0071_022  1.000-10.02  0.62  1.11  0.00 -8.29 0.502  00  +1E00FM000  1.000
LYS+1A0071_023  1.000-10.44  2.02  4.09  0.00 -4.33 0.502  00  +1E014M000  1.000
LYS+1A0071_024  1.000-10.10  1.16  1.12  0.00 -7.82 0.503  00  +1E017M000  1.000
LYS+1A0071_025  1.000 -9.59  2.14  6.51  0.00 -0.94 0.502  00  +1E042M000  1.000
LYS+1A0071_026  1.000 -7.70  0.69  1.60  0.00 -5.41 0.502  00  +1E061M000  1.000
LYS+1A0071_027  1.000 -9.81  1.17  4.17  0.00 -4.46 0.502  00  +1E063M000  1.000
LYS+1A0071_028  1.000 -8.70  0.54  1.12  0.00 -7.04 0.502  00  +1E071M000  1.000
LYS+1A0071_029  1.000 -8.41  2.04  3.91  0.00 -2.46 0.502  00  +1E07EM000  1.000
LYS+1A0071_030  1.000 -9.80  2.03  6.85  0.00 -0.93 0.501  00  +1E080M000  1.000
LYS+1A0071_031  1.000 -9.30  0.94  4.15  0.00 -4.21 0.502  00  +1E08BM000  1.000
LYS+1A0071_032  1.000 -9.19  1.06  4.09  0.00 -4.04 0.502  00  +1E090M000  1.000
LYS+1A0071_033  1.000 -8.65  1.49  4.58  0.00 -2.57 0.502  00  +1E0ACM000  1.000
LYS+1A0071_034  1.000 -9.43  2.02  6.96  0.00 -0.45 0.502  00  +1E0BEM000  1.000
LYS+1A0071_035  1.000 -9.34  1.58  4.13  0.00 -3.63 0.502  00  +1E0DEM000  1.000
LYS+1A0071_036  1.000 -9.70  2.07  4.10  0.00 -3.54 0.502  00  +1T016M000  1.000
LYS+1A0071_037  1.000 -4.44  0.63  1.23  0.00 -2.58 0.503  00  +1T031M000  1.000
LYS+1A0071_038  1.000 -9.18  1.17  3.81  0.00 -4.20 0.501  00  +1T08AM000  1.000
LYS+1A0071_039  1.000 -8.85  0.73  1.54  0.00 -6.58 0.503  00  +1T0C6M000  1.000
LYS+1A0071_040  1.000 -8.83  1.07  1.41  0.00 -6.34 0.502  00  +1T0D2M000  1.000
