   confID        vdw0    sas     sum
LYS01A0071_001   2.038 -12.363 -10.326
LYS01A0071_002   2.230 -12.225  -9.995
LYS01A0071_003   2.296 -11.967  -9.671
LYS01A0071_004   7.759 -12.267  -4.508
LYS01A0071_005   2.698 -12.254  -9.556
LYS01A0071_006   4.655 -12.316  -7.661
LYS01A0071_007   2.648 -12.422  -9.774
LYS01A0071_008   2.732 -12.450  -9.718
LYS01A0071_009   2.807 -12.212  -9.405
LYS01A0071_010   3.030 -12.319  -9.289
LYS01A0071_011   3.355 -11.940  -8.584
LYS01A0071_012   3.039 -12.460  -9.421
LYS01A0071_013   2.957 -12.335  -9.378
LYS01A0071_014   1.888 -12.148 -10.260
LYS01A0071_015   2.265 -12.331 -10.066
LYS01A0071_016   3.508 -12.158  -8.651
LYS01A0071_017   3.590 -11.885  -8.294
LYS01A0071_018   3.182 -12.247  -9.066
LYS01A0071_019   3.572 -12.325  -8.754
LYS01A0071_020   3.441 -12.229  -8.789
LYS+1A0071_021   1.989 -12.363 -10.375
LYS+1A0071_022   2.206 -12.225 -10.019
LYS+1A0071_023   1.843 -12.289 -10.446
LYS+1A0071_024   2.233 -12.331 -10.098
LYS+1A0071_025   2.665 -12.264  -9.599
LYS+1A0071_026   4.569 -12.316  -7.747
LYS+1A0071_027   2.598 -12.409  -9.812
LYS+1A0071_028   3.471 -12.171  -8.700
LYS+1A0071_029   3.539 -11.952  -8.414
LYS+1A0071_030   2.692 -12.489  -9.797
LYS+1A0071_031   2.757 -12.054  -9.298
LYS+1A0071_032   2.994 -12.184  -9.189
LYS+1A0071_033   3.294 -11.940  -8.646
LYS+1A0071_034   3.035 -12.460  -9.424
LYS+1A0071_035   2.980 -12.318  -9.339
LYS+1A0071_036   2.266 -11.967  -9.701
LYS+1A0071_037   7.891 -12.318  -4.427
LYS+1A0071_038   3.157 -12.337  -9.180
LYS+1A0071_039   3.507 -12.351  -8.844
LYS+1A0071_040   3.401 -12.229  -8.829
