iConf CONFORMER     FL  occ    crg   Em0  pKa0 ne nH    vdw0    vdw1    tors    epol   dsolv   extra    history
00001 LYS01A0009_001 f 0.00  0.000     0  0.00  0  0 -10.576   0.880   1.549  -0.006  -0.505   0.000 01O000M000t
00002 LYS01A0009_002 f 0.00  0.000     0  0.00  0  0  -9.898   1.047   1.790  -0.006  -0.512   0.000 01E004M000t
00003 LYS01A0009_003 f 0.00  0.000     0  0.00  0  0  -9.632   1.527   3.468  -0.007  -0.484   0.000 01E018M000t
00004 LYS01A0009_004 f 0.00  0.000     0  0.00  0  0  -5.965   2.061   4.250  -0.008  -0.509   0.000 01E02CM000t
00005 LYS01A0009_005 f 0.00  0.000     0  0.00  0  0  -9.136   0.899   1.173  -0.001  -0.505   0.000 01E02EM000t
00006 LYS01A0009_006 f 0.00  0.000     0  0.00  0  0  -9.180   1.666   3.773  -0.013  -0.493   0.000 01E045M000t
00007 LYS01A0009_007 f 0.00  0.000     0  0.00  0  0  -9.100   1.956   6.060  -0.012  -0.522   0.000 01E053M000t
00008 LYS01A0009_008 f 0.00  0.000     0  0.00  0  0  -9.286   1.466   3.913  -0.014  -0.526   0.000 01E08BM000t
00009 LYS01A0009_009 f 0.00  0.000     0  0.00  0  0  -9.283   5.640   1.408  -0.038  -0.486   0.000 01E090M000t
00010 LYS01A0009_010 f 0.00  0.000     0  0.00  0  0 -10.238   2.138   1.957  -0.013  -0.503   0.000 01T01DM000t
00011 LYS01A0009_011 f 0.00  0.000     0  0.00  0  0  -6.157   0.951   2.188  -0.011  -0.536   0.000 01T021M000t
00012 LYS01A0009_012 f 0.00  0.000     0  0.00  0  0  -8.503   0.880   1.149  -0.008  -0.500   0.000 01T02FM000t
00013 LYS01A0009_013 f 0.00  0.000     0  0.00  0  0  -9.225   1.535   3.486  -0.008  -0.523   0.000 01T038M000t
00014 LYS01A0009_014 f 0.00  0.000     0  0.00  0  0  -8.521   1.686   5.726  -0.007  -0.512   0.000 01T039M000t
00015 LYS01A0009_015 f 0.00  0.000     0  0.00  0  0  -8.481   1.560   3.280  -0.001  -0.473   0.000 01T03AM000t
00016 LYS01A0009_016 f 0.00  0.000     0  0.00  0  0  -9.795   1.322   3.996  -0.008  -0.510   0.000 01T041M000t
00017 LYS01A0009_017 f 0.00  0.000     0  0.00  0  0 -10.076   1.292   3.826  -0.010  -0.509   0.000 01T044M000t
00018 LYS01A0009_018 f 0.00  0.000     0  0.00  0  0  -7.906   1.859   3.958  -0.010  -0.476   0.000 01T055M000t
00019 LYS01A0009_019 f 0.00  0.000     0  0.00  0  0  -9.406   0.877   3.828  -0.007  -0.505   0.000 01T05DM000t
00020 LYS01A0009_020 f 0.00  0.000     0  0.00  0  0  -5.376   0.996   2.214  -0.011  -0.475   0.000 01T083M000t
00021 LYS+1A0009_021 f 0.00  1.000     0 10.40  0  1 -10.626   0.879   1.549   0.035  -7.300   0.000 +1O000M000t
00022 LYS+1A0009_022 f 0.00  1.000     0 10.40  0  1  -6.129   0.945   2.200   0.034  -7.311   0.000 +1E021M000t
00023 LYS+1A0009_023 f 0.00  1.000     0 10.40  0  1  -6.079   2.065   4.262   0.056  -7.301   0.000 +1E02CM000t
00024 LYS+1A0009_024 f 0.00  1.000     0 10.40  0  1  -8.615   1.688   5.795   0.053  -7.282   0.000 +1E039M000t
00025 LYS+1A0009_025 f 0.00  1.000     0 10.40  0  1  -8.505   1.557   3.287   0.080  -7.179   0.000 +1E03AM000t
00026 LYS+1A0009_026 f 0.00  1.000     0 10.40  0  1  -9.838   1.330   4.035   0.094  -7.275   0.000 +1E041M000t
00027 LYS+1A0009_027 f 0.00  1.000     0 10.40  0  1 -10.077   1.291   3.927   0.077  -7.349   0.000 +1E044M000t
00028 LYS+1A0009_028 f 0.00  1.000     0 10.40  0  1  -9.238   1.650   3.811   0.061  -7.263   0.000 +1E045M000t
00029 LYS+1A0009_029 f 0.00  1.000     0 10.40  0  1  -9.205   1.961   6.112   0.067  -7.263   0.000 +1E053M000t
00030 LYS+1A0009_030 f 0.00  1.000     0 10.40  0  1  -7.948   1.850   3.971   0.134  -7.161   0.000 +1E055M000t
00031 LYS+1A0009_031 f 0.00  1.000     0 10.40  0  1  -5.452   0.997   2.230   0.079  -7.224   0.000 +1E083M000t
00032 LYS+1A0009_032 f 0.00  1.000     0 10.40  0  1  -9.926   1.054   1.805   0.050  -7.331   0.000 +1T004M000t
00033 LYS+1A0009_033 f 0.00  1.000     0 10.40  0  1  -9.693   1.533   3.471   0.032  -7.283   0.000 +1T018M000t
00034 LYS+1A0009_034 f 0.00  1.000     0 10.40  0  1 -10.148   2.106   1.968   0.096  -7.300   0.000 +1T01DM000t
00035 LYS+1A0009_035 f 0.00  1.000     0 10.40  0  1  -9.093   0.890   1.195   0.071  -7.212   0.000 +1T02EM000t
00036 LYS+1A0009_036 f 0.00  1.000     0 10.40  0  1  -8.532   0.867   1.162   0.070  -7.194   0.000 +1T02FM000t
00037 LYS+1A0009_037 f 0.00  1.000     0 10.40  0  1  -9.430   1.549   3.589   0.061  -7.306   0.000 +1T038M000t
00038 LYS+1A0009_038 f 0.00  1.000     0 10.40  0  1  -9.349   0.879   3.884   0.047  -7.289   0.000 +1T05DM000t
00039 LYS+1A0009_039 f 0.00  1.000     0 10.40  0  1  -9.335   1.480   3.956   0.093  -7.304   0.000 +1T08BM000t
00040 LYS+1A0009_040 f 0.00  1.000     0 10.40  0  1  -9.401   5.672   1.412   0.113  -7.196   0.000 +1T090M000t
