CONFORMER         crg  vdw0  vdw1  tors  epol  self   occ  Hb     history    ASA
LYS01A0009_001  0.000-10.51  0.88  1.55  0.00 -8.08 0.504  00  01O000M000  1.000
LYS01A0009_002  0.000 -9.90  1.05  1.79  0.00 -7.06 0.502  00  01E004M000  1.000
LYS01A0009_003  0.000 -9.63  1.53  3.47  0.00 -4.64 0.502  00  01E018M000  1.000
LYS01A0009_004  0.000 -5.95  2.06  4.25  0.00  0.36 0.505  00  01E02CM000  1.000
LYS01A0009_005  0.000 -9.13  0.90  1.17  0.00 -7.06 0.504  00  01E02EM000  1.000
LYS01A0009_006  0.000 -9.18  1.66  3.77  0.00 -3.75 0.503  00  01E045M000  1.000
LYS01A0009_007  0.000 -9.10  1.95  6.06  0.00 -1.08 0.503  00  01E053M000  1.000
LYS01A0009_008  0.000 -9.28  1.46  3.91  0.00 -3.91 0.503  00  01E08BM000  1.000
LYS01A0009_009  0.000 -9.29  5.64  1.41  0.00 -2.24 0.503  00  01E090M000  1.000
LYS01A0009_010  0.000-10.23  2.14  1.96  0.00 -6.14 0.503  00  01T01DM000  1.000
LYS01A0009_011  0.000 -6.16  0.95  2.19  0.00 -3.02 0.503  00  01T021M000  1.000
LYS01A0009_012  0.000 -8.51  0.88  1.15  0.00 -6.48 0.503  00  01T02FM000  1.000
LYS01A0009_013  0.000 -9.22  1.53  3.49  0.00 -4.20 0.502  00  01T038M000  1.000
LYS01A0009_014  0.000 -8.52  1.69  5.73  0.00 -1.11 0.503  00  01T039M000  1.000
LYS01A0009_015  0.000 -8.47  1.56  3.28  0.00 -3.63 0.503  00  01T03AM000  1.000
LYS01A0009_016  0.000 -9.80  1.32  3.99  0.00 -4.48 0.504  00  01T041M000  1.000
LYS01A0009_017  0.000-10.07  1.29  3.83  0.00 -4.96 0.504  00  01T044M000  1.000
LYS01A0009_018  0.000 -7.83  1.86  3.96  0.00 -2.01 0.503  00  01T055M000  1.000
LYS01A0009_019  0.000 -9.40  0.88  3.83  0.00 -4.69 0.502  00  01T05DM000  1.000
LYS01A0009_020  0.000 -5.39  1.00  2.21  0.00 -2.18 0.504  00  01T083M000  1.000
LYS+1A0009_021  1.000-10.56  0.88  1.55  0.00 -8.13 0.504  00  +1O000M000  1.000
LYS+1A0009_022  1.000 -6.13  0.95  2.20  0.00 -2.99 0.503  00  +1E021M000  1.000
LYS+1A0009_023  1.000 -6.07  2.06  4.26  0.00  0.25 0.505  00  +1E02CM000  1.000
LYS+1A0009_024  1.000 -8.61  1.69  5.79  0.00 -1.13 0.503  00  +1E039M000  1.000
LYS+1A0009_025  1.000 -8.51  1.56  3.29  0.00 -3.67 0.503  00  +1E03AM000  1.000
LYS+1A0009_026  1.000 -9.83  1.33  4.04  0.00 -4.47 0.504  00  +1E041M000  1.000
LYS+1A0009_027  1.000-10.08  1.29  3.93  0.00 -4.86 0.504  00  +1E044M000  1.000
LYS+1A0009_028  1.000 -9.23  1.65  3.81  0.00 -3.78 0.503  00  +1E045M000  1.000
LYS+1A0009_029  1.000 -9.21  1.96  6.11  0.00 -1.13 0.503  00  +1E053M000  1.000
LYS+1A0009_030  1.000 -7.94  1.85  3.97  0.00 -2.12 0.503  00  +1E055M000  1.000
LYS+1A0009_031  1.000 -5.49  0.99  2.23  0.00 -2.26 0.504  00  +1E083M000  1.000
LYS+1A0009_032  1.000 -9.92  1.05  1.80  0.00 -7.06 0.502  00  +1T004M000  1.000
LYS+1A0009_033  1.000 -9.69  1.53  3.47  0.00 -4.69 0.502  00  +1T018M000  1.000
LYS+1A0009_034  1.000-10.21  2.10  1.97  0.00 -6.15 0.503  00  +1T01DM000  1.000
LYS+1A0009_035  1.000 -9.09  0.89  1.19  0.00 -7.01 0.504  00  +1T02EM000  1.000
LYS+1A0009_036  1.000 -8.53  0.87  1.16  0.00 -6.50 0.503  00  +1T02FM000  1.000
LYS+1A0009_037  1.000 -9.43  1.55  3.59  0.00 -4.29 0.502  00  +1T038M000  1.000
LYS+1A0009_038  1.000 -9.31  0.88  3.89  0.00 -4.55 0.502  00  +1T05DM000  1.000
LYS+1A0009_039  1.000 -9.33  1.48  3.96  0.00 -3.89 0.503  00  +1T08BM000  1.000
LYS+1A0009_040  1.000 -9.40  5.66  1.41  0.00 -2.32 0.503  00  +1T090M000  1.000
