   confID        vdw0    sas     sum
LYS01A0009_001   2.293 -12.869 -10.576
LYS01A0009_002   2.770 -12.669  -9.898
LYS01A0009_003   2.571 -12.202  -9.632
LYS01A0009_004   6.469 -12.434  -5.965
LYS01A0009_005   3.274 -12.410  -9.136
LYS01A0009_006   3.101 -12.280  -9.180
LYS01A0009_007   3.222 -12.322  -9.100
LYS01A0009_008   3.499 -12.785  -9.286
LYS01A0009_009   2.808 -12.091  -9.283
LYS01A0009_010   2.402 -12.640 -10.238
LYS01A0009_011   6.342 -12.499  -6.157
LYS01A0009_012   3.701 -12.203  -8.503
LYS01A0009_013   2.813 -12.038  -9.225
LYS01A0009_014   3.205 -11.726  -8.521
LYS01A0009_015   3.552 -12.033  -8.481
LYS01A0009_016   2.949 -12.744  -9.795
LYS01A0009_017   3.005 -13.081 -10.076
LYS01A0009_018   4.375 -12.281  -7.906
LYS01A0009_019   3.231 -12.636  -9.406
LYS01A0009_020   7.146 -12.522  -5.376
LYS+1A0009_021   2.243 -12.869 -10.626
LYS+1A0009_022   6.341 -12.470  -6.129
LYS+1A0009_023   6.483 -12.563  -6.079
LYS+1A0009_024   3.133 -11.749  -8.615
LYS+1A0009_025   3.528 -12.033  -8.505
LYS+1A0009_026   2.877 -12.715  -9.838
LYS+1A0009_027   3.004 -13.081 -10.077
LYS+1A0009_028   3.056 -12.293  -9.238
LYS+1A0009_029   3.181 -12.386  -9.205
LYS+1A0009_030   4.265 -12.213  -7.948
LYS+1A0009_031   7.069 -12.522  -5.452
LYS+1A0009_032   2.743 -12.669  -9.926
LYS+1A0009_033   2.510 -12.202  -9.693
LYS+1A0009_034   2.376 -12.524 -10.148
LYS+1A0009_035   3.265 -12.358  -9.093
LYS+1A0009_036   3.671 -12.203  -8.532
LYS+1A0009_037   2.814 -12.244  -9.430
LYS+1A0009_038   3.210 -12.559  -9.349
LYS+1A0009_039   3.437 -12.772  -9.335
LYS+1A0009_040   2.690 -12.091  -9.401
