iConf CONFORMER     FL  occ    crg   Em0  pKa0 ne nH    vdw0    vdw1    tors    epol   dsolv   extra    history
00001 MET01A0026_001 f 0.00  0.000     0  0.00  0  0 -10.992   1.468   2.392   0.025  -0.018   0.000 01O000M000t
00002 MET01A0026_002 f 0.00  0.000     0  0.00  0  0 -10.553   3.082   0.952   0.011  -0.017   0.000 01R002M000t
00003 MET01A0026_003 f 0.00  0.000     0  0.00  0  0 -10.893   3.230   2.066  -0.022  -0.017   0.000 01R005M000t
00004 MET01A0026_004 f 0.00  0.000     0  0.00  0  0 -10.941   1.965   4.207   0.027  -0.017   0.000 01R006M000t
00005 MET01A0026_005 f 0.00  0.000     0  0.00  0  0 -11.375   6.488   2.044  -0.020  -0.017   0.000 01R00AM000t
00006 MET01A0026_006 f 0.00  0.000     0  0.00  0  0 -11.429   1.187   2.924   0.018  -0.017   0.000 01R00EM000t
00007 MET01A0026_007 f 0.00  0.000     0  0.00  0  0 -11.399   1.266   2.925   0.016  -0.017   0.000 01R010M000t
00008 MET01A0026_008 f 0.00  0.000     0  0.00  0  0 -11.438   3.959   2.725   0.011  -0.019   0.000 01R013M000t
00009 MET01A0026_009 f 0.00  0.000     0  0.00  0  0 -11.749   5.298   2.019  -0.003  -0.017   0.000 01R015M000t
00010 MET01A0026_010 f 0.00  0.000     0  0.00  0  0 -11.267   6.252   1.647  -0.007  -0.017   0.000 01R016M000t
00011 MET01A0026_011 f 0.00  0.000     0  0.00  0  0 -11.429   1.788   3.046   0.008  -0.017   0.000 01R01CM000t
00012 MET01A0026_012 f 0.00  0.000     0  0.00  0  0 -11.554   1.672   3.047   0.012  -0.017   0.000 01R01EM000t
00013 MET01A0026_013 f 0.00  0.000     0  0.00  0  0 -11.028   2.461   4.961   0.019  -0.017   0.000 01R01FM000t
00014 MET01A0026_014 f 0.00  0.000     0  0.00  0  0 -11.413   1.530   2.926  -0.005  -0.017   0.000 01R027M000t
00015 MET01A0026_015 f 0.00  0.000     0  0.00  0  0 -11.914   1.617   2.270  -0.003  -0.017   0.000 01R028M000t
00016 MET01A0026_016 f 0.00  0.000     0  0.00  0  0 -11.449   1.792   4.553   0.014  -0.017   0.000 01R02BM000t
00017 MET01A0026_017 f 0.00  0.000     0  0.00  0  0 -11.072   1.989   4.428   0.014  -0.018   0.000 01T004M000t
00018 MET01A0026_018 f 0.00  0.000     0  0.00  0  0 -10.671   6.194   1.769   0.004  -0.019   0.000 01T014M000t
00019 MET01A0026_019 f 0.00  0.000     0  0.00  0  0 -11.368   1.985   3.840   0.015  -0.017   0.000 01T018M000t
00020 MET01A0026_020 f 0.00  0.000     0  0.00  0  0 -11.162   2.265   4.261   0.021  -0.017   0.000 01T020M000t
