CONFORMER         crg  vdw0  vdw1  tors  epol  self   occ  Hb     history    ASA
MET01A0026_001  0.000-10.99  1.47  2.39  0.00 -7.13 0.511  00  01O000M000  1.000
MET01A0026_002  0.000-10.49  3.08  0.95  0.00 -6.46 0.512  00  01R002M000  1.000
MET01A0026_003  0.000-10.89  3.23  2.07  0.00 -5.59 0.510  00  01R005M000  1.000
MET01A0026_004  0.000-10.94  1.97  4.20  0.00 -4.77 0.510  00  01R006M000  1.000
MET01A0026_005  0.000-11.38  6.49  2.04  0.00 -2.85 0.510  00  01R00AM000  1.000
MET01A0026_006  0.000-11.43  1.19  2.93  0.00 -7.31 0.510  00  01R00EM000  1.000
MET01A0026_007  0.000-11.40  1.27  2.93  0.00 -7.21 0.511  00  01R010M000  1.000
MET01A0026_008  0.000-11.44  3.96  2.73  0.00 -4.75 0.511  00  01R013M000  1.000
MET01A0026_009  0.000-11.70  5.28  2.02  0.00 -4.40 0.509  00  01R015M000  1.000
MET01A0026_010  0.000-11.27  6.25  1.65  0.00 -3.36 0.510  00  01R016M000  1.000
MET01A0026_011  0.000-11.43  1.79  3.05  0.00 -6.59 0.509  00  01R01CM000  1.000
MET01A0026_012  0.000-11.55  1.67  3.05  0.00 -6.83 0.510  00  01R01EM000  1.000
MET01A0026_013  0.000-11.03  2.46  4.96  0.00 -3.61 0.511  00  01R01FM000  1.000
MET01A0026_014  0.000-11.41  1.53  2.93  0.00 -6.96 0.510  00  01R027M000  1.000
MET01A0026_015  0.000-11.92  1.62  2.27  0.00 -8.03 0.509  00  01R028M000  1.000
MET01A0026_016  0.000-11.45  1.79  4.55  0.00 -5.11 0.510  00  01R02BM000  1.000
MET01A0026_017  0.000-11.07  1.99  4.43  0.00 -4.66 0.511  00  01T004M000  1.000
MET01A0026_018  0.000-10.60  6.20  1.77  0.00 -2.62 0.510  00  01T014M000  1.000
MET01A0026_019  0.000-11.42  1.99  3.84  0.00 -5.59 0.512  00  01T018M000  1.000
MET01A0026_020  0.000-11.16  2.27  4.26  0.00 -4.64 0.512  00  01T020M000  1.000
