   confID        vdw0    sas     sum
MET01A0026_001   0.321 -11.313 -10.992
MET01A0026_002   0.878 -11.431 -10.553
MET01A0026_003   0.360 -11.254 -10.893
MET01A0026_004   0.663 -11.604 -10.941
MET01A0026_005   0.301 -11.676 -11.375
MET01A0026_006   0.373 -11.802 -11.429
MET01A0026_007   0.435 -11.834 -11.399
MET01A0026_008   0.418 -11.855 -11.438
MET01A0026_009   0.309 -12.058 -11.749
MET01A0026_010   0.253 -11.520 -11.267
MET01A0026_011   0.359 -11.789 -11.429
MET01A0026_012   0.436 -11.989 -11.554
MET01A0026_013   0.544 -11.572 -11.028
MET01A0026_014   0.359 -11.772 -11.413
MET01A0026_015   0.259 -12.173 -11.914
MET01A0026_016   0.556 -12.005 -11.449
MET01A0026_017   0.549 -11.620 -11.072
MET01A0026_018   0.420 -11.091 -10.671
MET01A0026_019   0.449 -11.818 -11.368
MET01A0026_020   0.507 -11.669 -11.162
