iConf CONFORMER     FL  occ    crg   Em0  pKa0 ne nH    vdw0    vdw1    tors    epol   dsolv   extra    history
00001 GLU01A0135_001 f 0.00  0.000     0  0.00  0  0  -2.464   2.004   3.482   0.024  -1.198   0.000 01O000M000t
00002 GLU01A0135_002 f 0.00  0.000     0  0.00  0  0  -3.769   2.117   3.798   0.056  -1.273   0.000 01E003M000t
00003 GLU01A0135_003 f 0.00  0.000     0  0.00  0  0  -4.304   2.664   4.201   0.137  -1.144   0.000 01E005M000t
00004 GLU01A0135_004 f 0.00  0.000     0  0.00  0  0  -2.359   2.004   0.762   0.013  -0.872   0.000 01O000M000t
00005 GLU01A0135_005 f 0.00  0.000     0  0.00  0  0  -3.758   2.106   1.050   0.026  -0.869   0.000 01E003M000t
00006 GLU01A0135_006 f 0.00  0.000     0  0.00  0  0  -3.146   1.894   3.364   0.022  -1.309   0.000 01T002M000t
00007 GLU01A0135_007 f 0.00  0.000     0  0.00  0  0  -3.291   1.661   3.458   0.085  -1.319   0.000 01T006M000t
00008 GLU01A0135_008 f 0.00  0.000     0  0.00  0  0  -3.342   1.661   0.738   0.052  -0.861   0.000 01T006M000t
00009 GLU02A0135_009 f 0.00  0.000     0  0.00  0  0  -2.949   2.013   3.482   0.039  -1.319   0.000 02O000M000t
00010 GLU02A0135_010 f 0.00  0.000     0  0.00  0  0  -2.968   1.880   3.360   0.047  -1.261   0.000 02E002M000t
00011 GLU02A0135_011 f 0.00  0.000     0  0.00  0  0  -3.953   2.139   3.865   0.017  -1.319   0.000 02E003M000t
00012 GLU02A0135_012 f 0.00  0.000     0  0.00  0  0  -2.879   2.013   0.762   0.021  -0.880   0.000 02O000M000t
00013 GLU02A0135_013 f 0.00  0.000     0  0.00  0  0  -3.071   1.667   3.452   0.026  -1.184   0.000 02T006M000t
00014 GLU02A0135_014 f 0.00  0.000     0  0.00  0  0  -3.372   2.213   3.323   0.012  -1.240   0.000 02T004M000t
00015 GLU02A0135_015 f 0.00  0.000     0  0.00  0  0  -4.397   2.673   4.113   0.008  -1.306   0.000 02T005M000t
00016 GLU02A0135_016 f 0.00  0.000     0  0.00  0  0  -3.918   2.141   1.127   0.015  -0.886   0.000 02T003M000t
00017 GLU02A0135_017 f 0.00  0.000     0  0.00  0  0  -4.255   2.673   1.393   0.006  -0.845   0.000 02T005M000t
00018 GLU-1A0135_018 f 0.00 -1.000     0  4.75  0 -1  -2.957   2.024   0.762  -0.034  -7.451   0.000 -1O000M000t
00019 GLU-1A0135_019 f 0.00 -1.000     0  4.75  0 -1  -3.869   2.133   0.999  -0.013  -7.479   0.000 -1E003M000t
00020 GLU-1A0135_020 f 0.00 -1.000     0  4.75  0 -1  -3.127   1.675   0.693  -0.041  -7.394   0.000 -1E006M000t
