   confID        vdw0    sas     sum
GLU01A0135_001   2.093  -4.557  -2.464
GLU01A0135_002   0.686  -4.455  -3.769
GLU01A0135_003   0.503  -4.807  -4.304
GLU01A0135_004   2.093  -4.452  -2.359
GLU01A0135_005   0.697  -4.455  -3.758
GLU01A0135_006   1.287  -4.433  -3.146
GLU01A0135_007   1.380  -4.670  -3.291
GLU01A0135_008   1.380  -4.722  -3.342
GLU02A0135_009   1.680  -4.629  -2.949
GLU02A0135_010   1.510  -4.478  -2.968
GLU02A0135_011   0.602  -4.555  -3.953
GLU02A0135_012   1.680  -4.558  -2.879
GLU02A0135_013   1.608  -4.680  -3.071
GLU02A0135_014   1.644  -5.016  -3.372
GLU02A0135_015   0.538  -4.935  -4.397
GLU02A0135_016   0.603  -4.521  -3.918
GLU02A0135_017   0.538  -4.793  -4.255
GLU-1A0135_018   1.612  -4.569  -2.957
GLU-1A0135_019   0.553  -4.422  -3.869
GLU-1A0135_020   1.273  -4.400  -3.127
