iConf CONFORMER     FL  occ    crg   Em0  pKa0 ne nH    vdw0    vdw1    tors    epol   dsolv   extra    history
00001 GLU01A0101_001 f 0.00  0.000     0  0.00  0  0  -1.707   0.722   3.141   0.089  -1.162   0.000 01O000M000t
00002 GLU01A0101_002 f 0.00  0.000     0  0.00  0  0  -2.111   1.262   3.002   0.072  -1.151   0.000 01E002M000t
00003 GLU01A0101_003 f 0.00  0.000     0  0.00  0  0  -3.078   0.852   3.143   0.028  -1.281   0.000 01E007M000t
00004 GLU01A0101_004 f 0.00  0.000     0  0.00  0  0  -3.794   0.276   3.806   0.122  -1.249   0.000 01E00AM000t
00005 GLU01A0101_005 f 0.00  0.000     0  0.00  0  0  -1.707   0.722   0.421   0.034  -0.909   0.000 01O000M000t
00006 GLU01A0101_006 f 0.00  0.000     0  0.00  0  0  -3.068   0.788   3.144   0.018  -1.333   0.000 01T005M000t
00007 GLU01A0101_007 f 0.00  0.000     0  0.00  0  0  -2.145   0.927   2.999   0.057  -1.173   0.000 01T001M000t
00008 GLU01A0101_008 f 0.00  0.000     0  0.00  0  0  -2.931   1.299   3.140   0.045  -1.289   0.000 01T009M000t
00009 GLU01A0101_009 f 0.00  0.000     0  0.00  0  0  -3.504   1.573   3.275   0.102  -1.261   0.000 01T00BM000t
00010 GLU01A0101_010 f 0.00  0.000     0  0.00  0  0  -3.094   0.788   0.424   0.026  -0.912   0.000 01T005M000t
00011 GLU01A0101_011 f 0.00  0.000     0  0.00  0  0  -3.007   0.855   0.416   0.016  -0.887   0.000 01T007M000t
00012 GLU01A0101_012 f 0.00  0.000     0  0.00  0  0  -3.169   1.304   0.424   0.029  -0.870   0.000 01T009M000t
00013 GLU01A0101_013 f 0.00  0.000     0  0.00  0  0  -3.792   0.276   1.059   0.084  -0.874   0.000 01T00AM000t
00014 GLU01A0101_014 f 0.00  0.000     0  0.00  0  0  -2.140   0.927   0.279   0.017  -0.912   0.000 01T001M000t
00015 GLU01A0101_015 f 0.00  0.000     0  0.00  0  0  -3.504   1.573   0.555   0.045  -0.869   0.000 01T00BM000t
00016 GLU02A0101_016 f 0.00  0.000     0  0.00  0  0  -2.294   0.730   3.141   0.010  -1.317   0.000 02O000M000t
00017 GLU02A0101_017 f 0.00  0.000     0  0.00  0  0  -2.596   1.269   3.005   0.043  -1.281   0.000 02E002M000t
00018 GLU02A0101_018 f 0.00  0.000     0  0.00  0  0  -2.607   0.773   3.191   0.078  -1.177   0.000 02E005M000t
00019 GLU02A0101_019 f 0.00  0.000     0  0.00  0  0  -2.894   0.834   3.157   0.060  -1.186   0.000 02E007M000t
00020 GLU02A0101_020 f 0.00  0.000     0  0.00  0  0  -2.699   1.289   3.181   0.061  -1.244   0.000 02E009M000t
00021 GLU02A0101_021 f 0.00  0.000     0  0.00  0  0  -2.319   0.730   0.421   0.021  -0.897   0.000 02O000M000t
00022 GLU02A0101_022 f 0.00  0.000     0  0.00  0  0  -3.662   0.951   1.008   0.025  -0.889   0.000 02E006M000t
00023 GLU02A0101_023 f 0.00  0.000     0  0.00  0  0  -3.675   0.954   3.721   0.051  -1.293   0.000 02T006M000t
00024 GLU02A0101_024 f 0.00  0.000     0  0.00  0  0  -3.791   0.270   3.722   0.008  -1.175   0.000 02T00AM000t
00025 GLU02A0101_025 f 0.00  0.000     0  0.00  0  0  -3.335   1.536   3.302   0.080  -1.158   0.000 02T00BM000t
00026 GLU02A0101_026 f 0.00  0.000     0  0.00  0  0  -2.604   0.772   0.463   0.035  -0.893   0.000 02T005M000t
00027 GLU02A0101_027 f 0.00  0.000     0  0.00  0  0  -2.526   1.273   0.292   0.024  -0.877   0.000 02T002M000t
00028 GLU02A0101_028 f 0.00  0.000     0  0.00  0  0  -3.791   0.270   1.002   0.056  -0.890   0.000 02T00AM000t
00029 GLU02A0101_029 f 0.00  0.000     0  0.00  0  0  -3.335   1.536   0.582   0.031  -0.871   0.000 02T00BM000t
00030 GLU-1A0101_030 f 0.00 -1.000     0  4.75  0 -1  -2.134   0.741   0.421  -0.067  -7.415   0.000 -1O000M000t
00031 GLU-1A0101_031 f 0.00 -1.000     0  4.75  0 -1  -3.047   0.858   0.395  -0.071  -7.424   0.000 -1E007M000t
00032 GLU-1A0101_032 f 0.00 -1.000     0  4.75  0 -1  -3.017   1.305   0.411  -0.082  -7.411   0.000 -1E009M000t
00033 GLU-1A0101_033 f 0.00 -1.000     0  4.75  0 -1  -3.818   0.292   1.043  -0.030  -7.316   0.000 -1E00AM000t
00034 GLU-1A0101_034 f 0.00 -1.000     0  4.75  0 -1  -3.404   1.471   0.560  -0.147  -7.309   0.000 -1E00BM000t
