   confID        vdw0    sas     sum
GLU01A0101_001   2.799  -4.506  -1.707
GLU01A0101_002   2.475  -4.586  -2.111
GLU01A0101_003   1.512  -4.590  -3.078
GLU01A0101_004   0.955  -4.748  -3.794
GLU01A0101_005   2.799  -4.506  -1.707
GLU01A0101_006   1.498  -4.567  -3.068
GLU01A0101_007   2.526  -4.671  -2.145
GLU01A0101_008   1.681  -4.612  -2.931
GLU01A0101_009   1.459  -4.964  -3.504
GLU01A0101_010   1.498  -4.592  -3.094
GLU01A0101_011   1.513  -4.519  -3.007
GLU01A0101_012   1.499  -4.668  -3.169
GLU01A0101_013   0.956  -4.748  -3.792
GLU01A0101_014   2.526  -4.666  -2.140
GLU01A0101_015   1.459  -4.964  -3.504
GLU02A0101_016   2.265  -4.559  -2.294
GLU02A0101_017   2.026  -4.622  -2.596
GLU02A0101_018   1.911  -4.518  -2.607
GLU02A0101_019   1.813  -4.707  -2.894
GLU02A0101_020   1.869  -4.568  -2.699
GLU02A0101_021   2.265  -4.585  -2.319
GLU02A0101_022   0.985  -4.647  -3.662
GLU02A0101_023   0.984  -4.660  -3.675
GLU02A0101_024   0.997  -4.788  -3.791
GLU02A0101_025   1.559  -4.894  -3.335
GLU02A0101_026   1.913  -4.518  -2.604
GLU02A0101_027   2.030  -4.556  -2.526
GLU02A0101_028   0.997  -4.788  -3.791
GLU02A0101_029   1.559  -4.894  -3.335
GLU-1A0101_030   2.177  -4.311  -2.134
GLU-1A0101_031   1.474  -4.521  -3.047
GLU-1A0101_032   1.517  -4.534  -3.017
GLU-1A0101_033   0.788  -4.606  -3.818
GLU-1A0101_034   1.305  -4.709  -3.404
