CONFORMER         crg  vdw0  vdw1  tors  epol  self   occ  Hb     history    ASA
LYS01A0136_001  0.000-10.12  2.61  1.46  0.00 -6.05 0.504  00  01O000M000  1.000
LYS01A0136_002  0.000 -9.36  3.41  1.85  0.00 -4.10 0.504  00  01E007M000  1.000
LYS01A0136_003  0.000-10.04  2.61  2.01  0.00 -5.43 0.503  00  01E042M000  1.000
LYS01A0136_004  0.000-10.88  2.47  1.41  0.00 -7.00 0.503  00  01E04EM000  1.000
LYS01A0136_005  0.000 -9.73  2.87  2.15  0.00 -4.70 0.504  00  01E05DM000  1.000
LYS01A0136_006  0.000 -8.92  4.90  1.93  0.00 -2.09 0.504  00  01E069M000  1.000
LYS01A0136_007  0.000-10.25  4.42  3.64  0.00 -2.19 0.503  00  01E072M000  1.000
LYS01A0136_008  0.000 -9.57  2.96  4.34  0.00 -2.27 0.503  00  01E07EM000  1.000
LYS01A0136_009  0.000-10.18  4.75  1.22  0.00 -4.22 0.505  00  01T006M000  1.000
LYS01A0136_010  0.000 -8.91  2.45  1.12  0.00 -5.33 0.504  00  01T010M000  1.000
LYS01A0136_011  0.000 -7.69  3.35  2.02  0.00 -2.32 0.503  00  01T014M000  1.000
LYS01A0136_012  0.000 -9.66  2.49  3.67  0.00 -3.50 0.504  00  01T01DM000  1.000
LYS01A0136_013  0.000 -9.10  3.31  1.84  0.00 -3.94 0.504  00  01T02EM000  1.000
LYS01A0136_014  0.000-10.31  8.05  1.83  0.00 -0.43 0.503  00  01T034M000  1.000
LYS01A0136_015  0.000 -8.17  2.75  1.04  0.00 -4.39 0.503  00  01T039M000  1.000
LYS01A0136_016  0.000 -6.17  2.35  0.93  0.00 -2.88 0.503  00  01T050M000  1.000
LYS01A0136_017  0.000 -7.00  2.44  0.83  0.00 -3.72 0.504  00  01T052M000  1.000
LYS01A0136_018  0.000-10.20  3.44  2.15  0.00 -4.61 0.504  00  01T079M000  1.000
LYS01A0136_019  0.000 -9.23  3.07  3.80  0.00 -2.36 0.503  00  01T082M000  1.000
LYS+1A0136_020  1.000-10.19  2.61  1.46  0.00 -6.12 0.504  00  +1O000M000  1.000
LYS+1A0136_021  1.000-10.21  4.72  1.23  0.00 -4.26 0.505  00  +1E006M000  1.000
LYS+1A0136_022  1.000 -7.65  3.35  2.04  0.00 -2.26 0.503  00  +1E014M000  1.000
LYS+1A0136_023  1.000 -9.19  3.31  1.85  0.00 -4.04 0.504  00  +1E02EM000  1.000
LYS+1A0136_024  1.000-10.30  8.09  1.84  0.00 -0.38 0.503  00  +1E034M000  1.000
LYS+1A0136_025  1.000-10.00  2.60  2.02  0.00 -5.38 0.503  00  +1E042M000  1.000
LYS+1A0136_026  1.000 -6.11  2.36  0.94  0.00 -2.82 0.503  00  +1E050M000  1.000
LYS+1A0136_027  1.000 -9.75  2.87  2.16  0.00 -4.71 0.504  00  +1E05DM000  1.000
LYS+1A0136_028  1.000-10.37  4.41  3.68  0.00 -2.28 0.503  00  +1E072M000  1.000
LYS+1A0136_029  1.000 -9.39  3.42  1.86  0.00 -4.11 0.504  00  +1T007M000  1.000
LYS+1A0136_030  1.000 -9.68  2.49  3.80  0.00 -3.39 0.504  00  +1T01DM000  1.000
LYS+1A0136_031  1.000 -8.14  2.73  1.04  0.00 -4.37 0.503  00  +1T039M000  1.000
LYS+1A0136_032  1.000-10.92  2.48  1.42  0.00 -7.02 0.503  00  +1T04EM000  1.000
LYS+1A0136_033  1.000 -6.90  2.43  0.84  0.00 -3.63 0.504  00  +1T052M000  1.000
LYS+1A0136_034  1.000-10.92  2.68  3.00  0.00 -5.24 0.505  00  +1T05AM000  1.000
LYS+1A0136_035  1.000 -9.01  4.95  1.95  0.00 -2.11 0.504  00  +1T069M000  1.000
LYS+1A0136_036  1.000-10.16  3.45  2.16  0.00 -4.56 0.504  00  +1T079M000  1.000
LYS+1A0136_037  1.000 -9.67  2.93  4.38  0.00 -2.36 0.503  00  +1T07EM000  1.000
LYS+1A0136_038  1.000 -9.36  3.06  3.83  0.00 -2.47 0.503  00  +1T082M000  1.000
