iConf CONFORMER     FL  occ    crg   Em0  pKa0 ne nH    vdw0    vdw1    tors    epol   dsolv   extra    history
00001 LYS01A0136_001 f 0.00  0.000     0  0.00  0  0 -10.124   2.612   1.463  -0.010  -0.423   0.000 01O000M000t
00002 LYS01A0136_002 f 0.00  0.000     0  0.00  0  0  -9.349   3.404   1.847  -0.009  -0.431   0.000 01E007M000t
00003 LYS01A0136_003 f 0.00  0.000     0  0.00  0  0  -9.989   2.612   2.008  -0.018  -0.452   0.000 01E042M000t
00004 LYS01A0136_004 f 0.00  0.000     0  0.00  0  0 -10.888   2.532   1.409  -0.002  -0.418   0.000 01E04EM000t
00005 LYS01A0136_005 f 0.00  0.000     0  0.00  0  0  -9.800   2.877   2.150  -0.001  -0.435   0.000 01E05DM000t
00006 LYS01A0136_006 f 0.00  0.000     0  0.00  0  0  -8.914   4.892   1.928   0.008  -0.382   0.000 01E069M000t
00007 LYS01A0136_007 f 0.00  0.000     0  0.00  0  0 -10.256   4.469   3.641   0.003  -0.417   0.000 01E072M000t
00008 LYS01A0136_008 f 0.00  0.000     0  0.00  0  0  -9.573   2.958   4.336   0.030  -0.378   0.000 01E07EM000t
00009 LYS01A0136_009 f 0.00  0.000     0  0.00  0  0 -10.188   4.797   1.218   0.007  -0.406   0.000 01T006M000t
00010 LYS01A0136_010 f 0.00  0.000     0  0.00  0  0  -8.911   2.506   1.123   0.001  -0.420   0.000 01T010M000t
00011 LYS01A0136_011 f 0.00  0.000     0  0.00  0  0  -7.696   3.352   2.025  -0.013  -0.401   0.000 01T014M000t
00012 LYS01A0136_012 f 0.00  0.000     0  0.00  0  0  -9.662   2.483   3.671  -0.011  -0.460   0.000 01T01DM000t
00013 LYS01A0136_013 f 0.00  0.000     0  0.00  0  0  -9.095   3.317   1.842  -0.002  -0.391   0.000 01T02EM000t
00014 LYS01A0136_014 f 0.00  0.000     0  0.00  0  0 -10.311   8.060   1.834   0.008  -0.421   0.000 01T034M000t
00015 LYS01A0136_015 f 0.00  0.000     0  0.00  0  0  -8.207   2.744   1.037  -0.013  -0.410   0.000 01T039M000t
00016 LYS01A0136_016 f 0.00  0.000     0  0.00  0  0  -6.166   2.409   0.933   0.000  -0.405   0.000 01T050M000t
00017 LYS01A0136_017 f 0.00  0.000     0  0.00  0  0  -7.014   2.493   0.833   0.003  -0.428   0.000 01T052M000t
00018 LYS01A0136_018 f 0.00  0.000     0  0.00  0  0 -10.197   3.442   2.147   0.001  -0.410   0.000 01T079M000t
00019 LYS01A0136_019 f 0.00  0.000     0  0.00  0  0  -9.263   3.071   3.796   0.003  -0.398   0.000 01T082M000t
00020 LYS+1A0136_020 f 0.00  1.000     0 10.40  0  1 -10.192   2.609   1.463   0.066  -5.842   0.000 +1O000M000t
00021 LYS+1A0136_021 f 0.00  1.000     0 10.40  0  1 -10.217   4.773   1.233  -0.063  -5.793   0.000 +1E006M000t
00022 LYS+1A0136_022 f 0.00  1.000     0 10.40  0  1  -7.657   3.348   2.041  -0.058  -5.811   0.000 +1E014M000t
00023 LYS+1A0136_023 f 0.00  1.000     0 10.40  0  1  -9.192   3.309   1.847  -0.052  -5.880   0.000 +1E02EM000t
00024 LYS+1A0136_024 f 0.00  1.000     0 10.40  0  1 -10.304   8.082   1.837  -0.092  -5.900   0.000 +1E034M000t
00025 LYS+1A0136_025 f 0.00  1.000     0 10.40  0  1  -9.939   2.603   2.018   0.083  -5.945   0.000 +1E042M000t
00026 LYS+1A0136_026 f 0.00  1.000     0 10.40  0  1  -6.120   2.416   0.939  -0.019  -5.886   0.000 +1E050M000t
00027 LYS+1A0136_027 f 0.00  1.000     0 10.40  0  1  -9.684   2.870   2.161  -0.000  -5.886   0.000 +1E05DM000t
00028 LYS+1A0136_028 f 0.00  1.000     0 10.40  0  1 -10.370   4.468   3.680   0.020  -5.820   0.000 +1E072M000t
00029 LYS+1A0136_029 f 0.00  1.000     0 10.40  0  1  -9.393   3.424   1.860  -0.055  -5.840   0.000 +1T007M000t
00030 LYS+1A0136_030 f 0.00  1.000     0 10.40  0  1  -9.684   2.489   3.802   0.073  -5.921   0.000 +1T01DM000t
00031 LYS+1A0136_031 f 0.00  1.000     0 10.40  0  1  -8.075   2.729   1.046   0.082  -5.874   0.000 +1T039M000t
00032 LYS+1A0136_032 f 0.00  1.000     0 10.40  0  1 -10.917   2.531   1.420   0.004  -5.900   0.000 +1T04EM000t
00033 LYS+1A0136_033 f 0.00  1.000     0 10.40  0  1  -6.842   2.482   0.842  -0.026  -5.897   0.000 +1T052M000t
00034 LYS+1A0136_034 f 0.00  1.000     0 10.40  0  1 -10.917   2.733   3.000   0.012  -5.912   0.000 +1T05AM000t
00035 LYS+1A0136_035 f 0.00  1.000     0 10.40  0  1  -8.941   4.954   1.950  -0.072  -5.827   0.000 +1T069M000t
00036 LYS+1A0136_036 f 0.00  1.000     0 10.40  0  1 -10.165   3.450   2.160  -0.005  -5.887   0.000 +1T079M000t
00037 LYS+1A0136_037 f 0.00  1.000     0 10.40  0  1  -9.674   2.935   4.378   0.125  -5.693   0.000 +1T07EM000t
00038 LYS+1A0136_038 f 0.00  1.000     0 10.40  0  1  -9.353   3.058   3.833   0.016  -5.832   0.000 +1T082M000t
