   confID        vdw0    sas     sum
LYS01A0136_001   2.002 -12.126 -10.124
LYS01A0136_002   2.787 -12.135  -9.349
LYS01A0136_003   2.381 -12.370  -9.989
LYS01A0136_004   1.256 -12.144 -10.888
LYS01A0136_005   2.608 -12.408  -9.800
LYS01A0136_006   2.884 -11.798  -8.914
LYS01A0136_007   1.751 -12.007 -10.256
LYS01A0136_008   2.474 -12.046  -9.573
LYS01A0136_009   2.019 -12.206 -10.188
LYS01A0136_010   2.923 -11.833  -8.911
LYS01A0136_011   4.356 -12.052  -7.696
LYS01A0136_012   2.232 -11.893  -9.662
LYS01A0136_013   3.040 -12.135  -9.095
LYS01A0136_014   1.997 -12.308 -10.311
LYS01A0136_015   4.535 -12.743  -8.207
LYS01A0136_016   5.933 -12.099  -6.166
LYS01A0136_017   5.030 -12.044  -7.014
LYS01A0136_018   2.626 -12.823 -10.197
LYS01A0136_019   2.827 -12.091  -9.263
LYS+1A0136_020   1.934 -12.126 -10.192
LYS+1A0136_021   1.986 -12.203 -10.217
LYS+1A0136_022   4.395 -12.052  -7.657
LYS+1A0136_023   2.943 -12.135  -9.192
LYS+1A0136_024   1.953 -12.257 -10.304
LYS+1A0136_025   2.363 -12.302  -9.939
LYS+1A0136_026   5.962 -12.083  -6.120
LYS+1A0136_027   2.601 -12.285  -9.684
LYS+1A0136_028   1.701 -12.071 -10.370
LYS+1A0136_029   2.743 -12.135  -9.393
LYS+1A0136_030   2.264 -11.948  -9.684
LYS+1A0136_031   4.510 -12.585  -8.075
LYS+1A0136_032   1.227 -12.144 -10.917
LYS+1A0136_033   5.203 -12.044  -6.842
LYS+1A0136_034   1.373 -12.290 -10.917
LYS+1A0136_035   2.828 -11.769  -8.941
LYS+1A0136_036   2.607 -12.772 -10.165
LYS+1A0136_037   2.437 -12.111  -9.674
LYS+1A0136_038   2.802 -12.155  -9.353
