CONFORMER         crg  vdw0  vdw1  tors  epol  self   occ  Hb     history    ASA
TYR01A0027_001  0.000-10.54 -0.36  0.40  0.00-10.50 0.548  00  01O000M000  1.000
TYR01A0027_002  0.000-10.72  2.64  0.40  0.00 -7.68 0.551  00  01E004M000  1.000
TYR01A0027_003  0.000-10.54 -0.36  0.40  0.00-10.50 0.548  00  01O000M000  1.000
TYR01A0027_004  0.000-10.57  2.19  2.37  0.00 -6.00 0.550  00  01E003M000  1.000
TYR01A0027_005  0.000-10.12  0.85  2.37  0.00 -6.90 0.548  00  01E006M000  1.000
TYR01A0027_006  0.000-10.74  2.80  2.37  0.00 -5.57 0.547  00  01E009M000  1.000
TYR01A0027_007  0.000-10.82  0.48  2.38  0.00 -7.96 0.553  00  01T001M000  1.000
TYR01A0027_008  0.000-10.66  3.49  2.37  0.00 -4.80 0.549  00  01T005M000  1.000
TYR01A0027_009  0.000-11.23  3.63  0.28  0.00 -7.32 0.549  00  01T008M000  1.000
TYR01A0027_010  0.000-10.71 -0.00  0.37  0.00-10.35 0.554  00  01T002M000  1.000
TYR01A0027_011  0.000-11.55  0.15  0.35  0.00-11.05 0.551  00  01T007M000  1.000
TYR-1A0027_012 -1.000-10.54 -0.36  0.40  0.00-10.50 0.548  00  -1O000M000  1.000
TYR-1A0027_013 -1.000-10.72  2.60  0.40  0.00 -7.72 0.551  00  -1E004M000  1.000
TYR-1A0027_014 -1.000-10.44  3.52  2.37  0.00 -4.55 0.549  00  -1E005M000  1.000
TYR-1A0027_015 -1.000-11.50  0.16  0.35  0.00-10.99 0.551  00  -1E007M000  1.000
TYR-1A0027_016 -1.000-10.98  2.79  2.36  0.00 -5.82 0.547  00  -1E009M000  1.000
TYR-1A0027_017 -1.000-10.82  0.48  2.37  0.00 -7.97 0.553  00  -1T001M000  1.000
TYR-1A0027_018 -1.000-10.71  0.01  0.37  0.00-10.33 0.554  00  -1T002M000  1.000
TYR-1A0027_019 -1.000-10.33  2.14  2.36  0.00 -5.83 0.550  00  -1T003M000  1.000
TYR-1A0027_020 -1.000-10.02  0.85  2.36  0.00 -6.81 0.548  00  -1T006M000  1.000
TYR-1A0027_021 -1.000-11.23  3.63  0.28  0.00 -7.32 0.549  00  -1T008M000  1.000
