iConf CONFORMER     FL  occ    crg   Em0  pKa0 ne nH    vdw0    vdw1    tors    epol   dsolv   extra    history
00001 TYR01A0027_001 f 0.00  0.000     0  0.00  0  0 -10.584  -0.360   0.396   0.070  -1.781   0.000 01O000M000t
00002 TYR01A0027_002 f 0.00  0.000     0  0.00  0  0 -10.716   2.641   0.397   0.232  -1.695   0.000 01E004M000t
00003 TYR01A0027_003 f 0.00  0.000     0  0.00  0  0 -10.584  -0.360   0.396   0.043  -1.899   0.000 01O000M000t
00004 TYR01A0027_004 f 0.00  0.000     0  0.00  0  0 -10.560   2.192   2.373   0.170  -1.793   0.000 01E003M000t
00005 TYR01A0027_005 f 0.00  0.000     0  0.00  0  0 -10.121   0.850   2.366   0.182  -1.824   0.000 01E006M000t
00006 TYR01A0027_006 f 0.00  0.000     0  0.00  0  0 -10.756   2.799   2.372   0.197  -1.789   0.000 01E009M000t
00007 TYR01A0027_007 f 0.00  0.000     0  0.00  0  0 -10.819   0.476   2.377   0.153  -1.766   0.000 01T001M000t
00008 TYR01A0027_008 f 0.00  0.000     0  0.00  0  0 -10.659   3.492   2.375   0.211  -1.651   0.000 01T005M000t
00009 TYR01A0027_009 f 0.00  0.000     0  0.00  0  0 -11.225   3.633   0.278   0.227  -1.810   0.000 01T008M000t
00010 TYR01A0027_010 f 0.00  0.000     0  0.00  0  0 -10.711  -0.005   0.374   0.210  -1.752   0.000 01T002M000t
00011 TYR01A0027_011 f 0.00  0.000     0  0.00  0  0 -11.547   0.143   0.355   0.195  -1.787   0.000 01T007M000t
00012 TYR-1A0027_012 f 0.00 -1.000     0 10.20  0 -1 -10.584  -0.360   0.396  -0.126 -12.815   0.000 -1O000M000t
00013 TYR-1A0027_013 f 0.00 -1.000     0 10.20  0 -1 -10.855   2.590   0.397   0.309 -12.930   0.000 -1E004M000t
00014 TYR-1A0027_014 f 0.00 -1.000     0 10.20  0 -1 -10.449   3.524   2.369   0.181 -12.734   0.000 -1E005M000t
00015 TYR-1A0027_015 f 0.00 -1.000     0 10.20  0 -1 -11.492   0.156   0.348   0.062 -12.926   0.000 -1E007M000t
00016 TYR-1A0027_016 f 0.00 -1.000     0 10.20  0 -1 -10.923   2.795   2.362   0.079 -12.768   0.000 -1E009M000t
00017 TYR-1A0027_017 f 0.00 -1.000     0 10.20  0 -1 -10.816   0.474   2.370  -0.009 -12.827   0.000 -1T001M000t
00018 TYR-1A0027_018 f 0.00 -1.000     0 10.20  0 -1 -10.711   0.006   0.369   0.077 -12.956   0.000 -1T002M000t
00019 TYR-1A0027_019 f 0.00 -1.000     0 10.20  0 -1 -10.332   2.139   2.366   0.097 -12.704   0.000 -1T003M000t
00020 TYR-1A0027_020 f 0.00 -1.000     0 10.20  0 -1 -10.023   0.849   2.358   0.016 -12.914   0.000 -1T006M000t
00021 TYR-1A0027_021 f 0.00 -1.000     0 10.20  0 -1 -11.230   3.628   0.278   0.098 -12.929   0.000 -1T008M000t
