   confID        vdw0    sas     sum
TYR01A0027_001   3.863 -14.447 -10.584
TYR01A0027_002   3.877 -14.593 -10.716
TYR01A0027_003   3.863 -14.447 -10.584
TYR01A0027_004   3.883 -14.443 -10.560
TYR01A0027_005   3.772 -13.892 -10.121
TYR01A0027_006   3.766 -14.522 -10.756
TYR01A0027_007   3.858 -14.677 -10.819
TYR01A0027_008   3.881 -14.541 -10.659
TYR01A0027_009   3.518 -14.743 -11.225
TYR01A0027_010   3.865 -14.576 -10.711
TYR01A0027_011   3.778 -15.325 -11.547
TYR-1A0027_012   3.863 -14.447 -10.584
TYR-1A0027_013   3.874 -14.728 -10.855
TYR-1A0027_014   3.872 -14.321 -10.449
TYR-1A0027_015   3.783 -15.274 -11.492
TYR-1A0027_016   3.785 -14.708 -10.923
TYR-1A0027_017   3.861 -14.677 -10.816
TYR-1A0027_018   3.857 -14.567 -10.711
TYR-1A0027_019   3.875 -14.207 -10.332
TYR-1A0027_020   3.769 -13.791 -10.023
TYR-1A0027_021   3.513 -14.743 -11.230
