iConf CONFORMER     FL  occ    crg   Em0  pKa0 ne nH    vdw0    vdw1    tors    epol   dsolv   extra    history
00001 GLU01A0122_001 f 0.00  0.000     0  0.00  0  0  -3.749   1.857   2.952   0.118  -2.148   0.000 01O000M000t
00002 GLU01A0122_002 f 0.00  0.000     0  0.00  0  0  -3.556   0.953   2.930   0.075  -2.156   0.000 01E002M000t
00003 GLU01A0122_003 f 0.00  0.000     0  0.00  0  0  -3.789   1.875   3.229   0.047  -2.405   0.000 01E006M000t
00004 GLU01A0122_004 f 0.00  0.000     0  0.00  0  0  -4.226   0.751   3.304   0.151  -2.273   0.000 01E010M000t
00005 GLU01A0122_005 f 0.00  0.000     0  0.00  0  0  -3.775   1.857   0.232   0.054  -1.676   0.000 01O000M000t
00006 GLU01A0122_006 f 0.00  0.000     0  0.00  0  0  -3.889   2.357   0.235   0.073  -1.578   0.000 01E004M000t
00007 GLU01A0122_007 f 0.00  0.000     0  0.00  0  0  -3.463   1.503   2.933   0.102  -2.143   0.000 01T003M000t
00008 GLU01A0122_008 f 0.00  0.000     0  0.00  0  0  -4.212   0.618   6.199   0.131  -2.202   0.000 01T00FM000t
00009 GLU01A0122_009 f 0.00  0.000     0  0.00  0  0  -3.888   2.357   2.953   0.303  -1.997   0.000 01T004M000t
00010 GLU01A0122_010 f 0.00  0.000     0  0.00  0  0  -3.792   0.939   5.990   0.019  -2.413   0.000 01T008M000t
00011 GLU01A0122_011 f 0.00  0.000     0  0.00  0  0  -3.776   0.868   3.162   0.033  -2.343   0.000 01T00AM000t
00012 GLU01A0122_012 f 0.00  0.000     0  0.00  0  0  -3.686   1.501   3.176   0.064  -2.333   0.000 01T00CM000t
00013 GLU01A0122_013 f 0.00  0.000     0  0.00  0  0  -3.905   0.572   5.978   0.120  -2.345   0.000 01T00EM000t
00014 GLU01A0122_014 f 0.00  0.000     0  0.00  0  0  -3.521   0.953   0.210   0.027  -1.613   0.000 01T002M000t
00015 GLU01A0122_015 f 0.00  0.000     0  0.00  0  0  -3.463   1.503   0.213   0.045  -1.628   0.000 01T003M000t
00016 GLU01A0122_016 f 0.00  0.000     0  0.00  0  0  -3.788   1.875   0.480   0.046  -1.624   0.000 01T006M000t
00017 GLU01A0122_017 f 0.00  0.000     0  0.00  0  0  -3.845   0.940   3.272   0.025  -1.641   0.000 01T008M000t
00018 GLU01A0122_018 f 0.00  0.000     0  0.00  0  0  -3.902   0.872   0.458   0.024  -1.617   0.000 01T00AM000t
00019 GLU01A0122_019 f 0.00  0.000     0  0.00  0  0  -3.982   0.458   3.299   0.071  -1.566   0.000 01T00EM000t
00020 GLU01A0122_020 f 0.00  0.000     0  0.00  0  0  -4.228   0.754   0.554   0.066  -1.600   0.000 01T010M000t
00021 GLU01A0122_021 f 0.00  0.000     0  0.00  0  0  -3.738   1.501   0.456   0.050  -1.610   0.000 01T00CM000t
00022 GLU01A0122_022 f 0.00  0.000     0  0.00  0  0  -4.208   0.631   3.453   0.079  -1.614   0.000 01T00FM000t
00023 GLU02A0122_023 f 0.00  0.000     0  0.00  0  0  -4.043   1.861   2.952   0.032  -2.373   0.000 02O000M000t
00024 GLU02A0122_024 f 0.00  0.000     0  0.00  0  0  -3.637   1.502   2.935   0.074  -2.325   0.000 02E003M000t
00025 GLU02A0122_025 f 0.00  0.000     0  0.00  0  0  -3.500   1.859   3.272   0.098  -2.166   0.000 02E006M000t
00026 GLU02A0122_026 f 0.00  0.000     0  0.00  0  0  -3.667   1.502   3.263   0.100  -2.289   0.000 02E00CM000t
00027 GLU02A0122_027 f 0.00  0.000     0  0.00  0  0  -3.911   0.564   6.058   0.238  -2.119   0.000 02E00EM000t
00028 GLU02A0122_028 f 0.00  0.000     0  0.00  0  0  -4.127   0.639   6.309   0.050  -2.292   0.000 02E00FM000t
00029 GLU02A0122_029 f 0.00  0.000     0  0.00  0  0  -4.043   1.861   0.232   0.042  -1.664   0.000 02O000M000t
00030 GLU02A0122_030 f 0.00  0.000     0  0.00  0  0  -3.995   1.088   0.634   0.108  -1.636   0.000 02E00DM000t
00031 GLU02A0122_031 f 0.00  0.000     0  0.00  0  0  -3.997   0.816   0.521   0.050  -1.620   0.000 02E010M000t
00032 GLU02A0122_032 f 0.00  0.000     0  0.00  0  0  -4.060   1.009   3.504   0.066  -2.362   0.000 02T009M000t
00033 GLU02A0122_033 f 0.00  0.000     0  0.00  0  0  -3.964   0.779   3.318   0.121  -2.147   0.000 02T010M000t
00034 GLU02A0122_034 f 0.00  0.000     0  0.00  0  0  -3.650   0.938   5.955   0.092  -2.207   0.000 02T008M000t
00035 GLU02A0122_035 f 0.00  0.000     0  0.00  0  0  -3.980   1.099   3.342   0.033  -2.183   0.000 02T00DM000t
00036 GLU02A0122_036 f 0.00  0.000     0  0.00  0  0  -3.500   1.860   0.535   0.053  -1.638   0.000 02T006M000t
00037 GLU02A0122_037 f 0.00  0.000     0  0.00  0  0  -3.732   0.934   3.340   0.036  -1.690   0.000 02T008M000t
00038 GLU02A0122_038 f 0.00  0.000     0  0.00  0  0  -3.665   1.501   0.524   0.048  -1.704   0.000 02T00CM000t
00039 GLU02A0122_039 f 0.00  0.000     0  0.00  0  0  -3.898   0.566   3.329   0.052  -1.612   0.000 02T00EM000t
00040 GLU02A0122_040 f 0.00  0.000     0  0.00  0  0  -3.811   0.956   0.211   0.024  -1.645   0.000 02T002M000t
00041 GLU02A0122_041 f 0.00  0.000     0  0.00  0  0  -3.648   1.508   0.214   0.044  -1.641   0.000 02T003M000t
00042 GLU02A0122_042 f 0.00  0.000     0  0.00  0  0  -4.172   0.612   3.388   0.045  -1.622   0.000 02T00FM000t
00043 GLU-1A0122_043 f 0.00 -1.000     0  4.75  0 -1  -3.975   1.874   0.232  -0.077 -13.107   0.000 -1O000M000t
00044 GLU-1A0122_044 f 0.00 -1.000     0  4.75  0 -1  -3.823   0.964   2.980  -0.072 -13.093   0.000 -1E001M000t
00045 GLU-1A0122_045 f 0.00 -1.000     0  4.75  0 -1  -3.678   0.966   0.210  -0.082 -13.083   0.000 -1E002M000t
00046 GLU-1A0122_046 f 0.00 -1.000     0  4.75  0 -1  -3.878   2.200   0.230  -0.094 -12.942   0.000 -1E004M000t
00047 GLU-1A0122_047 f 0.00 -1.000     0  4.75  0 -1  -4.119   1.510   0.684  -0.101 -13.139   0.000 -1E00BM000t
00048 GLU-1A0122_048 f 0.00 -1.000     0  4.75  0 -1  -3.915   0.526   3.284  -0.065 -12.874   0.000 -1E00EM000t
00049 GLU-1A0122_049 f 0.00 -1.000     0  4.75  0 -1  -4.089   0.628   3.441  -0.164 -12.990   0.000 -1E00FM000t
00050 GLU-1A0122_050 f 0.00 -1.000     0  4.75  0 -1  -4.084   0.789   0.546  -0.162 -12.980   0.000 -1E010M000t
