   confID        vdw0    sas     sum
GLU01A0122_001   1.154  -4.904  -3.749
GLU01A0122_002   1.127  -4.683  -3.556
GLU01A0122_003   0.778  -4.567  -3.789
GLU01A0122_004   0.772  -4.998  -4.226
GLU01A0122_005   1.154  -4.929  -3.775
GLU01A0122_006   1.066  -4.955  -3.889
GLU01A0122_007   1.119  -4.582  -3.463
GLU01A0122_008   0.719  -4.931  -4.212
GLU01A0122_009   1.067  -4.955  -3.888
GLU01A0122_010   0.910  -4.702  -3.792
GLU01A0122_011   0.902  -4.678  -3.776
GLU01A0122_012   0.921  -4.607  -3.686
GLU01A0122_013   0.923  -4.828  -3.905
GLU01A0122_014   1.128  -4.649  -3.521
GLU01A0122_015   1.119  -4.582  -3.463
GLU01A0122_016   0.780  -4.567  -3.788
GLU01A0122_017   0.739  -4.584  -3.845
GLU01A0122_018   0.753  -4.654  -3.902
GLU01A0122_019   0.842  -4.824  -3.982
GLU01A0122_020   0.771  -4.998  -4.228
GLU01A0122_021   0.921  -4.659  -3.738
GLU01A0122_022   0.721  -4.929  -4.208
GLU02A0122_023   0.955  -4.998  -4.043
GLU02A0122_024   0.923  -4.560  -3.637
GLU02A0122_025   1.020  -4.520  -3.500
GLU02A0122_026   1.010  -4.677  -3.667
GLU02A0122_027   0.982  -4.893  -3.911
GLU02A0122_028   0.735  -4.862  -4.127
GLU02A0122_029   0.955  -4.998  -4.043
GLU02A0122_030   0.805  -4.800  -3.995
GLU02A0122_031   0.942  -4.939  -3.997
GLU02A0122_032   0.711  -4.771  -4.060
GLU02A0122_033   0.941  -4.905  -3.964
GLU02A0122_034   0.954  -4.604  -3.650
GLU02A0122_035   0.807  -4.787  -3.980
GLU02A0122_036   1.020  -4.520  -3.500
GLU02A0122_037   0.988  -4.719  -3.732
GLU02A0122_038   1.012  -4.677  -3.665
GLU02A0122_039   0.982  -4.880  -3.898
GLU02A0122_040   0.933  -4.744  -3.811
GLU02A0122_041   0.925  -4.573  -3.648
GLU02A0122_042   0.809  -4.980  -4.172
GLU-1A0122_043   0.861  -4.836  -3.975
GLU-1A0122_044   0.840  -4.663  -3.823
GLU-1A0122_045   0.843  -4.521  -3.678
GLU-1A0122_046   0.809  -4.687  -3.878
GLU-1A0122_047   0.583  -4.702  -4.119
GLU-1A0122_048   0.798  -4.713  -3.915
GLU-1A0122_049   0.607  -4.696  -4.089
GLU-1A0122_050   0.746  -4.830  -4.084
