iConf CONFORMER     FL  occ    crg   Em0  pKa0 ne nH    vdw0    vdw1    tors    epol   dsolv   extra    history
00001 MET01A0032_001 f 0.00  0.000     0  0.00  0  0 -11.460   0.613   1.134   0.025  -0.016   0.000 01O000M000t
00002 MET01A0032_002 f 0.00  0.000     0  0.00  0  0 -11.472   1.511   3.306   0.017  -0.016   0.000 01R001M000t
00003 MET01A0032_003 f 0.00  0.000     0  0.00  0  0 -11.085   4.327   0.267  -0.002  -0.016   0.000 01R004M000t
00004 MET01A0032_004 f 0.00  0.000     0  0.00  0  0 -11.763   1.717   3.305  -0.004  -0.016   0.000 01R00BM000t
00005 MET01A0032_005 f 0.00  0.000     0  0.00  0  0 -10.292   1.310   3.307   0.018  -0.016   0.000 01R018M000t
00006 MET01A0032_006 f 0.00  0.000     0  0.00  0  0  -4.107   1.270   3.306   0.016  -0.016   0.000 01R019M000t
00007 MET01A0032_007 f 0.00  0.000     0  0.00  0  0 -10.647   5.671   1.857   0.002  -0.016   0.000 01R024M000t
00008 MET01A0032_008 f 0.00  0.000     0  0.00  0  0 -10.691   2.545   2.697   0.024  -0.016   0.000 01R027M000t
00009 MET01A0032_009 f 0.00  0.000     0  0.00  0  0 -10.093   0.661   4.295   0.025  -0.016   0.000 01R028M000t
00010 MET01A0032_010 f 0.00  0.000     0  0.00  0  0  -9.985   0.271   4.294   0.027  -0.016   0.000 01R02AM000t
00011 MET01A0032_011 f 0.00  0.000     0  0.00  0  0  -9.819   1.829   5.405   0.011  -0.016   0.000 01R034M000t
00012 MET01A0032_012 f 0.00  0.000     0  0.00  0  0 -10.281   1.697   6.464   0.017  -0.016   0.000 01R035M000t
00013 MET01A0032_013 f 0.00  0.000     0  0.00  0  0  -9.721   1.705   3.235   0.004  -0.016   0.000 01R03FM000t
00014 MET01A0032_014 f 0.00  0.000     0  0.00  0  0 -10.453   1.586   4.295   0.010  -0.016   0.000 01R040M000t
00015 MET01A0032_015 f 0.00  0.000     0  0.00  0  0  -9.922   1.766   4.294   0.015  -0.016   0.000 01R045M000t
00016 MET01A0032_016 f 0.00  0.000     0  0.00  0  0 -11.331   3.931   2.882   0.001  -0.016   0.000 01T003M000t
00017 MET01A0032_017 f 0.00  0.000     0  0.00  0  0 -11.790   3.417   0.812  -0.014  -0.015   0.000 01T007M000t
00018 MET01A0032_018 f 0.00  0.000     0  0.00  0  0  -8.548   5.243   0.692   0.005  -0.015   0.000 01T023M000t
00019 MET01A0032_019 f 0.00  0.000     0  0.00  0  0 -10.275   3.516   0.971  -0.018  -0.016   0.000 01T02CM000t
00020 MET01A0032_020 f 0.00  0.000     0  0.00  0  0 -11.331   3.065   1.003  -0.000  -0.016   0.000 01T02FM000t
