CONFORMER         crg  vdw0  vdw1  tors  epol  self   occ  Hb     history    ASA
MET01A0032_001  0.000-11.46  0.54  1.13  0.00 -9.79 0.506  00  01O000M000  1.000
MET01A0032_002  0.000-11.47  1.43  3.31  0.00 -6.73 0.508  00  01R001M000  1.000
MET01A0032_003  0.000-11.04  4.25  0.27  0.00 -6.52 0.509  00  01R004M000  1.000
MET01A0032_004  0.000-11.76  1.72  3.31  0.00 -6.74 0.507  00  01R00BM000  1.000
MET01A0032_005  0.000-10.29  1.23  3.31  0.00 -5.75 0.508  00  01R018M000  1.000
MET01A0032_006  0.000 -4.10  1.19  3.31  0.00  0.40 0.508  00  01R019M000  1.000
MET01A0032_007  0.000-10.65  5.59  1.86  0.00 -3.20 0.507  00  01R024M000  1.000
MET01A0032_008  0.000-10.69  2.47  2.69  0.00 -5.53 0.507  00  01R027M000  1.000
MET01A0032_009  0.000-10.10  0.58  4.29  0.00 -5.22 0.508  00  01R028M000  1.000
MET01A0032_010  0.000 -9.99  0.19  4.29  0.00 -5.51 0.506  00  01R02AM000  1.000
MET01A0032_011  0.000 -9.82  1.75  5.41  0.00 -2.66 0.507  00  01R034M000  1.000
MET01A0032_012  0.000-10.28  1.62  6.47  0.00 -2.20 0.508  00  01R035M000  1.000
MET01A0032_013  0.000 -9.72  1.62  3.23  0.00 -4.87 0.506  00  01R03FM000  1.000
MET01A0032_014  0.000-10.46  1.50  4.29  0.00 -4.66 0.506  00  01R040M000  1.000
MET01A0032_015  0.000 -9.93  1.76  4.29  0.00 -3.87 0.507  00  01R045M000  1.000
MET01A0032_016  0.000-11.33  3.85  2.88  0.00 -4.60 0.507  00  01T003M000  1.000
MET01A0032_017  0.000-11.79  3.41  0.81  0.00 -7.57 0.507  00  01T007M000  1.000
MET01A0032_018  0.000 -8.59  5.16  0.69  0.00 -2.73 0.507  00  01T023M000  1.000
MET01A0032_019  0.000-10.27  3.52  0.97  0.00 -5.79 0.507  00  01T02CM000  1.000
MET01A0032_020  0.000-11.33  3.06  1.00  0.00 -7.27 0.507  00  01T02FM000  1.000
