   confID        vdw0    sas     sum
MET01A0032_001   0.424 -11.884 -11.460
MET01A0032_002   0.424 -11.895 -11.472
MET01A0032_003   0.299 -11.384 -11.085
MET01A0032_004   0.289 -12.052 -11.763
MET01A0032_005   1.445 -11.737 -10.292
MET01A0032_006   7.080 -11.188  -4.107
MET01A0032_007   0.480 -11.126 -10.647
MET01A0032_008   0.589 -11.280 -10.691
MET01A0032_009   1.413 -11.506 -10.093
MET01A0032_010   1.452 -11.437  -9.985
MET01A0032_011   1.503 -11.322  -9.819
MET01A0032_012   1.446 -11.727 -10.281
MET01A0032_013   1.507 -11.228  -9.721
MET01A0032_014   1.450 -11.903 -10.453
MET01A0032_015   1.379 -11.300  -9.922
MET01A0032_016   0.347 -11.678 -11.331
MET01A0032_017   0.224 -12.014 -11.790
MET01A0032_018   2.239 -10.788  -8.548
MET01A0032_019   1.057 -11.332 -10.275
MET01A0032_020   0.217 -11.548 -11.331
