CONFORMER         crg  vdw0  vdw1  tors  epol  self   occ  Hb     history    ASA
LYS01A0078_001  0.000-11.82  1.54  2.46  0.00 -7.82 0.502  00  01O000M000  1.000
LYS01A0078_002  0.000-11.71  1.06  1.58  0.00 -9.06 0.502  00  01E003M000  1.000
LYS01A0078_003  0.000 -9.25  1.40  4.84  0.00 -3.00 0.502  00  01E062M000  1.000
LYS01A0078_004  0.000 -9.21  3.90  2.02  0.00 -3.29 0.502  00  01E070M000  1.000
LYS01A0078_005  0.000-10.59  1.68  4.44  0.00 -4.46 0.502  00  01E093M000  1.000
LYS01A0078_006  0.000 -9.18  5.24  2.43  0.00 -1.51 0.503  00  01E09BM000  1.000
LYS01A0078_007  0.000 -7.99  0.69  2.83  0.00 -4.47 0.502  00  01E0BAM000  1.000
LYS01A0078_008  0.000-10.08  1.27  5.06  0.00 -3.76 0.503  00  01E0BCM000  1.000
LYS01A0078_009  0.000 -9.98  1.36  3.58  0.00 -5.04 0.503  00  01E0CFM000  1.000
LYS01A0078_010  0.000-12.18  6.00  2.38  0.00 -3.80 0.502  00  01T006M000  1.000
LYS01A0078_011  0.000-10.03  1.44  3.03  0.00 -5.56 0.503  00  01T01CM000  1.000
LYS01A0078_012  0.000 -9.58  2.07  4.08  0.00 -3.42 0.502  00  01T034M000  1.000
LYS01A0078_013  0.000-10.37  1.03  1.70  0.00 -7.64 0.502  00  01T042M000  1.000
LYS01A0078_014  0.000-11.48  1.24  3.40  0.00 -6.84 0.502  00  01T045M000  1.000
LYS01A0078_015  0.000-11.35  3.44  4.46  0.00 -3.46 0.502  00  01T052M000  1.000
LYS01A0078_016  0.000 -9.81  3.28  2.42  0.00 -4.11 0.503  00  01T054M000  1.000
LYS01A0078_017  0.000-10.86  0.94  3.56  0.00 -6.35 0.502  00  01T084M000  1.000
LYS01A0078_018  0.000 -7.31  1.05  4.18  0.00 -2.08 0.503  00  01T092M000  1.000
LYS01A0078_019  0.000 -9.78  3.00  3.10  0.00 -3.68 0.503  00  01T0B0M000  1.000
LYS01A0078_020  0.000-10.13  1.20  4.59  0.00 -4.35 0.503  00  01T0B9M000  1.000
LYS+1A0078_021  1.000-11.86  1.54  2.46  0.00 -7.87 0.502  00  +1O000M000  1.000
LYS+1A0078_022  1.000-12.16  6.05  2.41  0.00 -3.70 0.502  00  +1E006M000  1.000
LYS+1A0078_023  1.000 -9.68  2.05  4.10  0.00 -3.52 0.502  00  +1E034M000  1.000
LYS+1A0078_024  1.000-11.59  1.24  3.44  0.00 -6.91 0.502  00  +1E045M000  1.000
LYS+1A0078_025  1.000-11.39  3.49  4.55  0.00 -3.35 0.502  00  +1E052M000  1.000
LYS+1A0078_026  1.000 -9.87  3.31  2.44  0.00 -4.13 0.503  00  +1E054M000  1.000
LYS+1A0078_027  1.000 -9.51  1.41  4.93  0.00 -3.17 0.502  00  +1E062M000  1.000
LYS+1A0078_028  1.000 -9.28  3.89  2.03  0.00 -3.36 0.502  00  +1E070M000  1.000
LYS+1A0078_029  1.000-11.01  0.94  3.67  0.00 -6.40 0.502  00  +1E084M000  1.000
LYS+1A0078_030  1.000 -7.70  1.03  4.30  0.00 -2.37 0.503  00  +1E092M000  1.000
LYS+1A0078_031  1.000 -9.15  5.23  2.45  0.00 -1.47 0.503  00  +1E09BM000  1.000
LYS+1A0078_032  1.000-10.19  1.18  4.69  0.00 -4.32 0.503  00  +1E0B9M000  1.000
LYS+1A0078_033  1.000 -7.92  0.62  2.87  0.00 -4.43 0.502  00  +1E0BAM000  1.000
LYS+1A0078_034  1.000-10.11  1.34  3.60  0.00 -5.16 0.503  00  +1E0CFM000  1.000
LYS+1A0078_035  1.000-11.81  1.06  1.59  0.00 -9.15 0.502  00  +1T003M000  1.000
LYS+1A0078_036  1.000 -9.96  1.43  3.05  0.00 -5.48 0.503  00  +1T01CM000  1.000
LYS+1A0078_037  1.000-10.45  1.03  1.72  0.00 -7.70 0.502  00  +1T042M000  1.000
LYS+1A0078_038  1.000-10.57  1.76  4.52  0.00 -4.29 0.502  00  +1T093M000  1.000
LYS+1A0078_039  1.000 -9.84  3.02  3.12  0.00 -3.70 0.503  00  +1T0B0M000  1.000
LYS+1A0078_040  1.000-10.22  1.25  5.14  0.00 -3.83 0.503  00  +1T0BCM000  1.000
