iConf CONFORMER     FL  occ    crg   Em0  pKa0 ne nH    vdw0    vdw1    tors    epol   dsolv   extra    history
00001 LYS01A0078_001 f 0.00  0.000     0  0.00  0  0 -11.816   1.537   2.460  -0.005  -0.065   0.000 01O000M000t
00002 LYS01A0078_002 f 0.00  0.000     0  0.00  0  0 -11.705   1.059   1.582  -0.004  -0.062   0.000 01E003M000t
00003 LYS01A0078_003 f 0.00  0.000     0  0.00  0  0  -9.255   1.403   4.846  -0.009  -0.064   0.000 01E062M000t
00004 LYS01A0078_004 f 0.00  0.000     0  0.00  0  0  -9.204   3.901   2.017   0.011  -0.056   0.000 01E070M000t
00005 LYS01A0078_005 f 0.00  0.000     0  0.00  0  0 -10.584   1.685   4.440  -0.002  -0.061   0.000 01E093M000t
00006 LYS01A0078_006 f 0.00  0.000     0  0.00  0  0  -9.182   5.239   2.434  -0.007  -0.051   0.000 01E09BM000t
00007 LYS01A0078_007 f 0.00  0.000     0  0.00  0  0  -7.991   0.690   2.827  -0.022  -0.055   0.000 01E0BAM000t
00008 LYS01A0078_008 f 0.00  0.000     0  0.00  0  0 -10.084   1.266   5.057   0.005  -0.063   0.000 01E0BCM000t
00009 LYS01A0078_009 f 0.00  0.000     0  0.00  0  0  -9.986   1.361   3.579  -0.001  -0.057   0.000 01E0CFM000t
00010 LYS01A0078_010 f 0.00  0.000     0  0.00  0  0 -12.175   5.995   2.384  -0.006  -0.065   0.000 01T006M000t
00011 LYS01A0078_011 f 0.00  0.000     0  0.00  0  0 -10.027   1.437   3.031  -0.003  -0.062   0.000 01T01CM000t
00012 LYS01A0078_012 f 0.00  0.000     0  0.00  0  0  -9.572   2.075   4.084   0.016  -0.063   0.000 01T034M000t
00013 LYS01A0078_013 f 0.00  0.000     0  0.00  0  0 -10.367   1.026   1.704  -0.003  -0.062   0.000 01T042M000t
00014 LYS01A0078_014 f 0.00  0.000     0  0.00  0  0 -11.482   1.245   3.399  -0.004  -0.064   0.000 01T045M000t
00015 LYS01A0078_015 f 0.00  0.000     0  0.00  0  0 -11.350   3.433   4.458  -0.002  -0.062   0.000 01T052M000t
00016 LYS01A0078_016 f 0.00  0.000     0  0.00  0  0  -9.801   3.278   2.418  -0.010  -0.058   0.000 01T054M000t
00017 LYS01A0078_017 f 0.00  0.000     0  0.00  0  0 -10.854   0.943   3.562  -0.006  -0.056   0.000 01T084M000t
00018 LYS01A0078_018 f 0.00  0.000     0  0.00  0  0  -7.299   1.049   4.181  -0.014  -0.057   0.000 01T092M000t
00019 LYS01A0078_019 f 0.00  0.000     0  0.00  0  0  -9.788   3.004   3.102   0.001  -0.059   0.000 01T0B0M000t
00020 LYS01A0078_020 f 0.00  0.000     0  0.00  0  0 -10.131   1.198   4.587   0.003  -0.067   0.000 01T0B9M000t
00021 LYS+1A0078_021 f 0.00  1.000     0 10.40  0  1 -11.861   1.536   2.460   0.043  -1.015   0.000 +1O000M000t
00022 LYS+1A0078_022 f 0.00  1.000     0 10.40  0  1 -12.154   6.042   2.404   0.038  -1.014   0.000 +1E006M000t
00023 LYS+1A0078_023 f 0.00  1.000     0 10.40  0  1  -9.680   2.055   4.103  -0.119  -1.003   0.000 +1E034M000t
00024 LYS+1A0078_024 f 0.00  1.000     0 10.40  0  1 -11.589   1.238   3.438   0.008  -1.012   0.000 +1E045M000t
00025 LYS+1A0078_025 f 0.00  1.000     0 10.40  0  1 -11.388   3.487   4.554   0.025  -1.016   0.000 +1E052M000t
00026 LYS+1A0078_026 f 0.00  1.000     0 10.40  0  1  -9.876   3.307   2.440  -0.001  -0.991   0.000 +1E054M000t
00027 LYS+1A0078_027 f 0.00  1.000     0 10.40  0  1  -9.504   1.409   4.931   0.056  -1.011   0.000 +1E062M000t
00028 LYS+1A0078_028 f 0.00  1.000     0 10.40  0  1  -9.281   3.902   2.027   0.077  -0.958   0.000 +1E070M000t
00029 LYS+1A0078_029 f 0.00  1.000     0 10.40  0  1 -11.011   0.940   3.676   0.030  -0.983   0.000 +1E084M000t
00030 LYS+1A0078_030 f 0.00  1.000     0 10.40  0  1  -7.695   1.027   4.299  -0.044  -0.961   0.000 +1E092M000t
00031 LYS+1A0078_031 f 0.00  1.000     0 10.40  0  1  -9.136   5.243   2.450   0.143  -0.936   0.000 +1E09BM000t
00032 LYS+1A0078_032 f 0.00  1.000     0 10.40  0  1 -10.195   1.182   4.689   0.004  -1.000   0.000 +1E0B9M000t
00033 LYS+1A0078_033 f 0.00  1.000     0 10.40  0  1  -7.917   0.620   2.869  -0.108  -0.942   0.000 +1E0BAM000t
00034 LYS+1A0078_034 f 0.00  1.000     0 10.40  0  1 -10.109   1.340   3.605   0.042  -0.985   0.000 +1E0CFM000t
00035 LYS+1A0078_035 f 0.00  1.000     0 10.40  0  1 -11.808   1.062   1.594   0.020  -1.016   0.000 +1T003M000t
00036 LYS+1A0078_036 f 0.00  1.000     0 10.40  0  1  -9.960   1.429   3.048   0.001  -1.011   0.000 +1T01CM000t
00037 LYS+1A0078_037 f 0.00  1.000     0 10.40  0  1 -10.446   1.027   1.724   0.018  -0.994   0.000 +1T042M000t
00038 LYS+1A0078_038 f 0.00  1.000     0 10.40  0  1 -10.569   1.767   4.516  -0.068  -0.982   0.000 +1T093M000t
00039 LYS+1A0078_039 f 0.00  1.000     0 10.40  0  1  -9.846   3.023   3.119   0.062  -0.975   0.000 +1T0B0M000t
00040 LYS+1A0078_040 f 0.00  1.000     0 10.40  0  1 -10.212   1.249   5.141  -0.031  -1.008   0.000 +1T0BCM000t
