   confID        vdw0    sas     sum
LYS01A0078_001   1.017 -12.833 -11.816
LYS01A0078_002   0.658 -12.363 -11.705
LYS01A0078_003   3.382 -12.637  -9.255
LYS01A0078_004   2.618 -11.821  -9.204
LYS01A0078_005   1.918 -12.503 -10.584
LYS01A0078_006   3.352 -12.534  -9.182
LYS01A0078_007   3.799 -11.790  -7.991
LYS01A0078_008   2.356 -12.440 -10.084
LYS01A0078_009   2.166 -12.152  -9.986
LYS01A0078_010   0.607 -12.781 -12.175
LYS01A0078_011   2.809 -12.836 -10.027
LYS01A0078_012   2.787 -12.360  -9.572
LYS01A0078_013   1.386 -11.753 -10.367
LYS01A0078_014   1.090 -12.572 -11.482
LYS01A0078_015   0.942 -12.292 -11.350
LYS01A0078_016   2.012 -11.814  -9.801
LYS01A0078_017   1.436 -12.290 -10.854
LYS01A0078_018   4.532 -11.831  -7.299
LYS01A0078_019   2.390 -12.178  -9.788
LYS01A0078_020   1.988 -12.119 -10.131
LYS+1A0078_021   0.972 -12.833 -11.861
LYS+1A0078_022   0.560 -12.714 -12.154
LYS+1A0078_023   2.731 -12.411  -9.680
LYS+1A0078_024   1.051 -12.640 -11.589
LYS+1A0078_025   0.904 -12.292 -11.388
LYS+1A0078_026   1.986 -11.862  -9.876
LYS+1A0078_027   3.377 -12.881  -9.504
LYS+1A0078_028   2.540 -11.821  -9.281
LYS+1A0078_029   1.293 -12.303 -11.011
LYS+1A0078_030   4.148 -11.844  -7.695
LYS+1A0078_031   3.359 -12.495  -9.136
LYS+1A0078_032   1.975 -12.170 -10.195
LYS+1A0078_033   3.780 -11.697  -7.917
LYS+1A0078_034   2.078 -12.187 -10.109
LYS+1A0078_035   0.607 -12.414 -11.808
LYS+1A0078_036   2.757 -12.717  -9.960
LYS+1A0078_037   1.307 -11.753 -10.446
LYS+1A0078_038   1.873 -12.442 -10.569
LYS+1A0078_039   2.307 -12.152  -9.846
LYS+1A0078_040   2.344 -12.556 -10.212
