iConf CONFORMER     FL  occ    crg   Em0  pKa0 ne nH    vdw0    vdw1    tors    epol   dsolv   extra    history
00001 GLU01A0010_001 f 0.00  0.000     0  0.00  0  0  -3.382   0.775   3.392   0.048  -0.496   0.000 01O000M000t
00002 GLU01A0010_002 f 0.00  0.000     0  0.00  0  0  -3.088   2.535   3.256   0.036  -0.484   0.000 01E001M000t
00003 GLU01A0010_003 f 0.00  0.000     0  0.00  0  0  -3.471   1.338   3.299   0.066  -0.485   0.000 01E003M000t
00004 GLU01A0010_004 f 0.00  0.000     0  0.00  0  0  -2.676   2.486   2.928  -0.030  -0.515   0.000 01E007M000t
00005 GLU01A0010_005 f 0.00  0.000     0  0.00  0  0  -4.054   0.835   3.485   0.052  -0.489   0.000 01E00AM000t
00006 GLU01A0010_006 f 0.00  0.000     0  0.00  0  0  -3.382   0.775   0.672   0.010  -0.366   0.000 01O000M000t
00007 GLU01A0010_007 f 0.00  0.000     0  0.00  0  0  -3.147   0.765   2.928   0.027  -0.527   0.000 01T005M000t
00008 GLU01A0010_008 f 0.00  0.000     0  0.00  0  0  -3.687   1.314   3.411   0.032  -0.536   0.000 01T008M000t
00009 GLU01A0010_009 f 0.00  0.000     0  0.00  0  0  -3.101   2.538   0.524   0.013  -0.375   0.000 01T001M000t
00010 GLU01A0010_010 f 0.00  0.000     0  0.00  0  0  -3.471   1.338   0.568   0.037  -0.365   0.000 01T003M000t
00011 GLU01A0010_011 f 0.00  0.000     0  0.00  0  0  -2.774   1.193   0.205   0.021  -0.360   0.000 01T009M000t
00012 GLU01A0010_012 f 0.00  0.000     0  0.00  0  0  -3.803   0.831   0.711   0.007  -0.363   0.000 01T00AM000t
00013 GLU02A0010_013 f 0.00  0.000     0  0.00  0  0  -3.544   0.779   3.392   0.014  -0.519   0.000 02O000M000t
00014 GLU02A0010_014 f 0.00  0.000     0  0.00  0  0  -3.398   2.513   3.255  -0.019  -0.525   0.000 02E001M000t
00015 GLU02A0010_015 f 0.00  0.000     0  0.00  0  0  -3.750   1.327   3.291   0.080  -0.509   0.000 02E003M000t
00016 GLU02A0010_016 f 0.00  0.000     0  0.00  0  0  -2.674   0.753   2.928   0.027  -0.474   0.000 02E005M000t
00017 GLU02A0010_017 f 0.00  0.000     0  0.00  0  0  -3.544   0.779   0.672   0.003  -0.360   0.000 02O000M000t
00018 GLU02A0010_018 f 0.00  0.000     0  0.00  0  0  -3.680   1.330   0.513   0.043  -0.354   0.000 02E003M000t
00019 GLU02A0010_019 f 0.00  0.000     0  0.00  0  0  -3.993   0.830   3.531   0.044  -0.488   0.000 02T00AM000t
00020 GLU02A0010_020 f 0.00  0.000     0  0.00  0  0  -2.133   2.491   2.928   0.052  -0.475   0.000 02T007M000t
00021 GLU02A0010_021 f 0.00  0.000     0  0.00  0  0  -3.500   1.332   3.372   0.055  -0.501   0.000 02T008M000t
00022 GLU02A0010_022 f 0.00  0.000     0  0.00  0  0  -2.152   2.486   0.208   0.013  -0.360   0.000 02T007M000t
00023 GLU02A0010_023 f 0.00  0.000     0  0.00  0  0  -4.014   0.830   0.811   0.018  -0.360   0.000 02T00AM000t
00024 GLU02A0010_024 f 0.00  0.000     0  0.00  0  0  -3.500   1.332   0.652   0.023  -0.367   0.000 02T008M000t
00025 GLU-1A0010_025 f 0.00 -1.000     0  4.75  0 -1  -3.573   0.791   0.672  -0.060  -3.150   0.000 -1O000M000t
00026 GLU-1A0010_026 f 0.00 -1.000     0  4.75  0 -1  -3.338   2.537   0.490  -0.023  -3.144   0.000 -1E001M000t
00027 GLU-1A0010_027 f 0.00 -1.000     0  4.75  0 -1  -3.593   1.349   0.530  -0.212  -3.103   0.000 -1E003M000t
00028 GLU-1A0010_028 f 0.00 -1.000     0  4.75  0 -1  -2.690   1.201   0.205  -0.065  -3.144   0.000 -1E009M000t
00029 GLU-1A0010_029 f 0.00 -1.000     0  4.75  0 -1  -4.060   0.849   0.731  -0.160  -3.105   0.000 -1E00AM000t
