   confID        vdw0    sas     sum
GLU01A0010_001   1.271  -4.653  -3.382
GLU01A0010_002   1.617  -4.705  -3.088
GLU01A0010_003   1.390  -4.862  -3.471
GLU01A0010_004   1.905  -4.582  -2.676
GLU01A0010_005   0.881  -4.935  -4.054
GLU01A0010_006   1.271  -4.653  -3.382
GLU01A0010_007   1.919  -5.066  -3.147
GLU01A0010_008   1.045  -4.732  -3.687
GLU01A0010_009   1.617  -4.718  -3.101
GLU01A0010_010   1.390  -4.862  -3.471
GLU01A0010_011   1.939  -4.713  -2.774
GLU01A0010_012   1.016  -4.819  -3.803
GLU02A0010_013   1.083  -4.627  -3.544
GLU02A0010_014   1.366  -4.764  -3.398
GLU02A0010_015   1.199  -4.949  -3.750
GLU02A0010_016   2.372  -5.046  -2.674
GLU02A0010_017   1.083  -4.627  -3.544
GLU02A0010_018   1.261  -4.941  -3.680
GLU02A0010_019   0.960  -4.953  -3.993
GLU02A0010_020   2.376  -4.509  -2.133
GLU02A0010_021   1.047  -4.547  -3.500
GLU02A0010_022   2.383  -4.535  -2.152
GLU02A0010_023   0.960  -4.974  -4.014
GLU02A0010_024   1.047  -4.547  -3.500
GLU-1A0010_025   0.983  -4.556  -3.573
GLU-1A0010_026   1.334  -4.672  -3.338
GLU-1A0010_027   1.142  -4.735  -3.593
GLU-1A0010_028   1.857  -4.548  -2.690
GLU-1A0010_029   0.825  -4.886  -4.060
