CONFORMER         crg  vdw0  vdw1  tors  epol  self   occ  Hb     history    ASA
LYS01A0134_001  0.000 -4.06 -0.15  4.12  0.00 -0.09 0.501  00  01O000M000  1.000
LYS01A0134_002  0.000-11.35  4.85  4.99  0.00 -1.51 0.501  00  01E054M000  1.000
LYS01A0134_003  0.000-11.29  0.08  3.46  0.00 -7.75 0.501  00  01E077M000  1.000
LYS01A0134_004  0.000-10.46  2.34  2.00  0.00 -6.11 0.501  00  01E09AM000  1.000
LYS01A0134_005  0.000 -7.54  2.41  2.98  0.00 -2.15 0.501  00  01E0CCM000  1.000
LYS01A0134_006  0.000-10.51  2.50  3.54  0.00 -4.47 0.501  00  01E0CFM000  1.000
LYS01A0134_007  0.000-10.76 -0.42  2.23  0.00 -8.94 0.501  00  01E0E3M000  1.000
LYS01A0134_008  0.000-11.67 -0.08  1.65  0.00-10.10 0.501  00  01E0EAM000  1.000
LYS01A0134_009  0.000-10.93 -0.12  2.65  0.00 -8.39 0.501  00  01E0F5M000  1.000
LYS01A0134_010  0.000-11.61  0.46  3.04  0.00 -8.11 0.501  00  01E111M000  1.000
LYS01A0134_011  0.000-12.06  0.75  4.98  0.00 -6.32 0.501  00  01E14BM000  1.000
LYS01A0134_012  0.000-11.63  3.03  3.50  0.00 -5.10 0.501  00  01E16EM000  1.000
LYS01A0134_013  0.000-11.13  4.98  2.87  0.00 -3.28 0.501  00  01E18BM000  1.000
LYS01A0134_014  0.000-10.39  5.06  3.37  0.00 -1.96 0.501  00  01E18EM000  1.000
LYS01A0134_015  0.000 -9.26  2.31  3.01  0.00 -3.95 0.501  00  01T0A2M000  1.000
LYS01A0134_016  0.000-10.38  2.24  3.20  0.00 -4.94 0.501  00  01T0D0M000  1.000
LYS01A0134_017  0.000-11.05  0.63  2.98  0.00 -7.44 0.501  00  01T11EM000  1.000
LYS01A0134_018  0.000-11.28  5.71  3.73  0.00 -1.83 0.501  00  01T193M000  1.000
LYS01A0134_019  0.000-10.38  2.44  2.57  0.00 -5.37 0.501  00  01T1D2M000  1.000
LYS+1A0134_020  1.000 -4.14 -0.16  4.12  0.00 -0.18 0.501  00  +1O000M000  1.000
LYS+1A0134_021  1.000-11.39  4.86  5.08  0.00 -1.44 0.501  00  +1E054M000  1.000
LYS+1A0134_022  1.000-11.19  0.09  3.55  0.00 -7.55 0.501  00  +1E077M000  1.000
LYS+1A0134_023  1.000-10.38  2.39  2.04  0.00 -5.94 0.501  00  +1E09AM000  1.000
LYS+1A0134_024  1.000 -9.19  2.31  3.11  0.00 -3.77 0.501  00  +1E0A2M000  1.000
LYS+1A0134_025  1.000-10.57  2.55  3.57  0.00 -4.45 0.501  00  +1E0CFM000  1.000
LYS+1A0134_026  1.000-11.66 -0.08  1.66  0.00-10.08 0.501  00  +1E0EAM000  1.000
LYS+1A0134_027  1.000-10.79 -0.11  2.69  0.00 -8.22 0.501  00  +1E0F5M000  1.000
LYS+1A0134_028  1.000-11.28  4.98  2.89  0.00 -3.41 0.501  00  +1E18BM000  1.000
LYS+1A0134_029  1.000-10.44  5.08  3.38  0.00 -1.98 0.501  00  +1E18EM000  1.000
LYS+1A0134_030  1.000-11.48  5.74  3.76  0.00 -1.97 0.501  00  +1E193M000  1.000
LYS+1A0134_031  1.000 -7.79  2.50  3.03  0.00 -2.26 0.501  00  +1T0CCM000  1.000
LYS+1A0134_032  1.000-10.30  2.20  3.20  0.00 -4.90 0.501  00  +1T0D0M000  1.000
LYS+1A0134_033  1.000-10.73 -0.44  2.26  0.00 -8.91 0.501  00  +1T0E3M000  1.000
LYS+1A0134_034  1.000-11.61  0.47  3.07  0.00 -8.08 0.501  00  +1T111M000  1.000
LYS+1A0134_035  1.000-11.15  0.63  3.00  0.00 -7.51 0.501  00  +1T11EM000  1.000
LYS+1A0134_036  1.000-12.28  0.76  5.06  0.00 -6.45 0.501  00  +1T14BM000  1.000
LYS+1A0134_037  1.000-11.73  3.10  3.59  0.00 -5.04 0.501  00  +1T16EM000  1.000
LYS+1A0134_038  1.000-10.49  2.45  2.61  0.00 -5.43 0.501  00  +1T1D2M000  1.000
