iConf CONFORMER     FL  occ    crg   Em0  pKa0 ne nH    vdw0    vdw1    tors    epol   dsolv   extra    history
00001 LYS01A0134_001 f 0.00  0.000     0  0.00  0  0  -4.053  -0.033   4.119  -0.012  -0.540   0.000 01O000M000t
00002 LYS01A0134_002 f 0.00  0.000     0  0.00  0  0 -11.347   4.974   4.992  -0.018  -0.515   0.000 01E054M000t
00003 LYS01A0134_003 f 0.00  0.000     0  0.00  0  0 -11.293   0.202   3.467  -0.003  -0.530   0.000 01E077M000t
00004 LYS01A0134_004 f 0.00  0.000     0  0.00  0  0 -10.454   2.447   2.006  -0.009  -0.496   0.000 01E09AM000t
00005 LYS01A0134_005 f 0.00  0.000     0  0.00  0  0  -7.533   2.532   2.983  -0.011  -0.536   0.000 01E0CCM000t
00006 LYS01A0134_006 f 0.00  0.000     0  0.00  0  0 -10.511   2.631   3.533  -0.001  -0.468   0.000 01E0CFM000t
00007 LYS01A0134_007 f 0.00  0.000     0  0.00  0  0 -10.758  -0.293   2.229  -0.046  -0.504   0.000 01E0E3M000t
00008 LYS01A0134_008 f 0.00  0.000     0  0.00  0  0 -11.671   0.037   1.649  -0.013  -0.522   0.000 01E0EAM000t
00009 LYS01A0134_009 f 0.00  0.000     0  0.00  0  0 -10.930  -0.049   2.653  -0.006  -0.479   0.000 01E0F5M000t
00010 LYS01A0134_010 f 0.00  0.000     0  0.00  0  0 -11.612   0.566   3.036  -0.005  -0.541   0.000 01E111M000t
00011 LYS01A0134_011 f 0.00  0.000     0  0.00  0  0 -12.115   0.804   4.984  -0.009  -0.525   0.000 01E14BM000t
00012 LYS01A0134_012 f 0.00  0.000     0  0.00  0  0 -11.625   3.068   3.501  -0.006  -0.587   0.000 01E16EM000t
00013 LYS01A0134_013 f 0.00  0.000     0  0.00  0  0 -11.136   5.026   2.872  -0.008  -0.534   0.000 01E18BM000t
00014 LYS01A0134_014 f 0.00  0.000     0  0.00  0  0 -10.388   5.117   3.368  -0.007  -0.479   0.000 01E18EM000t
00015 LYS01A0134_015 f 0.00  0.000     0  0.00  0  0  -9.259   2.410   3.014   0.001  -0.495   0.000 01T0A2M000t
00016 LYS01A0134_016 f 0.00  0.000     0  0.00  0  0 -10.384   2.360   3.199  -0.013  -0.494   0.000 01T0D0M000t
00017 LYS01A0134_017 f 0.00  0.000     0  0.00  0  0 -11.048   0.734   2.979  -0.003  -0.507   0.000 01T11EM000t
00018 LYS01A0134_018 f 0.00  0.000     0  0.00  0  0 -11.278   5.780   3.737  -0.007  -0.518   0.000 01T193M000t
00019 LYS01A0134_019 f 0.00  0.000     0  0.00  0  0 -10.429   2.442   2.578  -0.011  -0.458   0.000 01T1D2M000t
00020 LYS+1A0134_020 f 0.00  1.000     0 10.40  0  1  -4.133  -0.038   4.119   0.102  -7.188   0.000 +1O000M000t
00021 LYS+1A0134_021 f 0.00  1.000     0 10.40  0  1 -11.384   4.993   5.080   0.086  -7.252   0.000 +1E054M000t
00022 LYS+1A0134_022 f 0.00  1.000     0 10.40  0  1 -11.185   0.207   3.546   0.032  -7.308   0.000 +1E077M000t
00023 LYS+1A0134_023 f 0.00  1.000     0 10.40  0  1 -10.387   2.501   2.045   0.052  -7.201   0.000 +1E09AM000t
00024 LYS+1A0134_024 f 0.00  1.000     0 10.40  0  1  -9.195   2.406   3.107   0.095  -7.183   0.000 +1E0A2M000t
00025 LYS+1A0134_025 f 0.00  1.000     0 10.40  0  1 -10.574   2.673   3.573   0.097  -7.070   0.000 +1E0CFM000t
00026 LYS+1A0134_026 f 0.00  1.000     0 10.40  0  1 -11.666   0.038   1.659   0.004  -7.220   0.000 +1E0EAM000t
00027 LYS+1A0134_027 f 0.00  1.000     0 10.40  0  1 -10.787  -0.045   2.688  -0.003  -7.221   0.000 +1E0F5M000t
00028 LYS+1A0134_028 f 0.00  1.000     0 10.40  0  1 -11.275   5.041   2.888   0.156  -7.139   0.000 +1E18BM000t
00029 LYS+1A0134_029 f 0.00  1.000     0 10.40  0  1 -10.435   5.118   3.386   0.076  -7.235   0.000 +1E18EM000t
00030 LYS+1A0134_030 f 0.00  1.000     0 10.40  0  1 -11.486   5.806   3.766   0.046  -7.307   0.000 +1E193M000t
00031 LYS+1A0134_031 f 0.00  1.000     0 10.40  0  1  -7.797   2.631   3.031   0.057  -7.286   0.000 +1T0CCM000t
00032 LYS+1A0134_032 f 0.00  1.000     0 10.40  0  1 -10.293   2.322   3.196   0.080  -7.200   0.000 +1T0D0M000t
00033 LYS+1A0134_033 f 0.00  1.000     0 10.40  0  1 -10.771  -0.320   2.257   0.030  -7.073   0.000 +1T0E3M000t
00034 LYS+1A0134_034 f 0.00  1.000     0 10.40  0  1 -11.614   0.570   3.070   0.026  -7.308   0.000 +1T111M000t
00035 LYS+1A0134_035 f 0.00  1.000     0 10.40  0  1 -11.143   0.733   3.004   0.056  -7.343   0.000 +1T11EM000t
00036 LYS+1A0134_036 f 0.00  1.000     0 10.40  0  1 -12.276   0.811   5.063   0.057  -7.309   0.000 +1T14BM000t
00037 LYS+1A0134_037 f 0.00  1.000     0 10.40  0  1 -11.734   3.158   3.592   0.057  -7.366   0.000 +1T16EM000t
00038 LYS+1A0134_038 f 0.00  1.000     0 10.40  0  1 -10.492   2.449   2.610   0.088  -7.095   0.000 +1T1D2M000t
