   confID        vdw0    sas     sum
LYS01A0134_001   7.938 -11.991  -4.053
LYS01A0134_002   0.932 -12.279 -11.347
LYS01A0134_003   1.298 -12.592 -11.293
LYS01A0134_004   1.917 -12.371 -10.454
LYS01A0134_005   4.608 -12.141  -7.533
LYS01A0134_006   1.497 -12.008 -10.511
LYS01A0134_007   1.662 -12.420 -10.758
LYS01A0134_008   0.786 -12.458 -11.671
LYS01A0134_009   1.762 -12.692 -10.930
LYS01A0134_010   0.812 -12.424 -11.612
LYS01A0134_011   0.927 -13.042 -12.115
LYS01A0134_012   1.301 -12.926 -11.625
LYS01A0134_013   1.484 -12.619 -11.136
LYS01A0134_014   2.163 -12.551 -10.388
LYS01A0134_015   2.941 -12.200  -9.259
LYS01A0134_016   1.710 -12.094 -10.384
LYS01A0134_017   1.277 -12.325 -11.048
LYS01A0134_018   1.523 -12.801 -11.278
LYS01A0134_019   1.817 -12.246 -10.429
LYS+1A0134_020   7.857 -11.991  -4.133
LYS+1A0134_021   0.883 -12.267 -11.384
LYS+1A0134_022   1.291 -12.476 -11.185
LYS+1A0134_023   1.877 -12.265 -10.387
LYS+1A0134_024   2.954 -12.149  -9.195
LYS+1A0134_025   1.417 -11.992 -10.574
LYS+1A0134_026   0.727 -12.393 -11.666
LYS+1A0134_027   1.699 -12.487 -10.787
LYS+1A0134_028   1.412 -12.687 -11.275
LYS+1A0134_029   2.128 -12.564 -10.435
LYS+1A0134_030   1.473 -12.959 -11.486
LYS+1A0134_031   4.382 -12.179  -7.797
LYS+1A0134_032   1.657 -11.950 -10.293
LYS+1A0134_033   1.613 -12.384 -10.771
LYS+1A0134_034   0.759 -12.373 -11.614
LYS+1A0134_035   1.250 -12.393 -11.143
LYS+1A0134_036   0.898 -13.174 -12.276
LYS+1A0134_037   1.276 -13.010 -11.734
LYS+1A0134_038   1.741 -12.233 -10.492
