iConf CONFORMER     FL  occ    crg   Em0  pKa0 ne nH    vdw0    vdw1    tors    epol   dsolv   extra    history
00001 LYS01A0133_001 f 0.00  0.000     0  0.00  0  0  -8.781   0.145   1.241  -0.013  -0.985   0.000 01O000M000t
00002 LYS01A0133_002 f 0.00  0.000     0  0.00  0  0 -11.445   0.328   1.245  -0.006  -0.911   0.000 01E02CM000t
00003 LYS01A0133_003 f 0.00  0.000     0  0.00  0  0  -9.369   0.683   1.822  -0.009  -0.865   0.000 01E0BCM000t
00004 LYS01A0133_004 f 0.00  0.000     0  0.00  0  0  -9.411   0.111   4.518  -0.033  -0.968   0.000 01E0E0M000t
00005 LYS01A0133_005 f 0.00  0.000     0  0.00  0  0  -9.458   0.932   7.321  -0.006  -0.925   0.000 01E10EM000t
00006 LYS01A0133_006 f 0.00  0.000     0  0.00  0  0  -9.923   0.745   4.491  -0.015  -0.878   0.000 01E121M000t
00007 LYS01A0133_007 f 0.00  0.000     0  0.00  0  0 -10.815   2.491   1.362  -0.089  -0.889   0.000 01E153M000t
00008 LYS01A0133_008 f 0.00  0.000     0  0.00  0  0 -10.972   3.580   4.344  -0.034  -1.038   0.000 01E167M000t
00009 LYS01A0133_009 f 0.00  0.000     0  0.00  0  0 -10.430   0.841   1.037  -0.008  -0.985   0.000 01E179M000t
00010 LYS01A0133_010 f 0.00  0.000     0  0.00  0  0 -10.237   0.699   1.641  -0.016  -0.933   0.000 01T01FM000t
00011 LYS01A0133_011 f 0.00  0.000     0  0.00  0  0 -10.570   0.267   3.735  -0.005  -0.907   0.000 01T0F1M000t
00012 LYS01A0133_012 f 0.00  0.000     0  0.00  0  0 -10.607   0.921   6.597  -0.006  -0.983   0.000 01T107M000t
00013 LYS01A0133_013 f 0.00  0.000     0  0.00  0  0  -9.760   1.272   4.531  -0.010  -1.010   0.000 01T118M000t
00014 LYS01A0133_014 f 0.00  0.000     0  0.00  0  0 -10.213   1.206   7.240  -0.020  -0.970   0.000 01T11AM000t
00015 LYS01A0133_015 f 0.00  0.000     0  0.00  0  0 -10.983   4.552   0.857  -0.039  -0.877   0.000 01T156M000t
00016 LYS01A0133_016 f 0.00  0.000     0  0.00  0  0 -11.568   5.050   0.880  -0.021  -0.879   0.000 01T157M000t
00017 LYS01A0133_017 f 0.00  0.000     0  0.00  0  0 -10.617   0.889   3.699  -0.010  -1.000   0.000 01T17BM000t
00018 LYS01A0133_018 f 0.00  0.000     0  0.00  0  0  -9.108   0.671   1.816  -0.008  -0.907   0.000 01T18FM000t
00019 LYS01A0133_019 f 0.00  0.000     0  0.00  0  0 -10.932   3.360   3.773  -0.026  -0.977   0.000 01T1A5M000t
00020 LYS01A0133_020 f 0.00  0.000     0  0.00  0  0 -10.792   4.092   4.314  -0.029  -1.008   0.000 01T1ADM000t
00021 LYS+1A0133_021 f 0.00  1.000     0 10.40  0  1  -8.831   0.144   1.241   0.066 -12.957   0.000 +1O000M000t
00022 LYS+1A0133_022 f 0.00  1.000     0 10.40  0  1 -10.285   0.693   1.647   0.068 -13.068   0.000 +1E01FM000t
00023 LYS+1A0133_023 f 0.00  1.000     0 10.40  0  1 -11.485   0.332   1.252   0.011 -12.947   0.000 +1E02CM000t
00024 LYS+1A0133_024 f 0.00  1.000     0 10.40  0  1 -10.350   1.192   7.258   0.052 -12.762   0.000 +1E11AM000t
00025 LYS+1A0133_025 f 0.00  1.000     0 10.40  0  1 -10.014   0.735   4.495   0.127 -12.499   0.000 +1E121M000t
00026 LYS+1A0133_026 f 0.00  1.000     0 10.40  0  1 -10.897   2.471   1.362   0.320 -12.694   0.000 +1E153M000t
00027 LYS+1A0133_027 f 0.00  1.000     0 10.40  0  1 -11.088   4.636   0.865   0.228 -12.536   0.000 +1E156M000t
00028 LYS+1A0133_028 f 0.00  1.000     0 10.40  0  1 -11.782   5.223   0.890   0.087 -12.749   0.000 +1E157M000t
00029 LYS+1A0133_029 f 0.00  1.000     0 10.40  0  1 -10.970   3.571   4.350   0.158 -12.929   0.000 +1E167M000t
00030 LYS+1A0133_030 f 0.00  1.000     0 10.40  0  1 -10.419   0.827   1.044   0.092 -12.895   0.000 +1E179M000t
00031 LYS+1A0133_031 f 0.00  1.000     0 10.40  0  1 -10.718   0.888   3.722   0.057 -13.005   0.000 +1E17BM000t
00032 LYS+1A0133_032 f 0.00  1.000     0 10.40  0  1  -9.228   0.668   1.823   0.077 -12.784   0.000 +1E18FM000t
00033 LYS+1A0133_033 f 0.00  1.000     0 10.40  0  1 -10.848   4.072   4.320   0.134 -12.764   0.000 +1E1ADM000t
00034 LYS+1A0133_034 f 0.00  1.000     0 10.40  0  1  -9.318   0.679   1.824   0.100 -12.558   0.000 +1T0BCM000t
00035 LYS+1A0133_035 f 0.00  1.000     0 10.40  0  1  -9.352   0.085   4.561   0.106 -12.885   0.000 +1T0E0M000t
00036 LYS+1A0133_036 f 0.00  1.000     0 10.40  0  1 -10.616   0.265   3.753   0.037 -13.211   0.000 +1T0F1M000t
00037 LYS+1A0133_037 f 0.00  1.000     0 10.40  0  1 -10.579   0.922   6.665   0.048 -12.910   0.000 +1T107M000t
00038 LYS+1A0133_038 f 0.00  1.000     0 10.40  0  1  -9.510   0.937   7.365   0.024 -13.157   0.000 +1T10EM000t
00039 LYS+1A0133_039 f 0.00  1.000     0 10.40  0  1  -9.765   1.268   4.536   0.066 -12.941   0.000 +1T118M000t
00040 LYS+1A0133_040 f 0.00  1.000     0 10.40  0  1 -11.072   3.346   3.775   0.060 -12.760   0.000 +1T1A5M000t
