CONFORMER         crg  vdw0  vdw1  tors  epol  self   occ  Hb     history    ASA
LYS01A0133_001  0.000 -8.78  0.14  1.24  0.00 -7.40 0.501  00  01O000M000  1.000
LYS01A0133_002  0.000-11.45  0.33  1.25  0.00 -9.87 0.501  00  01E02CM000  1.000
LYS01A0133_003  0.000 -9.37  0.68  1.82  0.00 -6.87 0.501  00  01E0BCM000  1.000
LYS01A0133_004  0.000 -9.41  0.11  4.52  0.00 -4.78 0.502  00  01E0E0M000  1.000
LYS01A0133_005  0.000 -9.46  0.93  7.32  0.00 -1.21 0.501  00  01E10EM000  1.000
LYS01A0133_006  0.000 -9.92  0.75  4.49  0.00 -4.68 0.501  00  01E121M000  1.000
LYS01A0133_007  0.000-10.82  2.49  1.36  0.00 -6.96 0.501  00  01E153M000  1.000
LYS01A0133_008  0.000-10.97  3.58  4.34  0.00 -3.04 0.501  00  01E167M000  1.000
LYS01A0133_009  0.000-10.43  0.84  1.04  0.00 -8.55 0.501  00  01E179M000  1.000
LYS01A0133_010  0.000-10.23  0.70  1.64  0.00 -7.89 0.501  00  01T01FM000  1.000
LYS01A0133_011  0.000-10.57  0.27  3.74  0.00 -6.57 0.501  00  01T0F1M000  1.000
LYS01A0133_012  0.000-10.56  0.92  6.60  0.00 -3.04 0.501  00  01T107M000  1.000
LYS01A0133_013  0.000 -9.76  1.27  4.53  0.00 -3.95 0.501  00  01T118M000  1.000
LYS01A0133_014  0.000-10.21  1.21  7.24  0.00 -1.77 0.501  00  01T11AM000  1.000
LYS01A0133_015  0.000-10.98  4.56  0.86  0.00 -5.57 0.501  00  01T156M000  1.000
LYS01A0133_016  0.000-11.57  5.06  0.88  0.00 -5.63 0.501  00  01T157M000  1.000
LYS01A0133_017  0.000-10.62  0.89  3.70  0.00 -6.03 0.501  00  01T17BM000  1.000
LYS01A0133_018  0.000 -9.04  0.67  1.82  0.00 -6.55 0.501  00  01T18FM000  1.000
LYS01A0133_019  0.000-10.93  3.36  3.77  0.00 -3.81 0.501  00  01T1A5M000  1.000
LYS01A0133_020  0.000-10.79  4.09  4.31  0.00 -2.38 0.501  00  01T1ADM000  1.000
LYS+1A0133_021  1.000 -8.83  0.14  1.24  0.00 -7.45 0.501  00  +1O000M000  1.000
LYS+1A0133_022  1.000-10.28  0.69  1.65  0.00 -7.94 0.501  00  +1E01FM000  1.000
LYS+1A0133_023  1.000-11.48  0.33  1.25  0.00 -9.90 0.501  00  +1E02CM000  1.000
LYS+1A0133_024  1.000-10.31  1.19  7.26  0.00 -1.86 0.501  00  +1E11AM000  1.000
LYS+1A0133_025  1.000-10.02  0.74  4.49  0.00 -4.79 0.501  00  +1E121M000  1.000
LYS+1A0133_026  1.000-10.89  2.47  1.36  0.00 -7.06 0.501  00  +1E153M000  1.000
LYS+1A0133_027  1.000-11.05  4.64  0.87  0.00 -5.55 0.501  00  +1E156M000  1.000
LYS+1A0133_028  1.000-11.71  5.22  0.89  0.00 -5.60 0.501  00  +1E157M000  1.000
LYS+1A0133_029  1.000-10.97  3.56  4.35  0.00 -3.06 0.501  00  +1E167M000  1.000
LYS+1A0133_030  1.000-10.49  0.82  1.04  0.00 -8.62 0.501  00  +1E179M000  1.000
LYS+1A0133_031  1.000-10.72  0.89  3.72  0.00 -6.11 0.501  00  +1E17BM000  1.000
LYS+1A0133_032  1.000 -9.23  0.67  1.82  0.00 -6.74 0.501  00  +1E18FM000  1.000
LYS+1A0133_033  1.000-10.85  4.07  4.32  0.00 -2.46 0.501  00  +1E1ADM000  1.000
LYS+1A0133_034  1.000 -9.33  0.68  1.82  0.00 -6.83 0.501  00  +1T0BCM000  1.000
LYS+1A0133_035  1.000 -9.35  0.09  4.56  0.00 -4.70 0.502  00  +1T0E0M000  1.000
LYS+1A0133_036  1.000-10.62  0.26  3.75  0.00 -6.60 0.501  00  +1T0F1M000  1.000
LYS+1A0133_037  1.000-10.58  0.92  6.66  0.00 -2.99 0.501  00  +1T107M000  1.000
LYS+1A0133_038  1.000 -9.51  0.94  7.37  0.00 -1.21 0.501  00  +1T10EM000  1.000
LYS+1A0133_039  1.000 -9.77  1.27  4.54  0.00 -3.96 0.501  00  +1T118M000  1.000
LYS+1A0133_040  1.000-11.07  3.34  3.78  0.00 -3.95 0.501  00  +1T1A5M000  1.000
