   confID        vdw0    sas     sum
LYS01A0133_001   3.280 -12.061  -8.781
LYS01A0133_002   1.076 -12.521 -11.445
LYS01A0133_003   2.906 -12.275  -9.369
LYS01A0133_004   3.094 -12.505  -9.411
LYS01A0133_005   3.082 -12.540  -9.458
LYS01A0133_006   2.306 -12.230  -9.923
LYS01A0133_007   1.972 -12.786 -10.815
LYS01A0133_008   2.241 -13.213 -10.972
LYS01A0133_009   2.324 -12.754 -10.430
LYS01A0133_010   2.400 -12.637 -10.237
LYS01A0133_011   1.736 -12.306 -10.570
LYS01A0133_012   2.081 -12.688 -10.607
LYS01A0133_013   2.405 -12.165  -9.760
LYS01A0133_014   2.032 -12.245 -10.213
LYS01A0133_015   1.797 -12.780 -10.983
LYS01A0133_016   1.057 -12.625 -11.568
LYS01A0133_017   1.927 -12.544 -10.617
LYS01A0133_018   2.925 -12.033  -9.108
LYS01A0133_019   1.426 -12.358 -10.932
LYS01A0133_020   1.743 -12.535 -10.792
LYS+1A0133_021   3.229 -12.061  -8.831
LYS+1A0133_022   2.352 -12.637 -10.285
LYS+1A0133_023   1.036 -12.521 -11.485
LYS+1A0133_024   1.962 -12.313 -10.350
LYS+1A0133_025   2.216 -12.230 -10.014
LYS+1A0133_026   1.890 -12.786 -10.897
LYS+1A0133_027   1.769 -12.857 -11.088
LYS+1A0133_028   0.949 -12.731 -11.782
LYS+1A0133_029   2.191 -13.162 -10.970
LYS+1A0133_030   2.318 -12.738 -10.419
LYS+1A0133_031   1.877 -12.595 -10.718
LYS+1A0133_032   2.872 -12.100  -9.228
LYS+1A0133_033   1.686 -12.535 -10.848
LYS+1A0133_034   2.838 -12.156  -9.318
LYS+1A0133_035   3.089 -12.441  -9.352
LYS+1A0133_036   1.689 -12.306 -10.616
LYS+1A0133_037   2.058 -12.637 -10.579
LYS+1A0133_038   3.082 -12.592  -9.510
LYS+1A0133_039   2.387 -12.152  -9.765
LYS+1A0133_040   1.324 -12.396 -11.072
