iConf CONFORMER     FL  occ    crg   Em0  pKa0 ne nH    vdw0    vdw1    tors    epol   dsolv   extra    history
00001 ARG01A0081_001 f 0.00  0.000     0  0.00  0  0 -13.628   1.080   0.842  -0.005  -0.191   0.000 01O000M000t
00002 ARG01A0081_002 f 0.00  0.000     0  0.00  0  0 -13.341   1.204   5.843   0.020  -0.183   0.000 01E01CM000t
00003 ARG01A0081_003 f 0.00  0.000     0  0.00  0  0 -12.413   2.592   3.628   0.001  -0.185   0.000 01E036M000t
00004 ARG01A0081_004 f 0.00  0.000     0  0.00  0  0 -12.409   1.524   6.888   0.060  -0.177   0.000 01E03AM000t
00005 ARG01A0081_005 f 0.00  0.000     0  0.00  0  0 -13.600   3.861   0.918  -0.007  -0.184   0.000 01E051M000t
00006 ARG01A0081_006 f 0.00  0.000     0  0.00  0  0 -11.393   1.296   2.875  -0.004  -0.180   0.000 01E07DM000t
00007 ARG01A0081_007 f 0.00  0.000     0  0.00  0  0 -11.764   1.220   2.762  -0.010  -0.181   0.000 01E087M000t
00008 ARG01A0081_008 f 0.00  0.000     0  0.00  0  0 -12.494   3.818   3.667  -0.057  -0.164   0.000 01E0E2M000t
00009 ARG01A0081_009 f 0.00  0.000     0  0.00  0  0 -12.273   1.346   5.798  -0.003  -0.176   0.000 01E0E6M000t
00010 ARG01A0081_010 f 0.00  0.000     0  0.00  0  0 -11.796   1.516   5.871  -0.001  -0.182   0.000 01E0E7M000t
00011 ARG01A0081_011 f 0.00  0.000     0  0.00  0  0 -11.147   2.002   3.928  -0.027  -0.175   0.000 01E0EBM000t
00012 ARG01A0081_012 f 0.00  0.000     0  0.00  0  0 -13.081   7.069   1.417   0.044  -0.185   0.000 01T009M000t
00013 ARG01A0081_013 f 0.00  0.000     0  0.00  0  0 -13.536   1.150   3.825  -0.007  -0.185   0.000 01T00EM000t
00014 ARG01A0081_014 f 0.00  0.000     0  0.00  0  0 -12.493   0.818   0.673   0.007  -0.182   0.000 01T011M000t
00015 ARG01A0081_015 f 0.00  0.000     0  0.00  0  0 -12.359   1.525   1.235   0.002  -0.177   0.000 01T02FM000t
00016 ARG01A0081_016 f 0.00  0.000     0  0.00  0  0 -11.702   2.401   1.165  -0.003  -0.185   0.000 01T052M000t
00017 ARG01A0081_017 f 0.00  0.000     0  0.00  0  0 -12.517   1.488   1.366   0.011  -0.182   0.000 01T055M000t
00018 ARG01A0081_018 f 0.00  0.000     0  0.00  0  0  -9.642   1.017   2.371  -0.001  -0.167   0.000 01T074M000t
00019 ARG01A0081_019 f 0.00  0.000     0  0.00  0  0 -11.863   1.179   2.725   0.004  -0.183   0.000 01T07AM000t
00020 ARG01A0081_020 f 0.00  0.000     0  0.00  0  0 -10.512   2.454   3.330   0.010  -0.182   0.000 01T0B1M000t
00021 ARG02A0081_021 f 0.00  0.000     0  0.00  0  0 -13.284   6.179   1.214   0.031  -0.162   0.000 02E009M000t
00022 ARG02A0081_022 f 0.00  0.000     0  0.00  0  0 -12.003   1.575   1.239   0.009  -0.159   0.000 02E055M000t
00023 ARG02A0081_023 f 0.00  0.000     0  0.00  0  0 -13.604   1.078   0.842   0.007  -0.179   0.000 02O000M000t
00024 ARG02A0081_024 f 0.00  0.000     0  0.00  0  0 -11.677   2.423   1.157   0.007  -0.171   0.000 02E052M000t
00025 ARG02A0081_025 f 0.00  0.000     0  0.00  0  0 -11.718   1.168   2.720  -0.004  -0.173   0.000 02E07AM000t
00026 ARG02A0081_026 f 0.00  0.000     0  0.00  0  0 -12.400   0.795   0.493   0.002  -0.160   0.000 02T011M000t
00027 ARG02A0081_027 f 0.00  0.000     0  0.00  0  0 -12.099   1.554   1.088   0.017  -0.156   0.000 02T02FM000t
00028 ARG02A0081_028 f 0.00  0.000     0  0.00  0  0 -11.606   1.230   2.629  -0.002  -0.164   0.000 02T087M000t
00029 ARG02A0081_029 f 0.00  0.000     0  0.00  0  0 -12.924   1.247   4.830  -0.002  -0.156   0.000 02T01CM000t
00030 ARG02A0081_030 f 0.00  0.000     0  0.00  0  0 -11.772   4.104   3.132   0.002  -0.161   0.000 02T036M000t
00031 ARG02A0081_031 f 0.00  0.000     0  0.00  0  0 -11.279   2.021   3.882   0.007  -0.155   0.000 02T0EBM000t
00032 ARG02A0081_032 f 0.00  0.000     0  0.00  0  0 -13.061   1.193   2.614   0.006  -0.168   0.000 02T00EM000t
00033 ARG02A0081_033 f 0.00  0.000     0  0.00  0  0 -13.114   5.485   0.581   0.013  -0.171   0.000 02T051M000t
00034 ARG02A0081_034 f 0.00  0.000     0  0.00  0  0 -11.163   1.328   2.840   0.003  -0.160   0.000 02T07DM000t
00035 ARG02A0081_035 f 0.00  0.000     0  0.00  0  0 -11.945   1.392   5.801   0.039  -0.175   0.000 02T03AM000t
00036 ARG02A0081_036 f 0.00  0.000     0  0.00  0  0  -9.205   0.925   2.374   0.006  -0.163   0.000 02T074M000t
00037 ARG02A0081_037 f 0.00  0.000     0  0.00  0  0 -10.398   2.495   3.285   0.005  -0.164   0.000 02T0B1M000t
00038 ARG02A0081_038 f 0.00  0.000     0  0.00  0  0 -12.566   3.206   3.717  -0.081  -0.149   0.000 02T0E2M000t
00039 ARG02A0081_039 f 0.00  0.000     0  0.00  0  0 -12.064   1.363   5.763   0.014  -0.171   0.000 02T0E6M000t
00040 ARG02A0081_040 f 0.00  0.000     0  0.00  0  0 -11.801   1.441   5.714   0.005  -0.173   0.000 02T0E7M000t
00041 ARG03A0081_041 f 0.00  0.000     0  0.00  0  0 -13.666   1.077   0.842   0.003  -0.167   0.000 03O000M000t
00042 ARG03A0081_042 f 0.00  0.000     0  0.00  0  0 -11.651   1.184   2.681   0.005  -0.158   0.000 03E07AM000t
00043 ARG03A0081_043 f 0.00  0.000     0  0.00  0  0 -12.992   1.247   4.733  -0.001  -0.157   0.000 03T01CM000t
00044 ARG03A0081_044 f 0.00  0.000     0  0.00  0  0 -10.502   2.488   3.269   0.015  -0.157   0.000 03T0B1M000t
00045 ARG03A0081_045 f 0.00  0.000     0  0.00  0  0 -13.165   6.237   1.194   0.028  -0.161   0.000 03T009M000t
00046 ARG03A0081_046 f 0.00  0.000     0  0.00  0  0 -12.150   1.370   5.729   0.038  -0.149   0.000 03T03AM000t
00047 ARG03A0081_047 f 0.00  0.000     0  0.00  0  0 -11.778   2.411   1.156   0.011  -0.157   0.000 03T052M000t
00048 ARG03A0081_048 f 0.00  0.000     0  0.00  0  0 -11.941   1.579   1.239   0.011  -0.158   0.000 03T055M000t
00049 ARG03A0081_049 f 0.00  0.000     0  0.00  0  0  -9.430   0.944   2.295   0.013  -0.149   0.000 03T074M000t
00050 ARG03A0081_050 f 0.00  0.000     0  0.00  0  0 -11.562   1.215   2.608  -0.002  -0.158   0.000 03T087M000t
00051 ARG03A0081_051 f 0.00  0.000     0  0.00  0  0 -13.312   1.199   2.558   0.001  -0.165   0.000 03T00EM000t
00052 ARG03A0081_052 f 0.00  0.000     0  0.00  0  0 -12.081   1.572   1.070   0.011  -0.153   0.000 03T02FM000t
00053 ARG03A0081_053 f 0.00  0.000     0  0.00  0  0 -11.944   4.136   3.088   0.004  -0.165   0.000 03T036M000t
00054 ARG03A0081_054 f 0.00  0.000     0  0.00  0  0 -11.267   1.317   2.859  -0.001  -0.155   0.000 03T07DM000t
00055 ARG03A0081_055 f 0.00  0.000     0  0.00  0  0 -12.606   0.794   0.479   0.010  -0.161   0.000 03T011M000t
00056 ARG03A0081_056 f 0.00  0.000     0  0.00  0  0 -13.067   5.413   0.568   0.007  -0.169   0.000 03T051M000t
00057 ARG03A0081_057 f 0.00  0.000     0  0.00  0  0 -12.591   3.365   3.700  -0.056  -0.147   0.000 03T0E2M000t
00058 ARG03A0081_058 f 0.00  0.000     0  0.00  0  0 -12.088   1.369   5.773   0.007  -0.167   0.000 03T0E6M000t
00059 ARG03A0081_059 f 0.00  0.000     0  0.00  0  0 -11.824   1.441   5.693   0.005  -0.161   0.000 03T0E7M000t
00060 ARG03A0081_060 f 0.00  0.000     0  0.00  0  0 -11.183   2.030   3.870  -0.010  -0.158   0.000 03T0EBM000t
00061 ARG+1A0081_061 f 0.00  1.000     0 12.50  0  1 -13.708   1.077   0.842   0.042  -0.836   0.000 +1O000M000t
00062 ARG+1A0081_062 f 0.00  1.000     0 12.50  0  1 -13.281   1.192   2.620   0.045  -0.826   0.000 +1E00EM000t
00063 ARG+1A0081_063 f 0.00  1.000     0 12.50  0  1 -12.548   0.789   0.498   0.013  -0.811   0.000 +1E011M000t
00064 ARG+1A0081_064 f 0.00  1.000     0 12.50  0  1 -12.961   1.246   4.859  -0.024  -0.817   0.000 +1E01CM000t
00065 ARG+1A0081_065 f 0.00  1.000     0 12.50  0  1 -11.998   4.155   3.136   0.003  -0.822   0.000 +1E036M000t
00066 ARG+1A0081_066 f 0.00  1.000     0 12.50  0  1 -12.100   1.387   5.831  -0.044  -0.820   0.000 +1E03AM000t
00067 ARG+1A0081_067 f 0.00  1.000     0 12.50  0  1 -11.956   1.569   1.248   0.061  -0.816   0.000 +1E055M000t
00068 ARG+1A0081_068 f 0.00  1.000     0 12.50  0  1  -9.341   0.932   2.380   0.027  -0.818   0.000 +1E074M000t
00069 ARG+1A0081_069 f 0.00  1.000     0 12.50  0  1 -11.729   1.162   2.719   0.028  -0.828   0.000 +1E07AM000t
00070 ARG+1A0081_070 f 0.00  1.000     0 12.50  0  1 -11.271   1.316   2.873   0.016  -0.818   0.000 +1E07DM000t
00071 ARG+1A0081_071 f 0.00  1.000     0 12.50  0  1 -10.472   2.489   3.282   0.048  -0.826   0.000 +1E0B1M000t
00072 ARG+1A0081_072 f 0.00  1.000     0 12.50  0  1 -11.835   1.441   5.713   0.059  -0.824   0.000 +1E0E7M000t
00073 ARG+1A0081_073 f 0.00  1.000     0 12.50  0  1 -11.384   2.021   3.884   0.080  -0.806   0.000 +1E0EBM000t
00074 ARG+1A0081_074 f 0.00  1.000     0 12.50  0  1 -13.406   6.194   1.218  -0.067  -0.817   0.000 +1T009M000t
00075 ARG+1A0081_075 f 0.00  1.000     0 12.50  0  1 -12.197   1.567   1.095   0.027  -0.811   0.000 +1T02FM000t
00076 ARG+1A0081_076 f 0.00  1.000     0 12.50  0  1 -12.991   5.543   0.590   0.082  -0.821   0.000 +1T051M000t
00077 ARG+1A0081_077 f 0.00  1.000     0 12.50  0  1 -11.740   2.422   1.161   0.057  -0.829   0.000 +1T052M000t
00078 ARG+1A0081_078 f 0.00  1.000     0 12.50  0  1 -11.456   1.226   2.643   0.050  -0.830   0.000 +1T087M000t
00079 ARG+1A0081_079 f 0.00  1.000     0 12.50  0  1 -12.555   3.105   3.741   0.064  -0.815   0.000 +1T0E2M000t
00080 ARG+1A0081_080 f 0.00  1.000     0 12.50  0  1 -11.976   1.366   5.782   0.058  -0.819   0.000 +1T0E6M000t
