CONFORMER         crg  vdw0  vdw1  tors  epol  self   occ  Hb     history    ASA
ARG01A0081_001  0.000-13.63  0.98  0.84  0.00-11.81 0.502  00  01O000M000  1.000
ARG01A0081_002  0.000-13.34  1.15  5.84  0.00 -6.35 0.503  00  01E01CM000  1.000
ARG01A0081_003  0.000-12.41  2.53  3.63  0.00 -6.26 0.502  00  01E036M000  1.000
ARG01A0081_004  0.000-12.41  1.53  6.90  0.00 -3.99 0.503  00  01E03AM000  1.000
ARG01A0081_005  0.000-13.60  3.82  0.91  0.00 -8.87 0.502  00  01E051M000  1.000
ARG01A0081_006  0.000-11.39  1.25  2.87  0.00 -7.27 0.502  00  01E07DM000  1.000
ARG01A0081_007  0.000-11.76  1.16  2.76  0.00 -7.84 0.502  00  01E087M000  1.000
ARG01A0081_008  0.000-12.49  3.82  3.67  0.00 -5.00 0.502  00  01E0E2M000  1.000
ARG01A0081_009  0.000-12.27  1.35  5.80  0.00 -5.13 0.502  00  01E0E6M000  1.000
ARG01A0081_010  0.000-11.80  1.52  5.87  0.00 -4.41 0.502  00  01E0E7M000  1.000
ARG01A0081_011  0.000-11.15  2.01  3.93  0.00 -5.21 0.502  00  01E0EBM000  1.000
ARG01A0081_012  0.000-13.08  7.00  1.42  0.00 -4.66 0.502  00  01T009M000  1.000
ARG01A0081_013  0.000-13.54  1.05  3.81  0.00 -8.68 0.501  00  01T00EM000  1.000
ARG01A0081_014  0.000-12.49  0.71  0.67  0.00-11.10 0.502  00  01T011M000  1.000
ARG01A0081_015  0.000-12.36  1.53  1.24  0.00 -9.59 0.502  00  01T02FM000  1.000
ARG01A0081_016  0.000-11.70  2.36  1.17  0.00 -8.18 0.502  00  01T052M000  1.000
ARG01A0081_017  0.000-12.52  1.49  1.36  0.00 -9.66 0.503  00  01T055M000  1.000
ARG01A0081_018  0.000 -9.64  0.92  2.37  0.00 -6.35 0.502  00  01T074M000  1.000
ARG01A0081_019  0.000-11.81  1.08  2.72  0.00 -8.01 0.502  00  01T07AM000  1.000
ARG01A0081_020  0.000-10.51  2.40  3.33  0.00 -4.78 0.502  00  01T0B1M000  1.000
ARG02A0081_021  0.000-13.28  6.12  1.21  0.00 -5.95 0.502  00  02E009M000  1.000
ARG02A0081_022  0.000-12.00  1.58  1.24  0.00 -9.18 0.503  00  02E055M000  1.000
ARG02A0081_023  0.000-13.60  0.98  0.84  0.00-11.79 0.502  00  02O000M000  1.000
ARG02A0081_024  0.000-11.68  2.37  1.16  0.00 -8.16 0.502  00  02E052M000  1.000
ARG02A0081_025  0.000-11.72  1.07  2.72  0.00 -7.93 0.502  00  02E07AM000  1.000
ARG02A0081_026  0.000-12.40  0.69  0.49  0.00-11.21 0.502  00  02T011M000  1.000
ARG02A0081_027  0.000-12.09  1.56  1.09  0.00 -9.45 0.502  00  02T02FM000  1.000
ARG02A0081_028  0.000-11.61  1.18  2.63  0.00 -7.81 0.502  00  02T087M000  1.000
ARG02A0081_029  0.000-12.93  1.19  4.83  0.00 -6.90 0.503  00  02T01CM000  1.000
ARG02A0081_030  0.000-11.77  4.04  3.13  0.00 -4.60 0.502  00  02T036M000  1.000
ARG02A0081_031  0.000-11.28  2.03  3.88  0.00 -5.37 0.502  00  02T0EBM000  1.000
ARG02A0081_032  0.000-13.06  1.09  2.61  0.00 -9.35 0.501  00  02T00EM000  1.000
ARG02A0081_033  0.000-13.12  5.45  0.58  0.00 -7.09 0.502  00  02T051M000  1.000
ARG02A0081_034  0.000-11.17  1.28  2.84  0.00 -7.05 0.502  00  02T07DM000  1.000
ARG02A0081_035  0.000-11.94  1.40  5.80  0.00 -4.74 0.503  00  02T03AM000  1.000
ARG02A0081_036  0.000 -9.20  0.83  2.37  0.00 -6.00 0.502  00  02T074M000  1.000
ARG02A0081_037  0.000-10.39  2.44  3.28  0.00 -4.66 0.502  00  02T0B1M000  1.000
ARG02A0081_038  0.000-12.57  3.20  3.72  0.00 -5.65 0.502  00  02T0E2M000  1.000
ARG02A0081_039  0.000-12.06  1.37  5.76  0.00 -4.94 0.502  00  02T0E6M000  1.000
ARG02A0081_040  0.000-11.75  1.44  5.71  0.00 -4.60 0.502  00  02T0E7M000  1.000
ARG03A0081_041  0.000-13.67  0.98  0.84  0.00-11.85 0.502  00  03O000M000  1.000
ARG03A0081_042  0.000-11.65  1.08  2.68  0.00 -7.88 0.502  00  03E07AM000  1.000
ARG03A0081_043  0.000-12.99  1.20  4.73  0.00 -7.06 0.503  00  03T01CM000  1.000
ARG03A0081_044  0.000-10.51  2.45  3.27  0.00 -4.79 0.502  00  03T0B1M000  1.000
ARG03A0081_045  0.000-13.17  6.16  1.20  0.00 -5.81 0.502  00  03T009M000  1.000
ARG03A0081_046  0.000-12.14  1.37  5.73  0.00 -5.05 0.503  00  03T03AM000  1.000
ARG03A0081_047  0.000-11.78  2.36  1.16  0.00 -8.26 0.502  00  03T052M000  1.000
ARG03A0081_048  0.000-11.93  1.58  1.24  0.00 -9.11 0.503  00  03T055M000  1.000
ARG03A0081_049  0.000 -9.43  0.84  2.30  0.00 -6.29 0.502  00  03T074M000  1.000
ARG03A0081_050  0.000-11.57  1.16  2.61  0.00 -7.80 0.502  00  03T087M000  1.000
ARG03A0081_051  0.000-13.31  1.10  2.56  0.00 -9.65 0.501  00  03T00EM000  1.000
ARG03A0081_052  0.000-12.08  1.57  1.07  0.00 -9.44 0.502  00  03T02FM000  1.000
ARG03A0081_053  0.000-11.94  4.07  3.09  0.00 -4.79 0.502  00  03T036M000  1.000
ARG03A0081_054  0.000-11.27  1.26  2.86  0.00 -7.14 0.502  00  03T07DM000  1.000
ARG03A0081_055  0.000-12.61  0.69  0.48  0.00-11.44 0.502  00  03T011M000  1.000
ARG03A0081_056  0.000-13.06  5.35  0.57  0.00 -7.14 0.502  00  03T051M000  1.000
ARG03A0081_057  0.000-12.59  3.36  3.70  0.00 -5.53 0.502  00  03T0E2M000  1.000
ARG03A0081_058  0.000-12.16  1.37  5.77  0.00 -5.01 0.502  00  03T0E6M000  1.000
ARG03A0081_059  0.000-11.82  1.44  5.69  0.00 -4.68 0.502  00  03T0E7M000  1.000
ARG03A0081_060  0.000-11.18  2.03  3.87  0.00 -5.28 0.502  00  03T0EBM000  1.000
ARG+1A0081_061  1.000-13.71  0.97  0.84  0.00-11.89 0.502  00  +1O000M000  1.000
ARG+1A0081_062  1.000-13.28  1.09  2.62  0.00 -9.56 0.501  00  +1E00EM000  1.000
ARG+1A0081_063  1.000-12.54  0.69  0.50  0.00-11.36 0.502  00  +1E011M000  1.000
ARG+1A0081_064  1.000-12.96  1.19  4.86  0.00 -6.91 0.503  00  +1E01CM000  1.000
ARG+1A0081_065  1.000-11.99  4.09  3.14  0.00 -4.77 0.502  00  +1E036M000  1.000
ARG+1A0081_066  1.000-12.10  1.39  5.83  0.00 -4.89 0.503  00  +1E03AM000  1.000
ARG+1A0081_067  1.000-11.96  1.57  1.25  0.00 -9.14 0.503  00  +1E055M000  1.000
ARG+1A0081_068  1.000 -9.34  0.83  2.38  0.00 -6.13 0.502  00  +1E074M000  1.000
ARG+1A0081_069  1.000-11.72  1.06  2.72  0.00 -7.94 0.502  00  +1E07AM000  1.000
ARG+1A0081_070  1.000-11.27  1.26  2.87  0.00 -7.14 0.502  00  +1E07DM000  1.000
ARG+1A0081_071  1.000-10.48  2.44  3.28  0.00 -4.76 0.502  00  +1E0B1M000  1.000
ARG+1A0081_072  1.000-11.83  1.44  5.71  0.00 -4.68 0.502  00  +1E0E7M000  1.000
ARG+1A0081_073  1.000-11.38  2.03  3.88  0.00 -5.47 0.502  00  +1E0EBM000  1.000
ARG+1A0081_074  1.000-13.40  6.14  1.22  0.00 -6.05 0.502  00  +1T009M000  1.000
ARG+1A0081_075  1.000-12.19  1.56  1.10  0.00 -9.54 0.502  00  +1T02FM000  1.000
ARG+1A0081_076  1.000-12.99  5.49  0.59  0.00 -6.91 0.502  00  +1T051M000  1.000
ARG+1A0081_077  1.000-11.75  2.37  1.16  0.00 -8.21 0.502  00  +1T052M000  1.000
ARG+1A0081_078  1.000-11.46  1.17  2.64  0.00 -7.64 0.502  00  +1T087M000  1.000
ARG+1A0081_079  1.000-12.55  3.10  3.74  0.00 -5.71 0.502  00  +1T0E2M000  1.000
ARG+1A0081_080  1.000-11.91  1.37  5.78  0.00 -4.76 0.502  00  +1T0E6M000  1.000
