   confID        vdw0    sas     sum
ARG01A0081_001   1.187 -14.814 -13.628
ARG01A0081_002   1.242 -14.583 -13.341
ARG01A0081_003   2.022 -14.435 -12.413
ARG01A0081_004   2.166 -14.575 -12.409
ARG01A0081_005   1.637 -15.237 -13.600
ARG01A0081_006   2.282 -13.675 -11.393
ARG01A0081_007   2.081 -13.845 -11.764
ARG01A0081_008   2.235 -14.729 -12.494
ARG01A0081_009   2.192 -14.465 -12.273
ARG01A0081_010   2.842 -14.639 -11.796
ARG01A0081_011   2.883 -14.030 -11.147
ARG01A0081_012   1.592 -14.673 -13.081
ARG01A0081_013   1.294 -14.831 -13.536
ARG01A0081_014   1.954 -14.447 -12.493
ARG01A0081_015   2.051 -14.410 -12.359
ARG01A0081_016   2.567 -14.269 -11.702
ARG01A0081_017   2.312 -14.829 -12.517
ARG01A0081_018   4.646 -14.289  -9.642
ARG01A0081_019   2.850 -14.713 -11.863
ARG01A0081_020   3.630 -14.142 -10.512
ARG02A0081_021   1.370 -14.655 -13.284
ARG02A0081_022   2.499 -14.501 -12.003
ARG02A0081_023   1.211 -14.814 -13.604
ARG02A0081_024   2.591 -14.269 -11.677
ARG02A0081_025   2.871 -14.588 -11.718
ARG02A0081_026   2.147 -14.547 -12.400
ARG02A0081_027   2.237 -14.336 -12.099
ARG02A0081_028   2.281 -13.887 -11.606
ARG02A0081_029   1.482 -14.407 -12.924
ARG02A0081_030   2.529 -14.300 -11.772
ARG02A0081_031   2.909 -14.188 -11.279
ARG02A0081_032   1.687 -14.748 -13.061
ARG02A0081_033   2.043 -15.158 -13.114
ARG02A0081_034   2.428 -13.591 -11.163
ARG02A0081_035   2.589 -14.533 -11.945
ARG02A0081_036   4.988 -14.193  -9.205
ARG02A0081_037   3.718 -14.117 -10.398
ARG02A0081_038   2.282 -14.848 -12.566
ARG02A0081_039   2.382 -14.446 -12.064
ARG02A0081_040   2.850 -14.651 -11.801
ARG03A0081_041   1.149 -14.814 -13.666
ARG03A0081_042   2.822 -14.472 -11.651
ARG03A0081_043   1.463 -14.455 -12.992
ARG03A0081_044   3.662 -14.165 -10.502
ARG03A0081_045   1.358 -14.523 -13.165
ARG03A0081_046   2.480 -14.630 -12.150
ARG03A0081_047   2.555 -14.333 -11.778
ARG03A0081_048   2.497 -14.437 -11.941
ARG03A0081_049   4.843 -14.272  -9.430
ARG03A0081_050   2.389 -13.951 -11.562
ARG03A0081_051   1.616 -14.928 -13.312
ARG03A0081_052   2.204 -14.285 -12.081
ARG03A0081_053   2.516 -14.461 -11.944
ARG03A0081_054   2.439 -13.707 -11.267
ARG03A0081_055   2.088 -14.694 -12.606
ARG03A0081_056   2.027 -15.093 -13.067
ARG03A0081_057   2.257 -14.848 -12.591
ARG03A0081_058   2.358 -14.446 -12.088
ARG03A0081_059   2.798 -14.622 -11.824
ARG03A0081_060   2.940 -14.123 -11.183
ARG+1A0081_061   1.106 -14.814 -13.708
ARG+1A0081_062   1.583 -14.864 -13.281
ARG+1A0081_063   2.111 -14.659 -12.548
ARG+1A0081_064   1.446 -14.407 -12.961
ARG+1A0081_065   2.482 -14.480 -11.998
ARG+1A0081_066   2.497 -14.598 -12.100
ARG+1A0081_067   2.481 -14.437 -11.956
ARG+1A0081_068   4.903 -14.244  -9.341
ARG+1A0081_069   2.795 -14.524 -11.729
ARG+1A0081_070   2.372 -13.643 -11.271
ARG+1A0081_071   3.645 -14.117 -10.472
ARG+1A0081_072   2.768 -14.603 -11.835
ARG+1A0081_073   2.867 -14.252 -11.384
ARG+1A0081_074   1.316 -14.722 -13.406
ARG+1A0081_075   2.200 -14.397 -12.197
ARG+1A0081_076   1.994 -14.985 -12.991
ARG+1A0081_077   2.529 -14.269 -11.740
ARG+1A0081_078   2.375 -13.832 -11.456
ARG+1A0081_079   2.225 -14.780 -12.555
ARG+1A0081_080   2.342 -14.317 -11.976
