CONFORMER         crg  vdw0  vdw1  tors  epol  self   occ  Hb     history    ASA
LYS01A0009_001  0.000-10.51  0.88  1.55  0.00 -8.08 0.503  00  01O000M000  1.000
LYS01A0009_002  0.000 -6.40  1.63  4.15  0.00 -0.62 0.503  00  01E02AM000  1.000
LYS01A0009_003  0.000 -8.10  3.12  1.16  0.00 -3.82 0.503  00  01E033M000  1.000
LYS01A0009_004  0.000 -8.53  1.69  5.73  0.00 -1.11 0.503  00  01E039M000  1.000
LYS01A0009_005  0.000 -9.15  1.69  5.13  0.00 -2.33 0.503  00  01E04BM000  1.000
LYS01A0009_006  0.000 -9.41  1.79  5.23  0.00 -2.38 0.503  00  01E04EM000  1.000
LYS01A0009_007  0.000 -8.45  2.00  3.46  0.00 -2.99 0.503  00  01E051M000  1.000
LYS01A0009_008  0.000 -8.46  0.90  4.26  0.00 -3.30 0.503  00  01E061M000  1.000
LYS01A0009_009  0.000 -8.19  1.41  3.96  0.00 -2.82 0.503  00  01E06FM000  1.000
LYS01A0009_010  0.000-10.52  3.26  1.17  0.00 -6.10 0.503  00  01T001M000  1.000
LYS01A0009_011  0.000 -9.59  0.91  1.34  0.00 -7.35 0.504  00  01T00FM000  1.000
LYS01A0009_012  0.000 -9.34  3.59  4.05  0.00 -1.71 0.503  00  01T028M000  1.000
LYS01A0009_013  0.000 -5.93  2.06  4.25  0.00  0.38 0.503  00  01T02CM000  1.000
LYS01A0009_014  0.000 -8.71  0.80  3.99  0.00 -3.92 0.504  00  01T05BM000  1.000
LYS01A0009_015  0.000 -8.27  3.11  4.26  0.00 -0.90 0.504  00  01T06AM000  1.000
LYS01A0009_016  0.000 -8.44  1.70  4.13  0.00 -2.61 0.504  00  01T072M000  1.000
LYS01A0009_017  0.000 -8.46  1.48  6.15  0.00 -0.84 0.505  00  01T076M000  1.000
LYS01A0009_018  0.000 -8.93  1.50  5.24  0.00 -2.18 0.503  00  01T07CM000  1.000
LYS01A0009_019  0.000 -7.18  3.72  4.01  0.00  0.55 0.503  00  01T092M000  1.000
LYS+1A0009_020  1.000-10.56  0.88  1.55  0.00 -8.13 0.503  00  +1O000M000  1.000
LYS+1A0009_021  1.000-10.45  3.24  1.19  0.00 -6.02 0.503  00  +1E001M000  1.000
LYS+1A0009_022  1.000 -6.30  1.63  4.16  0.00 -0.51 0.503  00  +1E02AM000  1.000
LYS+1A0009_023  1.000 -8.11  3.09  1.18  0.00 -3.84 0.503  00  +1E033M000  1.000
LYS+1A0009_024  1.000 -9.40  1.80  5.39  0.00 -2.21 0.503  00  +1E04EM000  1.000
LYS+1A0009_025  1.000 -8.48  1.99  3.47  0.00 -3.01 0.503  00  +1E051M000  1.000
LYS+1A0009_026  1.000 -8.67  0.90  4.29  0.00 -3.49 0.503  00  +1E061M000  1.000
LYS+1A0009_027  1.000 -8.28  1.41  4.00  0.00 -2.87 0.503  00  +1E06FM000  1.000
LYS+1A0009_028  1.000 -8.63  1.70  4.16  0.00 -2.77 0.504  00  +1E072M000  1.000
LYS+1A0009_029  1.000 -8.66  1.48  6.19  0.00 -0.99 0.505  00  +1E076M000  1.000
LYS+1A0009_030  1.000 -8.80  1.51  5.31  0.00 -1.98 0.503  00  +1E07CM000  1.000
LYS+1A0009_031  1.000 -7.32  3.71  4.01  0.00  0.40 0.503  00  +1E092M000  1.000
LYS+1A0009_032  1.000 -9.65  0.91  1.34  0.00 -7.40 0.504  00  +1T00FM000  1.000
LYS+1A0009_033  1.000 -9.38  3.54  4.06  0.00 -1.77 0.503  00  +1T028M000  1.000
LYS+1A0009_034  1.000 -6.05  2.06  4.26  0.00  0.27 0.503  00  +1T02CM000  1.000
LYS+1A0009_035  1.000 -9.19  1.70  5.18  0.00 -2.31 0.503  00  +1T04BM000  1.000
LYS+1A0009_036  1.000 -8.74  0.80  4.03  0.00 -3.91 0.504  00  +1T05BM000  1.000
LYS+1A0009_037  1.000 -8.35  3.12  4.29  0.00 -0.94 0.504  00  +1T06AM000  1.000
LYS+1A0009_038  1.000 -8.17  1.57  4.15  0.00 -2.45 0.504  00  +1T06BM000  1.000
