iConf CONFORMER     FL  occ    crg   Em0  pKa0 ne nH    vdw0    vdw1    tors    epol   dsolv   extra    history
00001 LYS01A0009_001 f 0.00  0.000     0  0.00  0  0 -10.576   0.880   1.549  -0.005  -0.061   0.000 01O000M000t
00002 LYS01A0009_002 f 0.00  0.000     0  0.00  0  0  -6.393   1.625   4.152  -0.011  -0.062   0.000 01E02AM000t
00003 LYS01A0009_003 f 0.00  0.000     0  0.00  0  0  -8.101   3.126   1.161  -0.009  -0.060   0.000 01E033M000t
00004 LYS01A0009_004 f 0.00  0.000     0  0.00  0  0  -8.517   1.682   5.726  -0.004  -0.062   0.000 01E039M000t
00005 LYS01A0009_005 f 0.00  0.000     0  0.00  0  0  -9.150   1.690   5.137  -0.001  -0.060   0.000 01E04BM000t
00006 LYS01A0009_006 f 0.00  0.000     0  0.00  0  0  -9.351   1.786   5.236  -0.006  -0.062   0.000 01E04EM000t
00007 LYS01A0009_007 f 0.00  0.000     0  0.00  0  0  -8.460   1.999   3.465  -0.012  -0.059   0.000 01E051M000t
00008 LYS01A0009_008 f 0.00  0.000     0  0.00  0  0  -8.467   0.900   4.260  -0.005  -0.060   0.000 01E061M000t
00009 LYS01A0009_009 f 0.00  0.000     0  0.00  0  0  -8.193   1.408   3.959   0.001  -0.058   0.000 01E06FM000t
00010 LYS01A0009_010 f 0.00  0.000     0  0.00  0  0 -10.520   3.258   1.170   0.004  -0.064   0.000 01T001M000t
00011 LYS01A0009_011 f 0.00  0.000     0  0.00  0  0  -9.594   0.903   1.344  -0.006  -0.063   0.000 01T00FM000t
00012 LYS01A0009_012 f 0.00  0.000     0  0.00  0  0  -9.346   3.584   4.052  -0.010  -0.062   0.000 01T028M000t
00013 LYS01A0009_013 f 0.00  0.000     0  0.00  0  0  -5.945   2.061   4.250  -0.005  -0.063   0.000 01T02CM000t
00014 LYS01A0009_014 f 0.00  0.000     0  0.00  0  0  -8.719   0.804   3.985  -0.010  -0.059   0.000 01T05BM000t
00015 LYS01A0009_015 f 0.00  0.000     0  0.00  0  0  -8.271   3.109   4.261  -0.000  -0.063   0.000 01T06AM000t
00016 LYS01A0009_016 f 0.00  0.000     0  0.00  0  0  -8.440   1.701   4.129  -0.009  -0.062   0.000 01T072M000t
00017 LYS01A0009_017 f 0.00  0.000     0  0.00  0  0  -8.460   1.477   6.149  -0.005  -0.063   0.000 01T076M000t
00018 LYS01A0009_018 f 0.00  0.000     0  0.00  0  0  -8.924   1.504   5.245  -0.007  -0.061   0.000 01T07CM000t
00019 LYS01A0009_019 f 0.00  0.000     0  0.00  0  0  -7.183   3.710   4.008  -0.026  -0.054   0.000 01T092M000t
00020 LYS+1A0009_020 f 0.00  1.000     0 10.40  0  1 -10.626   0.879   1.549   0.032  -1.013   0.000 +1O000M000t
00021 LYS+1A0009_021 f 0.00  1.000     0 10.40  0  1 -10.452   3.239   1.195  -0.020  -1.011   0.000 +1E001M000t
00022 LYS+1A0009_022 f 0.00  1.000     0 10.40  0  1  -6.298   1.629   4.165   0.084  -1.017   0.000 +1E02AM000t
00023 LYS+1A0009_023 f 0.00  1.000     0 10.40  0  1  -8.101   3.093   1.175  -0.090  -0.981   0.000 +1E033M000t
00024 LYS+1A0009_024 f 0.00  1.000     0 10.40  0  1  -9.402   1.802   5.394   0.035  -1.016   0.000 +1E04EM000t
00025 LYS+1A0009_025 f 0.00  1.000     0 10.40  0  1  -8.481   1.993   3.472   0.057  -0.992   0.000 +1E051M000t
00026 LYS+1A0009_026 f 0.00  1.000     0 10.40  0  1  -8.636   0.897   4.287   0.038  -1.013   0.000 +1E061M000t
00027 LYS+1A0009_027 f 0.00  1.000     0 10.40  0  1  -8.312   1.411   4.002   0.015  -0.988   0.000 +1E06FM000t
00028 LYS+1A0009_028 f 0.00  1.000     0 10.40  0  1  -8.632   1.700   4.161  -0.001  -1.002   0.000 +1E072M000t
00029 LYS+1A0009_029 f 0.00  1.000     0 10.40  0  1  -8.659   1.484   6.186   0.054  -1.010   0.000 +1E076M000t
00030 LYS+1A0009_030 f 0.00  1.000     0 10.40  0  1  -8.795   1.512   5.311   0.031  -1.001   0.000 +1E07CM000t
00031 LYS+1A0009_031 f 0.00  1.000     0 10.40  0  1  -7.311   3.713   4.006   0.034  -0.954   0.000 +1E092M000t
00032 LYS+1A0009_032 f 0.00  1.000     0 10.40  0  1  -9.652   0.910   1.344   0.028  -1.010   0.000 +1T00FM000t
00033 LYS+1A0009_033 f 0.00  1.000     0 10.40  0  1  -9.374   3.540   4.065   0.060  -1.007   0.000 +1T028M000t
00034 LYS+1A0009_034 f 0.00  1.000     0 10.40  0  1  -6.034   2.065   4.262   0.049  -1.022   0.000 +1T02CM000t
00035 LYS+1A0009_035 f 0.00  1.000     0 10.40  0  1  -9.186   1.695   5.186   0.057  -1.003   0.000 +1T04BM000t
00036 LYS+1A0009_036 f 0.00  1.000     0 10.40  0  1  -8.732   0.799   4.028   0.025  -0.990   0.000 +1T05BM000t
00037 LYS+1A0009_037 f 0.00  1.000     0 10.40  0  1  -8.343   3.110   4.289  -0.021  -1.011   0.000 +1T06AM000t
00038 LYS+1A0009_038 f 0.00  1.000     0 10.40  0  1  -8.164   1.568   4.152   0.052  -1.007   0.000 +1T06BM000t
