   confID        vdw0    sas     sum
LYS01A0009_001   2.293 -12.869 -10.576
LYS01A0009_002   5.839 -12.231  -6.393
LYS01A0009_003   3.701 -11.802  -8.101
LYS01A0009_004   3.209 -11.726  -8.517
LYS01A0009_005   3.185 -12.335  -9.150
LYS01A0009_006   3.057 -12.408  -9.351
LYS01A0009_007   3.660 -12.120  -8.460
LYS01A0009_008   3.735 -12.202  -8.467
LYS01A0009_009   3.345 -11.538  -8.193
LYS01A0009_010   1.900 -12.420 -10.520
LYS01A0009_011   2.534 -12.128  -9.594
LYS01A0009_012   2.496 -11.842  -9.346
LYS01A0009_013   6.489 -12.434  -5.945
LYS01A0009_014   3.346 -12.065  -8.719
LYS01A0009_015   3.744 -12.016  -8.271
LYS01A0009_016   3.686 -12.126  -8.440
LYS01A0009_017   3.523 -11.984  -8.460
LYS01A0009_018   3.289 -12.213  -8.924
LYS01A0009_019   4.603 -11.786  -7.183
LYS+1A0009_020   2.243 -12.869 -10.626
LYS+1A0009_021   1.865 -12.317 -10.452
LYS+1A0009_022   5.866 -12.164  -6.298
LYS+1A0009_023   3.700 -11.802  -8.101
LYS+1A0009_024   3.096 -12.498  -9.402
LYS+1A0009_025   3.639 -12.120  -8.481
LYS+1A0009_026   3.685 -12.321  -8.636
LYS+1A0009_027   3.277 -11.589  -8.312
LYS+1A0009_028   3.648 -12.280  -8.632
LYS+1A0009_029   3.482 -12.141  -8.659
LYS+1A0009_030   3.263 -12.058  -8.795
LYS+1A0009_031   4.474 -11.786  -7.311
LYS+1A0009_032   2.476 -12.128  -9.652
LYS+1A0009_033   2.468 -11.842  -9.374
LYS+1A0009_034   6.529 -12.563  -6.034
LYS+1A0009_035   3.149 -12.335  -9.186
LYS+1A0009_036   3.282 -12.014  -8.732
LYS+1A0009_037   3.689 -12.032  -8.343
LYS+1A0009_038   3.833 -11.997  -8.164
