iConf CONFORMER     FL  occ    crg   Em0  pKa0 ne nH    vdw0    vdw1    tors    epol   dsolv   extra    history
00001 ASP01A0019_001 f 0.00  0.000     0  0.00  0  0  -4.303   2.185   3.401   0.067  -0.127   0.000 01O000M000t
00002 ASP01A0019_002 f 0.00  0.000     0  0.00  0  0  -4.539   1.840   3.028   0.208  -0.133   0.000 01E001M000t
00003 ASP01A0019_003 f 0.00  0.000     0  0.00  0  0  -4.300   0.240   5.457   0.032  -0.156   0.000 01E008M000t
00004 ASP01A0019_004 f 0.00  0.000     0  0.00  0  0  -4.367   2.185   0.681   0.027  -0.108   0.000 01O000M000t
00005 ASP01A0019_005 f 0.00  0.000     0  0.00  0  0  -4.588   1.821   0.364   0.017  -0.110   0.000 01E001M000t
00006 ASP01A0019_006 f 0.00  0.000     0  0.00  0  0  -4.352   1.366   2.798   0.043  -0.107   0.000 01E004M000t
00007 ASP01A0019_007 f 0.00  0.000     0  0.00  0  0  -4.377   0.280   2.766   0.012  -0.110   0.000 01E008M000t
00008 ASP01A0019_008 f 0.00  0.000     0  0.00  0  0  -4.007  -0.151   3.956   0.102  -0.167   0.000 01T003M000t
00009 ASP01A0019_009 f 0.00  0.000     0  0.00  0  0  -4.068   0.096   3.960   0.013  -0.154   0.000 01T006M000t
00010 ASP01A0019_010 f 0.00  0.000     0  0.00  0  0  -4.351   1.367   5.517   0.060  -0.154   0.000 01T004M000t
00011 ASP01A0019_011 f 0.00  0.000     0  0.00  0  0  -4.371   0.046   3.962   0.020  -0.154   0.000 01T009M000t
00012 ASP01A0019_012 f 0.00  0.000     0  0.00  0  0  -4.007  -0.151   1.236   0.051  -0.115   0.000 01T003M000t
00013 ASP01A0019_013 f 0.00  0.000     0  0.00  0  0  -4.359  -0.017   1.219   0.020  -0.109   0.000 01T009M000t
00014 ASP02A0019_014 f 0.00  0.000     0  0.00  0  0  -4.317   1.527   3.401   0.057  -0.153   0.000 02O000M000t
00015 ASP02A0019_015 f 0.00  0.000     0  0.00  0  0  -4.515   1.333   3.028  -0.003  -0.152   0.000 02E001M000t
00016 ASP02A0019_016 f 0.00  0.000     0  0.00  0  0  -4.125   0.026   3.993   0.038  -0.132   0.000 02E003M000t
00017 ASP02A0019_017 f 0.00  0.000     0  0.00  0  0  -4.317   1.527   0.681   0.039  -0.105   0.000 02O000M000t
00018 ASP02A0019_018 f 0.00  0.000     0  0.00  0  0  -4.313   1.650   2.804   0.042  -0.109   0.000 02E004M000t
00019 ASP02A0019_019 f 0.00  0.000     0  0.00  0  0  -4.228   0.276   1.264   0.021  -0.111   0.000 02E006M000t
00020 ASP02A0019_020 f 0.00  0.000     0  0.00  0  0  -4.313   1.653   5.521   0.082  -0.148   0.000 02T004M000t
00021 ASP02A0019_021 f 0.00  0.000     0  0.00  0  0  -4.229   0.277   3.983   0.159  -0.141   0.000 02T006M000t
00022 ASP02A0019_022 f 0.00  0.000     0  0.00  0  0  -4.641   1.048   4.699   0.034  -0.157   0.000 02T007M000t
00023 ASP02A0019_023 f 0.00  0.000     0  0.00  0  0  -4.503   0.094   3.957   0.060  -0.149   0.000 02T009M000t
00024 ASP02A0019_024 f 0.00  0.000     0  0.00  0  0  -4.151   0.026   1.267   0.032  -0.101   0.000 02T003M000t
00025 ASP02A0019_025 f 0.00  0.000     0  0.00  0  0  -4.641   1.048   1.979   0.015  -0.108   0.000 02T007M000t
00026 ASP02A0019_026 f 0.00  0.000     0  0.00  0  0  -4.503   0.094   1.237   0.027  -0.111   0.000 02T009M000t
00027 ASP-1A0019_027 f 0.00 -1.000     0  4.75  0 -1  -4.216   1.548   0.681  -0.128  -1.010   0.000 -1O000M000t
00028 ASP-1A0019_028 f 0.00 -1.000     0  4.75  0 -1  -4.207   1.290   2.618  -0.224  -1.020   0.000 -1E004M000t
00029 ASP-1A0019_029 f 0.00 -1.000     0  4.75  0 -1  -3.973   0.237   1.172  -0.227  -1.022   0.000 -1E006M000t
00030 ASP-1A0019_030 f 0.00 -1.000     0  4.75  0 -1  -4.502   0.871   1.834  -0.150  -1.024   0.000 -1E007M000t
00031 ASP-1A0019_031 f 0.00 -1.000     0  4.75  0 -1  -4.393  -0.022   1.145  -0.144  -1.022   0.000 -1E009M000t
