   confID        vdw0    sas     sum
ASP01A0019_001   0.102  -4.405  -4.303
ASP01A0019_002   0.084  -4.623  -4.539
ASP01A0019_003   0.388  -4.688  -4.300
ASP01A0019_004   0.102  -4.469  -4.367
ASP01A0019_005   0.091  -4.679  -4.588
ASP01A0019_006   0.390  -4.743  -4.352
ASP01A0019_007   0.384  -4.761  -4.377
ASP01A0019_008   0.360  -4.368  -4.007
ASP01A0019_009   0.357  -4.425  -4.068
ASP01A0019_010   0.392  -4.743  -4.351
ASP01A0019_011   0.344  -4.715  -4.371
ASP01A0019_012   0.360  -4.368  -4.007
ASP01A0019_013   0.354  -4.713  -4.359
ASP02A0019_014   0.181  -4.498  -4.317
ASP02A0019_015   0.165  -4.680  -4.515
ASP02A0019_016   0.305  -4.430  -4.125
ASP02A0019_017   0.181  -4.498  -4.317
ASP02A0019_018   0.358  -4.671  -4.313
ASP02A0019_019   0.313  -4.541  -4.228
ASP02A0019_020   0.358  -4.671  -4.313
ASP02A0019_021   0.313  -4.541  -4.229
ASP02A0019_022   0.303  -4.944  -4.641
ASP02A0019_023   0.303  -4.806  -4.503
ASP02A0019_024   0.305  -4.456  -4.151
ASP02A0019_025   0.303  -4.944  -4.641
ASP02A0019_026   0.303  -4.806  -4.503
ASP-1A0019_027   0.099  -4.315  -4.216
ASP-1A0019_028   0.305  -4.512  -4.207
ASP-1A0019_029   0.256  -4.229  -3.973
ASP-1A0019_030   0.213  -4.715  -4.502
ASP-1A0019_031   0.254  -4.646  -4.393
