CONFORMER         crg  vdw0  vdw1  tors  epol  self   occ  Hb     history    ASA
MET01A0098_001  0.000-11.26  0.87  2.25  0.00 -8.14 0.505  00  01O000M000  1.000
MET01A0098_002  0.000-11.76  0.94  4.12  0.00 -6.69 0.506  00  01R013M000  1.000
MET01A0098_003  0.000 -6.83  2.00  2.25  0.00 -2.58 0.506  00  01R018M000  1.000
MET01A0098_004  0.000-12.17  1.94  1.79  0.00 -8.44 0.505  00  01R01AM000  1.000
MET01A0098_005  0.000-11.49  2.00  3.94  0.00 -5.56 0.505  00  01R01BM000  1.000
MET01A0098_006  0.000-11.89  0.65  4.59  0.00 -6.66 0.507  00  01R01FM000  1.000
MET01A0098_007  0.000-12.54  0.93  2.25  0.00 -9.36 0.506  00  01R028M000  1.000
MET01A0098_008  0.000-11.22  2.95  3.21  0.00 -5.06 0.506  00  01R02EM000  1.000
MET01A0098_009  0.000-12.05  1.01  3.48  0.00 -7.56 0.505  00  01R030M000  1.000
MET01A0098_010  0.000-11.65  1.09  4.89  0.00 -5.67 0.506  00  01R037M000  1.000
MET01A0098_011  0.000-11.70  1.02  5.35  0.00 -5.32 0.506  00  01R03DM000  1.000
MET01A0098_012  0.000-11.98  2.79  3.46  0.00 -5.72 0.506  00  01R044M000  1.000
MET01A0098_013  0.000-10.27  3.16  1.97  0.00 -5.14 0.506  00  01R047M000  1.000
MET01A0098_014  0.000-11.75  4.83  4.27  0.00 -2.65 0.506  00  01R048M000  1.000
MET01A0098_015  0.000-10.33  2.37  2.80  0.00 -5.15 0.507  00  01R04EM000  1.000
MET01A0098_016  0.000-11.61  1.90  2.05  0.00 -7.66 0.505  00  01T002M000  1.000
MET01A0098_017  0.000-11.02  2.84  2.98  0.00 -5.20 0.506  00  01T00FM000  1.000
MET01A0098_018  0.000-11.79  5.60  4.37  0.00 -1.83 0.506  00  01T01EM000  1.000
MET01A0098_019  0.000-12.13  2.47  1.47  0.00 -8.19 0.505  00  01T023M000  1.000
MET01A0098_020  0.000-10.69  2.77  2.75  0.00 -5.17 0.505  00  01T053M000  1.000
