iConf CONFORMER     FL  occ    crg   Em0  pKa0 ne nH    vdw0    vdw1    tors    epol   dsolv   extra    history
00001 MET01A0098_001 f 0.00  0.000     0  0.00  0  0 -11.258   0.869   2.246   0.042  -0.037   0.000 01O000M000t
00002 MET01A0098_002 f 0.00  0.000     0  0.00  0  0 -11.755   0.944   4.125   0.043  -0.037   0.000 01R013M000t
00003 MET01A0098_003 f 0.00  0.000     0  0.00  0  0  -6.821   2.001   2.244   0.024  -0.037   0.000 01R018M000t
00004 MET01A0098_004 f 0.00  0.000     0  0.00  0  0 -12.124   1.938   1.786   0.018  -0.037   0.000 01R01AM000t
00005 MET01A0098_005 f 0.00  0.000     0  0.00  0  0 -11.493   1.994   3.938   0.015  -0.037   0.000 01R01BM000t
00006 MET01A0098_006 f 0.00  0.000     0  0.00  0  0 -11.892   0.647   4.588   0.032  -0.037   0.000 01R01FM000t
00007 MET01A0098_007 f 0.00  0.000     0  0.00  0  0 -12.537   0.928   2.247   0.026  -0.037   0.000 01R028M000t
00008 MET01A0098_008 f 0.00  0.000     0  0.00  0  0 -11.221   2.947   3.213   0.041  -0.038   0.000 01R02EM000t
00009 MET01A0098_009 f 0.00  0.000     0  0.00  0  0 -12.053   1.017   3.474   0.011  -0.038   0.000 01R030M000t
00010 MET01A0098_010 f 0.00  0.000     0  0.00  0  0 -11.651   1.098   4.888   0.009  -0.035   0.000 01R037M000t
00011 MET01A0098_011 f 0.00  0.000     0  0.00  0  0 -11.697   1.025   5.353   0.028  -0.037   0.000 01R03DM000t
00012 MET01A0098_012 f 0.00  0.000     0  0.00  0  0 -11.983   2.796   3.463   0.013  -0.035   0.000 01R044M000t
00013 MET01A0098_013 f 0.00  0.000     0  0.00  0  0 -10.318   3.159   1.976   0.024  -0.037   0.000 01R047M000t
00014 MET01A0098_014 f 0.00  0.000     0  0.00  0  0 -11.685   4.833   4.268   0.026  -0.036   0.000 01R048M000t
00015 MET01A0098_015 f 0.00  0.000     0  0.00  0  0 -10.376   2.369   2.803   0.011  -0.037   0.000 01R04EM000t
00016 MET01A0098_016 f 0.00  0.000     0  0.00  0  0 -11.608   1.904   2.048   0.016  -0.037   0.000 01T002M000t
00017 MET01A0098_017 f 0.00  0.000     0  0.00  0  0 -11.020   2.838   2.978   0.060  -0.037   0.000 01T00FM000t
00018 MET01A0098_018 f 0.00  0.000     0  0.00  0  0 -11.792   5.597   4.369  -0.002  -0.037   0.000 01T01EM000t
00019 MET01A0098_019 f 0.00  0.000     0  0.00  0  0 -12.125   2.465   1.471  -0.030  -0.034   0.000 01T023M000t
00020 MET01A0098_020 f 0.00  0.000     0  0.00  0  0 -10.693   2.768   2.750   0.047  -0.036   0.000 01T053M000t
