   confID        vdw0    sas     sum
MET01A0098_001   0.117 -11.375 -11.258
MET01A0098_002   0.166 -11.921 -11.755
MET01A0098_003   4.568 -11.389  -6.821
MET01A0098_004  -0.034 -12.090 -12.124
MET01A0098_005   0.152 -11.645 -11.493
MET01A0098_006   0.217 -12.109 -11.892
MET01A0098_007  -0.002 -12.535 -12.537
MET01A0098_008   0.717 -11.938 -11.221
MET01A0098_009   0.062 -12.115 -12.053
MET01A0098_010   0.127 -11.778 -11.651
MET01A0098_011   0.231 -11.928 -11.697
MET01A0098_012   0.065 -12.048 -11.983
MET01A0098_013   0.643 -10.960 -10.318
MET01A0098_014   0.160 -11.845 -11.685
MET01A0098_015   0.630 -11.006 -10.376
MET01A0098_016   0.138 -11.745 -11.608
MET01A0098_017   0.275 -11.295 -11.020
MET01A0098_018   0.146 -11.938 -11.792
MET01A0098_019  -0.143 -11.982 -12.125
MET01A0098_020   0.659 -11.352 -10.693
