CONFORMER         crg  vdw0  vdw1  tors  epol  self   occ  Hb     history    ASA
MET01A0032_001  0.000-11.41  0.54  1.13  0.00 -9.74 0.507  00  01O000M000  1.000
MET01A0032_002  0.000-10.08  0.61  3.23  0.00 -6.24 0.506  00  01R006M000  1.000
MET01A0032_003  0.000-11.71  1.72  3.31  0.00 -6.69 0.507  00  01R00BM000  1.000
MET01A0032_004  0.000-11.97  3.20  2.62  0.00 -6.15 0.507  00  01R00CM000  1.000
MET01A0032_005  0.000-10.39  1.82  5.41  0.00 -3.17 0.507  00  01R00DM000  1.000
MET01A0032_006  0.000-11.30  0.52  2.19  0.00 -8.58 0.507  00  01R013M000  1.000
MET01A0032_007  0.000-11.11  0.46  2.19  0.00 -8.45 0.505  00  01R016M000  1.000
MET01A0032_008  0.000-10.99  1.40  4.37  0.00 -5.23 0.507  00  01R017M000  1.000
MET01A0032_009  0.000 -4.10  1.19  3.31  0.00  0.40 0.505  00  01R019M000  1.000
MET01A0032_010  0.000-11.09  2.19  1.89  0.00 -7.01 0.507  00  01R01EM000  1.000
MET01A0032_011  0.000-11.44  3.19  2.82  0.00 -5.43 0.509  00  01R01FM000  1.000
MET01A0032_012  0.000-10.22  0.63  4.29  0.00 -5.30 0.508  00  01R030M000  1.000
MET01A0032_013  0.000-10.37  1.91  6.47  0.00 -2.00 0.507  00  01R033M000  1.000
MET01A0032_014  0.000-11.59  3.48  4.01  0.00 -4.11 0.507  00  01R03AM000  1.000
MET01A0032_015  0.000-11.75  2.34  1.73  0.00 -7.68 0.507  00  01R043M000  1.000
MET01A0032_016  0.000 -4.40  1.80  0.99  0.00 -1.60 0.509  00  01T01DM000  1.000
MET01A0032_017  0.000-10.77  2.47  2.69  0.00 -5.61 0.507  00  01T027M000  1.000
MET01A0032_018  0.000-10.27  3.52  0.97  0.00 -5.79 0.507  00  01T02CM000  1.000
MET01A0032_019  0.000-11.54  7.32  1.94  0.00 -2.29 0.508  00  01T02DM000  1.000
MET01A0032_020  0.000-11.79  2.37  1.85  0.00 -7.58 0.508  00  01T041M000  1.000
