iConf CONFORMER     FL  occ    crg   Em0  pKa0 ne nH    vdw0    vdw1    tors    epol   dsolv   extra    history
00001 MET01A0032_001 f 0.00  0.000     0  0.00  0  0 -11.409   0.613   1.134   0.030  -0.020   0.000 01O000M000t
00002 MET01A0032_002 f 0.00  0.000     0  0.00  0  0 -10.075   0.604   3.235   0.028  -0.020   0.000 01R006M000t
00003 MET01A0032_003 f 0.00  0.000     0  0.00  0  0 -11.712   1.717   3.305  -0.004  -0.020   0.000 01R00BM000t
00004 MET01A0032_004 f 0.00  0.000     0  0.00  0  0 -11.973   3.200   2.620  -0.004  -0.020   0.000 01R00CM000t
00005 MET01A0032_005 f 0.00  0.000     0  0.00  0  0 -10.391   1.815   5.406   0.013  -0.020   0.000 01R00DM000t
00006 MET01A0032_006 f 0.00  0.000     0  0.00  0  0 -11.295   0.600   2.193   0.030  -0.021   0.000 01R013M000t
00007 MET01A0032_007 f 0.00  0.000     0  0.00  0  0 -11.108   0.543   2.195   0.028  -0.020   0.000 01R016M000t
00008 MET01A0032_008 f 0.00  0.000     0  0.00  0  0 -11.040   1.478   4.364   0.020  -0.020   0.000 01R017M000t
00009 MET01A0032_009 f 0.00  0.000     0  0.00  0  0  -4.107   1.270   3.306   0.019  -0.021   0.000 01R019M000t
00010 MET01A0032_010 f 0.00  0.000     0  0.00  0  0 -11.090   2.265   1.887   0.016  -0.020   0.000 01R01EM000t
00011 MET01A0032_011 f 0.00  0.000     0  0.00  0  0 -11.390   3.267   2.822  -0.004  -0.020   0.000 01R01FM000t
00012 MET01A0032_012 f 0.00  0.000     0  0.00  0  0 -10.214   0.627   4.293   0.025  -0.020   0.000 01R030M000t
00013 MET01A0032_013 f 0.00  0.000     0  0.00  0  0 -10.371   1.907   6.463   0.012  -0.020   0.000 01R033M000t
00014 MET01A0032_014 f 0.00  0.000     0  0.00  0  0 -11.636   3.474   4.006  -0.004  -0.019   0.000 01R03AM000t
00015 MET01A0032_015 f 0.00  0.000     0  0.00  0  0 -11.753   2.341   1.729   0.009  -0.020   0.000 01R043M000t
00016 MET01A0032_016 f 0.00  0.000     0  0.00  0  0  -4.416   1.878   0.991   0.017  -0.020   0.000 01T01DM000t
00017 MET01A0032_017 f 0.00  0.000     0  0.00  0  0 -10.773   2.547   2.694   0.029  -0.020   0.000 01T027M000t
00018 MET01A0032_018 f 0.00  0.000     0  0.00  0  0 -10.275   3.516   0.971  -0.020  -0.020   0.000 01T02CM000t
00019 MET01A0032_019 f 0.00  0.000     0  0.00  0  0 -11.540   7.307   1.938   0.008  -0.021   0.000 01T02DM000t
00020 MET01A0032_020 f 0.00  0.000     0  0.00  0  0 -11.839   2.365   1.844  -0.006  -0.020   0.000 01T041M000t
