   confID        vdw0    sas     sum
MET01A0032_001   0.475 -11.884 -11.409
MET01A0032_002   1.391 -11.466 -10.075
MET01A0032_003   0.340 -12.052 -11.712
MET01A0032_004   0.003 -11.976 -11.973
MET01A0032_005   1.331 -11.722 -10.391
MET01A0032_006   0.557 -11.852 -11.295
MET01A0032_007   0.521 -11.629 -11.108
MET01A0032_008   0.556 -11.596 -11.040
MET01A0032_009   7.080 -11.188  -4.107
MET01A0032_010   0.483 -11.572 -11.090
MET01A0032_011   0.430 -11.821 -11.390
MET01A0032_012   1.428 -11.642 -10.214
MET01A0032_013   1.462 -11.833 -10.371
MET01A0032_014   0.071 -11.708 -11.636
MET01A0032_015   0.258 -12.011 -11.753
MET01A0032_016   6.539 -10.954  -4.416
MET01A0032_017   0.594 -11.368 -10.773
MET01A0032_018   1.057 -11.332 -10.275
MET01A0032_019   0.302 -11.842 -11.540
MET01A0032_020   0.309 -12.148 -11.839
