CONFORMER         crg  vdw0  vdw1  tors  epol  self   occ  Hb     history    ASA
LYS01A0016_001  0.000-10.21  1.09  2.73  0.00 -6.40 0.502  00  01O000M000  1.000
LYS01A0016_002  0.000 -7.21  2.93  2.86  0.00 -1.43 0.502  00  01E017M000  1.000
LYS01A0016_003  0.000-11.41  1.58  3.04  0.00 -6.79 0.502  00  01E05AM000  1.000
LYS01A0016_004  0.000-11.29  3.24  1.61  0.00 -6.44 0.501  00  01E06CM000  1.000
LYS01A0016_005  0.000 -7.32  0.98  2.50  0.00 -3.84 0.502  00  01E082M000  1.000
LYS01A0016_006  0.000 -7.53  2.92  3.43  0.00 -1.18 0.502  00  01E095M000  1.000
LYS01A0016_007  0.000 -8.79  0.76  2.60  0.00 -5.43 0.502  00  01E09FM000  1.000
LYS01A0016_008  0.000 -9.28  0.77  2.32  0.00 -6.19 0.502  00  01E0A1M000  1.000
LYS01A0016_009  0.000-11.03  5.97  2.19  0.00 -2.87 0.502  00  01E0C1M000  1.000
LYS01A0016_010  0.000-10.43  1.10  2.53  0.00 -6.81 0.502  00  01T03BM000  1.000
LYS01A0016_011  0.000-10.16  0.93  2.04  0.00 -7.20 0.502  00  01T04EM000  1.000
LYS01A0016_012  0.000-11.19  5.63  2.15  0.00 -3.41 0.502  00  01T053M000  1.000
LYS01A0016_013  0.000-10.92  2.26  4.40  0.00 -4.25 0.502  00  01T060M000  1.000
LYS01A0016_014  0.000 -7.30  1.15  2.85  0.00 -3.30 0.502  00  01T08BM000  1.000
LYS01A0016_015  0.000 -7.73  1.84  2.82  0.00 -3.06 0.502  00  01T098M000  1.000
LYS01A0016_016  0.000-10.08  4.06  2.50  0.00 -3.52 0.502  00  01T0B6M000  1.000
LYS01A0016_017  0.000 -9.36  1.46  3.30  0.00 -4.60 0.502  00  01T0CAM000  1.000
LYS01A0016_018  0.000 -9.85  2.75  2.69  0.00 -4.41 0.502  00  01T0F2M000  1.000
LYS01A0016_019  0.000 -9.83  3.62  3.14  0.00 -3.07 0.501  00  01T109M000  1.000
LYS+1A0016_020  1.000-10.28  1.08  2.73  0.00 -6.47 0.502  00  +1O000M000  1.000
LYS+1A0016_021  1.000 -7.33  2.92  2.91  0.00 -1.51 0.502  00  +1E017M000  1.000
LYS+1A0016_022  1.000-10.68  1.10  2.60  0.00 -6.98 0.502  00  +1E03BM000  1.000
LYS+1A0016_023  1.000-10.19  0.92  2.09  0.00 -7.18 0.502  00  +1E04EM000  1.000
LYS+1A0016_024  1.000-11.29  5.77  2.21  0.00 -3.31 0.502  00  +1E053M000  1.000
LYS+1A0016_025  1.000-11.38  3.26  1.66  0.00 -6.46 0.501  00  +1E06CM000  1.000
LYS+1A0016_026  1.000 -7.59  2.97  3.48  0.00 -1.13 0.502  00  +1E095M000  1.000
LYS+1A0016_027  1.000 -9.37  0.77  2.39  0.00 -6.20 0.502  00  +1E0A1M000  1.000
LYS+1A0016_028  1.000-10.00  2.74  2.76  0.00 -4.51 0.502  00  +1E0F2M000  1.000
LYS+1A0016_029  1.000-10.01  3.53  3.21  0.00 -3.27 0.501  00  +1E109M000  1.000
LYS+1A0016_030  1.000-11.50  1.59  3.06  0.00 -6.86 0.502  00  +1T05AM000  1.000
LYS+1A0016_031  1.000-11.04  2.27  4.46  0.00 -4.30 0.502  00  +1T060M000  1.000
LYS+1A0016_032  1.000 -7.35  0.98  2.51  0.00 -3.86 0.502  00  +1T082M000  1.000
LYS+1A0016_033  1.000 -7.34  1.15  2.87  0.00 -3.31 0.502  00  +1T08BM000  1.000
LYS+1A0016_034  1.000 -7.65  3.00  2.88  0.00 -1.77 0.502  00  +1T099M000  1.000
LYS+1A0016_035  1.000 -8.71  0.76  2.69  0.00 -5.27 0.502  00  +1T09FM000  1.000
LYS+1A0016_036  1.000-10.34  4.35  2.61  0.00 -3.38 0.502  00  +1T0B6M000  1.000
LYS+1A0016_037  1.000-11.12  6.25  2.22  0.00 -2.65 0.502  00  +1T0C1M000  1.000
LYS+1A0016_038  1.000 -9.35  1.44  3.33  0.00 -4.58 0.502  00  +1T0CAM000  1.000
