iConf CONFORMER     FL  occ    crg   Em0  pKa0 ne nH    vdw0    vdw1    tors    epol   dsolv   extra    history
00001 LYS01A0016_001 f 0.00  0.000     0  0.00  0  0 -10.211   1.085   2.728  -0.010  -0.600   0.000 01O000M000t
00002 LYS01A0016_002 f 0.00  0.000     0  0.00  0  0  -7.140   2.929   2.854  -0.002  -0.496   0.000 01E017M000t
00003 LYS01A0016_003 f 0.00  0.000     0  0.00  0  0 -11.410   1.581   3.045  -0.007  -0.530   0.000 01E05AM000t
00004 LYS01A0016_004 f 0.00  0.000     0  0.00  0  0 -11.286   3.229   1.605  -0.005  -0.529   0.000 01E06CM000t
00005 LYS01A0016_005 f 0.00  0.000     0  0.00  0  0  -7.321   0.983   2.497  -0.014  -0.536   0.000 01E082M000t
00006 LYS01A0016_006 f 0.00  0.000     0  0.00  0  0  -7.534   2.925   3.427  -0.012  -0.536   0.000 01E095M000t
00007 LYS01A0016_007 f 0.00  0.000     0  0.00  0  0  -8.792   0.758   2.599  -0.011  -0.514   0.000 01E09FM000t
00008 LYS01A0016_008 f 0.00  0.000     0  0.00  0  0  -9.274   0.767   2.322  -0.005  -0.560   0.000 01E0A1M000t
00009 LYS01A0016_009 f 0.00  0.000     0  0.00  0  0 -11.111   5.975   2.195  -0.011  -0.505   0.000 01E0C1M000t
00010 LYS01A0016_010 f 0.00  0.000     0  0.00  0  0 -10.436   1.093   2.529  -0.013  -0.495   0.000 01T03BM000t
00011 LYS01A0016_011 f 0.00  0.000     0  0.00  0  0 -10.163   0.930   2.038   0.001  -0.493   0.000 01T04EM000t
00012 LYS01A0016_012 f 0.00  0.000     0  0.00  0  0 -11.196   5.631   2.154  -0.019  -0.571   0.000 01T053M000t
00013 LYS01A0016_013 f 0.00  0.000     0  0.00  0  0 -10.914   2.263   4.407  -0.001  -0.508   0.000 01T060M000t
00014 LYS01A0016_014 f 0.00  0.000     0  0.00  0  0  -7.304   1.144   2.850  -0.006  -0.526   0.000 01T08BM000t
00015 LYS01A0016_015 f 0.00  0.000     0  0.00  0  0  -7.723   1.839   2.826  -0.006  -0.541   0.000 01T098M000t
00016 LYS01A0016_016 f 0.00  0.000     0  0.00  0  0 -10.076   4.050   2.505  -0.014  -0.541   0.000 01T0B6M000t
00017 LYS01A0016_017 f 0.00  0.000     0  0.00  0  0  -9.369   1.457   3.307  -0.007  -0.532   0.000 01T0CAM000t
00018 LYS01A0016_018 f 0.00  0.000     0  0.00  0  0  -9.853   2.747   2.689  -0.007  -0.556   0.000 01T0F2M000t
00019 LYS01A0016_019 f 0.00  0.000     0  0.00  0  0  -9.826   3.612   3.143   0.023  -0.432   0.000 01T109M000t
00020 LYS+1A0016_020 f 0.00  1.000     0 10.40  0  1 -10.281   1.082   2.728   0.099  -7.336   0.000 +1O000M000t
00021 LYS+1A0016_021 f 0.00  1.000     0 10.40  0  1  -7.329   2.916   2.906   0.031  -7.245   0.000 +1E017M000t
00022 LYS+1A0016_022 f 0.00  1.000     0 10.40  0  1 -10.678   1.095   2.602   0.052  -7.298   0.000 +1E03BM000t
00023 LYS+1A0016_023 f 0.00  1.000     0 10.40  0  1 -10.196   0.927   2.090   0.074  -7.215   0.000 +1E04EM000t
00024 LYS+1A0016_024 f 0.00  1.000     0 10.40  0  1 -11.246   5.777   2.212   0.158  -7.291   0.000 +1E053M000t
00025 LYS+1A0016_025 f 0.00  1.000     0 10.40  0  1 -11.375   3.262   1.655   0.015  -7.321   0.000 +1E06CM000t
00026 LYS+1A0016_026 f 0.00  1.000     0 10.40  0  1  -7.579   2.972   3.486   0.070  -7.265   0.000 +1E095M000t
00027 LYS+1A0016_027 f 0.00  1.000     0 10.40  0  1  -9.366   0.773   2.390   0.080  -7.343   0.000 +1E0A1M000t
00028 LYS+1A0016_028 f 0.00  1.000     0 10.40  0  1  -9.997   2.739   2.757   0.031  -7.317   0.000 +1E0F2M000t
00029 LYS+1A0016_029 f 0.00  1.000     0 10.40  0  1 -10.008   3.527   3.214   0.380  -7.021   0.000 +1E109M000t
00030 LYS+1A0016_030 f 0.00  1.000     0 10.40  0  1 -11.505   1.592   3.060   0.037  -7.311   0.000 +1T05AM000t
00031 LYS+1A0016_031 f 0.00  1.000     0 10.40  0  1 -11.042   2.273   4.463   0.092  -7.332   0.000 +1T060M000t
00032 LYS+1A0016_032 f 0.00  1.000     0 10.40  0  1  -7.354   0.981   2.510   0.087  -7.307   0.000 +1T082M000t
00033 LYS+1A0016_033 f 0.00  1.000     0 10.40  0  1  -7.346   1.147   2.876   0.051  -7.314   0.000 +1T08BM000t
00034 LYS+1A0016_034 f 0.00  1.000     0 10.40  0  1  -7.662   2.999   2.878  -0.013  -7.306   0.000 +1T099M000t
00035 LYS+1A0016_035 f 0.00  1.000     0 10.40  0  1  -8.724   0.756   2.688   0.046  -7.339   0.000 +1T09FM000t
00036 LYS+1A0016_036 f 0.00  1.000     0 10.40  0  1 -10.337   4.352   2.614   0.015  -7.326   0.000 +1T0B6M000t
00037 LYS+1A0016_037 f 0.00  1.000     0 10.40  0  1 -11.124   6.273   2.218   0.100  -7.321   0.000 +1T0C1M000t
00038 LYS+1A0016_038 f 0.00  1.000     0 10.40  0  1  -9.361   1.443   3.328   0.022  -7.337   0.000 +1T0CAM000t
