   confID        vdw0    sas     sum
LYS01A0016_001   1.947 -12.158 -10.211
LYS01A0016_002   5.050 -12.190  -7.140
LYS01A0016_003   0.943 -12.354 -11.410
LYS01A0016_004   1.160 -12.446 -11.286
LYS01A0016_005   5.174 -12.495  -7.321
LYS01A0016_006   4.436 -11.971  -7.534
LYS01A0016_007   3.429 -12.222  -8.792
LYS01A0016_008   2.562 -11.836  -9.274
LYS01A0016_009   1.586 -12.698 -11.111
LYS01A0016_010   1.960 -12.396 -10.436
LYS01A0016_011   1.914 -12.078 -10.163
LYS01A0016_012   1.139 -12.335 -11.196
LYS01A0016_013   1.975 -12.889 -10.914
LYS01A0016_014   4.744 -12.047  -7.304
LYS01A0016_015   4.582 -12.305  -7.723
LYS01A0016_016   2.229 -12.305 -10.076
LYS01A0016_017   2.978 -12.347  -9.369
LYS01A0016_018   2.333 -12.186  -9.853
LYS01A0016_019   2.215 -12.041  -9.826
LYS+1A0016_020   1.877 -12.158 -10.281
LYS+1A0016_021   4.912 -12.242  -7.329
LYS+1A0016_022   1.901 -12.580 -10.678
LYS+1A0016_023   1.843 -12.039 -10.196
LYS+1A0016_024   1.067 -12.313 -11.246
LYS+1A0016_025   1.127 -12.501 -11.375
LYS+1A0016_026   4.392 -11.971  -7.579
LYS+1A0016_027   2.453 -11.820  -9.366
LYS+1A0016_028   2.292 -12.289  -9.997
LYS+1A0016_029   2.165 -12.173 -10.008
LYS+1A0016_030   0.900 -12.405 -11.505
LYS+1A0016_031   1.898 -12.940 -11.042
LYS+1A0016_032   5.141 -12.495  -7.354
LYS+1A0016_033   4.702 -12.047  -7.346
LYS+1A0016_034   4.666 -12.328  -7.662
LYS+1A0016_035   3.501 -12.225  -8.724
LYS+1A0016_036   2.187 -12.524 -10.337
LYS+1A0016_037   1.544 -12.669 -11.124
LYS+1A0016_038   3.105 -12.466  -9.361
