CONFORMER         crg  vdw0  vdw1  tors  epol  self   occ  Hb     history    ASA
TYR01A0027_001  0.000-10.54 -0.36  0.40  0.00-10.50 0.551  00  01O000M000  1.000
TYR01A0027_002  0.000-10.71  0.48  2.38  0.00 -7.86 0.551  00  01E001M000  1.000
TYR01A0027_003  0.000-10.60 -0.01  0.37  0.00-10.23 0.548  00  01E002M000  1.000
TYR01A0027_004  0.000-10.56  3.53  2.38  0.00 -4.65 0.555  00  01E005M000  1.000
TYR01A0027_005  0.000-10.74  2.80  2.37  0.00 -5.57 0.548  00  01E009M000  1.000
TYR01A0027_006  0.000-10.33  2.16  2.37  0.00 -5.80 0.549  00  01T003M000  1.000
TYR01A0027_007  0.000 -9.97  0.85  2.37  0.00 -6.76 0.550  00  01T006M000  1.000
TYR01A0027_008  0.000-11.55  0.15  0.35  0.00-11.05 0.550  00  01T007M000  1.000
TYR01A0027_009  0.000-11.23  3.63  0.28  0.00 -7.33 0.548  00  01T008M000  1.000
TYR01A0027_010  0.000-10.45  3.20  0.40  0.00 -6.85 0.551  00  01T004M000  1.000
TYR-1A0027_011 -1.000-10.54 -0.36  0.40  0.00-10.50 0.551  00  -1O000M000  1.000
TYR-1A0027_012 -1.000-10.71  0.48  2.37  0.00 -7.87 0.551  00  -1E001M000  1.000
TYR-1A0027_013 -1.000-10.44  3.52  2.37  0.00 -4.55 0.555  00  -1E005M000  1.000
TYR-1A0027_014 -1.000-10.12  0.86  2.36  0.00 -6.91 0.550  00  -1E006M000  1.000
TYR-1A0027_015 -1.000-11.50  0.16  0.35  0.00-10.99 0.550  00  -1E007M000  1.000
TYR-1A0027_016 -1.000-10.71  0.01  0.37  0.00-10.33 0.548  00  -1T002M000  1.000
TYR-1A0027_017 -1.000-10.33  2.14  2.36  0.00 -5.83 0.549  00  -1T003M000  1.000
TYR-1A0027_018 -1.000-10.45  3.13  0.40  0.00 -6.92 0.551  00  -1T004M000  1.000
TYR-1A0027_019 -1.000-11.23  3.63  0.28  0.00 -7.32 0.548  00  -1T008M000  1.000
TYR-1A0027_020 -1.000-10.89  2.74  2.36  0.00 -5.79 0.548  00  -1T009M000  1.000
