iConf CONFORMER     FL  occ    crg   Em0  pKa0 ne nH    vdw0    vdw1    tors    epol   dsolv   extra    history
00001 TYR01A0027_001 f 0.00  0.000     0  0.00  0  0 -10.584  -0.360   0.396   0.036  -0.946   0.000 01O000M000t
00002 TYR01A0027_002 f 0.00  0.000     0  0.00  0  0 -10.716   0.477   2.377   0.085  -0.960   0.000 01E001M000t
00003 TYR01A0027_003 f 0.00  0.000     0  0.00  0  0 -10.592  -0.009   0.374   0.113  -0.944   0.000 01E002M000t
00004 TYR01A0027_004 f 0.00  0.000     0  0.00  0  0 -10.559   3.518   2.376   0.150  -0.904   0.000 01E005M000t
00005 TYR01A0027_005 f 0.00  0.000     0  0.00  0  0 -10.747   2.802   2.372   0.127  -0.934   0.000 01E009M000t
00006 TYR01A0027_006 f 0.00  0.000     0  0.00  0  0 -10.329   2.157   2.372   0.096  -1.095   0.000 01T003M000t
00007 TYR01A0027_007 f 0.00  0.000     0  0.00  0  0 -10.020   0.849   2.366   0.109  -1.042   0.000 01T006M000t
00008 TYR01A0027_008 f 0.00  0.000     0  0.00  0  0 -11.545   0.146   0.355   0.113  -0.948   0.000 01T007M000t
00009 TYR01A0027_009 f 0.00  0.000     0  0.00  0  0 -11.235   3.629   0.278   0.135  -0.959   0.000 01T008M000t
00010 TYR01A0027_010 f 0.00  0.000     0  0.00  0  0 -10.499   3.194   0.397   0.158  -0.956   0.000 01T004M000t
00011 TYR-1A0027_011 f 0.00 -1.000     0 10.20  0 -1 -10.584  -0.360   0.396  -0.103  -7.205   0.000 -1O000M000t
00012 TYR-1A0027_012 f 0.00 -1.000     0 10.20  0 -1 -10.716   0.481   2.370  -0.042  -7.217   0.000 -1E001M000t
00013 TYR-1A0027_013 f 0.00 -1.000     0 10.20  0 -1 -10.449   3.524   2.369   0.156  -7.153   0.000 -1E005M000t
00014 TYR-1A0027_014 f 0.00 -1.000     0 10.20  0 -1 -10.121   0.856   2.358  -0.021  -7.270   0.000 -1E006M000t
00015 TYR-1A0027_015 f 0.00 -1.000     0 10.20  0 -1 -11.492   0.156   0.348   0.007  -7.249   0.000 -1E007M000t
00016 TYR-1A0027_016 f 0.00 -1.000     0 10.20  0 -1 -10.711   0.006   0.369   0.019  -7.278   0.000 -1T002M000t
00017 TYR-1A0027_017 f 0.00 -1.000     0 10.20  0 -1 -10.332   2.139   2.366   0.040  -7.144   0.000 -1T003M000t
00018 TYR-1A0027_018 f 0.00 -1.000     0 10.20  0 -1 -10.588   3.129   0.397   0.220  -7.233   0.000 -1T004M000t
00019 TYR-1A0027_019 f 0.00 -1.000     0 10.20  0 -1 -11.230   3.628   0.278   0.031  -7.271   0.000 -1T008M000t
00020 TYR-1A0027_020 f 0.00 -1.000     0 10.20  0 -1 -10.886   2.740   2.362   0.043  -7.203   0.000 -1T009M000t
